744 744 256 0
256 256 256 0
968 968 32 1
32 968 32 12
984 922.74516600406093 16 2
984 890.74516600406093 16 11
992 8 8 3
992 868.11774900609146 8 10
969.37258300203052 16 16 2
922.74516600406093 984 16 11
32 32 32 1
924.11774900609146 32 32 12
4 996 4 4
996 996 4 9
890.74516600406093 984 16 2
16 77.254833995939038 16 11
992 24 8 3
992 852.11774900609146 8 10
998 879.4314575050762 2 5
16 998 2 8
999 1 1 6
20.686291501015241 999 1 7
32 437.01933598375615 32 1
32 904 32 12
984 46.627416997969519 16 2
16 109.25483399593904 16 11
868.11774900609146 992 8 3
8 165.49033200812192 8 10
4 4 4 4
906.74516600406093 996 4 9
437.01933598375615 32 32 1
96 968 32 12
968 91.882250993908571 32 1
32 501.01933598375615 32 12
391.76450198781708 16 16 2
77.254833995939038 16 16 11
968 155.88225099390857 32 1
32 565.01933598375615 32 12
8 936 8 3
8 131.88225099390857 8 10
109.25483399593904 16 16 2
16 391.76450198781708 16 11
968 219.88225099390857 32 1
160 968 32 12
998 860.11774900609146 2 5
998 16 2 8
67.777087639996637 469.01933598375615 16 2
77.254833995939038 48.000000000000007 16 11
407.76450198781708 4 4 4
4 176.80404050710669 4 9
8 369.13708498984755 8 3
992 836.11774900609146 8 10
999 882.74516600406093 1 6
914.74516600406093 999 1 7
992 123.88225099390857 8 3
346.50966799187808 8 8 10
912.57437415779589 123.88225099390857 32 1
32 840 32 12
4 414.39191898578662 4 4
996 62.627416997969519 4 9
32 776 32 1
224 968 32 12
47.999999999999993 77.254833995939038 16 2
952 922.74516600406093 16 11
12 998 2 5
879.4314575050762 998 2 8
992 187.88225099390857 8 3
8 147.88225099390857 8 10
996 906.74516600406093 4 4
335.19595949289334 4 4 9
128 992 8 3
8 533.01933598375615 8 10
910.74516600406093 999 1 6
999 873.77460325558388 1 7
984 265.13708498984761 16 2
922.74516600406093 952 16 11
32 712 32 1
501.01933598375615 32 32 12
32 629.01933598375615 32 1
860.11774900609146 32 32 12
2 928 2 5
2 380.45079348883235 2 8
892.11774900609146 67.777087639996637 16 2
469.01933598375615 67.777087639996637 16 11
362.50966799187808 8 8 3
8 808 8 10
996 938.74516600406093 4 4
93.254833995939038 4 4 9
968 562.98066401624385 32 1
565.01933598375615 32 32 12
968 310.39191898578667 32 1
288 968 32 12
984 608.23549801218292 16 2
952 265.13708498984761 16 11
8 661.01933598375615 8 3
64 992 8 10
352 968 32 1
968 498.98066401624385 32 12
968 374.39191898578667 32 1
796.11774900609146 32 32 12
932.22291236000342 530.98066401624385 16 2
984 419.64675298172574 16 11
399.76450198781708 1 1 6
403.76450198781708 1 1 7
998 35.313708498984759 2 5
998 844.11774900609146 2 8
416 968 32 1
629.01933598375615 32 32 12
946.74516600406093 4 4 4
4 192 4 9
469.01933598375615 8 8 3
8 872 8 10
984 451.64675298172574 16 2
750.86291501015239 16 16 11
480 968 32 1
693.01933598375615 32 32 12
544 968 32 1
853.00663789498037 95.603711359994023 32 12
956.287187078898 435.64675298172574 16 2
589.25483399593907 984 16 11
904.39628864000599 491.86955290513276 32 1
597.01933598375615 87.42562584220407 32 12
8 744 8 3
8 346.50966799187808 8 10
256 912.57437415779589 32 1
533.01933598375615 87.42562584220407 32 12
750.86291501015239 47.999999999999993 16 2
512 932.22291236000342 16 11
87.42562584220407 744 32 1
565.01933598375615 142.85125168440814 32 12
4 335.19595949289334 4 4
373.82337649086281 4 4 9
192 912.57437415779589 32 1
912.57437415779589 187.88225099390857 32 12
354.50966799187808 2 2 5
998 107.88225099390857 2 8
597.01933598375615 8 8 3
533.01933598375615 8 8 10
1 172.80404050710669 1 6
999 876.60303038032998 1 7
876.79728651779919 155.88225099390857 16 2
518.03546921409679 133.02698258330443 16 11
87.42562584220407 533.01933598375615 32 1
912.57437415779589 342.39191898578667 32 12
320 912.57437415779589 32 1
128 912.57437415779589 32 12
927.11111111111109 285.25034454359832 16 2
492.70296975585313 113.47539770641822 16 11
131.88225099390857 8 8 3
8 597.01933598375615 8 10
327.19595949289334 4 4 4
573.25483399593907 996 4 9
56 808 8 3
992 342.39191898578667 8 10
413.42135623730945 2 2 5
120 998 2 8
77.601356741100361 790.98386676965936 16 2
522.30138867260609 164.74136309394206 16 11
996 281.13708498984761 4 4
996 585.60808101421333 4 9
922.3986432588996 389.37578575544603 16 2
67.777087639996637 872 16 11
448 992 8 3
992 530.98066401624385 8 10
999 58.627416997969519 1 6
873.77460325558388 999 1 7
848.97066279780188 194.99336210501974 32 1
87.42562584220407 597.01933598375615 32 12
992 630.86291501015239 8 3
256 992 8 10
996 435.64675298172574 4 4
4 93.254833995939038 4 9
2 752 2 5
998 111.88225099390857 2 8
224 857.14874831559177 32 1
886.93092134915491 246.52023636219187 32 12
79.939883273748066 901.59841891675296 16 2
79.93988327374808 842.40158108324704 16 11
771.79215773858857 91.196837833505825 32 1
548.80239488351674 204.76256584709867 32 12
192 992 8 3
8 680 8 10
177.01613323034067 866.97301741669548 16 2
846.03071956988231 147.08348072532303 16 11
384 912.57437415779589 32 1
874.61411560644285 393.91879324295883 32 12
610.5276362802058 187.85119173023671 32 1
87.42562584220407 661.01933598375615 32 12
4 327.19595949289334 4 4
996 467.64675298172574 4 9
882.25988462982241 999 1 6
9.1715728752538102 999 1 7
798.74415701344969 155.32853994867526 32 1
848.97066279780188 335.28080787467559 32 12
661.01933598375615 8 8 3
165.49033200812192 8 8 10
172.47312574282785 819.18848976423874 32 1
142.85125168440814 629.01933598375615 32 12
99.491468150634262 867.7340805414907 16 2
612.00320275341551 133.02698258330443 16 11
560 998 2 5
980.68629150101526 2 2 8
594.31069517996639 249.76250589292724 32 1
231.11111111111111 793.54503695559777 32 12
111.65426378438571 838.13566162473774 16 2
546.4008138002697 252.70244912084675 16 11
728.23549801218292 8 8 3
384 992 8 10
554.64587302362179 299.98901167727939 32 1
142.85125168440814 693.01933598375615 32 12
996 397.01933598375621 4 4
996 824.80404050710672 4 9
661.01933598375615 87.42562584220407 32 1
179.58423685393899 755.58477840424473 32 12
892.11774900609146 8 8 3
149.49033200812192 8 8 10
999 898.74516600406093 1 6
999 902.74516600406093 1 7
914.63531835959952 420.41979945386953 16 2
728.36294498723817 70.754150148224809 16 11
2 541.01933598375615 2 5
941.08831175456851 2 2 8
4 357.82337649086281 4 4
192 4 4 9
238.22222222222226 729.94132559560376 32 1
823.32720998916091 253.63134747330301 32 12
992 646.86291501015239 8 3
320 992 8 10
131.20584866127189 863.4681610829814 16 2
803.36930605670148 209.9772288746791 16 11
656.03593657665544 232.85113177606527 32 1
142.85125168440814 565.01933598375615 32 12
352 857.14874831559177 32 1
198.27687752661222 597.01933598375615 32 12
828.11774900609146 8 8 3
8 469.01933598375615 8 10
715.64675298172563 4 4 4
4 61.254833995939038 4 9
2 880 2 5
379.48023074035518 2 2 8
288 857.14874831559177 32 1
672.25287767689485 170.93981761337471 32 12
398.98386676965936 866.97301741669548 16 2
194.56810362359835 709.98342166314433 16 11
852.11774900609146 992 8 3
611.88225099390854 992 8 10
912.74516600406093 999 1 6
1 377.62236636408613 1 7
472.88888888888891 904.39628864000599 32 1
219.25288563739642 668.81715468481275 32 12
403.52687425717215 819.18848976423874 32 1
281.67263872381614 682.95131276481152 32 12
109.31573725173799 786.71794731115006 16 2
520.7987702685856 901.45634541208653 16 11
61.254833995939038 4 4 4
176.80404050710669 4 4 9
512 992 8 3
836.11774900609146 992 8 10
725.16484729825743 102.59393926768563 16 2
889.08479223667428 439.68558816966606 16 11
176 998 2 5
208 998 2 8
627.88225099390854 992 8 3
502.43955127183136 151.26889431256473 8 10
320 801.72312247338766 32 1
639.81899547641603 294.76244593875577 32 12
270.22222222222223 765.71841323560045 16 2
859.1042976291576 285.63134747330298 16 11
766.86291501015239 4 4 4
996 475.64675298172574 4 9
1 383.76450198781708 1 6
89.254833995939038 1 1 7
643.88225099390854 992 8 3
162.22002363332919 885.86944937601584 8 10
527.13740650424938 238.38738225590919 8 3
492.78218089991748 71.142678448527136 8 10
996 816.80404050710672 4 4
938.74516600406093 996 4 9
72 998 2 5
998 326.39191898578667 2 8
697.80394567458268 71.712812921102042 8 3
152.17728953838565 784.71996741757505 8 10
999 914.74516600406093 1 6
999 934.74516600406093 1 7
701.54423687310509 277.85107182189381 32 1
262.7033021389903 621.82714185402051 32 12
655.19595949289328 996 4 4
824.80404050710672 996 4 9
424.31636622790296 886.52460229358167 16 2
742.68999869386835 129.36834997195544 16 11
95.843268470360641 806.57978471192473 8 3
22.461387483049872 673.15395938771258 8 10
2 186.34314575050763 2 5
998 139.88225099390857 2 8
56 936 8 3
283.21539030917347 817.43593539448977 8 10
816.80404050710672 996 4 4
996 242.5096679918781 4 9
513.02437607464503 186.87588448604066 8 3
363.52834017182869 818.84604119347568 8 10
401.76450198781708 1 1 6
999 38.627416997969519 1 7
998 638.86291501015239 2 5
844.11774900609146 2 2 8
811.01040424644884 386.80768213184774 32 1
717.7611779733445 215.93975765920328 32 12
996 808.80404050710672 4 4
663.19595949289328 996 4 9
921.74189226658166 226.81753848129057 8 3
93.412352055125424 822.53974368247236 8 10
780.36606400808466 232.22247230451705 16 2
285.59841891675296 737.65468976185048 16 11
772.60273910878459 201.17845860609356 16 2
188.45260842550849 550.03546921409679 16 11
268.0339786192705 822.48813680592195 8 3
494.43955127183136 137.41248785201367 8 10
808.80404050710672 996 4 4
996 658.17662350913713 4 9
168.90102354862228 524.70296975585313 16 2
889.87086457707449 294.43011774188858 16 11
157.49033200812192 2 2 5
55.597979746446654 2 2 8
999 29.65685424949238 1 6
368.16652224137044 1 1 7
836.65385705508982 445.44566750013098 32 1
325.12305522541004 635.96129993401928 32 12
720.16275905659154 167.9998743854552 16 2
131.30117935813831 763.46627349212963 16 11
829.46776477671278 129.71487316687376 8 3
961.19932162944986 459.13868636655542 8 10
344.09239181023588 697.08547084481029 32 1
685.32729577286568 339.76238598458434 32 12
996 666.17662350913713 4 4
671.19595949289328 996 4 9
91.215390309173486 928.287187078898 8 3
420.11173894555941 855.58824612699323 8 10
321.53910524340097 2 2 5
780.11774900609146 2 2 8
135.59135392998115 839.87224314071602 8 3
103.1384387633061 697.80394567458268 8 10
679.19595949289328 996 4 4
996 674.17662350913713 4 9
340.85281374238571 1 1 6
999 103.19595949289334 1 7
623.60205437617662 356.67376010144631 32 1
773.05014569509581 438.33455638901989 32 12
669.11035467262627 401.67370014727487 32 1
785.36695143780787 328.1696967635645 32 12
707.66824871197866 138.53994887216916 16 2
776.45666461772396 263.98277136492652 16 11
928.3119016527346 261.28040290672431 8 3
611.88225099390854 976 8 10
709.01933598375615 2 2 5
635.88225099390854 998 2 8
598.73647912667047 51.466601669866705 4 4
158.28285685708568 932.04097582766269 4 9
87.464849868823975 701.01931675219816 8 3
684.36073362378454 132.81633634041947 8 10
608.49378211528733 319.63675010751126 8 3
76.033978619270528 933.33938849033018 8 10
607.38511327593721 418.58507426413684 32 1
306.1537186405842 574.83712902322827 32 12
101.25483399593904 1 1 6
577.25483399593907 999 1 7
258.16029465147756 574.04261420156377 16 2
442.56640029653045 847.11545534631136 16 11
387.54280831182979 650.09545801401805 32 1
747.40669288645483 379.69657102073666 32 12
932.48286167809579 304.51545019724318 4 4
854.67262050346335 230.53893395754235 4 9
137.77176228764088 517.28885528778858 16 2
727.4487889539954 423.35068961936059 16 11
71.712812921102042 707.21539030917347 8 3
533.59841891675296 921.75829099578539 8 10
328 998 2 5
304 998 2 8
368.57347172700395 588.97128710322704 32 1
561.87681297948757 373.58513421830827 32 12
406.51214489665563 711.21962892480906 32 1
545.65987187924816 435.4964483809988 32 12
728.04524308401574 317.87227457505048 16 2
519.15886566833751 395.47524562784213 16 11
345.26482975169534 547.01050530323096 16 2
220.16698893614611 554.30138867260609 16 11
595.18695972279818 328.52092017650193 8 3
635.04849168472708 156.24853914804737 8 10
351.75151590945808 821.14960588612894 4 4
287.93930874037181 647.50094116022035 4 9
999 273.13708498984761 1 6
999 277.13708498984761 1 7
445.25649106759482 71.142678448527136 8 3
926.67886361149522 242.03681290353231 8 10
248 998 2 5
998 330.39191898578667 2 8
531.94941675401253 933.64445067279109 4 4
224 929.0667966602665 4 9
223.35683907664628 629.02824208131892 8 3
873.43169570926875 132.11940607774721 8 10
71.142678448527136 445.25649106759482 8 3
583.33588212910968 960.74132401020734 8 10
429.87162045539895 862.56998752251138 4 4
966.29137324279475 598.94009385883953 4 9
541.01933598375615 2 2 5
589.01933598375615 2 2 8
875.77460325558388 999 1 6
999 56.627416997969519 1 7
725.27973517011708 341.7124080893193 8 3
928.85732155147286 554.74350893240523 8 10
51.466601669866705 742.28285685708568 4 4
381.27613829527411 685.54582961860922 4 9
452.59305268444666 938.86481098666968 8 3
626.79931235042704 114.13055062398405 8 10
368 998 2 5
564 998 2 8
451.44414716871466 816.3715842420828 16 2
514.89294620982821 363.7608651172045 16 11
912.62995860030424 444.33587212970406 8 3
71.712812921102042 496.23472629292962 8 10
999 427.64675298172574 1 6
1 97.254833995939038 1 7
453.25649106759482 80.086950358526309 4 4
871.0772249395061 980.37066200510367 4 9
668.4508129340669 131.12092381041549 8 3
586.39766838400885 341.98248163611891 8 10
952.40202025355336 2 2 5
998 171.88225099390857 2 8
618.37334621218429 222.9858588791262 4 4
212.22509408138876 633.50978794860157 4 9
928.287187078898 87.097641303082042 8 3
601.25110271693995 305.36987956303813 8 10
1 101.25483399593904 1 6
999 439.64675298172574 1 7
256.04713035028431 833.08603605890141 8 3
440.70787287087478 928.15301838229834 8 10
924.50277304197903 305.07952941129059 4 4
84.957892550654677 882.23816109571976 4 9
998 334.39191898578667 2 5
2 477.01933598375615 2 8
389.55563907954172 528.50849976101051 32 1
652.89341357238686 463.5850143099654 32 12
473.63024711955887 839.43187411387646 16 2
747.31103179981233 292.32174845212523 16 11
532.02835909604471 346.95676962774462 8 3
653.14922260320168 135.79653428888497 8 10
591.1681721756978 480.49638842682737 32 1
449.96256139824953 664.22961609401682 32 12
208.0041933023947 524.70296975585313 16 2
728.16447373982055 455.34268541967504 16 11
177.07179945124821 719.67255683139354 4 4
106.89222751207078 627.30219284084183 4 9
600.18986781100557 289.3280885270101 8 3
832.71080169053812 61.135189013330354 8 10
1 331.19595949289334 1 6
983.51471862576147 1 1 7
998 68.284271247461902 2 5
812.11774900609146 2 2 8
307.58220598702644 713.42579921221829 8 3
766.64334513486415 130.86407530691363 8 10
426.65391942294093 622.26883429402073 16 2
700.10075026607058 439.96648872514442 16 11
596.87396886955969 316.64009528347606 4 4
661.01933598375615 48.492422502470646 4 9
66.621387483049872 819.96604061228743 8 3
635.38843926546053 127.62969499825633 8 10
912.61359818441588 83.882270225466499 8 3
820.82562187696624 71.846981617701658 8 10
257.71714314291432 948.5333983301332 4 4
65.971902762711267 915.91259093064525 4 9
860.11774900609146 998 2 5
116 998 2 8
977.37258300203052 1 1 6
999 830.46089475659903 1 7
343.47799308281219 515.06043152055031 16 2
367.40103378554448 739.04625264480637 16 11
485.3861423999607 85.330652740410997 8 3
928.10778714097682 440.2816368546442 8 10
731.19497394559755 19.629337994896332 4 4
502.35568806827752 163.26860126578194 4 9
714.84390056660675 402.92725237825266 8 3
322.83199975517482 538.48008102613846 8 10
2 756 2 5
803.14718625761429 998 2 8
999 900.74516600406093 1 6
935.4314575050762 1 1 7
517.65845412372698 339.92073160293569 8 3
941.29507521821995 404.17189535245745 8 10
602.27093970622911 968.81510644954813 4 4
816.71236195211031 351.26211027932516 4 9
269.32488382074769 544.05341700188171 16 2
700.81643505189572 471.95848452545886 16 11
499.29702826756278 382.00277684646477 8 3
462.39357619463618 860.638883014827 8 10
2 944 2 5
998 578.98066401624385 2 8
599.36970525419429 153.62400114703561 4 4
81.412645101908211 822.4558804789184 4 9
166.85125168440814 661.01933598375615 8 3
700.43556803375498 376.79939597851939 8 10
938.2598846298223 1 1 6
1 340.85281374238571 1 7
740.61406810962944 269.27504202078518 8 3
361.8682351785435 499.63969886414282 8 10
129.71714314291432 948.5333983301332 4 4
353.70855092037749 662.39354838484223 4 9
520 998 2 5
545.01933598375615 2 2 8
740.87875477083423 338.15283121889763 8 3
478.22005400243734 862.98890433370434 8 10
470.94472875078731 603.76682875180029 32 1
529.44293077900875 497.40776254368933 32 12
951.50757749752938 187.88225099390857 4 4
80.800418016226317 922.32662065135582 4 9
793.77975851731435 280.59332276293776 8 3
816.97140990651747 119.72282057703285 8 10
1 374.79393923933992 1 6
1 353.82337649086281 1 7
239.71857381303232 528.96888921436243 16 2
393.58252010351276 757.44543127272448 16 11
392 998 2 5
2 653.01933598375615 2 8
693.1376971847917 119.4385595950573 8 3
423.94730020009803 910.52176442303187 8 10
641.73548254637535 429.35782372676431 4 4
533.01933598375615 48.492422502470646 4 9
760.65681739170475 245.91720113771109 8 3
475.42829107768193 815.49932226655653 8 10
412.86428105485032 570.4692815610066 16 2
800.87676941509324 477.44566750013098 16 11
483.93463048255916 452.40782249786076 32 1
443.3205425191054 769.06400506604757 32 12
1 65.254833995939038 1 6
1 69.254833995939038 1 7
653.01933598375615 2 2 5
464 998 2 8
964.14359353944894 417.25444813631248 4 4
296.53755953044259 609.52905148319633 4 9
449.48753052012984 870.09583733678267 8 3
806.71044774180348 290.01655342867446 8 10
239.55631552419572 589.20480271878193 8 3
835.86254702062899 291.61641461168654 8 10
657.95242364661476 367.44650956407378 4 4
572.86504591573464 177.98591883329763 4 9
293.59841891675291 760.28210675981995 8 3
177.472639167458 649.05329537146872 8 10
477.01933598375615 2 2 5
2 461.01933598375615 2 8
382.3086578651014 1 1 6
902.74516600406093 999 1 7
779.48979673271072 287.79033549007454 8 3
492.00661764007026 854.86913444376921 8 10
67.959024172337365 566.73647912667047 4 4
434.02639175707378 904.00932145697834 4 9
814.08940462627663 86.359850980839738 8 3
431.26490360210033 598.71594010032254 8 10
488.11485196991401 403.23857052714226 16 2
569.75929700691177 523.45753440790349 16 11
372 998 2 5
2 669.01933598375615 2 8
813.63601919487905 188.10402531150879 4 4
222.28285685708568 893.10777248792908 4 9
408.25329687569092 594.02217575470479 8 3
271.2493496968861 806.81454791143983 8 10
85.254833995939038 1 1 6
172.80404050710669 1 1 7
421.55597162268879 926.34205353653624 8 3
111.32109701103327 810.63401998698464 8 10
497.64250971103087 94.094970852728878 4 4
663.88164650863405 267.98579892495474 4 9
2 792 2 5
2 760 2 8
824.11852002362184 483.43073463851454 8 3
436.41882560499283 583.56875924089854 8 10
912.03041945141717 65.910123329718175 4 4
630.73647912667047 67.959024172337365 4 9
210.82842712474618 999 1 6
173.17157287525382 999 1 7
701.01931675219816 87.386401815584165 8 3
366.86243478049857 803.19727724419079 8 10
467.71768938231975 514.31913666055129 32 1
315.19683783350587 749.81748539560192 16 2
301.7334322478215 527.04109290927886 16 11
2 856 2 5
816.11774900609146 2 2 8
177.472639167458 672.98537659604358 8 3
87.386401815584165 493.01935521531408 8 10
702.64993687111178 388.59331689788047 4 4
566.73647912667047 106.89222751207078 4 9
497.62590549080926 839.88835996277066 8 3
244.10407908174156 552.56480715662781 8 10
999 471.64675298172574 1 6
762.86291501015239 1 1 7
998 115.88225099390857 2 5
585.01933598375615 2 2 8
352 896.08195165532527 4 4
304.95867673778622 732.63668048494389 4 9
376.0628397054362 790.10710729811353 8 3
945.34213137413099 457.00572663730077 8 10
623.23044064848784 154.16679235632543 4 4
51.466601669866705 598.73647912667047 4 9
453.01933598375615 2 2 5
481.01933598375615 2 2 8
776.88710973800232 478.15010243492316 8 3
127.2064284931331 739.81816542079468 8 10
97.254833995939038 1 1 6
934.74516600406093 999 1 7
745.7453231438667 327.1839428399141 4 4
918.01309214826699 267.43950371696332 4 9
549.01933598375615 2 2 5
820.11774900609146 2 2 8
140.29210972481377 795.43176002194627 8 3
723.7789684711114 478.93860336194047 8 10
51.466601669866705 531.30219284084183 4 4
204.60112131697585 635.93363598168651 4 9
930.74516600406093 999 1 6
999 930.74516600406093 1 7
739.58448838442212 476.45152872093354 8 3
470.71596771502414 91.717042543221808 8 10
840.00839215964345 485.3047579843896 8 3
182.55460465321991 688.15685071036501 8 10
448 951.50757749752938 4 4
318.85638520885436 671.41167153861045 4 9
776.11774900609146 2 2 5
2 613.01933598375615 2 8
508.45548588708044 420.8051699156714 8 3
153.63089671829562 872.37030500174365 8 10
999 912.74516600406093 1 6
830.46089475659903 999 1 7
708.1474391577525 367.6055369537761 4 4
225.46110335465448 514.94303679361872 4 9
998 408.333044482741 2 5
112 998 2 8
234.16050082523279 574.14209433899657 8 3
933.33938849033018 71.916229613179084 8 10
842.35581476075129 409.9000956476084 4 4
983.0557280900008 638.86291501015239 4 9
908.23325268291251 531.68509895103603 8 3
38.448952968811767 672.52328527339114 8 10
1 183.51471862576145 1 6
1 180.80404050710669 1 7
264 998 2 5
739.54920651116765 2 2 8
948.5333983301332 344.109062128701 4 4
860.11774900609146 983.0557280900008 4 9
506.26821874139864 882.3549561349746 8 3
125.90765454757465 804.05888962834024 8 10
813.57994469857965 102.35173800464248 8 3
157.48100890402083 503.59412645459457 8 10
312.51120248967032 729.99862158356814 4 4
321.71714314291432 837.68214664572497 4 9
447.12967043660728 562.09138037398191 16 2
454.50556888576227 712.01414374647356 16 11
998 253.82337649086284 2 5
2 420.04877323527899 2 8
999 142.71067811865476 1 6
999 32.485281374238568 1 7
494.95946949106224 871.03629056022532 8 3
192.92510689473718 638.70323653260982 8 10
723.88701898196177 122.55307639317462 4 4
881.22896364349344 210.97466450966925 4 9
2 688 2 5
48 998 2 8
423.83442152579403 549.12318079183183 8 3
490.07127660017778 821.94780852210351 8 10
544.42679754866811 543.00911928478968 16 2
111.33142861660846 491.3958739255458 16 11
631.13640700779672 138.85111298707517 4 4
589.03151186099183 318.21992694183842 4 9
846.94617613083767 1 1 6
999 812.80404050710672 1 7
91.687096989923219 477.60818974941185 8 3
155.43520825305984 856.47236614522774 8 10
958.05887450304579 2 2 5
844.11774900609146 998 2 8
724.96297595176736 148.58447024958235 4 4
569.72252291146606 408.71980136719776 4 9
659.19595949289328 999 1 6
812.80404050710672 999 1 7
441.21668317140904 474.29793390739462 16 2
512.43480174835361 542.29343449896464 16 11
439.61584230134048 725.36689785344197 4 4
211.16525429814598 823.51440124643136 4 9
483.12719032784958 641.86653518011019 8 3
389.65749015865163 781.66995854661639 8 10
619.88225099390854 998 2 5
2 525.01933598375615 2 8
760.97570915172957 476.46863540189526 8 3
469.55023033536406 800.61817977313149 8 10
503.37414171796127 171.20350845890309 4 4
930.78913890737294 218.93418080700661 4 9
65.254833995939038 1 1 6
999 443.64675298172574 1 7
697.83469090686299 103.06626655432548 8 3
473.1095480130441 696.8519552292554 8 10
2 139.88225099390857 2 5
200 998 2 8
594.64959062809442 964.74132401020734 4 4
644.87800555064393 198.62394119286418 4 9
506.97896729593947 345.39325945531914 4 4
289.54446860019823 542.89761097589485 4 9
998 481.30360723121811 2 5
998 135.88225099390857 2 8
999 654.17662350913713 1 6
331.19595949289334 1 1 7
484.04308269943834 685.1704390921517 8 3
819.83547378447156 307.87386055912225 8 10
618.54304430194873 452.81226484733793 4 4
273.30739183782077 721.87715340965167 4 9
417.42135623730945 2 2 5
876.11774900609146 2 2 8
131.36351040076568 824.44093279154379 8 3
756.42897386248922 230.48589078853885 8 10
667.19595949289328 999 1 6
999 670.17662350913713 1 7
116.94837820289406 877.49401350372511 4 4
500.41348374212663 349.96430153613761 4 9
485.37670814316522 802.96820109200871 8 3
739.42616635261174 182.31494125039276 8 10
998 72.284271247461902 2 5
998 591.26493526370575 2 8
781.04103995561525 366.86182531888261 4 4
435.6740961905686 732.32840901110126 4 9
443.98219108530776 450.45780039312581 8 3
593.56686113205978 520.42440229291674 8 10
675.19595949289328 999 1 6
719.64675298172563 1 1 7
923.87994361176141 455.71294720381644 8 3
489.52373397764234 670.13839127534641 8 10
350.28285685708568 932.04097582766269 4 4
650.97692650242755 328.98963652195687 4 9
440 998 2 5
880.11774900609146 2 2 8
521.24883290353807 227.93153695536051 4 4
759.36780537368406 140.40695334152602 4 9
478.50536271200701 711.91466360904076 8 3
360.12621752980891 788.68440788105272 8 10
649.53910524340097 999 1 6
706.19090885900994 1 1 7
998 944.40202025355336 2 5
998 195.88225099390857 2 8
734.12737808564862 254.64894026629204 8 3
403.09937487279842 609.16935661412879 8 10
123.38465001454144 595.30219284084183 4 4
745.18804647918921 465.84020756480174 4 9
115.81792472765734 510.88616260082057 4 4
120.52755002323842 729.84858256169889 4 9
2 952 2 5
581.01933598375615 2 2 8
579.25483399593907 999 1 6
999 321.70562748477141 1 7
485.55294503629011 658.81439749297283 4 4
72.819251200394476 921.77800762028153 4 9
343.48164777276264 737.0808079695388 8 3
471.07110322054399 563.76702838363099 8 10
998 249.82337649086284 2 5
998 404.333044482741 2 8
301.17157287525379 999 1 6
999 275.13708498984761 1 7
980.01502918156302 631.46331028096415 4 4
778.75210340075728 402.78898453649731 4 9
347.56170754633314 752.55184905422641 8 3
609.02348768190132 516.29007094447184 8 10
56 998 2 5
240 998 2 8
401.05990614116047 33.708626757205273 4 4
901.99491259426077 89.471860222723151 4 9
431.93967057344798 496.43245529949326 8 3
855.36153867893643 480.80132685278329 8 10
555.31370849898474 999 1 6
999 54.627416997969519 1 7
621.62326375075031 506.42875039320381 8 3
486.73764937739634 567.01654088787154 8 10
936.49530486083688 252.50362035651713 4 4
58.89450626287519 55.930848979427523 4 9
2 696 2 5
998 679.83347775862956 2 8
410.97298553670771 484.75349479052102 16 2
509.3704839708027 575.00120107272016 16 11
753.42649014688925 150.83291964570407 8 3
481.71853667755767 551.82415767435566 8 10
122.28998539001684 815.5005883600171 4 4
505.91248743131217 337.4646643276597 4 9
360.45924564844199 762.02040284583848 8 3
867.72145613841394 470.64099022475261 8 10
566.82842712474621 999 1 6
1 89.254833995939038 1 7
2 481.01933598375615 2 5
2 581.01933598375615 2 8
256.11614869768835 821.08623454105452 4 4
61.130559463309822 946.84791959748236 4 9
369.32662245474654 775.59423793497547 8 3
270.9266571570144 789.70807291269148 8 10
999 429.64675298172574 1 6
898.74516600406093 999 1 7
2 796 2 5
998 595.26493526370575 2 8
126.35882918193749 661.01933598375615 4 4
516.81238807669286 221.27436358384927 4 9
587.42135838645527 285.09714949585009 4 4
286.28285685708568 932.04097582766269 4 9
510.65567677531163 598.96676552372446 8 3
479.49864740084735 788.08705859858367 8 10
204 998 2 5
998 546.98066401624385 2 8
999 169.05382386916239 1 6
1 99.254833995939038 1 7
943.48945821977145 65.51497313593336 4 4
824.0290226094653 289.62450597663502 4 9
744.14299215646167 167.02600556682947 8 3
525.43337894165927 592.83329027043419 8 10
998 390.39191898578667 2 5
2 408.73506473629425 2 8
888.04982601912252 87.359018151876455 4 4
12 357.82337649086281 4 9
533.07201667651509 578.77444204038216 8 3
755.0251859533289 178.75536437997113 8 10
985.51471862576147 1 1 6
807.4314575050762 1 1 7
345.81046847675208 768.45572159273638 8 3
960.74132401020734 52.546368864798922 8 10
28 93.254833995939038 4 4
89.254833995939038 32 4 9
998 542.98066401624385 2 5
268 998 2 8
574.57961734776961 339.90073484439699 4 4
709.85442458349189 413.84078202790863 4 9
999 820.80404050710672 1 6
722.57864376269049 1 1 7
998 948.40202025355336 2 5
998 622.86291501015239 2 8
99.313476906080325 38.543982182605973 8 3
427.79179327394291 511.88545222268749 8 10
799.20962931547149 67.86698030434772 4 4
169.20275655650676 721.11414065508166 4 9
430.03205935177812 527.72783865593988 8 3
530.17663987549872 563.03859782470261 8 10
999 576.15223689149764 1 6
1 67.254833995939038 1 7
2 984 2 5
400 998 2 8
162.31785335427486 598.73647912667047 4 4
331.38972524196572 600.51092832942811 4 9
410.62803146827889 746.98356995106531 4 4
556.81780290525967 469.72363896419989 4 9
2 609.01933598375615 2 5
2 824 2 8
466.82842712474621 999 1 6
365.17157287525379 999 1 7
932.6227892156511 429.16341953954884 4 4
756.14099996456309 166.80735370486988 4 9
2 403.07821048680182 2 5
184 998 2 8
871.18804225239649 301.56819521306466 4 4
178.81027585674551 627.30219284084183 4 9
1 671.84776310850236 1 6
87.254833995939038 1 1 7
828.11774900609146 48.492422502470646 4 4
738.86291501015239 31.999999999999996 4 9
840.11774900609146 2 2 5
52 998 2 8
1 787.31370849898474 1 6
1 762.82842712474621 1 7
752.05576684130631 272.89271117834301 4 4
904.15632690711004 452.8327872127266 4 9
2 517.01933598375615 2 5
312 998 2 8
240.78575237796048 564.13679365070743 4 4
195.5655392585885 787.8430792499363 4 9
497.08456781755586 634.04402831786717 8 3
545.25196911677983 568.39905006933407 8 10
1 853.17157287525379 1 6
999 463.64675298172574 1 7
517.01933598375615 2 2 5
210.74516600406096 2 2 8
764.84289642152578 219.61171229254285 4 4
747.97873048355586 319.50202305023765 4 9
538.48328592105418 910.79753945447726 4 4
303.94853837443083 766.35458790114899 4 9
998 131.88225099390857 2 5
600.5685424949238 998 2 8
760.86291501015239 1 1 6
450.19090885900994 1 1 7
705.1151675297159 118.70357378807742 4 4
807.05437361481199 66.298545773369582 4 9
998 538.98066401624385 2 5
605.01933598375615 2 2 8
506.85957105657917 621.37716952505343 8 3
529.0322062418204 269.26540391401625 8 10
749.91653089643569 240.56498234551461 4 4
624.24018409585528 494.71757078108209 4 9
99.254833995939038 1 1 6
551.84776310850236 1 1 7
998 203.88225099390857 2 5
432 998 2 8
69.632722142024789 943.48945821977145 4 4
280.70443493479218 782.75141698269204 4 9
932.74516600406093 999 1 6
999 932.74516600406093 1 7
440.66238867159728 940.15293218147269 4 4
494.22234872077934 489.95721897428928 4 9
519.04015365197938 281.76175878421145 8 3
496.88036873668329 650.04272522528345 8 10
900.11774900609146 2 2 5
2 485.01933598375615 2 8
419.3259992076525 589.39667436914965 4 4
435.87992037408992 911.79163677222368 4 9
782.94617613083767 1 1 6
1 617.70562748477141 1 7
522.48142778748786 254.66789379611419 8 3
38.058642910141288 99.79881617854501 8 10
2 197.65685424949237 2 5
123.88225099390857 2 2 8
484.22776532813947 701.36695730392967 4 4
254.10505134891955 659.79903153104442 4 9
438.01113701073734 866.58978656453564 4 4
934.62023010703047 450.3607284116199 4 9
884.11774900609146 2 2 5
2 123.88225099390857 2 8
773.28932188134524 1 1 6
999 910.74516600406093 1 7
882.60500986696229 322.44606217282154 4 4
915.18990861291184 541.46287672881385 4 9
2 692 2 5
998 286.79393923933998 2 8
473.23460237708338 727.02158538324068 8 3
851.58505118345477 496.34925733231881 8 10
820.80404050710672 999 1 6
109.17157287525382 999 1 7
284.19615527706168 805.47608171320405 4 4
496.04534061034042 370.45173674698162 4 9
2 924 2 5
2 948 2 8
67.959024172337365 627.30219284084183 4 4
583.32246224371931 445.36172127793787 4 9
742.37763363591387 1 1 6
1 422.8772003600252 1 7
707.67110030417678 64.883518703126157 4 4
465.11733864199897 553.34816628917645 4 9
908.11774900609146 2 2 5
998 350.39191898578667 2 8
286.54140479255273 777.28060507954683 4 4
944.06915102057246 941.10549373712479 4 9
960.887301627792 1 1 6
955.23044737829957 1 1 7
272 998 2 5
998 235.88225099390857 2 8
948.5333983301332 122.16510785099425 4 4
586.4649852479879 214.62783874403775 4 9
433.30270425752025 455.93032824550926 4 4
631.97328554443743 259.62777878986628 4 9
684.85281374238571 998 2 5
180 998 2 8
999 441.64675298172574 1 6
67.254833995939038 1 1 7
748.93918104884551 248.50505711061697 4 4
644.1551423924401 148.43387902186723 4 9
244 998 2 5
836.11774900609146 2 2 8
999 487.66695551725911 1 6
999 484.13203435596432 1 7
102.87594359112887 473.27117329397976 4 4
588.2146423398633 531.1646887881858 4 9
2 585.01933598375615 2 5
2 155.88225099390857 2 8
878.94002708863547 355.22666468764072 4 4
809.34457264048376 75.337756378333523 4 9
999 662.17662350913713 1 6
420.24978336205567 1 1 7
431.59544638176737 919.76870229369024 4 4
791.28556143346259 194.04038113491745 4 9
2 201.65685424949237 2 5
998 354.39191898578667 2 8
384 951.50757749752938 4 4
318.28285685708568 948.5333983301332 4 9
999 75.112698372208087 1 6
873.28932188134524 1 1 7
456 998 2 5
2 649.01933598375615 2 8
63.471577797787518 62.492130574077706 4 4
337.79555298614247 759.52481292237223 4 9
2 605.01933598375615 2 5
998 294.39191898578667 2 8
578.19090885900994 1 1 6
569.25483399593907 999 1 7
517.59656078318665 265.62864533742237 4 4
150.37920906107325 883.92134510122685 4 9
916.94001849692336 302.47093904650723 4 4
414.1438673915336 604.4768961717167 4 9
2 820 2 5
461.01933598375615 2 2 8
581.25483399593907 999 1 6
999 256.65180361560903 1 7
64.883518703126157 697.34823567957937 4 4
741.52045744619397 149.33412502002176 4 9
2 988 2 5
645.01933598375615 2 2 8
481.62115548996655 96.724724601145098 4 4
544.28702369055156 916.30359320493312 4 9
999 401.50461735799479 1 6
999 411.16147160748721 1 7
246.82047301229301 691.96943591857985 4 4
831.01584519343305 493.25045487393305 4 9
308 998 2 5
2 545.01933598375615 2 8
494.93087362991258 362.52974436188453 4 4
371.9387866648089 758.52467144117497 4 9
999 246.99494936611666 1 6
235.31370849898477 999 1 7
317.53910524340097 2 2 5
2 55.597979746446654 2 8
583.92480945767113 324.37797781560676 4 4
843.26870509214041 370.82637972719817 4 9
1 87.254833995939038 1 6
1 576.33304448274089 1 7
2 800 2 5
496 998 2 8
960.07717884868714 33.70862675720528 4 4
862.16485229661623 490.6864127815698 4 9
823.31102558430234 495.40353517683758 4 4
868.91215790078138 429.46436509548141 4 9
2 301.25483399593907 2 5
2 864 2 8
900.74516600406093 999 1 6
999 431.64675298172574 1 7
243.94585681296513 827.17938402475818 4 4
633.88977261439686 394.22315657787487 4 9
139.88225099390857 2 2 5
998 358.39191898578667 2 8
321.72692815698412 526.53107199765111 4 4
839.62265884169369 497.29855679074882 4 9
999 598.09336238845196 1 6
999 387.56349186104046 1 7
518.24568908632284 881.61997032799479 4 4
704.71055223583016 396.32337927270555 4 9
186.34314575050763 2 2 5
48 2 2 8
461.79290364540657 730.63925454079856 4 4
66.266852126285329 926.36778608700661 4 9
1 361.82337649086281 1 6
999 549.80909114099006 1 7
2 521.01933598375615 2 5
944.40202025355336 998 2 8
596.2271822499257 384.35788368093574 4 4
506.94117052616201 870.37384033153694 4 9
733.89235226167534 1 1 6
999 620.03448788540618 1 7
313.53910524340097 2 2 5
2 920 2 8
129.0278359870708 783.33665119154 4 4
790.65803004821475 292.1801606130681 4 9
459.34197985514493 85.279909651319002 4 4
938.0306357091664 479.03480720327872 4 9
2 16 2 5
2 549.01933598375615 2 8
999 951.23044737829957 1 6
43.313708498984759 999 1 7
902.54440526015401 278.95816354875808 4 4
831.1862851179161 303.9803939710356 4 9
521.01933598375615 2 2 5
436 998 2 8
543.27244616994153 342.76505090213499 4 4
714.82397522295003 85.474758074587442 4 9
402.82842712474621 999 1 6
1 400.24978336205561 1 7
301.44320615162781 725.45048075505497 4 4
318.28285685708568 876.61534998545858 4 9
2 884 2 5
2 51.597979746446654 2 8
1 405.90663761154804 1 6
1 674.34314575050757 1 7
538.13909994400433 336.62919264719983 4 4
297.83171841169246 771.51060511828916 4 9
457.01933598375615 2 2 5
649.01933598375615 2 2 8
575.90291425240196 951.32054970318609 4 4
128.92277506049385 19.629337994896318 4 9
1 828.68629150101526 1 6
999 461.64675298172574 1 7
2 736 2 5
904.11774900609146 2 2 8
489.5076545038545 375.06244822928682 4 4
128.50810695592395 792.34404232793077 4 9
530.28986889675173 335.08336860584012 4 4
757.53508892260515 257.50403898784145 4 9
998 514.98066401624385 2 5
528 998 2 8
213.57359312880715 1 1 6
512.33304448274089 1 1 7
356.44746248755138 809.15784367173285 4 4
503.19076908921647 850.52002460811775 4 9
799.14718625761429 998 2 5
2 453.01933598375615 2 8
768.74951023744165 282.43811669787806 4 4
546.01958217976721 335.25151353658481 4 9
597.74011537017759 999 1 6
606.22539674441612 999 1 7
998 518.98066401624385 2 5
332 998 2 8
513.95569667240693 213.8017927932392 4 4
492.72089342888904 556.61457998522064 4 9
770.86291501015239 1 1 6
425.70562748477141 1 1 7
518.28499975299724 463.18057196048824 4 4
756.50968081758958 265.43805047120651 4 9
2 888 2 5
998 199.88225099390857 2 8
682.54059591511509 208.48921408980328 4 4
358.95731261686234 623.6632095631951 4 9
758.86291501015239 1 1 6
1 487.84776310850236 1 7
677.01933598375615 2 2 5
376 998 2 8
956.30679909220794 415.64676259750468 4 4
319.92756192558915 518.73605556628195 4 9
174.67415383126564 712.0403032008478 4 4
759.29078444027186 276.30658293086373 4 9
460 998 2 5
948.40202025355336 998 2 8
121.05382386916239 1 1 6
1 121.05382386916239 1 7
674.16936474685417 305.53519540138325 4 4
519.18871765959125 293.76083911295507 4 9
2 210.74516600406096 2 5
2 589.01933598375615 2 8
1 117.25483399593904 1 6
1 698.82842712474621 1 7
487.32080118123889 382.75775020811551 4 4
932.04097582766269 154.16510785099425 4 9
396 998 2 5
336 998 2 8
710.37467494290775 390.67380283201834 4 4
504.9165679976831 523.76032463390754 4 9
1 954.82842712474621 1 6
736.72077938642144 1 1 7
731.08012369311098 50.939586315519549 4 4
518.68873460888301 301.74519988567852 4 9
504 998 2 5
613.01933598375615 2 2 8
677.35353769567416 123.07471403070772 4 4
76.846164278668823 695.4297267549415 4 9
1 424.8772003600252 1 6
999 233.05382386916239 1 7
485.01933598375615 2 2 5
688.85281374238571 998 2 8
548.52032318549118 927.53209156340222 8 3
517.044429012764 313.63201018561062 8 10
218.2763654092571 759.91068988643735 4 4
583.71763941713948 537.78110509257704 4 9
357.40879253316439 776.99614019984301 4 4
875.48021164618467 308.31929007945689 4 9
609.01933598375615 2 2 5
2 860 2 8
274.82842712474621 999 1 6
999 80.568542494923804 1 7
583.4760123552461 948.74214222478031 4 4
525.92852773968514 321.69878090320998 4 9
2 816 2 5
2 728 2 8
69.254833995939038 1 1 6
1 158.71067811865476 1 7
968 910.74516600406093 4 4
136.99726927434551 782.63798597866776 4 9
525.01933598375615 2 2 5
524 998 2 8
35.862484203537413 111.59614159303655 4 4
951.32054970318609 59.979336741506579 4 9
422.24978336205567 1 1 6
999 77.112698372208087 1 7
161.84637935546567 724.25797819477782 4 4
512.81982987113872 205.88284042504196 4 9
998 803.14718625761429 2 5
795.14718625761429 998 2 8
178.85116548358255 661.0648201830337 4 4
503.8621942526695 862.99008078051759 4 9
999 297.22034611053289 1 6
999 289.62236636408619 1 7
309.53910524340097 2 2 5
197.65685424949237 2 2 8
412.77881491321131 675.76925732021789 4 4
282.9041275019386 790.44305871967128 4 9
1 981.17157287525379 1 6
1 990.82842712474621 1 7
206.74516600406096 2 2 5
144 998 2 8
515.9854944903135 233.95625842177492 4 4
136.88993305183183 18.905187774942412 4 9
336.87310277253448 747.09715126337414 4 4
637.2196207526016 144.44658174384401 4 9
791.14718625761429 998 2 5
301.25483399593907 2 2 8
1 85.254833995939038 1 6
493.17157287525379 999 1 7
33.70862675720528 401.05990614116047 4 4
638.64012692268295 116.07865489877319 4 9
2 645.01933598375615 2 5
998 799.14718625761429 2 8
576.98730170877923 542.10575008742046 4 4
279.78049991578541 797.80804009799283 4 9
912.80404050710672 1 1 6
1 298.42640687119285 1 7
980.37066200510367 871.0772249395061 4 4
804.97232957777385 119.87138458464472 4 9
16 2 2 5
2 457.01933598375615 2 8
19.629337994896321 128.92277506049385 4 4
177.94125502817189 637.06244889696632 4 9
999 361.22034611053289 1 6
142.71067811865476 1 1 7
669.01933598375615 2 2 5
998 175.88225099390857 2 8
887.74996125224379 316.31993164506673 4 4
320.4934298965681 730.53158089211786 4 9
999 616.23549801218292 1 6
999 600.09336238845196 1 7
998 683.83347775862956 2 5
2 732 2 8
566.73647912667047 67.959024172337365 4 4
144.18291809604963 848.24989347838994 4 9
937.50786942592231 936.52842220221248 4 4
972.95278186080884 874.07306441532523 4 9
500 998 2 5
998 522.98066401624385 2 8
50.828427124746192 1 1 6
183.51471862576145 1 1 7
911.38000174948343 456.27059491119695 4 4
33.355884036247915 119.19330919691001 4 9
201.65685424949237 2 2 5
692.85281374238571 998 2 8
658.18627205209225 124.90488001373325 4 4
742.55154951811414 243.68860993166786 4 9
180.80404050710669 1 1 6
1 514.19090885900994 1 7
983.0557280900008 860.11774900609146 4 4
732.18821192540304 152.01899570811102 4 9
2 12 2 5
2 205.65685424949237 2 8
1 917.17157287525379 1 6
1 551.84776310850236 1 7
106.89222751207078 566.73647912667047 4 4
493.28689424037981 548.63462741133958 4 9
136 998 2 5
2 305.25483399593907 2 8
910.74516600406093 968 4 4
571.43159442483602 944.68674996249331 4 9
999 953.23044737829957 1 6
429.17157287525379 999 1 7
673.01933598375615 2 2 5
2 309.25483399593907 2 8
932.71821098312751 231.66732480986261 4 4
565.60562795900648 939.20422182859102 4 9
401.55399519117168 783.24258946683437 4 4
16.944271909999159 139.88225099390857 4 9
12 2 2 5
2 313.25483399593907 2 8
1 48.769552621700463 1 6
642.19090885900994 1 1 7
867.22129825231457 482.63056244768751 4 4
28.072342423158741 125.2003207686281 4 9
2 321.53910524340097 2 5
2 317.25483399593907 2 8
143.84152295458733 879.31063361892166 4 4
295.39256960788936 720.21695446625336 4 9
117.25483399593904 1 1 6
999 459.64675298172574 1 7
140 998 2 5
305.25483399593907 2 2 8
188.17650328390675 530.03737515614262 4 4
934.61057678151326 421.41430987501292 4 9
999 510.29437251522859 1 6
215.57359312880715 1 1 7
919.81779459011545 67.742277375966523 4 4
443.67381475721629 732.26130569946861 4 9
998 179.88225099390857 2 5
76 998 2 8
635.88225099390854 983.0557280900008 4 4
719.16899432215746 352.03998506986403 4 9
604.22539674441612 999 1 6
999 206.71067811865476 1 7
696.85281374238571 998 2 5
80 998 2 8
192 951.50757749752938 4 4
933.26532872312453 929.74602967559588 4 9
128.27802047900863 727.86610741324603 4 4
815.17424811362275 491.43073463851454 4 9
998 687.83347775862956 2 5
998 795.14718625761429 2 8
1 890.82842712474621 1 6
681.70562748477141 1 1 7
254.28285685708568 876.61534998545858 4 4
870.05706682270738 458.87047949957957 4 9
998 791.14718625761429 2 5
998 691.83347775862956 2 8
951.23044737829957 999 1 6
338.82842712474621 999 1 7
578.5143107097249 332.93523499532768 4 4
942.6869671975951 247.43772285384594 4 9
998 695.83347775862956 2 5
998 990.34314575050757 2 8
934.36565293083959 471.92369609216757 4 4
138.17531687211667 744.68473379382704 4 9
487.84776310850236 1 1 6
615.84776310850236 1 1 7
511.79620573603455 864.01548888553316 4 4
97.663547683524342 467.20232423485925 4 9
998 986.34314575050757 2 5
800.89893434272051 73.624258178908846 2 8
713.09365359269418 119.28988440785349 4 4
466.60935082435572 737.02688607152982 4 9
1 723.31370849898474 1 6
530.82842712474621 999 1 7
984 998 2 5
990.34314575050757 998 2 8
863.37310607826021 498.59464411348864 4 4
315.21713494575141 512.2698451097923 4 9
627.32316703789934 145.88383656560271 4 4
125.80279224432523 533.31208080895669 4 9
751.15635052556559 324.59149560332384 2 5
904.8752829110972 284.48690747268267 2 8
788.31875913286808 999 1 6
1 448.33304448274089 1 7
967.3024566187845 879.73644014534204 4 4
169.4290195791221 504.70994046582865 4 9
667.19595949289328 991.52786404500046 2 5
882.04908795480731 202.85579106383318 2 8
1 642.19090885900994 1 6
1 296.42640687119285 1 7
628.4826462647203 980.01502918156302 4 4
745.31473995332317 192.77078655094138 4 9
807.63616038194857 188.14518627480987 2 5
55.597979746446654 5.9999999999999991 2 8
645.17781302916887 120.6893663810784 4 4
116.58493151308774 722.88756544611749 4 9
900.68652309391962 961.45601781739401 8 3
477.28883765214323 742.49941392391327 8 10
45.171572875253808 1 1 6
1 18.828427124746192 1 7
450.09293193326738 440.13022341258107 4 4
521.47324475965286 604.16101454587908 4 9
70.882712875481857 697.24990317033973 2 5
528.61522739642362 534.40712827568882 2 8
508.71722946254198 856.63172933451381 4 4
453.91039400881112 732.00528595660865 4 9
1 213.57359312880715 1 6
1 9.1715728752538102 1 7
538.89419583826577 930.24090538037058 2 5
719.56248273071958 439.53111526743061 2 8
767.77216038985148 290.37819146298045 4 4
317.02921105394722 720.82540023292029 4 9
999 955.23044737829957 1 6
18.828427124746192 1 1 7
370.94890327461644 828.9186391289586 2 5
356.6831140794348 892.33115940314713 2 8
688.46159423386518 456.23086841998605 4 4
48.020455609502818 679.76112591817218 4 9
109.96773298128198 707.67110030417678 4 4
872.1971151954499 451.16203004704226 4 9
165.00399231493159 853.56747861259089 2 5
950.84725154829903 53.998033467421536 2 8
9.1715728752538102 1 1 6
1 46.769552621700463 1 7
51.466601669866705 659.30219284084183 4 4
409.54122445970762 783.69443967635414 4 9
205.40910096319053 543.99582014982707 2 5
509.58877678500266 177.48457693485221 2 8
19.629337994896318 372.09656092326225 4 4
54.744722282356889 684.09520456447569 4 9
298.42640687119285 1 1 6
146.82842712474618 999 1 7
422.17399902288599 468.18432773594486 4 4
60.345792793119259 689.80729780018783 4 9
820.80404050710672 991.52786404500046 2 5
449.59951164727875 630.23155445988357 2 8
510.06643720775816 330.6276546556785 4 4
943.17558709444791 472.90867667552391 4 9
217.57359312880715 1 1 6
82.828427124746185 999 1 7
64.154038819763741 892.94930827607936 2 5
259.87269527150721 878.79564962098061 2 8
877.8028040587642 456.86959102943348 4 4
497.01548039485704 82.371176806996289 4 9
699.68124086713192 999 1 6
999 788.31875913286808 1 7
987.77777777777783 247.53798288031575 2 5
628.38200076982559 391.84314621904269 2 8
952.93528531758102 407.08831590558975 4 4
333.96321768808036 766.54714915493958 4 9
745.54696253985799 258.33582118289087 4 4
51.975254237612916 667.28600600031177 4 9
736.29763527849752 26.576040201258813 2 5
550.85052183773121 469.0978940791901 2 8
953.23044737829957 999 1 6
999 698.66190488337577 1 7
859.34222435110189 505.50492576488756 4 4
442.24370088601478 438.58439937122131 4 9
577.68008127003895 174.40605367706635 2 5
417.26218159920973 903.0847496125009 2 8
564.42489160662228 542.73301414318792 4 4
715.62193547845402 359.21064567815563 4 9
999 983.51471862576136 1 6
987.51471862576136 999 1 7
922.32662065135582 76.682669010134873 4 4
974.06724884123662 866.15107203022819 4 9
945.11111111111109 285.25034454359832 2 5
67.191061899100347 938.00873789684658 2 8
786.31875913286808 999 1 6
1 294.42640687119285 1 7
731.19229177436523 29.728097895022366 4 4
631.01958359198738 498.96489258097472 4 9
887.02644523761194 212.52037055088704 2 5
729.48496938534436 183.39780913614482 2 8
690.38630584709358 243.62388123869272 4 4
948.46686672283727 417.23907552017232 4 9
1 215.57359312880715 1 6
1 44.769552621700463 1 7
649.95497372557941 145.27265027106927 2 5
485.10167005087902 812.96441807883889 2 8
102.24821697764091 709.77087949959935 4 4
453.63999077697082 432.95956280428948 4 9
710.1378163043878 78.990938630002375 4 4
758.23935330353402 215.09582718673866 4 9
491.39135227582881 575.8677017910029 2 5
485.09248213332575 872.66188598414465 2 8
296.42640687119285 1 1 6
219.57359312880715 1 1 7
141.79298602967447 733.24303506215017 8 3
961.45601781739401 900.68652309391962 8 10
323.17225095720693 511.423600910826 4 4
515.67856141661605 241.95036825891566 4 9
370.20333963053326 764.26820899143297 2 5
291.87269527150721 934.22127546318472 2 8
155.36594573459612 728.94881821395393 4 4
125.92693558467478 27.047218139191195 4 9
999 786.31875913286808 1 6
701.68124086713192 999 1 7
708.70274127517155 455.77805887738884 2 5
114.24935612358985 857.42851201871167 2 8
964.74132401020734 41.232660365814169 4 4
518.88400066553243 325.49017092555385 4 9
999 700.66190488337577 1 6
955.23044737829957 999 1 7
332.95518980948918 731.31941206685724 4 4
889.00537144489499 95.301746457646786 4 9
251.10818293573465 824.39081907274669 2 5
982.21433038786824 644.80362623919268 2 8
633.6228409364586 506.52948451963579 4 4
84.131957971445402 814.93222860515596 4 9
981.17157287525379 999 1 6
999 981.51471862576136 1 7
423.44336348260276 585.03235180689978 2 5
217.94987437106616 934.54262443235996 2 8
426.73722070370746 460.50137032632773 4 4
438.86577823160542 535.849747960542 4 9
909.32268074268245 274.70904817224107 4 4
120.26355985465798 32.697543381215475 4 9
881.18011691989307 310.19307765299652 2 5
501.14093531385248 344.00856361285776 2 8
1 292.42640687119285 1 6
784.31875913286808 999 1 7
911.00463877013783 297.1070535612584 4 4
933.40232299986928 413.50607854309408 4 9
355.87269527150721 934.22127546318472 2 5
333.58392054563865 594.92652979696834 2 8
1 217.57359312880715 1 6
221.57359312880715 1 1 7
111.20234729079462 716.9691376912217 4 4
874.07306441532523 972.95278186080884 4 9
114.31663910942378 769.42659164972792 2 5
75.936500549128013 629.01933598375615 2 8
733.06007845443685 37.507003532562074 4 4
514.87518200952707 871.39924843655251 4 9
294.42640687119285 1 1 6
703.68124086713192 999 1 7
458.68308121107367 426.74931008210012 4 4
676.95606460460476 436.80836729616436 4 9
725.20682682680365 142.58942756827105 2 5
6.2143031104565338 753.83927266715762 2 8
999 784.31875913286808 1 6
999 702.66190488337577 1 7
576.62912658019388 185.22611266129391 2 5
54 994.53589838486221 2 8
866.15107203022819 974.06724884123662 4 4
562.93325475595122 550.59272275774356 4 9
909.32706754031449 304.92918592838623 4 4
558.7127169026088 935.14370743154836 4 9
787.66212845416317 362.09214010810553 2 5
94.588567772948792 918.87327854960586 2 8
999 979.51471862576136 1 6
782.31875913286808 999 1 7
138.49407926325091 807.29629062620074 4 4
749.75118478016839 199.42795992245263 4 9
653.7162215261859 990.18533100255183 2 5
913.0464581034563 221.87897343517119 2 8
1 290.42640687119285 1 6
223.57359312880715 1 1 7
808.72146769159087 422.73484134946239 4 4
867.34214467209802 505.54063091455771 4 9
156.90555479486466 659.97860865091377 2 5
30.000000000000011 65.941125496954285 2 8
414.78415718452851 465.11997827740379 4 4
796.9879688050504 119.37140153393653 4 9
1 219.57359312880715 1 6
705.68124086713192 999 1 7
18.905187774942398 364.12940293192429 4 4
444.3331252194161 541.689963445854 4 9
797.60015305294303 227.02765038322912 2 5
506.06497881787737 845.25324965225798 2 8
292.42640687119285 1 1 6
999 704.66190488337577 1 7
456.11831014527326 835.26869463075923 2 5
577.37566113094636 945.50410606194464 2 8
999 782.31875913286808 1 6
780.31875913286808 999 1 7
325.18479169785394 521.62768747951236 2 5
990.07472026834512 939.6891258028021 2 8
287.1895811920723 926.10988393996251 2 5
519.26118401147096 271.39310797567896 2 8
1 288.42640687119285 1 6
1 221.57359312880715 1 7
879.73644014534204 967.3024566187845 4 4
436.54167675165536 543.50471708594637 4 9
990.07472026834512 468.5907127804669 2 5
513.44310023685659 322.9610203714675 2 8
707.68124086713192 999 1 6
999 706.66190488337577 1 7
112.83878798724615 35.676261682245276 4 4
763.40283629100293 170.16380021390273 4 9
946.40202025355336 994.53589838486221 2 5
881.94068479225109 138.6327450824233 2 8
290.42640687119285 1 1 6
778.31875913286808 999 1 7
413.02679494482891 610.37199151859727 2 5
374.25313357566131 681.39057816727586 2 8
177.22241512437469 506.51631414678093 4 4
820.7801376776888 59.847067818527258 4 9
999 780.31875913286808 1 6
1 223.57359312880715 1 7
138 994.53589838486221 2 5
956.51087470692391 123.88225099390857 2 8
624.15912787024808 488.71811831537406 2 5
425.27154215843814 588.59012677578426 2 8
999 708.66190488337577 1 6
709.68124086713192 999 1 7
515.80455080158845 609.80600425444402 4 4
70.253970324404079 66.73467127687546 4 9
449.04072733284238 982.05430311045654 2 5
498.05221704046198 357.40556488479552 2 8
776.31875913286808 999 1 6
288.42640687119285 1 1 7
483.91408920487089 732.49411323562413 4 4
570.51466420939653 333.01044051230707 4 9
413.42135623730945 6 2 5
875.04846609939636 462.20003401342507 2 8
999 778.31875913286808 1 6
711.68124086713192 999 1 7
570.48578050783533 547.95466385636792 4 4
766.94127246736537 177.33871968563267 4 9
602.19446331745417 384.98362856594554 2 5
909.19249369363911 541.63898546251187 2 8
999 710.66190488337577 1 6
999 776.31875913286808 1 7
17.945696889543463 659.97860865091377 2 5
656.33622190432129 52.24321475464874 2 8
98.914751135280127 629.01933598375615 2 5
826.48799720610862 295.09747993354938 2 8
88.335197662360244 3.1071515552282669 1 6
984.51471862576147 2.7320508075688772 1 7
405.93892358558907 776.55137111919157 4 4
638.87234105236655 500.49270155740476 4 9
663.91970471414322 368.07225444908357 2 5
43.489125293076057 744 2 8
89.794951467652652 465.75830429331774 4 4
753.29824362387183 192.257299314161 4 9
562 995.76393202250017 1 6
519.01933598375615 4.2360679774997898 1 7
336.67569745960066 9.814668997448166 2 5
487.12805748911467 130.59031380957714 2 8
753.93395191438242 208.35316310803125 4 4
80.086950358526309 453.25649106759482 4 9
29.219702397781433 98.103785022794867 1 6
997.26794919243116 76.112698372208087 1 7
883.17738858417238 359.47457800551115 2 5
970 276.4507934888324 2 8
421.24978336205567 2.7320508075688772 1 6
510.41815613369886 210.26826665961616 1 7
121.46181340388192 823.04222031862332 2 5
394 994.53589838486221 2 8
897.13181955231528 527.12898410976209 4 4
964.32373831775476 887.16121201275382 4 9
484.31500854901589 722.41456909664043 4 4
887.16121201275382 964.32373831775476 4 9
739.16224023306904 441.09315447441298 2 5
636.982716135808 137.50179109081313 2 8
181.82221897363416 721.2325293828618 1 6
993 812.80404050710672 1 7
744.20458030944917 154.70026743845892 2 5
450.41666082676909 458.11270726037236 2 8
801.14718625761429 995.76393202250017 1 6
176.1040225184845 681.88070618342556 1 7
39.065912912221656 403.76166206153334 2 5
853.85249619214949 238.65780740337843 2 8
315.53910524340097 4.2360679774997898 1 6
4.2360679774997898 986 1 7
432.23622439289295 448.00173311784982 4 4
880.65194047816703 464.34504564193918 4 9
379.6962341502325 780.79053900240922 2 5
360.61736213423222 509.56115624836895 2 8
465.52924813127862 416.8938548160715 8 3
863.3112629449397 512.45091256595663 4 4
350.66612845445701 781.30154158899461 4 9
477.75363488123537 796.91626758390044 1 6
206 995.76393202250017 1 7
749.06398506010066 65.909881379696714 2 5
217.76469052309884 702.7845695894207 2 8
266 994.53589838486221 2 5
982.05430311045654 532.02139134908623 2 8
2.7320508075688772 98.254833995939038 1 6
2.7320508075688772 88.254833995939038 1 7
837.55947865396035 162.96548555293876 2 5
308.76364518868661 703.49583438787067 2 8
274.78060958742134 797.84115662455383 1 6
287.28445083135085 809.40831143301421 1 7
842.71055109579947 61.205983306711758 2 5
148.76952878088935 531.53838623305069 2 8
814.11774900609146 4.2360679774997898 1 6
820.64469432632507 127.93908381351685 1 7
146.31277558851679 499.20430133160096 4 4
889.5242770585271 524.65405033181844 4 9
482.31207579238827 653.76496519379987 2 5
433.6074963066954 573.97207087581478 2 8
241.92365766466045 569.00558934969706 1 6
174.40131350639913 640.59356968538873 1 7
606.44289955715749 281.52426933499805 2 5
81.485823428438081 860.33507123542086 2 8
878.73572205928861 313.3592952332412 2 5
935.99090641099542 434.12887888974251 2 8
995.76393202250017 356.39191898578667 1 6
140.35423089327915 4.9626398658274553 1 7
896.89537518338307 423.46847393708504 2 5
548.59723693695446 525.49890982548766 2 8
971.00571551743576 597.27426766216331 1 6
995.03736013417256 622.39093511078181 1 7
558.48058475211496 557.23905481662655 4 4
373.40423018247412 496.33503257701364 4 9
135.8278233370828 493.36771189211237 8 3
382.94622408800132 489.0583333042058 8 10
761.86292266976443 281.72729367101425 2 5
542.65417296883436 401.62956523448031 2 8
720.50250805826158 2.807673435381234 1 6
602.40168819370456 54.867519559926791 1 7
701.48252964791914 113.92822646879947 2 5
406.61178839905421 883.2768455443412 2 8
139.18450668142557 848.12386439382669 1 6
570.40168819370467 64.558106282277265 1 7
649.88771466197306 429.71813116344691 2 5
644.42614598021771 190.47627079917947 2 8
507.71409350610821 321.17819063224971 4 4
801.41314721478705 112.7067337971322 4 9
498 995.76393202250017 1 6
915.14278769568716 452.97796041537885 1 7
57.785696889543466 926.16072733284238 2 5
994.53589838486221 520.98066401624385 2 8
490.19903148232913 369.10241485071958 2 5
410.90719879309063 9.1111111111111143 2 8
196.91698526613871 4.907334498724083 1 6
684.11294475903196 995.09266550127597 1 7
762.67868607104901 162.19664222256475 4 4
882.65115488975016 520.56012902663099 4 9
994 679.83347775862956 2 5
904.74797401803096 952.31793178195778 2 8
871.31118326593582 512.48661771562683 4 4
289.71714314291432 893.10777248792908 4 9
433.84787808286262 505.22783727533795 1 6
995.76393202250017 109.88225099390857 1 7
799.66985680631831 459.48617524798811 2 5
20.510874706923943 533.01933598375615 2 8
675.96887547016308 136.0685227940991 1 6
4.2360679774997898 519.01933598375615 1 7
478.73084613682801 5.6153468707624681 2 5
578.55575949218064 969.52485562203174 2 8
181.65979558364262 2.807673435381234 1 6
997.57786561573596 875.18085138201604 1 7
17.785669612131784 145.82296222294892 2 5
587.30782583068435 5.6153468707624699 2 8
497.46482293774011 552.94100777073345 2 5
352.6047569767706 530.5750111417949 2 8
4.2360679774997898 203.65685424949237 1 6
292.20310842400625 607.03655602564527 1 7
517.5922632627304 457.22069644542478 2 5
433.03536721562313 537.2661897647514 2 8
165.71877124433496 602.40168819370467 1 6
4.2360679774997898 922 1 7
983.14568662139732 28.647702076671667 2 5
254.95927266715759 982.05430311045654 2 8
479.47242728701565 560.539373828056 1 6
434 995.76393202250017 1 7
316.66218990518144 676.99607007107022 2 5
318.72162806286582 507.39967796768127 2 8
4.9626398658274553 123.41027109453798 1 6
536.48831558390896 570.44804415321994 1 7
