936 936 64 6
808 936 64 6
32 968 32 5
968 32 32 7
64 64 64 6
680 936 64 6
96 968 32 5
589.49033200812187 968 32 7
872 984 16 4
744 984 16 8
192 64 64 6
877.49033200812187 64 64 6
968 96 32 5
160 968 32 7
749.49033200812187 64 64 6
64 192 64 6
525.49033200812187 968 32 5
658.98066401624374 32 32 7
128 16 16 4
16 128 16 8
992 992 8 3
8 8 8 9
64 877.49033200812187 64 6
434.98066401624379 936 64 6
813.49033200812187 16 16 4
128 112 16 8
64 749.49033200812187 64 6
936 808 64 6
154.17592873042386 152.23457164056515 32 5
813.49033200812187 135.55417527999327 32 7
306.98066401624379 936 64 6
936 680 64 6
984 872 16 4
370.98066401624379 984 16 8
557.49033200812187 992 8 3
992 64 8 9
4 996 4 2
996 4 4 10
64 621.49033200812187 64 6
568.4709960243656 64 64 6
658.98066401624374 96 32 5
589.49033200812187 904 32 7
440.4709960243656 64 64 6
64 493.49033200812187 64 6
349.96132803248753 32 32 5
285.96132803248753 32 32 7
984 744 16 4
205.25483399593904 984 16 8
64 320 64 6
891.71255423034404 191.20742271998802 64 6
525.49033200812187 904 32 5
242.98066401624379 984 16 4
16 685.49033200812187 16 8
381.96132803248753 8 8 3
922.74516600406093 8 8 9
936 552 64 6
744 825.14874831559189 64 6
837.96773353931871 844.79728651779931 32 5
829.43589462230011 781.36852549652406 32 7
174.85125168440814 256 64 6
174.85125168440814 384 64 6
650.03226646068129 844.79728651779931 32 5
218.04017918333753 156.40080664204004 32 7
16 557.49033200812187 16 4
504.4709960243656 16 16 8
936 424 64 6
640.94625148565569 749.22823121288582 64 6
587.94423906383429 829.27063671919905 32 5
968 333.49033200812192 32 7
514.28656942416114 767.70321267650604 64 6
735.2681097858997 191.20742271998805 64 6
968 269.49033200812192 32 5
912.57437415779589 301.49033200812192 32 7
16 256 16 4
984 616 16 8
493.49033200812187 992 8 3
64 992 8 9
4 19.313708498984759 4 2
996 980.68629150101526 4 10
565.49033200812187 998 2 1
984 2 2 11
561.61660717296672 648.77521964418145 64 6
688.27628923446127 630.30023818056134 64 6
731.09403957203324 716.22253014271371 32 5
775.58452643170904 670.21604604548008 32 7
805.55225997102787 579.01333256327939 64 6
702.49851145668356 503.09281546057332 64 6
624.27628923446127 558.74606290056806 32 5
796.46624499600227 483.4442772583659 32 7
16 813.49033200812187 16 4
867.55995273334167 882.59015043644001 16 8
766.49851145668356 392.24156377616521 64 6
638.49851145668356 392.24156377616521 64 6
608.53077791736484 483.4442772583659 32 5
702.49851145668356 320.68738849617193 32 7
624.27628923446127 265.03414105617719 64 6
521.22254072011697 340.95465815888326 64 6
551.19027425943568 432.15737164108396 32 5
761.69534929018937 296.36179722866905 32 7
718.49851145668356 275.43255450023287 16 4
826.05846419002523 445.65141333972514 16 8
690.98066401624374 8 8 3
8 922.74516600406093 8 9
507.00031849789474 213.74723543889522 64 6
403.94656998355043 289.66775254160126 64 6
413.03258495857608 194.09869723668777 32 5
594.30855569514256 173.8314275739765 32 7
418.16879220577266 416.87517526158933 64 6
317.04573698036285 195.68772688001664 64 6
307.9597220053372 291.2567821849301 32 5
330.28890034387723 351.23517658429421 32 7
640.54951574434256 186.70673781211391 16 4
638.3663861149804 154.78129427531397 16 8
434.95692511147217 667.25020110780167 64 6
387.62688736266659 786.17819414012615 64 6
823.02692586435933 314.64943553783115 32 5
839.56851803233792 668.78467647383002 32 7
308.29724304997762 685.72518257142178 64 6
355.62728079878326 566.79718953909719 64 6
267.18149794655557 340.58361507142104 32 5
289.51067628509566 400.56200947078514 32 7
447.30341073100897 160.49050625776795 16 4
498.16586037645959 417.56007240311538 16 8
128 992 8 3
253.96132803248753 8 8 9
996 856 4 2
760 996 4 10
482.28696286027787 548.32220807547719 64 6
228.96759873728871 585.27217100271741 64 6
212.4774802905842 679.84529611558264 32 5
156.69901942513121 648.4643575782934 32 7
217.28064245707827 775.7250626630788 64 6
996 776 4 2
934.05887450304567 4 4 10
998 56 2 1
2 990.34314575050757 2 11
1 1 1 0
999 999 1 12
992 301.49033200812192 8 3
317.96132803248753 8 8 9
984 488 16 4
984 224.23549801218289 16 8
864.44582472000673 488 32 5
281.96961115911012 505.22976549640413 32 7
16 384 16 4
16 429.49033200812187 16 8
992 378.74516600406093 8 3
626.98066401624374 8 8 9
4 32 4 2
482.17662350913713 996 4 10
857.71464310294573 440.47431016767734 16 4
984 192.23549801218289 16 8
504.4709960243656 112 16 4
984 160.23549801218289 16 8
634.74516600406093 992 8 3
237.96132803248753 8 8 9
480.5389147997908 133.24277496609974 16 4
487.04508685740393 875.2604257981925 16 8
205.25483399593904 952 16 4
173.95066569854367 708.47542984545771 16 8
992 137.60808101421335 8 3
8 406.86291501015234 8 9
4 224 4 2
520.4709960243656 4 4 10
998 48 2 1
988 2 2 11
500.50789583713924 697.03392547066039 8 3
821.62617798205963 174.71803630375294 8 9
95.425625842204056 393.56921938165306 16 4
528.40307724894046 133.24277496609974 16 8
151.06069811239485 730.83721385087767 16 4
888 616 16 8
589.17509580326373 444.69345285825619 8 3
931.27934453387229 111.86169795885499 8 9
996 504 4 2
474.17662350913713 996 4 10
143.13980888283504 699.83302842676039 16 4
513.65242827446309 857.48264802041467 16 8
128 932.22291236000342 16 4
616.60199852124583 131.32257664903071 16 8
427.9749016661878 595.58953303521457 8 3
620.18555445334937 606.89827593445307 8 9
337.03553155972719 472.61467067157031 32 5
135.55417527999327 557.49033200812187 32 7
381.35531939564919 491.0471530377319 16 4
779.0576894636655 718.09022633667098 16 8
903.01515499505877 872 8 3
102.93320333973341 252.56571371417141 8 9
945.37258300203052 4 4 2
996 760 4 10
309.96132803248753 2 2 1
301.96132803248753 2 2 11
756 999 1 0
999 864 1 12
493.52587239185476 625.37325739807329 8 3
868.17975334056371 527.82534089065132 8 9
385.70894890876525 154.63455005196477 16 4
259.99607211370488 293.12447837888726 16 8
416.58563788700019 146.23037979301927 16 4
44.922774966099745 415.79825078354708 16 8
106.30416080503527 122.26111892661964 8 3
598.60679783075329 332.30283519449802 8 9
996 176.23549801218289 4 2
4 240 4 10
270.75176375077353 260.93240515049376 16 4
249.22148060086153 119.90797937544536 16 8
767.22518002646416 747.82222459475213 16 4
839.58271739316865 359.70391108526826 16 8
857.48759946378766 809.88346641327973 8 3
557.49033200812187 944 8 9
633.35327305667579 881.15400775375701 8 3
446.19583464304924 744.30125043039777 8 9
274.98066401624379 996 4 2
4 144 4 10
2 26.34314575050762 2 1
501.49033200812187 998 2 11
552.38477019794527 134.18000668752754 8 3
733.69794153579846 574.43545945356357 8 9
459.07497879197592 859.71458858020139 16 4
337.47432617672791 398.69431327682793 16 8
184.32559126750289 908.80316216649419 32 5
349.96132803248753 95.999999999999986 32 7
575.39528075998862 719.4445068500271 8 3
297.05833351840067 608.67413324882557 8 9
888 996 4 2
996 208.23549801218289 4 10
112 685.49033200812187 16 4
105.53002866506857 423.93204276145894 16 8
223.14337781593736 968 8 3
740.56571371417147 897.06679666026662 8 9
877.7388810733803 594.30416080503528 8 3
83.504492987119832 414.39916396754745 8 9
536.4709960243656 4 4 2
781.49033200812187 4 4 10
468.51976925964476 998 2 1
112 998 2 11
999 860 1 0
752 999 1 12
632.41213520839915 519.58220187680843 8 3
546.46641807082005 149.04517093483244 8 9
819.71508713051469 190.60349291529366 8 3
889.69543753246603 863.13517474979335 8 9
4 909.49033200812187 4 2
4 232 4 10
864.22216388222989 339.28583877878725 16 4
798.8901005418378 743.20347922884707 16 8
491.49767115911988 448.85760030168518 16 4
457.8848464422714 824.43808418137655 16 8
552.42197079923199 269.61201416589307 8 3
966.11145618000171 208.23549801218289 8 9
222.85125168440814 320 16 4
815.07297103182077 214.15027099906231 16 8
888 744 16 4
291.27017907918616 458.13943276914415 16 8
129.7683869487814 719.76303282870447 8 3
68.207625079144194 421.61338235669774 8 9
996 632 4 2
4 160 4 10
998 317.49033200812192 2 1
2 414.86291501015234 2 11
712.03739519070086 760.63214662420887 8 3
365.20346051952805 142.16358593851874 8 9
709.5986183821916 123.93872858166722 8 3
475.80088841877978 285.08987943188544 8 9
144 4 4 2
996 904 4 10
255.85418921606407 378.94625414805563 8 3
694.36266548274568 281.52352747241235 8 9
376.38797783108953 709.12714481753005 8 3
592.73675817326205 133.86232134741434 8 9
996 640 4 2
338.98066401624379 996 4 10
642.98066401624374 2 2 1
939.7157287525381 2 2 11
999 984.68629150101526 1 0
1 13.65685424949238 1 12
317.96132803248753 56 8 3
377.59872753273788 132.04640472677642 8 9
866.75722503390023 720.06791877542514 16 4
545.52106023981503 860.37924890023044 16 8
219.88158376226309 489.70311569780392 32 5
808.37668214780717 705.26849993235044 16 4
802.58423817907828 271.22022278648075 16 8
135.91804834467473 195.43428628582859 8 3
504.38002762581067 135.99982759834879 8 9
996 968 4 2
996 584 4 10
481.75042002133353 851.85174144611892 8 3
369.40595438580522 637.46647674494284 8 9
705.93279774251209 431.17476711589859 8 3
229.22477563281308 953.20079054162352 8 9
226.64761953350276 4 4 2
909.49033200812187 4 4 10
573.49033200812187 998 2 1
120 998 2 11
224.65286605552254 937.86789639808103 8 3
790.92847068416029 770.54363281121891 8 9
182.67362550769946 520.02749273224026 16 4
266.55512567597452 93.009192257621464 16 8
826.31522056589245 510.07205706495324 8 3
629.70734195407863 672.17718189028972 8 9
996 728 4 2
32 4 4 10
869.58500995141935 370.83326152674209 16 4
259.60525856381253 462.75817813504921 16 8
310.29218586805797 765.7003049730323 16 4
830.19586113247431 242.35130280649014 16 8
443.8382836094807 349.60648112326851 8 3
657.3048164196905 169.52360947997701 8 9
960.74132401020734 230.15444987901228 8 3
71.505918479632641 391.60768944587659 8 9
96 4 4 2
4 669.49033200812187 4 10
329.60808101421333 998 2 1
674.98066401624374 2 2 11
981.17157287525379 1 1 0
992 1 1 12
4 573.49033200812187 4 2
648 996 4 10
370.98066401624379 888 16 4
304.87336366727561 76.117285820282575 16 8
408.98490629598723 507.19044662103357 16 4
171.88199610977355 489.90207597266959 16 8
135.91804834467473 316.56571371417141 8 3
780.77386262919345 261.20485867063417 8 9
805.62627416566693 174.77351482377605 8 3
659.05387262203317 201.99034918322204 8 9
996 840 4 2
856 996 4 10
998 574.62741699796948 2 1
998 973.65685424949243 2 11
857.52088705068536 408.47489675755037 16 4
855.16142212878708 262.36931380007758 16 8
877.7388810733803 637.69583919496472 8 3
370.23616032240699 353.28856895005271 8 9
281.18333611344315 121.46996279176432 16 4
112 813.49033200812187 16 8
396.44921939951166 133.17187105362905 8 3
568.28095015560518 135.9997491840615 8 9
996 768 4 2
24 4 4 10
55.506299622093628 391.49725207230244 8 3
160.88007463409835 608.68347300618302 8 9
437.89723618816009 837.72324267985698 8 3
131.82024665943635 597.31567289877319 8 9
4 272 4 2
408.4709960243656 4 4 10
90.343145750507617 2 2 1
305.96132803248753 2 2 11
512.4709960243656 1 1 0
516.4709960243656 1 1 12
702.29437251522847 4 4 2
4 934.05887450304567 4 10
791.91566331349452 249.72181562833447 8 3
435.46096779078425 864.0016020436276 8 9
142.28535689705427 509.96464217579916 16 4
308.4533012726431 797.64742539795861 16 8
917.38204563405213 123.93872858166721 8 3
425.27246387756867 847.55254194815302 8 9
789.49033200812187 4 4 2
4 541.49033200812187 4 10
998 962.34314575050757 2 1
2 903.83347775862944 2 11
878.66236512999842 851.54762482058447 8 3
289.77928529630043 99.062159292854943 8 9
233.11237061102781 298.30416080503528 8 3
864.00017240165118 743.90903160144501 8 9
528.4709960243656 4 4 2
346.98066401624379 996 4 10
966.11145618000171 176.23549801218289 8 3
854.60498553367904 631.71845674371582 8 9
147.72724319139994 595.59304080453535 8 3
831.89130529628983 422.370993141003 8 9
4 96 4 2
4 797.49033200812187 4 10
634.98066401624374 2 2 1
998 145.60808101421335 2 11
999 45.171572875253808 1 0
999 496 1 12
896 996 4 2
996 720 4 10
547.99697908530459 831.32402908495749 8 3
932.58274648558938 352.08114031480858 8 9
310.00070819299458 443.13385783458148 8 3
863.02137334060637 315.31589714191324 8 9
112 4 4 2
4 661.49033200812187 4 10
998 785.37258300203052 2 1
16 998 2 11
696.27375633429051 265.63807086087166 8 3
184.54571583132761 178.26678306114525 8 9
806.86956004288697 236.7047394731062 8 3
39.926122758525295 387.85608620133058 8 9
402.98066401624379 996 4 2
717.49033200812187 4 4 10
148.4213981481488 754.69164940694839 8 3
288.79309598801558 755.03310598126984 8 9
133.24277496609974 789.55825078354701 16 4
894.22445644048059 350.41518922026108 16 8
739.1987503720394 263.2875922175748 8 3
620.43872600920326 871.70866633279081 8 9
4 288 4 2
996 896 4 10
2 214.62741699796953 2 1
9.6568542494923797 998 2 11
999 500 1 0
486.17662350913713 999 1 12
472.4709960243656 4 4 2
354.98066401624379 996 4 10
319.282190451632 827.7594688216318 16 4
133.24277496609974 837.42241323269673 16 8
255.73152539669593 143.00818103595537 8 3
272.85576166926791 442.74757675847087 8 9
860.08301608061186 299.58802199577104 8 3
118.54398218260596 134.05864291014129 8 9
4 781.49033200812187 4 2
266.98066401624379 996 4 10
998 16 2 1
2 395.31370849898474 2 11
848.36236763915576 382.04037771627634 8 3
472.74573180615806 463.83641101892312 8 9
849.62777294187345 736.87809042912818 8 3
323.71756584683158 434.89687925597792 8 9
4 845.49033200812187 4 2
996 246.86291501015239 4 10
104 4 4 2
4 653.49033200812187 4 10
325.96132803248753 2 2 1
269.96132803248753 2 2 11
999 172.23549801218289 1 0
1 136 1 12
4 368 4 2
996 392 4 10
4 461.49033200812187 4 2
4 837.49033200812187 4 10
280.63751826573616 998 2 1
18.34314575050762 2 2 11
695.37639615996932 131.26869413832088 8 3
185.1324992152289 469.89147459609126 8 9
347.04858279166899 866.75722503390023 16 4
251.49678801369288 431.80252105370391 16 8
135.99982759834879 813.58130040667686 8 3
851.21568438601696 286.26997301635845 8 9
968 996 4 2
600.4709960243656 4 4 10
867.18311897833109 285.24966299476267 8 3
238.2462849082375 451.81312243028219 8 9
169.61049236601716 466.00981214644122 8 3
150.37222705812653 820.61224157899369 8 9
996 456 4 2
221.25483399593904 996 4 10
80 998 2 1
998 52 2 11
1 23.514718625761429 1 0
1 140 1 12
281.27871283829256 71.72496840707484 8 3
940.4334876036969 124.98426114815537 8 9
533.11420647408318 837.1979612775076 8 3
250.07509683030071 393.86610975046716 8 9
4 152 4 2
797.49033200812187 4 4 10
612.11774900609134 996 4 2
4 942.05887450304567 4 10
329.96132803248753 2 2 1
772.11774900609134 2 2 11
143.40670593762354 867.76536146133958 16 4
287.78995129737649 822.08154023356599 16 8
4 104 4 2
904 996 4 10
4 280 4 2
386.98066401624379 996 4 10
549.49033200812187 998 2 1
261.96132803248753 2 2 11
999 212.23549801218289 1 0
109.17157287525382 999 1 12
4 829.49033200812187 4 2
996 888 4 10
134.87009337843099 890.19583729254373 8 3
697.34635732668198 113.6488258111041 8 9
165.17503750617686 839.50342478278196 16 4
394.91274524081859 866.75722503390023 16 8
486.32760155772172 472.29411839453974 8 3
141.26558808040249 610.23021994624571 8 9
608.4709960243656 4 4 2
480.4709960243656 4 4 10
958.62741699796948 998 2 1
2 37.656854249492383 2 11
502.20728002101788 470.33559550666547 8 3
842.86846330077424 722.37596185516554 8 9
662.36240173118313 154.34399055139471 8 3
266.08437763054565 66.711768072495857 8 9
996 848 4 2
258.98066401624379 996 4 10
4 112 4 2
776 996 4 10
998 72 2 1
37.656854249492383 2 2 11
999 862 1 0
754 999 1 12
146.1185589811875 470.92194669699307 16 4
298.61884047636534 852.19358365723917 16 8
976 996 4 2
996 126.29437251522859 4 10
461.02694164705798 474.72998514346915 8 3
833.68890636732397 735.48076000338381 8 9
4 701.49033200812187 4 2
182.62741699796953 996 4 10
726.86291501015239 2 2 1
998 12 2 11
339.56529801473187 432.69474730386912 8 3
877.7388810733803 765.69583919496472 8 9
394.98066401624379 996 4 2
4 352 4 10
418.89443818982346 865.81999331247243 8 3
683.1241351044597 141.55859690888406 8 9
4 533.49033200812187 4 2
728 996 4 10
2 647.83347775862944 2 1
998 909.65685424949243 2 11
478.17662350913713 999 1 0
1 228 1 12
488.4709960243656 4 4 2
393.27503653147227 4 4 10
259.92155061166591 239.51497105204254 8 3
447.19169966369685 482.76653161952726 8 9
323.06688984266412 865.81999331247243 8 3
656.7550912132524 139.35872883344319 8 9
996 520 4 2
996 356.11774900609146 4 10
541.49033200812187 998 2 1
2 86.627416997969519 2 11
996 592 4 2
620.11774900609134 996 4 10
956.68269507987372 142.64674275171723 16 4
267.12660132210982 846.51565506917336 16 8
996 472 4 2
4 581.49033200812187 4 10
711.83347775862944 2 2 1
909.65685424949243 998 2 11
1 236 1 0
1 417.69134213489855 1 12
4 789.49033200812187 4 2
848 996 4 10
160 4 4 2
996 464 4 10
463.09841302233514 2 2 1
981.65685424949243 998 2 11
480.8345501645905 831.46027038353418 8 3
513.32713232347055 458.83129697213332 8 9
4 445.49033200812187 4 2
845.49033200812187 4 4 10
386.68198349861518 111.86169795885502 8 3
879.15996398978871 262.10476031635136 8 9
840 996 4 2
768 996 4 10
220.99076528401039 2 2 1
545.49033200812187 998 2 11
999 624 1 0
999 320.31875913286814 1 12
837.49033200812187 4 4 2
720 996 4 10
4 525.49033200812187 4 2
996 648 4 10
76 998 2 1
165.65685424949237 2 2 11
456.55722185078594 134.18000668752751 8 3
928.287187078898 264.7057223172954 8 9
712 996 4 2
996 600 4 10
4 709.49033200812187 4 2
4 360 4 10
591.09841302233508 2 2 1
509.49033200812187 998 2 11
140 1 1 0
999 628 1 12
152 4 4 2
996 367.4314575050762 4 10
371.07163241479873 864.00017240165118 8 3
125.83016812395105 436.73455571595048 8 9
996 712 4 2
4 453.49033200812187 4 10
414.12785027385797 2 2 1
614.12785027385803 2 2 11
431.9232276824136 487.54918395445264 8 3
279.69866232566142 866.95931624135528 8 9
251.65294314075655 225.81715624485443 8 3
130.31425171432653 905.53351334635352 8 9
996 512 4 2
829.49033200812187 4 4 10
495.74103114169515 837.27377404993172 8 3
195.67697184560714 457.85760169717776 8 9
4 589.49033200812187 4 2
4 717.49033200812187 4 10
854.86291501015239 2 2 1
653.65685424949243 998 2 11
645.80909114098995 1 1 0
930.05887450304567 1 1 12
446.90939278452061 181.91830760728658 4 2
546.64241241063951 938.86944053669015 4 10
872 913.02174941384783 4 2
478.17662350913713 989.07179676972453 4 10
626.74516600406093 998 2 1
998 834.34314575050757 2 11
248.86656429890687 251.08161609823938 8 3
228.61339055033923 439.03785936881957 8 9
806.31047773653461 448.81638269704104 4 2
586.37848268522839 321.49435942944353 4 10
12.428606220913068 449.16887734243704 4 2
386.73887717002395 715.19829651018654 4 10
402.81414177487324 2 2 1
998 313.49033200812192 2 11
576.31875913286808 999 1 0
913.49033200812187 1 1 12
858.91678928978502 387.75038503857706 4 2
937.60416137366542 136.64594683608468 4 10
980.37066200510367 140.56755694762808 4 2
694.75312091366914 435.53536638694277 4 10
2 851.14718625761429 2 1
998 361.77460325558383 2 11
619.31451114149343 684.76065944472668 4 2
234.45708631492212 964 4 10
798.39136483731761 723.20969862844447 4 2
35.891393779086954 258.08145466568476 4 10
136 998 2 1
2 726.86291501015239 2 11
232.30447378299516 1 1 0
999 752 1 12
614.98712669153247 853.03368005871437 4 2
329.63373431060836 262.51244029663917 4 10
210.09418238265033 450.91901103836449 8 3
440.66104189312603 135.99974918406153 8 9
138.68679254214655 446.25858892512497 8 3
134.18000668752754 765.5765578345422 8 9
293.40616033823466 539.36486975687865 4 2
989.07179676972453 468 4 10
998 76 2 1
505.49033200812187 998 2 11
401.22384793955632 488.75770474175596 4 2
493.68209089926683 856.39378387790646 4 10
512.1998982074075 699.73523636976893 4 2
636.35324701827415 68.000000000000085 4 10
834.34314575050757 998 2 1
998 525.65685424949243 2 11
999 216.23549801218289 1 0
332.43650813895954 999 1 12
756.12117592354332 625.70988414785052 4 2
147.42302030614371 11.230693741524936 4 10
450.25272620991717 339.46473935344881 4 2
523.89401633050932 11.230693741524936 4 10
2 598.86291501015239 2 1
2 293.65685424949237 2 11
253.81945499348078 405.26697734665595 4 2
907.89139377908691 618.08145466568476 4 10
826.31801083530831 274.78505595261754 8 3
869.83471321565332 779.60713426324924 8 9
659.79427501562986 181.26254452107437 4 2
310.61259609934217 617.76461208929004 4 10
998 293.49033200812192 2 1
216.99076528401039 2 2 11
672.15223689149752 1 1 0
999 976.48528137423864 1 12
333.46890553001685 63.999999999999993 4 2
710.47440113968435 7.8440491736326869 4 10
496.6112800244519 145.14567696876719 4 2
642.40758574330937 471.26388762896477 4 10
265.96132803248753 2 2 1
638.98066401624374 2 2 11
124.01042562741704 452.63073567361039 8 3
291.51376033147369 780.64589744596424 8 9
147.91267044532566 934.0898766702818 4 2
848.5446852890534 711.803331910834 4 10
708.77976144570005 744.47271583592021 4 2
988.76930625847501 596.57697969385629 4 10
2 519.83347775862944 2 1
998 657.37258300203052 2 11
999 577.45584412271569 1 0
864 999 1 12
691.47696223108903 254.63849058108417 4 2
945.37258300203041 68.000000000000085 4 10
833.49033200812187 10.928203230275509 4 2
877.70126399763626 863.50907475833753 4 10
176.97056274847716 998 2 1
998 450.34314575050763 2 11
328.9852419697894 850.95482906516759 8 3
247.53833329808856 267.02638961210482 8 9
582.35180754157614 139.87504122925208 4 2
694.17886823530739 24.444444444444503 4 10
506.55245069005042 35.891393779086926 4 2
718.22336937431044 569.24966577458429 4 10
785.37258300203052 998 2 1
618.12785027385803 2 2 11
999 772 1 0
999 764 1 12
751.12385248146779 261.9489587054785 4 2
335.44665276536341 268.00880082323931 4 10
147.05135439820668 926.13637840429999 4 2
131.99663715917751 492.81406649579867 4 10
998 252.51976925964476 2 1
998 401.37258300203047 2 11
11.230693741524936 538.06731170197816 4 2
620.881770183453 522.90645854432069 4 10
779.43064764637427 767.10851048563063 4 2
871.6484538824842 296.38792067690275 4 10
457.60808101421333 998 2 1
998 350.46089475659909 2 11
87.514718625761432 1 1 0
299.13290090774132 1 1 12
840.87720819985043 745.08952250250388 4 2
248.74744866854837 309.66136050911587 4 10
147.78023212007511 193.62083761585527 4 2
702.49851145668356 415.21981436231732 4 10
952 2 2 1
569.49033200812187 998 2 11
144.16961261650164 914.48753450013612 8 3
912.61359818441588 261.49035123967985 8 9
763.42302030614371 988.76930625847501 4 2
114.86872747810122 441.61787620179933 4 10
623.78245979718008 103.5555555555555 4 2
852.57697969385629 988.76930625847501 4 10
245.96132803248753 2 2 1
998 702.62741699796948 2 11
514.4709960243656 1 1 0
696.63751826573616 1 1 12
765.21518992574875 130.15685031401091 4 2
246.92447138996135 513.46615903731924 4 10
988 980.68629150101526 4 2
370.98066401624379 913.02174941384783 4 10
365.96132803248753 2 2 1
144 998 2 11
369.32363245920294 649.46619437080381 4 2
377.33250767995986 119.38415114358003 4 10
11.23069374152494 147.42302030614371 4 2
782.062257511241 326.04662583715623 4 10
706.34314575050757 998 2 1
998 80 2 11
1 928.40202025355336 1 0
1 901.00505063388323 1 12
762.58943717005775 471.26388762896482 4 2
862.33465954282394 640.89735317587747 4 10
12.428606220913048 364.32145466568477 4 2
988.76930625847501 724.57697969385629 4 10
48 998 2 1
2 775.83347775862944 2 11
826.92959672622476 720.97863142942117 8 3
517.73022095586919 474.21352081965426 8 9
192.67493262162392 649.78104648552278 4 2
871.08974623145104 304.36838718962474 4 10
237.74691760984919 206.25641868376658 16 4
490.29212778905816 975.55555555555554 4 2
895.51357049070259 881.3662281588696 4 10
333.96132803248753 2 2 1
545.84357902639613 2 2 11
1 913.49033200812187 1 0
999 959.51471862576136 1 12
892 989.07179676972453 4 2
795.89974874213249 869.08524886471992 4 10
628.17265815506266 891.97811183867725 4 2
107.17391534905622 377.38349438512643 4 10
464.51976925964476 998 2 1
2 947.7157287525381 2 11
125.19697657613285 708.66788942247297 4 2
866.01014678758145 768.23292257024536 4 10
896.93373344567453 264.67497708501503 8 3
342.93174557330559 843.11295191507713 8 9
511.40985486897586 446.98545182868804 4 2
660.26777764304006 190.05190562470176 4 10
998 289.49033200812192 2 1
2 951.7157287525381 2 11
785.49033200812187 1 1 0
342.98066401624379 999 1 12
668.31927402464999 164.76107615531134 4 2
928.19594108251601 18.690605737940825 4 10
964.42866077573649 164.35407555410222 4 2
501.71127743913672 616.59834177386745 4 10
998 120.6375182657362 2 1
140 998 2 11
724 989.07179676972453 4 2
502.86291501015239 940 4 10
469.10251194866186 270.20745381216159 4 2
678.84405803488858 805.68844958615216 4 10
72 998 2 1
188.2842712474619 998 2 11
532.4709960243656 1 1 0
999 184.23549801218289 1 12
958.97825058615217 616 4 2
789.72870458301236 328.33258062580154 4 10
873.32018284507399 321.47499795215225 4 2
183.58952481435344 131.47787716838479 4 10
369.96132803248753 2 2 1
998 241.20606076066002 2 11
202.9598579053212 317.91854533431524 4 2
262.98066401624379 989.07179676972453 4 10
696.10863439076525 356.11575948726397 4 2
424.46830434320157 584.11330651190019 4 10
998 309.49033200812192 2 1
116 998 2 11
999 148.43650813895954 1 0
18.828427124746192 999 1 12
559.30125412360223 716.73579012631319 4 2
871.56936999898585 604.59673740678681 4 10
268.2954832463904 826.54984141064472 4 2
131.86314588132026 753.80234210674701 4 10
682.98066401624374 2 2 1
373.96132803248753 2 2 11
317.907288918939 503.11238097046214 4 2
161.93991990288538 596.73036763535026 4 10
154.36994396906189 929.36720595979864 4 2
524.12760118171366 464.06100752264382 4 10
998 285.49033200812192 2 1
2 984 2 11
999 788.20101012677674 1 0
1 665.49033200812187 1 12
229.35621414892159 122.22556190761745 4 2
35.891393779086926 555.40887734243711 4 10
784.78966979636539 757.38719710506473 4 2
754.39826019881593 459.15631491144535 4 10
2 470.86291501015234 2 1
998 116.6375182657362 2 11
559.12034726934985 284.49443978561692 4 2
372.58874503045706 60.000000000000021 4 10
393.27503653147227 12 4 2
377.36722051121365 227.07751223508549 4 10
903.83347775862944 2 2 1
231.66695551725903 998 2 11
999 498 1 0
12.48528137423857 999 1 12
472.97602979171245 475.83420093364697 4 2
883.3968165769079 333.59965429018013 4 10
11.230693741524936 794.06731170197816 4 2
86.978250586152114 128 4 10
52 998 2 1
412.35324701827426 998 2 11
11.230693741524936 108.5769796938563 4 2
867.9313425282179 646.61374535635298 4 10
739.27372624686586 563.80951832555866 4 2
870.62897200336852 753.91198195822835 4 10
678.98066401624374 2 2 1
192.2842712474619 998 2 11
1 211.79898987322335 1 0
350.98066401624379 999 1 12
695.81389753206963 709.0593201332282 4 2
381.56137449425506 174.19976475756155 4 10
341.72544952300177 317.10007232381969 4 2
935.11648129687387 254.83856768770124 4 10
605.49033200812187 998 2 1
226.91168824543141 998 2 11
847.81196627985094 879.42518107912417 4 2
877.65699060391182 291.10611355554215 4 10
829.20151235560002 498.42433970468619 4 2
988.76930625847501 763.42302030614371 4 10
998 237.20606076066002 2 1
56 998 2 11
1 392.48528137423853 1 0
1 401.20606076065997 1 12
349.80308330866364 438.95475946642557 4 2
957.33467362979457 168.05209480408058 4 10
149.89557727514219 766.60075499475545 4 2
12 934.05887450304567 4 10
2 165.65685424949237 2 1
2 346.34314575050763 2 11
285.5851676626549 541.04774633242664 4 2
777.57134750383614 137.96800049754313 4 10
666.61944472450409 177.08916957445552 4 2
115.57139377908693 665.81178667380664 4 10
998 112.6375182657362 2 1
903.57943112304451 257.20271488531949 2 11
116 1 1 0
999 170.23549801218289 1 12
11.23069374152494 576.91335231426558 4 2
128 86.978250586152114 4 10
454.3812396903312 735.52633480619193 4 2
899.87419571109876 494.38987706591831 4 10
939.7157287525381 6 2 1
391.0100813089864 506.23878140327497 2 11
768.97931423597606 460.19629589667505 4 2
12.428606220913068 833.1688773424371 4 10
575.31295883338646 731.44422447588806 4 2
502.86291501015239 932 4 10
795.64409019990592 294.49552001321069 2 1
156 8.4721359549995796 2 11
108 1 1 0
100 1 1 12
981.09481222505758 132.60039895629009 4 2
92.108606220913046 683.40887734243711 4 10
666.57952695239783 318.27356327862202 4 2
815.57178667380663 35.891393779086926 4 10
887.02019560200836 761.97331308751052 2 1
118.28848984692814 994.38465312923756 2 11
264.05522526075669 870.31831561562797 8 3
301.95326086062056 109.44456358855334 8 9
149.29032073092242 774.5778261687941 4 2
107.2938026107776 263.74539054301437 4 10
226.42264546349509 339.67854533431523 4 2
939.16420679677981 247.93813884034611 4 10
335.75326619118283 317.67715659075463 2 1
813.64703051887193 180.7457394949117 2 11
999 388 1 0
15.51471862576143 1 1 12
821.19415212827744 351.8387558103334 4 2
41.021749413847886 685.49033200812187 4 10
131.07894102488666 731.69125348451075 4 2
964.10860622091309 741.91854533431524 4 10
8.4721359549995796 657.49033200812187 2 1
133.73816411546383 454.94829989239122 2 11
810.74312062829335 812.13506902043957 4 2
571.24020047027227 402.25753119100784 4 10
507.80092433556604 480.95214594842025 4 2
94.563862050621879 124.74413828963709 4 10
186.85596639332357 142.85293327877264 2 1
618.62037790246438 857.80856075232987 2 11
28 1 1 0
283.46594539048237 999 1 12
108.5769796938563 11.23069374152494 4 2
25.326857023834322 411.79825078354708 4 10
77.334795749949564 402.0969310661074 4 2
879.63432426846714 326.5396506337417 4 10
504.929986038842 873.22809185176641 2 1
841.49033200812187 8.4721359549995796 2 11
179.54141106640449 459.27357775575251 4 2
747.23358385235952 748.40195074693509 4 10
868.41467243805278 611.94846395903585 4 2
803.8421794286229 868.12723279476347 4 10
544.68304403544494 125.56405883445964 2 1
800.37140815224745 449.66929094122429 2 11
270.98066401624379 999 1 0
1 138 1 12
236.32107315142332 652.87340186459346 4 2
576.50768988470975 795.13553245872447 4 10
452.95414708652731 805.05540624814807 4 2
839.73933587813065 282.76377494358286 4 10
864.89896028008229 388.21258655614878 2 1
190.43253396105416 644.21582876767252 2 11
213.38924716866325 933.72894851587876 4 2
35.891393779086954 130.08145466568479 4 10
289.15097807646259 792.41098393163895 4 2
338.9343022306843 309.6027730238992 4 10
222.20989566079811 977.9563352226628 2 1
616.11774900609134 991.52786404500046 2 11
801.49033200812187 1 1 0
774.94617613083756 1 1 12
499.88497243440082 482.10873814035256 4 2
108.08732955467433 934.0898766702818 4 10
240.74121503325156 864.62121748484356 16 4
874.04294471006745 452.02362039066753 4 2
835.17188750803541 261.72239367690116 4 10
969.52485562203174 234.93457251594131 2 1
994 241.20606076066002 2 11
744.3971280088424 327.93348613663773 4 2
646.56153551975535 464.42687795698356 4 10
351.46268395486004 431.12879462526098 4 2
819.88020907404018 100.12580428890124 4 10
121.85412109261947 713.65039052295901 2 1
872.99538681039019 859.78688186992395 2 11
1 100 1 0
1 268 1 12
574.25862948430597 203.73126802405264 4 2
372.58874503045706 68 4 10
401.45506515592814 7.844049173632671 4 2
845.617985048018 424.54726198221147 4 10
293.2052381046941 545.361504667899 2 1
469.0539622691627 874.69523905880328 2 11
921.86817417555665 357.48465215555439 4 2
125.91854533431521 35.891393779086954 4 10
692.10025125786751 869.08524886471992 4 2
288.64290638648754 800.39483407789328 4 10
268.85364736245123 990.29983040736249 2 1
766.74366398276004 466.9346383189083 2 11
999 204.23549801218289 1 0
378.98066401624379 999 1 12
862.86865739929453 755.85556556738857 4 2
988.76930625847501 852.57697969385629 4 10
231.9618723954307 427.51450615314951 4 2
244.20949845108851 651.54195667548436 4 10
245.93452529260614 304.36159994083755 2 1
733.30727148123333 564.44309352209041 2 11
410.84020641553457 527.10420722686615 4 2
932.60846312139074 340.08116787089676 4 10
964.10860622091309 485.91854533431524 4 2
813.49033200812187 86.978250586152114 4 10
226.91168824543141 994 2 1
308.12205536532991 57.785696889543473 2 11
1 276 1 0
999 892 1 12
777.92515183507828 129.97582792087823 4 2
636.01770867739106 460.19629589667505 4 10
623.78245979718008 24.444444444444528 4 2
931.16439736801033 247.88292015355907 4 10
9.9924854092185083 661.19013437271599 2 1
837.79877504950809 267.11678537981408 2 11
621.00663789498026 988.04953608000073 4 2
827.72231669161295 465.58208304380082 4 10
874.90279579868707 313.63310173764802 4 2
698.2669800040012 701.44470350559016 4 10
156.81850658697718 749.26131149236539 2 1
8.5925889696773226 785.35143632626682 2 11
1 40.485281374238575 1 0
955.79898987322326 999 1 12
574.9694827196962 211.69962341759123 4 2
100.12580428890121 563.88020907404018 4 10
11.23069374152494 704.91335231426558 4 2
390.65920935055897 987.57139377908697 4 10
885.46223244698592 327.96635532033747 2 1
846.64082383825428 343.14543490508061 2 11
618.75414490874243 18.222222222222328 4 2
131.4466493150897 484.83299430145314 4 10
579.29883717702728 787.63823315880404 4 2
155.29359204396374 190.8732163438994 4 10
269.83913449715459 820.75181236483832 2 1
306.10804988470073 815.49398797811261 2 11
476.4709960243656 1 1 0
604.4709960243656 1 1 12
672.5514313168344 564.14338786655037 4 2
890.83115932104283 330.64490422245393 4 10
835.40040385259522 463.33553512569188 4 2
677.00948171151867 813.47525443241159 4 10
369.29973935486953 660.53201991621609 2 1
275.67561249398733 538.64212220471541 2 11
945.37258300203041 59.999999999999957 4 2
821.207338913988 263.92775276477994 4 10
872.60368775024176 272.15539422027757 4 2
702.29437251522847 12 4 10
316.92060069964515 17.945696889543477 2 1
327.96132803248753 5.4641016151377544 2 11
40.485281374238575 1 1 0
964 999 1 12
988 126.29437251522859 4 2
913.02174941384783 488 4 10
739.72837318394693 751.17175449860144 4 2
618.75414490874243 109.7777777777777 4 10
719.04023566544993 127.23355226078543 2 1
799.77414031226192 166.66472148803055 2 11
249.29044369534279 189.92402738568873 4 2
836.63741975256585 379.48585289612851 4 10
415.64053781667451 534.8220588575108 4 2
312.25452601217131 431.34741200736278 4 10
966.07586615701086 158.5846115901017 2 1
276.6279422590905 468.60866869657627 2 11
999 9.1715728752538102 1 0
999 18.828427124746192 1 12
290.51651337207392 768.68740680115593 4 2
835.39878655178245 517.91353836506369 4 10
839.9496667894108 431.26272019744067 4 2
235.20521740742117 420.20145527590296 4 10
558.36719864039719 261.5712265230913 2 1
981.65685424949243 994 2 11
861.76547409049488 130.15685031401091 4 2
365.74541779359805 130.17583042244809 4 10
407.47160961103532 128.42772581713936 4 2
139.5413602119657 490.15377439591072 4 10
47.875484503402902 557.49033200812187 2 1
493.83214344509031 980.39996358492783 2 11
729.6913421348986 1 1 0
398.98066401624379 999 1 12
483.17497305292028 619.30210570541669 4 2
115.57139377908695 705.1688773424371 4 10
384.90196757028855 224.38909508818253 4 2
463.60844766924276 143.88980660601851 4 10
274.95094342799206 283.10690262558694 2 1
452.35244260305853 799.08565317833245 2 11
533.50642998976912 471.54683213915661 8 3
920.67993722287451 341.38894074430721 8 9
245.82148136728517 405.08692770161468 4 2
745.8796989305938 756.28655572236767 4 10
91.071019564333028 254.37916238414473 4 2
708.88838852260187 356.11575948726397 4 10
145.13363065140615 770.25094188759931 2 1
116.45423131243844 796.05015358543096 2 11
1 220 1 0
999 912.48528137423864 1 12
64 951.50757749752938 4 2
382.68223453117582 213.45990145889473 4 10
363.09634178765504 499.20863186884867 4 2
514.24292582845521 485.69562745103138 4 10
388.4208424389347 883.54576868756158 2 1
796.21533557269765 164.83854821430896 2 11
509.08315081513558 439.33127334593473 4 2
665.90132475413043 812.48362085017334 4 10
358.0902066512536 132.4991346139231 4 2
131.55744907363052 327.74539054301442 4 10
626.27166070615817 897.6690000557536 2 1
245.79522144579838 102.23707820424458 2 11
999 900 1 0
1 645.00505063388323 1 12
471.54023081121238 839.05076626703362 4 2
293.80216557604643 364.81871471966218 4 10
241.05521371641515 414.74457492310455 4 2
329.92898339413989 750.19275433958092 4 10
317.60532806699422 782.14773489925904 2 1
284.91609284117027 788.16060194364036 2 11
705.04433934896917 363.13169035570144 4 2
988.76930625847501 635.42302030614371 4 10
248.12993561319229 237.28835574450247 4 2
202.5031480314297 522.63326257642734 4 10
127.68206821804222 129.99719198602997 2 1
452.68726137732921 344.94862834928324 2 11
492.4709960243656 1 1 0
1 83.798989873223334 1 12
151.88272906710182 490.07330025805112 4 2
964.10860622091309 874.08145466568476 4 10
526.04141237712804 487.88553958643456 8 3
255.29348368009965 883.70606690080604 8 9
948.5333983301332 299.7731888652076 4 2
867.22494790792223 902.58734453378645 4 10
272.36934360747802 280.05152337470469 2 1
547.77882185505007 994.38465312923756 2 11
864.01850153713474 819.95060692627305 4 2
173.10055178425796 454.52854543683338 4 10
666.82110859335637 185.08662740079006 4 2
767.24364765513656 635.19562712687605 4 10
127.10012364398199 772.63879941138703 2 1
187.65573188640718 987.77777777777783 2 11
999 588 1 0
1 419.69134213489855 1 12
900.41060131499876 486.40788050941035 4 2
580.88034323588624 132.0115310208858 4 10
683.49803511300388 129.56442337405429 4 2
439.19071800497403 218.83231960638818 4 10
844 991.52786404500046 2 1
357.31643425200951 500.81880852977372 2 11
988 367.4314575050762 4 2
811.06945614181382 646.78914348733304 4 10
10.928203230275509 276 4 2
880.37785703786528 274.04279769790816 4 10
725.964240043769 888.63663190609452 2 1
279.88789252664503 539.16597694575785 2 11
1 244 1 0
912.48528137423864 999 1 12
146.56661415406001 887.51415838833486 4 2
687.20887215845471 122.47713274772116 4 10
934.05887450304567 12 4 2
241.96599761494122 186.70649889082031 4 10
453.01548205309064 795.14098859338969 2 1
316.10133234273337 620.18819919325051 2 11
770.30811194960427 508.17789962806626 4 2
803.81689788139579 251.25824517757931 4 10
654.22336937431044 326.0847134621543 4 2
240.98012793653606 307.74596795247072 4 10
490.00057217183542 981.54846764585568 2 1
131.98534482690286 91.463451430114219 2 11
900 999 1 0
465.92684014708135 1 1 12
131.55744907363055 184.25460945698563 4 2
11.230693741524936 236.57697969385629 4 10
301.18327329280459 121.4198347397803 4 2
490.65093122749198 894.93268765032087 4 10
269.29788875967603 242.99121657475382 2 1
362.7950342203103 341.26766634314527 2 11
741.483683414609 681.75435205299698 4 2
98.733492733297865 131.57159608665694 4 10
557.73547357280097 144.9210482289381 4 2
681.60808101421333 59.999999999999915 4 10
128 956.51087470692391 2 1
223.1259726839223 981.85002279201194 2 11
538.66190488337566 999 1 0
772 999 1 12
679.1078391368801 152.8665307033844 4 2
28.46220389459679 404.43825078354706 4 10
736.99752327965416 330.97418504507561 4 2
176.50156709409148 678.52860720835326 4 10
429.75451368020214 164.49503023699231 2 1
853.61112871171918 390.55216408596061 2 11
147.78023212007508 318.37916238414471 4 2
751.74539054301442 892.70619738922244 4 10
299.60292442232139 129.26218754028363 4 2
572.99790950565125 936 4 10
878.49524257391295 318.43875738148779 2 1
875.83031646061943 300.6904810050786 2 11
168.48528137423855 1 1 0
82.828427124746185 999 1 12
413.37463117468297 849.11509657892407 4 2
469.13565220657762 149.67340496711387 4 10
852.88355706998664 748.42797656324763 4 2
488.04349165817564 400.31079266362752 4 10
716 991.52786404500046 2 1
991.52786404500046 644 2 11
672.8928678698536 147.82925642555969 4 2
100.12580428890124 551.10045494220356 4 10
758.98482240134513 260.46398331215244 4 2
432.6415720621078 735.21077158993342 4 10
897.87298334620743 990.29983040736249 2 1
241.47130649881476 515.96875622223854 2 11
999 626 1 0
138 1 1 12
440.23813355860102 852.99348289334591 4 2
476.48737875882659 152.82810252804694 4 10
409.06886255441646 487.1906228381431 4 2
854.80273713751058 134.0964307642044 4 10
829.33551259969431 260.33072994981546 2 1
178.97353513046536 453.30051179919542 2 11
353.90517470840035 847.96927284939079 4 2
613.02986948211276 12.633602460592208 4 10
226.28824857032023 450.81044255063455 4 2
715.56967800062205 748.70320436293412 4 10
115.30166436028298 791.0130876231442 2 1
379.63172316766332 221.52125200729446 2 11
593.92684014708129 1 1 0
416.95627739860419 1 1 12
658.77530105743188 569.03285944947174 4 2
279.5682483543373 747.35833001480546 4 10
808.63627975289307 195.21435260623605 4 2
191.57255612096762 131.99865654356915 4 10
878.37426623748718 456.17568660233974 2 1
843.01991093289087 419.13893406202152 2 11
838.28212591452666 273.09728468516357 4 2
623.42541706345276 197.03946467229693 4 10
673.54307295563979 158.70203953810972 4 2
289.67972590213873 550.21647775841495 4 10
222.1672507083222 302.01300073206448 2 1
128.70248312271551 333.02262176962518 2 11
1 457.49033200812187 1 0
999 716 1 12
780.59718670255313 515.75794292599187 4 2
34.231242136799736 398.89585078354708 4 10
161.04278592290893 457.60776440171128 4 2
245.06211868192858 964.10860622091309 4 10
847.49193463320569 810.17788888977827 2 1
883.54576868756158 726.55982157730909 2 11
981.77777777777771 372.45977239351384 4 2
106.26786478119047 134.26106403477132 4 10
699.45658563717257 254.06786785363298 4 2
822.20231521931873 732.00826467601939 4 10
369.82729739174033 656.566962222092 2 1
448.45943519234982 734.56081345081589 2 11
999 516 1 0
656.48528137423864 999 1 12
141.1661941146761 900.41146823336442 4 2
245.96132803248753 16.944271909999159 4 10
810.34878291869268 94.33560536342813 4 2
684.1578205713771 868.12723279476347 4 10
441.35095829865224 490.88353477997123 2 1
143.33772247650543 773.82511505454647 2 11
516.12750041158699 408.76351129956436 4 2
870.30260661959721 390.82038375636336 4 10
630.66616630037959 594.1744338916601 4 2
925.87787226979299 132.41345157274108 4 10
366.57739353630399 152.06875166481595 2 1
387.68998618789345 216.76481043565059 2 11
644 999 1 0
857.6913421348986 1 1 12
161.78613782270085 692.60015783021834 4 2
589.06742740919901 345.54501219159403 4 10
139.23730091536214 746.96815550724727 4 2
153.69163028361737 526.3931822031717 4 10
809.65668697278204 652.62044550961184 2 1
238.80739518204277 658.33400647947417 2 11
343.62508645269963 258.27796718653241 4 2
564.14187382183013 398.56784844150008 4 10
452.33411024522155 358.08120411434237 4 2
622.98937883298299 821.03424317828399 4 10
143.73125844784823 322.80700748098513 2 1
308.5282531528872 453.02485758965491 2 11
1 713.49033200812187 1 0
1 585.49033200812187 1 12
285.84458860390777 87.725574183622356 4 2
93.109873420463757 554.94450411583625 4 10
811.80960049292071 820.06366414809906 4 2
231.27100971075254 346.04198498012909 4 10
951.17082963974758 61.542833733167896 2 1
772.13889568185505 991.40741103032269 2 11
621.6158931609458 883.65078831746587 4 2
244.24148994581566 662.90281428373862 4 10
41.021749413847886 813.49033200812187 4 2
502.38954135868079 92.108606220913074 4 10
137.71151015307186 994.38465312923756 2 1
420.67123607255877 588.75897896570893 2 11
999 831.51471862576136 1 0
999 844 1 12
847.98934383109247 125.26737873108962 4 2
69.446588463950789 403.42966727898522 4 10
779.9255467635594 249.23488121902159 4 2
385.15953225155124 24.444444444444436 4 10
722.27628923446127 293.0316566097647 2 1
739.94477525033528 757.16785074079621 2 11
168.98111060720373 689.1026777902091 4 2
507.58947491951091 835.37262175620606 4 10
290.71111711945332 259.6579589554068 4 2
162.33793386917986 819.70567635138354 4 10
870.0876930343079 427.40114546298486 2 1
636.81993668340135 6.2143031104565241 2 11
640.40202025355336 999 1 0
915.49033200812187 1 1 12
218.49376524528347 927.56908689361342 4 2
744 913.02174941384783 4 10
636.28121142796931 134.89029011452186 4 2
195.03663985716346 184.09263176190461 4 10
806.30543282981114 650.43661958495113 2 1
271.80159510895197 74.916243942690429 2 11
416.9004441679279 488.8235127397927 4 2
609.83465511441489 600.82712424179658 4 10
229.41314895278137 922.59243546434595 8 3
313.16994761951111 120.85446885340674 8 9
160.1114798756625 531.16660144052332 4 2
666.28818568638087 211.56451831098491 4 10
205.1923807028565 323.4877321653064 2 1
321.05710938259648 780.1265457074071 2 11
1 441.49033200812187 1 0
1 853.97561338236051 1 12
636.35324701827415 60.000000000000114 4 2
830.8953599081234 472.92591016228317 4 10
603.86978169131748 595.49605633316651 4 2
613.47136873886063 860.88877253614021 4 10
868.21336222786113 762.65207660178203 2 1
966.34112901844833 868.5122678346936 2 11
540.83473208105556 272.73225436305614 4 2
193.64382306128394 711.96535149018689 4 10
147.11644293001328 809.06235544487424 4 2
125.95705528993258 521.51395239878946 4 10
991.40741103032269 516.13889568185505 2 1
747.25480101010226 257.36306285930795 2 11
1 841.49033200812187 1 0
999 754 1 12
165.9807795238975 509.01164537667717 4 2
612.11774900609146 931.99999999999989 4 10
731.79677567050157 752.21567062775489 4 2
177.61243623692246 688.81350123902996 4 10
110.37974180788567 928.54507315155126 2 1
991.52786404500046 588 2 11
378.8403800161575 854.85432303123275 4 2
964.42866077573649 188.11692047026355 4 10
433.08251116941261 223.99853768676391 4 2
871.18392594902809 700.56396227916503 4 10
218.86728443170335 455.71824852330951 2 1
434.33463080830307 854.06523625920238 2 11
1 724.03448788540618 1 0
512.31875913286808 999 1 12
706.02161824197515 258.63955757384349 4 2
822.57229103565942 739.99970496518654 4 10
162.99889438571893 516.43514596755142 4 2
18.6906057379408 928.19594108251601 4 10
186.23167491778256 168.40993052299697 2 1
958.81441159650194 162.23742580663242 2 11
863.18583125481337 700.38937344110991 4 2
868.39362728703134 619.94843627783916 4 10
317.03284807418055 424.93121077363298 4 2
558.57821925218195 169.43335325982065 4 10
946.03174972543593 307.54045763705574 2 1
885.06388179277508 323.98624015161562 2 11
999 476 1 0
999 460 1 12
133.86116051053099 741.04387374930047 4 2
629.29439092560585 981.30939426205919 4 10
988.76930625847501 507.42302030614371 4 2
326.80904679872049 68.432412625103382 4 10
763.09939887363669 465.28559865461079 2 1
491.63645431216054 900.85119626732774 2 11
301.67021352222736 97.447902211143855 4 2
759.71546813826001 637.902380377854 4 10
808.20013014386222 187.2262506089815 4 2
388.22171206592355 355.82460285561217 4 10
41.885483661799036 129.81520951930898 2 1
92.832012455048044 130.4887616000301 2 11
334.43650813895954 999 1 0
999 214.23549801218289 1 12
381.25897511293931 359.76418330580566 4 2
201.72026338512364 188.4891277003193 4 10
241.93165239829852 700.54437207199055 4 2
612.11774900609146 939.99999999999989 4 10
805.86426136144325 98.321714544392066 2 1
856.08181319163725 128.23435225502698 2 11
837.63734432910951 387.42311633142054 4 2
85.659501080276755 426.20407566219507 4 10
875.1415490894293 905.66439463657184 4 2
178.58405388202956 539.60491350001541 4 10
994.53589838486221 291.49033200812192 2 1
54.288489846928151 994.38465312923756 2 11
999 528.48528137423864 1 0
831.51471862576136 999 1 12
244.13134496544495 708.2360138089698 4 2
667.99949963371296 330.97418504507561 4 10
869.10526127100275 539.7895974522055 4 2
723.1262296948729 751.32970897783844 4 10
426.16203743712271 162.7360207307901 2 1
8.4721359549995796 156 2 11
518.13810299996305 416.50673267258577 4 2
964.38022176267134 196.1167738227953 4 10
247.26125405553103 370.57001004184218 4 2
156.13280476971318 587.02878166826531 4 10
337.62626554898304 258.39691156484736 2 1
807.96530797762921 656.24525406935061 2 11
1 296.48528137423858 1 0
1 284 1 12
888.68400097608594 726.01300073206448 2 1
325.85712698441449 384.94510664785793 2 11
500.59021776374141 685.03420784479943 4 2
867.33607697089371 693.55011467307395 4 10
840.63798855511334 710.58507629007886 4 2
250.43624658265682 182.00650657779548 4 10
642.15149365599132 66.457166266832104 2 1
690.63885257927529 19.600036415072097 2 11
1 596.03448788540618 1 0
214.16233815926421 1 1 12
660.19527373874701 561.15988811811792 4 2
644.24367510941306 135.66435220614608 4 10
944.63592208449916 242.10201582843672 4 2
147.67854533431517 115.57139377908693 4 10
444.46089107293187 734.45290179681922 2 1
529.84498595867012 462.24125168401417 2 11
552.27781977700204 933.19122040929574 4 2
64.157192270603133 410.31763120577847 4 10
154.63077529303712 452.82382045529937 4 2
857.09014630310264 523.24051638422873 4 10
308.24981787941567 5.6153468707624699 2 1
847.83716498946421 245.9268304913715 2 11
721.49033200812187 1 1 0
709.00505063388323 1 1 12
872 958.97825058615217 4 2
870.00580357429305 791.60591453830966 4 10
816.3202635873688 726.58595256778779 4 2
252.50398013291488 174.278345220452 4 10
417.32920071175818 853.62745513919356 2 1
444.65860275044338 848.93645785965771 2 11
243.90599608375851 377.83239559638668 4 2
303.66823271438636 327.00007693605306 4 10
374.80710068027105 364.49422731248058 4 2
171.23846899435262 536.43594163868056 4 10
129.11621256455456 202.76470441989687 2 1
994 361.77460325558383 2 11
272.78975515723374 1 1 0
862 999 1 12
703.04433934896917 357.47483610620907 2 1
967.04493833514096 218.19183323484572 2 11
173.38681941757957 182.68028856439787 4 2
767.65445342179498 522.55311419001305 4 10
846.30836971638257 456.90285019504989 4 2
157.45973673357435 685.87094884133967 4 10
465.36723108979049 265.51195842771608 2 1
875.03317167968908 353.67757635293987 2 11
999 579.45584412271569 1 0
999 660.20101012677674 1 12
856.10015283970483 322.53370198673281 2 1
131.48773216530634 33.658870981551665 2 11
173.56941364573058 545.83816171426861 4 2
853.24073178914614 705.32667017279596 4 10
166.18865493983196 186.17119505860424 4 2
11.999999999999998 19.313708498984759 4 10
803.95272017911191 191.46411665114701 2 1
658.12373325936426 555.5288384786387 2 11
1 517.00505063388323 1 0
1 529.49033200812187 1 12
754.26685474435465 631.41615201436468 2 1
932.35873921501536 273.83931214840112 2 11
286.66550270581547 621.25761080326265 4 2
235.51016924336014 942.97856831940123 4 10
60.470483455868319 403.21775950867317 4 2
871.56936999898585 627.40326259321319 4 10
502.6557865050566 86.114516338201042 2 1
372.12205536532991 6.2143031104565338 2 11
999 596 1 0
825.49033200812187 1 1 12
842.36800014886967 521.84165010458617 4 2
793.49033200812187 10.928203230275509 4 10
615.95081277327995 595.67032140555148 4 2
92.108606220913074 815.57178667380663 4 10
435.27083725847535 847.37218193047681 2 1
592.24741620802286 322.7416041147477 2 11
247.14993982375907 176.98652770469025 2 1
620.36584872871322 861.40763446576148 2 11
999 447.51471862576142 1 0
174.14213562373098 999 1 12
689.7910057487677 246.81816125683457 4 2
861.12622958118186 798.44841630981307 4 10
914.15418761149783 359.60465481817522 4 2
866.47108293909082 633.56828238676667 4 10
416.28601793805598 540.78723743094019 2 1
963.06818920215005 217.76117521128626 2 11
235.59538997404522 286.56386205062194 4 2
643.26160453502007 681.26766073075407 4 10
672.27709704612323 216.8685677757947 4 2
861.37958666732231 537.71259193510934 4 10
667.17735173012113 171.11516423690489 2 1
396.92693591689755 224.042111687052 2 11
999 780 1 0
620.95627739860424 1 1 12
848.82765332827046 526.56106540755081 4 2
566.33805077435488 931.56758737489668 4 10
867.5050241963113 803.2765608041293 4 2
259.65707784631297 56.578169625566822 4 10
188.60323088448851 503.03220573626533 2 1
162.4506844604328 536.69182740066196 2 11
551.75739667209211 879.38209363209762 4 2
20.520583487362089 405.40296074379074 4 10
922.24783970726571 254.33623422362567 4 2
768.77468084376642 261.06472844449763 4 10
240.02061680344718 17.785669612131784 2 1
758.26554007633354 631.31360633763018 2 11
782.54415587728431 999 1 0
999 404.20101012677668 1 12
182.85403684276829 454.27092741160794 2 1
386.41344580894446 101.8653042336546 2 11
364.09871736344473 363.60029983897164 4 2
856.67620836286028 531.24125262047619 4 10
368.20257278380757 717.9020604417359 4 2
155.09950856503255 809.58260833239547 4 10
971.86110431814495 991.40741103032269 2 1
927.04119930213324 126.52730935429049 2 11
999 255.34819638439095 1 0
1 537.49033200812187 1 12
458.78725060727714 806.46071878143596 2 1
642.15522230368356 529.82645446085587 2 11
889.56151031088041 369.86401780689954 4 2
799.77149714307234 227.0291256388177 4 10
154.05373757754234 884.69582859188768 4 2
843.40394593234032 392.96805149331516 4 10
709.80980474205205 750.38363884401633 2 1
799.45896835845144 765.32533716714954 2 11
85.514718625761432 1 1 0
999 347.63246763185288 1 12
875.25586171036286 582.56386205062188 4 2
402.0403075483361 122.55397421329033 4 10
219.45793576606428 921.64706230679712 2 1
110.14876856169262 269.02262176962512 2 11
515.58314306791272 835.69085049976275 4 2
782.89607455049452 241.80682867026789 4 10
189.04354818700102 189.39195740136381 4 2
118.70983583409593 146.05749671232954 4 10
823.5141973539354 427.83213427836091 2 1
897.72621565281554 481.04186954998573 2 11
454.77965388946711 999 1 0
954.82842712474621 1 1 12
670.80826989334105 172.7933874914213 2 1
477.66379489777677 616.92999370505322 2 11
441.84437653278331 233.20753416833492 4 2
879.01047326952585 283.22143951827957 4 10
500.98326385905926 33.658870981551665 2 1
257.70218093285098 50.905570745182565 2 11
764 999 1 0
524.4709960243656 1 1 12
557.49033200812187 979.48912529307609 2 1
253.66507393776612 524.06731238249176 2 11
951.32054970318609 237.58741775571994 4 2
232.84438851163577 709.53012472406988 4 10
558.70605347821561 875.41773131380307 4 2
360.5331163360359 370.76175844133337 4 10
120.9992385697614 588.21741806197906 2 1
8.4721359549995796 713.49033200812187 2 11
999 705.45584412271569 1 0
1 899.00505063388323 1 12
148.67264183431757 846.69167471509513 2 1
337.11877924083745 273.7710914311503 2 11
355.47397377815014 376.95894139643394 4 2
491.27546058026786 279.90408575290616 4 10
347.83455751655509 423.99880875236664 4 2
835.71859041818652 395.18960739426984 4 10
128 979.48912529307609 2 1
445.40094850969052 754.2696081705169 2 11
999 82.828427124746185 1 0
703.51471862576136 999 1 12
323.3478453397542 412.8520863772352 4 2
681.60808101421333 67.999999999999886 4 10
373.03469462739599 472.86014659175703 4 2
889.37738070726596 886.49917808475516 4 10
775.8489305658394 510.47992679167277 2 1
877.60534218504927 297.10589125482647 2 11
236.30969366560532 935.01862103953601 4 2
636.10512680165709 126.89222821151208 4 10
247.14432227180436 845.67391641868653 4 2
560.82151457312114 925.77381241029218 4 10
954.75690357744168 63.314859047149241 2 1
510.0751619800688 694.12404256058403 2 11
1 773.00505063388323 1 0
999 732 1 12
330.02665500512796 417.25589171508904 4 2
558.66496355260267 883.41762578923294 4 10
264.61666457603275 132.67466690082296 4 2
597.32008924374452 590.90241629043294 4 10
184.75163515580655 137.36425972087727 2 1
178.32138236226655 186.09351116846608 2 11
284.36988336518925 439.3674877697735 4 2
313.93993518732708 108.87919770217978 4 10
122.99806546864779 668.78576508924198 4 2
832.03698661034298 410.37187746714039 4 10
317.96132803248753 43.489125293076057 2 1
128 47.875484503402902 2 11
1 372 1 0
1 364 1 12
789.07818495464278 316.51571275328951 2 1
274.12647760688577 742.19073657590491 2 11
238.73174023625671 705.61985846791526 2 1
930.93545487279698 121.85578320468942 2 11
999 957.51471862576136 1 0
1 915.49033200812187 1 12
888.00021056681396 878.61860688691377 4 2
675.87613605225511 131.99478439821442 4 10
270.33332754479511 138.27107329256944 4 2
557.82341246727924 152.92056488626423 4 10
468.88330616968796 277.86858759267483 2 1
586.32128002901254 351.82453122127242 2 11
311.29267411486899 868.13685411867971 4 2
683.90907428662581 856.97767614720044 4 10
236.18814652344869 188.3240392348423 2 1
688.56690499239073 289.67270904717435 2 11
548.67200615114234 1 1 0
336.78975515723374 1 1 12
553.01690839472246 163.68254274766647 4 2
724.02762250220474 760.14794726602361 4 10
504.48950307583493 485.95559368379242 2 1
186.7523147606675 479.75941245558124 2 11
337.89709205795771 418.68984450282107 4 2
613.05054432029112 524.54105374807727 4 10
859.29637344056323 620.67350859955786 4 2
913.02174941384783 744 4 10
207.40257154063414 934.12859201296362 2 1
220.62486191740459 917.82106134530773 2 11
892 999 1 0
1 938.05887450304567 1 12
241.70272577083335 232.52485139977006 4 2
948.74214222478031 230.0143196528758 4 10
368.51792192753618 370.26893020964843 4 2
120.4197580263444 659.44834702799278 4 10
524.04856696261277 832.97727646955684 2 1
536.97945730119795 936 2 11
744 958.97825058615217 4 2
868.13417017140046 547.73044010750812 4 10
781.18913919433317 124.94130842855085 2 1
78.438939803798945 384.40121906720611 2 11
461.69134213489855 999 1 0
777.49033200812187 1 1 12
382.53805116706593 353.90210479662824 2 1
748.46275150045255 455.72944736666784 2 11
841.02284739729157 415.67313873702329 2 1
8.4721359549995796 529.49033200812187 2 11
1 954.54415587728431 1 0
146.82842712474618 999 1 12
841.87289669556378 878.57227283494092 2 1
199.64167751541859 712.12579446141706 2 11
372.77876133683043 699.80118340341471 2 1
484.27386694088364 395.64282420928026 2 11
732 999 1 0
736 999 1 12
417.54168040065116 601.51809896841905 4 2
241.13072994873957 365.43029466294729 4 10
633.92661741900281 814.85387206743508 2 1
849.85530248106556 391.92830700191604 2 11
601.15313475181301 526.1068268989153 8 3
568.23646901712982 868.12587423514174 8 9
957.24376725006812 216.32030432043376 4 2
585.96767691856996 208.85184649258056 4 10
292.27897689879671 438.16489079794621 4 2
580.53102256802526 453.01691355101093 4 10
445.57965739165468 237.9030295527804 2 1
247.04301867877746 414.36222464821333 2 11
999 182.23549801218289 1 0
540.4709960243656 1 1 12
484.4709960243656 10.928203230275509 4 2
349.17112389017683 381.88581497809554 4 10
249.07279742630425 837.90983349934072 4 2
875.92737519549121 839.86345475771122 4 10
560.34096400694 931.75453737916871 2 1
830.15855752311427 478.88049849779765 2 11
575.19980866508695 458.98165648940466 4 2
467.21400476091071 158.60152627469753 4 10
811.54175060899786 253.33830535383845 4 2
373.06211868192855 964.10860622091309 4 10
816.0324438175503 92.413107304444196 2 1
318.70464550311254 112.52577631872535 2 11
363.13290090774132 1 1 0
262.98066401624379 999 1 12
297.69606713347696 92.952775908048238 2 1
166.91576926911634 456.37973076407332 2 11
394.12407741949272 121.39928787181404 4 2
223.12978599079932 912.36896492406504 4 10
789.53230616918052 320.48985088910041 2 1
8.5925889696773385 457.62922768997686 2 11
999 150.43650813895954 1 0
1 673.49033200812187 1 12
94.22096181446048 562.81586169087984 2 1
744 919.87548450340296 2 11
872.22226762984451 919.0176310921936 2 1
297.78522162791154 258.81484108903135 2 11
999 790.20101012677674 1 0
1 981.17157287525379 1 12
265.60492227033649 112.45258944178582 2 1
500.61411086807482 673.96838229938714 2 11
233.98810413947939 907.26044977952006 8 3
589.05064257191327 582.20665572900191 8 9
678.25572613746635 819.34440043764891 2 1
475.5847738107305 821.16507774214176 2 11
1 987.51471862576136 1 0
999 282.66190488337571 1 12
554.4116202437533 823.65249867647083 2 1
561.67377421777257 164.29355370584901 2 11
240.27146710146144 917.48392031980097 4 2
789.87530845431843 237.89654810287709 4 10
240.06406714528791 888.61166289000073 8 3
567.89510455565846 468.50222883951568 8 9
640.66422164065852 130.79282486446027 2 1
843.54626374057102 451.57642826486205 2 11
1 468.03448788540612 1 0
901.00505063388323 1 1 12
263.67283818555939 5.6153468707624681 2 1
242.22315873079816 258.55591622986526 2 11
209.20980868089686 191.30101519141158 4 2
987.57139377908697 891.67854533431523 4 10
685.9609361850969 698.26080866269308 4 2
159.83733593863764 879.16862405455277 4 10
170.58093777315477 679.5013088296455 2 1
253.88371246450762 834.32443303423383 2 11
409.52481989352805 999 1 0
45.171572875253808 999 1 12
609.83237596195738 594.82712467467456 2 1
754.2242109603086 256.81205523133377 2 11
872.12739220517335 653.42499833275326 4 2
217.13542165580299 192.389435593646 4 10
225.13560522734892 882.85483869912559 8 3
167.32129741311326 869.78830846025824 8 9
360.71999074127893 852.15953327542888 4 2
222.33184273450431 904.40885898508827 4 10
715.48856938750032 434.12217755030377 2 1
990.29983040736249 462.12701665379257 2 11
1 793.49033200812187 1 0
1 108 1 12
567.20184216119367 994.38465312923756 2 1
146.24457610662196 849.87043183415756 2 11
893.29285751388772 875.79232164058226 2 1
98.76672766995614 556.94450411583625 2 11
358.98066401624379 999 1 0
1 209.79898987322335 1 12
482.02757737167298 433.55017322666833 2 1
418.93677614658174 529.8085956959377 2 11
500.08655283120402 677.93343999351123 2 1
193.94112549695427 966 2 11
195.11269837220809 999 1 0
234.49538264200521 999 1 12
763.36911779163199 726.91455174383202 2 1
698.035759956231 872.51211640949737 2 11
309.27348680770586 99.935920568457391 4 2
570.65362476760151 387.65120974345444 4 10
128.66504668322503 674.43247421169804 4 2
357.71395201553702 634.7651658458343 4 10
829.65053962658396 168.75065662772371 2 1
812.39748889683517 245.0379262936261 2 11
602.66190488337566 999 1 0
1 399.20606076065997 1 12
777.25840304716348 243.86027942948499 2 1
363.74069597890599 345.15427461236015 2 11
351.55764371010008 988.76930625847501 4 2
448.97251808433566 842.34256415819618 4 10
767.66269236746791 513.56322740216228 2 1
418.57850977912432 592.16786392427946 2 11
1 343.51471862576142 1 0
1 356 1 12
64 979.48912529307609 2 1
692.78373866753566 703.88069702899611 2 11
671.47556990359726 138.67572876044994 4 2
356.58934651711684 384.88080630648955 4 10
226.71446010264265 897.71612673252559 4 2
212.23001545001765 198.70900756936101 4 10
845.25443575288648 635.26348407744956 2 1
966.92400097608595 621.69300073206443 2 11
1 168.48528137423855 1 0
999 168.23549801218289 1 12
502.57155823095684 145.83494012682945 2 1
815.24505283708061 347.74690450733561 2 11
696.04571242465181 429.67625321294315 2 1
150.66760622008306 850.15867876751952 2 11
118 1 1 0
999 109.80909114099002 1 12
80.153117160789563 423.82085596371718 2 1
875.98534482690286 963.46345143011422 2 11
255.46502519663241 166.84650748469417 4 2
238.7645373821853 279.21835289839305 4 10
932.04097582766269 331.7731888652076 4 2
868.86256796502164 826.31731882820634 4 10
517.8339440851413 701.79861395217847 2 1
667.65118678947249 567.60569974910209 2 11
1 569.49033200812187 1 0
1 565.49033200812187 1 12
505.55610968346355 688.4016872347346 2 1
387.41667842576641 507.99589714188357 2 11
568.93837815560698 569.1109762869653 16 4
208.74884342306396 865.31990107250067 16 8
427.17010889196104 225.02005582639023 2 1
872.75409140550198 254.42590646737858 2 11
1 805.49033200812187 1 0
1 833.49033200812187 1 12
782.6590873995749 121.22119387737011 2 1
189.70012261638095 640.28345370644126 2 11
830.46137815494319 482.86901948494801 2 1
884.56494893989918 722.69184127575056 2 11
156 1 1 0
999 386 1 12
241.67801980418781 226.52490226538467 2 1
771.63545386392093 514.02923823068522 2 11
554.74024811631341 259.88444559604454 2 1
809.36624822519605 100.2546108184075 2 11
1 657.49033200812187 1 0
285.46594539048237 999 1 12
134.204839995437 915.32616827627453 2 1
45.693142416635659 128.58975662069719 2 11
165.81598380751007 879.6743608042824 2 1
218.21546668451069 198.29142701484986 2 11
833.49033200812187 1 1 0
849.49033200812187 1 1 12
151.5585279645085 802.40894424862961 4 2
242.18945210538931 956.64216217169974 4 10
564.70722766328129 148.84464924100226 4 2
161.51937473453904 859.28413342212002 4 10
802.63634028449167 195.24130396091067 2 1
298.38405432993818 752.20229018304053 2 11
440.73993792473271 735.92072592419515 2 1
840.80315567785101 398.37507378401762 2 11
1 148 1 0
1 120 1 12
875.50532589202237 387.83178673228394 2 1
248.01275840918316 98.908034825731434 2 11
990.65469713102959 244.13752747092488 2 1
691.60189287117987 696.21639978339931 2 11
769.28932188134513 1 1 0
803.49033200812187 1 1 12
657.51165330813114 551.57594610301066 2 1
952.13350597581382 225.06470836428193 2 11
772.59045942109117 252.42807612042702 4 2
218.72707526712679 897.26703488293231 4 10
352.07990613780316 632.70178826342476 2 1
871.70159255663896 863.57186488560058 2 11
616.11774900609134 999 1 0
999 234.37763363591384 1 12
306.72837194093069 433.68442317141626 2 1
390.52735155175344 219.58427098546639 2 11
303.6475883767925 479.03691716428028 2 1
532.60989170622065 8.5925889696773226 2 11
1 266 1 0
1 92 1 12
476.4709960243656 8.4721359549995796 2 1
160.20755879939944 185.69528649711043 2 11
523.11965426039501 836.86792181341161 2 1
812.57189403768075 513.38769170873013 2 11
397.27503653147227 1 1 0
399.98571465012702 1 1 12
760.27523048421392 457.94750547048761 2 1
63.464695035772834 397.55232783066663 2 11
799.33541682138775 864.16628709934844 2 1
874.7499666524634 576.58522757522599 2 11
380.98066401624379 999 1 0
999 202.23549801218289 1 12
356.04821431601977 138.14096652411382 2 1
112.49265281160173 795.49707512652253 2 11
340.36902203652886 271.43958510067296 2 1
125.15490895657781 589.86092452563196 2 11
999 852 1 0
217.25483399593904 999 1 12
697.4239743596338 425.92120407364018 2 1
271.61327130601825 306.87368500785732 2 11
239.78657076847193 290.85734589808527 2 1
246.42865532161872 137.68999632965003 2 11
953.79898987322326 999 1 0
1 42.485281374238575 1 12
875.43568177481563 277.44498870802215 2 1
626.09812545981958 662.85122047617438 2 11
576.01423865802144 737.403100763206 2 1
868.57677078383745 129.39532419294923 2 11
1 785.49033200812187 1 0
1 693.49033200812187 1 12
945.79785542442471 235.24224230315014 2 1
736.40839283638024 273.6336245501812 2 11
784.60100309930056 270.44352717979001 2 1
586.39254715387688 454.29852563329518 2 11
1 705.49033200812187 1 0
596.4709960243656 1 1 12
643.35317225710764 881.10910807444668 2 1
749.69300073206443 966.92400097608595 2 11
429.12604042351461 228.50922934512997 2 1
284.43383431917596 796.11888829570921 2 11
962 999 1 0
42.485281374238575 1 1 12
74 994.53589838486221 2 1
129.11621256455456 309.23529558010313 2 11
674.3182779287007 164.65175022433149 2 1
343.14331879942188 415.7782976670058 2 11
706.29437251522847 1 1 0
999 130.29437251522859 1 12
554.13442204426678 841.63575997387647 4 2
889.3552056410748 273.97905771207905 4 10
530.13610194440139 275.559333965934 2 1
387.08754680364513 136.68742025792159 2 11
904.60447023717904 490.69873863612236 2 1
817.35041910915584 817.7616369844925 2 11
986.34314575050757 999 1 0
390.98066401624379 999 1 12
708.04648274618125 769.80125878734543 2 1
798.49655720192936 221.16614617898003 2 11
300.94043096952493 435.26547956241654 4 2
667.8899854389598 131.52425450356063 4 10
617.83000893776205 149.28063863848067 2 1
301.78703884638969 332.69754212954143 2 11
406.98066401624379 999 1 0
731.6913421348986 1 1 12
437.89192825146421 738.72943397256347 2 1
780.80319532498663 736.00539335481778 2 11
213.29375707090514 884.79665028620843 4 2
553.09098007392504 581.31179486772885 4 10
10.494665713232898 838.8486549888554 2 1
931.54788222354307 101.86530423365457 2 11
999 914.48528137423864 1 0
1 218 1 12
847.21254852686002 131.21688199231423 2 1
242.70633959476243 301.99964797260503 2 11
156.74318206599463 713.75771221537673 2 1
507.33505096515199 936 2 11
1 643.00505063388323 1 0
1 81.798989873223334 1 12
444.9994201652392 492.52326829736387 2 1
841.07927456852292 515.98168539662424 2 11
549.5770471257174 574.12484313312666 4 2
259.27839845112823 159.81385617655329 4 10
867.01464171236717 797.29663396348644 2 1
390.21667479815233 21.215619694886648 2 11
494.4709960243656 1 1 0
1 437.49033200812187 1 12
829.75776937172236 264.30837991159899 2 1
976.27896040105247 136.1791656725245 2 11
185.2622604322429 457.46474317697357 2 1
624.74663031796092 109.47758014237183 2 11
852 999 1 0
844 999 1 12
580.68823441502843 538.64428494293179 16 4
224.48302288278634 852.97341992485178 4 2
588.31239793963857 557.1340694346452 4 10
329.08029857757509 873.8099191811458 2 1
919.0176310921936 487.77773237015543 2 11
230.34866395869793 847.53335974424908 4 2
250.42108693819119 894.67236755277793 4 10
131.66562042848622 681.84844058158194 4 2
218.38547589710745 847.7946246250317 4 10
300.18597734449122 441.2178572157307 2 1
160.33997396675707 511.05647120459838 2 11
914.48528137423864 999 1 0
1 246 1 12
321.78575450469441 389.86998786966683 2 1
801.55058677016859 761.91577232398174 2 11
705.30508919488966 694.06558905317638 2 1
453.4974372775618 352.1950618958918 2 11
467.92684014708135 1 1 0
170.48528137423855 1 1 12
273.13656855856129 874.50510482783091 2 1
249.71981736897374 409.6479557017413 2 11
804.09092571337419 856.97767614720044 4 2
239.20627855432392 844.68020522353504 4 10
243.7930513124783 313.04572852074904 2 1
124.01465517309714 91.463451430114247 2 11
999 644 1 0
724 999 1 12
719.53475866787653 122.81040406133242 2 1
858.21631855994713 752.06666819164718 2 11
443.8907803358731 869.38103142365139 2 1
342.98066401624379 991.52786404500046 2 11
716 999 1 0
136 1 1 12
993.78569688954349 311.32960467527954 2 1
387.06342189830741 18.754523160896245 2 11
210.7460677155816 845.41987355680669 4 2
837.07246203232523 403.0742146547762 4 10
333.01778984026362 841.80395163880382 2 1
816.6651938625489 260.00743156216305 2 11
148 1 1 0
999 636 1 12
833.82443474828642 267.56913388493547 2 1
562.85562812822127 289.18993517006243 2 11
263.89131964374496 153.27772903039804 4 2
545.22685096460384 582.77994790877278 4 10
599.10120022973922 535.89404124811199 2 1
507.95872818967194 94.341129018448328 2 11
418.95627739860419 1 1 0
588.26998589758887 1 1 12
144.53499497403413 763.90554491146929 2 1
991.40741103032269 900.13889568185505 2 11
436.21030963646285 601.26210348987888 2 1
515.62147164570786 421.95343503518825 2 11
999 724 1 0
999 708 1 12
9.7001695926375451 281.87298334620743 2 1
630.04187827143505 662.18277918415617 2 11
349.08942117331742 414.97588470652113 4 2
280.6520399101808 800.7770028335982 4 10
269.23994211437713 147.32859147385687 4 2
244.31013554792941 899.83533889744547 4 10
33.075999023914044 819.1833327401863 2 1
253.38446528829738 411.25118856923029 2 11
658.48528137423864 999 1 0
859.6913421348986 1 1 12
515.25985402839683 427.94252784619482 4 2
202.78710364725293 846.22912689109273 4 10
153.77793139942202 318.54530495701806 2 1
440.24115696442055 828.00182120999909 2 11
856.8687004997073 755.83282346774979 2 1
195.92073567586931 190.02713886724595 2 11
1 577.49033200812187 1 0
1 593.49033200812187 1 12
449.29153530815626 141.05094541991696 2 1
523.78986991236741 840.81137347152173 2 11
8.8495080148958749 665.02335790860161 2 1
907.94042835079381 127.23355226078539 2 11
780 999 1 0
999 829.51471862576136 1 12
951.13565967380191 125.52277130220278 2 1
601.13095518805244 140.52294719496277 2 11
645.73756759368553 64.685140952850759 2 1
232.26633648152131 189.11106273832712 2 11
1 855.97561338236051 1 0
1 449.49033200812187 1 12
805.33837730864298 645.01298600332962 2 1
167.49802260341147 859.78987017184966 2 11
704.77221235069783 767.50361795874301 2 1
640.43649685292348 525.54958155283771 2 11
999 756 1 0
999 736 1 12
582.33912083710948 556.56841878592093 2 1
134.31098478633382 676.46308568016366 2 11
125.36481957925319 702.67023748806537 2 1
790.41310253899985 704.12403165492151 2 11
1 722.03448788540618 1 0
999 478 1 12
241.28622812654797 284.66271473333711 2 1
351.7832969481679 409.61463174572236 2 11
725.38740034557236 295.54581405398352 2 1
298.9511747396503 367.89892650347247 2 11
999 508 1 0
326.77965388946711 999 1 12
269.42991153095147 433.35270843423143 2 1
585.17485637033633 431.13356563043186 2 11
929.11728712451816 254.74023517846163 2 1
845.27236251757824 706.77422625681504 2 11
829.51471862576136 999 1 0
999 530.48528137423864 1 12
407.37476089533868 849.15455074272415 2 1
127.48788359050263 301.964240043769 2 11
128.34451684485049 206.68955928551807 2 1
994 120.6375182657362 2 11
1 156 1 0
1 298.48528137423858 1 12
729.42233342875375 565.39559356324344 2 1
160.51108657415443 451.63136951829421 2 11
875.29299102108155 833.89708595254513 2 1
820.13863561335745 258.02369710318413 2 11
212.16233815926421 1 1 0
1 601.6913421348986 1 12
371.91472168520488 121.96244416708159 2 1
157.33921839953283 804.01630795806761 2 11
228.61517242123975 190.74477048603117 2 1
872.2805873704807 964.97168622254026 2 11
723.49033200812187 1 1 0
860 999 1 12
525.95197941421429 844.17667917858955 2 1
323.84810817047349 503.95301562392166 2 11
704.41953222209747 771.48803971439213 2 1
626.83240128616637 658.91919313511448 2 11
999 371.4314575050762 1 0
999 662.20101012677674 1 12
12.740665672518547 664.09659360009357 2 1
159.23147147623794 581.89085751138305 2 11
563.54382617862041 154.73077674433489 2 1
672.35313505090744 870.44448568998689 2 11
999 571.79898987322326 1 0
1 515.00505063388323 1 12
870.21962897507706 856.906748463344 2 1
698.5131666297807 419.70501520627948 2 11
590.37955540441089 454.62065171136697 2 1
836.35562553210661 714.78761920350462 2 11
823.49033200812187 1 1 0
999 604 1 12
841.27824601802763 634.82769147493843 2 1
365.2876632841793 905.07599902391405 2 11
549.16092714229217 566.13567270313865 4 2
350.66820472268398 135.48474801359646 4 10
551.90919932099723 558.62255084656294 4 2
173.49080848750776 859.4957318585067 4 10
870.05133964910101 421.39727106256328 2 1
836.98502844486859 413.76553066152911 2 11
793.49033200812187 1 1 0
172.14213562373098 999 1 12
588.84439259194642 565.11636119139757 4 2
832.65492292009401 710.06482340255752 4 10
798.20053396255321 291.41906177549288 2 1
116.45423131243844 830.93051043081277 2 11
175.07946806430425 188.43658429678871 2 1
919.87548450340296 872 2 11
999 445.51471862576142 1 0
999 782 1 12
744.22226762984451 952.98236890780629 2 1
373.95442880658027 692.44336376300737 2 11
631.2309524392291 171.30659567223117 2 1
283.15152464761718 792.32999902492986 2 11
1 376 1 0
999 406.20101012677668 1 12
285.44469990943406 839.92810281371999 2 1
504.4709960243656 80.124515496597098 2 11
131.69996222711723 607.31494945537179 2 1
108.70509820740725 112.55362184498776 2 11
788.20101012677674 999 1 0
1 545.49033200812187 1 12
540.65813468983595 937.5707745447146 2 1
963.46345143011422 612.01465517309714 2 11
432.8404033976895 229.993651015707 2 1
573.25969406278159 382.24672985832956 2 11
999 257.34819638439092 1 0
972 999 1 12
637.68983515286504 465.95858650458604 2 1
59.445505913180348 426.43264243698485 2 11
867.46915923463212 809.27645361188206 2 1
803.68157933407144 101.673713823537 2 11
999 345.63246763185288 1 0
83.514718625761432 1 1 12
785.49033200812187 8.4721359549995796 2 1
181.75419055919511 450.42510654311832 2 11
586.61495761241417 572.5078187483083 2 1
705.29475418618085 252.68374791902792 2 11
452.77965388946711 999 1 0
1 897.00505063388323 1 12
616.32408795904905 880.82292734047667 2 1
773.28048937712413 133.77413157536284 2 11
190.2842712474619 994.53589838486221 2 1
578.79410410765627 781.65950047296815 2 11
999 699.79898987322326 1 0
701.51471862576136 999 1 12
528.84030729571793 867.14330694389014 2 1
712.2893106585924 568.36256535275459 2 11
121.55776081943422 703.8975530951061 2 1
614.12785027385803 6 2 11
1 771.00505063388323 1 0
999 955.51471862576136 1 12
508.37023830954774 486.92507501203966 2 1
315.24704273497872 845.30134964738102 2 11
256.90308267816874 831.70080891617579 2 1
198.59556194256064 648.80834486423055 2 11
550.67200615114234 1 1 0
884 999 1 12
168.26818174494389 725.55493148095866 2 1
391.24373248212419 510.23195146342658 2 11
191.11965225860476 849.03458195106634 8 3
557.50708729156634 548.00823738459292 8 9
589.15362422191674 793.29095651579246 4 2
590.25612104695483 521.0813824095062 4 10
348.17827673533952 254.37047972653028 2 1
402.18882322691638 161.87428364222507 2 11
1 956.54415587728431 1 0
734 999 1 12
369.81567585039244 125.7675428466313 2 1
559.66867505178334 278.51954759888991 2 11
866.90853391388634 813.23697116009953 2 1
112.49265281160174 831.4835888897212 2 11
542.4709960243656 1 1 0
999 180.23549801218289 1 12
874.84509104342214 520.37059251750998 2 1
225.41495874064262 193.1444855521419 2 11
598.63819369471321 585.0489898873476 2 1
600.97945730119795 936 2 11
254.98066401624379 999 1 0
1 675.49033200812187 1 12
628.44254372412956 818.53164599336469 2 1
564.94221080968521 714.69138124701942 2 11
448.6293836675585 760.98503148492046 2 1
728.93251403437284 682.29130842362372 2 11
1 465.49033200812187 1 0
899.00505063388323 1 1 12
713.26321587658038 437.97660289601873 2 1
302.07290216804739 833.03586880386194 2 11
320.45162931348739 856.16802914114805 2 1
269.32947138096699 429.35396966103417 2 11
1 473.69134213489855 1 0
999 880 1 12
881.18842394940941 868.39166786761348 2 1
23.952104428560443 400.48110499314981 2 11
364.80101848860568 374.97898634791966 2 1
294.95667119724163 133.0585451325602 2 11
999 884 1 0
415.18167414302047 999 1 12
152.51673669305291 923.66057623708605 2 1
726.22149267340137 567.79447214684774 2 11
866.88808823909517 423.84550318331816 2 1
559.1775499255657 254.16426799378803 2 11
1 116 1 0
1 801.49033200812187 1 12
565.205052457806 390.16379004762973 2 1
665.17821961644961 144.74861824819493 2 11
678.32847246765743 126.51883278176533 2 1
145.1819369636566 492.19923129066166 2 11
999 468 1 0
360.98066401624379 999 1 12
622.70262385532362 517.18942330692403 2 1
602.02439048587394 587.17823183967073 2 11
958.11451633820104 742.18479048069105 2 1
616.24877628517834 810.43308983311147 2 11
250.98066401624379 999 1 0
197.11269837220809 999 1 12
679.75484747392341 861.30692545725697 2 1
298.51922355078256 323.91986515224278 2 11
495.00188687232264 477.26973637433866 2 1
681.26915386317194 5.6153468707624699 2 11
1 341.51471862576142 1 0
1 170.48528137423855 1 12
666.56393071934383 563.75630054429507 2 1
674.2897936516315 818.82345944502163 2 11
140.66012402943326 325.36984446058938 2 1
333.16026955406932 422.37257617464519 2 11
999 608 1 0
999 107.80909114099002 1 12
956.34583914794928 210.3878743694419 2 1
595.37234613115095 517.94701789850205 2 11
468.51976925964476 994 2 1
561.13483372701035 157.92401262163642 2 11
120 1 1 0
1 567.49033200812187 1 12
759.72902140111535 461.91003693882203 2 1
185.63469227149804 451.39552215553084 2 11
930.48235425289749 128.56653778799543 2 1
374.12437728178895 718.86758179711194 2 11
1 825.49033200812187 1 0
999 396 1 12
817.64484420023007 281.07812044651183 2 1
380.92060069964515 17.945696889543477 2 11
564.38490567254428 877.35438764753087 2 1
304.9716394132592 619.80902096858381 2 11
287.46594539048237 999 1 0
851.49033200812187 1 1 12
975.09975395009008 132.35693175163365 2 1
905.07599902391405 749.69300073206443 2 11
469.19777228842941 480.49518476100417 2 1
553.64814389097853 714.72523182131306 2 11
841.49033200812187 1 1 0
805.49033200812187 1 1 12
449.37132180624968 753.78367002016228 2 1
795.35830698044572 240.33308810100678 2 11
255.00205536532994 17.945696889543463 2 1
733.23529558010318 890.26496088014642 2 11
767.28932188134513 1 1 0
999 232.37763363591384 1 12
260.42731801004913 829.80878213900644 2 1
584.28444249547977 457.69792186634078 2 11
411.30120074227648 859.3128629875772 2 1
207.4897036179899 883.27580725824578 2 11
1 90 1 0
1 264 1 12
222.97181766084265 893.02649694406284 2 1
395.03300875926607 355.06307673455052 2 11
464.25894801328633 125.5640588344596 2 1
124.80506146704087 949.93709785554938 2 11
484.4709960243656 1 1 0
389.27503653147227 1 1 12
623.60365292363826 113.31080367825746 2 1
583.0011004580582 316.53519727323254 2 11
497.2095192959859 279.01698533107651 2 1
131.12442310693527 880.92383889860332 2 11
999 200.23549801218289 1 0
382.98066401624379 999 1 12
100.9972204684215 137.12817207742967 2 1
132.12938872449743 205.39543994996291 2 11
608.08690513570843 591.22805096124296 2 1
804.78636236089665 687.63020058610618 2 11
215.25483399593904 999 1 0
1 44.485281374238575 1 12
229.19307148882467 456.06039529443439 2 1
904.03520139839077 126.36798744505808 2 11
938.68296501288251 142.54816529256456 2 1
193.47186498895229 641.61535440654995 2 11
1 695.49033200812187 1 0
44.485281374238575 1 1 12
121.62573376251282 525.66601861046172 2 1
669.74218655219931 817.09315235002612 2 11
250.55772260089319 518.24103973093474 2 1
256.47741666698175 78.094777045147794 2 11
999 916.48528137423864 1 0
1 641.00505063388323 1 12
575.41714392483823 741.3582844352502 2 1
381.20012687068652 180.18887989708475 2 11
161.53592240214121 934.03470974105176 2 1
841.84723239204754 704.70819537050625 2 11
1 439.49033200812187 1 0
496.4709960243656 1 1 12
808.84211323304828 247.97995131193568 2 1
616.62942428536871 199.47862674616403 2 11
552.31450134628415 472.14156993812622 8 3
183.03415212152626 866.77066088104971 8 9
871.68386764544562 835.62168111067319 2 1
562.14327449652831 392.73779776242668 2 11
1 248 1 0
916.48528137423864 999 1 12
542.75831735190013 839.84203491044059 2 1
806.62945001774222 684.08012623629554 2 11
954.30685758336438 743.41024337930276 2 1
951.17082963974758 66.457166266832104 2 11
172.48528137423855 1 1 0
460.26998589758892 1 1 12
456.23837949065239 800.03407002004155 2 1
149.9853578140426 605.33475104201455 2 11
580.12453827265063 514.65090571742314 8 3
563.25656479540476 483.81509757442444 8 9
180.18413075683719 855.11401564235359 4 2
36.536548569885781 689.47567683502473 2 1
303.04646143266615 471.75263128863674 2 11
999 652 1 0
586.26998589758887 1 1 12
320.30669082504426 386.15348808740669 2 1
164.38564140642239 452.62526330122529 2 11
413.4711514505122 128.50187240415733 2 1
503.49033200812187 994.53589838486221 2 11
420.95627739860419 1 1 0
660.48528137423864 999 1 12
441.75513835044688 494.86306219987063 2 1
983.31599902391406 470.01300073206448 2 11
360.46011725949711 380.29636153531681 2 1
381.33960851175846 717.81514537014618 2 11
1 821.49033200812187 1 0
999 827.51471862576136 1 12
79.878810645252443 427.81143937163313 2 1
159.56997755459577 525.19108679856322 2 11
922.59798981796052 351.5292034631297 2 1
101.434689436778 262.45279903203175 2 11
1 857.97561338236051 1 0
999 734 1 12
992 976.21415554601572 2 1
125.1771213074941 698.67464374510564 2 11
222.86560014252672 455.83431521354822 2 1
521.46139404450128 411.51116097023856 2 11
999 480 1 0
1 729.6913421348986 1 12
504.09356349189557 435.9990040975452 2 1
464.38682989495845 876.91296751136065 2 11
556.34235919595108 517.87704247270688 16 4
883.9291011920717 871.30520322033419 2 1
242.25345081052851 238.49952310042883 2 11
324.77965388946711 999 1 0
999 532.48528137423864 1 12
321.52603718194393 115.36122143274554 2 1
127.77773237015543 80.982368907806318 2 11
398.7276817719723 117.55132386914573 2 1
845.04887650416777 516.47388502332524 2 11
827.51471862576136 999 1 0
1 300.48528137423858 1 12
482.25116843809639 151.16115065917273 2 1
931.87707276672643 132.31550568158733 2 11
222.67460416093024 190.08347436784621 2 1
469.04530929244601 300.53762560399042 2 11
1 603.6913421348986 1 0
210.16233815926421 1 1 12
681.39153773153475 123.94635708912458 2 1
121.4004876115735 910.06615159802016 2 11
768.54482973744371 703.47927905811355 2 1
813.71259963796638 80.982368907806276 2 11
880 999 1 0
999 654.54415587728431 1 12
224.37475732936278 846.97439679021215 2 1
249.91203399224182 522.68358872247177 2 11
187.25427720974778 499.26652864131898 2 1
412.88102945491255 873.8099191811458 2 11
1 513.00505063388323 1 0
999 569.79898987322326 1 12
555.43810518740122 819.3031264780501 2 1
673.5738136322633 808.55629266704022 2 11
206.31419931479678 841.37530405213442 2 1
557.25409849329753 158.89349394988361 2 11
821.49033200812187 1 1 0
999 443.51471862576142 1 12
339.03409808446719 262.14097453868106 2 1
697.17298177392559 362.02060196170476 2 11
572.17714426010627 505.65985859212265 4 2
566.12222279878392 500.43129032755746 4 10
439.02461829077043 224.83002007281209 2 1
930.60547994858496 136.10800508235866 2 11
999 398.54415587728425 1 0
1 374 1 12
160.30823279343852 507.05659714434142 2 1
471.58952744820448 297.45104918732602 2 11
109.94038523001649 372.05933770094259 2 1
677.13594505921378 63.999999999999901 2 11
1 547.49033200812187 1 0
790.20101012677674 999 1 12
954.81689455996525 222.09832576818178 2 1
814.05385578586379 101.55884558675571 2 11
672.24769515608602 210.86863981548865 2 1
697.48871687138876 15.592446775225952 2 11
81.514718625761432 1 1 0
1 895.00505063388323 1 12
8.4721359549995796 356 2 1
326.60095802544339 811.31454129973235 2 11
198.17622016741424 193.33059004872271 2 1
330.81563244874093 427.85291371696093 2 11
699.51471862576136 999 1 0
999 697.79898987322326 1 12
324.22544814866166 418.78755715130171 2 1
991.40741103032269 843.86110431814495 2 11
872.57770375794553 899.87662418486786 2 1
68.683114079434816 947.75678524535124 2 11
999 953.51471862576136 1 0
1 769.00505063388323 1 12
797.35642185709219 217.33207635756924 2 1
838.60269826770161 512.84057574775647 2 11
664.89386686246269 193.87280846747876 2 1
636.93410017622205 510.66301845960129 2 11
1 677.49033200812187 1 0
897.00505063388323 1 1 12
577.78585147376543 584.78650549284782 2 1
882.25239446109401 321.14097408606091 2 11
569.75363250687815 396.44460458815018 2 1
285.82190698792783 772.42380491938889 2 11
1 475.69134213489855 1 0
417.18167414302047 999 1 12
161.77226644150238 584.9802524269752 2 1
702.88137425580896 697.24766477416063 2 11
770.11543445311065 126.69453843145919 2 1
243.76830555140378 840.71382457441837 2 11
999 882 1 0
1 803.49033200812187 1 12
675.82161176106104 822.51852822376225 2 1
604.33210034251056 8.5925889696773385 2 11
307.91892880543605 612.4032543778759 2 1
461.96740241063367 727.47008250980616 2 11
1 118 1 0
362.98066401624379 999 1 12
548.14258077222746 841.32296903621057 2 1
706.48385628358642 419.70501520627943 2 11
876.27146105538748 898.34164632587624 2 1
795.0947638252868 223.27038043937753 2 11
252.98066401624379 999 1 0
1 172.48528137423855 1 12
408.03948554697445 122.45465986058227 2 1
620.55055738697888 152.21297834176607 2 11
547.67596158603044 487.45443867303499 8 3
496.76684643646405 851.24749557703069 2 1
154.38965066994004 118.23524336878057 2 11
1 339.51471862576142 1 0
999 606 1 12
