512.77016429232344 493.33404419870101 4 9
507.73770949505393 521.83799167435654 2 8
522.11977026713851 511.01411399821541 16 2
509.8151187937882 531.61983048950435 8 10
501.12918972553035 536.5750939760602 2 5
537.5932202548222 501.81779160942051 2 5
521.79969212743003 531.01155258380629 4 4
527.15042311151569 528.29683750926426 2 8
539.61070329177335 515.2646741880892 2 5
527.66767706011706 532.263252559742 2 5
532.20849250246317 529.12029937897751 2 5
508.98665441864682 543.66058908032448 2 8
536.09703856386579 528.18263764447499 2 5
545.85412603600787 507.45316521499223 8 10
503.92570103398839 546.88343732967076 4 9
526.54746935840683 539.57235698664306 2 8
480.69699184261015 453.16000771092854 2 8
545.59236620485717 525.04595898859941 8 3
536.44955833402867 538.17642220347182 8 3
477.05957248936249 448.38830147011492 4 9
554.49353284451365 515.78146936392579 4 9
497.29980917703193 556.88831399557318 8 3
442.23126340811001 506.79197332848992 64 0
555.35903541812979 521.71871664655293 2 5
521.29960932064398 556.79036979370221 16 11
537.09334513480439 548.15567761433022 2 5
485.63647280285267 559.71082787910746 4 9
561.81033396103919 506.27019072111392 8 3
558.89849512632804 519.85532592691288 2 5
560.4801938203866 516.18133229038961 2 5
469.95942378974121 444.70212615642373 4 9
504.66082696516804 563.65702267025733 2 8
474.93645722118021 439.63926837881331 2 8
480.57366294343893 437.58453928598044 4 4
564.47096336975289 515.90974730580638 2 5
570.03608108002163 513.56225889272469 2 8
571.6806469264202 499.4454620110896 4 4
574.36787284104821 509.41068327145729 4 4
532.06145905089966 571.21890368954189 2 5
527.99944649524389 575.63479023673654 4 9
548.54180723060301 435.50334680107113 64 0
583.99194729624037 502.24289484817666 8 3
533.52376443240075 577.97613842297608 2 8
530.82450873115806 580.92809009251755 2 5
588.03679251442327 493.09744640860066 2 8
448.01258346549577 572.53827617811078 2 8
432.61094165597223 439.4759320798741 4 9
592.86300474584391 506.85855728447251 2 8
440.56506224323442 572.7709379587277 2 8
424.77169750208594 441.07162976294546 4 4
441.9650710106423 576.51793348196782 2 8
455.53498158488071 411.71825938676437 32 12
489.91732772220064 401.04800755779985 4 9
426.46965129567019 429.35930740492648 2 5
432.08683952650733 578.07374283591992 8 10
421.92602045407278 571.68956271806212 4 9
606.03337729750774 492.74682389755549 16 11
603.53798297743515 474.92063509603793 2 5
422.54831616264335 581.07650357181296 2 8
609.22323317463247 473.00284204274277 4 4
424.48823509136884 584.57460513551473 2 8
392.43800937908765 460.48180324457371 4 9
428.07613082495209 589.38365953372397 4 9
609.84453219946215 465.0270043110844 4 4
509.16541016398816 381.48800506262296 2 5
383.69084250216599 472.19400922429861 4 4
491.25861626633747 379.65859742432593 16 2
513.97390184796723 379.28004275855562 2 5
421.88635864300073 406.84279283317301 2 5
384.0330796472727 538.74059533314539 2 5
384.49745271547414 459.50837637421154 4 4
613.85729374907544 454.42125421323607 4 4
509.1272848665439 377.48818675903783 2 5
599.74217891847297 572.49907040482094 64 0
473.26366299452968 379.23238533457101 2 8
380.61955242649742 467.03967345030219 2 5
623.27539139907844 487.57836670790607 2 5
376.83980907820109 515.73388031858076 2 5
419.6133908739327 403.55134671926231 2 8
381.34854545170361 541.70594120720796 2 8
375.87568087535038 521.65591179506487 4 4
615.62706570955675 446.61946549475016 4 9
484.25533724657805 627.69680043650487 64 0
375.42722824716736 533.64752929397946 8 10
392.82102835379021 424.48384085133512 32 1
451.422460586564 377.96789389187819 2 5
629.0706154008476 470.53678876543495 16 2
533.71500639940211 369.94693503137654 2 8
623.60010692816195 447.27567714233288 4 9
555.13504125996781 623.82356036736394 4 4
620.54160973065802 435.6719882938304 8 10
636.7864509925389 501.59263976201834 16 2
436.51615920578683 378.48762119264143 4 9
443.52566517033563 374.63186884932958 4 4
517.7278540693402 361.67584318232815 16 2
497.01885349636672 360.50606059356159 4 9
552.88610618198732 629.38613989623627 2 8
627.57463860594703 442.78089150314133 2 8
629.51655903795233 446.27788235754173 2 8
463.16927133606828 364.32925623207763 16 11
363.62719872140559 535.82911202015543 4 9
611.7564678232003 412.66951590985656 2 8
541.63045780887501 363.83582801347268 8 3
444.35714755638384 368.68976172797176 2 8
642.03431103030164 484.37462695495918 2 5
551.89818196342685 633.26222113098629 2 5
618.80108066563309 419.76694008347266 8 3
417.04182798756256 383.04288447843447 16 2
642.04673206059124 521.84016414495682 2 8
485.7833060402416 356.29150565132153 8 3
625.63573827702976 427.06676578926715 2 5
561.8865652994217 633.74409075362234 8 3
579.31115062731817 375.74780602081489 2 5
549.27951356661401 639.00416502339601 2 8
497.17107884330892 352.50750900944661 4 9
557.62860903289925 364.07905098371089 8 3
434.56805493099779 366.64680662038546 8 10
647.57663668836722 524.16828673788461 4 9
553.18765717003191 639.85646401733175 2 8
397.23614650967284 390.77172534860233 2 5
642.41829565627404 452.13337957634423 2 8
442.70875301095981 360.83913628100646 2 8
573.17802930372363 367.84939967332491 8 10
649.16765186020893 471.30247558825351 4 4
476.16001764091203 349.12266192423908 4 9
649.96171537279383 529.67386569645873 2 5
651.93640000592347 482.97869217178788 8 10
550.02825257190204 644.95726420801907 4 9
555.69162095205877 642.97578531823967 2 5
548.32027583417573 353.87358254428443 4 4
490.7727820233564 345.37797600166556 4 9
506.25840266191074 344.94691786433509 4 9
628.54588756408305 412.76417359358294 4 4
417.98573133518158 632.30547113296564 2 8
537.67640357463381 348.33210410233829 8 3
482.80442662981784 344.66712276627538 4 9
578.69597183202723 635.05350403885234 2 8
439.55753091411259 355.73327697072949 4 4
650.8006722540938 457.58643033461925 8 3
498.46212293803785 343.15303312246095 4 4
617.98333145735569 395.78087566614147 16 11
567.51100816052497 357.27183514444874 4 9
526.58761761251583 343.74529411212347 4 9
513.44970294994187 341.44189287621253 4 9
644.94535735394902 434.31165241043396 16 2
561.03631637132571 352.57307294203036 4 4
431.58917552057403 355.02242373533932 4 9
575.45469754146836 358.11200876326876 2 5
596.8600438227337 371.74326514627023 16 11
417.07706951758166 638.23626650131507 4 9
420.36775753175522 359.27445599300307 8 10
375.65027274211519 395.13822530617858 2 8
581.37520117122085 359.08547513150506 4 9
493.52587698893342 336.85752075808983 4 9
357.0121554981726 420.77916477774755 4 4
372.32265437263362 397.3579000542191 2 8
661.07920787675198 469.84822895691553 8 10
420.14835959325023 643.39060227531149 2 5
426.70437631193676 351.53835475047458 2 5
531.65648509806215 337.25492994741313 4 4
504.89719893126681 333.02437097184264 8 3
639.13569895107116 407.1200709378885 8 10
404.68926922398259 362.4658513591458 8 10
385.61215582882744 377.02825996858923 16 11
520.86482525020665 332.00706583635031 8 10
588.56169862249396 353.54608220665955 4 9
410.74446913242565 352.10561226592063 4 4
417.38887812133146 347.65007310795693 4 9
670.66196272222567 466.98976615821579 2 8
627.56963649138311 380.54595670362056 2 5
417.4513020856354 654.55235640199442 8 10
358.53664861163764 603.63830239712377 64 0
404.53183912022359 352.46709064781612 2 5
620.8591204248188 371.95379364138194 8 3
665.03318318544257 562.8510259495672 2 8
610.84760160764483 637.55804047732386 2 8
596.35737631181325 351.74958300981859 4 4
503.07221599135147 323.19230927202517 2 8
633.15185383028881 382.74569522926879 4 9
654.58306683368301 411.28886278916286 8 10
405.74754236721947 348.65630783909512 2 8
641.56230339233502 391.30515421709487 8 3
665.49773460268852 566.8239583653949 2 5
630.19275148076053 377.52614416763367 2 8
649.18980838325126 400.56912569878392 4 9
527.9059623497742 677.20056724369067 2 5
423.37261929017166 662.61076831522291 2 8
410.20806352852566 344.12361570941266 4 4
604.23348080287974 353.15207295480991 4 4
614.59838597992029 638.94786657892598 2 5
673.28074197616206 449.1812851668692 16 2
669.06597216246644 565.01628563035945 2 5
512 318.68734837375757 8 10
524.47870692709637 680.41076946241105 2 8
601.07944427103666 348.0479517223352 2 8
639.04659681403371 381.62676486700718 2 5
667.42542707601729 425.90650724268392 8 3
621.88692223306214 636.79222978846735 4 4
615.65831773682339 356.82264525797956 8 10
316.5125747731696 482.73347528910881 64 0
369.17766863674979 369.68607836272872 2 8
521.8277184714301 683.4061425957492 2 5
321.41061975512753 548.55147552730136 2 5
401.25322783058544 656.54665580026187 4 9
525.74728192654743 684.20427937682643 2 8
515.53961611974671 685.81128998417114 2 8
671.70972920535553 574.66048330036676 8 10
638.40493926239481 626.26867180944055 2 8
661.63761108989797 595.41097727248541 2 8
626.71728817155201 361.48088236270041 4 4
609.07943262500658 346.78679598223238 4 4
644.74008327151444 379.7335633567385 4 9
665.51509424379708 589.75953417633502 4 9
625.57978987664649 641.52115446189657 2 5
636.47444355145103 368.46643308490604 8 10
642.27888414094161 625.27240323220792 2 8
511.3213284979214 690.07814474377517 4 9
394.77940239271993 658.79682665551786 2 8
522.65876433856045 689.34831078309674 4 4
633.85411558630426 635.90550364916828 8 3
315.82006939268985 550.72994899398566 4 4
388.09735192814594 345.12490904195562 16 11
509.77464648908017 308.93810215923224 2 5
641.2047055985438 629.12547219850637 2 5
513.77358334632936 308.84588496054391 2 5
369.02023853299079 359.68731765139904 8 10
678.72815285334093 429.93743641628936 4 4
455.11176019169176 687.39229800278804 2 5
683.07148539677769 434.0769366780508 2 8
339.2514062135748 389.46533740309309 32 1
459.79364873652958 691.14461990445318 4 9
310.27504706564696 548.43806605792713 2 8
516.24421437847116 695.1936686916282 2 5
631.59227306192918 645.64634901263287 2 8
467.41445766417604 693.57839706933578 4 4
691.43534583422445 455.73949308442354 2 5
679.01462748226413 581.48971906756776 2 5
521.85923991631535 697.30825806296195 4 9
512 301.82701886541338 2 5
683.39524908603937 577.38970024266735 4 4
689.91342530948941 438.07480754643274 4 4
462.24353040466178 696.62167018833316 2 5
637.33330432217497 647.39006919341898 4 9
358.05135015400725 354.82074927836663 4 4
391.73608693758371 327.49653397415392 2 5
697.2277940875498 447.58795683457782 8 10
313.66802040126657 414.7929975867458 4 4
694.31942916038815 434.00207749573389 2 8
695.90018833733632 437.67647546335991 2 5
364.10655006245031 344.46051018514146 8 10
639.76980513955175 652.87308513055814 2 8
299.62199513763989 552.72424839225312 8 3
636.13587275787484 343.73079541078846 16 2
352.05364968758334 354.65464956416315 2 5
465.56313321086651 704.5759916208716 4 9
700.96690607961659 438.31331174644737 2 5
352.8851320736315 348.71254244280527 4 4
299.99622770569363 569.04033829293246 4 4
305.70854922038382 415.5972478716053 4 9
346.24072308472569 353.16808160076897 4 9
704.30268080206406 440.52070998896744 2 8
383.71184665943667 321.52899109969019 8 3
306.66066161113054 409.67327268636137 2 5
299.08756588809371 574.9711336612819 2 8
369.85544019888567 329.52899109969019 8 3
361.38167547362377 334.83891684125257 2 5
715.2290205903679 517.3013403731369 64 0
357.828786367916 336.67657268567586 2 5
286.86526842068128 541.69988289582761 2 5
363.43469359359563 669.45630263531632 2 5
589.80139452119909 700.11247411135525 64 0
713.06820605391397 445.33377211813018 8 10
448 285.70250336881628 64 0
634.99385786301343 323.76342698177621 4 4
372.3115074741616 317.78302440727538 4 4
653.41462949426204 338.68653474694952 2 5
357.84414323115794 671.63477610200061 4 4
496.54677364053668 722.9066769797148 32 1
377.19940369338315 311.44989954271443 4 4
652.82888164177211 332.7151949095844 4 4
320.99355185786311 360.78344844288654 2 8
349.15290442379052 669.58242801893709 2 5
576 285.70250336881634 64 0
382.72570989854688 304.76206925451629 4 9
307.03607923164742 378.59461031390993 2 8
351.26814868729747 672.97738629639809 2 8
354.91600254907638 676.8717592169188 2 8
724.16894989307536 449.89156612590631 4 9
315.27795182282006 362.60880217282926 4 9
530.11808873185601 728.28875864384395 2 8
646.90194551951504 322.28104768986947 8 10
318.57611184962542 357.59660301102582 2 5
658.82817473349428 332.62309496596606 2 8
350.77947376350238 676.94742367894924 2 8
724.56687086228385 441.90146857316864 4 4
638.42854973651367 313.78389734963099 4 4
345.40933051586785 674.27131428285099 4 9
377.47318710471075 301.86189610447298 2 5
276.78126053254675 430.03221658769939 2 8
658.07005695234534 326.67118288413002 4 9
305.00077063546519 368.80392499988278 8 3
380.9390159973666 296.96413844541797 4 9
309.84762070546407 360.05703730202407 2 8
530.30555561656354 735.41046198646711 4 9
347.52325228047562 681.98696945743711 4 9
291.35838088264126 614.17776846193397 4 9
731.88143992311939 446.37160949967557 2 8
271.14235719798751 432.08228224115942 4 4
261.67087134937162 520.2206474792913 2 8
663.75436567769555 324.75060111942759 2 8
735.12854607254201 451.41703333265349 4 4
294.08710883444184 625.32370814632884 4 4
513.62083761585529 258.6314838044832 4 4
265.507692614387 437.76123945444408 4 9
380.08050180556529 289.01033725463657 4 9
257.27964848674577 516.13198488979435 4 9
667.33773424411697 322.9731113959179 2 5
647.81457405720664 306.30709673363481 8 3
308.80060671501604 651.72186436434265 4 4
466.20599247632043 742.28287367424548 4 9
298.50212820812419 361.20342195063904 2 5
286.88995637256733 620.81351878859414 4 9
661.19210711526682 315.08443170961169 8 3
400.56072245010574 724.54312950513872 64 0
253.6834625641408 502.94492400079861 2 5
253.76713238572415 508.94434058584721 4 9
293.69202597064645 364.78991277943135 4 4
263.40690369247784 430.04199817659924 4 9
288.32025487938165 626.98002800100869 2 5
739.91098250832442 440.41120298062185 8 10
275.57563676651262 395.89933968196914 32 12
743.10890730228061 451.97724279605569 4 4
254.50063687451618 460.13879542739028 2 8
251.50537512080621 514.50171893130755 2 5
250.60719213516373 500.38825424351643 2 8
380.16204987251047 281.01075289588533 4 9
746.52212296281255 459.06153404768884 2 5
249.93118639075851 504.33071746256252 2 8
714.29749663118378 370.98066401624374 64 0
471.23430736475808 748.50509589646765 4 9
671.03591890573932 316.84493431788968 2 8
465.24182195553959 748.20489826106177 2 5
281.73614411282125 623.88568727213976 2 8
705.28823619309401 644.91474407967121 64 0
250.86730474695489 464.99373112000211 4 9
287.72680480685113 364.14482637668516 2 8
748.05864671737515 455.3684195420629 2 5
674.9020861073634 317.87097094934404 2 8
289.4578717053239 360.53880261178676 2 8
743.24653177079324 430.98389630704622 2 5
738.1206879326146 585.36619151311379 4 9
514.12297296951704 752.69766413854222 2 8
652.26092386248592 297.34997814509904 2 8
515.43428628582865 246.76930002908287 8 10
246.23371448040399 511.63648000716285 4 9
475.28429095740876 752.93201727585313 2 5
657.80098185401346 699.87557209163447 4 4
289.99946178504939 644.90153084446342 16 2
376.23668837502044 276.47296300277407 2 5
752.51323746134688 459.38794952748674 4 9
283.91335754986142 362.93750702450131 2 8
471.60180026824798 754.49383106892969 2 5
381.18253150523412 273.07610625994283 4 9
465.6093148590295 754.19363343352381 4 9
482.67612725205805 756.12723038819649 4 9
253.96111788574296 425.45036012402784 4 9
531.92729027827863 755.34460296838529 16 2
662.10473565295842 299.11048075337703 8 3
499.89974874213243 241.76600281968831 4 9
246.50897728231865 444.01014461703301 16 11
754.24800510640955 447.51400404935504 8 10
675.48226871101861 307.88781572935392 8 10
283.81083132762865 354.86389368625726 4 9
657.35821903919066 707.86331026271955 4 9
758.38512720563926 462.86930340648701 2 8
494.596029075677 238.96055139439974 2 8
508.61363505811306 761.0431536854752 8 10
373.46992995136253 270.95107043172311 4 4
551.8901044508109 756.56363960152817 4 9
753.23069997091716 431.54637773041514 8 3
482.71958120958129 762.12707303226443 2 5
492.70190078204297 762.72146007220465 8 3
667.7430916891069 702.68662998855336 4 4
663.23296721418581 706.64374727525569 2 5
653.23740395836353 285.79243177396444 8 3
684.62895971242972 311.92985033147016 2 5
760.96992462812148 457.45461760907182 4 9
645.87027214856289 279.03037817339128 2 8
311.96083247552656 687.58288739970249 32 1
764.05348492805865 464.83646398221254 4 4
380.33148521709546 261.10632262716797 8 3
673.70062506369936 703.39922811556244 2 5
559.32437063938255 760.90022793815149 4 9
371.28306493141724 265.3637972699259 2 8
276.54585620371989 351.51424647364126 4 9
272.20882925948922 358.23661192674012 4 4
243.1481067506503 420.24663163453476 8 3
687.41465273274287 306.61572628355987 4 9
767.98265440983016 471.80508129008035 4 4
552.22422193976126 764.58640325184274 4 9
517.45876421754849 769.15263518264283 4 9
501.5959697120278 770.77723674914148 4 4
760.03253575103736 424.21595959634686 2 8
758.11365478168136 584.83583637538175 16 2
495.77628875264736 772.23713864003173 2 5
764.48405325670717 565.87751305106349 4 9
491.80096858739677 772.68079344249861 2 5
766.30231978991117 560.15965446464929 2 8
509.27370524933701 773.02498607216205 4 9
266.22309026705079 358.65004718697105 2 5
772.70305010483025 478.2640180820473 4 9
230.28161668768314 451.79941724877921 2 8
761.66086472508925 416.94490406001273 2 8
693.07206040610652 304.61729229231435 2 5
650.29904669836901 270.06455662782224 8 3
524.02786762670189 773.71847359413414 4 9
266.00758454647075 644.27716991601517 8 3
543.84861976892682 771.40330475823748 4 9
234.20224591092895 428.24485480198513 4 4
486.2588302485641 774.99616729616787 4 4
466.26654503332026 774.44071084212067 16 11
643.14196069142292 263.08056637230385 2 8
387.43428628582859 246.76930002908287 8 3
233.36202827801185 422.30397655636057 2 8
329.29466081145489 719.74712524624556 2 5
778.14933781658829 484.12387730908966 4 4
232.81795997669724 579.57980435774266 64 0
229.0080779096059 434.32931194901408 4 4
264.87048233660386 348.74194687528205 8 3
220.52652358273861 484.36992781453273 32 1
332.56113511729131 724.7800315248594 4 9
760.14597931062838 604.73230985710813 4 4
780.4976462547063 492.03582163140192 4 4
524.72396688731044 779.67795728144972 2 5
778.63356687823409 535.6279197056208 2 8
780.99651999138325 500.02025179233726 4 4
228.20384696353213 428.38345519112147 2 8
534.71168732071271 779.18253771764751 8 3
326.85716429392147 722.91865653680736 2 8
248.91789021097392 370.97887142143827 4 4
323.37466019885932 720.95087473287811 2 5
308.60104286915515 291.54371197673936 64 0
222.5124644847109 444.41925774838899 8 10
253.32255245225042 359.81648142017633 8 10
765.14058485178714 601.40756693648621 2 5
558.81829670552156 221.97818248659345 2 8
596.40177860670963 767.79138463689299 4 4
525.71714854436777 783.55269471721033 2 5
783.20197861819634 530.16134705839784 4 4
371.46665996688876 245.75199489359045 8 10
657.41879946919687 262.05608606931759 2 5
604.30453856336499 766.54784731638949 4 4
786.06992423186205 489.811025428307 2 8
268.05285380475499 668.18986264730574 16 11
262.71009644232021 338.97809861817666 2 8
449.53943776612823 782.34605918680222 2 5
707.85592752885782 302.15650048242537 4 9
787.66180247715749 495.59599938262647 4 4
457.3662281588696 215.33768119370561 4 4
631.26496799124698 243.65047235879865 2 8
444.35420844895339 217.14782069547832 2 8
563.89974874213237 218.78775223353622 4 9
644.70730754058604 749.75009437408266 4 9
773.47977742547289 594.21039102592147 2 5
452.03995816509098 785.46814146220288 2 5
766.05788439672597 614.40163448384658 4 4
573.62747079797748 219.74516029630053 2 8
601.04831708033828 771.58739309487737 2 8
242.88070256313205 365.729836719253 4 9
361.49275908134729 245.02998303399625 2 8
769.7398435393485 607.29929846869925 4 4
436.78689468170262 783.73898693738931 2 8
448.08589540240752 786.0726145126855 2 8
251.43202021566651 650.87663386686654 8 10
438.63377184113034 215.33768119370563 4 4
777.49910651237576 589.75561901254332 4 9
570.94790944812132 216.77532006956153 2 5
442.09332759822331 786.53930293785538 4 4
213.68528670354431 439.72022248360548 2 5
211.63432213982023 449.48542189143615 4 4
774.89941417266323 601.18547553375618 4 4
212.54982273690746 443.55567833401875 2 5
534.4387376664904 790.93475036820803 2 5
701.80895048748982 712.41341426356337 2 5
357.72897813652912 243.67574782568732 2 8
630.9647703558411 237.65798694958013 4 9
538.43790274469222 791.01647354295642 2 8
466.99279931487007 792.42605361668382 2 8
649.09825615674549 246.09461499094823 16 11
205.75196872535389 517.19846005047236 4 4
714.36248616582748 297.5019656287933 4 4
568.99038809498279 213.28703823576328 2 5
614.79056321277301 228.27957452614794 2 5
241.48433708823165 357.85264410636699 4 9
609.31625315240126 225.82357587734685 4 9
243.09967839877288 645.34743140661556 2 5
598.50140978841773 221.53330080610951 4 9
361.52604640717186 239.0300753718785 4 9
795.16632213134062 514.13466666913814 16 2
237.77903528711374 362.57183244363779 2 5
620.67210314141869 229.46595054906237 4 4
602.08451876274842 778.17252168551363 2 8
279.72731571169538 698.39955957906579 2 5
678.40128449577833 737.07271621679138 32 1
448 207.83609668934943 8 3
704.54303052305511 715.33314136709942 2 5
707.81789211968805 713.03634326476242 2 5
272.18706406700323 691.83110427094982 8 10
690.29349417461606 270.73101823190427 32 1
536.32274618350186 796.63128544734411 4 4
784.2209233406993 594.09349620380488 4 9
422.00961046231936 789.22525624817956 2 8
778.40679634117532 388.38463494056674 2 8
431.54048078055814 792.25222023490198 8 3
616.62309762000586 222.56627270965797 4 9
236.47609086122287 354.54848464749512 2 5
354.14420003403109 235.94651507194132 4 9
198.61300314300402 520.8088852905272 4 9
622.50463754865154 223.75264873257237 2 8
718.04165200311513 709.67082784928084 2 5
715.41182005643088 712.68479266861743 2 8
709.4286243477294 718.816096000784 4 9
572.25937344636202 794.49614588041698 32 1
243.4347604440683 337.94797508794301 16 2
244.24349303556826 665.17086616457982 8 3
781.21224776646386 383.08091527411131 4 9
235.4585883282017 651.79830286196318 8 3
635.29014638467675 226.4646352527391 8 10
419.81623770392281 794.80997790129027 4 4
585.56921938165306 206.27687752661228 16 2
249.60208763920502 675.90797303160298 4 9
800.25959148195068 561.86367888730729 32 1
445.77464648908017 198.08685047482408 2 8
537.68160781597726 804.51503424241525 4 9
609.15826120824727 213.17073029074015 8 10
452.76621244664079 803.45348423676603 16 11
806.16820211800848 528.38102187876837 2 8
645.07004935595103 228.55113899643581 2 8
500.5466363567453 808.03945098007284 32 12
195.51071347349915 453.15760261152241 8 10
344.41326148029884 233.73813267726641 4 4
256.40889977072726 689.17600889795051 8 3
193.38417468506302 462.92887851496903 2 5
248.42867379293554 320.65459978223691 2 5
400.65530550417645 793.21148583496836 4 9
669.92658595356443 241.04618962341709 4 9
262.81373848367235 699.32381856610846 4 4
412.29971027472158 797.54892211504591 4 9
810.18039789806357 504.2060449686652 2 8
354.85247629677644 774.88949217004892 4 4
344.20523136918382 769.35449664594489 8 3
394.67900844336037 793.74428358353794 2 5
625.13103647833623 214.10370948195256 8 3
361.08164136885796 779.90920356660945 4 9
244.4861907231882 319.97870981726066 2 8
733.49033200812187 291.66026096034051 16 2
756.1781104053224 319.97072194706044 2 5
274.4675301422028 717.5537445803368 16 11
186.53788350143753 485.2487596663525 2 8
388.68495236507272 793.4772784705857 4 9
186.6698860550336 481.25093834395153 2 5
383.00079172142881 791.55625848702232 2 8
777.78538022168641 352.94490406001273 2 5
368.76343849678904 785.81621143808979 4 4
540.7480134302001 811.90402311837545 4 9
376.00212225529197 789.22230266475788 4 4
226.50398762651011 656.24972131828304 2 5
635.48145309960478 784.54784731638961 32 12
337.37654570642394 229.93226469246972 4 9
786.21554497585851 367.54637773041514 8 3
259.90274997516548 704.57035512876962 2 5
467.12863447834411 814.30340743387865 2 5
355.16095485528228 780.88155700438961 2 5
308.41872995694371 751.48479276838339 32 12
723.80223366085659 276.48987037823235 2 5
753.23069997091716 310.41495030207233 8 3
606.08343590108757 201.57135749172855 4 9
225.76591232634127 341.38480592356677 2 5
255.01214318697799 701.09444298325525 4 4
747.87587830438883 697.92693833156261 4 9
816.42396485423626 525.27525129768071 8 3
773.98186635036529 660.42252225182619 2 8
237.05496585547002 679.4650984622931 8 3
228.27006114810345 666.09253515967646 8 10
753.80708333466487 692.5584369681626 4 4
818.7023401933485 509.43830065009308 8 3
778.41261979609772 656.37673136460398 4 4
794.02875507903195 373.78767149722887 2 8
669.17543005479706 771.87046915909832 4 4
247.83132859417219 697.56798558471098 4 4
346.31331098323079 781.16787890255705 4 4
751.73218606796172 300.52786498421199 2 8
255.90495995817253 709.04446677020542 4 4
394.90099616175496 803.74181935256036 8 10
369.43301884613862 793.78814107624919 4 9
465.59025822497244 819.66316680729381 2 8
223.54944729688282 335.80920884583708 4 4
545.37053558843093 818.43336373567092 4 9
440.63670074941172 816.7529182843781 2 5
578.8228644541025 187.44906046802811 4 9
537.56283177756654 820.17685483166611 4 4
617.95263252408392 199.80439073350948 8 3
249.45038627484959 703.34541167481711 2 5
469.23958065477984 821.30098419739102 2 5
752.91072307675893 701.19042390961226 2 8
225.97849410421753 328.18689085143558 4 4
422.76698974697206 814.59110684734492 16 2
823.50200901663766 518.21116672605399 2 5
379.17464115585034 800.79533700435957 8 3
363.06699216422328 794.25977030881711 2 8
512 174.85125168440817 64 0
677.08818113168468 773.04876046230572 4 9
798.07772875125886 369.35982640038844 4 4
586.7415400105466 186.31126548132124 4 9
757.01192275806409 699.71916223381231 2 5
799.66147622586595 627.31668834283448 32 12
823.86895946082655 534.68652407599507 4 9
175.82434872445211 466.88520411242121 16 11
825.70430991570197 521.55030894374704 2 8
343.31235730563668 786.36348060254659 2 8
605.20007272425653 809.01889806735869 4 9
757.59129924196134 299.23527347322931 4 4
328.15749307606336 222.25052865179231 8 3
353.34257787090405 791.9282972440169 8 10
826.55628278563483 515.62825911175264 2 8
334.33884623945903 781.95030723804041 8 10
275.22955915073442 737.53922210253165 4 9
175.88326055320383 544.88460325659241 2 5
826.42175560493183 525.48544193806958 2 5
402.61974425746939 812.92990554256232 4 4
577.65781723995201 181.56325848454276 2 8
752.97061543368977 291.51516413933433 2 5
672.11137539160495 779.31225825710931 4 4
201.98554965692622 638.62110441484765 2 8
758.31597259498551 703.50062412345574 2 5
218.16284968167523 329.89443360650296 4 9
221.1161264742419 324.67158417477634 2 8
685.24331609675926 772.47736944718929 4 9
221.1764201827643 676.4645453439706 2 8
701.96971766129445 761.57840857841632 2 8
230.46138039610642 308.69577157895679 16 2
704.32606719654223 239.76189014627181 2 5
828.80602210923144 540.88563651873324 2 5
216.86321142804897 672.29366651112889 4 9
197.5659411590843 635.6996768020482 2 5
267.33592127881349 736.23903705917235 4 9
825.14874831559189 434.98066401624374 64 0
707.86607382921295 241.62424162777228 2 5
617.38960246979991 189.82025345691051 2 8
753.4775753677344 285.53661986624633 4 4
171.04652656619015 548.43509679114038 4 9
621.34761157007358 190.3983226241829 2 5
758.96846938241333 291.35470227538792 4 4
198.12300545811055 639.66069679275142 2 8
341.35760705246702 792.52869251482866 4 9
818.54087869912075 596.66431221547919 4 9
270.55591467970396 741.30180729869755 2 8
697.4224920715028 768.57439011178724 2 8
260.58334082503484 731.94920521919926 4 9
363.55161402414456 804.24802048854758 8 10
240.62273112247345 289.82640825550709 4 4
713.62335170377412 243.3135466550213 4 4
204.70347600928491 656.41472339309814 16 2
693.23366690266585 772.87017219482141 4 9
832.2417880429997 538.83734150864382 2 5
711.69369575606379 759.24511690945474 8 10
212.64419832001809 327.53976013689407 2 5
322.62661551662723 784.56251923080731 4 4
215.59747511258476 322.31691070516746 4 4
327.72082525362015 212.26006714028833 2 5
710.20726361490233 238.38096698824768 2 5
168.13924488427358 449.65781723995207 2 5
834.05758200058835 533.99751492054315 2 8
571.48347402278534 828.48729149342171 2 8
266.6582102190992 742.20063984026581 2 8
833.42063165912521 544.72039579436307 4 4
742.30107557390056 733.49267429352653 32 12
585.2550597136169 174.43083949939685 4 4
832.74792617252001 550.68256547731335 2 5
579.46612320925533 172.85343208579999 2 5
163.41479892394034 513.25332973497166 32 12
583.43664666105349 826.60640224009342 2 8
312.37148015323237 219.64250334512565 8 10
321.72241708283445 212.12186650117394 4 4
761.26162954270183 283.69040736461722 4 9
260.24452770054415 739.94202735325632 4 9
326.47471020151852 208.45912024814083 2 5
333.20155600178953 796.31470151260896 2 8
838.21939702176462 538.31947000239109 4 4
581.74401619142304 169.56539261496161 2 8
207.78183069004245 324.02445346023484 4 4
162.25344290078823 450.82286445410244 4 4
314.97071267207963 786.88354306412919 4 9
188.14199547041082 639.04471008393534 8 3
829.8956505063237 588.08100923535778 4 4
514.66413740294627 841.15585422998083 4 9
416.56923211448668 831.49045003958076 2 5
158.89743198773428 477.5378793533277 4 9
605.25292340912915 174.72315374077388 16 11
578.31123486632532 832.95611592261264 4 9
158.44072618786714 471.55528628573836 2 8
833.14979641858349 580.77275811886466 4 9
705.03162587379859 775.06292482917604 8 3
309.13786070967666 785.47718678469937 2 8
359.61903638667712 813.44230312099319 2 8
421.72233651466343 834.56380570414012 4 4
164.83604131143224 578.01176909369599 4 9
327.40839260969125 797.87651389329119 4 4
179.69410863054932 626.64193670080681 4 4
586.96945212700541 166.61669471874967 4 9
266.96083185462533 754.19381266681557 8 10
829.74700779473255 600.9564760861258 8 3
844.48706553749867 519.32693643319931 16 2
765.26881187634194 279.22470588053187 2 5
448 158.72673618781107 2 5
174.85125168440814 384 64 0
384 174.85125168440814 64 0
722.81162409793637 763.76083051695775 4 4
486.93557992368147 845.18364669077209 2 5
165.1223491164491 586.00664419220664 4 4
670.90242290605772 800.55819080725939 2 8
716.17915203405175 770.62077889432976 4 4
166.34562039358013 593.91256649024035 4 4
789.75071581610871 690.54466338632596 32 12
637.47336796579623 818.48944826811032 2 8
668.16223314753438 803.47218464515333 2 8
171.72954151049436 614.16867444977413 4 4
688.27632519845065 792.24605316131294 16 2
658.3343898223178 809.72210565993714 2 5
580.80179061063063 161.52160380499458 4 4
303.36970563160259 787.12896975933256 4 4
217.12916337092506 296.60230271376082 2 5
214.78755702919074 299.84527661750252 2 8
267.6004481195796 239.82378129058048 2 8
173.14902365751072 622.04173423833799 4 4
837.85185458657259 587.24505670474957 4 4
151.12134969970217 479.41738573792793 4 4
728.74202996526162 764.67203096076469 2 5
281.2413376077123 773.0433378271083 2 8
158.8374702527081 578.14270897851759 2 5
155.11890547070996 560.531000487798 16 2
255.9357740440538 248.52779097555879 4 9
341.02437625042603 812.52591625295224 16 11
655.0666104874274 814.75416470355572 4 4
813.04586158858751 658.57141964006632 2 5
261.35217304307918 242.64029389417044 4 4
704.77956770467199 785.05974765842416 2 5
666.36911288848694 809.19797889019867 4 9
192.10854555845697 669.27426175723883 2 8
177.52475407489987 640.0868431346604 2 8
165.67697187154332 608.93738390482747 4 4
673.65333763301726 805.890401246186 4 4
450.22535351091983 151.61565289399223 2 8
292.89289823496699 784.57713728432998 4 9
415.80737304239619 841.76000840003178 4 9
188.97415862222147 665.16621323980564 2 8
257.15174342387894 756.13849365808323 2 8
271.92728833307979 769.40349083723117 8 3
211.68537135161139 296.17367380759595 2 8
146.8059970672974 483.58604639310204 2 5
453.51757804528029 851.4476031445779 32 1
646.38095145491093 823.03422069194528 8 3
579.20718572978649 153.68213728781447 4 9
279.43484991847356 778.7649287097762 4 9
419.68543619140536 846.33828604695282 2 5
186.86510515985233 668.56502089733328 2 5
749.49033200812187 246.40542696440144 32 12
833.49357552182141 623.94192061325487 2 8
501.29800195538479 856.03356988788471 16 2
169.91589743194444 633.59798340532791 8 3
843.86719523028682 592.51911367638718 4 9
255.62543542217711 240.85018880749399 2 8
591.09116804057442 155.34675869728832 8 10
842.64157083987709 598.39260027751538 2 8
837.67121639568643 614.85636522412142 8 3
284.89298204863087 784.61375710952814 4 9
842.35750256137612 602.38250067892261 2 8
549.26381290062056 854.22222222222217 32 12
145.23379878122537 545.48823924733733 2 8
141.76542575096371 477.50019365932059 4 9
143.42562584220408 457.56921938165306 16 11
161.30509465364122 620.11265524791304 8 10
780.362296401555 725.29890889527678 4 4
288.92465384070272 791.52357784244248 4 9
414.70461138001178 849.68363867383778 4 9
196.62476533045967 306.03157146762709 16 11
156.55619091702835 609.09231435933862 4 9
256.27209241488697 766.09972922915472 8 10
777.68110438203939 730.66651630961746 2 5
309.5324909250109 806.84602552769149 16 2
379.82044036959297 840.79012345679018 32 12
246.74018409095152 242.21782952038353 4 4
448 141.86640667946688 8 10
612.48589255386332 844.2739236581948 32 1
831.30141888223693 646.51440138791747 2 8
137.9189977769866 487.83750545412272 4 4
862.02482198129894 515.27390066751173 2 5
172.71970196167942 657.43364324849222 16 11
863.17330053804073 510.2900438880759 2 8
864.01255741267369 500.32532372650684 8 3
151.18936238343588 606.40956362715758 2 5
325.23853179644163 821.17502689362573 2 8
842.13111722339806 370.75839638639917 2 8
647.27117324057622 835.00115451696195 4 9
852.27275680860009 601.08337281265722 8 10
321.30204613076478 820.46504055296816 2 5
850.01464218595743 610.82508305013641 2 5
848.79359962592412 614.63415840599214 2 5
485.39932054325237 868.16748637661635 4 9
142.59272922646036 589.97747580655209 16 2
753.5051501678289 767.70478782797056 4 9
830.05160859021419 664.47095936081291 16 2
849.16308703287859 618.61705672958794 2 8
868.6959260044755 489.27697278017445 4 9
868.17975334056371 523.15532312559242 8 3
180.79008999666468 314.59095562031615 2 8
869.10526127100263 511.19106656403812 4 9
217.06745301574068 262.60235871627663 32 12
130.62142617609459 504.27587442620802 2 8
131.12718209106498 523.90742750312756 2 8
864.44582472000673 562.98066401624374 32 12
438.6337718411304 134.3648221751107 4 9
248.8950936519781 772.85101719901945 2 5
517.13846778004665 870.46913580246917 4 4
129.76703740625231 477.30352864084136 8 3
460.10025125786763 130.91475113528011 4 9
848.12699890174395 370.98066401624374 4 4
511.109994173281 871.1241235131148 2 5
444.35420844895344 132.55468267333796 2 5
413.94472533944372 861.65955505653471 8 10
128.01977519979877 494.62023295618962 8 3
146.13174406017521 615.03629515747764 8 10
480.68961500762259 871.88483405576312 2 5
846.65116760867488 637.11306031149559 16 11
131.67733633535192 441.38349438512643 4 9
128.3501823172445 467.40441142480876 2 8
192.24926823837606 288.57147338092756 2 5
465.40397092432306 128.10929970999155 2 8
825.12357611022276 683.85431551696263 4 9
648.46013343492496 842.91230953100728 4 4
611.92111262646881 143.42562584220408 16 2
132.39473722095914 568.2518927521038 8 10
685.49033200812187 174.85125168440814 64 0
177.00886157645672 309.93238162882352 4 4
583.43847058815857 865.54002995780434 4 4
127.24656038206925 544.81055586114303 16 11
581.55828924666298 133.32122301933956 16 2
188.50130854033623 289.96889890734008 2 5
765.40354922955692 766.14655172010032 8 3
858.73441191959751 615.72055195436758 8 10
783.22980536909301 250.6063717776924 2 8
743.10045494220356 210.97705597330943 4 9
876.81747024376625 528.19415698871285 2 5
825.14874831559189 306.98066401624374 64 0
422.30265645381161 870.27030342630383 4 4
564.62334975261945 127.22140135530002 2 8
121.7045829206827 486.86663079475568 2 5
760.49636327020107 774.85973288201239 2 5
170.06970182479418 313.91334406784586 4 9
786.82649734530628 252.35674511736676 2 5
154.73506569332872 656.69009883480567 2 5
161.67859950375399 671.64962216355798 2 5
292.82399394989926 817.83811945162995 4 4
557.85038556213249 124.63430092270031 4 9
146.539362069525 639.03283339861684 16 11
809.88825482935158 719.77158812884488 2 5
578.3130587934304 871.88974364032356 2 8
879.00076143023864 532.25357796238654 2 5
590.26623143169854 870.00885438699527 2 8
119.17101926876336 489.96195876149415 2 5
298.46867711885164 823.50711865097242 4 4
126.19532518719308 578.52648716918895 4 4
816.83238227567665 713.48626204874381 2 5
735.46816108298151 801.01706369873148 32 12
566.38861896397054 123.63199686270573 2 5
764.30379380824797 776.08589465679893 2 8
868.17975334056371 602.80600490689505 8 3
599.34354594421961 130.5491039378397 2 8
415.03314414985897 873.61009247094137 4 9
750.03615990040748 209.61797935436431 2 5
134.1642823049585 614.15319882217466 4 9
136.26865744422111 621.87146321731257 4 4
116.02832246348983 495.07306987260529 4 4
164.07000793005386 313.85273738986649 2 5
287.46316214654382 820.53283323534288 2 5
815.8773352174702 719.40976482299925 4 9
115.44898797870458 515.06467740063408 16 2
120.32421632738844 563.57438150488167 4 4
864.08195165532527 374.41495030207233 8 10
868.30003777288277 612.80528146349366 2 8
121.70721057580074 574.54442398096523 2 5
403.03566915924932 873.3639342907087 8 3
755.88020907404018 210.9770559733094 4 9
781.86092452563196 236.006160640986 2 8
844.51919164105288 675.18025628764644 2 8
631.69895780749425 136.60876142019993 2 5
603.51997521400483 127.50642705027683 2 5
123.01926483642279 585.86900994057112 4 9
290.73683821371122 825.56105807192841 4 4
684.80316216649419 840.12023345250384 32 1
160.1410779286368 314.6034097844335 2 5
789.31567289877319 242.67149834384452 8 3
628.54040943417078 134.15446474429146 2 5
780.21741806197906 231.85049025416956 2 8
130.90182891062864 619.18871248513153 2 5
652.77053823314259 856.54920189073732 4 4
568.6260988398983 118.06479973984236 4 4
853.64491859840723 660.07144542660376 8 3
191.20742271998802 735.2681097858997 64 0
133.15313002938123 626.99918092867119 2 8
865.57457450319305 630.63967854425039 4 4
350.94444563144117 858.73941112739794 2 5
848.92027401948121 671.10220848283996 4 4
752.03615990040748 203.96112510487191 4 4
863.39123857980007 360.77203821687135 2 5
111.98356655747334 532.72794024681491 2 5
155.29359204396374 318.8732163438994 4 9
535.19814022512173 112.16150707522472 2 5
429.08920226719187 883.12179542858894 8 3
118.24848376392531 579.44719960716043 4 4
115.63338724588584 570.05482304293514 4 9
412.21231849106834 881.0962759179796 4 4
645.08718860940689 863.4665897616494 4 4
773.53763150951215 779.92467588353122 8 10
256.00716020239918 806.0988518560672 32 12
550.68882833618784 888.19234631690858 2 5
354.4676358323959 863.44482058781978 2 5
866.59773911002947 638.57397965949156 4 4
633.59058326598949 130.91475113528014 4 4
508.02005459213063 107.27552598973134 2 5
575.63994644598938 114.21695076170788 4 9
751.67266267029572 197.97214607972072 2 8
534.14678606390237 108.30214774656839 2 8
498.24412818163358 106.79635011619068 2 8
556.54963273022736 889.47724781305828 4 9
569.98200967237835 112.22001524301416 2 5
443.45716978713926 890.16178899007298 8 10
611.70999313028665 878.26506927119954 2 8
321.62083761585529 147.78023212007508 4 9
147.78023212007511 321.62083761585524 4 4
803.21996418265155 753.11126269011095 32 1
769.3928893152347 789.02528642035657 2 5
869.08524886471992 358.88041275837617 4 9
143.69396323540329 670.90607774987143 16 11
357.19302337162338 868.79012345679018 4 4
108.8140734733559 560.18076816807331 8 10
211.12660004259655 229.12540745198905 2 8
856.90346380033293 671.62055288852514 4 9
866.52100042289806 650.5737342892287 8 10
503.30203971944161 103.56873011443888 4 9
109.63409671352329 570.14708954988646 2 5
801.27992946032748 241.74599041340548 4 9
768.77835595662259 792.97779812193983 2 5
433.63318844160904 892.02978002931127 2 5
552.79884047804921 894.16036189249314 2 8
133.16419602074373 653.90243101144847 4 4
551.932042761459 105.53002866506861 16 11
893.01951626804191 435.27597137978336 2 8
317.24585509125751 854.22222222222217 32 1
429.77846684232128 893.09801286534685 2 8
895.51357049070259 444.34689217511334 4 9
556.57587139865643 895.47719044047392 2 5
893.70343098892988 431.33487246519712 2 5
128.40654101153513 647.47089007530008 4 9
656.17481813870972 868.05619447457741 8 10
349.37120021183148 870.46913580246917 4 4
892.37083716227062 420.50334720363668 2 8
317.19299251901487 143.73125844784823 2 8
143.73125844784821 317.19299251901487 2 5
205.14681670054415 228.63327821884752 4 4
774.67531828974609 791.87062368142824 4 4
641.75796161134701 874.99552065724367 8 3
181.68904820417026 255.94139234579765 4 4
98.556519767638122 505.28244379556526 2 8
98.4039851826373 509.2795343875307 2 5
807.15888195086529 240.546858388148 2 8
185.92223235346702 248.96508516551577 2 8
623.38539090916947 882.76029703375048 8 10
895.51357049070259 425.61443585737408 4 9
398.6895592855181 110.50673483955764 2 8
723.38886295444206 834.93004877409555 4 9
127.19002783281434 653.34627054689497 2 8
132.97063791026955 332.99005793081676 2 5
899.87419571109876 556.59078695032542 4 9
868.30821863342578 666.47360381913234 8 10
394.76470441989687 109.73503911985358 2 5
314.63015553941062 140.66012402943326 2 8
140.66012402943323 314.63015553941062 2 8
323.43428628582859 135.91804834467473 8 3
135.91804834467473 323.43428628582859 8 3
95.018670481267861 507.14889026598155 2 8
278.47476135380384 839.19276214937338 8 10
100.12098969953423 565.12346930220212 2 5
521.56921938165306 95.425625842204099 16 2
873.37706060187577 657.85346222523265 2 5
635.21485383354798 882.55777829687122 2 8
899.87419571109876 569.37054108216205 4 9
901.23327233004386 563.52649190852935 2 5
875.68163481307658 654.5840681368627 2 8
95.587087775701846 540.15461403518862 16 11
256 174.85125168440814 64 0
221.39477238599264 796.20023530390847 4 4
126.39857358997541 660.86269699373031 4 9
176.12942473777855 253.68515944293804 2 8
786.42088701716978 789.41265393601486 8 3
129.46134840441769 331.07045193892208 2 8
96.814243275120717 560.11693076898098 4 9
155.73587644157078 280.88999702543873 32 1
903.01515499505877 434.98066401624374 8 3
638.70209005906008 884.517161747724 2 8
434.70492462882817 903.55575049101878 8 10
850.6696044248597 710.16325178291027 32 1
91.492336910696665 516.50650596385367 8 10
768.68719054748442 808.26248166020798 2 5
104.48642950929748 393.36622815886966 4 4
767.60637497918901 812.11369415854278 2 5
106.29656901107019 380.35420844895339 2 8
778.42313145385197 803.27035598034456 8 3
834.65470740377475 740.15530195298106 2 5
219.45844260158992 801.87919885072188 2 8
906.89012657953629 565.52649190852935 4 4
371.89974874213243 107.936500549128 4 4
387.43428628582859 102.93320333973341 8 10
131.55744907363055 312.25460945698563 4 9
315.48908850800086 129.84566559395805 2 8
589.49033200812187 904 32 12
624.27561269483476 894.72723085876714 4 9
214.02979100767112 799.32386289006172 4 9
104.48642950929747 374.63377184113034 4 4
798.40460535078159 788.78775802415873 4 9
767.15849604186326 818.0969545120206 4 4
838.28790371095636 741.82858752140078 2 5
307.89974874213243 130.91475113528014 4 4
281.4886538443921 854.49395087258199 2 8
795.33558874750736 793.94344780233848 2 8
119.6941356370545 670.81510935131644 8 10
275.9029572734388 852.30306205357704 4 4
836.69739421517249 747.17310822785055 2 5
82.79831012338262 524.77777540822956 4 4
790.16870018127565 800.81238623493118 4 4
263.70724225176502 845.35071469635841 8 3
554.20445531598239 84.921416421877794 4 4
542.30819556899246 83.346931098939535 8 10
96.984845004941292 384 8 3
254.38855056301315 840.06030210241693 2 8
787.92791782970164 806.37825494097103 2 8
434.13106036528274 915.54202096214635 4 4
698.83573518842036 871.08936153813636 2 8
702.37574182109108 869.22701005663589 2 8
763.51986592446895 829.53200461548715 8 10
381.19299251901487 95.119993236559935 2 8
78.024121177429009 516.20389041018257 4 9
800.80035628783151 796.42060660431707 4 4
708.13301969565225 867.53770502938687 4 4
667.45457205189086 111.36336809390551 2 5
77.794946976661208 531.02007924752081 4 4
385.62083761585524 91.071019564333028 4 4
269.10407397304147 856.51912489319147 4 9
122.27037802666069 694.67643737701519 16 11
236.54128996717799 833.97500467501857 2 5
233.40213335565599 831.49595329024703 2 8
278.46592887084017 864.02616644579814 8 10
837.77514542446534 240.16319552147786 4 9
552.55046803774314 77.0942632942443 4 4
75.189146376646747 539.03839956677871 4 9
109.84559634058891 672.54897028171808 2 5
73.946548326987497 523.08672410346196 4 4
819.66095453809055 782.87187148987107 2 8
674.72562758822505 109.73503911985358 2 5
72.137713748208583 517.36587473762359 2 8
813.63379103843272 791.73188166777379 8 3
711.03904009346968 872.78699502399274 2 8
832.99032913061001 769.5345805907474 2 8
110.48965693799047 678.51430228814274 4 4
888.67813239697364 683.87786294751049 8 3
151.97349144375053 247.09880795005731 2 5
546.34435966228136 72.046073635364252 4 4
126.54909916858382 714.21339070627459 4 9
807.12134807237919 801.81097322474955 4 4
317.24585509125757 890.22222222222217 4 4
890.61009672000955 318.05111595516576 2 8
230.65862426714639 836.46995420942233 2 5
712.24675852908251 876.60031591008158 2 8
751.11116962397716 147.78023212007503 4 4
170.56410537769989 218.63147450347597 32 12
894.11938622586138 319.9707219470605 2 5
307.00214358720376 887.96780588270451 2 5
66.653269558716801 519.79915892413976 4 9
120.76633870952753 712.61349024900392 2 5
769.23154757455757 841.65615585464502 2 5
65.650589679069157 531.75719526205705 8 3
384 80.124515496597098 2 8
850.95345227548137 758.16241250888231 16 2
553.58600957033775 67.605966481464975 4 9
66.893187728728378 547.7088707253738 8 10
308.67752454678771 891.60003641507217 2 8
498.98066401624379 936 64 0
936 498.98066401624374 64 0
849.74492905724014 239.3121492333392 8 3
100.82939674327343 676.25889539558489 2 8
545.89019388680128 66.063287206919512 2 5
743.03753297609023 137.41656224763014 2 5
262.6837221965551 866.65712681991101 8 3
682.05604572229333 102.93320333973341 8 10
527.99996153688414 64.078448053239867 16 2
240.51652192717756 851.53056023057411 16 11
814.90366338762453 803.66450184176563 4 4
693.23572255113629 107.29380261077762 4 9
889.69543753246603 699.84548926645039 8 10
898.51019409679111 682.05288000759526 2 5
864.46386860878079 743.41559419099019 4 4
744 864.44582472000673 32 12
312.21754020281986 896.44444444444446 4 9
64 448 64 0
448 64 64 0
549.13716361069532 63.580079047945063 2 5
897.06679666026662 310.41495030207233 8 3
179.70061175464278 801.86968039067506 2 5
822.12159099211794 800.21464371478544 4 9
189.25687937170659 187.86493097956046 4 4
741.74494146510756 131.55744907363055 4 4
867.02936208973051 255.97072194706047 2 8
892.70619738922244 299.23527347322937 4 9
572.99790950565125 936 4 4
691.94313104015362 101.43468943677802 2 8
837.17116399739257 787.04231087815742 16 11
752.92461829395052 135.9180483446747 8 10
121.96242843371392 268.42588014294 4 9
553.63243892670573 59.606101212920336 4 4
96.984845004941292 685.49033200812187 8 3
864.08195165532527 246.41495030207233 8 3
173.70239585687048 801.15077419136139 2 5
125.54899382934198 261.27489778644639 4 4
176.38945282083085 804.11383424347514 2 8
58.048714856103672 552.37527186601801 2 5
115.55242657859692 275.65648509806226 4 4
821.50029196728826 808.19048144644387 4 9
54.657868625868993 520.13135835254684 8 3
903.01515499505877 690.98066401624374 8 3
569.24711725347311 940.68311407943486 2 5
184.29142002151292 184.49681378421613 2 8
188.19039950707929 179.93633585190108 4 9
549.58815738467956 54.938121291162311 2 8
566.17902236175485 943.24958904237758 2 8
683.86949439226657 91.071019564333113 4 9
605.98275451059249 936 4 9
197.0873091758271 831.08787254529307 32 1
274.03575995623106 111.36336809390551 2 5
170.85552462702555 806.43237661872013 4 4
222.08257226275657 854.13644784215649 2 8
830.32837959194796 805.83529631370232 4 9
177.68476377165953 185.38547889443259 2 5
514.41434784129763 49.400876710736028 4 4
248.3020022322176 874.23268119800434 8 3
433.85922733613398 946.73305570275511 2 8
554.61807787589612 51.667051152501358 4 9
813.49033200812187 174.85125168440817 64 0
129.39532419294923 758.40389323240629 2 5
520.21073351682037 47.851066044688586 2 8
64 621.49033200812187 64 0
621.49033200812187 64 64 0
128.34641877518274 241.47150379267885 16 2
546.89622179960782 49.575893880297997 4 9
867.84095716067873 764.39235462357613 2 5
865.09925679081766 230.44732398313246 8 10
134.61587349522088 769.22980226935465 2 8
912.76440120958409 688.75531050532391 2 5
684.03563696513993 85.073320284986181 2 5
936 626.98066401624374 64 0
936 370.98066401624374 64 0
130.15685031401091 765.21518992574886 4 9
110.304562467534 264.86482525020671 8 3
831.42073136173894 812.19809361413763 2 8
434.62901542697858 950.65828516040392 2 8
912.85661840827242 692.7542473625731 2 8
803.19683783350581 840.12023345250384 32 12
866.84266679951088 770.30872313430973 4 9
367.52900397563423 936 64 0
913.02174941384783 306.98066401624374 4 4
517.6310663507137 44.336025081005921 2 5
860.20666212068306 780.30689506234614 8 10
952.12451549659704 434.98066401624374 2 8
952.98236890780629 562.75839638639923 2 8
534.26980325088596 43.510496245403921 4 9
43.712812921102035 541.49033200812187 16 11
544.68484989802027 43.998274826179191 2 8
512.24016316521102 41.701985816959834 4 4
777.99823099194487 864.79265236936976 2 5
134.77616995724765 222.53322774292354 4 9
685.49033200812187 80.124515496597098 2 5
219.9540146758975 863.90728417275909 8 3
831.93204867631005 818.17626679696025 4 4
232.30271889030897 874.08124624389814 8 10
133.14035006244342 777.57134750383614 4 9
246.15018742234221 883.99842198014687 2 5
865.82126865041198 220.47342309759097 2 8
434.18945210538931 956.64216217169962 4 9
277.01933598375615 904 32 1
841.30537425964087 810.6835525018015 8 3
38.800678370550173 517.99839862329225 8 10
777.72221651873815 868.78311800768574 2 5
135.2310626378713 216.55049653977602 2 8
543.72308704337343 40.115619521954834 2 5
240.21770584837552 883.10083500689814 4 9
508.30262380979337 37.174758870523789 2 8
958.97825058615217 562.98066401624374 4 9
251.48908850800086 109.00558609045011 2 5
553.71449281315711 39.701118926619657 8 10
958.97825058615217 434.98066401624374 4 9
870.15010422281387 779.24484084453434 2 8
524.57078722109418 36.444444444444457 8 3
259.43428628582859 102.93320333973341 8 10
131.36959332772207 217.59407440787004 2 5
35.052631983527561 508.72736047857904 2 5
737.61012293408169 899.87419571109876 4 4
871.8211763125297 220.50671042341557 4 9
536.55575803953116 35.844049173632669 4 4
126.83953179390294 221.52835229584542 4 4
135.88421850108301 208.97200007548273 4 4
506.56684962304269 33.570998615927195 2 5
47.875484503402902 384 2 8
778.4990118229706 874.73262126891041 4 9
125.26737873108962 778.99132018515127 4 9
249.74482604828566 105.40592659660514 2 8
838.72447577269475 822.40272324891839 4 4
208.04470196920508 865.37978913173697 4 9
871.18365678837597 785.15515125044533 4 4
243.89974874213243 107.936500549128 4 9
437.06211868192855 964.10860622091309 4 4
138.87377041881811 201.55158369018693 4 4
785.89861655215884 871.69192236047252 4 9
218.89423846689166 875.86039566671013 4 4
232.78965329962179 886.07136279383326 4 4
104.48642950929747 246.63377184113037 4 9
745.59211949058965 900.41060131499876 4 4
107.62916283772935 241.52268318739297 2 5
543.57168890796868 31.999999999999993 4 9
239.07623210013202 891.0189811082322 4 9
429.09979990362825 964.88415742665393 4 9
966.92400097608595 557.2876632841793 2 8
29.352462390890011 510.60034382478648 4 9
741.30126136387764 904.60447023717904 2 5
211.61674323009146 872.53803760678488 4 9
96.984845004941292 256 8 3
199.29936966080638 137.31408984259974 4 9
64 320 64 0
320 64 64 0
680 936 64 0
210.03575995623103 127.48788359050263 2 5
874.90473661246688 213.12486405027479 4 4
204.10025125786757 130.91475113528014 4 4
142.51240053621237 190.11653358672032 8 10
555.54920651116754 970 2 8
41.021749413847886 384 4 9
205.82914005213797 870.95574513870497 2 5
259.98534482690286 91.463451430114219 2 8
200.20090890605587 866.95297392142083 4 4
163.16167428913604 833.33538172990848 2 5
875.21200948203909 789.60176508295399 2 5
840.58262460237586 830.18393670998955 4 9
744.89079708473025 906.36947259092335 2 8
864.34087238293137 803.94813668599022 16 2
255.71941262951933 92.971686222540214 2 8
250.24074820542745 95.048594951656014 2 8
25.733300834933353 540.63176043666476 2 8
191.19132369618151 137.71702272842083 2 8
299.64675298172568 932 4 9
198.1224713691839 131.43064608820077 2 8
589.49033200812187 968 32 12
132.4949758036887 196.72343919587072 4 4
850.65784779590217 823.66551070361118 8 3
534.62741699796948 24 8 10
556.01897987444727 973.9723183391003 2 8
386.08145466568482 35.891393779086926 4 4
252.01465517309714 91.463451430114247 2 8
164.42592860027904 840.53425909779094 2 5
87.235598790415935 258.22535351091983 2 5
878.83390609423839 206.15624674240695 4 4
190.79826315403434 866.53428139211098 4 4
744 913.02174941384783 4 4
256 86.978250586152114 4 4
160.6625079478674 839.17902295858812 2 5
132.53084076536797 190.72354638811794 2 8
19.629337994896318 505.82239094356703 4 9
87.143381591727632 254.22641665367064 2 5
135.55417527999327 813.49033200812187 32 1
846.8862778272869 832.92700410218572 2 8
380.51226783469366 33.658870981551665 2 5
189.5191972207075 131.95473212050987 4 4
845.077725939022 836.49479614593679 2 8
83.726309284564067 256.30574751902515 2 5
17.629337994896321 500.16553669407466 2 8
183.12534283459863 864.27014937926583 4 4
162.03226646068131 155.20271348220072 32 1
133.61032785389145 185.56097632567361 2 5
555.60241241063954 980.14944053669012 4 9
299.64675298172568 940 4 4
512 16 16 2
15.801838872482536 496.60741261563436 2 8
176.14190233448281 860.36738641165653 4 9
843.10783624063924 842.16220601078737 4 9
135.98149846286535 180.049393073727 4 4
16 525.49033200812187 16 2
623.4314575050762 969.99999999999989 2 5
548.57340702575937 983.96952997272763 4 4
16 557.49033200812187 16 11
557.49033200812187 16 16 11
984 562.98066401624374 16 11
434.98066401624379 984 16 11
984 434.98066401624374 16 11
685.49033200812187 47.875484503402902 2 5
47.875484503402902 685.49033200812187 2 5
492 10.928203230275509 4 4
625.59500805174821 973.3643794423333 2 8
486.12701665379257 9.7001695926375451 2 5
988.76930625847501 543.55764371010002 4 4
854.72127189870616 839.14092942365721 8 3
454.40368432238751 988.76930625847501 4 4
989.07179676972453 454.98066401624374 4 4
866.09166559306527 827.88419156425596 8 3
8.5925889696773226 483.86110431814495 2 5
990.29983040736249 460.85364736245117 2 8
8 502.86291501015234 8 3
173.12687915007751 867.77749000050721 4 4
952.9823689078064 307.2029316460883 2 8
830.11997970907328 865.3892033708695 2 5
131.13743203497842 173.68268117179375 4 9
534.84176833438869 991.40741103032269 2 5
534.62741699796948 8 8 10
545.50747941081806 991.35871719866395 4 4
875.20521809066656 820.71242726252206 2 5
11.23069374152494 576.91335231426558 4 4
576.91335231426558 11.230693741524936 4 4
156.48341800842945 856.68716984162768 16 11
557.49033200812187 992 8 3
988.76930625847501 582.40368432238745 4 9
828.56396227916503 871.18392594902809 4 9
888.13830204114504 808.76967654199416 8 10
415.55764371010008 988.76930625847501 4 9
496 4 4 9
880.61584885642003 818.11915236064942 4 9
488 4 4 9
4 488 4 4
480 4 4 9
4 480 4 9
989.07179676972453 414.98066401624374 4 9
254.39191898578665 932 4 9
996 530.98066401624374 4 4
530.98066401624374 996 4 9
996 466.98066401624374 4 9
466.98066401624379 996 4 4
622.46728698429536 982.07797541318371 2 8
996 538.98066401624374 4 9
538.98066401624374 996 4 4
878.03755583291854 823.53693835540435 2 5
996 458.98066401624374 4 4
458.98066401624379 996 4 9
16 384 16 2
384 16 16 2
4 541.49033200812187 4 9
958.97825058615217 306.98066401624374 4 9
2 494.86291501015234 2 5
2 510.86291501015234 2 5
403.42302030614371 11.230693741524936 4 4
11.23069374152494 403.42302030614371 4 9
996 546.98066401624374 4 9
567.32960467527948 993.78569688954349 2 8
450.98066401624379 996 4 9
996 450.98066401624374 4 4
523.31370849898474 2 2 8
476.35324701827426 998 2 8
998 476.3532470182742 2 8
628.45977239351384 981.77777777777771 4 9
525.32380976675131 998 2 8
998 525.32380976675131 2 8
474.34314575050763 2 2 5
2 470.62741699796953 2 8
8.4721359549995796 585.49033200812187 2 5
500 1 1 7
504 1 1 6
35.891393779086926 683.40887734243711 4 9
1 492.03448788540612 1 7
492 1 1 6
1 513.69134213489849 1 7
8.5925889696773385 412.13889568185499 2 8
412.13889568185505 8.5925889696773226 2 5
1 515.69134213489849 1 7
484 1 1 7
1 484 1 7
999 518.4953826420051 1 6
518.4953826420051 999 1 7
999 481.18167414302042 1 7
520 1 1 6
520.4953826420051 999 1 6
999 520.4953826420051 1 6
479.18167414302047 999 1 7
999 479.18167414302042 1 7
522.4953826420051 999 1 6
999 522.4953826420051 1 6
857.75389404853956 848.67000088400107 2 5
1 476 1 7
526.14213562373095 1 1 7
999 473.52481989352799 1 7
473.52481989352805 999 1 6
528.14213562373095 1 1 6
471.52481989352805 999 1 7
471.51471862576142 1 1 6
140.90911781322922 847.66269348951801 2 5
999 470.98066401624374 1 6
469.51471862576142 1 1 7
866.69917651051492 839.86880380183709 4 4
544.63751826573616 998 2 8
1 467.79898987322332 1 7
1 533.49033200812187 1 7
546.17662350913713 2 2 8
1 465.79898987322332 1 7
534.98066401624374 999 1 7
999 534.98066401624374 1 7
1 535.49033200812187 1 7
462.98066401624379 999 1 7
999 462.98066401624374 1 6
1 537.49033200812187 1 7
549.49033200812187 998 2 5
687.57178667380663 35.891393779086926 4 4
682.00259984281547 33.658870981551658 2 8
540.2842712474619 1 1 7
542.2842712474619 1 1 7
999 542.98066401624374 1 6
454.98066401624379 999 1 6
1 545.49033200812187 1 6
1 547.49033200812187 1 7
549.00505063388334 1 1 6
573.49033200812187 4 4 4
4 573.49033200812187 4 4
1 549.49033200812187 1 6
999 550.98066401624374 1 7
999 552.98066401624374 1 7
999 446.98066401624374 1 7
446.98066401624379 999 1 6
999 554.98066401624374 1 7
996 578.98066401624374 4 9
565.49033200812187 998 2 5
64 749.49033200812187 64 0
749.49033200812187 64 64 0
888.41579812292264 181.3458649193708 8 10
418.98066401624379 996 4 9
996 418.98066401624374 4 4
966.34112901844833 687.49293185093734 2 8
581.49033200812187 4 4 9
4 581.49033200812187 4 9
964.10860622091309 693.0621186819285 4 4
863.57992223352369 847.23563845149988 4 4
569.49033200812187 998 2 8
416 4 4 4
4 416 4 9
33.658870981551658 688.97806417342827 2 5
565.49033200812187 1 1 6
1 565.49033200812187 1 7
623.4314575050762 988 4 4
573.49033200812187 998 2 8
1 567.49033200812187 1 6
996 586.98066401624374 4 4
810.05604572229322 102.93320333973347 8 10
1 569.49033200812187 1 6
569.49033200812187 1 1 7
254.39191898578665 940 4 9
996 410.98066401624374 4 4
589.49033200812187 4 4 9
4 589.49033200812187 4 4
999 570.98066401624374 1 6
2 421.65685424949237 2 5
421.65685424949237 2 2 8
100.12580428890124 807.10045494220356 4 9
426.98066401624379 999 1 6
999 426.98066401624374 1 6
426.48528137423858 1 1 7
1 426.48528137423858 1 6
882.36250708062698 170.9845103960827 4 4
408 4 4 4
4 408 4 4
407.52900397563423 996 4 9
999 574.98066401624374 1 7
424.98066401624379 999 1 6
1 424.48528137423858 1 6
424.48528137423858 1 1 7
999 422.98066401624374 1 6
422.98066401624379 999 1 6
577.49033200812187 1 1 6
1 577.49033200812187 1 6
996 594.98066401624374 4 9
126.37329665246888 160.14618111302366 4 4
936 754.98066401624374 64 0
578.17662350913713 999 1 7
996 402.98066401624374 4 9
413.32380976675142 998 2 8
848.06791877542514 866.75722503390023 16 11
999 582.98066401624374 1 7
4 400 4 4
400 4 4 4
399.52900397563423 996 4 4
936 242.98066401624374 64 0
999 414.98066401624374 1 6
1 585.49033200812187 1 7
585.49033200812187 1 1 6
1 412 1 6
412 1 1 6
2 595.14718625761429 2 5
11.230693741524936 364.57697969385629 4 9
364.57697969385629 11.23069374152494 4 4
999 590.98066401624374 1 7
101.55884558675571 814.05385578586379 2 8
821.23572255113618 107.29380261077763 4 4
999 406.98066401624374 1 7
593.49033200812187 1 1 7
598.86291501015239 2 2 5
617.77460325558377 994 2 8
1 404 1 7
404 1 1 6
403.52900397563423 999 1 7
862.7225668399351 856.30536921278622 2 8
612.11774900609134 996 4 4
826.51295377774693 110.14876856169265 2 5
1 597.97561338236051 1 6
999 598.98066401624374 1 6
998 604.35324701827426 2 5
1 599.97561338236051 1 6
999 398.98066401624374 1 6
998 393.60808101421327 2 5
601.63246763185271 999 1 7
606.46089475659892 998 2 5
601.6913421348986 1 1 7
999 396.43650813895948 1 7
125.88084469312707 846.08521926605238 2 5
603.63246763185271 999 1 7
603.6913421348986 1 1 7
132.71109865441792 853.38916551614693 8 3
396 1 1 6
1 396 1 6
395.52900397563423 999 1 6
390.15642097360376 998 2 8
634.74516600406093 992 8 3
1 394 1 7
393.52900397563423 999 1 6
999 607.18167414302047 1 7
392 1 1 7
1 392 1 7
152.77687296504172 874.30141191562393 2 8
882.26828489195248 161.47370115165074 4 9
126.16201890283561 152.14897149263041 4 9
999 609.18167414302047 1 6
999 390.77965388946706 1 6
808.76980688758408 93.016268850684654 2 8
121.79708169227362 156.26568415540532 2 5
819.9431310401535 101.43468943677803 2 5
623.4314575050762 996 4 9
387.32799384885755 999 1 7
617.77460325558377 998 2 5
385.32799384885755 999 1 6
100.12580428890121 819.88020907404018 4 4
93.109873420463757 810.94450411583625 4 9
879.5357640959478 156.13204128795653 2 5
4 368 4 4
368 4 4 4
878.20859704961583 152.35863067802677 2 5
1 376 1 7
376 1 1 7
151.36410979115752 878.0436171764984 2 5
867.05086700406798 860.46058493392115 4 4
146.77821394498699 874.17456570513286 4 4
1 374 1 6
374 1 1 6
152.18803372014901 120.57481892087587 4 9
627.4314575050762 999 1 6
1 372 1 7
372 1 1 7
4 360 4 9
360 4 4 4
9.7001695926375433 659.61734866191443 2 8
893.33229188668076 166.11996300615309 8 10
315.30472959430324 981.77777777777771 4 9
134.00053282451154 135.96156202625016 2 8
10.928203230275509 665.49033200812187 4 9
665.49033200812187 10.928203230275509 4 9
904.06006285717831 177.99072245972428 8 10
878.49899754747071 148.25030394812222 2 8
646.05887450304567 996 4 4
1 364 1 7
364 1 1 7
352 4 4 4
4 352 4 4
118.3884805452407 150.25897112146626 4 4
991.52786404500046 662.98066401624374 2 5
988.76930625847501 671.55764371010002 4 4
1 639.28932188134513 1 6
685.49033200812187 16 16 2
16 685.49033200812187 16 2
640.40202025355336 999 1 7
277.01933598375615 968 32 12
135.92091075714939 869.06389378381266 8 10
2 644.11774900609134 2 5
644.11774900609134 2 2 5
813.49033200812187 86.978250586152114 4 9
641.28932188134513 1 1 6
1 641.28932188134513 1 7
988.76930625847501 326.40368432238745 4 4
128.43798160540902 862.43020918850414 2 5
4 653.49033200812187 4 9
653.49033200812187 4 4 9
356 1 1 6
1 356 1 6
124.94811388182866 140.21052793411013 8 10
256 41.021749413847886 4 9
41.021749413847886 256 4 9
744 958.97825058615217 4 9
320.33304448274089 988 4 9
999 353.18167414302042 1 7
646.94617613083756 1 1 6
984 690.98066401624374 16 11
1 647.49033200812187 1 6
871.96598338901424 863.90175202117985 2 5
998 348.3532470182742 2 8
999 648.4953826420051 1 7
868 868.40408205773463 4 4
999 351.18167414302042 1 7
648.94617613083756 1 1 6
996 658.98066401624374 4 4
1 649.49033200812187 1 7
998 653.32380976675131 2 8
984 306.98066401624374 16 2
653.37258300203052 998 2 8
2 346.34314575050763 2 5
346.34314575050763 2 2 8
999 650.4953826420051 1 7
650.54415587728431 999 1 6
996 338.98066401624374 4 4
327.34897535117835 992.1559508263673 4 9
344.90158697766469 998 2 8
661.49033200812187 4 4 9
4 661.49033200812187 4 9
879.75718004274609 142.38370554627275 4 4
347.73001410241091 999 1 7
869.64614429308301 131.54604887845943 4 9
36.536548569885781 259.98534482690286 2 8
888.11511115711403 150.99445391604183 8 3
657.37258300203052 998 2 5
335.52900397563423 996 4 9
141.15322143925846 879.86310324218914 4 4
1 343.51471862576142 1 7
343.51471862576142 1 1 7
999 342.98066401624374 1 7
657.49033200812187 1 1 7
1 657.49033200812187 1 6
996 666.98066401624374 4 4
342.07315985291848 999 1 7
1 341.51471862576142 1 6
341.51471862576142 1 1 7
340.07315985291848 999 1 6
996 330.98066401624374 4 4
660.20101012677674 999 1 7
4 669.49033200812187 4 9
669.49033200812187 4 4 9
1 339.51471862576142 1 6
662.20101012677674 999 1 7
999 662.98066401624374 1 6
999 334.98066401624374 1 7
1 665.49033200812187 1 6
665.49033200812187 1 1 7
996 674.98066401624374 4 9
876 868.40408205773463 4 9
983.31599902391406 708.96766328417925 2 8
996 322.98066401624374 4 4
331.52900397563423 999 1 6
877.63326296864454 131.99984978469087 4 9
999 670.98066401624374 1 7
325.98989873223326 998 2 5
320.33304448274089 996 4 9
328.81832585697947 999 1 6
309.01933598375615 992 8 10
999 326.98066401624374 1 7
673.49033200812187 1 1 6
1 673.49033200812187 1 6
133.20275751925919 880.75199213107805 4 9
1 675.49033200812187 1 7
677.49033200812187 1 1 7
1 677.49033200812187 1 7
113.25549562580613 137.51188414158608 4 9
999 678.98066401624374 1 6
705.49033200812187 10.928203230275509 4 9
10.928203230275509 705.49033200812187 4 9
132.44004726665833 117.40984956355996 16 11
999 680.98066401624374 1 6
999 318.98066401624374 1 7
999 682.98066401624374 1 6
904 845.49033200812187 32 1
117.55005908332291 130.76231195444996 4 4
316.33304448274089 999 1 7
999 314.98066401624374 1 6
989.07179676972453 710.98066401624374 4 9
989.07179676972453 286.98066401624374 4 4
299.30782583068429 994.38465312923756 2 8
889.24326958520885 135.03427664380834 8 10
808 936 64 0
64 192 64 0
192 64 64 0
4 701.49033200812187 4 9
701.49033200812187 4 4 4
8.5925889696773385 713.62922768997691 2 8
713.62922768997691 8.5925889696773226 2 8
695.49033200812187 1 1 7
1 695.49033200812187 1 6
301.01933598375615 998 2 5
104.48642950929748 137.36622815886966 4 4
697.49033200812187 1 1 7
1 697.49033200812187 1 6
284.13889568185505 8.5925889696773226 2 8
716 991.52786404500046 2 8
8.4721359549995796 284 2 5
990.29983040736249 281.1076806700363 2 5
186.50966799187808 936 64 0
699.51471862576136 999 1 6
996 706.98066401624374 4 9
872 888 16 11
109.55747637582773 130.41789699564416 4 9
297.01933598375615 998 2 8
724.57697969385629 988.76930625847501 4 9
275.42302030614371 11.230693741524936 4 9
11.23069374152494 275.42302030614371 4 9
701.51471862576136 999 1 7
1 298.48528137423858 1 6
298.48528137423858 1 1 7
996 290.98066401624374 4 4
4 709.49033200812187 4 9
709.49033200812187 4 4 9
999 702.98066401624374 1 6
999 296.98066401624374 1 6
703.51471862576136 999 1 7
296.48528137423858 1 1 7
1 296.48528137423858 1 6
293.65685424949237 2 2 5
706.34314575050757 998 2 8
2 293.65685424949237 2 5
293.01933598375615 998 2 8
4 288 4 9
288 4 4 4
712 996 4 4
999 294.98066401624374 1 7
705.49033200812187 1 1 6
1 705.49033200812187 1 6
931.31688592056514 825.24711725347311 2 8
996 714.98066401624374 4 9
241.82113176469244 975.55555555555554 4 4
290.19090885900994 999 1 7
996 282.98066401624374 4 9
4 717.49033200812187 4 9
717.49033200812187 4 4 9
934.7150985038503 823.13710511161173 2 5
999 710.98066401624374 1 6
744 984 16 11
256 16 16 2
16 256 16 2
111.99978943318609 121.38139311308623 4 4
720 996 4 9
4 280 4 9
280 4 4 4
713.49033200812187 1 1 6
1 713.49033200812187 1 6
895.73525915761934 127.42809025431501 2 5
284 1 1 7
1 284 1 6
716 999 1 6
996 722.98066401624374 4 9
996 274.98066401624374 4 4
132.77505209207771 97.41265546621355 4 4
999 718.98066401624374 1 6
938.68437841875755 823.63189492265678 2 5
2 723.14718625761429 2 8
999 278.98066401624374 1 7
4 272 4 9
728 996 4 4
272 4 4 4
721.49033200812187 1 1 7
936 828.99790950565125 4 4
724 999 1 7
1 276 1 7
726.86291501015239 2 2 5
900.11774900609134 126 2 5
1 725.97561338236051 1 7
999 726.98066401624374 1 7
96.984845004941292 128 8 10
1 727.97561338236051 1 7
110.62261929273404 113.50082191524484 4 4
891.67854533431523 884.42860622091303 4 4
998 269.32380976675137 2 8
729.6913421348986 1 1 6
104.48642950929747 118.63377184113037 4 4
1 729.97561338236051 1 6
998 732.35324701827426 2 5
731.6913421348986 1 1 6
813.49033200812187 47.875484503402902 2 8
268 1 1 7
732 999 1 6
1 268 1 7
124.79397989773217 96.862667622125755 4 4
999 266.49538264200515 1 6
266 1 1 7
1 266 1 7
734 999 1 6
254.85860865091374 993.78569688954349 2 8
999 735.18167414302047 1 6
999 264.49538264200515 1 6
1 264 1 7
736 999 1 6
263.84776310850236 999 1 7
261.01933598375615 998 2 8
999 737.18167414302047 1 6
129.26081943965761 90.225850274428794 4 4
948.33294884749864 176.10840988401799 4 9
257.01933598375615 998 2 5
245.01933598375615 992 8 3
875.98534482690286 908.53654856988567 2 5
763.42302030614371 988.76930625847501 4 4
236.57697969385629 11.23069374152494 4 9
11.230693741524936 236.57697969385629 4 9
927.77348089249858 145.77777777777777 32 12
41.021749413847886 813.49033200812187 4 4
813.49033200812187 41.021749413847886 4 9
872 913.02174941384783 4 9
253.01933598375615 998 2 8
233.70562748477138 988 4 4
809.50498718121901 36.536548569885781 2 8
248 1 1 6
752 999 1 7
754 999 1 7
1 246 1 7
246 1 1 7
4 240 4 4
760 996 4 4
240 4 4 4
871.77773237015549 919.01763109219371 2 5
813.20974463764117 35.028313777459793 2 8
122.1143228100533 914.15418761149783 4 4
244 1 1 7
1 244 1 6
756 999 1 7
80.124515496597098 128 2 5
227.86110431814501 8.5925889696773385 2 5
8.5925889696773226 227.86110431814498 2 5
817.47567683502473 36.536548569885753 2 8
233.70562748477138 996 4 4
239.36248173426378 999 1 6
960.29888107338036 175.204824821279 8 10
768 996 4 9
4 232 4 9
232 4 4 9
966.47127420455229 183.07257945867471 2 8
764 999 1 7
236 1 1 7
1 767.28932188134513 1 7
225.70562748477138 996 4 9
1 769.28932188134513 1 7
2 772.11774900609134 2 5
229.70562748477138 999 1 7
932.00000000000011 868.11774900609146 4 9
4 224 4 4
224 4 4 4
776 996 4 4
936.00000000000011 863.64561305109191 2 8
119.99432014743246 921.86817417555665 4 9
975.55555555555543 810.29212778905821 4 9
771.00505063388323 1 1 7
772 999 1 6
1 228 1 6
228 1 1 7
773.00505063388323 1 1 6
793.81178667380664 12.428606220913068 4 9
218.04877323527901 994.53589838486221 2 5
775.83347775862944 2 2 5
999 774.779653889467 1 6
999 225.18167414302039 1 6
1 775.49033200812187 1 6
998 777.60808101421321 2 5
4 781.49033200812187 4 9
781.49033200812187 4 4 9
10.928203230275509 793.49033200812187 4 4
980.76759380171416 807.31981264416208 2 8
999 223.18167414302039 1 6
1 777.49033200812187 1 6
998 220.3532470182742 2 8
960.15325579150613 161.61067354885398 4 9
220.04877323527901 998 2 5
2 218.34314575050763 2 8
781.65685424949243 998 2 8
990.29983040736249 204.85364736245117 2 5
114.03887145500781 922.59798981796052 2 5
999 780.43650813895943 1 7
219.45584412271572 1 1 7
996 786.98066401624374 4 9
216.04877323527901 998 2 8
968.6105050640316 169.64452746969508 2 8
217.45584412271572 1 1 6
999 782.98066401624374 1 7
940.00000000000011 868.11774900609146 4 4
214.62741699796953 2 2 8
996 210.98066401624374 4 9
989.07179676972453 198.98066401624374 4 4
4 789.49033200812187 4 4
789.49033200812187 4 4 4
1 215.51471862576145 1 6
784.48528137423864 999 1 7
999 214.98066401624374 1 7
785.49033200812187 1 1 7
1 785.49033200812187 1 6
966.00004310041277 162.95792191660499 2 5
212.04877323527901 998 2 5
1 213.51471862576145 1 6
786.48528137423864 999 1 6
983.14238898082533 812.8298351357015 4 9
961.17825895722194 154.62522771720359 2 8
211.79898987322335 1 1 6
992 800.2354980121828 8 10
788.48528137423864 999 1 6
813.49033200812187 16 16 11
16 813.49033200812187 16 11
877.49033200812187 64 64 0
64 877.49033200812187 64 0
209.22034611053283 999 1 6
999 790.98066401624374 1 6
996 202.98066401624374 4 9
797.49033200812187 4 4 4
4 797.49033200812187 4 4
207.22034611053283 999 1 6
999 206.98066401624374 1 6
1 793.49033200812187 1 6
793.49033200812187 1 1 6
927.77348089249858 109.77777777777774 4 4
966.68930625847509 156.99764371010002 4 4
114.59080830668668 932.58274648558938 8 10
999 794.57864376269038 1 7
972 162.98066401624374 4 4
984 178.98066401624374 16 11
933.25296000624883 112.22222222222221 2 8
964.14832351559414 149.41190665293931 4 4
968 845.49033200812187 32 1
996 194.98066401624374 4 4
1 801.49033200812187 1 6
937.155916283078 113.09796893284107 2 8
1 803.49033200812187 1 6
47.875484503402902 128 2 5
128 47.875484503402902 2 5
998 808.2354980121828 2 5
872.22226762984451 952.98236890780629 2 5
932.80179578093623 103.55555555555554 4 9
999 190.98066401624374 1 6
963.10812449542141 138.88844098426677 4 4
996 814.86291501015239 4 4
104.93828108906087 935.19592813120698 2 5
960.71418017039309 131.25502559083608 4 9
128 41.021749413847886 4 9
872 958.97825058615217 4 4
834.88407041615017 12.740665672518547 2 5
868.01465517309714 963.46345143011433 2 8
996 822.86291501015239 4 9
10.928203230275509 833.49033200812187 4 4
999 818.86291501015239 1 7
133.69300073206446 33.075999023914044 2 5
35.891393779086954 130.08145466568479 4 4
1 821.49033200812187 1 6
833.95730610764213 8.8495080148958749 2 8
823.49033200812187 1 1 6
1 823.49033200812187 1 7
968.52188398125747 132.99851668683129 4 9
837.79052964352775 9.9924854092185083 2 8
829.49033200812187 4 4 9
4 829.49033200812187 4 4
825.49033200812187 1 1 7
1 825.49033200812187 1 7
825.79898987322326 999 1 6
9.7001695926375451 839.3633153543293 2 8
998 828.51976925964482 2 5
875.98534482690286 963.46345143011422 2 5
172.48528137423855 1 1 6
827.79898987322326 999 1 7
999 170.98066401624374 1 7
830.62741699796948 998 2 5
2 169.37258300203047 2 8
170.48528137423855 1 1 6
841.49033200812187 8.4721359549995796 2 8
33.658870981551665 124.51226783469365 2 5
999 831.34819638439103 1 6
984 146.98066401624374 16 11
168.48528137423855 1 1 7
996 162.98066401624374 4 9
156.13889568185502 8.5925889696773226 2 8
165.65685424949237 2 2 8
166.99494936611663 999 1 7
999 166.98066401624374 1 7
4 837.49033200812187 4 4
837.49033200812187 4 4 4
8.4721359549995796 156 2 8
999 833.34819638439103 1 7
1 166.54415587728428 1 6
846.12701665379257 990.29983040736249 2 8
1 833.49033200812187 1 7
833.49033200812187 1 1 6
834 999 1 7
164.99494936611663 999 1 6
1 164.54415587728428 1 7
4 160 4 9
840 996 4 4
160 4 4 9
836 999 1 7
162.99494936611663 999 1 6
148 10.928203230275509 4 4
852 989.07179676972453 4 9
11.23069374152494 147.42302030614371 4 4
160.16652224137044 998 2 8
999 158.98066401624374 1 7
4 845.49033200812187 4 4
845.49033200812187 4 4 4
154.50966799187808 996 4 4
1 841.49033200812187 1 7
999 156.98066401624374 1 6
848 996 4 9
4 152 4 4
152 4 4 9
146.24191172926027 992 4 4
844 999 1 6
156 1 1 6
1 156 1 6
129.88791959748238 980.14944053669012 4 4
999 154.98066401624374 1 6
134.50805285514502 984.40755322477412 2 8
139.31370849898477 988 4 9
975.55555555555554 880.68853622718552 4 4
849.49033200812187 1 1 6
1 849.49033200812187 1 6
150.50966799187808 999 1 6
851.49033200812187 1 1 7
16 128 16 11
128 16 16 2
872 984 16 2
4 144 4 9
144 4 4 4
856 996 4 9
1 148 1 7
148 1 1 6
852 999 1 6
1 852.03448788540618 1 7
147.79898987322332 999 1 7
2 854.86291501015239 2 8
854.86291501015239 2 2 5
144.97056274847714 998 2 8
982.05430311045654 876.44960467527949 2 8
139.31370849898477 996 4 9
999 856.80404050710661 1 7
857.6913421348986 1 1 6
1 857.6913421348986 1 6
989.07179676972453 126.98066401624374 4 4
859.6913421348986 1 1 7
1 140 1 6
140 1 1 7
860 999 1 7
998 861.49033200812187 2 8
994.38465312923756 867.77882185505007 2 8
862 999 1 7
138 1 1 7
1 138 1 6
936 936 64 0
64 64 64 0
128 992 8 10
136 1 1 7
864 999 1 7
998 865.49033200812187 2 8
135.31370849898477 999 1 6
996 130.98066401624374 4 9
968 96 32 1
96 968 32 1
999 134.98066401624374 1 7
998 869.49033200812187 2 5
992 877.49033200812187 8 3
67.999999999999886 945.37258300203041 4 4
945.37258300203041 67.999999999999957 4 9
889.98699926793552 983.31599902391406 2 5
999 126.98066401624374 1 7
996 122.98066401624374 4 9
988 888.80404050710661 4 9
118.28848984692814 994.38465312923756 2 8
945.37258300203041 59.999999999999957 4 4
59.999999999999915 945.37258300203041 4 4
108.5769796938563 11.23069374152494 4 9
11.230693741524936 108.5769796938563 4 4
120 998 2 8
892 989.07179676972453 4 4
120 1 1 6
880 999 1 6
998 117.32380976675135 2 5
118 1 1 6
116 998 2 5
61.542833733167903 951.17082963974758 2 5
999 883.14718625761429 1 6
116 1 1 6
1 116 1 7
884 999 1 6
4 112 4 9
112 4 4 9
888 996 4 4
996 888.80404050710661 4 4
998 113.32380976675135 2 5
956.51087470692391 64 2 8
112 998 2 8
897.87298334620743 990.29983040736249 2 5
999 110.49538264200517 1 6
8.4721359549995796 100 2 5
100 8.4721359549995796 2 8
109.17157287525382 999 1 6
999 108.49538264200517 1 6
108 1 1 6
892 999 1 7
104 4 4 9
4 104 4 4
896 996 4 4
999 892.80404050710661 1 6
996 896.80404050710661 4 4
1 897.00505063388323 1 6
897.28932188134513 1 1 6
900.11774900609134 2 2 5
1 899.00505063388323 1 7
900 999 1 7
100 1 1 6
1 100 1 7
4 96 4 9
904 996 4 4
96 4 4 9
934.05887450304567 30.000000000000078 2 8
1 901.00505063388323 1 6
998 902.46089475659903 2 5
2 903.83347775862944 2 5
930.23923755070382 24.331965462607489 2 5
902.94617613083756 1 1 6
905.77460325558377 2 2 5
17.818479036285026 924.6418656149724 2 5
998 906.46089475659903 2 8
4 909.49033200812187 4 4
24.035689116665971 932.89202722808386 4 4
928.19594108251601 18.690605737940825 4 9
911.4314575050762 4 4 4
92 1 1 7
2 90.343145750507617 2 8
909.65685424949243 998 2 8
999 909.28932188134524 1 6
89.455844122715703 1 1 6
86.627416997969519 2 2 5
998 913.37258300203052 2 5
1 87.514718625761432 1 6
912.48528137423864 999 1 6
1 913.49033200812187 1 7
922.74516600406093 8 8 10
8 922.74516600406093 8 3
1 85.514718625761432 1 7
914.48528137423864 999 1 7
915.4314575050762 1 1 7
83.798989873223334 1 1 6
999 916.20101012677674 1 6
931.12634621944005 13.454889384518959 2 8
1 917.08831175456851 1 7
82.828427124746185 999 1 7
999 82.828427124746185 1 7
982.05430311045654 62.959272667157606 2 8
62.959272667157599 982.05430311045654 2 5
16.478875689566422 935.5177787068053 4 4
999 918.20101012677674 1 7
998 80 2 8
80 998 2 5
994.38465312923756 73.711510153071856 2 5
73.711510153071856 994.38465312923756 2 8
10.71916993997522 933.83677017674779 2 5
76 998 2 8
998 76 2 8
938.05887450304567 10.928203230275509 4 4
72 998 2 8
998 72 2 5
992 64 8 10
64 992 8 10
928.40202025355336 1 1 7
9.6885375370561793 939.74759049630188 4 4
1 930.05887450304567 1 6
4 934.05887450304567 4 4
934.05887450304567 4 4 9
32 968 32 1
968 32 32 12
938.05887450304567 1 1 7
2 939.7157287525381 2 8
942.05887450304567 4 4 4
994.53589838486221 54 2 5
4 945.37258300203052 4 4
56 998 2 5
998 56 2 5
947.7157287525381 2 2 8
52 998 2 8
998 52 2 5
2 951.02943725152295 2 5
951.7157287525381 2 2 5
998 48 2 5
48 998 2 5
953.79898987322326 999 1 7
999 953.79898987322326 1 7
1 953.85786437626916 1 6
45.798989873223334 1 1 7
954.54415587728431 1 1 6
999 45.171572875253808 1 7
45.171572875253808 999 1 6
999 955.79898987322326 1 6
955.79898987322326 999 1 6
1 955.85786437626916 1 7
43.798989873223334 1 1 6
956.54415587728431 1 1 6
1 42.485281374238575 1 6
958.62741699796948 998 2 5
998 958.62741699796948 2 8
40.970562748477143 2 2 8
1 40.485281374238575 1 7
2 37.656854249492383 2 5
961.45584412271569 999 1 6
36.970562748477143 2 2 5
998 963.02943725152284 2 8
971.86110431814495 991.40741103032269 2 5
964 999 1 7
4 32 4 4
968 996 4 9
32.970562748477143 2 2 8
998 967.02943725152284 2 8
976.21415554601572 992 2 8
988 980.68629150101526 4 4
19.313708498984759 12.000000000000002 4 4
980.68629150101526 988 4 4
27.313708498984759 4 4 4
996 972.68629150101526 4 4
14.508052855145017 15.592446775225939 2 8
1 28 1 6
972.20101012677662 999 1 6
4 24 4 9
975.02943725152284 998 2 8
6.0000000000000009 18.34314575050762 2 5
23.313708498984759 1 1 7
999 976.68629150101526 1 6
19.313708498984759 4 4 9
996 980.68629150101526 4 9
980.68629150101526 996 4 4
20.485281374238571 999 1 7
2 18.34314575050762 2 8
1 981.17157287525379 1 6
18.485281374238571 999 1 6
999 18.485281374238571 1 6
981.51471862576136 1 1 7
2 984 2 8
983.51471862576136 1 1 7
16.485281374238571 999 1 7
999 16.485281374238571 1 7
1 15.51471862576143 1 7
15.313708498984759 1 1 6
984.68629150101526 999 1 7
992 992 8 3
8 8 8 10
9.6568542494923797 994 2 5
994 9.6568542494923797 2 8
13.65685424949238 998 2 5
998 13.65685424949238 2 5
986.34314575050757 2 2 8
999 986.34314575050757 1 7
2 988 2 5
9.6568542494923797 998 2 5
998 9.6568542494923797 2 5
990.34314575050757 2 2 8
1 990.82842712474621 1 7
996 4 4 9
4 996 4 4
1 1 1 6
999 999 1 7
