900 900 100 99
700 900 100 99
99 901 99 98
902 98 98 97
97 97 97 96
504.04082057734576 904 96 95
292.95875850293532 905 95 94
710.04167118877081 94 94 93
286.9578900704048 93 93 92
908 708.16673906749122 92 91
800 975 25 24
100 702.00251257867603 100 99
197.46006741242874 976 24 23
803.03629468927215 23 23 22
196.49242704721567 22 22 21
979 796.07578297083489 21 20
591.67642977817229 980 20 19
900 295.98989873223331 100 99
800 803.4546738573016 39 38
806.32411558235538 194.65466952455799 38 37
192.93936454017975 802.65674507223582 37 36
769.21807309168162 258.67920865355381 36 35
981 184.30179604156567 19 18
751.83029447369313 207.55519125730629 18 17
983 983 17 16
479.8309052902639 100 100 99
722.11383229657588 385.1947827901663 99 98
594.72215822102453 33 33 32
16 984 16 15
985 218.06568207383393 15 14
100 293.97715603592212 100 99
947 568.51001706672253 53 52
248.73854571522835 733.32095791874553 52 51
684.23460902432225 240.05635078716179 51 50
950 465.55371565685255 50 49
42 572.38769861051878 42 41
854.8917503832447 429.57974047370885 41 40
196.83927034329514 190.81428514527215 40 39
39 491.44327323112657 39 38
107.54589203794141 526.52119627002492 38 37
400.34896940281999 972 28 27
27 397.90020449005476 27 26
890.70114744196633 513.0894504813042 26 25
75.536717237314747 416.5599761881478 25 24
625.16685226452114 986 14 13
636.1467885754405 13 13 12
544.08785906271657 296.26923610004343 100 99
988 827.82479870360999 12 11
556.72900119239762 495.86934012220371 100 99
386.02259009379532 22 22 21
21 809.80789507857605 21 20
980 385.43261783222488 20 19
766.33249580710799 989 11 10
377.54966944634975 407.01683832827706 100 99
390.70423209640239 605.5815821311129 99 98
386.75643464255495 240.27081746234472 67 66
772.70479291306594 10 10 9
568.21078075946491 695.53948996432018 100 99
267.5505060515402 514.79524086070467 54 53
704.33113170794502 536.15098690174 53 52
234.05846830100862 630.36225101586865 52 51
805.03845681886708 510.18880923878112 51 50
562.82857440414205 991 9 8
24 195.997566324595 24 23
984 16 16 15
992 956.5685424949238 8 7
144.60822207782738 432.99552361033739 46 45
597.78093684671069 821.30906578223983 29 28
644.07618515635022 582.46881733521832 23 22
872.79421541221859 557.62417609269642 22 21
15 624.5428456545277 15 14
280.27979289646481 581.59318436512422 14 13
993 243.0748725109415 7 6
551.94193079954368 13 13 12
267.10994590013331 288.49651322310666 62 61
781.82907214067097 619.75762078138894 61 60
722.68843213266871 741.6168094545344 60 59
988 416.41648460188424 12 11
748.9897948556636 994 6 5
301.70005087652078 210.852938873889 23 22
983 628.54334114593712 17 16
833.16624790355399 989 11 10
880.6211501861261 598.88843534989132 20 19
607.08396495525949 392.47989373408893 15 14
568.06644629614084 5 5 4
234.39262092983023 422.57509851503551 44 43
10 530.94010854738951 10 9
687.83244192858183 620.55355342411735 33 32
849.53997689519531 585.10581343462695 14 13
92.762838658877342 472.50766710564108 18 17
991 358.59980210222739 9 8
162.10293061490864 583.26235084289328 34 33
246.93816932725358 802.29746583891801 17 16
13 774.11353808795582 13 12
639.84032701551087 796.16930248525091 20 19
16 16 16 15
363.68836384317325 988 12 11
996 945.25483399593907 4 3
38.627416997969519 992 8 7
801.59408554004699 745.47658410530119 19 18
442.00104038547835 503.77471861320566 15 14
162.3299318842443 11 11 10
257.96833098095141 206.00147775630182 21 20
463.81790580692331 215.32027313996119 14 13
993 847.08497377870822 7 6
489.95717187431831 395.46030779760986 13 12
415.687384042178 10 10 9
991 768.58032880109988 9 8
849.41432471282587 994 6 5
997 966.36650146605655 3 2
11 363.43282861082662 11 10
16 441.4832892439394 16 15
8 41.286446891263523 8 7
265.80093428856765 369.11934249232678 18 17
44.950219896401322 439.78482877928047 13 12
547.858625177759 995 5 4
166.47620064276941 990 10 9
377.11487224126915 156.02157222604367 17 16
988 514.54351051251615 12 11
344.53394633584583 993 7 6
278.94080901697947 794.24569256282666 16 15
331.19843897609468 774.1175999791717 40 39
9 841.30075377360276 9 8
350.92663243728271 11 11 10
504.47212441709701 598.31063467518675 15 14
887.59795700639916 474.2131053711912 13 12
322.04693189463001 709.76505598798281 25 24
952.23501988647763 195.85930092232007 12 11
994 532.84490806646852 6 5
621.72458347358452 4 4 3
998 998 2 1
10 226.98143309425433 10 9
992 653.9080992024891 8 7
185.31609177102422 379.78021242040165 21 20
211.14340455350325 563.16180567919127 19 18
863.85224176531688 484.80277050704103 13 12
619.40053222326515 186.64715227834085 33 32
439.04851334025807 989 11 10
568.72872238084153 180.87067521240721 18 17
991 158.14840238032161 9 8
199.10207739935103 479.52751319012503 23 22
585.48169580404794 151.28456560872087 16 15
444.32024450053888 718.49891124351916 26 25
365.82255879186573 723.89638606529729 21 20
206.95788611131206 346.14046304956531 19 18
647.08497377870822 993 7 6
995 431.90841798671391 5 4
231.31461847324556 990 10 9
430.55191299439286 307.21823022739261 13 12
992 38.627416997969519 8 7
11 162.3299318842443 11 10
404.3271178405318 717.7574127899602 14 13
948.33333333333337 400.33973768222347 15 14
333.41127368796822 510.51046708132804 12 11
224.63492160615624 9 9 8
6 145.24935232725926 6 5
997 543.29097664088556 3 2
98.376656518866454 586.013871945456 16 15
191.20919229311488 524.84530621559963 23 22
794.84245697128108 707.06544624569824 20 19
235.00383128294661 365.57837561008034 13 12
7 755.03475405961694 7 6
596.73567849021845 83.960236813868363 18 17
834.8482421304459 11 11 10
779.59899496852961 996 4 3
38.627416997969519 8 8 7
612.65132390500071 141.14497445049761 13 12
715.83267472844386 663.17968347545479 18 17
949.30388833718621 800.33500263054884 9 8
51.276527638643039 5 5 4
790.07215601400515 299.97350471058633 10 9
594.4441718677258 117.88292829610592 16 15
600.51170394000519 950.28572850488763 11 10
334.67855562801077 6 6 5
7 645.03674718644686 7 6
958 8 8 7
752.00406752487254 804.07954651873422 9 8
160.53425293769004 496.15649139969958 19 18
852.3552076662337 608.94012642463781 10 9
198.28397023348893 851.36439529253539 12 11
852.65522248607169 797.3965300676598 13 12
682.37879607033085 669.24911530456779 16 15
668.11526880816893 482.17496190522303 12 11
840.0808766534974 561.96439120915625 11 10
532.86314677120481 7 7 6
145.24935232725926 6 6 5
424.01328853521846 995 5 4
218.66550783257205 996 4 3
404.7329328920747 3 3 2
998 2 2 1
563.59431034114129 1 1 0
718.20524385784427 594.52485958509055 7 6
150.98426725793973 994 6 5
655.07461517227625 297.98386966938182 11 10
5 421.13810456729925 5 4
51.247058615804534 803.01705970344847 10 9
747.86119183153824 492.00199069982887 9 8
400.08361409751024 761.67442319460781 30 29
4 52.600155390248283 4 3
8 957.2849891178812 8 7
655.22557260377937 7 7 6
462.27227412072222 772.5981222591713 31 30
854.30719467451377 195.92907951968027 10 9
558.21270857314619 810.56870678958546 12 11
808.97645626104008 449.37331937373204 9 8
994 608.34433126921294 6 5
970.14359353944894 3 3 2
538.75024832376459 805.96298849150833 8 7
398.44906098046425 931.04404380329208 13 12
753.40063796612844 5 5 4
145.21259829259199 802.28122894278147 10 9
292.46804428206758 679.94745367653934 17 16
520.7254566792642 797.29656557473629 12 11
512.41880917305252 398.47525979280806 7 6
381.63437012404864 52.687840026582478 9 8
6 244.98736118025857 6 5
138.7994974842648 996 4 3
2 2 2 1
956.5685424949238 992 8 7
71.161033280371825 453.15923036286597 11 10
208.07724395916654 687.84944442400376 9 8
232.65878755690449 821.58734028787751 7 6
245.45675409697651 995 5 4
195.73493462752572 140.82648220668648 10 9
174.46350892194977 623.40230729423365 8 7
157.2279233040945 525.97373782444527 11 10
278.34922152310253 452.18619887087397 9 8
456.04082057734576 994 6 5
997 778.97263364651315 3 2
908.99523818261059 411.64060426418462 16 15
398.11808250066019 908.04642537777011 10 9
808.32776704289222 240.8065524703604 7 6
398.39217195215502 887.04821414508228 11 10
4 945.97128061889646 4 3
600.41056402917241 858.2155023601764 8 7
234.92467493265767 225.21058798889547 9 8
995 340.7112582822291 5 4
501.85800307544008 783.27379849646957 10 9
383.36086264427973 816.16616186969031 27 26
610.5671933017469 592.93864047198883 11 10
6 605.56917969351741 6 5
419.88021549001627 799.84633136417972 13 12
166.27871226290463 541.53276154777313 7 6
762.83462841306812 553.42353371087199 8 7
354.7231536189413 169.23561540512011 9 8
203.70013266238809 320.34536579318689 7 6
851.09631893971778 6 6 5
995 144.73199451532287 5 4
4 377.11559479922823 4 3
131.11744421846396 3 3 2
2 998 2 1
999 949.25483399593907 1 0
146.84676530663765 191.67998726481213 10 9
220.04410120112308 235.33820001840979 9 8
213.35388300339838 372.37195602568892 8 7
192.55497643516543 757.65838681568687 8 7
422.99353164254313 826.66623558724541 14 13
969.94745783575786 410.49147646617178 7 6
239.3318600628553 6 6 5
995 751.0619602465456 5 4
831.11137778240743 384.46329248669031 10 9
491.90969139388591 799.46117304228937 9 8
367.26092705450162 4 4 3
55.99343618223341 195.34946042787885 8 7
628.0386102708668 225.70331194161989 7 6
6 347.18475180155468 6 5
253.55130389342466 3 3 2
327.85848135940103 189.13344268561792 11 10
803.86656255401999 53.988879542067458 8 7
407.00960693332496 848.42661588930002 13 12
5 656.86890675264613 5 4
152.39223577037504 543.31202280526816 7 6
158.44440277271534 382.40934352747195 6 5
996 860 4 3
998 615.27253449948842 2 1
30.662332066753066 783.49660933162363 7 6
5 856.50280907742604 5 4
122.17920388710471 596.30443825878012 8 7
285.83779471735807 353.86674864167594 6 5
997 404.41648460188424 3 2
333.95094109158748 996 4 3
460.58017834537821 686.61461327156962 8 7
5 459.37183306393774 5 4
800.80924215187622 852.44799102545858 10 9
926.69421539257701 398.57361510366678 6 5
484.05051319950121 417.34012655765559 7 6
117.14571057448349 481.53404828234443 8 7
770.27685353183347 691.65340135685244 9 8
802.80789496162004 143.18767860883099 11 10
384.49955302027172 853.14863588411538 10 9
762.39475714691207 184.89703315859572 7 6
647.24042034349202 551.0389241631849 6 5
995 497.17649225853631 5 4
4 791.47759229875271 4 3
3 594.83764293116246 3 2
998 971.33809621030935 2 1
844.51534522725956 999 1 0
377.50625933119147 133.02490255093977 6 5
54.502809077426022 995 5 4
440.43048333871411 810.17524666767486 10 9
4 828.13819785839939 4 3
315.46313482270546 679.4722578980784 6 5
573.22087924955531 997 3 2
995 51.276527638643039 5 4
841.0572269424872 781.10277361400563 7 6
212.839415536091 840.77482438324171 6 5
660 996 4 3
27.313708498984759 2 2 1
675.0163904117403 792.87474969951563 10 9
193.30918704177066 55.172491212681116 8 7
429.82951966590895 5 5 4
197.31518795042422 943.22705078824197 8 7
104.51553084146637 399.88093302815111 6 5
540.11265848534413 997 3 2
341.99256957241869 302.92220518825735 10 9
946.68629150101526 4 4 3
739.39658670244762 674.16795233280448 8 7
133.19572157284463 487.13736399292918 9 8
130.24912494443774 193.42870781271088 5 4
585.49492649215313 393.84717810997773 6 5
616.47846388720302 966.88163429042947 7 6
313.82112206522385 237.1983299933693 6 5
673.57971599644964 585.32771342698561 5 4
4 175.59643104566589 4 3
3 59.52835862052379 3 2
785.25584921802204 998 2 1
839.79949748426475 999 1 0
