488 188 12 0
467.21539030917347 191 9 3
6 194 6 1
496 4 4 2
3 3 3 4
446.43078061834694 188 12 0
484 9 9 3
429.46021786986978 194 6 1
472 4 4 2
497 10.928203230275509 3 4
412.48965512139262 188 12 0
491 167.21539030917347 9 3
429.46021786986978 182 6 1
496 17.856406460551018 4 2
9 3 3 4
488 31.712812921102035 12 0
473.80162279984819 172.52724701670033 9 3
6 11.48528137423857 6 1
460.28718707889794 180 4 2
400.48965512139262 197 3 4
488 55.712812921102035 12 0
460 9 9 3
17.485281374238568 6 6 1
496 155.21539030917347 4 2
497 43.712812921102035 3 4
388.48965512139262 188 12 0
32.18221983093764 9 9 3
445.30306154330094 6 6 1
20.871887518902575 15.409085971598092 4 2
472.16750181173649 10.997995651832388 3 4
364.48965512139262 188 12 0
446.53820431117668 20.949060918431108 9 3
473.66599855061077 19.872369293030005 6 1
435.50510257216825 4 4 2
376.48965512139262 197 3 4
488 141.35898384862244 12 0
50.18221983093764 9 9 3
478.85957359490618 158.40573386283569 6 1
437.17402522054482 11.823982182605974 4 2
497 67.712812921102028 3 4
340.48965512139262 188 12 0
423.50510257216825 9 9 3
461.23514276787574 23.949060918431108 6 1
496 127.50257738807143 4 2
352.48965512139262 197 3 4
70.966829521764168 12 12 0
405.50510257216825 9 9 3
494 76.198094295340596 6 1
84.823235982315182 4 4 2
328.48965512139262 197 3 4
488 113.64617092752042 12 0
491 92.861561236693888 9 3
390.8081641154692 6 6 1
92.823235982315182 4 4 2
322.48965512139262 197 3 4
373.83760136699203 12 12 0
104.82323598231518 9 9 3
390.8081641154692 18 6 1
86.96416852095372 11.708203932499368 4 2
325.48965512139262 191.80384757729337 3 4
349.83760136699203 12 12 0
20.696938456699069 191 9 3
8.5033839725648992 182.26402672609106 6 1
335.98119490644103 4 4 2
361.83760136699203 3 3 4
310.48965512139262 188 12 0
122.82323598231518 9 9 3
35.393876913398138 194 6 1
296.63324866084162 196 4 2
329.0529916761655 3 3 4
143.6078456731417 12 12 0
329.0529916761655 15.000000000000002 9 3
47.393876913398138 194 6 1
322.12478844588998 4 4 2
289.70504543056609 197 3 4
167.6078456731417 12 12 0
289.70504543056609 185 9 3
312.32682947475729 6 6 1
282.77684220029056 196 4 2
155.6078456731417 3 3 4
64.364439661875281 188 12 0
421.7328112595572 169.143593539449 9 3
436.41392067786484 172.22012181783015 6 1
78.220846122426295 196 4 2
179.6078456731417 3 3 4
268.92043573973956 188 12 0
297.62989101805823 9 9 3
88.01880509355901 194 6 1
308.94022333009332 15.409085971598095 4 2
80.328387489349154 189.32480192153753 3 4
244.92043573973956 188 12 0
190.00015051855496 9 9 3
227.94987299126242 194 6 1
97.816764064691725 196 4 2
256.92043573973956 197 3 4
276.8452813272317 12 12 0
208.00015051855496 9 9 3
259.87471857875454 6 6 1
218.15191402012971 196 4 2
315.84892297618916 14.282201239234126 3 4
111.67317052524274 188 12 0
226.00015051855496 9 9 3
315.14120036776643 23.2543319064462 6 1
125.52957698579375 196 4 2
95.709222697768865 189.32480192153753 3 4
204.29550755957868 188 12 0
244.00015051855496 9 9 3
303.14506080318762 23.558692789521753 6 1
290.7016877877827 20 4 2
219.25602471832411 189.08762417354694 3 4
41.18221983093764 27.973665961010276 12 0
257.80416621793438 20.856406460551021 9 3
227.94987299126242 182 6 1
26.852055626771666 20.857037975676207 4 2
218.48544322676148 183.1373129073306 3 4
352.48965512139262 167.21539030917347 12 0
216.9442802436362 171.2366903748979 9 3
383.26569178281267 27.333333333333325 6 1
57.110423061213147 20 4 2
235.15835645702202 176.61132983716109 3 4
139.38598344634477 188 12 0
63.17260088770422 31.499999999999996 9 3
406.83724274617822 170.91052270136612 6 1
190.43910109902765 196 4 2
230.16947994132343 173.27799650382775 3 4
163.38598344634477 188 12 0
454.24000000000001 37.218121836862217 9 3
180.3565461948219 194 6 1
217.00015051855496 18.380831519646861 4 2
151.38598344634477 197 3 4
87.248558611063814 176.01648754118918 12 0
182.42709855564209 179.14359353944897 9 3
468.72573325170606 33.324083809259221 6 1
477.41699475574165 43.712812921102035 4 2
401.302582964789 178.00753200841035 3 4
113.82323598231518 27.973665961010276 12 0
467.34349004928362 51.930142349144219 9 3
96.931203291419919 21.756011132240378 6 1
129.7514392125907 20.000000000000007 4 2
189.33499040083325 189.08762417354694 3 4
366.97973700105626 34.99934121531372 12 0
135.81361703908178 31.500000000000007 9 3
77.892416068487947 28.614338716417169 6 1
396.96636604359912 172.51233202912056 4 2
146.7933103565384 26.657858464005997 3 4
309.57356187417832 40.371615616331823 12 0
199.31569284019974 167.5989842076269 9 3
324.66283393519501 30.557652672208697 6 1
85.105766309794873 19.489356881873896 4 2
256.92043573973956 179 3 4
461.04222462506704 155.84798569560485 12 0
414.50510257216825 24.588457268119896 9 3
294.00603282571575 31.335463817846222 6 1
155.6078456731417 22.583005244258363 4 2
474.97366747255381 150.28786877352405 3 4
205.8890900622672 29.893621604449002 12 0
226.69459179707295 27.042113658993593 9 3
429.39740741758152 22.794228634059948 6 1
454.68215292512167 174.29179606750063 4 2
235.00015051855496 16.937253933193773 3 4
17.999974667792198 34.185228501613068 12 0
397.72960457070457 31.307654264543828 9 3
384.98012363440699 39.210232062641367 6 1
285.09665363400643 25.708203932499377 4 2
461.58356188819198 173.12108930470617 3 4
211.96446552425726 150.8356745825248 12 0
230.91422826140649 159.88589514369073 9 3
439.54306154330095 34.21812183686221 6 1
240.3327262135108 21.471968528134255 4 2
240.4027517192898 173.69648535878775 3 4
151.38598344634477 167.21539030917347 12 0
274.22483447565355 32.835864712030897 9 3
425.94742003179118 34.28760007319336 6 1
471.8312377290415 144.03285995601715 4 2
447.79106266101201 173.0618062415698 3 4
77.752491328435539 46.6137948489541 12 0
413.43239405022626 42.556464849010801 9 3
169.00493348496701 170.89949122208736 6 1
293.60212923616581 41.327303582891929 4 2
451.2750311699769 168.17693537034495 3 4
35.393876913398138 176 12 0
250.89154224382531 167.8667964020411 9 3
89.174688338686664 32.702166063689219 6 1
19.526114541079469 178.05283153123381 4 2
99.038508581282201 30.5058262397337 3 4
155.46862169866341 38.894646160014993 12 0
396.13645298274395 49.237011978019751 9 3
99.963035679061861 39.458214169524894 6 1
286.40524045599113 37.833767854464988 4 2
261.40770096934733 175.01697969385629 3 4
376.48965512139262 167.21539030917347 12 0
378.4781871331781 52.727806613350793 9 3
220.33770078901139 40.628501578953269 6 1
398.95058058949309 164.76230669781597 4 2
49.613483863459159 185.27799650382775 3 4
470.96231381637665 72.615985685656327 12 0
408.56304426959935 156.01013313928561 9 3
393.56657169863439 156.33541828849462 6 1
51.469115499532258 178.52843124144198 4 2
445.30262464680709 167.60216557120879 3 4
170.70856129278431 152.98029335241608 12 0
34.051436017787623 47.725929684698187 9 3
194.16442796704996 153.51124236563345 6 1
187.92801728086829 161.32835063872773 4 2
485.81984669489617 70.553531622237941 3 4
112.91649370613983 51.956531061840003 12 0
137.30714747974477 49.437930951556631 9 3
389.63451648151505 62.754586528729185 6 1
127.21189847787932 41.247329777629623 4 2
391.96375335404133 165.19154460614817 3 4
328.48965512139262 167.21539030917347 12 0
51.967758800864587 45.992327096849067 9 3
268.87967379151064 170.0000461538487 6 1
97.180268850116164 49.063223736189542 4 2
176.92788555092952 166.63020198844902 3 4
283.23848199828939 53.517250913740256 12 0
94.33943903120705 61.749030211932293 9 3
210.37960380511655 47.324493250046103 6 1
277.73455180051792 174.64667239722138 4 2
326.69542648733267 182.10769515458674 3 4
439.54306154330095 52.21812183686221 12 0
462.57570778911224 134.90405031121279 9 3
456.33778634910999 62.122025691489981 6 1
57.666434527869342 173.46945537067415 4 2
425.41106577082019 43.271603863638816 3 4
44.836974987714562 65.744590820536985 12 0
435.25667718798462 157.26482885830811 9 3
61.051650968317873 57.928947350927722 6 1
422.30403921625344 156.15614965616356 4 2
455.40773567684653 53.170209912162179 3 4
375.16796005109956 73.465270215852286 12 0
361.20236056129323 57.78209353221061 9 3
67.121128199054894 170.2123450587498 6 1
154.77018463015247 151.57738588573392 4 2
423.56751661901126 48.981360997253574 3 4
153.49648506350064 62.813481355154593 12 0
445.79266361079203 141.41015729684958 9 3
228.99536249014488 145.00913628458838 6 1
419.01350755090914 54.29746872825789 4 2
50.935074536582043 171.54883238119999 3 4
364.48965512139262 146.43078061834694 12 0
281.73996567954816 162.27910757395597 9 3
382.10860516001486 150.11488153126083 6 1
55.071773159423024 165.90191069732782 4 2
284.6956189261652 173.90941771108311 3 4
192.55771831963162 49.850438170716714 12 0
184.89300631715031 30.299167370100736 9 3
409.3856974732256 57.000295601747112 6 1
399.58602520223928 61.770983874529094 4 2
193.30065189586037 21.736954115176687 3 4
470.46555225260499 97.258884935206908 12 0
171.65795928241928 52.270196563612949 9 3
470.07200476491676 115.25458220913698 6 1
171.46417967485198 39.27164089524382 4 2
480.86002960592776 86.44431880654227 3 4
67.017269230894669 74.911626725667446 12 0
265.06845448346411 155.49230313896271 9 3
475.0669535053068 126.16560814993997 6 1
169.64724671922204 31.480700346456025 4 2
69.7691413445568 60.166213884039422 3 4
332.73944293807017 46.643932136854218 12 0
243.81433341083641 147.33251762472588 9 3
336.56849575228972 29.055914779974071 6 1
291.16407717737627 171.2337780020903 4 2
485.23426003775592 82.337482051901461 3 4
423.05441519918401 140.17375509576553 12 0
142.1794636404039 148.34106931310004 9 3
346.77235631862015 35.371073490797286 6 1
417.91435372415043 62.221600280997386 4 2
466.47003020813702 123.50235641144825 3 4
15.782903512804054 58.082604832367863 12 0
409.34825591238069 72.000248872658375 9 3
155.58472310209225 141.61061473968417 6 1
6.3536866306150568 45.156280181151573 4 2
177.90115878684085 42.022149923009181 3 4
237.83761919962512 44.841915351876892 12 0
427.32980167696275 71.18537960937681 9 3
350.73936649359507 46.696391599868022 6 1
346.04694359319672 55.527086211494968 4 2
75.327989576851223 62.424356113908296 3 4
396.78326945016175 138.62517109724067 12 0
299.72071506092936 161.44685059203229 9 3
458.67354570136268 119.00626596133181 6 1
379.35091891562263 140.50264107559755 4 2
48.081502367920528 166.2708473605467 3 4
144.45409469919889 127.46462197294264 12 0
194.94650894630257 138.53164459593711 9 3
221.57827514623301 52.564203287030772 6 1
80.801507501925329 66.787909886224213 4 2
31.24773345352548 59.393802324179212 3 4
175.2454576122316 72.961495598076539 12 0
209.47171494887505 62.296992634741784 9 3
393.15181244480834 74.227538594636229 6 1
450.79348050656012 129.4104977027194 4 2
164.40215150592945 26.845079977670942 3 4
447.53375255653111 77.821993493340045 12 0
438.59698436873725 124.91099973515989 9 3
84.991865233646863 75.86760713228928 6 1
298.5148065463693 174.39079839224038 4 2
345.20070707698011 26.509362670574575 3 4
123.38885652485335 138.96487156406437 12 0
49.167429537623981 154.32008327693683 9 3
195.44684911485294 67.617062026928224 6 1
185.90550470273746 147.87296368201044 4 2
424.15401440304487 59.048804256627314 3 4
315.72451695877504 63.570015378972215 12 0
340.48965512139262 149.9817023695594 9 3
277.92874637150163 147.77136455906998 6 1
182.14779020100136 140.81041586104368 4 2
29.8458821713944 65.227738643919722 3 4
109.96880491171443 75.7748250975433 12 0
128.5458595866472 65.982325947451017 9 3
289.78558943466561 149.61941016876142 6 1
60.735295947051192 160.25173285640844 4 2
3.6901342387236236 38.682835297965383 3 4
419.19797641708277 90.547027729895319 12 0
27.042179607132244 76.89561128340074 9 3
402.04178560053788 85.100458473354067 6 1
302.41950665204229 54.683131744213881 4 2
461.20028611433526 84.004700061940284 3 4
127.38598344634477 167.21539030917347 12 0
204.48107816487811 79.591313797777261 9 3
388.67628512200889 85.361704714417073 6 1
299.78028890074609 62.23525261594542 4 2
351.11989652080564 27.490788331592626 3 4
375.32693327712519 125.01692056988111 12 0
129.30529288146079 83.966298285917532 9 3
182.08627767439987 130.8106050523798 6 1
191.76004728329474 76.912625068230199 4 2
450.3367401464543 122.42541443596799 3 4
43.674289942721757 89.716411016053016 12 0
189.61056395899203 89.733690602675637 9 3
19.241261199303146 168.05688942587531 6 1
138.29805482078422 74.578527906181137 4 2
238.36120407081543 29.85105617427601 3 4
320.16312450914774 144.70608361253466 12 0
165.27977309614948 130.16482924402112 9 3
299.94675804141707 72.233866921198143 6 1
447.92337382339565 115.85459538574858 4 2
431.75373560755662 82.340145791495573 3 4
235.28364291650635 128.14326751718008 12 0
147.30528752740329 83.952414985126111 9 3
27.823289003038155 159.66947034871461 6 1
314.40071853130564 159.63239184151513 4 2
125.59175481228482 182.10769515458674 3 4
225.20621171075803 76.204746286942211 12 0
210.72667891125607 129.87218526655749 9 3
439.84330386451461 109.96286648333057 6 1
245.31024896738239 30.694130919181145 4 2
3.0722267986912066 32.714737577958395 3 4
338.89039802266689 69.84233189949461 12 0
195.33728216649843 120.53588686556138 9 3
357.20964679101326 72.240939846789672 6 1
159.89611767321398 77.47788391580103 4 2
95.109622540526814 73.724288762876895 3 4
123.96196731625309 114.97171537275054 12 0
13.92327939956926 154.03123188058714 9 3
7.2557250437384493 167.46788767405158 6 1
221.7170645566346 138.15155805382352 4 2
462.69979755203593 110.0921640925614 3 4
351.36334740420284 126.33849240337145 12 0
143.17881658299498 106.50337998382541 9 3
335.77265117758338 135.74267593535092 6 1
312.49073225762186 167.40104374736981 4 2
187.25802173955503 63.883015131457903 3 4
20.788032214509993 96.942696866880354 12 0
9.2195660607515357 79.41641400800394 9 3
454.70632996310957 105.9564083085742 6 1
454.51851031448905 95.958172275173496 4 2
293.71891287440963 65.736641007334427 3 4
258.85206926102938 132.6741923281642 12 0
425.14412648394079 112.95187707789653 9 3
287.95390064471161 72.647837285218031 6 1
5.6024436654852181 91.903063902097344 4 2
221.45590136861833 61.681138872197067 3 4
212.87330315958917 108.9821875562544 12 0
29.343995243469237 144.74675435830878 9 3
444.97279322403813 98.937985227201395 6 1
131.47475132650624 100.84521274770972 4 2
176.00816828848326 137.44811861491453 3 4
362.20062555993542 104.92463235490561 12 0
13.593043926360583 136.0342614540894 9 3
163.66404494267192 86.74085990044415 6 1
94.750594564668276 80.715075479159324 4 2
269.59299077345963 144.37796234157335 3 4
294.53577184628182 89.401313685235465 12 0
383.19145546393338 105.54516433750182 9 3
158.82429698644913 116.62500545650128 6 1
4.3530403223730598 25.832912477190892 4 2
130.76013008914742 152.02872727516052 3 4
321.87547204337176 86.768415141612607 12 0
342.53705322612734 90.523287047337149 9 3
253.64125196528812 36.22535040939178 6 1
228.35865373073401 60.518379298034624 4 2
305.14651202910153 172.15015509392205 3 4
250.99175207771734 109.99787398109275 12 0
258.04270898589175 50.565056685873842 9 3
116.89361071689642 92.389489239815873 6 1
202.33159484057541 92.412379332222685 4 2
350.39189318218189 141.30700190480536 3 4
38.489308200440398 113.14963453165601 12 0
18.000949116995137 117.75692680237273 9 3
232.99411414081771 110.28947077852268 6 1
433.045514371818 102.62869590902676 4 2
457.68384721812305 88.866248939531218 3 4
286.47069906819331 131.92727909705982 12 0
235.75563267552332 95.54586147203068 9 3
300.16914789050861 143.60428641325217 6 1
173.43714915190156 88.858980320896649 4 2
3.2064498309746066 159.4302654976056 3 4
254.5959991990369 86.270054808474725 12 0
168.57322572870342 100.91477763726127 9 3
304.46450686976698 132.39938162832408 6 1
435.06728860111673 88.506211519240367 4 2
35.533646924988147 155.02723158757544 3 4
302.93437415948398 114.46453582779037 12 0
271.20510208657231 115.69177259447905 9 3
266.78290014434782 101.35845023076358 6 1
312.88012493647165 126.99777329789561 4 2
273.57826776794479 139.89270122573771 3 4
326.55827983425064 118.69668429750746 12 0
246.18822816975671 64.110213923052243 9 3
278.70737031656836 102.70270136497261 6 1
157.29463941175746 94.449989110851519 4 2
426.59707801806621 124.86359113757251 3 4
61.375565928652165 105.92334868082867 12 0
275.37172297903908 80.814158684076347 9 3
6.5957178125411069 108.0142013678805 6 1
316.61252905726298 106.16344682740225 4 2
36.738063838233529 160.90510364292749 3 4
82.04462693362359 93.624684211664587 12 0
400.45404556087669 100.0161911595635 9 3
360.43084324314196 83.800520004251865 6 1
210.24571344846487 91.243308478827657 4 2
226.91132834619557 103.65624253152687 3 4
68.577977276022466 146.30568145924926 12 0
50.091198789847205 136.3438030619244 9 3
261.14557340260984 65.240622515219741 6 1
155.64490343271737 102.278039391698 4 2
255.81429375137347 147.36336929465674 3 4
102.89672914190756 126.47196496387227 12 0
105.17136020070257 105.59551762371487 9 3
91.766100739014206 112.32597219713074 6 1
59.671515698174005 90.014350823892258 4 2
420.64872530406183 124.07803401692729 3 4
102.32361835050781 150.4651211551861 12 0
409.04790854087031 121.00866104727136 9 3
89.197591686570775 138.14816438747704 6 1
287.00219063059632 115.93610913613782 4 2
5.9351633021026702 99.038474782319895 3 4
63.235423660756112 129.11681527011379 6 1
310.8840122633045 100.57917468670784 4 2
9.898520828998393 21.561186134055315 3 4
82.071050744956963 123.77175769279378 9 3
332.27296577521304 101.46168312720114 6 1
308.29428736145883 77.740113760111498 4 2
150.84868076741589 97.17938779104432 3 4
4.3789090276847773 145.20485129711503 4 2
67.5135515250102 89.903414607189362 3 4
375.42439571987825 92.712674986940158 6 1
273.64130265326412 94.080929016387714 4 2
125.40494795401079 95.314747935403361 3 4
288.28129120721314 108.03902728808163 4 2
262.10883550541683 39.274945299035579 3 4
343.57763824228721 105.48714961099843 6 1
117.92737084322731 154.00389327923565 4 2
178.30303672747007 93.89119038228398 3 4
53.1189296085386 119.6283826712054 4 2
224.09044504050843 98.360714477055282 3 4
27.276848187727829 129.88987369479332 6 1
412.89716567868902 108.59160747216943 4 2
121.67489944765219 100.01440091623205 3 4
391.82256739113529 117.81316771621478 6 1
81.8874142134392 110.77305477195233 4 2
279.5044824136175 69.548267709284204 3 4
198.35442687671477 99.353714577493633 4 2
262.14394069768952 33.275047997791546 3 4
170.81761212598099 116.22451580135869 6 1
351.11385824543618 80.168194226939903 4 2
114.04317669690074 159.82738328383277 3 4
189.92288859638052 104.73043869420802 6 1
106.9346452151544 91.484499662465723 4 2
323.28821970062847 104.05746619261896 3 4
108.9070986706661 167.21796529802012 6 1
137.00393118504812 95.063502785086669 4 2
239.73602827231741 84.225240866559346 3 4
36.453623296408608 133.86313414493964 4 2
226.20756208415813 116.20070678990383 3 4
5.0015930993049409 117.88632203158036 4 2
71.865560570202049 131.67038863389618 3 4
272.65572060711207 68.101042185133736 4 2
433.42168153716619 95.310032312814826 3 4
99.708501681689057 88.051884095036584 4 2
384.3801321160077 93.604182475995898 3 4
241.28116175804243 77.397901523060199 4 2
267.06637136273258 42.654714259101986 3 4
86.548676502033032 147.7909465765097 4 2
175.51534052771962 123.90119137503629 3 4
180.44443060883515 118.93087237398129 4 2
222.25313975010144 120.71319435264721 3 4
87.225915032084259 155.76222928216092 4 2
41.702519672579996 144.92459921773215 3 4
179.34818211057529 111.00633836685739 4 2
75.532992230476907 113.70926342639865 3 4
7.9112610874367739 124.25294061595 3 4
266.99621427707172 72.220506725609027 3 4
366.67413062069232 90.607239000269345 3 4
224.18585864357502 92.361473171327546 3 4
91.749577333571494 161.10418392274926 3 4
71.478765455404925 118.1322991775869 3 4
182.61201264298512 99.481525207202836 3 4
267.07281381067736 58.468043896630533 3 4
96.765144634441981 164.39721970306485 3 4
