497.7853455286135 512.87572974959289 2 8
512.97510614020973 490.40934625353646 2 5
494.89504609066842 518.13369220276945 4 4
515.86540557815476 485.15138380035989 4 9
479.98933373122537 482.16684550542078 32 1
530.77111793759786 521.11823049770851 32 1
505.60787902077487 543.98330008463267 2 8
500.36274073724525 447.74411628522296 8 10
471.6473369185025 545.62085317378262 32 12
554.01882710976372 493.63106952669523 4 9
444.35615845796008 489.6365942352989 4 4
539.11311475032073 457.66422282934667 32 1
443.78649511005727 481.65690228196786 4 4
485.24196863380729 442.51322238495197 8 10
440.34646667705147 509.23053135426795 16 2
509.06194575404891 437.84183039156284 4 9
495.72651327155 436.67590076119501 4 9
503.49820973047332 435.59575793948846 2 8
438.73722799396154 478.41577568920502 2 5
514.90660991073253 566.42074019712277 16 11
432.78633820004848 486.4523738912244 8 10
480.67284283403649 431.41713796629921 4 9
551.63574853489342 550.45536038524858 4 9
538.37539149287852 561.39915767270622 8 10
461.71283053214222 437.78250783080966 16 2
437.87697244465755 459.13319562378933 16 2
569.52149195067329 531.03833704183228 8 3
551.22035692086308 556.44096393100676 2 8
482.53635226353924 425.71386411646927 2 5
562.53359015328363 545.43171150614876 8 10
422.3863921963262 510.42874863289524 2 8
476.66133653914261 424.49559065041478 4 9
422.55580589734973 480.1805154104041 4 9
557.21505217339052 556.18871637536927 4 4
550.1834432231384 563.53689346917588 4 9
574.54154901521326 464.05374906672824 4 4
441.78839356603248 439.51940494449275 4 9
546.21578063590823 570.48366635979892 4 9
579.29476163283766 528.92098026516771 2 5
574.07368198393374 542.14138013375464 4 9
536.31636896822636 577.26611788072887 8 3
443.94339792889241 565.33104760356855 2 5
439.33382839526394 561.49023145141496 4 9
444.11696385924483 433.98968882252331 2 8
572.23602232924793 547.85303549744208 2 8
580.04078380952456 536.81280660953337 4 4
410.98923759102229 496.4965963618784 16 2
460.53551073536272 419.82105137271276 2 8
546.28567848752141 576.4832592035126 2 5
589.89489895669317 496.6156078216344 32 12
469.30486208894615 415.01496389562658 8 10
413.25059905915714 472.60337045346591 8 3
524.7418979735769 588.31291022937103 8 3
544.36574965290265 418.01059970887786 8 3
434.77322352738634 568.06296933140766 4 4
559.48652175634061 423.24149360914885 8 3
507.76900922997555 401.86505572866793 32 1
402.689080294223 478.30023989009015 4 4
446.16965711558612 586.30116575689908 16 11
428.87366187126349 573.46622504121865 4 9
407.65934856542219 544.38095538522953 32 12
524.78314002028571 600.31283935806107 4 9
554.8057423674685 412.09396619649834 4 4
395.46783500751218 483.88366403665736 4 9
489.42893010781614 607.10105278023934 32 1
547.76574551845715 402.37602174481975 8 10
556.89032309184108 406.46773093625779 2 5
390.15683890050479 508.41344010505662 8 3
455.77708054741043 602.24790728851724 2 5
607.38030096305579 467.45637743611337 2 8
387.29605547960489 492.67127004439777 8 10
388.12852773600486 480.70018028855998 4 9
420.65578724814503 582.21073970349153 8 10
567.78934598237151 407.22038368284768 8 10
385.92422760911415 517.47351745880985 2 5
382.82313341730776 501.61514885756469 2 5
613.14260812885902 469.12844685062117 4 4
427.62540192846268 593.79186662897007 4 9
558.2413713442113 396.52270955779329 4 4
598.23689576941604 433.16160015327256 32 1
449.53878284398951 610.06350974536554 8 3
432.04468553581569 600.4604446181504 4 4
438.72396459593199 604.86353798953053 4 4
616.03290756680417 463.87048439744467 2 5
408.79890979386414 580.36291475665109 4 4
379.14128061946144 486.88338208933396 2 5
566.70499925768718 397.27934791283525 2 8
377.28982769838439 499.29512131011404 4 9
561.83634338837999 391.7189427023302 2 5
375.35008262971422 491.53384634600087 4 9
421.67540017106722 599.89642310617739 4 9
411.95440858627188 591.71006052614598 4 9
455.90943211779711 620.23281787473866 4 9
628.6452729697686 506.53571436575805 8 3
369.59849387937112 497.09435233439143 4 4
492.43549932684761 369.29384951749614 4 9
549.67151253299232 378.45180698056237 16 2
413.68422305834127 599.52080581019015 4 9
398.83328024749005 586.42747665572176 4 9
367.92423943679393 517.45288262582096 16 2
393.68752592906139 580.30202055071436 4 9
502.15826735472859 362.26051589281894 8 10
379.47178526840469 566.77428643214239 4 9
372.57462862828265 552.44708375840105 4 9
375.22229197069612 559.99624787274115 4 9
367.76670060009877 541.45236556847897 8 3
385.83518230387352 578.77208604493592 4 9
401.77325390936954 598.0617602549579 8 10
582.10154706744447 387.95484709285267 16 11
455.99998076844207 635.48546897339531 8 3
368.90861169235637 557.19685426080446 2 5
387.59769998885315 590.64194414897975 8 10
525.64369672397265 357.31737849413702 16 11
364.59558703150492 553.02578506036116 4 4
633.66533003430857 439.55112639065419 4 4
545.58301531089194 358.87416180896736 4 9
355.61876981655695 535.14668907157397 2 8
551.34994118701752 360.53023123362129 2 8
467.9660213807295 646.10685645644514 8 3
358.02592924299108 548.46074436592926 4 4
649.01867997578847 472.11298514556034 32 1
639.6640088098768 439.42521790187021 2 5
551.10930692146826 356.53747590049062 2 8
352.75809414086609 540.42082735934298 4 4
478.81979624147846 651.60228984317212 2 8
504.27029523683188 346.40052414549393 8 10
388.25972770992536 606.6282420098521 8 10
347.16594778794564 529.80348780710494 8 3
483.22883881064985 655.67173005322991 4 9
553.0392782426826 351.10893587087605 2 8
598.06556669224005 375.90702250004165 4 4
548.23507677269765 349.20087996627205 2 5
452.78460969082653 651.15905786787744 8 3
475.265447664693 656.43619160000412 4 4
468.36472608711051 656.1547578416596 2 5
416 635.44624494677532 32 12
614.10140379628137 387.8590904538583 16 11
544.67093958754685 344.37419102607447 4 4
462.65176432042068 657.98835208585331 4 4
570.91203563478814 353.24541503130297 16 11
491.47984981151905 662.88397421154957 4 9
552.63586356391556 345.12251318308034 4 4
336.97016278513928 517.47279568636213 8 3
341.58514766654093 544.79864269143104 8 3
469.55219316777584 662.03607758575924 4 9
527.70835874644933 337.42423468193522 4 9
515.88161266877546 335.39246766423247 8 3
503.9222633047392 334.40557213332465 4 4
480.32825512503229 667.31589658771099 8 10
379.1846450768931 619.80560423465397 8 3
491.78735531752295 670.87806204968206 4 9
331.38936266373457 532.46795057068823 8 10
328.55657964281465 522.87757308299842 2 5
507.20019918317183 327.10796044340282 4 9
519.71307826097075 326.1555920335972 2 5
631.26039337370935 382.42134490246326 2 5
347.45048279337823 588.65212007207879 32 12
514.336541055206 323.49235196273855 4 9
324.16887906570179 525.54952469404986 2 8
322.47165077194956 510.2521872526487 4 4
605.90033799710022 356.92783571439611 16 11
669.54140188123802 442.53566468559336 4 9
321.8236722609513 518.2259018104495 4 4
589.21251223111983 343.93690880172466 4 9
325.80856254232987 547.46310545501433 8 10
681.05266363440194 488.5393021691566 4 9
657.36067678851146 408.6589774771985 32 12
486.97401346499322 681.87041121674758 8 10
376.00001923155793 635.48546897339531 8 10
676.53840612952115 448.90383452724677 4 9
683.88939109811247 481.059129891954 4 9
325.01687021600117 560.49660503988389 4 4
315.24222214686915 513.67787867991819 4 9
362.55875505426741 625.68913006601383 8 3
584 333.12812921102034 8 3
676.72218155306882 439.00913617945281 4 9
594.84791959748236 338.25868867433019 4 9
680.2678430562778 444.20369620913914 2 5
688.94904658299879 487.25589407774163 4 9
516.00333425669169 309.61808366251233 4 9
489.58130289938663 691.52453167411193 2 5
636.78812327199284 365.29113176392866 16 2
319.35274750892358 566.14618148057116 4 4
366.82782016885932 639.46928176445749 2 5
307.4048342806052 512.07308852736276 4 4
387.30825280743682 657.03320262130353 2 8
379.21539030917347 651.15905786787744 8 3
416 674.37944828650882 4 4
361.79300405138264 635.65976823022288 2 5
483.9060086972259 693.47158989587138 4 9
682.94683753282266 433.98383440406514 4 4
307.39261119573308 532.07308479226731 16 11
624.4804666531212 349.52656426107762 4 4
368.84590221550377 645.11971049624515 4 4
312.04289515577096 555.61825115589727 8 10
448 690.87187078897944 32 12
552 309.12812921102039 32 1
516.78393622967076 301.65625845972238 4 9
369.2155190521496 651.10831495755895 2 8
299.56549072076172 513.66829777719204 4 9
310.24609680121051 573.96084160675127 8 3
481.86402693825374 703.08774896147384 4 4
369.34823567957932 657.98835208585331 4 9
692.22516091061721 427.38728374127066 4 9
519.30360308019681 294.06341452860147 4 4
638.87059706020943 345.39984465320123 4 4
292.97848643691367 518.20827294943331 4 9
515.27442233363638 289.61755100038266 2 5
319.38287417686047 610.37636813650465 2 5
693.13144031720651 412.71514273198989 4 9
699.42641000430262 423.90274482045277 4 4
320.07561066712725 616.33624365156811 4 4
641.8188838803535 337.96293636909786 4 9
693.14400035231893 404.71515259165108 4 4
711.40911725184515 457.84997927364043 32 12
650.86211702778519 345.85089771796311 8 3
479.95286964971569 714.9345830456698 8 3
668.61819986615706 361.99777116878556 16 2
522.22002363332911 282.4232044292404 8 10
288.12682247993644 557.62361091519256 16 11
684.89002648455062 379.63941674115034 8 10
694.06097712695123 392.75023915298448 8 10
384 690.87187078897944 32 12
616 309.12812921102034 32 12
416 707.36429329145005 4 4
275.63231213532362 528.16368540190649 16 11
331.2335416931387 650.56343423476926 32 1
684.91558474145131 369.63944940242845 2 8
585.71714314291421 289.66152754115365 4 9
650.66280657671416 329.85213916162212 8 10
467.9660213807295 725.53248229864926 8 10
479.88385130231165 726.93438456351669 4 9
518.47405694091435 271.02286524396533 4 4
274.28791826924834 546.11340977675025 2 8
664.61779314105456 337.67891052592535 8 10
713.71171185086052 409.90523964443202 16 2
693.69516831221108 369.84722798150636 4 4
706.35688674512664 386.95286357234806 4 4
476.35429389925025 734.1136759309494 4 9
452.78460969082653 730.58468371008144 8 10
657.2457781911894 322.3245575630599 2 8
517.01956666631247 263.15619771310526 4 4
662.01559806261707 325.96445019803332 4 4
285.72524139668917 605.56349418894058 32 1
682.25051008448622 345.01798565058988 4 9
537.01613323034064 263.52677246992005 16 2
704.48451951608627 375.09983691416426 8 3
739.02444832780407 480.94529242512584 4 9
348.25137396384878 686.62502060002635 4 9
669.95686304519711 326.93208157229077 4 4
713.39089894097253 383.1420011465064 4 9
743.44310091045861 474.27629629723668 4 4
340.13144265375485 685.44648683191258 4 4
518.76452704195503 255.34882214333552 4 4
655.99998076844213 309.08890518440046 8 10
348.19615527706168 694.62483002879583 4 9
719.9944420589643 387.65788625231056 4 9
723.0412648457276 392.82672276607843 2 8
747.88925468272009 480.92698924108885 4 4
481.23547295804491 747.94381540570259 4 9
252.32479704712949 522.44007287015665 8 10
685.26489097560477 333.40275823812567 8 3
296.01295963490929 643.11289066536915 4 9
701.23122396187568 351.32135781988757 16 11
669.85258255763529 315.34788695359975 4 4
727.8395600069174 389.22445076828285 4 4
753.29049073188833 483.53977494626366 2 8
614.28285685708579 273.16910503868297 4 4
743.33518017466747 422.00689756673376 16 2
382.28285685708568 726.83089496131674 4 4
735.28847845144287 399.3960463802469 8 3
482.98043333368759 755.75119097547235 4 9
522.93031691412125 244.09510299183023 8 10
347.21539030917347 706.58468371008155 8 10
652.78460969082653 293.41531628991834 8 3
671.27255523895053 307.47491562224599 4 4
690.40011639685918 324.82199720702226 2 5
462.98386676965936 756.12176573228726 16 11
615.18958119207241 267.23801315098279 2 8
416 746.29749663118355 32 12
584 253.70250336881631 32 1
681.69663173126798 313.41954591203807 8 3
303.08089649487033 672.84889287811438 2 5
727.75428474622299 369.22463256586127 16 2
481.52594305908571 763.61785850633248 4 4
700.07551010466966 327.34920052271752 8 3
236.41487635741186 520.74466034015268 8 3
738.68400714929794 385.97399578336069 4 4
324.65125982856438 698.10997528094106 16 2
746.92390208157917 402.33150493850769 4 4
306.71268628861736 682.16608681695857 8 3
251.37487212625106 594.79074472631305 4 4
240.21694110023969 560.5635541431119 32 1
746.18330363260509 394.36585908036301 4 9
754.34795191751766 405.31202234887485 4 9
521.88452537548494 229.43025833838081 4 4
744.37401230095827 380.35048785911283 4 9
257.89850970001197 625.09994737474528 2 8
261.66259036447116 632.34014120274151 4 4
758.08312920009951 411.68711076935961 2 5
542.48523647040008 229.60842922015055 16 11
763.25166289318611 423.83274425332826 4 9
226.15033547543732 514.52861654347032 4 9
704.42192715703004 316.16400232121248 4 9
696.36680641620455 307.03315610922726 8 3
762.37392711261793 415.88104129738792 4 9
467.1543061579456 773.63197519158928 2 5
515.5025816180729 224.60627721515598 4 4
477.77997636667084 775.01819769160761 8 3
761.67269026172062 409.92215995279452 2 8
680 289.47959100881292 16 11
747.40486104386093 372.94684308794473 4 9
306.71624176923922 700.43528155368324 2 5
775.40898083645266 457.71783862277528 32 12
522.87124369686819 221.49134235732606 4 9
221.11328602654669 525.42027081862204 8 10
511.55795182844003 220.08522691431426 2 5
705.99614441110089 309.73053442530494 2 8
254.83243060709106 636.80529826651616 2 8
297.97855366377337 695.57186643963007 8 3
771.03523858897825 421.98451553699641 4 4
218.18515773452899 513.78300031796402 4 9
516.48929993945615 216.66736123410124 4 4
768.01056994139947 406.3314301045599 4 4
304.15419199962668 705.86076779714824 4 4
269.50830029644965 667.47480835163105 32 12
707.99614441110089 304.07368017581257 4 9
750.41924193497948 361.33161567548052 8 3
384 762.78991913365417 4 4
352 746.29749663118355 32 12
648 253.70250336881628 32 12
523.85796201825144 213.55242637627131 4 9
214.46323096178483 535.40910296435538 4 4
480.924910339306 787.16461021599468 4 4
756.68512156046631 369.12512274989245 2 5
564.03397861927056 219.04189185914652 8 3
529.85325278430832 213.31475300705949 2 5
765.73722657033193 386.46105240514959 16 11
614.28285685708568 234.23590169894959 4 9
212.15771430384891 529.86973540659392 2 8
390.05012562893381 768.26574690574762 2 8
703.76284491616138 292.84518181734342 8 3
296.31484843978319 707.45597704697752 4 9
791.40269016120794 487.72119280252053 2 5
517.4760182608394 208.72844525304649 4 4
697.45537636997119 285.08529518551546 2 5
553.6552877368706 213.01837332198011 4 9
379.3168859205652 766.54071138583231 2 8
761.60145807570154 365.68569906721467 4 4
414.28285685708568 782.25652080352086 4 4
483.3271419910559 794.79542164672284 4 9
207.20382456743053 541.6469579459515 4 9
206.11827210836461 533.7209516465208 4 4
579.21539030917347 213.98969044771428 8 3
284.68918050015759 704.48211676822177 8 10
797.2419392766235 486.34163861071846 4 4
202.90875548237557 522.15812314189009 8 3
739.81180831069707 322.7637229160045 32 1
559.74768198116681 207.83351726109794 4 4
513.49523676893534 201.78918169603168 4 9
552.21126779532904 205.14977710610842 4 4
567.74509695350912 207.63016102157073 4 4
715.30177284416243 289.5507710547945 4 4
198.69769813500224 510.92126432738445 4 4
787.72266867673227 409.71272622417001 16 11
224.00000000000011 622.47486830580237 32 1
764.68611247945262 354.08893627713314 8 3
508.01231628268795 197.76746107460846 2 5
204.35069406572251 563.66392890416682 4 9
483.98482342102534 802.7683417602492 4 9
803.02431191241169 480.81315177426063 4 4
201.41835772758057 556.22071698994512 4 4
574.95153446694633 204.94427540158702 2 5
796.43585190116426 427.71496047710309 4 9
506.55578266334442 194.04207387114599 2 5
805.89190371301913 488.2815463316665 4 9
448 801.72312247338766 32 12
777.32663654979103 370.1611881011741 4 9
532.48328242026435 195.50793004185897 16 2
512.55254258124398 193.84491787434922 4 4
193.46671581245144 507.98241694428322 2 8
773.87997150419585 361.80080740113067 4 4
723.1372020007467 287.93644459086318 4 9
580.19615527706173 202.02983676642859 4 9
782.78769981884955 376.0072797846272 4 4
266.81101041167136 703.37361929680685 4 9
196.43851529318451 562.48180070832711 4 9
802.92870699018522 434.5086880044617 4 9
234.28771823822024 660.02426478223094 4 9
728.6274144291757 290.3566857959342 2 5
789.72802843602756 385.79665354833548 8 10
507.02615411599578 188.06053972875989 4 4
187.99831332346491 516.35478663383026 8 3
802.79420334716804 422.85992526723055 4 4
807.3748607624467 441.15938094831387 4 4
197.49899378908955 582.45366555264559 16 11
268.08194234583652 711.27201989558125 4 9
514.79876676779577 186.16673599946833 4 9
810.24245256305414 448.62777550571974 4 9
485.86372855089974 814.62033380854768 8 3
187.24637720620709 540.34300440997117 16 11
730.42264587334353 284.63155312831231 4 4
790.4830017976783 373.8204264620116 4 4
353.71714314291432 782.25652080352086 4 9
188.69601307999133 564.49517088757841 4 4
348.12730472849279 780.07622116799882 2 8
241.6815685997725 687.01126153743587 2 8
180.55555044786848 506.9417488256812 4 9
564.53372650787037 186.72680520034237 16 2
508.77844599715456 180.21366651608344 4 4
678.28285685708568 234.23590169894959 4 4
815.2764760749493 442.41017088000683 4 9
544.81103038355081 182.39203776745819 2 8
648 214.76930002908287 4 4
318.28285685708568 765.76409830105035 4 9
797.84276006021776 376.95634073331775 4 4
194.2593626982123 602.18954127162556 4 4
811.26783504036223 414.36301018420801 8 10
384 801.72312247338766 32 1
616 198.27687752661222 32 1
736.79832945589862 279.79930118381094 4 4
745.30651701049021 287.18552486854264 4 9
817.01672517679754 429.29452926965928 8 10
486.9997450012678 824.55559760094354 2 8
288 746.29749663118355 32 1
712 253.70250336881628 32 12
180.32615938501897 559.10761432617539 4 4
519.68363377209698 175.20598445816017 8 10
180.09609787763699 567.10430562338206 4 9
496.88262726536658 827.01970502092388 4 4
508.05429577720065 172.24650852474545 4 4
248.09942512766361 710.43595433270718 16 2
477.77997636667078 828.42804725516771 8 10
753.0281557439348 289.27748454075618 4 4
178.10567785580668 574.85273953848366 4 4
489.62079093892675 830.3761515299567 4 9
813.27319479965752 390.44693750837348 16 11
760.09713534487378 293.0230856142166 4 4
585.71714314291432 178.81027585674551 4 9
414.28285685708568 821.18972414325447 4 9
167.17773250699639 500.54228136374314 2 8
579.37009204547576 176.53454060239585 2 5
827.48965438282892 436.39303797477521 4 9
496.15847704541267 834.98686301226189 4 4
174.45319166628505 581.97027735962331 4 4
164.07508237420518 518.27286404321228 16 2
829.74868894090559 430.83455231180773 2 5
541.28205268884994 164.74136309394206 16 11
161.56128473127501 498.43147242340905 4 4
837.85778363901318 471.7230886572051 32 1
762.945676302793 285.54740407932917 4 4
835.0217525652763 433.69720842341775 4 9
801.72312247338766 338.98066401624385 32 1
177.01613323034078 612.65059920469866 16 11
486.36910328170438 841.9271916294399 8 10
256 256 256 0
744 744 256 0
246.36284361168538 734.37304447830263 8 3
207.78305889976065 684.38618246849296 32 1
821.16523012989842 372.06989263314313 4 9
779.83301106385375 296.26271670509379 16 2
835.25863690605786 413.69861132739391 16 2
705.94987437106624 220.24512780117621 2 8
511.68363377209704 152.57856746019064 16 11
462.98386676965936 847.32447921448806 16 11
842.87852066562107 432.19015997781105 4 4
181.28205268885003 644.36497971533629 16 2
759.13069427002688 264.85163967886291 16 2
149.58238250265998 499.14273988174079 8 3
247.55899603439201 744.3012477085781 2 5
320 801.72312247338766 32 1
680 198.27687752661222 32 12
499.23496643187679 851.43874068314494 8 10
252.19615527706171 750.05045587099994 4 9
353.71714314291432 821.18972414325447 4 9
852.92754016047991 504.41716210154226 4 9
286.28285685708568 782.25652080352086 4 4
649.71714314291432 178.81027585674553 4 9
710.0454628566871 214.1913414424165 2 8
493.21171322545763 144.91122428809766 4 9
850.06472039550988 435.70563056396952 4 4
614.28285685708568 162.31785335427486 4 9
849.5161073644357 427.72446374813768 4 4
181.88674526789123 662.35481981703958 2 8
348.12730472849279 823.3700237787765 2 8
167.25620026810628 630.10750925695845 4 4
382.28285685708568 837.68214664572497 4 9
484.56479174694022 857.82513048595581 8 10
259.30825280743682 767.88445430571176 2 8
222.76692566941998 729.98753920959336 16 2
238.36284361168541 748.22945093885369 8 10
752.23339701651469 241.86409325483817 8 3
144.44883796005774 562.07709363575441 32 12
735.32336347166211 226.27950724569479 4 4
251.21539030917347 762.01030955228566 8 3
615.18958119207241 156.38676146657465 2 5
495.46997952188264 862.83281254387907 4 4
782.33659146624757 271.5343109312866 4 4
850.64190866801562 404.35222433039053 2 8
761.17242188626915 246.34670793579301 2 5
384 845.65962302251569 2 5
135.32657947319655 491.87830046874126 8 3
507.21183105460153 865.30847863275028 8 3
161.68440763989619 639.59416794914819 4 4
780.05063667760237 263.86786385951535 4 9
497.06300779827887 133.5460348874164 8 10
861.14888701292477 437.09773504028448 4 9
416 857.14874831559177 32 1
584 142.85125168440814 32 12
517.01803917238647 133.30308772490616 4 9
509.03687235655462 132.75447469383192 4 4
172.00504009088894 666.49950110743487 8 3
132.18101224702664 515.67127016202767 16 11
793.30547984523116 276.40087930431901 8 3
537.01613323034064 133.02698258330443 16 11
238.44670681523931 760.22915789207093 4 4
726.98386676965936 208.10114662771593 16 11
155.41272782496583 634.62767700493066 4 4
749.73397557508747 226.06052111249852 8 10
787.83295199284771 265.72139247653149 4 4
244.74929510579113 769.6385211920342 2 5
470.00229686549983 870.27533189995052 8 10
871.49580146457595 484.54821075280802 4 4
454.01713145050951 869.58650198233897 8 10
870.85907686327084 463.54295140123185 2 5
714.45060676995422 195.18149517035098 2 8
872.92738116887438 504.49690944596193 16 2
172.26808985858912 678.49661762848746 4 9
871.37186443543658 459.32105265923968 2 8
873.49761285905618 476.80271198636763 4 9
871.6153316400929 453.32599438427212 4 9
811.54739157449137 291.99679724658449 16 11
873.73943268711446 468.80636762342539 4 4
237.42825316555553 768.16406508519208 4 4
866.97301741669548 417.96453078590321 16 2
840.65632581312116 338.98066401624385 4 4
872.37030500174365 441.34976729794823 8 3
484.17043085359415 123.20596969710873 8 3
515.04938914754246 876.85186648641798 4 9
171.84431454206054 686.48538564872069 4 4
795.76154712050709 264.65491261190419 4 4
140.80916145116271 620.9625443979661 16 2
877.35685316124284 458.89689472642266 4 9
879.42858909384029 485.58304427999542 4 9
857.14874831559177 370.98066401624385 32 1
461.62464652782592 878.86689606601897 4 9
455.27337599237353 879.50728066402701 2 5
718.01713145050951 185.83912385986508 8 3
879.31063361892166 451.13914106165652 4 9
520.56012902663099 882.65115488975016 4 9
318.28285685708568 837.68214664572497 4 9
289.71714314291432 821.18972414325447 4 4
218.5010062109107 761.70191972023099 16 11
709.39462407564076 177.49332452305291 4 4
807.16188630578222 268.40087930431906 8 3
753.62821790689361 210.54166559215912 8 10
170.99844920893412 700.09899538959507 8 10
146.38319910694466 652.47333785373178 16 2
229.88407696615369 775.64558136920732 2 5
528.53576465791991 114.72818359439054 4 4
352 857.14874831559177 32 12
648 142.85125168440817 32 1
694.65176432042063 165.39335882348607 4 4
701.55219316777573 169.44108432339203 4 4
803.19028350285782 259.22338666330847 2 5
446.10117692967492 883.49109345508919 8 3
883.92134510122685 444.6014549551706 4 9
746.83999491029829 200.64621064817118 4 9
256 801.72312247338766 32 1
684.78460969082653 158.5640646055102 8 3
111.87047280751307 509.387800763999 2 5
111.33142861660846 491.3958739255458 16 11
741.59431378146871 194.44337088951059 4 4
226.52360852258047 777.81520157554496 2 5
524.65405033181844 889.52427705852699 4 4
807.10483958127156 258.40104202208181 2 8
509.28205268884994 109.31573725173799 16 2
459.43162571856658 888.7828047290069 4 4
616 126.35882918193751 4 4
885.86944937601584 432.76064038291463 8 3
734.00229686549983 185.15029394225346 8 3
694.75009682966027 159.39416465113035 2 5
892.84495840949921 502.6830415169922 4 4
530.14426276024744 891.94451826359807 2 5
151.5752471181068 684.04931982499886 16 2
382.28285685708568 876.61534998545858 4 4
813.08911211767042 257.96689664308724 4 9
221.74063730178793 781.43779543921096 4 9
430.65176432042068 890.0322670187179 4 9
108.44921914845661 562.24276022687479 4 9
161.13129457933996 706.92828960757095 4 9
789.69437415779601 227.84000000000006 32 12
102.87594359112887 473.27117329397976 4 9
527.12898410976209 897.13181955231528 4 4
695.15409778449623 152.52471723387794 4 4
456.78438328953428 896.33211645405379 4 4
125.98111123104181 639.83392290271695 8 3
478.70396735211955 99.836806751315279 16 11
900.16319324868493 521.29603264788057 16 11
582.28285685708568 106.89222751207078 4 9
430.75009682966032 896.03146119107362 2 5
117.41482931458212 626.32027002395262 8 3
175.78305889976065 739.81180831069707 32 1
126.39365116146308 651.82682958983025 4 4
152.10901527155349 704.0421958451808 4 4
687.99998076844213 142.89047571102807 8 3
97.663547683524342 467.20232423485925 4 4
697.17217983114074 146.87428850209031 2 5
491.86955290513276 904.39628864000599 32 12
420.78460969082653 896.86156123669377 8 10
818.15692799393969 249.88275457207251 4 4
831.09897645137767 266.66429778834089 16 2
127.73943653933337 659.71282107579509 4 9
498.97648416607097 94.557849278782399 2 5
195.00569891041383 767.85623932686917 2 5
857.14874831559177 306.98066401624385 32 12
131.32771257651044 671.16377191321556 8 10
873.64117081806239 338.98066401624385 4 9
151.06417480200437 709.95052119109675 2 5
762.54148217141494 188.25818022404835 16 11
908.3275239688428 502.72929005239507 4 9
91.687096989923219 477.60818974941185 8 3
462.30168101842116 92.422968135094223 2 5
531.68509895103603 908.23325268291251 8 10
879.11699859015584 345.03078964517766 2 8
123.97556490672481 664.38542959066604 2 5
518.09519975353965 89.968167925950496 2 8
682.41039077118535 132.27179012087296 4 9
89.794951467652652 465.75830429331774 4 9
87.386401815584165 493.01935521531408 8 3
893.10777248792908 372.69780715915817 4 4
912.57437415779589 466.98066401624385 32 1
87.42562584220407 533.01933598375615 32 12
288 857.14874831559177 32 12
358.05012562893381 890.60612388323182 2 5
257.71714314291432 837.68214664572497 4 9
679.22431739694275 124.93360666350817 4 9
444.49335621060209 912.1096528062526 16 11
552 87.42562584220407 32 12
916.32733339761228 502.78450873918217 4 4
523.95250194739913 915.65170425878 2 8
684.9195233445721 126.82162923066342 2 8
127.72809064555311 686.75359942843113 8 10
419.80384472293832 908.8214149179795 4 9
827.13437415779606 241.92000000000007 8 3
321.71714314291432 876.61534998545858 4 9
120.81292309065216 676.94643583809341 4 4
918.36862927385891 510.5196953009671 4 9
780.50760447598452 189.36201415052869 2 8
834.90822840268038 248.21024563743697 2 8
646.28285685708568 106.89222751207082 4 4
823.3504807891951 232.66353463923423 2 8
684.84061852089326 122.82240755278656 2 8
920.15595929391463 521.83390425032007 4 9
316.12730472849279 878.79564962098061 2 8
761.1540602952881 168.30636174708627 4 9
505.01613323034064 77.601356741100361 16 11
80.086950358526309 453.25649106759482 4 4
546.74350893240523 919.91304964147378 4 4
352 896.08195165532527 4 9
133.06530937514387 710.15261855814049 16 2
478.62269275276594 77.58196977860014 4 9
256 845.65962302251569 2 5
698.17912810075688 125.91511164529533 8 10
912.57437415779589 402.98066401624385 32 1
87.42562584220407 597.01933598375615 32 12
459.41331056601723 922.17915934988866 2 5
222.28285685708568 821.18972414325447 4 4
733.28205268884994 145.09282489173467 32 12
838.98493362110594 243.80791959748242 4 4
484.1927505595948 75.351620920554595 2 8
924.81817306345624 515.25291670990907 4 9
116.18543865491139 683.47226052137887 4 9
769.08453799884876 169.35875112052554 4 4
458.82243629757642 74.76242295176327 16 2
925.23757704823686 541.17756370242364 16 2
71.712812921102042 496.23472629292962 8 10
928.287187078898 503.76527370707038 8 3
616 87.425625842204084 32 12
384 912.57437415779589 32 12
137.97822517396617 729.53981171119085 4 9
846.76893875396422 245.65433885963157 4 4
926.18115497406268 559.15281504135896 2 8
192 801.72312247338766 32 12
931.16439736801044 520.58807587080685 4 9
71.142678448527136 445.25649106759482 8 10
554.74350893240523 928.85732155147286 8 3
114.20693471903441 695.30803350736164 8 3
769.15441411346421 161.3590562933083 4 4
439.10498977274705 71.412452423457864 4 9
137.77876646783329 737.53732483869169 4 9
67.777087639996637 469.01933598375615 16 2
530.98066401624385 932.22291236000342 16 11
167.22768758508133 778.4350882579871 2 8
708.18195987712738 119.28613310756919 4 4
481.10266752489179 65.84102751958109 8 3
431.92030600806095 929.25211415397439 2 5
862.22823771235903 259.25018332027634 16 2
935.11648129687387 513.63242833666459 4 4
420.78460969082653 928.287187078898 8 3
115.7640587058951 705.18605784877445 2 5
437.60741185456288 931.16439736801033 4 9
935.19517026671622 525.03249594985641 2 8
932.12751550810935 559.9533126360659 4 4
816.61218310743095 199.71126231691201 4 4
874.19720775567475 275.27340884144439 4 9
67.959024172337365 563.30219284084183 4 9
932.04097582766269 436.69780715915817 4 9
706.0192718627095 113.68945725914867 2 8
132.88503660739647 741.00883863717627 2 8
146.04242159797272 760.09713534487378 4 4
939.16420679677992 520.53285718401969 4 4
770.98926725566048 153.57231667093924 4 9
121.40606510924283 723.86618932392037 2 5
126.56830429073122 733.25649106759477 8 3
585.71714314291432 67.959024172337351 4 4
496.67663652833789 59.422996123121493 4 9
430.65176432042068 935.11648129687387 4 4
940.33977747698236 531.38350722872497 2 8
876.77299410840749 269.85443064762632 2 8
885.98454151881197 285.42847084846801 4 4
890.0322670187179 292.32889969582317 4 4
459.86955290513276 940.17337628000257 16 11
412.69174719256318 934.16133183232409 2 8
912.57437415779589 338.98066401624385 32 1
87.42562584220407 661.01933598375615 32 12
896.86156123669377 302.19605432541732 8 10
437.55219316777584 939.16420679677981 4 9
944.63592208449927 526.36898019592911 4 9
715.08601476316176 109.47114323846463 8 3
944.48023039221948 535.72593162722694 4 4
491.19625701129121 53.595008447333619 4 4
470.54405684527262 53.81955753807582 8 3
286.28285685708568 893.10777248792908 4 9
774.49848739372442 146.38306260514034 4 9
257.71714314291432 876.61534998545858 4 4
946.35309869461116 463.10796874473664 2 5
149.28205268884994 779.83301106385375 16 2
948.5333983301332 468.69780715915817 4 9
51.466601669866705 531.30219284084183 4 4
320 912.57437415779589 32 1
680 87.42562584220407 32 1
118.40415348717038 739.03114617908989 2 8
481.79950921918743 49.65845289404978 4 4
352.81041880792765 926.10988393996251 2 8
224 857.14874831559177 32 1
67.959024172337365 630.73647912667047 4 9
932.04097582766269 369.26352087332953 4 9
553.71714314291432 51.466601669866705 4 9
951.26141899767549 530.85259376686645 4 9
804.89519892197882 165.67139919148414 32 1
902.90090860832606 291.82656623174762 4 4
158.09519975353965 799.18058038964114 2 8
851.13437415779595 209.92000000000002 32 12
193.71714314291432 837.68214664572497 4 4
946.35309869461116 406.85335928775106 2 5
123.20271348220071 757.01933598375615 16 2
353.71714314291432 932.04097582766269 4 9
874.02608986124483 237.70433645334131 4 4
649.71714314291432 67.959024172337365 4 4
765.20259174351963 127.31556186083257 2 8
715.6984642166492 96.382878088139165 4 4
43.489125293076057 533.01933598375615 2 8
956.51087470692391 466.98066401624385 2 8
51.466601669866705 595.30219284084183 4 9
912.5351501311759 298.98068324780178 8 10
948.5333983301332 401.26352087332953 4 9
774.24878800799979 131.57776001958885 8 10
463.93747589210165 959.75530679188239 4 9
476.41356435740477 38.935039354237155 8 3
455.93752398390529 959.78304605189396 4 9
192 845.65962302251569 2 8
879.59692799393963 231.96275457207253 4 4
129.33635208452134 781.30577289201381 4 9
717.59907981590936 88.611928317110625 4 9
923.15383572133101 304.57027324505844 4 4
616 48.492422502470646 4 4
384 951.50757749752938 4 9
787.70946896783744 132.90546029876472 4 4
956.51087470692391 402.98066401624385 2 8
735.68363377209698 97.152941617986585 16 11
968 498.98066401624385 32 1
498.98066401624385 968 32 12
32 501.01933598375615 32 1
459.9615228418557 966.69733800344 4 9
520 32 32 12
105.48852798665469 753.82439745079694 2 8
121.33574917192225 776.93200642908187 4 9
40.967500254313038 402.15411062683501 4 4
597.84588937316528 959.03249974568723 4 9
87.42562584220407 725.01933598375615 32 12
840.23307722267054 172.54412479385599 4 9
32 437.01933598375615 32 12
437.01933598375615 32 32 12
968 562.98066401624385 32 1
562.98066401624385 968 32 12
765.28205268884994 109.31573725173799 16 11
145.01613323034067 811.54739157449137 16 2
32 565.01933598375615 32 12
968 434.98066401624385 32 1
129.42021528807524 793.30547984523105 8 3
962.24358119761678 600.82807708723271 4 9
794.87124510045896 129.34049709752236 4 4
933.28288705268017 308.36472608711051 2 5
67.959024172337365 694.73647912667047 4 9
845.77908856953786 174.83361341370517 2 8
786.24873772559022 120.99469776071021 8 10
604.5306763081046 963.42722654430395 4 4
584 32 32 12
416 968 32 1
928.287187078898 292.78460969082653 8 3
53.646901305388795 664.8920312552633 2 8
51.466601669866705 659.30219284084183 4 4
888.57437415779589 224 8 3
401.05990614116047 33.708626757205273 4 4
721.98890493890303 77.443695001606613 8 10
33.04622726542383 401.03454185472043 4 4
935.11648129687387 302.65176432042068 4 9
481.15395938771258 22.461387483049879 8 10
34.361576847429461 391.92795658893021 4 9
965.63842315257057 608.07204341106979 4 9
939.16420679677981 309.55219316777584 4 4
754.97648416607103 94.557849278782399 2 5
912.57437415779589 256 32 1
256 912.57437415779589 32 1
801.4152663299277 127.13256833963409 2 5
951.97954439049715 338.74178993441603 4 9
596.92178951319818 970 2 8
456 978.14359353944894 8 3
949.55727724303097 331.11731474812905 4 4
710.28285685708568 67.959024172337365 4 9
675.31688592056514 52.24321475464874 2 8
970.21446103569554 601.51004087432807 4 9
798.20079573313888 122.06628974658572 4 4
192.81041880792768 870.6842580977584 2 5
944.63592208449916 315.38831617968521 4 9
224 896.08195165532527 4 9
465.19615242270663 982.07179676972453 2 5
315.3168859205652 947.75678524535124 2 8
715.87269527150715 65.778724536815275 2 8
553.04072733284238 17.945696889543463 2 8
811.92283565935941 128.65823946860661 2 8
806.09301107562146 123.37508193325358 4 4
193.71714314291432 876.61534998545858 4 4
968 370.98066401624385 32 12
32 629.01933598375615 32 12
952.46557444585687 323.66467713584473 4 4
121.50256858622812 804.63729698620421 4 4
817.04463945866883 131.78347959400173 4 4
680 48.492422502470646 4 4
320 951.50757749752938 4 9
950.39108588804038 317.08480950251572 2 8
125.01803917238652 811.82349671609313 4 9
737.42021528807527 73.215851472391137 8 10
815.02535071298655 126.13348198678446 2 8
727.34112373109951 66.703408506337567 4 4
771.32170175311967 92.359244714055947 2 5
352 968 32 1
648 32 32 12
874.75526827303554 182.75286247694396 4 4
961.5510470311882 331.50394928963505 8 10
982.05430311045654 404.02139134908623 2 8
17.945696889543463 595.97860865091377 2 8
488 8 8 10
828.8951989219787 133.67139919148408 8 10
469.01933598375615 8 8 3
8 469.01933598375615 8 10
530.98066401624385 992 8 3
992 530.98066401624385 8 10
992 466.98066401624385 8 10
8 533.01933598375615 8 10
160 857.14874831559177 32 12
464 992 8 10
117.03687235655468 811.27488368501884 4 9
820.86472889470633 124.75447420912157 4 9
6.2143031104565338 478.85860865091377 2 8
552 8 8 3
448 992 8 10
75.936500549128013 757.01933598375615 2 5
608.23549801218292 984 16 11
391.76450198781708 16 16 2
994.38465312923756 540.69217416931565 2 5
382.95927266715762 982.05430311045654 2 8
542 5.4641016151377544 2 5
761.01613323034064 77.601356741100361 16 11
476.35324701827432 996 4 9
733.6742485956604 61.815512287116043 4 4
372.09656092326225 19.629337994896321 4 4
627.90343907673775 980.37066200510367 4 4
988.04953608000073 594.49696990310224 4 4
984 616 16 2
16 384 16 2
500 2 2 5
496 2 2 5
504 2 2 5
514.98066401624385 998 2 5
2 485.01933598375615 2 5
998 514.98066401624385 2 8
998 482.98066401624385 2 5
2 517.01933598375615 2 8
482.01010126776669 998 2 8
2 481.01933598375615 2 5
998 518.98066401624385 2 5
518.98066401624385 998 2 5
480 2 2 8
2 521.01933598375615 2 5
998 478.98066401624385 2 8
522.98066401624385 998 2 5
998 522.98066401624385 2 5
2 477.01933598375615 2 8
998 474.98066401624385 2 8
2 525.01933598375615 2 8
506.82842712474621 1 1 6
1 489.70562748477141 1 7
999 510.29437251522859 1 7
512.15223689149764 999 1 6
980.37066200510367 635.66794106455484 4 9
19.629337994896318 364.33205893544516 4 4
486.8385283925129 999 1 6
1 514.19090885900994 1 6
999 485.80909114099006 1 7
484.8385283925129 999 1 6
536 2 2 5
477.17157287525379 1 1 6
461.01933598375615 2 2 5
538.98066401624385 998 2 5
998 538.98066401624385 2 5
2 461.01933598375615 2 8
540 2 2 8
475.17157287525379 1 1 7
991.52786404500046 589.60808101421333 2 8
2 541.01933598375615 2 5
998 458.98066401624385 2 8
472.35324701827432 999 1 7
457.01933598375615 2 2 5
2 457.01933598375615 2 8
542.98066401624385 998 2 5
998 542.98066401624385 2 5
470.35324701827432 999 1 7
364.12940293192429 18.905187774942398 4 9
544 2 2 5
456 998 2 8
2 545.01933598375615 2 8
998 454.98066401624385 2 5
533.17157287525379 1 1 7
2 453.01933598375615 2 8
998 546.98066401624385 2 5
546.98066401624385 998 2 5
453.01933598375615 2 2 8
2 549.01933598375615 2 5
998 450.98066401624385 2 8
51.466601669866705 723.30219284084183 4 9
8 597.01933598375615 8 10
992 402.98066401624385 8 10
999 549.80909114099006 1 6
450.19090885900994 1 1 7
560 2 2 8
440 998 2 5
551.66695551725911 999 1 7
1 448.33304448274089 1 6
999 448.15223689149764 1 7
1 551.84776310850236 1 7
67.959024172337365 755.30219284084183 4 9
436 998 2 8
564 2 2 8
5.4641016151377544 587.01933598375615 2 5
992.52167203500028 598.49696990310224 2 5
591.26493526370575 994 2 5
638.86291501015239 983.0557280900008 4 9
568 2 2 5
432 998 2 5
996 585.60808101421333 4 4
585.60808101421333 996 4 4
4 414.39191898578662 4 4
414.39191898578662 4 4 9
644.80362623919268 982.21433038786824 2 8
87.42562584220407 789.01933598375615 32 12
6 400.73506473629425 2 5
570.82842712474621 1 1 7
429.17157287525379 999 1 7
2 421.01933598375615 2 5
578.98066401624385 998 2 5
119.68363377209702 831.09897645137755 16 2
998 579.9512267647209 2 8
420.04877323527899 2 2 8
998 418.98066401624385 2 5
2 581.01933598375615 2 8
999 575.12279963997469 1 7
424.8772003600252 1 1 6
4 406.39191898578662 4 4
996 593.60808101421333 4 9
576.15223689149764 999 1 7
1 423.84776310850236 1 7
999 577.12279963997469 1 7
422.8772003600252 1 1 7
999 421.80909114099006 1 6
1 578.19090885900994 1 6
998 414.98066401624385 2 5
2 585.01933598375615 2 5
746.22002363332922 58.70492478177998 8 10
384 992 8 3
616 8 8 10
5.6153468707624699 606.73084613682795 2 8
998 410.98066401624385 2 5
2 589.01933598375615 2 8
977.53861251695014 332.13462340395643 8 10
32 693.01933598375615 32 1
591.26493526370575 998 2 8
407.07821048680182 2 2 5
946.35309869461116 259.87269527150721 2 5
999 589.60808101421333 1 6
1 410.39191898578662 1 7
409.90663761154804 1 1 6
596.92178951319818 998 2 8
403.07821048680182 2 2 5
594.09336238845196 999 1 6
2 400.73506473629425 2 8
600 2 2 5
400 998 2 5
595.31370849898474 1 1 7
998 600.68629150101526 2 8
837.4086094145207 120.12437583631576 8 10
866.33519892197876 147.7513991914841 32 1
357.82337649086281 12 4 9
402.82842712474621 999 1 7
999 597.85786437626905 1 7
17.945696889543477 662.06006331659853 2 8
2 396.73506473629425 2 8
604 2 2 8
396 998 2 5
599.75021663794439 999 1 6
998 604.68629150101526 2 8
2 605.01933598375615 2 5
998 394.98066401624385 2 5
43.489125293076057 725.01933598375615 2 8
399.76450198781708 1 1 7
630.86291501015239 992 8 10
369.13708498984755 8 8 3
392 998 2 8
608 2 2 8
998 390.98066401624385 2 8
2 609.01933598375615 2 8
1 393.90663761154804 1 7
999 607.51471862576147 1 6
2 613.01933598375615 2 8
998 386.98066401624385 2 8
777.9545371433129 71.511161926399794 2 5
992 638.62741699796948 8 3
8 361.37258300203047 8 10
948.5333983301332 254.28285685708568 4 9
254.28285685708568 948.5333983301332 4 9
932.04097582766269 225.71714314291432 4 9
225.71714314291432 932.04097582766269 4 4
619.54920651116765 998 2 5
380.45079348883235 2 2 8
1 615.84776310850236 1 6
999 384.15223689149764 1 6
616.72077938642144 999 1 7
383.27922061357856 1 1 7
10.928203230275509 346.05887450304573 4 4
989.07179676972453 653.94112549695421 4 4
624 2 2 5
376 998 2 8
646.86291501015239 992 8 3
968 288 32 1
712 32 32 1
288 968 32 12
622.37763363591387 999 1 6
377.62236636408613 1 1 7
998 627.31370849898474 2 8
100.92180744558667 824.1712154210112 4 9
1 376 1 6
372 998 2 8
628 2 2 5
624.37763363591387 999 1 7
999 624.48528137423853 1 6
374.79393923933992 1 1 6
656.69688554242975 990.18533100255183 2 5
2 369.37258300203047 2 8
912.57437415779589 192 32 1
192 912.57437415779589 32 12
808 87.42562584220407 32 1
1 372.20101012677668 1 6
368 998 2 5
632 2 2 8
346.50966799187808 8 8 10
999 630.14213562373095 1 6
357.82337649086281 4 4 9
987.33657148808288 330.13462340395643 2 5
999 632.14213562373095 1 7
634.82842712474621 1 1 6
365.17157287525379 999 1 7
638.86291501015239 998 2 8
994.38465312923756 348.69217416931571 2 8
992 338.98066401624385 8 3
8 661.01933598375615 8 3
361.82337649086281 1 1 6
996 649.94112549695421 4 4
4 350.05887450304573 4 4
848.78860958904318 116.31706759716974 4 4
161.71714314291432 893.10777248792908 4 4
2 645.01933598375615 2 8
998 354.98066401624385 2 8
999 357.80909114099006 1 7
1 642.19090885900994 1 6
7.844049173632671 335.04294363460826 4 4
992.1559508263673 664.98406913156248 4 4
999 644.2842712474619 1 6
1 355.7157287525381 1 6
998 350.98066401624385 2 8
2 649.01933598375615 2 8
353.82337649086281 1 1 6
996 657.94112549695421 4 9
4 342.05887450304573 4 9
658.17662350913713 996 4 9
2 653.01933598375615 2 5
998 346.98066401624385 2 5
999 653.94112549695421 1 7
1 346.05887450304573 1 7
654.17662350913713 999 1 6
335.19595949289334 4 4 9
670.2884898469282 5.6153468707624699 2 5
666.17662350913713 996 4 4
340.68629150101526 999 1 6
680 8 8 3
992 320 8 10
320 992 8 3
2 336.40202025355336 2 5
339.19595949289334 1 1 6
664 2 2 8
336 998 2 8
661.17157287525379 1 1 6
999 661.94112549695421 1 6
662.17662350913713 999 1 6
4 328 4 4
996 672 4 4
998 666.34314575050757 2 5
332 998 2 5
668 2 2 8
674.17662350913713 996 4 4
844.81535492310684 103.06626655432548 8 10
2 669.01933598375615 2 5
998 330.98066401624385 2 5
1 333.57359312880715 1 6
331.19595949289334 1 1 7
672 2 2 8
328 998 2 5
2 673.01933598375615 2 5
670.17662350913713 999 1 7
128.29274482520049 874.19720775567464 4 9
325.65685424949237 2 2 8
996 680 4 4
320 4 4 9
4 320 4 4
328.48528137423858 1 1 7
999 328.15223689149764 1 7
999 326.15223689149764 1 6
2 677.01933598375615 2 8
1 324 1 6
999 676 1 6
679.83347775862956 998 2 8
994.53589838486221 310 2 8
1 679.84776310850236 1 7
112.26951930403246 862.22823771235892 16 2
683.83347775862956 998 2 8
314.34314575050763 2 2 8
2 314.34314575050763 2 5
998 686.74516600406093 2 5
859.98763965958165 108.25825432543985 8 10
687.83347775862956 998 2 5
312 998 2 8
688 2 2 5
998 312 2 8
310.34314575050763 2 2 8
2 310.34314575050763 2 5
122.8737666313824 876.77299410840737 2 5
998 690.74516600406093 2 8
89.01784548501206 840.24279560595858 16 2
868.30593776540934 113.80856212074127 2 8
691.83347775862956 998 2 5
692 2 2 8
998 308 2 5
308 998 2 8
32 757.01933598375615 32 12
2 306.34314575050763 2 5
306.34314575050763 2 2 8
906.04801184308076 152.53600888231063 8 10
998 694.74516600406093 2 5
695.83347775862956 998 2 5
696 2 2 8
304 998 2 5
998 304 2 5
2 302.34314575050763 2 5
302.34314575050763 2 2 5
998 698.74516600406093 2 5
698.66190488337577 999 1 6
999 301.17157287525379 1 7
698.82842712474621 1 1 7
855.17297870423135 97.006594153222863 4 4
299.51471862576142 1 1 6
1 299.51471862576142 1 6
700.66190488337577 999 1 7
299.31370849898474 999 1 7
999 701.57359312880715 1 7
297.51471862576142 1 1 7
1 297.51471862576142 1 7
702.66190488337577 999 1 7
999 703.57359312880715 1 7
62.915084061975506 815.38661384173133 4 9
70.039160979042791 825.04308980761607 8 3
1 704.33304448274089 1 6
295.51471862576142 1 1 7
1 295.51471862576142 1 7
47.712812921102028 793.80394567458268 8 10
704.66190488337577 999 1 6
999 705.57359312880715 1 7
847.99998076844201 87.386401815584165 8 10
1 293.51471862576142 1 7
293.51471862576142 1 1 6
2 709.01933598375615 2 5
706.66190488337577 999 1 7
804.12730472849285 53.646901305388795 2 8
999 707.57359312880715 1 7
254.95927266715759 982.05430311045654 2 8
291.51471862576142 1 1 7
1 291.51471862576142 1 6
8 725.01933598375615 8 3
999 709.57359312880715 1 6
2 713.01933598375615 2 5
999 711.57359312880715 1 7
193.71714314291432 948.5333983301332 4 4
948.5333983301332 193.71714314291432 4 4
864.24806693995708 97.040020980183016 4 4
2 717.01933598375615 2 8
968 224 32 1
776 32 32 1
224 968 32 1
52.765014332534285 808.98535736448559 8 3
904.74616318713674 136.58905964187542 8 3
188.12730472849282 946.35309869461116 2 8
160.81041880792768 926.10988393996251 2 5
57.434363739050603 817.82827408465585 2 5
809.71714314291432 51.466601669866705 4 9
859.62564870806762 90.360262094339816 4 9
922.03678346058859 153.13532696411275 8 3
914.31170314894666 143.83477873931614 4 4
5.6153468707624699 734.73084613682795 2 8
274.82842712474621 999 1 6
999 274.82842712474621 1 7
725.17157287525379 1 1 6
272 998 2 8
998 272 2 5
728 2 2 8
106.64342428725176 881.42060741654484 4 9
897.29856024876744 122.42808472937763 8 10
69.055772905096404 839.01167485063866 4 4
931.02400920298805 161.0870420907475 4 9
161.71714314291432 932.04097582766269 4 4
35.75295923981632 792.82318070669442 4 9
256 992 8 3
744 8 8 3
992 256 8 3
268 998 2 8
998 268 2 8
732 2 2 8
88.353446628197929 864.23359747165421 8 3
2 733.01933598375615 2 8
844.78460969082653 71.712812921102042 8 10
868.06656794432877 90.010152554699317 4 9
264 998 2 5
998 264 2 5
736 2 2 8
2 737.01933598375615 2 8
883.37690804348063 102.8784658104567 16 11
70.170239885524282 846.9336672357357 4 9
2 741.01933598375615 2 5
912.44852923575183 130.21147724310217 2 8
94.92857698684233 878.82015500819557 8 10
908.93858735095569 125.34523557572128 4 4
36.10713980967094 804.81795273970681 8 10
1 743.84776310850236 1 6
153.94987437106616 934.54262443235996 2 5
128 912.57437415779589 32 1
73.421927542746644 858.4847073352189 8 10
86.17105273131709 873.99255012441654 2 5
752 2 2 5
248 998 2 5
998 248 2 8
66.271260399957953 851.49414516805075 2 8
934.0898766702818 147.91267044532566 4 9
901.55898752914288 111.2098513841208 4 9
907.66332713027202 116.38063836813843 4 9
756 2 2 8
244 998 2 5
998 244 2 5
22.461387483049879 795.86537659604357 8 3
240 998 2 5
998 240 2 8
760 2 2 5
237.17157287525382 999 1 7
762.82842712474621 1 1 7
999 237.17157287525382 1 7
75.909002183753515 874.29022724852962 8 10
1 770.19090885900994 1 6
2 773.01933598375615 2 5
65.829910626777774 867.77778428247609 4 9
2 777.01933598375615 2 5
932.22291236000342 128 16 11
872 67.777087639996637 16 2
999 776.42640687119285 1 6
223.57359312880715 1 1 7
8 789.01933598375615 8 3
902.43999705721478 94.723078283355832 2 8
221.57359312880715 1 1 6
999 778.42640687119285 1 7
1 221.57359312880715 1 6
778.42640687119285 999 1 6
887.76284491616138 80.086950358526281 4 4
2 781.01933598375615 2 8
19.850559463309821 811.60241241063954 4 4
780.42640687119285 999 1 7
1 219.57359312880715 1 7
999 780.42640687119285 1 6
219.57359312880715 1 1 6
1 217.57359312880715 1 6
217.57359312880715 1 1 6
782.42640687119285 999 1 6
999 782.42640687119285 1 6
15.592446775225952 806.98227915297684 2 8
12 802.17662350913713 4 9
999 784.42640687119285 1 7
215.57359312880715 1 1 6
1 215.57359312880715 1 6
784.42640687119285 999 1 6
895.16244964534962 83.127649266964156 4 4
1 213.57359312880715 1 7
786.42640687119285 999 1 7
999 786.42640687119285 1 6
213.57359312880715 1 1 6
63.976382009761636 875.56009959772143 4 4
902.55729471492964 88.724224954635858 4 9
2 210.74516600406096 2 8
998 789.25483399593907 2 5
789.25483399593907 998 2 8
210.74516600406096 2 2 8
210.82842712474618 999 1 7
999 210.82842712474618 1 7
789.17157287525379 1 1 7
792 2 2 5
998 208 2 8
208 998 2 5
202 994.53589838486221 2 8
798 5.4641016151377544 2 5
206.74516600406096 2 2 5
998 793.25483399593907 2 8
793.25483399593907 998 2 8
2 206.74516600406096 2 8
840 32 32 12
160 968 32 1
968 160 32 1
998 204 2 8
204 998 2 8
796 2 2 5
1 794.67619023324858 1 6
55.6165161348993 872.66127541555693 4 4
797.25483399593907 998 2 5
998 797.25483399593907 2 5
192 992 8 10
808 8 8 3
992 192 8 3
201.65685424949237 2 2 5
2 201.65685424949237 2 8
4 802.17662350913713 4 9
920.06011672625198 98.401581083247095 16 2
1 798.17662350913713 1 7
200 998 2 8
998 200 2 5
800 2 2 5
32 845.49033200812187 32 1
868.8050614670409 50.062902144450604 2 5
801.25483399593907 998 2 8
998 801.53910524340097 2 8
2 197.65685424949237 2 8
197.65685424949237 2 2 5
8 813.49033200812187 8 10
907.75025400772233 82.638736167085767 4 4
895.76284491616138 71.142678448527136 8 3
4 192 4 9
192 4 4 4
998 805.53910524340097 2 8
808.80404050710672 996 4 9
804.08326112068528 999 1 7
128 951.50757749752938 4 4
1 807.83347775862944 1 7
998 809.53910524340097 2 8
820.80404050710672 991.52786404500046 2 8
906.90885630558967 76.698024938045435 2 5
182.16072733284238 993.78569688954349 2 8
996 815.19595949289339 4 9
49.03279213435119 877.20600624197641 4 9
818 5.4641016151377544 2 5
4 184 4 4
1 188 1 7
816.80404050710672 996 4 4
186.34314575050763 2 2 8
826.2837784738141 990.18533100255183 2 8
812.80404050710672 999 1 7
998 184 2 5
816 2 2 5
184 998 2 8
6.2143031104565338 823.32960467527948 2 5
183.51471862576145 1 1 6
820 2 2 5
998 180 2 8
180 998 2 8
176.80404050710669 4 4 4
996 823.19595949289339 4 9
180.80404050710669 1 1 6
999 819.19595949289339 1 6
94.282856857085676 932.04097582766269 4 9
2 821.49033200812187 2 5
1 180 1 7
4 175.19595949289334 4 9
824.80404050710672 996 4 4
820.80404050710672 999 1 6
176 998 2 8
824 2 2 8
998 176 2 8
2 825.49033200812187 2 5
992 834.50966799187813 8 10
165.49033200812192 8 8 3
916.69452591772142 74.638736167085753 8 10
41.607942596304277 880.18453093339065 4 9
836.11774900609146 992 8 3
8 163.88225099390857 8 3
999 173.17157287525382 1 6
173.17157287525382 999 1 7
826.82842712474621 1 1 7
172.80404050710669 1 1 6
2 829.49033200812187 2 5
1 171.19595949289334 1 7
999 828.85281374238571 1 7
854.17703777705117 982.21433038786824 2 5
830.46089475659903 999 1 7
866.15107203022819 974.06724884123662 4 9
25.932751158763317 133.84892796977186 4 4
974.06724884123662 866.15107203022819 4 9
1 832.31875913286808 1 7
64 912.57437415779589 32 1
141.49033200812192 16.944271909999159 4 4
967.3024566187845 879.73644014534204 4 9
880.80669080308996 966.64411596375203 4 9
33.355884036247915 119.19330919691001 4 4
119.19330919690999 33.355884036247922 4 9
33.708626757205273 881.44976185071755 4 4
860.11774900609146 983.0557280900008 4 9
983.0557280900008 860.11774900609146 4 9
16.944271909999159 139.88225099390857 4 4
958.62285506892727 890.76786286131187 2 5
890.76786286131187 958.62285506892727 2 8
125.20032076862809 28.072342423158752 4 4
27.047218139191195 125.92693558467479 4 9
874.07306441532523 972.95278186080884 4 9
972.95278186080884 874.07306441532523 4 4
134.09072727893368 19.984970818437017 4 9
149.49033200812192 8 8 10
932.37831834673 77.803962074311784 8 3
157.49033200812192 2 2 8
998 842.50966799187813 2 5
920.64898295590854 65.453842616633892 2 5
852.11774900609146 992 8 10
992 852.11774900609146 8 10
8 147.88225099390857 8 10
35.862484203537413 111.59614159303655 4 4
888.40385840696342 964.13751579646259 4 4
964.13751579646259 888.40385840696342 4 4
111.59614159303653 35.86248420353742 4 4
2 155.88225099390857 2 5
844.11774900609146 998 2 8
35.934976157211054 889.13373011907299 4 9
999 845.33809511662434 1 6
980.37066200510367 871.0772249395061 4 9
871.0772249395061 980.37066200510367 4 4
19.629337994896321 128.92277506049385 4 4
926.30583720540096 67.453842616633892 4 9
933.26532872312453 929.74602967559588 4 4
70.253970324404079 66.73467127687546 4 9
900.20118382145495 961.94135708985868 8 10
961.94135708985868 900.20118382145495 8 10
99.798816178544996 38.058642910141288 8 10
38.058642910141288 99.79881617854501 8 10
146.82842712474618 999 1 6
999 146.82842712474618 1 6
853.17157287525379 1 1 6
856 2 2 8
998 144 2 8
144 998 2 8
133.49033200812192 8 8 3
141.49033200812192 2 2 8
992 868.11774900609146 8 10
868.11774900609146 992 8 3
8 131.88225099390857 8 3
140 998 2 8
998 140 2 5
860 2 2 5
1 858.66190488337566 1 7
860.11774900609146 998 2 5
998 860.11774900609146 2 5
2 139.88225099390857 2 5
2 861.49033200812187 2 5
3.9220245868163435 865.5803463203498 2 5
992 128 8 10
872 8 8 10
128 992 8 10
998 136 2 8
136 998 2 5
864 2 2 8
937.50786942592231 936.52842220221248 4 4
63.471577797787518 62.492130574077706 4 9
904 32 32 12
968 96 32 12
96 968 32 1
922.74516600406093 952 16 2
77.254833995939038 48.000000000000007 16 11
47.999999999999993 77.254833995939038 16 11
952 922.74516600406093 16 11
1 866.2598846298223 1 7
931.56758737489668 55.152281233766999 4 4
2 869.08831175456851 2 8
942.35941420031429 65.298854095507181 8 3
4 874.74516600406093 4 9
16 890.74516600406093 16 2
109.25483399593904 16 16 11
16 109.25483399593904 16 11
984 890.74516600406093 16 2
890.74516600406093 984 16 11
906.74516600406093 972 4 4
28 906.74516600406093 4 4
28 93.254833995939038 4 9
972 906.74516600406093 4 4
93.254833995939038 28 4 4
125.49033200812192 2 2 5
999 873.77460325558388 1 7
1 126.22539674441619 1 7
876.11774900609146 998 2 8
65.717143142914324 948.5333983301332 4 4
118.28848984692814 994.38465312923756 2 5
1 124.22539674441619 1 7
999 875.77460325558388 1 6
87.830874197197858 30.565279731654911 2 8
994.53589838486221 118 2 5
31.999999999999996 85.50104524717436 2 5
944.06915102057246 941.10549373712479 4 4
58.89450626287519 55.930848979427523 4 9
120.5685424949238 2 2 8
2 120.5685424949238 2 5
998 879.4314575050762 2 5
880 2 2 5
998 120 2 8
120 998 2 5
1 878.74516600406093 1 6
878.94617613083767 999 1 6
936 48.492422502470646 4 4
1 880.74516600406093 1 6
999 882.25988462982241 1 6
1 117.74011537017762 1 6
117.74011537017762 1 1 6
998 116 2 5
884 2 2 5
116 998 2 5
882.74516600406093 999 1 7
1 882.74516600406093 1 6
888 2 2 8
112 998 2 5
998 112 2 8
999 109.17157287525382 1 6
890.82842712474621 1 1 6
109.17157287525382 999 1 7
33.70862675720528 932.04057015740432 4 4
69.008622744703729 32 2 5
1 898.74516600406093 1 6
999 898.74516600406093 1 6
1 101.25483399593904 1 7
101.25483399593904 1 1 7
898.74516600406093 999 1 7
900.74516600406093 999 1 6
1 99.254833995939038 1 6
1 900.74516600406093 1 7
999 900.74516600406093 1 7
99.254833995939038 1 1 6
1 902.74516600406093 1 7
1 97.254833995939038 1 7
902.74516600406093 999 1 6
97.254833995939038 1 1 7
999 902.74516600406093 1 7
906.74516600406093 996 4 9
93.254833995939038 4 4 9
4 93.254833995939038 4 9
4 906.74516600406093 4 4
996 906.74516600406093 4 4
16 77.254833995939038 16 11
16 922.74516600406093 16 2
922.74516600406093 984 16 2
77.254833995939038 16 16 11
984 922.74516600406093 16 2
1 910.74516600406093 1 6
1 89.254833995939038 1 6
999 910.74516600406093 1 7
910.74516600406093 999 1 6
89.254833995939038 1 1 6
1 87.254833995939038 1 7
87.254833995939038 1 1 7
999 912.74516600406093 1 6
1 912.74516600406093 1 7
912.74516600406093 999 1 7
999 914.74516600406093 1 6
914.74516600406093 999 1 6
85.254833995939038 1 1 7
1 85.254833995939038 1 7
1 914.74516600406093 1 6
917.17157287525379 1 1 7
82.828427124746185 999 1 7
999 82.828427124746185 1 6
998 80 2 5
80 998 2 5
920 2 2 8
73.839272667157587 993.78569688954349 2 5
926.16072733284238 6.2143031104565338 2 8
998 76 2 8
76 998 2 8
924 2 2 8
72 998 2 5
928 2 2 8
998 72 2 8
12.222222222222264 940.34426811359276 2 5
992 64 8 10
64 992 8 10
936 8 8 3
1 69.254833995939038 1 7
69.254833995939038 1 1 6
999 930.74516600406093 1 7
930.88730162779189 999 1 6
1 931.23044737829946 1 7
4.8442687685280834 936.87137075590999 2 5
995.15573123147192 936.87137075590999 2 5
1 67.254833995939038 1 7
67.254833995939038 1 1 7
932.88730162779189 999 1 6
998 934.05887450304567 2 5
2 934.05887450304567 2 5
939.7157287525381 994 2 5
935.7157287525381 998 2 5
65.254833995939038 1 1 7
1 65.254833995939038 1 7
32 32 32 12
968 32 32 12
32 968 32 12
968 968 32 1
4 61.254833995939038 4 4
61.254833995939038 4 4 9
999 936.88730162779189 1 6
1 936.88730162779189 1 6
998 939.7157287525381 2 8
2 939.7157287525381 2 8
939.7157287525381 998 2 5
945.7115101530718 5.6153468707624681 2 8
996 945.37258300203052 4 4
945.37258300203052 996 4 4
4 945.37258300203052 4 9
1 57.254833995939038 1 6
998 56 2 5
56 998 2 5
944 2 2 5
55.597979746446654 2 2 8
1 54.828427124746192 1 7
998 52 2 8
2 52 2 5
52 998 2 5
948 2 2 8
51.597979746446654 2 2 5
2 951.02943725152295 2 5
951.02943725152295 998 2 5
998 951.02943725152295 2 8
998 48 2 8
952 2 2 8
48 998 2 8
2 48 2 8
48.769552621700463 1 1 6
46.769552621700463 1 1 6
1 953.85786437626916 1 7
999 953.85786437626916 1 7
953.85786437626916 999 1 6
45.171572875253808 999 1 7
999 45.171572875253808 1 6
954.82842712474621 1 1 6
44.769552621700463 1 1 6
1 955.85786437626916 1 6
999 955.85786437626916 1 7
955.85786437626916 999 1 6
1 43.313708498984759 1 6
18.828427124746192 999 1 7
1 981.17157287525379 1 7
981.17157287525379 999 1 7
18.828427124746192 1 1 6
999 18.828427124746192 1 6
999 981.17157287525379 1 7
981.17157287525379 1 1 7
1 18.828427124746192 1 6
16 998 2 8
998 16 2 8
2 16 2 5
998 984 2 8
984 998 2 5
984 2 2 5
16 2 2 8
2 984 2 8
9.6568542494923797 6.0000000000000009 2 8
999 986.82842712474621 1 6
13.17157287525381 999 1 6
988 2 2 8
988 998 2 5
999 12.48528137423857 1 7
12.48528137423857 1 1 7
1 12.48528137423857 1 6
1 987.51471862576136 1 6
998 990.34314575050757 2 5
2 990.34314575050757 2 5
9.6568542494923797 998 2 8
9.6568542494923797 2 2 8
998 9.6568542494923797 2 5
2 9.6568542494923797 2 5
990.82842712474621 1 1 6
990.82842712474621 999 1 7
4 996 4 4
996 4 4 4
996 996 4 9
4 4 4 9
