900 900 100 0
50 950 50 1
975 25 25 2
990 990 10 3
5 995 5 4
100 100 100 0
950 758.57864376269049 50 1
200 25 25 2
10 10 10 3
15 995 5 4
875 100 100 0
970 990 10 3
5 981.62277660168377 5 4
675 100 100 0
50 850 50 1
775 25 25 2
990 803.30000331268627 10 3
955.85786437626905 995 5 4
300 100 100 0
441.42135623730951 50 50 1
512.13203435596427 25 25 2
990 56.622776601683796 10 3
975.08805255205641 54.999870778856305 5 4
475.39827171093714 196.10122934081684 100 0
136.60254037844385 900 50 1
562.13203435596427 25 25 2
30 10 10 3
473.04413283899328 5 5 4
900 617.15728752538098 100 0
850 758.57864376269049 50 1
537.13203435596427 68.301270189221924 25 2
943.37722339831623 10 10 3
945.85786437626905 995 5 4
900 417.15728752538098 100 0
950 275.73593128807147 50 1
975 205.02525316941671 25 2
990 823.30000331268627 10 3
44.142135623730951 5 5 4
100 300 100 0
850 275.73593128807147 50 1
25 200 25 2
168.3772233983162 10 10 3
483.04413283899328 5 5 4
100 500 100 0
50 750 50 1
975 517.15728752538098 25 2
990 76.622776601683796 10 3
54.142135623730951 5 5 4
700 900 100 0
50 650 50 1
800 975 25 2
236.75444679663241 10 10 3
995 837.44213893641722 5 4
715.00988177029421 341.13981481443454 100 0
765.00988177029421 482.561171051744 50 1
25 400 25 2
990 713.85728421269471 10 3
995 227.38593294441461 5 4
618.90865242947734 516.53808652537168 100 0
568.90865242947734 375.11673028806217 50 1
120.71067811865476 975 25 2
10 36.754446796632415 10 3
154.23508777458525 5 5 4
433.91853419977156 440.52061381442525 100 0
753.89877065918313 581.94197005173464 50 1
170.71067811865476 975 25 2
990 96.622776601683796 10 3
929.23508777458528 5 5 4
460.58053081545449 638.73549200591037 100 0
241.42135623730951 950 50 1
595.36677427284951 304.93861554762992 25 2
990 970 10 3
995 244.11315468638767 5 4
382.84271247461902 900 100 0
524.26406871192853 950 50 1
175 200 25 2
593.75481095764803 10 10 3
534.49271413096221 5 5 4
191.42135623730951 700 100 0
333.97691547362763 246.10122934081681 50 1
594.97474683058329 975 25 2
10 168.3772233983162 10 3
5 50.896582420363366 5 4
211.80339887498948 400 50 1
785.311753389513 237.782924154765 25 2
806.62277660168377 10 10 3
81.622776601683796 995 5 4
836.75444679663246 990 10 3
98.349998343656864 995 5 4
396.69999668731373 10 10 3
995 955.85786437626905 5 4
772.22222222222217 695.7247076572196 50 1
105.90169943749474 800 25 2
10 363.24555320336759 10 3
148.34999834365686 995 5 4
10 436.75444679663241 10 3
209.79857963562571 995 5 4
689.21052404869613 619.89497718504117 25 2
479.54270916193275 990 10 3
995 847.44213893641722 5 4
208.19183588453086 237.39387691339815 25 2
768.37722339831623 990 10 3
607.89694658137898 5 5 4
363.24555320336759 10 10 3
630.27864045000422 5 5 4
319.59715927125143 990 10 3
250.89658242036336 5 5 4
249.8121352304627 307.50494088514711 50 1
545.37748424201368 303.90378115847409 25 2
286.14271578730529 990 10 3
222.36067977499789 5 5 4
10 563.24555320336754 10 3
5 144.72135954999578 5 4
394.04761102162439 291.00681403114106 25 2
743.37722339831623 10 10 3
572.61406705558534 995 5 4
630.14642716774665 666.11653557112129 50 1
739.18014069728383 218.49888125878078 25 2
10 894.72135954999578 10 3
820.76491222541472 5 5 4
10 705.27864045000422 10 3
822.61231117290151 995 5 4
352.47364005746948 318.78459180891883 25 2
459.54270916193275 990 10 3
995 945.85786437626905 5 4
241.42135623730951 850 50 1
619.12613747752312 260.94438115142299 25 2
10 794.72135954999578 10 3
5 377.38768882709854 5 4
626.59752343226705 990 10 3
193.07135789365265 995 5 4
282.51407699364421 375 25 2
990 693.85728421269471 10 3
5 422.61231117290146 5 4
222.32087015164731 474.25889036300418 25 2
10 231.6227766016838 10 3
555.8868453136123 995 5 4
990 548.78006412706475 10 3
754.23508777458528 995 5 4
775 175 25 2
990 173.40247656773292 10 3
617.89694658137898 5 5 4
990 320.45729083806725 10 3
382.55786106358278 5 5 4
336.44404706061266 554.5325621223019 50 1
658.22689976904007 229.78141614129785 25 2
10 605.27864045000422 10 3
344.72135954999578 5 5 4
316.12099920297283 482.33856150053225 25 2
990 353.91173432201339 10 3
333.73929489498238 995 5 4
266.65828981378434 451.14627005063926 25 2
10 583.24555320336754 10 3
300.28485141103624 995 5 4
990 153.40247656773292 10 3
729.23508777458528 5 5 4
505.84649118338393 334.51914638246853 25 2
990 485.53451092369721 10 3
5 908.86349517372673 5 4
263.79880073319538 219.6431074974447 25 2
990 133.40247656773292 10 3
850.89658242036342 995 5 4
151.8785447828044 403.00197635405885 10 3
5 691.13650482627327 5 4
817.90918082991527 225.03899523673869 10 3
445.4005735382018 995 5 4
585.69377069616473 271.30183505654486 10 3
5 808.86349517372673 5 4
320.49181467271171 304.56619369032393 10 3
5 349.10341757963664 5 4
508.99580217276684 520.91591115022129 10 3
640.739659055998 995 5 4
415.25980282676431 103.99604729188231 10 3
5 450.89658242036336 5 4
275.26046103743573 511.15550826493961 25 2
970 702.01010126776669 10 3
5 245.76491222541475 5 4
836.35462180816353 217.30816687763254 10 3
995 562.9221997507957 5 4
792.41520837960832 535.93670920768977 10 3
995 368.05386994574434 5 4
500.86696206750327 58.137563977090224 10 3
995 334.5994264617982 5 4
775.97469266479584 770.63077527245093 25 2
567.74353463955492 613.91431936246272 10 3
5 549.10341757963658 5 4
395.43384191627621 543.56879895052884 10 3
995 471.39237529996626 5 4
524.26406871192853 850 50 1
261.59262777108842 559.25114563261911 25 2
494.88984631424006 77.223529692036195 10 3
995 119.26034094400197 5 4
335.91990203840072 629.53073057990957 25 2
378.49604990263919 22.93917889301737 10 3
435.4005735382018 995 5 4
222.62361398330407 524.25797381632754 25 2
973.07915938297447 331.11961482551106 10 3
650.739659055998 995 5 4
108.07723349163031 834.9323210162064 10 3
995 679.71514858896376 5 4
800 814.48034320018519 25 2
