900 900 100 49
98 902 98 48
904 96 96 47
94 94 94 46
708.16673906749122 908 92 45
285.82971010998233 910 90 44
720.17399531078308 88 88 43
530.26789140399455 914 86 42
608.39141678551664 763.01419013045404 84 41
82 722.71252135188024 82 40
790.61537943717508 757.04894269601641 80 39
554.47547389311922 78 78 38
76 564.82648650395583 76 37
402.52811458733856 74 74 36
928 262.27687752661222 72 35
258.58368086376595 70 70 34
802.00139568173836 216.66600481132497 62 30
940 393.73029132785211 60 29
942 747.68453788272177 58 28
203.2617215448355 789.59016956948335 56 27
410.06805779346081 958 42 20
852.61576983803877 345.10934605730648 40 19
411.60424146243952 878.01475048651059 38 18
847.94438925650286 420.96564575260174 36 17
190.8654941299512 978 22 10
980 183.63560920082659 20 9
475.52126495091721 18 18 8
16 984 16 7
458.56548040538939 986 14 6
616.61515272814677 858.6613028267916 12 5
871.20637900466943 196.79969455318115 10 4
992 208.93383048217362 8 3
476.89578318521274 994 6 2
435.99102058709224 996 4 1
2 998 2 0
100 390.47052876232885 100 49
161.20070018156855 990 10 4
451.19021482972431 8 8 3
872.24618661121031 386.71038856000814 6 2
996 228.33575202965795 4 1
441.64787483658461 998 2 0
900 595.36907576544354 100 49
346.05012132288277 731.90591791598138 98 48
617.02469216167697 240.36870170692478 96 47
207.28233538913662 633.15619025550336 72 35
50 231.11309200802089 50 24
189.33093038004199 514.50650817333565 48 23
481.51351136514734 791.33374373109916 46 22
891.93877146793932 467.44676378814438 28 13
840.06873617867154 482.46340252955781 26 12
942.922024286941 477.67945317040136 24 11
617.2621440877208 978 22 10
633.46914452564522 20 20 9
18 645.87503050268606 18 8
984 984 16 7
356.8226675071777 986 14 6
806.67331302539208 142.81363052089293 12 5
220.53028807833385 990 10 4
38.627416997969519 992 8 3
599.66975434199651 852.59059664590484 6 2
486.69374215634542 996 4 1
998 196.28471984150011 2 0
337.21149233668257 520.45120289957504 100 49
16 16 16 7
879.41769508290793 787.87342543223815 14 6
628.83314357977406 128.70440768582478 12 5
646.92693803610348 990 10 4
499.52126495091721 8 8 3
378.31904206068572 994 6 2
439.87650633073957 4 4 1
998 998 2 0
716.72740903281408 456.71622757970033 100 49
321.55937061782896 225.75 98 48
20 301.02780966233729 20 9
982 815.14718625761429 18 8
984 16 16 7
454.54408677092454 848.68610092872541 14 6
327.42934107341449 115.90673235536667 12 5
232.86004161280388 555.24739136644484 10 4
8 669.87503050268606 8 3
332.30551026447131 994 6 2
996 220.24753898115839 4 1
2 2 2 0
17.911404312372284 173.4388167477633 16 7
433.10985139969006 830.67017591637818 14 6
797.52751498758937 854.79613052645516 12 5
195.28836218004392 855.10677464361618 10 4
608.17092324429814 8 8 3
236.02222146316353 994 6 2
49.941125496954278 996 4 1
998 2 2 0
180.71793355471522 20 20 9
982 680.22188950782925 18 8
984 330.15912852052077 16 7
815.34402121148582 513.90681948432621 14 6
407.22681696958665 828.20673752866037 12 5
133.05339352370146 500.47658139579221 10 4
992 956.5685424949238 8 3
6 196.47207585664333 6 2
4 686.4909807993306 4 1
469.14848564964774 998 2 0
401.37038027604621 155.99182673452555 8 3
994 303.84609690826528 6 2
519.14843042780785 4 4 1
430.33416633759987 998 2 0
432.63146977943632 169.36135488854171 26 12
473.90995769635128 141.14635116192306 24 11
22 807.65956367826141 22 10
20 486.85213174548414 20 9
982 459.45699822847206 18 8
325.51648298649201 16 16 7
994 349.7550464627862 6 2
245.82018043429625 996 4 1
445.64787483658461 998 2 0
841.28166443733642 286.35861910070275 18 8
179.81911841540821 716.7610448600891 16 7
209.72611477126497 719.12146197805123 14 6
384.52200735147329 835.9843734294484 12 5
10 837.32435762664409 10 4
961.37258300203052 992 8 3
994 431.67762324987268 6 2
659.57604867677696 996 4 1
170.14497209156769 998 2 0
491.30699470370689 693.82432016549012 52 25
812.08699765539154 22 22 10
980 505.92635666545198 20 9
721.16648289996465 193.9953535226206 18 8
295.16231090409218 628.56163875499601 16 7
726.03190944756989 225.62330989842616 14 6
234.86814038891677 712.49737352443447 12 5
10 458.56786049802224 10 4
992 704.60321942564576 8 3
994 484.01745436524533 6 2
996 940 4 1
492.35059640583779 998 2 0
211.25504259896903 8 8 3
6 439.4603236179924 6 2
996 362.74642455819276 4 1
204.13199329137279 998 2 0
48.91972930813327 293.04976123278402 10 4
658.7673658069923 8 8 3
6 852.81629101147371 6 2
57.941125496954278 996 4 1
27.313708498984759 998 2 0
8 781.12656535541817 8 3
672.62377226754336 6 6 2
996 967.88225099390854 4 1
998 200.28471984150011 2 0
138.4093798172143 801.84471046026522 10 4
8 38.627416997969519 8 3
6 767.27015889486711 6 2
996 442.4864354799949 4 1
385.24724529096125 998 2 0
841.75179160377422 10 10 4
348.14389998446154 8 8 3
299.57148392760433 6 6 2
950.05887450304579 996 4 1
459.19021482972431 2 2 0
8 515.51117448020398 8 3
958.28455785430936 811.46237909381307 6 2
511.14843042780785 4 4 1
434.2196520812472 2 2 0
992 531.22457794679906 8 3
701.56946768058344 180.14049897660169 6 2
682.4217312386761 4 4 1
630.52864324914242 998 2 0
8 275.72958838099026 8 3
994 545.08098440735012 6 2
4 49.941125496954278 4 1
367.40567275143604 998 2 0
586.97588319513488 594.36848185111705 86 42
798.14451410110712 978 22 10
731.48883262749928 259.1825409594673 20 9
230.80646435290862 153.50105534009109 18 8
809.03661032234368 386.46659158570316 16 7
830.64066771965099 988 12 5
779.50358320754844 10 10 4
590.72914576487756 992 8 3
142.52321844971263 487.57997657627874 6 2
996 715.9169279246305 4 1
339.23371349474684 998 2 0
864.80816411546914 4 4 1
998 233.99260627915032 2 0
530.75622184013321 818.00124202165352 10 4
992 839.14718625761429 8 3
847.61123046812816 994 6 2
309.51648298649201 4 4 1
2 657.87503050268606 2 0
8 958 8 3
575.69915817039669 994 6 2
792.15269384822193 4 4 1
616.17092324429814 2 2 0
8 621.87503050268606 8 3
612.79367498678857 138.45649196900476 6 2
996 860 4 1
211.58601616833471 998 2 0
8 326.32603094368432 8 3
6 607.53479951208112 6 2
225.11727980240292 4 4 1
2 203.40027908691883 2 0
617.13624555856518 944.29668375377253 6 2
4 264.41587988200553 4 1
2 692.14783504882303 2 0
651.94772784081067 672.99837059158369 16 7
798.42895011513519 536.22005254915575 14 6
360.86149635341292 840.90418932293983 12 5
420.19944593931791 810.43848219467532 10 4
762.42537893249335 992 8 3
6 341.48073390666531 6 2
148.55158954089504 996 4 1
998 296.91789367798975 2 0
714.66260519456887 646.7144561475161 52 25
514.61827871835237 174.05937743292188 26 12
802.57595728576848 302.66408548155374 24 11
231.86851507949615 458.91375785518028 22 10
691.77372297150248 578.44953784698203 20 9
199.69350742233669 135.39072925146485 18 8
878.67761284538835 709.39256372309569 16 7
196.37305444956104 452.90773798602186 14 6
155.41971227336819 8 8 3
283.95358255806184 647.49215403759979 6 2
359.45760848344628 4 4 1
251.47703468378862 998 2 0
41.951721467414153 644.35350536407941 6 2
367.45760848344628 4 4 1
998 341.4728370195055 2 0
141.56330581281716 6 6 2
596.8572147453134 4 4 1
637.98266612610428 998 2 0
471.07994622806228 236.35234335978194 50 24
992 38.627416997969519 8 3
236.32890925958469 487.91346432277095 6 2
4 941.59797974644664 4 1
174.14497209156769 998 2 0
485.47118295043026 385.66038837277102 100 49
809.44566451223636 52.693214844929521 8 3
195.13000396461501 111.82858936156177 6 2
140.55158954089504 996 4 1
998 490.94565759552086 2 0
961.37258300203052 8 8 3
438.4187899041998 919.26712005562831 6 2
667.57604867677696 996 4 1
998 934.34314575050757 2 0
992 791.14718625761429 8 3
642.30053293546848 140.64716381421186 6 2
856.80816411546914 4 4 1
496.35059640583779 998 2 0
38.627416997969519 8 8 3
197.61681084228081 872.12541217668036 6 2
996 49.941125496954278 4 1
998 692.22188950782925 2 0
376.17031379588315 851.92956752527277 6 2
198.60647737471353 4 4 1
998 357.08957030870039 2 0
187.51291725185871 192.09728286829872 40 19
726.94721644513959 317.0044548196305 38 18
701.21065871135841 800.22424694728863 16 7
768.89189032908939 285.074780968357 14 6
552.51912885724948 683.9716742077436 10 4
992 651.93761826036734 8 3
822.72124972557287 455.57353987167949 6 2
943.19183588453086 4 4 1
998 371.82138902764547 2 0
877.57166715366009 733.36706860071411 8 3
551.78963339978418 161.95705009613164 6 2
996 554.87894337848286 4 1
2 432.53212038771687 2 0
4 529.95529495563039 4 1
2 449.6235885880231 2 0
423.6946170578027 285.12354981836927 18 8
211.3630205427138 426.92118537652533 16 7
401.68709702866983 308.35432815589627 14 6
125.73638295042953 641.77347758180986 10 4
992 151.42562584220406 8 3
329.22307889477844 41.962962962962948 6 2
766.85447256687496 4 4 1
63.597979746446661 998 2 0
8 148.84523680320837 8 3
757.86061608611806 268.3921256468455 6 2
940 996 4 1
2 859.74449424174918 2 0
757.69732138937047 4 4 1
2 828.38008571664488 2 0
683.05096801685397 813.27303422714328 6 2
751.11167043350861 996 4 1
972.68629150101526 998 2 0
673.37628276856697 557.34185692321842 8 3
949.48831560111705 187.29519781331967 6 2
996 779.83347775862956 4 1
998 948.5685424949238 2 0
457.33583904776606 604.03589895540404 44 21
267.25007095587705 805.7608572373116 10 4
859.20248776741494 695.36689071973183 8 3
254.91268845129156 145.91128911240776 6 2
996 663.25132675935208 4 1
2 820.92606283968303 2 0
49.941125496954278 4 4 1
650.7673658069923 2 2 0
669.83049938366128 691.87180382314523 10 4
194.56785491341174 945.71097570887946 8 3
519.95977919802385 209.02539825373952 6 2
857.4091894392609 996 4 1
2 760.34195566459164 2 0
499.5542672795392 634.39383560529222 8 3
370.4404179372961 862.47320510675991 6 2
996 162.73933434118882 4 1
998 424.74942001959715 2 0
678.74038704013583 600.94691890567742 6 2
996 635.36907576544354 4 1
998 471.45699822847206 2 0
777.08211223433045 551.0629805787139 12 5
516.88033876765996 275.11216847830849 10 4
319.10629174806411 626.92280339306762 8 3
870.10242959411858 493.50773409950506 6 2
779.38285106181343 996 4 1
389.24724529096125 998 2 0
757.857452390209 556.57772933797958 8 3
122.38411438496448 800.89898632723327 6 2
996 852 4 1
2 789.12656535541817 2 0
785.90921006525264 351.40773596621227 26 12
475.53467457446084 106.71149948942596 6 2
996 314.15912852052077 4 1
463.19021482972431 2 2 0
227.23020989489888 728.79651515117519 6 2
996 140.11191734321929 4 1
2 474.2030211048106 2 0
801.41901868746072 944.11111111111109 8 3
169.00341134065783 735.91882344929911 6 2
4 137.5315283042236 4 1
491.52126495091721 2 2 0
183.88842067918614 846.98019271902933 4 1
524.80528467730028 2 2 0
526.87097195453691 288.07935809323641 6 2
37.641199831442215 284.75549979228123 4 1
430.2196520812472 2 2 0
159.91113168087861 568.68938438433645 8 3
754.53125612179724 357.68658986819105 6 2
547.22078996360801 696.93036260465033 4 1
688.07858548816853 2 2 0
19.819177311330641 623.95037328963167 4 1
346.23966226291935 998 2 0
878.00082037538607 747.36048946597373 6 2
442.44543321644733 141.01199648915264 4 1
2 55.597979746446661 2 0
517.20445037617344 750.81020893326581 8 3
750.29770211290281 277.70890256988838 6 2
611.55370318015412 952.63439923035889 4 1
2 30.627416997969519 2 0
735.74676642636507 210.47004114605608 4 1
998 523.22457794679906 2 0
420.93537708827836 261.28269004380201 6 2
244.26779148387479 699.54953357743739 4 1
998 721.57378217412293 2 0
181.53293264150491 463.09453261053733 4 1
325.37730703419578 998 2 0
483.34797894947326 526.27107028759292 38 18
259.83880803156637 408.10369278756428 36 17
614.89753002286932 877.91919807932948 6 2
715.09548617513406 276.7113227794548 4 1
998 237.99260627915032 2 0
701.71999086850883 774.22923625766407 10 4
457.14119528564703 743.14671011290545 8 3
477.15461907806275 45.174927103371836 6 2
134.33138141436731 654.46718071045609 4 1
2 661.87503050268606 2 0
680.74252040471981 706.18710323447351 8 3
956.15845070337343 685.27029052140097 6 2
518.98647779157841 261.27149730918063 4 1
336.83019148547675 2 2 0
181.98575010557863 148.44581756257179 4 1
292.64328069732881 2 2 0
674.26399127608181 341.2630159019858 20 9
729.77362879311568 578.36493555077629 18 8
699.3155312343813 721.38721075781939 16 7
435.91710591251956 657.93615749728019 14 6
212.71892102674482 398.95403439761071 12 5
478.72594371521922 176.84151474492907 10 4
901.42175101352427 337.73280294544799 8 3
847.61007696765876 687.51730398859149 6 2
53.461172797185625 641.58585901521133 4 1
840.43862669078374 998 2 0
413.16158580418517 641.62094053276542 14 6
463.24987339519413 180.90245643986134 6 2
852.16206665272352 267.23750910072107 4 1
620.17092324429814 2 2 0
891.46706450206227 435.45024065611733 4 1
797.80954809771436 2 2 0
228.19947595639252 175.34604587569055 4 1
568.77095494012121 998 2 0
632.87409439306327 361.33479798562485 26 12
120.60662575001658 208.96124332225429 24 11
769.53023904320526 584.21368511579976 22 10
720.51247879404616 810.78074927976377 6 2
808.91713692650524 126.97174760563337 4 1
582.72914576487756 998 2 0
595.10513566953307 348.16263958465385 14 6
597.07795125565917 374.0876853640375 12 5
701.07331769311577 747.3277232193243 10 4
795.81657594915862 558.06439967185406 8 3
632.12713661406485 45.965342569765099 6 2
217.9673619839686 557.91105614925209 4 1
2 966 2 0
583.35242276572444 334.52908761164804 4 1
2 972.68629150101526 2 0
536.68554181718434 498.79190750316718 22 10
333.09542314242231 626.37125753696682 6 2
23.255025590836087 463.07388941340668 4 1
230.77413405189529 2 2 0
813.30767810298221 496.02237633547617 4 1
2 600.60659628180565 2 0
147.26637129725265 812.68692895661218 4 1
2 189.54387262636783 2 0
612.04058084687358 400.08998748742874 18 8
49.834910925970355 804.62349158700647 6 2
811.74786891688723 366.65121682685708 4 1
2 207.40027908691883 2 0
435.52666521154543 677.93234603557471 6 2
861.04384352623958 187.17042289590327 4 1
2 696.14783504882303 2 0
47.973742842726608 485.63981521544679 8 3
630.10596061205308 675.6322279006971 6 2
611.24900600614797 340.20176962248485 4 1
2 258.75902563251316 2 0
169.95930335470945 699.36035386895833 4 1
2 283.72958838099026 2 0
740.99164229939697 597.28995002825798 4 1
998 292.91789367798975 2 0
384.38730988180407 915.09896054058902 8 3
837.53064056272513 681.00539476326446 6 2
984.15068557389111 482.28800204279071 4 1
2 334.55253067638978 2 0
740.50062493801761 179.77596705018823 6 2
798.75466784117589 876.22222222222217 4 1
255.47703468378862 998 2 0
345.18442405104685 19.629337994896318 4 1
373.11446273293865 2 2 0
698.53057219521838 350.5975244854622 6 2
543.56691254542693 673.20794701376758 4 1
163.41971227336819 2 2 0
281.34748555018683 813.32808273653779 6 2
982.28092990712844 963.60698525805333 4 1
591.20036049582097 2 2 0
240.18835325040769 737.31757760312848 8 3
91.916666666666686 193.97829625584856 6 2
925.20574173327191 455.99689491546837 4 1
134.63510258254166 2 2 0
452.84819548364339 651.82565785039526 4 1
2 935.94112549695421 2 0
825.60985919453208 673.66407529250569 8 3
509.76698490926543 491.0853327779646 6 2
859.19492006239147 459.35087151181477 4 1
134.89473529140267 998 2 0
819.08189083601508 152.91448180767642 4 1
998 930.34314575050757 2 0
434.01671743034552 812.69303504241157 4 1
998 27.313708498984759 2 0
220.17878955490715 365.78250501558591 22 10
377.84328807605664 332.59216581999669 20 9
115.14654644657989 250.60482066618792 18 8
804.81872859639145 661.67537692900271 16 7
400.70113541730365 616.54630840872289 14 6
132.13118455704847 621.82903136137918 4 1
673.23290292626939 998 2 0
756.12518405076457 347.81443743028484 4 1
969.37258300203052 2 2 0
879.06531447353154 759.31318172818033 6 2
658.69908986055827 648.73558243252546 4 1
998 803.14718625761429 2 0
884.9572091033483 194.17011823801784 4 1
832.80751969377502 2 2 0
772.64643203785238 304.71920553506698 6 2
340.2513464569854 125.47732157148492 4 1
870.46501836496157 2 2 0
497.27055111043484 573.9490451406275 6 2
864.22205245426028 797.5218680579901 4 1
851.15130986597671 2 2 0
633.82681250946337 847.25812548704948 4 1
500.35059640583779 998 2 0
809.53779488253213 409.78827984675064 4 1
998 696.22188950782925 2 0
981.11804174090275 159.66166537287873 4 1
998 55.597979746446661 2 0
664.72149500112573 549.02953783041698 4 1
219.25504259896903 2 2 0
452.54177982964495 868.62763418630504 4 1
948.84869013402329 2 2 0
903.20783593787041 699.31959182282401 4 1
2 428.53212038771687 2 0
149.40254806601754 239.53565841021367 18 8
744.59945667982868 356.52067398592777 4 1
998 560.53579762797528 2 0
442.83786485877317 552.01851008960944 10 4
66.169140925037482 287.90604673151068 8 3
782.78461921599069 844.46912591389787 6 2
119.35375066885754 497.59217753195458 4 1
2 507.51117448020398 2 0
19.929557958354906 277.02791303925227 4 1
2 524.29844070613797 2 0
95.346602819895892 270.40285674000432 10 4
774.79913951498054 318.55271017120009 8 3
181.71635326300782 45.980822890857269 6 2
503.57854823406211 279.47821572957434 4 1
67.597979746446669 998 2 0
142.56468679718029 276.91538089805641 20 9
81.69339285163079 284.03337296269621 8 3
812.45932241322112 840.22852044956869 6 2
657.4690411487303 19.929557958354899 4 1
2 863.74449424174918 2 0
192.95818594633289 264.08981098852189 32 15
266.65346173341993 342.45644992905716 30 14
126.15740392552726 627.1501163039884 4 1
934.34314575050757 998 2 0
452.45714253816186 287.03953289251723 4 1
752.04046713987805 2 2 0
330.66259733851422 375.42356322532027 42 20
