744 744 256 0
256 256 256 0
968 968 32 1
32 968 32 12
984 922.74516600406093 16 2
984 890.74516600406093 16 11
992 8 8 3
992 868.11774900609146 8 10
969.37258300203052 16 16 2
922.74516600406093 984 16 11
32 32 32 1
924.11774900609146 32 32 12
4 996 4 4
996 996 4 9
96 968 32 1
32 437.01933598375615 32 12
890.74516600406093 984 16 2
16 77.254833995939038 16 11
968 562.98066401624385 32 1
437.01933598375615 32 32 12
992 24 8 3
992 852.11774900609146 8 10
998 879.4314575050762 2 5
998 990.34314575050757 2 8
984 46.627416997969519 16 2
128 16 16 11
999 1 1 6
999 882.74516600406093 1 7
968 498.98066401624385 32 1
501.01933598375615 32 32 12
32 501.01933598375615 32 1
968 434.98066401624385 32 12
77.254833995939038 16 16 2
16 109.25483399593904 16 11
992 836.11774900609146 8 3
150.62741699796953 8 8 10
4 4 4 4
906.74516600406093 996 4 9
77.254833995939038 48.000000000000007 16 2
391.76450198781708 16 16 11
968 370.98066401624385 32 1
565.01933598375615 32 32 12
968 306.98066401624385 32 1
32 565.01933598375615 32 12
992 466.98066401624385 8 3
8 469.01933598375615 8 10
998 986.34314575050757 2 5
998 860.11774900609146 2 8
16 391.76450198781708 16 2
984 608.23549801218292 16 11
968 242.98066401624385 32 1
32 629.01933598375615 32 12
996 906.74516600406093 4 4
946.74516600406093 4 4 9
458.82243629757642 74.76242295176327 16 2
67.777087639996637 469.01933598375615 16 11
999 876.60303038032998 1 6
902.74516600406093 999 1 7
629.01933598375615 32 32 1
968 178.98066401624385 32 12
992 530.98066401624385 8 3
992 402.98066401624385 8 10
932.22291236000342 402.98066401624385 16 2
952 922.74516600406093 16 11
160 968 32 1
968 114.98066401624385 32 12
693.01933598375615 32 32 1
32 693.01933598375615 32 12
47.999999999999993 77.254833995939038 16 2
922.74516600406093 952 16 11
992 630.86291501015239 8 3
105.37258300203048 8 8 10
407.76450198781708 4 4 4
161.9411254969543 4 4 9
984 2 2 5
2 453.01933598375615 2 8
32 757.01933598375615 32 1
757.01933598375615 32 32 12
932.22291236000342 530.98066401624385 16 2
878.86291501015239 16 16 11
821.01933598375615 32 32 1
32 821.01933598375615 32 12
224 968 32 1
32 885.01933598375615 32 12
597.01933598375615 8 8 3
992 274.98066401624385 8 10
878.86291501015239 47.999999999999993 16 2
64 932.22291236000342 16 11
288 968 32 1
562.98066401624385 968 32 12
898.74516600406093 999 1 6
999 983.51471862576136 1 7
938.74516600406093 996 4 4
4 93.254833995939038 4 9
992 210.98066401624385 8 3
8 533.01933598375615 8 10
421.01933598375615 2 2 5
990.34314575050757 998 2 8
352 968 32 1
498.98066401624385 968 32 12
616 984 16 2
541.17756370242353 925.23757704823674 16 11
416 968 32 1
498.872537800798 101.21973516562288 32 12
87.42562584220407 661.01933598375615 32 1
904.39628864000599 491.86955290513276 32 12
661.01933598375615 67.777087639996637 16 2
920.06011672625198 432.57908293299676 16 11
530.98066401624385 992 8 3
992 146.98066401624385 8 10
996 585.60808101421333 4 4
169.9411254969543 4 4 9
103.11111111111106 904.39628864000599 32 1
789.01933598375615 87.42562584220407 32 12
932.22291236000342 210.98066401624385 16 2
836.00320275341551 77.601356741100346 16 11
621.90822487264506 95.603711359994023 32 1
87.42562584220407 597.01933598375615 32 12
999 902.74516600406093 1 6
999 898.74516600406093 1 7
192 912.57437415779589 32 1
899.79215773858857 91.196837833505825 32 12
128 992 8 3
8 369.13708498984755 8 10
998 522.98066401624385 2 5
998 474.98066401624385 2 8
67.777087639996637 853.01933598375615 16 2
932.22291236000342 146.98066401624385 16 11
996 938.74516600406093 4 4
585.60808101421333 996 4 9
320 912.57437415779589 32 1
87.42562584220407 533.01933598375615 32 12
920.06011672625198 181.38224509949094 16 2
831.73728329490621 109.31573725173797 16 11
684.32797795906481 109.73786943999266 32 1
912.57437415779589 274.98066401624385 32 12
369.13708498984755 8 8 3
469.01933598375615 8 8 10
64 992 8 3
320 992 8 10
177.9411254969543 4 4 4
894.86291501015239 4 4 9
2 457.01933598375615 2 5
142.62741699796953 2 2 8
999 874.60303038032998 1 6
910.74516600406093 999 1 7
8 165.49033200812192 8 3
8 597.01933598375615 8 10
4 407.76450198781708 4 4
93.254833995939038 4 4 9
353.13708498984755 8 8 3
8 149.49033200812192 8 10
2 377.13708498984755 2 5
120 998 2 8
384 912.57437415779589 32 1
912.57437415779589 338.98066401624385 32 12
521.29603264788034 900.16319324868471 16 2
725.01933598375615 67.777087639996637 16 11
484.63032961237212 869.18535890036526 32 1
256 912.57437415779589 32 12
403.76450198781708 1 1 6
977.37258300203052 1 1 7
884.2830290862554 213.38224509949094 32 1
87.42562584220407 789.01933598375615 32 12
725.01933598375615 8 8 3
856.23549801218292 8 8 10
320 4 4 4
54.627416997969519 4 4 9
384 992 8 3
8 725.01933598375615 8 10
998 478.98066401624385 2 5
998 226.98066401624385 2 8
844.92178951319818 4 4 4
4 176.80404050710669 4 9
533.01933598375615 8 8 3
868.11774900609146 992 8 10
1 448.33304448274089 1 6
981.17157287525379 1 1 7
805.23627708399556 149.33694000489461 32 1
87.42562584220407 725.01933598375615 32 12
661.01933598375615 8 8 3
992 646.86291501015239 8 10
996 824.80404050710672 4 4
4 184.80404050710669 4 9
952.40202025355336 2 2 5
2 461.01933598375615 2 8
762.5183297728455 127.44682859536073 16 2
891.996393252502 166.00604840496027 16 11
884.2830290862554 400.57908293299676 32 1
463.38780569217283 808.81355109655874 32 12
8 133.49033200812192 8 3
852.11774900609146 992 8 10
900.74516600406093 999 1 6
999 981.51471862576136 1 7
352 857.14874831559177 32 1
527.05832143486111 158.67895201491331 32 12
996 658.17662350913713 4 4
996 816.80404050710672 4 9
860.50450792708682 171.68593913022102 16 2
743.25254105704892 101.89630247243548 16 11
416 857.14874831559177 32 1
640.87756145747107 156.72788227078496 32 12
448 992 8 3
8 353.13708498984755 8 10
456.00267408347111 745.24107410279862 32 1
703.29731454389082 170.86204035078362 32 12
136 998 2 5
998 518.98066401624385 2 8
545.0861083200582 114.19301153905155 16 2
851.00307201070279 134.86626337466322 16 11
789.01933598375615 8 8 3
256 992 8 10
593.60808101421333 996 4 4
4 54.627416997969519 4 9
462.83963264348688 681.60730949902381 32 1
288 857.14874831559177 32 12
1 97.254833995939038 1 6
1 85.254833995939038 1 7
192 992 8 3
464 992 8 10
730.75803071243604 131.35622798572152 16 2
839.58085422796887 195.89752139737959 16 11
413.42135623730945 2 2 5
998 394.98066401624385 2 8
384 801.72312247338766 32 1
827.17130442745724 242.26564701993007 32 12
996 808.80404050710672 4 4
192 4 4 9
491.42741993330264 643.04906241915455 16 2
493.67731043183829 916.32506761872935 16 11
320 801.72312247338766 32 1
449.93150509495848 618.92254066965893 32 12
8 853.01933598375615 8 3
992 82.98066401624385 8 10
836.11774900609146 992 8 3
8 917.01933598375615 8 10
4 341.82337649086281 4 4
996 71.666955517259083 4 9
908.11774900609146 2 2 5
461.01933598375615 2 2 8
934.74516600406093 999 1 6
930.74516600406093 999 1 7
8 661.01933598375615 8 3
992 338.98066401624385 8 10
475.31370849898474 996 4 4
4 333.82337649086281 4 9
8 789.01933598375615 8 3
638.62741699796948 992 8 10
998 591.26493526370575 2 5
2 541.01933598375615 2 8
423.84776310850236 1 1 6
157.9411254969543 1 1 7
8 933.01933598375615 8 3
851.59912069568088 95.843268470360641 8 10
996 62.627416997969519 4 4
649.94112549695421 996 4 9
497.37057408968229 611.60579734261535 16 2
462.03770785158906 911.5359603361677 16 11
402.09896663263771 661.44369145665678 32 1
256 801.72312247338766 32 12
71.142678448527136 445.25649106759482 8 3
749.9495047472318 78.849596041095396 8 10
998 154.98066401624385 2 5
522.98066401624385 998 2 8
4 944.33304448274089 4 4
4 325.82337649086281 4 9
542.97064082498582 82.263013147612625 16 2
430.98386676965936 902.75010505669218 16 11
95.143377815937356 32 8 3
928.85732155147286 379.21781910008252 8 10
999 900.74516600406093 1 6
999 914.74516600406093 1 7
71.142678448527136 829.25649106759477 8 3
475.1803167828769 931.61758951507727 8 10
996 666.17662350913713 4 4
341.82337649086281 4 4 9
867.54920651116765 2 2 5
741.01933598375615 2 2 8
597.22344285884708 136.76997833832564 16 2
807.67898444241951 198.40165881091175 16 11
71.712812921102042 496.23472629292962 8 3
40.237155083838665 928.85732155147286 8 10
750.02381942823263 156.90675410864677 16 2
571.68056432230435 96.395963751719179 16 11
224 857.14874831559177 32 1
541.85850894868406 220.94414654247967 32 12
389.19083908410931 598.75892262729189 32 1
766.25241581870625 222.6470586233458 32 12
999 934.74516600406093 1 6
399.76450198781708 1 1 7
996 674.17662350913713 4 4
328 4 4 9
21.856406460551018 925.01933598375615 8 3
85.330652740410983 836.6525295675516 8 10
717.01933598375615 2 2 5
998 130.98066401624385 2 8
542.54222688479422 284.94049432720755 32 1
437.02337754643003 556.23777184029404 32 12
192 801.72312247338766 32 1
376.28271153558086 536.07415379792701 32 12
896.81836611772337 438.56415007138031 8 3
445.77997636667078 883.85367309737182 8 10
597.62283084773742 252.35020333314915 32 1
779.72166418524921 285.21365792713073 32 12
824.80404050710672 996 4 4
657.94112549695421 996 4 9
558.57296171740279 134.04508411192251 8 3
866.558442477021 249.24084280675982 8 10
518.68068830660491 326.58934757290427 16 2
421.19749448429383 705.48056502755776 16 11
173.9411254969543 1 1 6
890.86291501015239 1 1 7
998 638.86291501015239 2 5
2 709.01933598375615 2 8
816.80404050710672 996 4 4
665.94112549695421 996 4 9
928.85732155147286 554.74350893240523 8 3
928.287187078898 238.19605432541732 8 10
123.4069473155533 938.86481098666968 8 3
112.55558272742007 34.37035587870929 8 10
375.31123902473274 719.56784865144698 32 1
562.72293350075506 345.67548490496688 32 12
673.94112549695421 996 4 4
808.80404050710672 996 4 9
2 773.01933598375615 2 5
2 589.01933598375615 2 8
718.80277557649822 265.59506953054654 32 1
424.11524999790157 493.5530030109291 32 12
863.9581211446058 273.09955880255865 16 2
99.64571960534856 855.9159368635718 16 11
139.79898987322335 1 1 6
912.74516600406093 999 1 7
659.84689804229697 217.85205318157591 32 1
484.85591600875074 513.71662105329619 32 12
155.21539030917347 928.287187078898 8 3
565.70625557535175 148.36695964329576 8 10
616.19277944367309 197.89414924911654 16 2
718.51892772587644 217.59590880457449 16 11
595.80366741428224 173.23073280587104 16 2
484.70969268790185 561.71639833132576 16 11
841.11801036712234 152.25262458978278 4 4
48.492422502470646 597.01933598375615 4 9
601.61238866820281 61.135189013330354 8 3
384.25354922161699 496.87637648105783 8 10
338.36810612443685 667.30691743594844 32 1
732.27202394304118 328.16166883433146 32 12
874.57944247171213 447.58802258083455 16 2
827.45515227807903 290.26480774590209 16 11
677.01933598375615 2 2 5
578.98066401624385 998 2 8
1 399.76450198781708 1 6
97.254833995939038 1 1 7
414.30795561562741 728.47043788882286 8 3
420.78460969082653 817.43593539448977 8 10
427.32394613313812 590.90650458694699 4 4
789.01933598375615 48.492422502470646 4 9
272 998 2 5
589.01933598375615 2 2 8
68.067922986968881 912.6409818481236 4 4
437.66534507451786 655.87298911952178 4 9
1 403.76450198781708 1 6
1 379.96551211459376 1 7
288 746.29749663118355 32 1
793.19091255179217 347.78025723091565 32 12
932.37831834673 453.17670194193209 8 3
140.0339786192705 933.33938849033018 8 10
866.86291501015239 31.999999999999996 4 4
518.41304182697343 193.62547030359897 4 9
48.970562748477136 2 2 5
2 60.284271247461902 2 8
454.84604061228742 977.53861251695014 8 3
850.79931235042704 58.704924781779965 8 10
671.35313533429019 308.54308043774728 32 1
224 746.29749663118355 32 12
514.91193610030257 551.1416882710879 16 2
327.62492388326092 714.08922216041537 16 11
328.45017307326015 578.59530458492486 32 1
160 746.29749663118355 32 12
440.04668736393415 67.872484491890631 4 4
680.93200642908187 65.910123329718175 4 9
999 229.80909114099003 1 6
850.57864376269049 1 1 7
517.21979150772256 923.81449888214365 8 3
557.80786313960994 184.26147896101287 8 10
998 622.86291501015239 2 5
112 998 2 8
192 690.87187078897944 32 1
745.74127230958413 390.72826813811639 32 12
238.98386676965933 700.69613989008315 16 2
516.47146534160788 358.51299607821971 16 11
855.65335597074079 111.32109701103327 8 3
435.85556101516198 779.79673695294184 8 10
972 906.74516600406093 4 4
224 818.21554497585828 4 9
533.01933598375615 56 8 3
570.90852568093237 193.44693708668044 8 10
334.98386676965936 756.12176573228726 16 2
145.01613323034067 791.89885337228395 16 11
1 171.14718625761429 1 6
999 830.46089475659903 1 7
471.94778846022228 451.03185222393125 32 1
684.82238370083314 371.1096797415322 32 12
998 266.98066401624385 2 5
645.01933598375615 2 2 8
647.1442314740267 121.27751066619381 4 4
649.94112549695421 988 4 9
565.3741617790613 170.16356688515438 8 3
938.86481098666968 471.57371670069051 8 10
753.59504478388772 256.34855649045755 4 4
190.28285685708568 948.5333983301332 4 9
588.30105538356929 299.43634250589969 16 2
145.01613323034067 700.69613989008315 16 11
781.01933598375615 2 2 5
184 998 2 8
1 180.80404050710669 1 6
1 101.25483399593904 1 7
806.66016091833512 410.34685653470058 32 1
243.52687425717215 652.9116122376264 32 12
643.11196722649811 347.35591882799423 16 2
328.59639639410904 530.59552730689529 16 11
908.23325268291251 531.68509895103603 8 3
859.38843926546053 72.204069156052242 8 10
298.39415298170826 541.17023736713315 16 2
624.99238571903754 320.98015787225131 16 11
668.44514883236775 179.88016350455197 4 4
257.71714314291432 837.68214664572497 4 9
928.85732155147286 123.21781910008252 8 3
351.25914931279709 611.45486336017689 8 10
733.01933598375615 2 2 5
2 16 2 8
505.72225702836289 573.31261063698764 8 3
359.26945675053167 625.30531370494816 8 10
999 979.51471862576136 1 6
589.60808101421333 999 1 7
506.19022141519463 629.55611268952725 4 4
320 951.50757749752938 4 9
914.66934725958902 130.61385760003932 8 3
586.96587487097065 115.07246007069666 8 10
900.51976925964482 2 2 5
2 141.49033200812192 2 8
149.28205268884994 668.98175937944552 16 2
270.02788046808286 692.93281499078307 16 11
674.71181884892337 144.42979189996083 4 4
108.33205893544518 19.629337994896325 4 9
264.54037994233346 575.19849108369203 32 1
759.21052067612709 453.29486744190132 32 12
423.92433138758679 769.13626043572776 8 3
701.25649106759477 71.142678448527136 8 10
611.21009744094874 349.86005624152637 16 2
289.29366918387939 667.38228886785782 16 11
1 89.254833995939038 1 6
416.24978336205567 1 1 7
423.99998076844207 801.76234650000765 8 3
343.26946117923757 625.31721826576404 8 10
411.15643051784167 527.13974143077598 4 4
165.9411254969543 10.928203230275509 4 9
698.2916320673761 433.67627904531713 32 1
175.78305889976065 628.96055662628885 32 12
2 581.01933598375615 2 5
2 157.49033200812192 2 8
534.36853853498258 403.05168455364509 32 1
160 857.14874831559177 32 12
71.142678448527136 876.78218089991753 8 3
130.22002363332919 773.0024214129636 8 10
318.28285685708568 876.61534998545858 4 4
706.14540454167968 299.29656739765829 4 9
598.23498248623184 398.91921107860253 32 1
548.76570913967737 517.11343455452914 32 12
999 812.80404050710672 1 6
1 347.48023074035518 1 7
585.01933598375615 2 2 5
998 16 2 8
153.98286854949052 814.16087614013486 8 3
129.42021528807524 682.45422816082282 8 10
710.94900310219464 399.97478117820538 4 4
744.93200642908187 65.910123329718175 4 9
143.24934969688613 917.66579959584806 8 3
311.15987938996409 696.62777004915733 8 10
999 77.323809766751467 1 6
912.80404050710672 1 1 7
513.44370329856645 475.15837397342688 16 2
806.94400876895691 458.34601726067262 16 11
2 861.01933598375615 2 5
333.65685424949237 2 2 8
792.37903522006775 251.51216006001897 4 4
523.28309812490409 934.16999562860849 4 9
589.72720885463093 71.846981617701658 8 3
521.05329537146872 66.621387483049872 8 10
307.583832053648 518.99931500123341 8 3
493.76412241278274 583.94289833373716 8 10
440.68426979921287 709.98229667503085 4 4
948.5333983301332 273.26352087332953 4 9
197.65685424949237 2 2 5
998 35.313708498984759 2 8
932.74516600406093 999 1 6
471.31370849898474 999 1 7
834.9013290261272 371.53401814445363 16 2
294.5964000338854 612.62355830148374 16 11
459.63764264731907 935.41565227336093 8 3
87.386401815584165 493.01935521531408 8 10
225.71714314291432 782.25652080352086 4 4
128 951.50757749752938 4 9
908.28295745677826 145.28403228497592 8 3
511.94741343471117 451.20506279014108 8 10
844.11774900609146 998 2 5
392 998 2 8
502.92637314740097 378.32537800090722 8 3
253.77997636667081 719.5925718494035 8 10
999 66.627416997969519 1 6
1 329.82337649086281 1 7
569.49302160363879 181.53071502567616 4 4
725.95781381726022 111.94082384984867 4 9
368.25355365032289 496.88828104187371 8 3
977.53861251695014 76.134623403956454 8 10
998 450.98066401624385 2 5
377.13708498984755 2 2 8
449.98219702648987 522.65103342044711 4 4
155.16990610989606 916.28727327972365 4 9
857.73140027822501 430.49581750815668 8 3
481.15119417817436 593.91592127503998 8 10
1 940.33304448274089 1 6
85.254833995939038 1 1 7
535.91865990493193 452.37951698845092 16 2
111.33142861660846 491.3958739255458 16 11
568.05369219522356 121.1564942120568 8 3
934.15376755990474 70.720515642066502 8 10
919.91304964147378 546.74350893240523 4 4
371.74445512975512 680.79837128922873 4 9
201.65685424949237 2 2 5
2 741.01933598375615 2 8
137.99770313450017 814.8497060577464 8 3
905.74504986131444 451.84249022901702 8 10
67.848267685978243 888.32110882791858 4 4
769.37003004947837 146.23656524383958 4 9
791.58474296193663 476.78762656868309 8 3
91.687096989923219 477.60818974941185 8 10
999 910.74516600406093 1 6
999 662.17662350913713 1 7
2 525.01933598375615 2 5
2 320.16652224137044 2 8
948.52616701968248 63.689574469749601 8 3
293.94395314391738 690.92745523148778 8 10
353.71714314291432 893.10777248792908 4 4
192 729.80507412871293 4 9
455.4767147266088 961.5510470311882 8 3
592.21095449785696 196.96030115213793 8 10
345.82337649086281 1 1 6
743.84776310850236 1 1 7
998 418.98066401624385 2 5
998 346.98066401624385 2 8
689.71756313959372 67.848267685978243 4 4
55.930848979427509 58.894506262875197 4 9
898.77140840307311 132.41816913480361 8 3
466.98422963170611 582.73960842427834 8 10
538.46265826430442 555.76375334570446 8 3
537.41494976878721 476.33282817173671 8 10
126.47405694091434 784.40276059823873 4 4
512.9587158669716 199.47784830933739 4 9
2 777.01933598375615 2 5
336 998 2 8
601.95688759574705 327.71557368806259 8 3
721.39410572303257 466.33015647189086 8 10
870.37763363591387 1 1 6
401.76450198781708 1 1 7
837.05029328268347 447.50112755267895 16 2
132.18101224702664 515.67127016202767 16 11
478.55476460443231 71.501254512314858 4 4
528.21543420164426 940.46857172373404 4 9
521.69970531109459 574.16181401229585 8 3
733.87819353289672 199.15429949656399 8 10
998 538.98066401624385 2 5
604.68629150101526 998 2 8
628.56088770413805 366.44167489721906 8 3
579.36118554509505 207.0319487252759 8 10
587.92917839306813 83.711512221956184 4 4
840.9633377273434 175.94536012663107 4 9
999 932.74516600406093 1 6
324 1 1 7
947.428940957534 79.651908101413312 8 3
806.58919047255199 482.34339428351694 8 10
2 48 2 5
268 998 2 8
448.23887408182782 951.97954439049715 4 4
855.13640700779672 83.42548714487107 4 9
596.95328864406349 212.24134387983568 8 3
122.13627144910024 759.19470796634346 8 10
999 670.17662350913713 1 6
999 128.15223689149767 1 7
121.42021528807525 696.31063462137388 8 3
745.67537491747794 188.34566815955881 8 10
257.71714314291432 765.76409830105035 4 4
559.95331263606579 932.12751550810935 4 9
80 998 2 5
396 998 2 8
80.086950358526266 868.78218089991753 4 4
948.5333983301332 340.69780715915817 4 9
888.86291501015239 1 1 6
1 704.33304448274089 1 7
549.01933598375615 2 2 5
2 190.46089475659906 2 8
420.65770272101958 784.79924665020042 8 3
643.79060985632577 371.34632199636513 8 10
402.14965856416916 565.17218420744496 4 4
475.69806655717707 64.028686261250954 4 9
568.61188341195975 436.68787535516725 16 2
840.56252129462757 340.03876608800755 16 11
353.53822334067002 503.16992524365816 8 3
422.01713145050951 925.01212782454309 8 10
999 652.51976925964482 1 6
820.80404050710672 999 1 7
2 645.01933598375615 2 5
2 549.01933598375615 2 8
33.70862675720528 401.05990614116047 4 4
512.51970776067117 624.66350575636511 4 9
961.94135708985868 900.20118382145495 8 3
152.47540937439427 904.59369866191025 8 10
469.53216134268115 942.20523987402794 4 4
988.76930625847501 66.050437304113217 4 9
457.01933598375615 2 2 5
2 585.01933598375615 2 8
661.94112549695421 999 1 6
812.80404050710672 999 1 7
67.959024172337365 694.73647912667047 4 4
530.26800294633324 485.97238994170402 4 9
318.14712219788731 617.24562337610018 8 3
432.08608768393771 454.35522569405992 8 10
737.01933598375615 2 2 5
361.13708498984755 2 2 8
824.18529580833911 322.49492143037151 8 3
508.81532783759565 435.51461857041483 8 10
16.944271909999159 141.49033200812192 4 4
48.492422502470646 789.01933598375615 4 9
669.94112549695421 999 1 6
914.74516600406093 999 1 7
512.97554947373237 587.57408842513939 8 3
135.32657947319655 491.87830046874126 8 10
673.01933598375615 2 2 5
2 545.01933598375615 2 8
413.53514157775243 775.14165260404059 4 4
604.90854900831448 155.23451579452581 4 9
812.09588647105875 308.70641705391256 8 3
408.72128928111516 764.14952696492242 8 10
282.59670549369656 644.33558243651771 8 3
130.22002363332919 719.5925718494035 8 10
137.79898987322335 1 1 6
576.15223689149764 999 1 7
366.58328012228895 570.74288654457996 4 4
719.61465290822264 361.86316670144322 4 9
998 290.98066401624385 2 5
2 737.01933598375615 2 8
349.77997636667084 775.01819769160761 8 3
873.075295148181 151.24149468577659 8 10
339.51501327173713 613.91966936655479 4 4
783.80249313723857 382.53450273986653 4 9
961.80134041731174 72.620966929096397 8 3
291.60638377091635 518.15011162592521 8 10
99.254833995939038 1 1 6
1 401.76450198781708 1 7
998 595.26493526370575 2 5
605.01933598375615 2 2 8
760.76488284625566 183.02525929675957 8 3
554.43467184381961 556.70968263258624 8 10
878.5542457305786 248.92350339550123 4 4
780.81901845682467 482.08849214706106 4 9
2 421.01933598375615 2 5
480.97056274847711 998 2 8
1 381.96551211459376 1 6
46.142135623730944 1 1 7
288.13430730690851 701.42736071908746 4 4
67.959024172337365 566.73647912667047 4 9
353.71714314291432 932.04097582766269 4 4
257.71714314291432 948.5333983301332 4 9
328 998 2 5
2 925.01933598375615 2 8
958.9932195972857 51.588301382272768 8 3
855.3383063020533 358.95109480274635 8 10
144.44883796005774 562.07709363575441 32 1
609.43813919433069 461.93102965078612 32 12
861.89235226167534 1 1 6
109.17157287525382 999 1 7
420.56982480981594 457.72801228886908 4 4
353.71714314291432 821.18972414325447 4 9
270.68841898556968 614.7231873623839 8 3
100.61958842397428 831.93570376370167 8 10
407.6991301249696 743.04175991649186 8 3
569.45792838087652 460.67295838422035 8 10
998 514.98066401624385 2 5
709.01933598375615 2 2 8
830.47739975205093 480.02964031672184 16 2
639.06123826860278 424.16236537422139 16 11
862.27860752346839 101.31579632274408 4 4
896.33494678167699 144.16821827374187 4 9
999 620.03448788540618 1 6
999 820.80404050710672 1 7
368.03482663630291 640.47623175572721 8 3
706.74825377962145 472.77212983815679 8 10
51.466601669866705 723.30219284084183 4 4
31.999999999999996 89.254833995939038 4 9
2 194.46089475659906 2 5
368 998 2 8
786.09182879100126 187.91382248107519 8 3
729.5281880029878 480.10828063532171 8 10
642.19090885900994 1 1 6
645.94112549695421 999 1 7
505.60470863461308 341.72271321368811 4 4
932.04097582766269 308.69780715915817 4 9
2 949.98989873223331 2 5
609.01933598375615 2 2 8
638.21519329968601 400.17728234516829 8 3
572.16328401984993 476.44258269384403 8 10
333.18552692626071 618.81227629971704 4 4
561.64751430870592 251.01731177098574 4 9
1 99.254833995939038 1 6
1 18.828427124746192 1 7
395.90824205827386 753.85725614175362 8 3
254.70612176270657 613.97074103203067 8 10
546.98066401624385 998 2 5
514.98066401624385 998 2 8
286.28285685708568 782.25652080352086 4 4
577.29739266566924 183.28906434425355 4 9
278.6457218040922 527.53207524670938 8 3
380.82183350621153 759.18644716856636 8 10
589.68172465535349 59.847067818527258 4 4
744.92939497785972 294.46017096721971 4 9
2 677.01933598375615 2 5
998 458.98066401624385 2 8
903.34819638439103 1 1 6
1 87.254833995939038 1 7
863.9419415290439 345.46119262071085 8 3
698.64261720779552 231.04701582923326 8 10
19.98497081843702 134.09072727893368 4 4
391.34414613250146 764.95541041984632 4 9
653.01933598375615 2 2 5
998 158.98066401624385 2 8
165.9411254969543 1 1 6
1 337.82337649086281 1 7
298.57068178184045 645.24776747575925 8 3
140.00504009088891 646.84723798734683 8 10
863.34508738809575 93.387201195084671 4 4
515.6312824194664 495.03837642789864 4 9
580.83261648674022 489.89035851657843 8 3
838.85167616129013 316.09982273351221 8 10
2 361.13708498984755 2 5
2 485.01933598375615 2 8
516.42533271878938 617.68166547700298 4 4
594.19955217570373 363.14610243245784 4 9
336.48528137423858 1 1 6
999 38.142135623730951 1 7
307.18932980068422 685.30369234017508 4 4
897.13181955231528 527.12898410976209 4 9
76 998 2 5
630.62741699796948 998 2 8
884.92837202244152 140.4412822316327 8 3
646.53453315674869 446.96915961442119 8 10
127.86578598821812 626.1436511041328 16 2
866.73307898305234 321.62404615321537 16 11
999 29.65685424949238 1 6
830.46089475659903 999 1 7
384 873.64117081806239 4 4
758.39864334440267 357.02677027100464 4 9
632.69978476186418 298.25140955663494 8 3
843.19259827002168 394.05633717081611 8 10
986.34314575050757 998 2 5
777.01933598375615 2 2 8
610.46601528477026 290.23229162717485 8 3
358.36910328170444 761.51905331733542 8 10
16.944271909999159 361.13708498984755 4 4
401.05990614116047 33.708626757205273 4 9
379.96551211459376 1 1 6
999 448.15223689149764 1 7
142.34723905862654 607.00501173322766 8 3
495.75105289395253 392.62624438236998 8 10
803.14718625761429 998 2 5
2 613.01933598375615 2 8
518.8679890443043 880.31112523905074 4 4
910.74516600406093 968 4 9
871.32272189975845 359.65711038319716 8 3
310.00847855491196 631.02105366530191 8 10
623.87788559314038 216.35868670531676 4 4
463.06585635803026 946.91553708816195 4 9
113.37258300203048 2 2 5
998 134.98066401624385 2 8
87.254833995939038 1 1 6
999 912.74516600406093 1 7
164.07508237420518 518.27286404321228 16 2
596.42667227922607 508.1338621258318 16 11
871.0772249395061 980.37066200510367 4 4
318.24166141845149 513.48472768841179 4 9
998 282.98066401624385 2 5
301.25483399593907 2 2 8
999 421.80909114099006 1 6
1 770.19090885900994 1 7
48.237155083838687 919.91304964147378 4 4
934.0898766702818 166.89333446156951 4 9
438.00229686549983 925.70095774215463 8 3
115.47569352148173 837.8767593375718 8 10
264 998 2 5
542.98066401624385 998 2 8
709.56398456044644 135.41166874619245 4 4
419.11047909094953 758.14413479660959 4 9
338.82842712474621 999 1 6
864.72077938642144 1 1 7
528.95299775646401 588.4232918004476 8 3
149.58238250265998 499.14273988174079 8 10
570.14578045973769 137.21838938514523 4 4
90.338334798334245 825.74734179260918 4 9
2 653.01933598375615 2 5
2 781.01933598375615 2 8
607.51471862576147 999 1 6
999 930.74516600406093 1 7
621.10959735805102 301.36067891526096 4 4
983.0557280900008 638.86291501015239 4 9
2 869.01933598375615 2 5
485.01933598375615 2 2 8
848.13061306616009 417.69640795503079 8 3
240.29730584858379 607.01473470994313 8 10
125.01956666631244 792.26942812909886 4 4
758.73647912667047 67.959024172337365 4 9
274.82842712474621 999 1 6
1 45.171572875253808 1 7
494.75453034306884 408.59518119123675 8 3
113.19274602499468 822.04046713490379 8 10
456 998 2 5
176 998 2 8
147.66794106455481 19.629337994896318 4 4
289.71714314291432 821.18972414325447 4 9
861.55222126862748 37.983020306143693 4 4
193.71714314291432 837.68214664572497 4 9
998 162.98066401624385 2 5
944.40202025355336 998 2 8
886.86291501015239 1 1 6
551.84776310850236 1 1 7
557.15371094009242 470.90067724865463 8 3
127.09975021466836 602.1558794445217 8 10
767.78706275895627 322.27252476205376 4 4
576.16653460104999 142.48626557673043 4 9
314.34314575050763 2 2 5
998 90.98066401624385 2 8
1 642.19090885900994 1 6
999 58.627416997969519 1 7
82.37117680699626 825.02319157265526 4 4
565.23684647106575 384.52744191964933 4 9
2 477.01933598375615 2 5
2 198.46089475659906 2 8
848.65021174796152 405.70766251566681 4 4
331.33778913766287 626.59596855112238 4 9
1 578.19090885900994 1 6
653.94112549695421 999 1 7
485.61965213311385 67.747940748841287 4 4
459.68162843978178 487.98230067379416 4 9
56 998 2 5
140 998 2 8
318.28285685708568 837.68214664572497 4 4
840.96556861137844 275.51798942800997 4 9
679.84776310850236 1 1 6
1 551.84776310850236 1 7
639.82554756915988 283.92578550690638 8 3
653.47877205470377 404.97552823188249 8 10
72 998 2 5
305.25483399593907 2 2 8
67.959024172337365 758.73647912667047 4 4
323.41069302633645 739.81036942458695 4 9
1 743.84776310850236 1 6
999 293.80909114099006 1 7
581.01933598375615 2 2 5
2 673.01933598375615 2 8
944.06915102057246 941.10549373712479 4 4
980.37066200510367 871.0772249395061 4 9
491.3442856791537 381.46468522987817 4 4
696.75698512712609 334.05081290660917 4 9
60.284271247461902 2 2 5
144 998 2 8
999 616.23549801218292 1 6
999 598.09336238845196 1 7
38.543982182605959 99.313476906080325 8 3
900.68652309391962 961.45601781739401 8 10
286.28285685708568 932.04097582766269 4 4
733.08390127476559 424.42976600522815 4 9
2 301.25483399593907 2 5
180 998 2 8
44.142135623730944 1 1 6
483.79898987322332 999 1 7
845.66428413805261 281.99271509010492 4 4
709.25649106759477 80.086950358526266 4 9
656.97553956188813 468.57900425171181 16 2
220.28030560746393 593.7739000932354 16 11
860.11774900609146 998 2 5
208 998 2 8
498.15852835314865 137.21265378177108 4 4
580.79467936752121 125.36402681527957 4 9
1 423.84776310850236 1 6
84.686291501015234 999 1 7
966.29137324279475 598.94009385883953 4 4
499.53668497972421 427.90496767723505 4 9
2 413.42135623730945 2 5
2 733.01933598375615 2 8
108.44921914845661 562.24276022687479 4 4
448.69639691980308 872.21346299801075 4 9
706.19090885900994 1 1 6
999 512.15223689149764 1 7
998 542.98066401624385 2 5
2 125.49033200812192 2 8
633.43396770039749 377.40767194947364 4 4
859.19497394559755 19.629337994896332 4 9
125.13183998432783 805.33815700404136 8 3
537.67715359382623 575.01101738760406 8 10
365.17157287525379 999 1 6
1 952.81832585697953 1 7
799.14718625761429 998 2 5
518.98066401624385 998 2 8
382.28285685708568 837.68214664572497 4 4
67.959024172337365 630.73647912667047 4 9
889.5242770585271 524.65405033181844 4 4
66.233941222046923 896.15653798450285 4 9
218.44050197169113 561.82683258177519 16 2
237.0895329895371 535.82272440450026 16 11
2 9.6568542494923797 2 5
2 521.01933598375615 2 8
551.66695551725911 999 1 6
1 681.70562748477141 1 7
822.69086780511964 185.18638893456466 4 4
117.67424859566042 684.91029543609875 4 9
690.74934236225101 472.95876707756838 8 3
261.08483806032336 535.34803022937228 8 10
998 354.98066401624385 2 5
2 649.01933598375615 2 8
1 487.84776310850236 1 6
999 54.627416997969519 1 7
475.8191991645449 715.1860356947185 4 4
824.02925849426617 309.9692045086054 4 9
773.01933598375615 2 2 5
525.01933598375615 2 2 8
632.95176781386056 389.39320370324606 4 4
450.37659123398458 927.78460210188553 4 9
999 32.485281374238568 1 6
627.79898987322326 999 1 7
128.15418051294992 657.59698808974326 8 3
255.45418407106175 520.37152410634042 8 10
436.78493516552652 443.31344900981355 4 4
768.59894009068068 418.54062193295044 4 9
2 669.01933598375615 2 5
2 305.25483399593907 2 8
340.64376332174083 729.27177200143615 4 4
951.50757749752938 466.98066401624385 4 9
983.51471862576136 999 1 6
383.76450198781708 1 1 7
2 121.49033200812192 2 5
998 262.98066401624385 2 8
192 762.78991913365417 4 4
229.23228726486641 611.65858696232897 4 9
1 615.84776310850236 1 6
116.20101012677667 1 1 7
372 998 2 5
998 202.98066401624385 2 8
981.09481222505758 863.11006694816808 4 4
918.25493184896663 225.29483603013614 4 9
641.00687909616227 486.4955296662659 8 3
565.22616214200229 73.280153307460196 8 10
429.62464652782592 934.29252190822308 4 4
48.492422502470646 533.01933598375615 4 9
9.6568542494923797 2 2 5
998 258.98066401624385 2 8
89.254833995939038 1 1 6
624 999 1 7
862.93583939314033 368.23966255724093 4 4
525.70888656860188 253.11851051413808 4 9
998 94.98066401624385 2 5
186.34314575050763 2 2 8
624.43620501596047 224.33918038817257 4 4
279.8813756828784 515.59586313851355 4 9
487.84776310850236 1 1 6
1 871.84776310850236 1 7
613.01933598375615 2 2 5
998 546.98066401624385 2 8
564.14708890369945 549.6620621224456 4 4
876.08797198502236 256.53385777699884 4 9
120 1 1 6
999 165.80909114099003 1 7
415.05778611269767 627.85695303680984 4 4
928.6541239784051 465.26960131316338 4 9
998 350.98066401624385 2 5
998 98.98066401624385 2 8
344.71919398652858 518.76102698817169 4 4
96.826173220202605 43.881422458080671 4 9
298.42640687119285 1 1 6
578.19090885900994 1 1 7
52 998 2 5
332 998 2 8
867.09505470241754 107.70342785347536 4 4
129.28993238482809 669.54312000285745 4 9
628.8541013720934 496.90273839816774 8 3
678.97245136519393 269.2754598933189 8 10
146.82842712474618 999 1 6
999 600.09336238845196 1 7
2 717.01933598375615 2 5
998 386.98066401624385 2 8
653.94030792531669 437.52699354527999 4 4
860.11774900609146 983.0557280900008 4 9
128.04885112250213 827.98152270877392 8 3
680.71646475121042 253.37079336712617 8 10
850.25289029696967 384.35312757325437 4 4
980.37066200510367 627.90343907673775 4 9
310.34314575050763 2 2 5
2 609.01933598375615 2 8
173.17157287525382 999 1 6
485.79898987322332 999 1 7
681.3824410302002 465.4580231520884 4 4
529.99921500446067 564.27081677484421 4 9
541.01933598375615 2 2 5
13.65685424949238 2 2 8
283.356624738829 707.84403815204826 4 4
278.20242400845763 624.07945416683185 4 9
210.82842712474618 999 1 6
1 416.24978336205567 1 7
2 605.01933598375615 2 5
998 222.98066401624385 2 8
430.65176432042068 824.26522961246565 4 4
431.05311980338382 790.79385286609897 4 9
1 954.81832585697953 1 6
512.15223689149764 999 1 7
520.2288419191018 601.83556621329114 8 3
481.42328667060366 399.74769894229399 8 10
284.00371799714185 629.58808267643894 4 4
494.13135266878703 144.12509589778816 4 9
545.01933598375615 2 2 5
998 286.98066401624385 2 8
67.112377561196411 904.69825354235331 4 4
378.36710196658026 634.37343841993891 4 9
1 12.48528137423857 1 6
999 56.627416997969519 1 7
998 138.98066401624385 2 5
998 579.9512267647209 2 8
291.0936205767191 635.86195074332363 4 4
278.4614715712184 539.530660657152 4 9
770.19090885900994 1 1 6
1 298.42640687119285 1 7
240 998 2 5
481.01933598375615 2 2 8
490.1585900363076 137.18123839161947 4 4
51.466601669866705 659.30219284084183 4 9
605.55545725885838 316.26785354911203 4 4
616.02648588451132 217.89345789847192 4 9
191.69343174823646 579.39368302405956 16 2
205.24479919633535 532.67424387571918 16 11
538.98066401624385 998 2 5
2 837.01933598375615 2 8
981.51471862576136 999 1 6
1 118.66190488337574 1 7
840.85728605677855 167.94606309231796 4 4
582.26226729003884 189.56202377057622 4 9
998 390.98066401624385 2 5
2 202.46089475659906 2 8
243.92921457840117 517.02860948086118 4 4
640.74829677926834 498.49274330883264 4 9
999 256.15223689149764 1 6
183.51471862576145 1 1 7
958.05887450304579 2 2 5
376 998 2 8
657.45063166106024 416.29914652584637 4 4
425.77951948051771 724.94861698285058 4 9
615.84776310850236 1 1 6
999 549.80909114099006 1 7
859.02612056291127 30.392314461192225 4 4
577.83382548771556 222.27703810464308 4 9
2 865.01933598375615 2 5
2 309.25483399593907 2 8
486.70140470384285 781.38225325772032 4 4
613.49068407959226 497.7022035196004 4 9
999 357.80909114099006 1 6
999 101.80909114099003 1 7
998 803.14718625761429 2 5
941.08831175456851 2 2 8
576.62921195875595 77.017860475850256 4 4
640.89963582097926 388.48139553185342 4 9
655.81671174715234 492.5510112201697 8 3
218.88342721374124 617.73321416424233 8 10
805.01933598375615 2 2 5
2 901.01933598375615 2 8
296.42640687119285 1 1 6
16.485281374238571 1 1 7
455.07590083528555 946.51477438460677 4 4
657.98782549215866 430.62644273059095 4 9
118.57808097160967 849.46879074320941 4 4
470.14126766838575 58.273515880669009 4 9
2 316.16652224137044 2 5
521.01933598375615 2 2 8
999 577.12279963997469 1 6
1 296.42640687119285 1 7
19.984970818437017 368.53668971903579 4 4
325.77607672151106 510.79538091995266 4 9
998 194.98066401624385 2 5
116 998 2 8
854.89258906637485 370.94281428519838 4 4
514.17347423779779 307.10383959035613 4 9
237.17157287525382 999 1 6
1 834.19090885900994 1 7
671.14157898246947 487.95226745475884 8 3
195.54585806730472 554.62716033289178 8 10
493.6149990542026 662.92906487362632 4 4
608.1355714187282 302.00382642036249 4 9
440 998 2 5
65.941125496954271 2 2 8
979.51471862576136 999 1 6
999 384.15223689149764 1 7
911.79432874982604 163.17025044956938 4 4
597.01933598375615 48.492422502470646 4 9
2 64.284271247461902 2 5
204 998 2 8
658.2293532270387 444.28007361290662 4 4
276.33245877346877 631.85783639065789 4 9
960.887301627792 1 1 6
955.23044737829957 1 1 7
337.51692217267259 508.31494787470854 8 3
869.41902335729969 119.4762427119162 8 10
998 844.11774900609146 2 5
432 998 2 8
964.13751579646259 888.40385840696342 4 4
96.826173220202605 20.118577541919326 4 9
510.61757082145374 191.82807446458568 4 4
535.72593162722706 944.48023039221948 4 9
998 414.98066401624385 2 5
801.01933598375615 2 2 8
938.2598846298223 1 1 6
18.485281374238571 1 1 7
498.45210484905732 367.19070588205085 4 4
234.61002421101733 617.58141950580034 4 9
2 713.01933598375615 2 5
998 198.98066401624385 2 8
294.42640687119285 1 1 6
1 898.19090885900994 1 7
723.40475966282088 104.35914102316038 4 4
469.01933598375615 48.492422502470646 4 9
948.40202025355336 998 2 5
200 998 2 8
828.23995617514868 179.42378377182723 4 4
663.6853360002965 411.28631680578718 4 9
809.70562748477141 1 1 6
1 312.08326112068528 1 7
484.60615565861161 388.17750685204857 4 4
717.75894130504423 477.76630878174541 4 9
477.01933598375615 2 2 5
669.01933598375615 2 2 8
999 574.29437251522859 1 6
1 294.42640687119285 1 7
489.566526426309 833.52538188110623 4 4
559.25136443528379 454.36216981031566 4 9
453.01933598375615 2 2 5
649.01933598375615 2 2 8
354.11707102404063 750.29763532851666 4 4
715.34197985514481 85.279909651318974 4 9
999 190.29437251522862 1 6
68.769552621700456 1 1 7
400 998 2 5
312 998 2 8
126.15140825165986 707.33859060339194 4 4
570.95554311359365 545.46147272668543 4 9
577.63877864484584 132.71523696250142 4 4
361.13708498984755 16.944271909999159 4 9
436 998 2 5
48 998 2 8
63.112698372208094 1 1 6
1 67.112698372208087 1 7
127.30360308019689 731.23278194876457 4 4
692.29840487026945 241.23283782926754 4 9
797.01933598375615 2 2 5
998 410.98066401624385 2 8
935.4314575050762 1 1 6
20.485281374238571 1 1 7
515.42685934599217 935.67980099643614 4 4
577.53827584205203 150.36778357567798 4 9
2 905.01933598375615 2 5
998 944.40202025355336 2 8
678.74946186518866 473.01232131383813 4 4
843.89478988546307 160.54514622406936 4 9
292.42640687119285 1 1 6
951.23044737829957 999 1 7
548.62021729622279 436.11056615127956 4 4
458.45160887823596 844.47352811581777 4 9
600.68629150101526 998 2 5
998 330.98066401624385 2 8
651.99572441887642 273.53892864611237 8 3
183.90290623492177 543.65256819337196 8 10
1 292.42640687119285 1 6
450.19090885900994 1 1 7
111.34112373109951 689.79819165532035 4 4
681.44976292109368 480.54281759280127 4 9
998 454.98066401624385 2 5
304 998 2 8
483.14301557224655 411.62383183582688 4 4
922.18066631989177 460.56913900149277 4 9
427.31370849898474 999 1 6
402.82842712474621 999 1 7
795.14718625761429 998 2 5
2 481.01933598375615 2 8
494.37765267808044 827.13374170119039 4 4
447.63818726021441 935.30132636691212 4 9
372.09656092326225 19.629337994896321 4 4
914.7852687576335 232.50326429381755 4 9
998 482.98066401624385 2 5
2 909.01933598375615 2 8
45.171572875253808 999 1 6
1 69.112698372208087 1 7
192 873.64117081806239 4 4
185.26708447114274 531.73036127771149 4 9
2 517.01933598375615 2 5
205.65685424949237 2 2 8
953.23044737829957 999 1 6
290.42640687119285 1 1 7
152.85371819463234 601.2072625005793 4 4
369.53834819872321 755.10196931751909 4 9
2 845.01933598375615 2 5
998 948.40202025355336 2 8
118.4594010710946 770.61751953895305 4 4
568.28362902546178 310.10754055501172 4 9
597.85786437626905 999 1 6
1 290.42640687119285 1 7
874.62730583957034 340.00014972110569 4 4
475.29623661340173 410.06560849784552 4 9
998 679.83347775862956 2 5
517.01933598375615 2 2 8
667.48687002039378 272.75129377484706 4 4
272.10440680013812 517.47169761865553 4 9
301.17157287525379 999 1 6
999 485.80909114099006 1 7
210.74516600406096 2 2 5
2 206.46089475659906 2 8
637.10576157371736 505.61537886572603 4 4
419.14915951427548 739.45054466479337 4 9
1 514.19090885900994 1 6
288.42640687119285 1 1 7
679.59797974644664 998 2 5
998 218.98066401624385 2 8
795.98119814785252 487.95325157574081 4 4
561.56047815489126 482.06223640114644 4 9
482.00856438740988 581.53315654008134 4 4
849.58984860080739 154.926756220805 4 9
791.14718625761429 998 2 5
683.59797974644664 998 2 8
955.23044737829957 999 1 6
999 951.23044737829957 1 7
530.98066401624385 951.50757749752938 4 4
222.28285685708568 932.04097582766269 4 9
2 805.01933598375615 2 5
998 799.14718625761429 2 8
1 288.42640687119285 1 6
514.19090885900994 1 1 7
616.21392165655175 505.22443570821542 4 4
443.90479543552425 945.25527771764303 4 9
876.11774900609146 998 2 5
998 683.83347775862956 2 8
647.65441826307881 392.76775927748957 4 4
125.17470955127348 844.94281113853128 4 9
213.57359312880715 1 1 6
788.31875913286808 999 1 7
321.77850001289079 628.68297862828592 4 4
497.3200161534852 835.496015548375 4 9
687.59797974644664 998 2 5
2 801.01933598375615 2 8
934.77612440855501 82.704366106459744 4 4
470.17259101331331 403.92164757961905 4 9
999 953.23044737829957 1 6
1 809.70562748477141 1 7
2 797.01933598375615 2 5
691.59797974644664 998 2 8
698.85313145955058 481.809111831672 4 4
909.80932222573847 238.76744469605072 4 9
878.94617613083767 999 1 6
882.74516600406093 999 1 7
837.01933598375615 2 2 5
998 795.14718625761429 2 8
236.01628137446929 515.8515418914202 4 4
772.04598881320214 187.11630417093588 4 9
680.07069038196289 73.863621595699968 4 4
519.00205601270784 248.75749871702891 4 9
308 998 2 5
2 841.01933598375615 2 8
786.31875913286808 999 1 6
215.57359312880715 1 1 7
146.37535347217408 823.44127022381485 4 4
635.66794106455484 980.37066200510367 4 9
998 322.98066401624385 2 5
244 998 2 8
999 955.23044737829957 1 6
839.84776310850236 1 1 7
966.64411596375203 880.80669080308996 4 4
256 873.64117081806239 4 9
713.01933598375615 2 2 5
998 326.98066401624385 2 8
60.71154578592779 909.49714430842744 4 4
228.27506842894826 517.8698635040721 4 9
832.33304448274089 1 1 6
217.57359312880715 1 1 7
636.91535408709785 268.19267475610559 8 3
666.07061280779931 259.81276673339215 8 10
200.59428727690926 597.30386925585776 4 4
487.62697832899346 418.24909243418125 4 9
2 210.46089475659906 2 5
248 998 2 8
847.44953856713107 289.79097557712737 4 4
615.77119933313907 513.2121761236491 4 9
784.31875913286808 999 1 6
999 318.29437251522859 1 7
695.59797974644664 998 2 5
998 791.14718625761429 2 8
706.28770197429992 484.76328874939696 4 4
576.4444969637957 69.019993236977328 4 9
219.57359312880715 1 1 6
1 213.28932188134524 1 7
998 687.83347775862956 2 5
2 984 2 8
973.83297589861775 866.4665134572009 4 4
863.13440595787529 83.604408341327343 4 9
267.23468903026634 523.81881104459922 4 4
207.98130240464954 658.61356994328787 4 9
998 691.83347775862956 2 5
2 988 2 8
782.31875913286808 999 1 6
698.42640687119285 999 1 7
691.48949940107025 484.93591897432105 4 4
200.46257853988234 655.88066097199362 4 9
998 695.83347775862956 2 5
16 998 2 8
649.08553093681439 257.80581789531158 8 3
774.85824567805707 175.45049038337368 8 10
622.91014661344661 509.60171469483009 4 4
971.92765757684128 874.7996792313719 4 9
999 788.31875913286808 1 6
1 224 1 7
12 998 2 5
933.76885251469344 420.91415416841772 2 8
382.28285685708568 948.5333983301332 4 4
576.66820305317106 539.86098021131261 4 9
1 215.28932188134524 1 6
221.57359312880715 1 1 7
119.59024698903711 857.4045024285698 4 4
724.02735053145807 96.383404028356097 4 9
447.997773763434 712.19683752716765 2 5
739.0729816628841 424.06794269938246 2 8
159.54908485546335 596.8286708003825 4 4
80.086950358526309 453.25649106759482 4 9
1 990.82842712474621 1 6
1 981.17157287525379 1 7
858.58405450138378 255.27484118379081 2 5
883.03922776470165 150.39293896371959 2 8
937.50786942592231 936.52842220221248 4 4
882.65115488975016 520.56012902663099 4 9
700.42640687119285 999 1 6
780.31875913286808 999 1 7
494.18444958448924 546.41185711799403 2 5
435.90598313992541 885.43615777602975 2 8
177.47035743485131 533.52230087534372 4 4
492.44780699399405 372.47733120144721 4 9
874.07306441532523 972.95278186080884 4 4
935.78785304175778 90.64013356605416 4 9
511.30131712333866 64.408037025485967 2 5
956.51087470692391 210.98066401624385 2 8
999 698.66190488337577 1 6
1 222 1 7
750.24592991053896 177.25017235921689 4 4
932.15173231402173 111.67889117208149 4 9
578.23028737055211 119.93964724837235 2 5
369.22212560889028 626.27710719939989 2 8
308.47408382967012 708.32334623027407 4 4
665.38378969704706 403.46869216399256 4 9
999 786.31875913286808 1 6
18.828427124746192 999 1 7
5.4641016151377544 799.01933598375615 2 5
850.42639155855034 210.26325562890995 2 8
727.72597188418979 89.289730784604529 4 4
105.43720150573418 44.031031257933648 4 9
9.1715728752538102 999 1 6
223.57359312880715 1 1 7
917.73002067975142 452.44288549982878 4 4
206.58870906763715 650.73570958671212 4 9
548.37242889175354 187.57396753523906 2 5
868.83363672713244 369.34238038477241 2 8
833.98271744792828 172.03755505029744 4 4
183.58939863878794 555.64847220212289 4 9
1 217.28932188134524 1 6
778.31875913286808 999 1 7
253.61247395396111 729.59116889807672 2 5
994.53589838486221 946.40202025355336 2 8
853.71573290355934 47.064714682418881 4 4
742.25629518225992 176.84306437762223 4 9
702.42640687119285 999 1 6
1 220 1 7
954.46449021783337 339.7910828241715 2 5
725.01933598375615 43.489125293076057 2 8
418.86192867858665 747.44538665491609 4 4
875.68526085204132 347.92988686628189 4 9
873.02121034169954 67.12784584229432 4 4
203.55262846434312 604.73678371915764 4 9
297.07263874567775 635.36061080349975 2 5
580.42946792889518 499.88222877395805 2 8
999 700.66190488337577 1 6
999 784.31875913286808 1 7
876.85186648641798 515.04938914754246 4 4
449.52594305908571 895.25401228264684 4 9
595.97860865091377 17.945696889543477 2 5
990.18533100255183 826.2837784738141 2 8
887.36483364383764 128.69123309269443 4 4
209.18739799467633 610.4156368023099 4 9
776.31875913286808 999 1 6
704.42640687119285 999 1 7
124.78393622967076 738.82562587988548 4 4
343.64282516715031 736.68834992170423 4 9
315.34635907097146 547.22190727775671 2 5
413.42135623730945 6 2 8
867.55862368504052 507.45757525133519 8 3
585.84194453869827 532.12518890358479 8 10
999 782.31875913286808 1 6
999 702.66190488337577 1 7
499.89362906635694 347.32481729742727 4 4
333.65193614988249 733.15949020095411 4 9
994.53589838486221 200.98066401624385 2 5
440.84718495864115 73.81884502593735 2 8
959.30801739175035 39.592431161709349 4 4
501.77134735981582 418.32987579114535 4 9
706.42640687119285 999 1 6
999 704.66190488337577 1 7
124.40649477665106 850.89342842248186 2 5
6 320.16652224137044 2 8
545.91987450721808 565.16534501448177 4 4
933.26532872312453 929.74602967559588 4 9
879.73644014534204 967.3024566187845 4 4
508.36747930562717 931.91613875791154 4 9
65.838668167675962 504.32758879119297 2 5
867.72127357045247 430.94574150756233 2 8
999 780.31875913286808 1 6
999 706.66190488337577 1 7
637.19401300863228 256.19591064216849 4 4
62.492130574077699 63.471577797787525 4 9
482.91067689758529 627.19141164536211 2 5
834.2790579895659 389.52325878315366 2 8
708.42640687119285 999 1 6
999 708.66190488337577 1 7
862.64012692268295 60.65302905656911 4 4
456.94397877107571 892.1954866073695 4 9
555.69607278957653 480.79387142557044 2 5
130.04845401352077 647.77804069681792 2 8
866.15107203022819 974.06724884123662 4 4
671.3048243857171 408.84840853342746 4 9
999 778.31875913286808 1 6
999 710.66190488337577 1 7
664.90922171309523 419.19214400868043 4 4
584.96398776816272 218.64925836291567 4 9
372.95985195652463 631.77312164524517 2 5
651.77044876117554 363.1366253240181 2 8
710.42640687119285 999 1 6
999 776.31875913286808 1 7
618.71922331529743 281.52111735473363 4 4
388.95239670320581 485.83459979681146 4 9
924.00842814088674 226.99697598291965 2 5
532.02139134908623 982.05430311045654 2 8
933.76605877795305 103.84346201549722 4 4
608.07204341107035 965.63842315257079 4 9
424.67118855828392 933.61189415094248 1 6
138.79898987322335 2.7320508075688772 1 7
577.02159435971794 116.12663515744467 2 5
680.64514749472653 143.53782150757615 2 8
845.77591921403007 429.46311594251569 4 4
629.57537454404803 277.68607774489789 4 9
301.71979730746745 704.03620107574625 4 4
480.06766184640054 776.91084903741853 4 9
835.13278821549443 166.14880838996388 2 5
249.82087292229488 686.32396894593762 2 8
627.79898987322326 997 1 6
88.399078919403109 2.8076734353812349 1 7
301.38416395503634 712.0291573656765 4 4
622.36049299752779 288.64439996187969 4 9
65.457375567640071 686.96921035482239 2 5
728.21427451671536 50.062902144450618 2 8
406.21992009347179 568.07614203824744 1 6
299.37627321140548 522.69200749467598 1 7
848.53298084019514 301.74196519476732 8 3
864.39640474587009 491.7731762707956 8 10
436.88648285426575 937.6489684172559 4 4
543.86725558123851 61.130559463309829 4 9
16.905420413317508 373.6860944712696 2 5
5.6153468707624699 478.73084613682801 2 8
486.38878216079416 708.83666051977946 4 4
459.94197776397704 94.731064039854601 4 9
113.84456290140108 4.9626398658274553 1 6
2.7320508075688772 380.96551211459376 1 7
289.71714314291432 893.10777248792908 4 4
467.4135875783146 411.43083528839725 4 9
224 790.23399718031158 2 5
409.31038535763025 719.80878149316834 2 8
901.74516600406093 997.26794919243116 1 6
583.01933598375615 4.2360679774997898 1 7
549.7150563722206 480.31696198414767 4 4
124.00333425669173 746.78745108267537 4 9
339.1543061579456 773.63197519158928 2 5
374.16072733284238 993.78569688954349 2 8
814.18672356363902 491.63196203801152 4 4
496.83500330214093 354.71702998609322 4 9
334 995.76393202250017 1 6
132.79149193846993 673.11230488071112 1 7
968 914.49895475282563 2 5
94.725187486836091 499.81216206310734 2 8
693.68115543374927 205.55396281075173 4 4
66.734671276875446 70.253970324404094 4 9
117.41128862507436 865.10204362353045 4 4
380.96801711193888 485.33491735509489 4 9
477.12874222630774 578.04212006418823 2 5
863.84324132433619 26.815255953165156 2 8
109.45611133767288 830.22811400158673 1 6
984.59284261192613 625.22515773913108 1 7
361.6207909389268 773.07009341681862 4 4
102.87594359112887 473.27117329397976 4 9
348.12730472849279 890.92747285240705 2 5
671.35165991681333 402.84859133345986 2 8
312.34314575050763 4.2360679774997898 1 6
178 995.76393202250017 1 7
994.38465312923756 412.69217416931571 2 5
415.35772221238221 460.700214589155 2 8
879.43802934982216 129.77094309282296 4 4
54.322643871388763 914.72009034868108 4 9
867.63416722976137 476.10419755174996 8 3
852.39442625521724 502.35393769471528 8 10
472.98985746064892 991.57284331069866 1 6
983.52802010062942 4.9626398658274571 1 7
601.31755132279261 961.35160187925021 4 4
97.663547683524342 467.20232423485925 4 9
956.51087470692391 146.98066401624385 2 5
938.7940166932882 481.57346610595187 2 8
701.5801714009765 206.82106452312098 4 4
855.20197089494377 291.76576493366269 4 9
524.05296987302904 565.47491894549876 1 6
262.89117135524157 610.22842047283973 1 7
516.32062954257538 243.39000842031919 2 5
256.50643665423371 704.81433666054068 2 8
368.15847704541272 768.45938193451343 4 4
518.57872428815472 256.74629025586546 4 9
4.2360679774997898 611.01933598375615 1 6
418.35330382060567 808.77055878608837 1 7
307.00073529498712 714.13963749665231 2 5
779.18006331659853 6.2143031104565338 2 8
876.96388569869896 468.5572542440018 4 4
484.79872711250101 723.63581247630361 4 9
276.44634308743008 711.87491987920669 4 4
450.69811915105976 842.502894448549 4 9
359.99973650750798 565.92151087079287 2 5
571.45503431976965 486.41747028029511 2 8
435.6357828755622 788.79405308439755 1 6
426.32727621523225 777.8095444824595 1 7
817.08279679969121 183.05342395640085 2 5
17.785669612131784 355.19637376080721 2 8
8.4271566893013361 942.00919344440513 1 6
516.98066401624385 995.76393202250017 1 7
599.91850736636979 364.9609168932646 2 5
253.88741011435903 542.29043838235862 2 8
268.50910741693565 712.87506482421736 4 4
573.65134140896498 157.36004649356676 4 9
520.27729440253893 592.83569663885567 1 6
995.76393202250017 288.98066401624385 1 7
120.73474225909059 776.16935009096096 2 5
252.12730472849279 767.94439793657239 2 8
294.62987743283367 707.74201221114868 4 4
873.95137735474862 135.5930260435336 4 9
435.0735518617559 660.14880575991708 1 6
69.979390387731698 892.84419583018496 1 7
473.70245006319095 52.243214754648733 2 5
410.90719879309063 9.1111111111111143 2 8
187.23522656791195 523.97623871697488 4 4
640.84846262447616 249.07938072898338 4 9
191.72203650316118 512.84661443737991 8 3
996.89284844477174 57.707780664390725 1 6
2.9999999999999996 12.48528137423857 1 7
5.6153468707624681 523.30782583068435 2 5
121.29163464076797 530.00380152771152 2 8
78.343843214237268 488.74944491869104 2 5
966 934.05887450304567 2 8
995.76393202250017 132.98066401624385 1 6
995.76393202250017 988.34314575050757 1 7
488.26323700008101 142.87400897087755 2 5
195.87269527150721 946.35309869461116 2 8
620.52772493625901 220.07034719263027 1 6
607.6987914381665 320.78516675452624 1 7
481.52818942064386 903.04354441333783 2 5
900.51976925964482 6 2 8
696.53332114527234 213.02826215945404 4 4
852.48059005114567 490.3542470403579 4 9
544.98066401624385 995.76393202250017 1 6
8.9728484447717385 93.775197662360227 1 7
723.4522398032143 456.54424393866259 2 5
326.05012562893381 946.03174972543593 2 8
4.2360679774997898 123.49033200812192 1 6
988.34314575050757 995.76393202250017 1 7
946.35309869461116 278.85335928775106 2 5
937.3663106344552 385.73115810475855 2 8
582.13218976272503 184.56371607327625 1 6
952.86218656263884 71.576204581723928 1 7
700.06487349572899 339.05659701510422 2 5
126.95927266715759 982.05430311045654 2 8
203.72149237906274 512.73233984575131 4 4
856.02040174407671 483.18000609245348 4 9
643.05984373161323 68.984000248771565 2 5
512.66168490885218 533.28289857034463 2 8
4.2360679774997898 196.46089475659906 1 6
995.76393202250017 260.98066401624385 1 7
576.94264357634552 545.85470045830778 2 5
555.72644750405743 251.98734676772042 2 8
183.51471862576145 3 1 6
611.01933598375615 4.2360679774997898 1 7
498.57692436810669 360.45860738258841 2 5
20.510874706923943 661.01933598375615 2 8
918.25493184896663 388.66649200235156 4 4
484.98386236485601 766.59735481360917 4 9
993 812.80404050710672 1 6
915.25656984394959 139.59467992521741 1 7
814.28137204359132 321.11206422079999 2 5
640.1429405420381 476.53291905585371 2 8
167.04612924687697 594.03683889405761 4 4
85.279909651319002 459.34197985514493 4 9
479.92862867495364 66.693708619062193 1 6
161.34304928560098 8.9641016151377553 1 7
418.45060676995428 915.66975651405721 2 5
994 679.83347775862956 2 8
342.40527184407534 609.83966870662528 1 6
2.7320508075688772 98.254833995939038 1 7
824.27522077626008 205.37051377792824 2 5
39.065912912221656 403.76166206153334 2 8
9.9252797316549142 408.70846178655825 2 5
268.97699031401692 541.48919728495059 2 8
146.32276196039516 926.9011275381481 1 6
114 995.76393202250017 1 7
211.65895522412023 513.73068026030535 4 4
887.16121201275382 964.32373831775476 4 9
260.6831140794348 877.39196307024054 2 5
228.6831140794348 821.96633722803631 2 8
886.54484972017622 249.31112161156642 4 4
647.98912693561056 384.77476421277623 4 9
518.5114532408827 309.59018996164218 1 6
851.63177979713475 367.15241550543419 1 7
294.11332547586716 700.92602077926358 2 5
494.36828732803502 668.88159011729442 2 8
914.7852687576335 381.45806373867015 4 4
453.64048262646452 850.86516829573361 4 9
794.82527357361096 255.87288453166977 1 6
447.69640605079371 983.00512197336695 1 7
859.99040764286815 298.17442107291117 4 4
581.65028594234013 157.23009899652021 4 9
115.50059400764654 508.90638676618443 2 5
559.46287567751301 460.35844056757895 2 8
601.5100408743283 970.21446103569531 4 4
909.80932222573847 375.19388333643701 4 9
517.09071034449107 622.63719497597845 1 6
995.76393202250017 388.98066401624385 1 7
640.84905449630344 329.49872907216974 2 5
619.05735849714199 499.94098352866712 2 8
909.86119894424257 167.78143350327315 1 6
281.01924602813745 633.59968174242579 1 7
764.97102591963665 173.95286377814105 2 5
60.284271247461902 6 2 8
659.56269192948957 421.91512386042689 2 5
63.382791816699189 835.56395961378485 2 8
649.00266624396897 438.31420039650641 1 6
955.23044737829957 3 1 7
915.76297799972144 538.26561843306831 2 5
934.90253103049554 442.76253704352263 2 8
860.43465671920512 118.94600115159362 1 6
867.0821929369672 102.70344439600377 1 7
580.22923497748695 197.06969545691717 2 5
320.50547852264526 507.92818810709326 2 8
362.51463115465305 503.8211569666754 1 6
987.87689437438235 860.11774900609146 1 7
868.76385797875093 62.899968022667068 2 5
650.58077152377291 113.87623358706755 2 8
391.5251954773484 478.25959441940279 4 4
140.55485296138434 905.97222497803466 4 9
511.61532932637243 492.0597658870476 1 6
92.946229904288614 23.272311815014376 1 7
613.67681139402839 299.7028137006813 2 5
186.34314575050763 6 2 8
52.243214754648733 592.33622190432129 2 5
733.24459302289029 86.934986482671064 2 8
515.1893297638436 189.80347075702247 1 6
11.65685424949238 4.2360679774997898 1 7
416.88545785244719 4 2 5
994.53589838486221 220.98066401624385 2 8
229.70009353414011 616.63665458887124 1 6
4.2962944848386693 739.08878382468367 1 7
824.21964769288695 332.49486242759883 2 5
172.77735998934682 662.82743977280734 2 8
336.48528137423858 3 1 6
206 995.76393202250017 1 7
991.52786404500046 670.17662350913713 2 5
944.40202025355336 994 2 8
2.9999999999999996 312.08326112068528 1 6
489.27177422929697 386.37972951520288 1 7
358.07333822619842 639.59944862669579 2 5
470.71770749565565 592.0165229457881 2 8
483.01933598375615 4.2360679774997898 1 6
675.01933598375615 4.2360679774997898 1 7
