506.82740731902317 511.0242296473524 100 99
405.16904502052148 467.83349848250049 9 8
540.22589941807041 403.81392854464832 12 11
516.27861603165934 396.63565448949248 13 12
579.62712278831771 432.60738561757933 7 6
401.89730439239878 540.53140673713881 9 8
481.91679398895053 615.4639373829574 7 6
603.83321456385829 442.09765015309722 19 18
540.67363392148866 612.53005679424359 7 6
469.71642434281483 378.41582174790852 37 36
624.18505389453776 477.68982114417628 22 21
396.44226402627146 415.55689479138073 44 43
583.82467906344948 402.96049137334057 21 20
628.37770875960564 521.48961161379407 22 21
391.7769790335704 585.40432746480542 37 36
618.38491537291009 567.4150302872348 25 24
445.66967626380443 626.87211237369979 31 30
354.61085706604877 501.9636849859495 52 51
513.18684714495816 651.88074360783742 41 40
588.09391328051368 623.79282017153616 39 38
642.75419417452849 546.67525568168537 7 6
547.55335286522575 344.26303916438991 48 47
420.05026817519337 359.91520198711567 16 15
349.8513220909889 441.14965020103182 9 8
491.83930749165364 338.61103526209587 8 7
658.70208422901874 535.12496691339925 11 10
465.73896418875648 659.14011017624989 7 6
629.51676087333453 599.54106358975571 9 8
603.65963824015091 372.91761543812777 15 14
400.71657896027722 636.63013690838989 15 14
397.26793553397744 364.56357889055545 7 6
340.9056077321174 567.54696136563928 15 14
562.08453302839848 661.73372341461777 7 6
675.9537578680912 501.26673664879547 27 26
397.7689342285891 350.57254603704541 7 6
340.62148951454168 596.54556955359271 14 13
633.20648608814702 632.78480408366511 7 6
371.45832772989127 356.63488763668158 20 19
683.84829077880272 403.41224512283577 69 68
616.36998975019515 339.23606315069429 21 20
510.24719960016733 701.79425352561827 9 8
632.32722808293306 654.7672267290485 15 14
348.77516286780377 645.87626598946622 36 35
707.6920066499938 511.15391931860353 5 4
291.24366889011071 492.98596463636989 12 11
539.38876615985032 286.840573840003 10 9
725.2093928194638 488.04242473712605 24 23
648.31640621517067 671.30041101567565 8 7
353.33063043850387 326.69517169093774 15 14
649.52539599206762 327.84149090231267 14 13
426.23644461701252 741.68401470766003 84 83
437.55697391200573 245.24386618673066 100 99
739.51959940833763 611.21392301243225 100 99
743.73707024162013 458.34856730262425 11 10
255.32912863049819 386.86747132603114 100 99
595.13311586457132 747.59285905271179 85 84
333.73353824934031 690.83616049176999 11 10
305.31263275238291 663.76504671835153 11 10
678.77153456983092 317.562221556184 17 16
334.56068057127425 300.77820848184069 17 16
758.3531182287295 439.31251883561004 13 12
227.21969326149068 584.88226785203722 100 99
328.39632975868295 712.17893925947624 11 10
288.98317866685625 673.47838441806505 8 7
305.03371355674045 694.99789842369637 18 17
620.2871452104265 235.30985907732125 83 82
311.76686671557832 292.50387697844405 7 6
786.87300757906951 481.59272592408541 38 37
750.79557269931695 363.38648537420403 9 8
691.34375301977786 716.85992397990765 16 15
297.76050761584725 287.13527336396658 8 7
507.23891149212352 795.04692654862458 13 12
316.3567461351048 264.88263502747077 21 20
270.2898163538672 699.22419788731406 17 16
808.01188672742296 524.68736350640302 10 9
187.08199000654622 478.18191744296865 14 13
537.3284265156733 186.99991193881982 13 12
716.4562718761855 729.24384083551399 12 11
327.05228579766379 235.78615016543586 10 9
696.12904105881171 748.50010442160999 16 15
803.33797113245589 392.35709749913644 51 50
278.82263946000347 270.81482147954011 17 16
752.05086502958181 293.91608598669546 60 59
293.51943989939855 761.0010915445132 49 48
331.22786984478711 213.01870598596423 10 9
830.54049616199632 453.35887317849011 14 13
748.64237829627587 723.62815829431725 12 11
711.25012806891925 237.9051913268712 8 7
426.81060515430846 832.68220336917909 7 6
692.12262754689527 782.26323002886875 18 17
344.52132322727442 804.45000288886956 18 17
226.09227245216755 717.94790246352795 31 30
366.70782231147882 826.10085179570456 13 12
811.00473738048925 329.76913236818058 9 8
237.12876392933077 260.29718185685039 26 25
321.67236846852501 807.08159298472833 5 4
283.32048438560548 215.99904463541213 38 37
851.57406959588468 436.42993970348277 13 12
329.98865144247776 185.04614196778067 18 17
741.00055510386096 766.95946958645186 32 31
398.89681742880663 846.16628490318135 24 23
597.84987178474717 846.55557545272882 14 13
457.79375232462104 139.15676612513641 8 7
207.18183186162852 283.68908771619471 12 11
190.4271758751743 692.17968781536604 13 12
806.34454036437023 698.79161163071842 8 7
355.16960436243653 163.71729741298066 15 14
148.29862326653432 397.50109565298453 5 4
788.15427896879214 729.85790188817498 28 27
852.51710436961412 610.46300855239213 13 12
726.40876737184317 206.3581525675225 27 26
697.32959988285086 186.87990782763038 8 7
754.37530940727584 226.95641933329131 7 6
870.43481254460517 434.13377433001943 6 5
859.11545942916484 380.6152152262427 6 5
140.66998652271482 380.09983416334398 14 13
186.3088789894752 713.79078752734836 9 8
381.71982372023263 137.89763822104302 21 20
623.77514259604368 139.37324524173744 13 12
196.14784026395691 259.04662376831578 15 14
871.40162353574908 612.55464328720575 6 5
426.37835698690645 117.73293126881121 28 27
877.35990686730349 404.42991945864912 24 23
257.72557174247652 807.14999974091654 9 8
186.52769706797406 734.789647464224 12 11
129.70315404199286 628.96663699873022 7 6
504.04082057734576 904 96 95
110.94154524231895 564.79763956990087 18 17
807.94622916627395 253.4598347018001 9 8
398.27195921292525 882.16086160870805 12 11
909 523.13785466643014 91 90
758.30010332771189 805.23120368945092 10 9
110.86371720662493 592.72581844059016 9 8
253.08865658749059 181.32864533016721 8 7
113.53070770172113 615.57066822558693 14 13
748.66860320148442 180.65796368032909 7 6
537.19571544498615 87 87 86
86 463.83269852140938 86 85
386.20806732998705 100.33738591896557 15 14
201.23845072264766 793.98925664292983 49 48
398.04094080234643 904.15964863195029 10 9
443.19572314303429 87.038042515620958 7 6
799.47435456252174 199.11623028786471 46 45
200.42665401641992 197.19444714637518 47 46
807.2664105957906 795.11682024170182 40 39
923.75317564580052 405.68854538694234 22 21
69.873686449652681 560.49676636089089 12 11
75.604998316853909 599.99374402166927 27 26
700 900 100 99
396.99462087355641 930.01078448991939 12 11
292.95875850293532 905 95 94
907 707.1269847801409 93 92
906 289.95832881122919 94 93
92 285.93385085791272 92 91
714.17028989001767 90 90 89
88 714.32380976675142 88 87
282.82787734890587 89 89 88
950.93399473685804 427.73855839236262 13 12
801.44690650409507 846.79015352035469 12 11
409.39801600727981 45 45 44
200.04645670158408 853.97741505985198 11 10
949.68434079018687 614.48764620679401 9 8
624.02569268622756 50.992291765713567 7 6
858.64384567319826 798.07027666427348 10 9
49.943118947621073 377.02312918268615 8 7
141.49576877269814 799.54010823770125 11 10
856.44809253792039 197.38614904392819 11 10
805.61285671678581 144.45986019889799 9 8
142.46964212713604 194.96178665597202 11 10
196.41851189471291 139.3331060218195 11 10
29 563.71262643487955 29 28
872.67274898839196 196.73658059757861 5 4
397.93494627902101 971 29 28
972 392.56437151827447 28 27
981 438.69462189695764 19 18
600.04082057734581 976 24 23
464.94614797223238 15 15 14
26 618.65772382194018 26 25
11 525.34692451832814 11 10
436.15856958343721 988 12 11
991 464.84801555820167 9 8
485.4400495041516 7 7 6
624.69428686189553 22 22 21
21 378.83858107790627 21 20
566.00855411666441 990 10 9
980 620.87155016874965 20 19
5 505.30558122806485 5 4
995 480.47639665102707 5 4
456.04082057734576 994 6 5
496.02305474840995 4 4 3
988 589.88768339909029 12 11
997 488.22236334344188 3 2
547.858625177759 995 5 4
442.26136945758975 6 6 5
4 538.61342367974976 4 3
464.52610195158434 997 3 2
994 569.87114044862187 6 5
490.7315521262808 1 1 0
450.74665083182833 3 3 2
9 406.33403524764128 9 8
596.55179230295494 9 9 8
449.11261734707023 998 2 1
578.90902267421461 5 5 4
5 419.75044311264003 5 4
3 431.70794171299138 3 2
2 437.60294442420138 2 1
995 416.22869065067295 5 4
6 590.09443835142542 6 5
580.44490263508044 996 4 3
998 580.08972442795755 2 1
357.43649178021349 15 15 14
998 407.53100106537022 2 1
632.53697419588968 989 11 10
360.48653056747185 988 12 11
3 394.71308894429382 3 2
606.9440971483682 3 3 2
1 400.33403524764128 1 0
376.53466255696986 6 6 5
989 354.27006957448327 11 10
10 349.85582758552738 10 9
991 647.70436589874714 9 8
996 367.53656873590489 4 3
10 654.99422186998618 10 9
4 639.05380187631135 4 3
657.24929200698682 9 9 8
648.78505100516156 994 6 5
645.24929200698682 4 4 3
340.7081040481886 994 6 5
994 337.45569715938086 6 5
995 661.12077376374589 5 4
332.74781324630061 7 7 6
344.02008391521474 3 3 2
6 334.3638942006977 6 5
5 669.13635749371713 5 4
671.74388301882482 5 5 4
1 664.66422153871758 1 0
4 324.30050304441448 4 3
667.27174706382527 1 1 0
679.48984971123969 3 3 2
197.31518795042422 943.22705078824197 8 7
944.02777777777783 195.31220835569258 8 7
52.999934233484638 805.50134058806759 7 6
192.56114557785529 53.490604970329173 8 7
51.901342266442533 191.82146946040984 8 7
748.9897948556636 994 6 5
252.76221998125325 996 4 3
994 755.13927911379369 6 5
995 246.59936203387159 5 4
766.33249580710799 989 11 10
900 900 100 99
242.96426101012054 994 6 5
99 901 99 98
240.6378311294479 5 5 4
6 238.55803278483717 6 5
761.77373068856878 6 6 5
5 761.09052027654161 5 4
990 770.63121249862331 10 9
902 98 98 97
990 228.63948994420562 10 9
227.47232762529086 990 10 9
800 975 25 24
97 97 97 96
10 775.23265590027256 10 9
11 222.30995597556526 11 10
778.02180749784065 11 11 10
976 801.61507926828267 24 23
222.4717843484961 9 9 8
196.48846085563153 976 24 23
232.86408919390936 3 3 2
977 196.96370531072785 23 22
23 805.56415767647877 23 22
194.32928978955553 22 22 21
809.13450587004877 22 22 21
22 189.39047569960877 22 21
210.57736659882744 3 3 2
207.11326498368967 1 1 0
203.71012130920238 1 1 0
996 177.78037921747696 4 3
833.16624790355399 989 11 10
990 832.59894603794203 10 9
165.5045940859722 990 10 9
989 163.66582063752801 11 10
162.3299318842443 11 11 10
10 838.07146910979088 10 9
838.79929981843145 10 10 9
10 159.72568175122612 10 9
849.41432471282587 994 6 5
150.01266070114252 994 6 5
994 851.0102051443364 6 5
994 147.41774382825611 6 5
5 852.21360473352183 5 4
852.9414354421624 5 5 4
145.24935232725926 6 6 5
5 141.04543109109048 5 4
997 859.49548651857492 3 2
138.7994974842648 996 4 3
934.64101615137758 997 3 2
62.882555781536041 3 3 2
59.200502515735202 996 4 3
4 940.79949748426475 4 3
4 57.604568792815584 4 3
996 945.25483399593907 4 3
945.25483399593907 996 4 3
52.600155390248283 4 4 3
53.543648266242819 998 2 1
2 946.45635173375717 2 1
2 51.947714543323201 2 1
956.5685424949238 992 8 7
992 956.5685424949238 8 7
42.715010882118847 992 8 7
8 957.2849891178812 8 7
992 42 8 7
958 8 8 7
8 41.286446891263523 8 7
41.286446891263523 8 8 7
983 983 17 16
31.488487920130812 3 3 2
16 984 16 15
984 16 16 15
16 16 16 15
995.17157287525379 999 1 0
999 995.17157287525379 1 0
998 998 2 1
2 998 2 1
2 2 2 1
998 2 2 1
