890 890 100 99
690 890 100 99
99 891 99 98
892 98 98 97
97 97 97 96
494.04082057734576 894 96 95
292.95875850293532 895 95 94
700.04167118877081 94 94 93
286.9578900704048 93 93 92
898 698.16673906749122 92 91
790 965 25 24
197.46006741242874 966 24 23
793.03629468927215 23 23 22
479.8309052902639 100 100 99
584.51391878588538 721.25852119265642 99 98
968 788.14451410110712 22 21
198.57237089446738 21 21 20
600.55728090000844 970 20 19
16 974 16 15
588.18688753871913 835.19933609469535 15 14
100 293.97715603592212 100 99
891 294.99746191258407 99 98
892 508.26149953998367 98 97
425.20656539730868 750.67224513790234 63 62
452.74856679178026 628.7442411388746 62 61
771.54133708523341 612.04353328757713 61 60
592.07871457864462 31 31 30
962 400.29703456128954 28 27
593.556339686147 75.975733724328251 14 13
564.69490750796854 977 13 12
978 820.64066771965099 12 11
100 493.97715603592212 100 99
99 692.97464345724609 99 98
381.44598455854651 24 24 23
967 603.21411930373745 23 22
756.33249580710799 979 11 10
166.47620064276941 980 10 9
273.2050807568877 393.97715603592212 100 99
294.01056165603006 655.63746938545262 99 98
627.39009663000593 981 9 8
697.96416666206574 468.83948309164123 100 99
42.715010882118847 982 8 7
790 785 45 44
177.610132475212 594.50410434919797 27 26
394.12085260297135 964 26 25
973 973 17 16
974 16 16 15
573.78839319219003 959.18684424053788 7 6
386.19861869739731 572.70760661613645 25 24
966 194.99484522385711 24 23
393.36184729550848 830.55912722136384 23 22
156.78908345800272 393.97715603592212 15 14
984 841.0102051443364 6 5
247.11906704678464 239.15945714875897 57 56
554.60657458043829 569.17120823533935 56 55
593.41877263855201 102.9753832647837 13 12
641.65461567296825 598.9476845539574 36 35
714.93987733622703 757.32369270116851 35 34
772.312856127533 707.04040038522078 34 33
20 603.98026161209816 20 19
166.82335516169229 12 12 11
640.80650449500467 985 5 4
370.80515885367714 257.23570381494926 68 67
177.21592596301835 194.40958713081289 26 25
25 393.97715603592212 25 24
361.87671894329304 802.76188468465671 19 18
696.67212295361765 586.83240924848951 18 17
979 365.19717701172107 11 10
582.66873708001015 986 4 3
473.17388321394458 390.44472855746284 100 99
375.04400641160726 497.19456358664729 45 44
469.11469772518967 530.09258246923787 38 37
798.45751454038054 195.33860187015671 37 36
24 793.5115391443685 24 23
348.88118184354528 553.43563456710194 17 16
980 633.54562107994366 10 9
480.46818694223884 248.63220043276087 42 41
16 16 16 15
710.99200880918772 682.63233442004889 32 31
311.14539067608382 530.80799516380284 27 26
342.91764945397671 767.54039005283744 21 20
519.67559037161732 501.67434651419632 20 19
438.84065599017083 209.69444668611263 15 14
229.09598550444707 9 9 8
29.856406460551018 987 3 2
982 42 8 7
371.49831475426123 338.2327379266838 13 12
195.58490692329048 154.24522798387781 17 16
553.5041115346728 12 12 11
983 347.64724823693678 7 6
2 988 2 1
532.08432537705596 284.75385949042038 21 20
308.96867106128303 200.3828342523573 16 15
11 360.81090813236813 11 10
762.70479291306594 10 10 9
149.85279241321516 6 6 5
200.94637431216853 792.15195113406025 43 42
564.23701493984913 486.73180856210161 27 26
595.39462538841337 133.91235153756162 18 17
14 570.5138605507351 14 13
598.39929339495325 218.85922887964216 67 66
621.93814726888309 554.08945371868356 13 12
981 760.00201954216652 9 8
813.35892260795038 404.74540926114025 32 31
573.49503002102404 310.94839214305688 28 27
24 195.997566324595 24 23
674.98217332710954 643.95072779338602 20 19
242.51239336944582 5 5 4
633.39009663000593 989 1 0
769.32898766266896 354.24427235597454 35 34
699.35050574560307 221.99813393299988 34 33
978 439.6757867420547 12 11
680.60781281672439 309.00222269768818 55 54
949.6761924206188 982 8 7
377.01054159751203 157.8962244890825 18 17
357.61167800391377 979 11 10
770 986 4 3
10 230.73160283255453 10 9
7 546.8921822572139 7 6
352.2288765836779 176.5206460678084 13 12
632.87024869378411 12 12 11
9 630.81307734209565 9 8
738.9897948556636 984 6 5
773.65924406316924 3 3 2
11 162.3299318842443 11 10
8 947.2849891178812 8 7
980 570.87140290997775 10 9
985 424.18385335722502 5 4
593.01293215902729 513.05568723138219 12 11
535.17380875484946 7 7 6
988 988 2 1
531.09748927478802 254.77009464163496 9 8
234.87520344979308 527.58786109215282 39 38
761.14515643316781 258.08242971385073 36 35
192.89084466505989 554.74138052214198 11 10
4 935.97128061889646 4 3
697.76659683028674 617.81308269070644 13 12
652.54430284061914 6 6 5
347.94969279831241 10 10 9
8 38.627416997969519 8 7
211.82158080428087 300.29649670023895 12 11
979 227.49099884240096 11 10
193.2771791803425 52.652454757041802 9 8
489.38027263405661 570.27101541047023 7 6
5 648.47745253467212 5 4
987 771.89643729183524 3 2
636.33436854000513 989 1 0
980 164.01097845419778 10 9
982 946.5685424949238 8 7
984 459.76407692805509 6 5
427.94392165354691 979 11 10
524.59080351059106 4 4 3
444.8946750690485 285.17703937081046 9 8
386.96864445570503 604.69834059226685 7 6
2 2 2 1
228.44393418208807 980 10 9
748.56265728933499 5 5 4
778.44312055475655 304.99490606341288 14 13
826.33417936247201 11 11 10
951.37258300203052 8 8 7
844.47770979023051 608.99631543554244 12 11
141.52318511141772 193.19608093646247 9 8
547.03138577531286 984 6 5
616.99779178459266 987 3 2
218.34091320920604 173.79424785484247 13 12
416.58535208689631 10 10 9
755.42817276668859 746.15686982553973 7 6
11 427.14340393947612 11 10
533.23265646187656 986 4 3
38.627416997969519 8 8 7
936.6407914337799 791.48281076669593 9 8
333.80755717458146 5 5 4
10 828.07146910979088 10 9
586.66873708001015 989 1 0
341.36360119464183 984 6 5
11 761.01538552582463 11 10
792.7407712392984 145.40891799894516 12 11
666.84534045114515 246.98641577029244 7 6
988 2 2 1
399.38318236966518 179.35467142450142 13 12
793.86656255401999 53.988879542067458 8 7
606.08774847304539 529.48886033807969 9 8
845.45736648953289 195.45657117870678 10 9
3 620.42077249668239 3 2
823.16624790355399 979 11 10
922.02041449876992 401.57482294354833 12 11
4 536.3091770129555 4 3
616.97851377462212 5 5 4
984 146.49742261192856 6 5
738.94119002492164 794.84875240468727 7 6
380.93500466063182 55.995920045279632 8 7
199.11616298077777 847.89833054270002 10 9
279.83342570727206 548.57202763933913 9 8
723.8117070143677 360.89086263850101 11 10
422.11147338590621 560.28718520130337 13 12
750.51065249496685 306.93841528356762 14 13
613.6047586250819 297.40089824778931 13 12
494.3502702463901 786.00044333006576 12 11
847.0131737732039 787.66167496510786 11 10
331.26548108723665 185.98299510278835 10 9
804.64441055360157 446.47152468586762 9 8
55.996256089694242 793.02205345233631 8 7
184.3580225463169 226.62744640784797 7 6
676.74279509708458 190.21934510723017 5 4
4 218.08249219188102 4 3
3 929.04307738862099 3 2
2 30.627416997969519 2 1
37.058156632626464 989 1 0
786.88373044729985 540.67399520637878 12 11
789.49712617308808 932.00383176921582 8 7
267.40430525574482 777.75252702408829 25 24
421.79252388600707 820.58894071599093 7 6
613.34773202871725 324.39967483727133 14 13
842.58225617174389 6 6 5
589.53153835343596 357.24990832238393 21 20
5 846.50280907742604 5 4
476.83352237463737 697.65661241262922 11 10
852.40202025355336 4 4 3
393.85984523538508 862.5552519562732 9 8
599.02518498240079 615.24709184009146 8 7
326.06159048216665 3 3 2
800.82808993207107 239.27469605605708 7 6
373.65350339530477 441.21182962909882 11 10
988 355.13056301048465 2 1
583.13665582930173 387.58314879389508 10 9
6 744.76730871655275 6 5
587.73941097604586 414.18793492457314 17 16
858.30286503422906 402.49996071277758 13 12
208.79475963858243 487.29132959612593 9 8
609.09632367130405 389.03078325497592 16 15
5 52.954568908909522 5 4
33.320508075688771 989 1 0
804.60206068413345 733.8994262257462 8 7
790 841.8232421182164 11 10
360.59880343898595 4 4 3
524.74501816807526 628.02940603845991 10 9
575.16509613618962 148.60133197302491 7 6
406.13311082521739 545.16462159987725 9 8
984 649.03755446477328 6 5
987 138.01214123768997 3 2
59.207843891257724 393.97715603592212 8 7
625.32494823059119 348.59773864522026 13 12
418.33665835908891 195.39108760005922 10 9
5 244.87373845628548 5 4
355.67194314090159 742.61393838903928 7 6
422.77153015599146 538.29708913374918 9 8
30.627416997969519 2 2 1
4 253.97715603592212 4 3
150.98426725793973 984 6 5
393.64269287713643 928.00317565011335 10 9
902.02095070211806 401.42837211080365 8 7
296.99055138953867 285.38537033011693 11 10
334.61629435617192 796.36897835577292 9 8
717.16427628660153 258.92603096373603 7 6
985 552.53338678234104 5 4
3 957.08294808901394 3 2
644.37990142100125 367.72648034223943 14 13
239.74868871478401 753.17272080558178 12 11
8 989 1 0
197.62793633494434 934.00044031514096 8 7
219.04650097527741 739.15774942501082 13 12
6 342.96695089158567 6 5
216.90267367429075 4 4 3
623.39431256832597 368.50433669560522 7 6
676.56347024966283 780.82372204426315 10 9
2 209.85397278514603 2 1
430.72748771062726 5 5 4
401.18331271465706 680.41652163782032 11 10
197.07597630477861 740.29618945549271 9 8
984 246.25323148476832 6 5
3 62.882555781536041 3 2
320.1718742693385 493.44634879005486 10 9
809.67349093714802 365.91993317391308 7 6
986 58.402020253553339 4 3
575.60945839089823 444.87774186893284 16 15
280.94401912665114 505.70946484993078 12 11
800.50801659900299 675.91110668960255 8 7
934.72135954999578 985 5 4
187.98198710032614 630.02064460350061 10 9
839.41432471282587 984 6 5
1 985.17157287525379 1 0
590.77001609016645 939.74344472645794 11 10
988 561.92713099997854 2 1
203.57980391330466 723.51226183295535 9 8
987 211.96540797233425 3 2
403.93624144622277 4 4 3
52.954568908909522 5 5 4
6 146.0818550749724 6 5
243.93586756691775 984 6 5
938.72347236135704 5 5 4
986 659.80008688098951 4 3
666.45595994127746 3 3 2
988 52.745166004060955 2 1
238.04025741444624 1 1 0
748.21632621243771 208.74841154055031 15 14
731.50413471617037 716.97258326562496 8 7
379.67417167748255 182.75392097924578 7 6
984 745.30508108546746 6 5
835.05141389782739 594.08607959117546 5 4
567.36051799522386 4 4 3
306.57689808749222 785.84622647725132 15 14
730.52823276042784 192.38480351933202 9 8
178.82335516169229 3 3 2
431.98473558043651 494.59584049211799 12 11
298.30578356392135 497.99136044374796 7 6
46.630013588572766 2 2 1
444.19199846281884 984 6 5
509.63793384978959 793.43598914387758 5 4
55.99343618223341 195.34946042787885 8 7
766 989 1 0
937.00011857159825 603.12977310149688 7 6
4 813.10745708663387 4 3
6 443.39148074874805 6 5
3 328.61817218729965 3 2
355.89212047740625 329.26352947816082 5 4
661.55698045571114 2 2 1
986 935.25483399593907 4 3
745.89433868661604 185.11274819327997 8 7
773.9936907171782 394.97804882481245 6 5
861.46387771782065 608.3106776771674 5 4
987 32.202041028867285 3 2
770.19514244803145 1 1 0
931.99861417861496 196.16369422444484 8 7
194.12405204948982 131.2916682809103 6 5
140.05483344208244 4 4 3
988 449.47374571318738 2 1
648.60517246303834 639.35424046148319 5 4
169.02414454719687 374.42383073119885 6 5
724.64101615137758 987 3 2
705.98010958827285 639.29652301516091 10 9
986 584.03079321048654 4 3
56.231737428335393 593.80370156093682 9 8
236.09380244152965 176.76660784395003 5 4
248.40126029218843 804.35989103493262 6 5
989 428.65598931222462 1 0
33.980916188064143 579.72054227031015 8 7
2 919.1424945589406 2 1
