243.11610183286581 95.631272621158871 9 3
260.7617274129604 101.53852146705599 9 3
255.26602734405606 90.870940637615575 3 4
242.4686390863327 116.62128910499833 12 0
258.33747880965382 114.57680241256304 4 2
265.16297707246031 84.084897160489973 9 3
256.69344549823546 121.38100364936862 3 4
272.05843607754974 95.105452732199183 4 2
231.39137712591221 86.275481337352247 6 1
223.20519195863488 102.30627584065272 12 0
247.66210127150831 72.251432226369829 12 0
276.28239726782454 106.95777301064865 6 1
277.20565065767192 88.981223632453037 4 2
254.41296238129101 130.08728854898749 6 1
229.70806072030277 74.394132681639547 6 1
274.98474276685403 127.75055043419657 12 0
279.35004540198582 79.213850844412292 6 1
284.48960830346817 110.65123845876235 3 4
216.93792402986617 82.26328822131245 9 3
220.4397503800493 126.14641704987021 12 0
270.7014618062841 66.958158216569544 9 3
291.54360165264143 97.413369376851179 12 0
239.70319750774712 140.46143031421582 12 0
220.80003522897843 69.850226669636669 4 2
257.66468217933328 141.63831960058715 6 1
209.28138842453649 114.67946634491973 4 2
288.34626795780298 79.474580064498852 3 4
203.71818767920868 94.479612169992976 9 3
293.73729721798384 118.29847650529553 9 3
231.13839128579789 54.845484728226147 12 0
203.01918984346219 109.70102593338611 4 2
254.47423898898373 49.23850586490618 12 0
288.69390691791835 67.479616656742664 9 3
252.42973427445051 150.15860835350884 4 2
270.12412670872482 53.970984382931746 4 2
298.40273858737737 78.913714243089828 6 1
282.44271513982841 141.90606695899888 4 2
280.04532332221663 55.223924028899916 6 1
246.47849236301559 153.84408250368008 3 4
270.67750624992476 151.13957726648698 9 3
199.74840897411988 76.922822684650754 9 3
219.7922876335162 147.13643353370966 9 3
303.80107527889061 86.114961424312128 3 4
230.58863483429533 152.37464764924835 3 4
209.27659589549248 60.165623990886665 9 3
294.16862388351751 136.293307910663 9 3
207.45195765898464 138.60905080982079 6 1
239.9852268631592 156.45894447869418 4 2
307.48360843957744 96.029106528821899 4 2
196.50958073202148 124.31694154672515 12 0
192.58344920511411 87.770096605250757 4 2
309.10561501908325 108.92752095293 9 3
232.60534624215339 158.02556572487245 3 4
309.6230457477746 87.565706012254054 3 4
308.24127958035223 80.703438000979148 4 2
226.70315193002921 156.94662999836734 3 4
212.13437962520254 48.510879371024572 3 4
314.18401247025298 98.05508427443182 3 4
309.53694168461692 126.92235235829747 9 3
238.78010997012129 35.285215416438469 9 3
288.53634595093166 153.38943160260283 9 3
183.7306889491291 104.00192432297844 12 0
262.38026622961115 35.328267431634906 4 2
294.23239165174215 50.352877712822227 9 3
197.59259121296441 140.28024597588916 4 2
256.42984907080313 167.21539030917347 12 0
309.51631726946204 64.754322699767314 12 0
314.95805876648132 78.732428776043108 3 4
253.23581922190783 31.281158720059988 6 1
278.37171209723283 35.851391759997753 12 0
203.39332116030596 46.367541573742031 6 1
322.04404549661803 107.66378966108071 4 2
232.42984907080313 170.76631206038593 9 3
200.29676116595039 153.45889727625007 9 3
277.65849509053731 167.73071329773097 9 3
321.31783262209507 117.63738554525796 6 1
188.58214164833183 56.596371490407847 12 0
215.58214164833183 32.784609690826528 12 0
263.70504543056614 25.416407864998739 6 1
175.72579085186092 81.091664387496436 12 0
326.13270969766955 88.927447179574472 12 0
307.15424871458129 48.929638433026213 4 2
213.56437953001867 168.1539593877126 9 3
309.37338159272349 150.77831198399144 12 0
175.53252370216128 123.33557598487121 9 3
303.62504988006117 42.884412582288974 3 4
181.8898674146883 143.35017517947895 12 0
298.02370103216123 35.839918911049715 6 1
168.8900812308612 98.022261911730894 4 2
326.42381455079061 70.929801278943771 6 1
315.11059961195122 49.76419244441216 4 2
200.41193110517443 166.4583871079742 4 2
328.84162443397827 132.35438034930982 9 3
285.98265067389866 22.925695879998869 3 4
164.4765690862163 92.588947035058268 3 4
298.21445876162966 172.02633403898972 12 0
283.8842945574637 179.14296202432379 4 2
163.57143140760724 109.88446929727262 9 3
171.0766706496976 63.702423997363326 6 1
292.87973845778868 24.121597256080978 4 2
324.89516247566974 144.74088260021276 4 2
251.70504543056614 12 12 0
244.42984907080313 188 12 0
337.8056156087498 110.41568130145376 12 0
161.89010817890323 98.002838424340212 3 4
191.58214164833183 32.784609690826528 12 0
217.37637028239178 17.892304845413264 3 4
268.42984907080313 188 12 0
208.42984907080313 179 3 4
172.69588056310138 54.849279965081067 3 4
198.22407770486308 173.10769515458674 3 4
179.58214164833183 43.367614935084887 4 2
165.9913576887065 134.90995074568207 6 1
275.70504543056614 12 12 0
289.44242305296416 18.02365802977214 3 4
160.7526821613597 81.989448405195958 3 4
325.26109278172703 152.73250915624681 4 2
220.42984907080313 188 12 0
330.68244369581294 53.440831103282591 12 0
172.95866626535204 47.854214298863724 4 2
157.79730049159841 87.21110706754061 3 4
184.42984907080313 167.21539030917347 12 0
317.08721352727952 33.662820165258559 12 0
225.84863897001512 9 9 3
322.32416308182877 160.17390982667544 4 2
315.67192560277431 167.64035051299064 6 1
343.9865690112253 91.216487941937345 6 1
158.74415630675639 125.34553376766085 6 1
172.63628753970775 156.40280937711719 4 2
157.65326869325082 70.396621478440551 9 3
342.22418466621338 129.11482198098329 4 2
237.84863897001512 4 4 2
154.75290227499752 82.040842132476115 3 4
256.42984907080313 197 3 4
344.27767386434635 73.21884204130663 12 0
263.70504543056614 3 3 4
153.25282385114244 118.21494698521997 3 4
232.42984907080313 197 3 4
312.64605677560337 176.11644146582705 3 4
289.21445876162966 191 9 3
203.58214164833183 12 12 0
337.4344977828307 148.17090738942144 9 3
330.23706995210762 158.99666522070203 4 2
160.89168852005838 52.690333413876033 9 3
161.74969491724565 149.2977336510919 9 3
344.01490330090519 136.911829533331 4 2
303.41785835166814 12 12 0
196.42984907080313 188 12 0
154.08472892237788 136.40400275978195 6 1
149.47821399319866 79.181180696247381 3 4
147.76149139552848 111.08436020277907 6 1
352.07040578454939 115.8634226286957 3 4
327.6293196465561 168.65066119873597 6 1
352.90521672308188 86.693466496952198 4 2
289.56145189111714 4 4 2
208.42984907080313 197 3 4
143.93699142842209 93.495352271641977 12 0
167.58214164833183 32.784609690826528 12 0
356.7382326949201 99.115543157464046 9 3
307.21445876162966 191 9 3
319.40801324576381 182.26402672609106 6 1
349.35649215632253 142.86728321039718 4 2
143.74537480788791 125.53672359270524 9 3
358.67784915028795 113.55221251956286 4 2
148.50143974659244 56.625017051937157 4 2
163.18669293263855 169.14359353944897 9 3
358.21838418380736 129.54561403220478 12 0
179.58214164833183 12 12 0
149.27845601832212 49.668276025172737 3 4
341.01308852020156 31.778010938024039 12 0
191.58214164833183 3 3 4
145.34086137992392 144.63337254257675 6 1
151.54499905984957 40.958351648870526 6 1
354.60831868873498 51.556021876048092 12 0
344.30007578448146 165.86077253423898 9 3
138.41508310370057 67.7470928644113 9 3
351.8766170803363 155.29687069863837 4 2
147.62195182221436 154.36972845195532 4 2
135.92289038574071 79.485447751555739 3 4
361.30981928096787 66.084954727854608 4 2
327.41785835166814 12 12 0
172.42984907080313 188 12 0
315.41785835166814 3 3 4
184.42984907080313 197 3 4
132.76270989666 111.27555002782346 9 3
165.78791301427188 17.892304845413264 3 4
358.19466882903527 147.54559840947434 6 1
321.91139721832872 194 6 1
366.78971781578099 77.873538699144504 9 3
134.20712330334143 140.15678048588262 6 1
149.9712899762217 29.061989191375076 6 1
126.42969774895396 97.678015062359762 6 1
144.10787573305157 35.889900542073008 3 4
338.88195996680588 188 12 0
374.60324340376854 112.00889859452793 12 0
155.45928632232599 182 6 1
156.61157889985469 16.392304845413264 6 1
342.93675649752265 15.894072461908316 4 2
127.72731402448476 130.05667792652002 6 1
125.95023063754478 121.15432152756597 3 4
144.45369357469977 171.2366903748979 9 3
358.86694783375731 34.067051700386905 6 1
134.64541185282295 155.15037589016751 9 3
133.12888864164427 46.992592282281542 12 0
353.52231892424703 175.02320842602271 4 2
162.61157889985469 6 6 1
354.85918761078312 26.008648757176267 3 4
373.31526455529644 61.098043482895321 9 3
141.11924563827239 30.687200266583346 3 4
125.91770957728927 64.167196924393778 4 2
376.21413574896678 129.9366710677657 6 1
120.81442585783191 116.39790383515518 4 2
120.92335225964619 79.367736223501055 12 0
146.52443930678052 20.748192197066579 3 4
377.44978926256357 72.363286731267621 3 4
372.89554708895702 144.56496451934967 9 3
365.22737503902556 164.11487851948405 12 0
142.06485747147067 24.762183957667787 3 4
118.48638431717251 106.6726674583382 6 1
380.15591621344942 79.13745706878592 4 2
344.38842110014531 6 6 1
145.99485655782505 183.1373129073306 3 4
155.45928632232599 194 6 1
133.16451055636401 167.05864744191447 3 4
146.76543804938768 189.08762417354694 3 4
133.76628078792709 28.346824954693336 4 2
150.61157889985469 6 6 1
366.28470569899144 27.360572128155496 4 2
383.39368815356283 136.89756377414031 4 2
132.42405990813452 173.01278321778796 3 4
375.77444511508588 40.242530279563361 12 0
128.34550419888276 32.775727885631092 3 4
389.60977866308542 92.045767755446761 12 0
350.88195996680588 197 3 4
116.68351664310329 144.27056336995145 12 0
109.92710391235561 93.618438742489687 6 1
361.35898384862247 12 12 0
145.66132735119328 196 4 2
384.13161824557778 53.886490748099774 4 2
107.62195659703006 105.02520987997771 3 4
392.30280356836687 108.4479253210439 3 4
362.88195996680588 188 12 0
384.34484342045766 148.1585161766221 3 4
390.34072517557684 71.058492629888491 9 3
126.90691091382344 26.95074296202981 3 4
381.64967967750334 156.7454884252476 6 1
107.05703441472612 85.088333169943894 3 4
111.46068669968145 57.311944229100646 12 0
373.70737429937117 24.376616557283747 4 2
133.64101615137756 12 12 0
105.68837558455201 122.93732936517478 12 0
103.66700566538108 100.51318559721406 3 4
131.80492089064225 188 12 0
396.52075566300454 122.84267714687756 12 0
118.2096907221088 168.22198906197596 12 0
377.40685632323425 177.36856614397598 6 1
100.88838993403199 106.93808206466778 4 2
399.16435029494238 107.0625818549603 4 2
383.25401745785308 169.25618630413842 4 2
381.64681060367957 25.35913941698189 4 2
100.35440962580819 75.134699615357761 9 3
113.3579667341251 33.387054919619999 12 0
396.51830443905391 143.84267700381807 9 3
386.81130318738769 30.084392463414844 3 4
405.19977369903734 110.60851816760086 3 4
402.64604570988922 66.865750502374652 4 2
376.35898384862247 8.196152422706632 3 4
94.046222035355157 111.08352998332703 4 2
104.05734968125562 157.09943346250233 6 1
373.35898384862247 3 3 4
406.32550187156619 79.334174715333461 9 3
399.95008770645262 50.697861558654054 9 3
116.28602274478772 184.10592753809169 4 2
395.4170520269185 163.37603306059736 9 3
389.40469698640385 177.14092734852704 6 1
89.439680608924846 95.761004862232227 12 0
93.969499142590763 61.561456888533037 6 1
411.60430204011601 99.640435974604884 9 3
383.66656965763241 191 9 3
379.35898384862247 3 3 4
119.78460969082653 4 4 2
90.297224718106364 127.30911103931057 4 2
102.2613871906145 166.93683752720406 4 2
92.710823520813008 143.12601784246183 12 0
411.45890084741404 124.20349250889529 3 4
104.22813658610984 173.65486527463997 3 4
412.87109943100307 115.31497771954442 6 1
114.83435814216512 194 6 1
87.87209280355242 70.510380154374147 3 4
400.58762986835666 32.269286702269014 9 3
391.35898384862247 12 12 0
412.78234703017262 136.13028965655155 9 3
398.73978240153338 174.90683801331474 3 4
83.959629850066719 78.615479391126399 6 1
91.689764792162293 43.70640686643911 12 0
107.78460969082653 9 9 3
81.749836450249859 115.30240442355567 9 3
82.941597488804732 130.4547028856181 4 2
411.32944910117175 154.07155738232569 9 3
419.82912376031004 108.37841672939169 3 4
407.33246695587877 165.38633240130903 3 4
418.68344909273026 124.61264971090613 3 4
405.12020154707324 172.02755832435986 4 2
417.80626853809389 61.750318575432118 12 0
413.50400601141143 44.272030983350803 6 1
95.113845296871631 22.987437956349261 9 3
394.05887450304567 197 3 4
97.86379539368798 188 12 0
406.81342933528305 20.857037975676207 4 2
423.48386864533774 128.21209023950826 3 4
426.38260932640014 102.20980043924618 6 1
75.580368144705091 127.32224338171922 4 2
73.009214931754983 103.1121814776689 6 1
85.86379539368798 167.21539030917347 12 0
426.8003087825453 84.001323947800984 12 0
95.617107879090028 10.997995651832387 3 4
75.672299619754796 137.32182080298534 6 1
74.828364496281964 63.103548723450956 12 0
428.05394548050401 117.11639748417852 9 3
406.05887450304567 188 12 0
424.01674321618827 146.06952213877256 6 1
83.974573030977254 29.689423735674396 4 2
75.810471965806201 149.32102529339997 6 1
95.784609690826528 4 4 2
418.05887450304567 170.76631206038593 9 3
67.529164172896856 85.966656006563085 12 0
425.44585606613146 45.451953553091606 6 1
73.634151430297422 45.143207547598209 6 1
432.11505976639461 68.909822300195714 4 2
425.82399825414888 157.93265112010653 6 1
82.159572001625421 21.898032892990926 4 2
421.143593539449 27.973665961010276 12 0
412.143593539449 9 9 3
63.163975872622949 101.35967816282439 4 2
433.92127541141076 134.13328437578963 9 3
431.47345359224852 53.431180837932381 4 2
433.79254069949695 61.087670568154323 4 2
83.784609690826528 9 9 3
60.451909583756176 121.01946457801509 12 0
85.86379539368798 197 3 4
74.915088915960425 18.504293830907088 4 2
442.33220170703146 121.71328764271293 6 1
444.3102371528397 103.82230176224434 12 0
418.05887450304567 197 3 4
68.082982916259581 31.208196671077339 9 3
439.26371175605959 55.251037354577242 4 2
439.78860534231751 151.15017126740074 9 3
73.86379539368798 188 12 0
54.761445324294726 69.293763174092462 9 3
52.593865573303788 92.097048963138221 3 4
445.26586667248483 130.22173108851848 3 4
53.304990980759285 81.20504944994012 3 4
445.55252194186573 66.628685022127016 9 3
55.29981021480662 146.0674832744736 12 0
449.38701749623135 84.351600460932545 6 1
430.05887450304567 188 12 0
55.917711207275588 48.325619498319575 12 0
48.867404580345308 103.50377892697794 9 3
450.31964927268081 117.56591722448377 3 4
61.218217394183824 170.33429590889014 9 3
439.30203064121025 169.143593539449 9 3
442.33788875702669 39.234298724321704 12 0
446.23771081377492 54.648262817137251 3 4
430.143593539449 9 9 3
448.19953163793821 138.73017453432402 6 1
71.784609690826528 4 4 2
46.605798551104428 91.718825037865727 3 4
438.03562623034429 21.756011132240374 6 1
451.91340883637992 127.24959092196706 4 2
46.949683067008102 129.60374550832168 4 2
455.22761421565235 76.23449321998217 4 2
53.097522056479058 30.547921864662694 6 1
50.464723382287843 161.31943184906575 4 2
41.183133036215295 94.286839584871274 3 4
458.79557546699044 111.66887827576147 3 4
459.88644749809106 105.76887842730703 3 4
40.722498214848592 80.916059106214249 9 3
454.61452724900812 148.87156651520877 6 1
451.54093283979603 160.47126553749638 6 1
459.4237269566749 120.64693072080807 6 1
57.928203230275507 12 12 0
39.558170964421159 118.90956256443528 9 3
61.86379539368798 197 3 4
447.73901605887056 24.1734945004671 4 2
41.209086546547141 58.701377812284449 6 1
460.35485170317514 132.61075146112572 6 1
457.60792416135757 52.793217965814222 6 1
447.02943725152284 182 6 1
38.416478195157843 69.13971537529396 3 4
456.66727533259444 43.842509626194023 3 4
462.56668294676348 69.441992196056816 6 1
40.299861409321444 146.1066729775068 3 4
442.143593539449 4 4 2
453.0496390073543 28.733898418875874 3 4
446.143593539449 10.928203230275509 4 2
46.218267401285487 170.37302846043571 6 1
39.924285941131259 48.784256889137296 4 2
453.98314005951789 172.22012181783015 6 1
457.55187384779299 37.9080774320487 3 4
467.21539030917347 86.831342956182255 12 0
447.02943725152284 194 6 1
45.229971678999107 24.375268378696138 4 2
49.86379539368798 188 12 0
37.930587928636641 157.87045396721092 9 3
465.86361495604228 140.95662034482265 4 2
39.052124246964041 35.813546269467011 9 3
31.975285823652769 135.58156668124249 9 3
470.76631206038593 110.83134295618225 9 3
470.25026201736324 125.82246340640532 6 1
27.973665961010276 101.39387691339815 12 0
469.09732524557035 134.74830996570981 3 4
461.17481467248479 31.918561610149457 4 2
43.962881101237514 17.49090337764137 3 4
450.143593539449 4 4 2
28.70619260430551 124.03153148971992 3 4
468.60824667092788 57.588309694388442 6 1
27.871252173953017 82.877047427537406 4 2
466.63667314593977 155.67548362856283 6 1
37.233467034384006 169.85018778974623 3 4
26.653353996521151 117.33930811849345 4 2
472.31619253245753 71.66619156627057 4 2
38.502359727166422 176.73422086158743 4 2
26.444246868085393 69.95560571784317 9 3
468.60155311875474 42.58831118784321 9 3
45.928203230275507 3 3 4
466.86431194138868 167.67332429173246 6 1
27.011970461213821 147.59678622201568 4 2
39.65545961582319 11.973103077975658 4 2
35.753987650575112 21.180628071391823 6 1
475.81065563285193 62.985096251701613 3 4
26.280000000000001 50.039999999999999 9 3
35.673859726505185 183.1373129073306 3 4
20.343603687767231 88.479460561644842 3 4
20.343603687767231 114.30829326515145 3 4
20.035160896487298 81.265938029878242 4 2
464 188 12 0
464 12 12 0
39 4 4 2
471.05444980797 28.956636760987237 4 2
479.143593539449 141.87245806547955 9 3
34.903278234942555 189.08762417354694 3 4
18 125.09081537009723 6 1
22.631433856024024 156.58627447500274 6 1
36.007388933136966 196 4 2
477.14092734852704 161.477262980402 6 1
25.414486988825715 174.31601278235675 9 3
15.40908597159809 63.08354460136308 4 2
483.00637104260284 53.381884302469558 9 3
21 36 6 1
488 98.831342956182255 12 0
477.84610922653007 30.651736269064568 3 4
23.687253933193773 23.95294044989533 6 1
488 122.83134295618225 12 0
477.36856614397595 173.47510364357163 6 1
488 74.831342956182255 12 0
477.07963233703225 23.693826153385743 4 2
14.282201239234141 56.174844955267218 3 4
27 9 9 3
482.99967749042969 38.381885795924319 6 1
9 92.393876913398145 9 3
9 110.39387691339815 9 3
12 142.06137811857437 12 0
485.21294904153967 155.57451228369004 4 2
25.294003254646121 189.3155288968785 6 1
9 74.393876913398145 9 3
490.03457551028623 148.98206957119132 4 2
484.10592753809169 27.518898145854532 4 2
6 125.09081537009722 6 1
476 197 3 4
476 3 3 4
9 45 9 3
16.937253933193773 18 3 4
494 139.80190570465939 6 1
497 110.83134295618225 3 4
6 59.696938456699073 6 1
497 86.831342956182255 3 4
9 162.8459878094009 9 3
496 60.974936495631241 4 2
491 167.21539030917347 9 3
496 52.974936495631241 4 2
494 43.176977524498525 6 1
17.856406460551018 196 4 2
9 27 9 3
497 148.28718707889797 3 4
496 155.21539030917347 4 2
488 12 12 0
488 188 12 0
10.928203230275511 185 9 3
494 28.970562748477139 6 1
9 9 9 3
3 173.23829265481416 3 4
10.928203230275509 197 3 4
4 196 4 2
