476.5417870669167 513.26515471448738 32 11
511.20836810265047 490.56354263629891 8 2
516.45611397267669 501.35525998265405 4 8
494.2835703625949 481.94057769437114 4 8
504.3654648994351 480.70582100544402 4 8
509.24883615348949 481.77945278360403 1 5
516.10736970099958 519.14432734552656 8 9
497.11493338907803 474.45837324566327 4 8
526.59792602285768 494.94092850238241 8 2
509.76707137092382 526.87741321635701 2 7
528.10547589093869 506.84585577621522 4 3
485.11781686802544 474.19532347796303 8 2
531.7223224850228 502.33961493299631 1 6
528.51364017442074 514.83543661113322 4 3
527.38297551746473 523.25050725776816 4 3
532.39321560248675 526.55164256102967 2 7
529.62550884192967 455.05567129782548 32 11
489.64118179793809 456.17531000701825 8 2
454.51042441546338 487.36884108261791 2 7
462.07111043668539 467.49835978778015 16 10
479.65546876774749 455.64095499517566 2 7
486.40705996385577 550.92774507895842 4 3
521.54172711274521 558.77345501093703 32 11
564.0400497498922 509.01528002596746 32 0
477.37244993066298 445.90505108287675 8 2
492.40112099605091 440.41514707566756 8 2
449.79985902182244 534.26204220837565 2 7
452.17986938065462 539.76981405294691 4 3
436.52058431376008 486.76414850357662 16 10
458.61233777919745 447.79970776019678 4 8
465.83794751768681 440.54860840998924 4 8
470.84092798957636 437.23648123883601 2 7
564.16879339449304 473.01551023400941 4 3
562.10130887875653 465.12157473308844 2 4
438.52594407305543 462.84807582774209 8 9
454.60331667745447 444.81177372381319 1 5
446.68108977393848 449.0824084411833 8 2
466.99342282388966 432.63249340218675 4 3
477.96231120287325 427.7659250291544 8 9
455.22060796544878 434.95646205706873 8 9
459.63041295005468 574.99039611117632 32 0
499.67691757854851 417.54458118651399 16 1
434.9082749154976 451.40637709606528 4 8
565.32738613905644 548.99455922183506 8 2
423.04811553238278 466.90231110280189 8 9
428.52064338476629 456.22282427501437 4 8
418.15297865187472 478.85016958968777 4 8
414.63047290422617 529.48209581472668 32 11
463.37575366633189 421.19079467050994 8 2
575.75486052309782 543.05589119186732 4 8
412.68045079949127 489.52965641747528 8 9
476.36326235838294 411.84603046942397 8 2
582.98334623858318 539.62821059691328 4 3
428.96090286493978 560.31452642181762 2 7
589.27636052252819 534.68878034413478 4 3
428.47374191987132 564.11556966120793 1 6
529.90935669255146 407.05651057185344 16 10
510.79187903462474 403.38627507914578 2 4
594.32313723745415 528.48152291515044 4 3
593.56317123275039 452.23160897602213 32 0
499.65161570321129 601.49140232208708 16 1
560.01564120627802 417.90140027984711 16 10
401.49955879678129 478.08467262440087 8 2
424.49574580116519 567.14468617919783 4 3
523.49174921748011 598.72589440818842 8 9
485.12583805618846 398.45882511728911 8 9
481.661775601508 600.8867097430458 2 4
397.17835808743263 493.49010103225515 8 9
473.26087490825506 400.25399906378635 4 8
419.0150563626587 564.70295661214016 2 4
602.5689795506463 519.76337606240872 8 2
547.45337938828629 403.03068548231693 2 7
610.54464761123745 497.12737113690861 16 1
390.72706215648981 483.37176219569704 4 8
517.56969065407668 610.3763665907361 4 8
388.31249355400843 488.86447176966061 2 7
477.51709431111266 610.76841492004803 8 9
505.7102015465689 386.11848558809089 16 10
485.71334763076936 386.47321572519826 4 8
614.19512901598262 516.79139884014398 4 3
512.65406404343935 616.68799197765463 4 3
496.80577501272927 619.77556842637921 1 5
583.60683054224637 413.49052896972114 8 9
530.58799932237912 383.06610740348253 8 9
461.58043505478963 614.94283550842772 8 2
487.17407069086522 378.60770314548012 4 8
621.60978396934377 513.78758594274211 4 8
488.26684441350898 622.61927449798713 8 9
374.6092701510695 502.98108960381603 16 10
504.07649286688411 625.07996866441499 8 9
554.35444893777765 386.40614822340103 16 1
476.26713746029174 622.70313770154098 4 8
575.59193778818121 399.64273152244334 8 9
386.94634932473667 556.8569679409776 4 3
491.60057468787369 371.94391575657971 4 8
473.42094463786617 627.98510574551597 2 7
587.34053827290415 402.08616898846719 4 8
538.57837848287591 374.11323965781025 4 8
464.03650233006556 626.68880220084259 4 8
478.98645032982887 630.22678957530343 4 8
437.74030154052082 617.70834342232638 16 1
494.79609878320406 632.6874837417314 4 3
456.10790720240618 625.62232233621523 4 3
397.71909878736415 591.20733721141573 32 0
634.31109722663609 500.46741195682699 8 9
634.98973985646364 476.47700878845609 16 10
586.26553478885967 394.15872504295157 4 8
501.64003124548793 636.83001780335326 4 3
499.52201103983259 362.9299906336455 8 2
615.44447886492424 426.208381345573 2 4
593.6684043747756 397.19146668937009 4 8
358.83703181160308 511.65498709935201 2 7
357.27021194294036 498.14817532202818 2 4
613.05549121778802 408.36762076700376 16 1
487.67453689932762 645.73160681256923 8 9
350.76913663680068 505.74659751771469 8 9
649.54081937882381 495.56276485768092 8 2
463.71971640790821 647.20353589505646 16 10
352.71915874153558 545.69903691496609 32 11
444.59139327568613 641.36339427440225 4 3
415.17121360415763 627.19933199388731 8 2
651.58597619030422 469.50815382143958 2 7
494.07519068686094 655.88205661009715 4 3
654.06711048346153 467.82174562076017 1 5
498.96436379033747 659.35998506885551 2 4
362.58443163847471 583.36162727943713 4 3
532.18677069757882 338.37464235232642 32 0
483.27640882181436 661.11524973009011 8 9
408.90533397867074 634.99283906829919 2 4
619.0809948427559 388.02203473559757 4 8
494.96472924343351 663.83244786816556 4 3
336.04709299389862 513.79226296794241 4 3
399.66912089209899 631.15977660866713 8 2
654.48205984150127 432.61302057943772 32 11
666.89160964201301 478.98114620198817 16 1
625.05861396630326 388.5397891308474 2 7
597.48598639542229 359.21829174688878 32 11
634.64264686920626 397.87978443716713 8 2
331.30115197115015 507.35207323404535 4 3
490.65945872373095 670.57519550931158 4 3
624.90898251854378 382.54165521855089 4 3
325.30129263806435 507.31098816153536 2 7
324.56631881659121 517.28394226158764 8 9
394.19659303971554 641.83926343645464 4 8
487.26901009376974 678.40983366973342 4 3
646.63593364842541 397.47844638588401 4 3
567.97509480822237 334.47645593406304 4 8
467.27787063419834 679.0051009273302 16 1
375.82898737783017 633.92528452256579 16 1
420.52458894772184 668.13630837502797 32 0
316.97344284721294 510.77639014780186 2 4
316.69514414049792 521.6479552334323 1 6
654.58900306132068 396.6131794249585 4 3
388.83143571805817 649.12187417813334 4 8
315.68214874760059 530.59076465407679 8 2
485.90301510367573 686.2923496187841 4 3
324.40929027703635 567.10662797368843 2 7
325.03503516204614 573.07390904121689 4 3
643.08734313652269 374.20215851654814 16 1
690.20526486217864 484.67969691907803 8 2
308.60018754655266 516.24343648654497 8 9
487.48467508729993 692.08012567666697 2 7
335.80778462467356 607.42427831165503 32 11
481.55699699846531 693.00890577720213 4 3
476.21851871912304 693.46417461209762 1 6
357.82981039638116 634.09741235435263 2 7
693.27812396066827 460.87722778327554 16 10
380.25386454150299 657.5138508648937 8 2
303.88822782823951 528.37639581671999 4 8
574.40673344016614 315.53882079901814 16 1
516.25759598980324 301.68320747810594 8 2
485.54599597801467 699.94344881486177 4 8
591.69877491052489 320.53735076165657 2 7
682.55810078617253 413.43657865521357 2 4
701.81913726154414 478.96178173946316 4 8
473.74457167552174 702.11747375320306 8 9
687.09332829232892 417.36490036650486 4 3
353.69446598573154 643.20229712052674 8 2
364.44421608812786 655.05315669846584 8 2
707.06014476515998 485.00593927770137 4 8
484.28991748978939 707.84422515845085 4 3
382.6241753734497 673.73476238340584 4 8
613.1987993165244 322.43368205606225 8 2
513.78117845267388 289.94151440675552 4 8
598.27222679308022 313.00145464057516 8 2
450.05678855538775 705.97609149191408 16 1
288.37416014098125 521.99008190682855 8 9
702.42194311524929 430.21143949619056 16 10
712.98737057704818 474.57195661646955 8 9
383.74491908337865 681.65586922125715 4 8
290.80784457884505 561.91597801520538 32 11
481.11792817595534 715.70592396005145 4 3
513.93411000473645 283.94346372837811 2 7
338.24146906253731 647.35017442003186 8 2
469.78322711168346 719.64604474292014 8 2
348.20558069570461 662.18189726668732 8 9
278.32892777837873 515.42553266249172 4 3
704.33311249072347 412.31318730168147 2 7
327.30721589642064 642.40627841594073 4 8
690.87187078897944 378.74516600406093 32 11
298.25838814824505 597.13656007343479 4 8
481.07562671657092 723.70581212092804 4 3
611.85290309810068 304.54183106158206 8 9
363.78187727760769 680.44056602409114 16 10
620.64877385600857 309.29921034120446 2 4
399.98384587242987 702.45944742020924 8 2
383.81588104603401 693.65565940275019 8 2
320.90411862012706 637.98374066989891 2 7
547.02120455087766 276.11759799385965 32 0
725.88014704980981 473.40881391953957 4 3
710.31397844549019 411.83439462096021 4 8
272.92116321778701 526.13795920633368 8 2
652.9116122376264 327.21829174688878 32 0
724.40738522164963 453.46311331521099 16 10
728.59945991934694 480.93246579330201 4 3
326.6296166978031 650.37753047104684 4 3
593.09885054760719 289.56566623431979 16 1
419.71028442872563 716.12940067121519 16 1
476.01448098834766 729.90135922491231 4 8
256 256 256 12
744 744 256 12
623.84868601805044 304.22372394527974 4 3
483.91055503485273 731.18666644581663 4 8
373.95082328280745 695.29292398985979 2 4
310.93348045591807 638.74949167278373 8 2
394.8486601036069 711.04023218150451 2 4
399.78026974268084 714.45772049425602 4 3
315.53697832196855 650.06048050086417 4 3
262.91586252949787 519.51270765360596 4 8
737.87985400302705 473.32495071598566 8 9
400.71950876609634 722.4023935559303 4 3
307.60171168359545 651.07612974047549 4 3
517.1985133812334 255.95309722146212 4 8
255.71313560533059 516.03122451335162 4 3
407.34104140353384 730.16810550354512 2 7
624.65255174626805 284.23988547788321 16 10
264.03119756504395 585.97862904742328 4 3
250.78664182568841 535.41497180429474 16 10
300.08667985022583 653.81917486286079 4 3
401.90904340586451 732.7163201242779 4 8
252.18456463155505 553.36060670052609 2 7
412.18217276271935 738.91815962698411 8 9
644.11823847216874 288.83194822670265 4 8
273.89647046198303 623.64121941189444 32 11
521.9628492988478 244.93941921345186 8 2
531.93782426337623 245.64643721678038 2 4
726.83089496131674 380.46230914697526 4 3
755.75119097547235 477.72559933774846 4 3
449.24248403639143 753.9691837881013 32 11
756.12176573228726 457.72903277372023 16 1
241.47497356082482 517.71489174444378 4 3
316.11146648491604 686.05589636664672 32 11
746.29749663118355 410.74516600406093 32 0
293.3629955049891 658.15415684963057 4 8
400.29386080232632 740.55157284242478 4 3
700.69613989008315 331.76129923440158 16 1
760.94415026826505 483.81108812529857 4 8
644.36069723032858 280.83562321138521 4 8
712.32013057092865 345.50476461441463 2 4
565.4625767686299 245.19971011764284 4 8
658.46468848760026 289.34115110333624 4 8
364.0657251282293 728.43972675006319 32 0
652.22008614597655 284.34065696825445 4 8
763.61785850633248 476.27110906314658 4 8
626.2238057199155 266.3085954810565 2 7
516.47182375864043 234.26943146665525 4 3
666.16950809673097 291.49423140624071 4 8
641.44985271103883 273.38398015870746 4 8
765.74234146026242 471.74489959180517 1 5
485.09701511534638 767.85884359764361 4 3
690.1954886186154 310.18037425712072 8 9
769.48110718052112 483.17129795253851 4 8
230.50608518184126 522.58146011747624 8 2
683.94093291912009 301.22801273532423 2 4
282.81905522463069 663.88349567398325 8 9
678.05566777373667 293.14323356898115 8 9
635.62269221721169 262.89378470870844 8 2
646.7484289023364 267.39022588070986 4 3
601.34390977095939 242.27910367788715 32 11
226.94650831141956 538.1804797181934 8 9
485.9536041228277 775.81285235249561 4 3
775.01819769160761 472.52514237073171 8 2
475.57165285609472 775.48138658706091 2 4
689.0164193150448 298.02810057328236 4 3
777.40309956561816 484.28576493296629 4 3
401.68923619481933 760.50283664986375 16 10
718.20634934938516 327.59085984611534 2 4
418.16318765656348 767.75603754575081 2 7
228.89653041615449 578.13291911544479 32 0
697.13581723579341 300.39100049341243 4 3
242.34166846932487 610.98047412561141 2 4
706.09342747513131 308.37606272235649 8 9
220.00617969424158 528.39110595448506 4 3
646.72319841645879 258.33541195952728 4 8
667.59104640951864 271.54481465222818 16 10
215.39916340764137 517.31069978255255 8 9
702.94374975480707 298.88503905480127 2 7
238.76180331309357 615.79550947991584 4 8
719.5925718494035 316.9651896373901 8 9
652.72319824214753 258.33685824270941 2 7
215.39546821193642 534.92879206097098 4 8
216.6189313308748 544.29122056615302 4 3
746.29749663118355 346.74516600406093 32 0
640.95966157923056 247.81012606669216 8 9
460.05990371976469 786.20244970072281 2 7
788.82591113822775 480.60889455496067 8 2
762.78991913365417 378.74516600406093 4 3
544.87756145747096 212.15350811298907 32 0
233.28111387458708 613.35377991285827 2 4
652.05796892263095 252.37384977781053 4 8
456.19946024957875 787.24981602321884 2 4
382.47408321304459 766.05061962029379 4 3
252.89169150084192 653.64236138913884 4 3
768.26574690574762 384.7952916329948 2 4
717.64446757461451 305.12437506513413 4 3
713.03375609230932 298.58668895864821 4 3
578.51880970755349 217.07960354206094 2 4
476.5338551815089 793.45565059660987 16 1
209.44827072258317 547.83827940985645 4 8
782.25652080352086 412.46230914697526 4 3
698.35761335743553 280.34358492081384 16 10
386.18557344858743 773.13756820423805 4 3
581.63628236048567 214.57333854046593 2 7
636.88100240373024 236.52453616938917 4 8
316.39531433553765 734.05505709261877 16 10
332.55197757730235 745.84328142422225 4 3
244.92585557718701 654.38091269907534 4 8
510.78658914517462 200.58607076488795 4 8
416.36328259914296 788.94000180611226 16 10
203.23801800039385 552.88136984395931 4 3
357.04725912894565 765.78299305985695 4 8
393.12940080279111 782.92446054425147 8 9
676.93224045190937 253.86029899975966 4 3
804.6971783984734 482.63445017104573 8 2
801.72312247338766 442.74516600406093 32 0
687.89299199321749 258.74516600406093 8 2
445.65030742002148 801.83458117657813 16 10
196.40033789671583 548.14464034507068 4 8
631.03688614035059 221.81629657476208 4 3
192.88864427994767 528.45535371650158 16 1
286.16287522153476 723.56698647795804 16 10
209.36007723034959 605.95965081212182 2 4
252.21167540679386 689.63593828991145 32 11
639.0318929195214 222.09890337052914 4 3
492.87231453004193 811.34155916298505 4 8
512.47132907351136 188.70492387690328 8 2
623.95920403216905 214.16204605535631 4 8
319.15325021228756 753.86398916125222 4 3
606.64133633615836 206.67099685112194 4 3
187.7277836317096 509.13268523180545 4 8
811.50341545572121 475.3081184067488 2 7
193.10284789851005 560.27760360924117 8 2
614.37445147427411 208.72012599801471 4 3
714.14345781141981 271.6944742801403 2 7
384.90960044347901 791.66716504875421 4 8
365.68299675629549 783.82250623598156 16 1
337.31131994420804 769.0222374927979 16 1
188.40280950507071 547.94579461383648 4 3
195.45398362085962 584.26448203565621 2 7
779.75487219882359 352.7952916329948 2 4
816.18184050976674 486.80561098522099 4 3
394.51148118529665 798.86465671043129 8 9
589.95145550065968 195.65065757790296 16 10
818.44112871230755 494.47995895868814 4 3
211.98515629929244 639.85816051213374 32 11
759.83300641335018 315.55558481198864 2 4
569.76274547700405 188.98612551775457 2 4
624.30231089807103 206.1694070869948 4 3
635.4340558933286 210.6509529542775 8 9
295.41608506673634 745.71146903142187 8 2
180.56774396253459 512.70113474606796 4 3
404.70749917069037 805.19246970083555 4 3
188.96851655006509 575.7342301590827 8 2
432.99688060010948 813.18758913540262 1 6
307.40464972756462 756.30742662727596 8 2
412.24630433924688 808.51167751381661 4 3
423.79850600617516 811.75923608089727 8 2
782.25652080352086 345.02802286114661 4 3
821.69837671100061 481.01183602061656 4 3
821.18972414325447 473.02802286114661 4 3
765.76409830105035 316.46230914697526 4 8
801.72312247338766 378.74516600406093 32 0
823.95766491354141 488.68618399408376 4 8
316.83786958640945 767.47512329994015 4 3
433.99452399156888 818.08704907130141 4 8
283.63940825168538 743.40715065197833 4 3
710.52040899118697 250.74516600406093 16 1
174.08894608500566 501.78092767940325 2 4
380.83006388635437 803.46539445503311 4 3
398.46443786229605 810.1948876661429 4 8
442.80365611550633 821.63095903593671 4 8
746.29749663118355 282.74516600406093 32 0
173.02830745847623 507.68643745451271 4 3
827.85601896309709 495.6720866347103 4 3
767.94439793657239 310.87247073255372 2 4
185.9353844350783 599.54179428423072 16 1
181.29754651241683 582.14954142834335 2 7
170.64340558446574 519.44706001674729 8 9
309.0733225991375 769.40172914505899 4 3
674.78051895567262 217.85205318157594 32 0
168.10215454919825 501.38302429064566 4 8
821.18972414325447 412.46230914697526 4 8
369.53283973820942 807.51171705049808 8 2
215.87843361148225 675.64701899868498 4 3
439.19932310208321 828.77300240799411 4 8
315.68022820828787 779.41915387758274 8 2
165.10631507337916 508.80090443494055 4 3
218.8147410699375 683.26061265903547 2 7
383.59608448427298 815.1422574777755 8 9
569.56234347126895 170.98724113465747 16 10
589.00568065218135 175.67303234525866 4 3
706.84256978273481 233.1249078119466 2 4
183.89400901749411 620.70385435418814 2 7
172.75458240809112 587.28347229770372 2 7
374.59811685110304 814.95100248457015 1 6
257.29116480356106 737.36641898587902 16 1
159.89696744401331 523.12754136650608 1 6
472.94167856513894 841.32104798508669 32 11
837.68214664572497 444.46230914697526 4 3
712.38737330146535 230.83249555873527 4 3
167.92552010137101 590.84439313897713 4 8
155.14131287240713 515.48661540196736 8 9
592.24161730398851 167.39210510487976 4 3
379.91259874397775 824.43913506119247 2 4
710.55521925521703 223.04512042003699 4 8
151.58173600198546 499.88759580125014 8 2
525.90822487264506 151.02933720219809 32 11
369.95622025661476 823.50611447386586 8 9
587.05864764361911 161.29810596640831 4 3
153.19129076767223 555.43905479921875 32 0
507.39002683871138 851.77625248919287 4 8
801.72312247338766 314.74516600406093 32 0
161.99829428948286 601.27837580020901 8 9
631.33010245407877 170.86204035078367 32 11
594.92769053836059 159.85652214272017 4 3
174.98579056729292 640.68586389471886 2 4
710.58436367861088 214.09909394175958 4 3
821.18972414325447 348.46230914697526 4 8
166.38379955819209 624.87429374247438 16 10
559.83066821718603 148.73416018584274 2 7
857.14874831559177 474.74516600406093 32 0
782.25652080352086 281.02802286114661 4 3
226.16190354257969 729.95230451781447 16 10
361.98414044289609 829.5431620505957 2 4
665.16435984553107 183.16013072160783 4 8
490.86503674850286 142.78464399408054 4 3
330.56641756687492 816.54598199931013 32 11
837.68214664572497 380.46230914697526 4 3
364.98793660653661 832.18460268163369 2 7
238.51674436061015 745.67992062328733 4 8
275.87034019102521 783.3143837877426 32 0
408.47099602436572 849.60632433298838 32 11
708.87149126796896 206.28461583347482 4 3
860.90170755540817 510.54901072699926 4 3
138.17531687211667 493.9395677897661 4 3
768.26574690574762 256.7952916329948 2 7
762.78991913365417 250.74516600406093 4 8
150.59795510420776 597.53240910779414 4 8
501.8414716468514 862.78734621822889 4 8
509.77274180708969 863.8337465456915 4 8
843.61323853342515 379.55558481198858 2 4
493.55110998287495 135.24906103192095 4 8
440.74450403192111 860.30308463161418 2 7
369.33421935789102 841.34117387104982 8 9
857.14874831559177 410.74516600406093 32 0
485.74256164070505 133.50935623282547 4 8
697.9964299422312 190.46164289498083 2 7
167.09948434401716 656.86628954278888 16 10
188.98959575355113 699.58423685393893 32 11
148.1418878289318 609.27837580020901 8 9
131.30117935813831 512.7211074880687 16 10
707.18675133963222 194.40346894549015 8 9
157.83761578733194 640.67135188574866 1 6
157.74817756599418 642.66935108608982 1 5
746.29749663118355 218.74516600406093 32 0
127.2064284931331 489.07299941673369 8 9
872.86156123669389 511.52977569488746 8 2
138.65182319109357 596.396657235916 8 2
442.83260584568188 870.08264652442767 8 2
216.76967762156664 745.30763233094342 2 4
294.65479203305131 814.02503941400039 4 8
355.42396941710172 849.24718086477117 8 2
873.64117081806239 442.74516600406093 4 8
226.87758832840481 761.94430031812897 16 1
148.85757261475692 641.27037160052339 8 9
121.21023498259487 497.0758528693579 2 4
142.44670941259665 626.61087525845255 8 9
548.61905102331366 123.09694783869915 4 8
120.5275500232384 479.1034165576379 4 3
879.69085545466976 521.39693032448167 4 8
369.22589728655652 857.34080718962502 8 2
451.70127701405374 878.16637534888048 4 3
161.68703800136464 676.12000151185885 4 3
540.88176494256959 120.50405099920953 2 4
465.48736406368653 880.62032527250551 8 9
660.00264910520661 152.58951812371015 2 7
584.5462102409283 125.38588439355711 32 11
120.54419734369507 550.62581358709281 1 6
132.2409599889333 611.05615357798683 8 2
493.90822487264506 115.25224956220147 16 1
239.88190633079739 784.22686846597367 4 3
818.21554497585828 282.74516600406093 4 8
625.06343243752315 135.4116687461925 4 8
722.37765225271153 184.66440416246306 8 2
117.20777258197882 554.34982618231948 4 8
857.14874831559177 346.74516600406093 32 11
336.25995669484604 852.09290327525559 4 3
233.97257701982565 783.18772117396452 2 7
198.81386485465484 746.56810362359829 16 10
143.10868247832155 656.20189068597472 8 2
659.91559814904622 144.4297918999608 4 3
801.72312247338766 250.74516600406093 32 0
109.31573725173797 535.97278130708912 16 1
475.049479470829 108.59284103970624 4 3
375.39679101327147 872.10292325113835 8 2
111.22690662721209 553.87103350159828 2 7
873.64117081806239 378.74516600406093 4 8
693.74985554049852 156.72788227078496 32 11
128.9732307858232 630.45520823548372 4 3
335.64334273849602 857.41515912027762 1 5
343.63092877872003 861.56226283853914 8 2
410.00691842650696 883.57161459193651 2 7
133.05205270144623 643.75744624153026 8 9
465.65860134327795 892.6191034517235 4 3
723.29943715581294 174.70697916438175 2 4
125.03823688201835 623.48987816598822 4 8
877.39196307024054 383.42828008349574 2 7
359.52697662702917 870.06601595177085 8 2
896.08195165532527 474.74516600406093 4 8
468.50410789133696 103.9930463827267 4 3
501.12746219920194 898.78026483437714 32 11
877.39196307024054 374.06205192462613 2 7
780.27486269143844 217.50476461441468 2 7
213.86148261811479 777.12919386858084 4 3
308.3800961163293 849.29837538837148 2 4
118.68820176086533 618.62397085489783 4 3
255.65451877734893 816.58771976211369 4 3
131.12371165988455 655.60149541516296 4 3
204.25017133043531 769.94430031812897 8 9
101.69585349217473 554.46432995750627 4 8
893.10777248792908 412.46230914697526 4 3
478.28188566911473 97.036390452727375 8 9
345.5788010726734 873.40311557499558 4 3
370.16448033116239 882.90213270951483 4 8
158.63124432105855 717.97184424903014 2 4
466.30441532419053 96.301404645747468 4 3
96.825327707812335 460.57998732701526 2 7
319.69380461531404 863.29837538837148 16 1
904.51211640949737 474.74516600406093 1 6
753.76936738248162 183.52910223373169 4 8
337.70349854959073 871.99612937395182 4 8
184.44169391050934 757.40510977623387 2 7
536.43482997953288 905.808051144763 4 3
95.058266793360147 549.99863372783284 4 3
153.31827375705606 715.18395189349644 4 3
387.54175329592954 892.80316216649419 16 1
761.36221131360253 186.04876908425783 4 8
493.20378993785289 91.262589885110501 8 9
899.03886437562926 411.55558481198858 2 4
740.2473870806831 168.64339991247991 16 1
119.87769328001028 653.97002303497379 4 3
91.67247603115726 457.50620795978784 4 8
908.3275239688428 542.49379204021216 4 3
188.34924349043681 768.16652254035125 8 9
912.57437415779589 506.74516600406093 32 11
87.42562584220407 493.25483399593907 32 11
533.01933598375615 87.42562584220407 32 0
95.98399160062894 590.68620356758913 32 0
274.43897061937503 847.29837538837148 32 11
109.94422927359226 636.61127040602037 16 1
432.7965872918686 908.80316216649419 32 11
466.97584562327285 87.672417422300114 4 8
773.0024214129636 188.96518963739013 8 2
482.51518516405423 85.807892094258207 4 3
912.57437415779589 442.74516600406093 32 11
791.89885337228395 203.7612992344016 16 1
606.58288834575217 97.369309435994936 2 4
459.34197985514493 85.279909651319002 4 8
857.14874831559177 282.74516600406093 32 0
650.29943903890467 109.73786943999268 32 11
682.51287874408433 124.63847042704981 2 7
193.71068182294525 783.6969900759002 8 9
591.63946237987886 92.134030699465498 2 7
112.27980231755575 656.47442973570185 4 3
83.67266660238775 457.45098927300074 4 8
916.32733339761228 542.5490107269992 4 8
763.63746661947846 174.01966061754513 8 9
219.74289324352532 814.06677717680395 32 0
125.38588439355711 692.47312574282785 32 0
467.20942581505915 919.37465897521577 4 8
611.81967970311416 94.440825821654883 4 8
81.631370726141114 449.71580271121582 4 3
919.24177203277077 547.79363153711461 2 7
840.65632581312116 250.74516600406093 4 8
453.25649106759482 80.086950358526309 4 8
687.48318552394278 121.27751066619382 4 8
182.39697332396048 779.6969900759002 4 8
601.13107492931556 88.986128030802618 8 9
77.601356741100346 540.23870076559842 16 10
784.40276059823873 185.21922294497529 4 8
184.41969552658148 784.26958177984932 1 6
759.37534736762746 162.80206999018662 4 3
311.78489053893981 881.66816248927523 4 8
814.16087614013486 212.72803455355145 8 9
779.51486437901713 178.8860980804144 4 3
922.32662065135582 553.9447479878346 4 8
685.28899022026985 115.69311213373396 2 7
541.17756370242353 925.23757704823674 16 10
300.47118203995507 877.66816248927523 8 9
375.54175329592954 908.80316216649419 4 3
151.02933720219809 751.11111111111109 32 11
912.57437415779589 378.74516600406093 32 0
492.78218089991748 71.142678448527136 8 2
684.54568546943801 112.78665414377595 1 6
521.44523539556769 928.49874548768514 4 8
477.52761991304561 928.45048572609915 4 3
580.00320275341551 77.601356741100375 16 10
97.125154296685622 649.24738202061314 2 7
100.48184334642303 658.66718237005648 8 9
71.712812921102042 456.47022430511254 8 2
928.287187078898 543.52977569488746 8 2
930.09104520601079 534.71240103701746 1 6
794.65161654584506 184.4118240174563 2 7
811.70480886485893 200.98206786113661 4 3
508.38579394606052 931.99647503741721 2 4
445.25649106759482 71.142678448527136 8 9
514.38034786688615 932.2520592511587 4 8
616.05297919805378 83.21232746318573 8 9
465.87079230296285 931.29976108464416 8 9
504.43454058091066 932.61904779974452 2 7
932.04097582766269 476.46230914697526 4 3
238.52734508555142 844.77743280306174 4 8
560.8950102272529 928.58754757654219 4 8
469.01933598375615 67.777087639996637 16 1
756.64346493873211 151.11717296904465 8 2
484.02137425907114 933.12286782664216 4 8
737.4039741391224 136.76997833832559 16 1
792.81597616192903 178.69951937038638 4 8
934.22127546318472 470.87247073255372 2 4
934.16133183232398 535.43691319662412 2 4
819.63340399251831 202.04854772576394 4 8
476.72809549080046 936.41043300596436 4 8
933.33938849033018 558.71118738479038 8 2
66.660611509669778 441.28881261520957 8 2
486.26884189524145 62.633689365544811 2 7
66.80877959070429 562.4673462270589 4 8
338.83525925938096 908.80316216649419 32 11
603.59176909574342 73.176479577427443 8 2
387.54175329592954 924.80316216649419 16 1
812.35490408993007 190.93820204293442 4 3
65.856729984049906 431.32117626084914 2 4
934.14327001595007 568.67882373915074 2 4
526.73520139541256 938.85063199881813 2 4
520.75447642653603 939.33118256499927 4 3
804.35490408993007 181.99393013293528 8 2
286.48612800724106 885.44108109827084 8 2
174.48805924758631 798.06677717680395 16 10
300.21020000053704 893.66603385940141 8 9
932.04097582766269 409.02802286114661 4 8
865.2110060638903 250.74516600406093 1 6
620.58712055126534 74.299327845262638 2 7
934.22127546318472 414.61786127556815 2 7
471.10310298507193 942.09897054302064 4 3
757.26386046878645 139.13322080849724 4 8
119.68392668789559 728.01869759535043 4 8
615.43258366799932 71.228375302638341 4 8
61.130559463309822 568.10275359342143 4 8
542.4143202008479 942.1925301110914 1 5
69.549284900924576 612.06858607517245 2 7
291.22864219139802 893.09016988145743 1 6
890.92747285240705 286.61786127556815 2 7
526.54825139114052 944.84771876623302 4 8
535.41307664134717 944.84771876623302 4 8
88.986128030802618 675.88826105444059 8 2
52.940306887069312 486.75980503053069 1 5
56 557.25483399593907 8 2
157.25379807425452 787.91885907458277 4 3
634.64129145021479 72.92995705568589 8 9
260.20928684307466 878.17743139121092 2 4
540.25799439005971 53.814581418864698 1 6
623.06633140467295 68.8354909567432 4 8
948.5333983301332 505.02802286114661 4 8
51.466601669866705 491.53769085302474 4 3
753.95414709657382 129.69242402356096 2 4
873.64117081806239 250.74516600406093 4 8
63.623140304488942 606.45881601414078 4 8
537.70245006319101 52.243214754648733 2 7
943.93728774330964 570.69803565377663 8 9
56.062712256690347 429.30196434622337 8 2
877.39196307024054 255.42828008349576 2 7
893.10777248792908 281.02802286114661 4 8
254.29995753210292 877.13828409920177 4 8
280.35643522373476 893.34214851855222 2 7
646.59967488823304 73.928488752393434 4 3
912.57437415779589 314.74516600406093 32 0
594.79931235042693 58.70492478177998 8 2
948.5333983301332 444.46230914697526 4 3
530.98066401624385 951.50757749752938 4 8
533.01933598375615 48.492422502470646 4 3
297.56286658250184 905.3703760354382 4 3
654.59939345488078 73.99559206402617 4 3
365.60620665626993 932.87215415770561 4 3
857.14874831559177 218.74516600406093 32 11
453.72583002030478 952 16 1
286.22514596782304 901.43895246839702 8 9
610.79901905549036 58.801802807910171 8 9
712.71919212532441 95.603711359994008 32 0
603.25791058737241 53.889401860096683 1 6
48.301209394320495 422.99648471994396 2 4
932.04097582766269 345.02802286114661 4 8
828.11774900609146 178.62833932440478 16 10
934.22127546318472 350.61786127556815 2 7
199.52707182984904 847.34011315117505 4 8
381.70004862747675 943.93100800878858 4 3
62.75239338906141 645.3822809434389 32 11
653.68294241128945 66.048258078046956 4 8
292.57231865570975 911.62293002484057 4 3
44.215878172494364 427.39080705768532 4 3
304.04206867178448 918.04620759184968 4 8
796.11774900609146 142.85125168440814 32 0
131.8050721202957 780.97651373975395 2 4
405.88642553722616 45.665353531041347 2 4
261.74073642322554 898.49345646271388 16 10
126.77150186379902 777.71106270308053 4 3
757.79308616851324 112.10656189508011 16 1
673.60808101421333 67.777087639996637 16 1
77.601356741100375 697.01613323034064 16 10
69.955490216484293 680.72071285872221 2 4
602.88306453465589 44.897211335159902 8 9
498.98066401624385 968 32 11
501.01933598375615 32 32 11
306.942451440882 925.50192887102332 4 3
960.74132401020734 578.08104813317061 8 2
142.6862035675893 801.62233273235938 16 10
951.50757749752938 378.74516600406093 4 3
32 525.25483399593907 32 0
968 474.74516600406093 32 0
39.969941636874033 414.79920945837648 8 9
32 461.25483399593907 32 11
968 538.74516600406093 32 0
128.00055520504088 785.61608818592254 4 8
597.84588937316528 959.03249974568723 4 8
402.15411062683472 40.967500254312796 4 8
442.41212152131999 966 2 7
116.56081485553443 771.40694731555334 8 2
218.31152367187511 878.05076877743284 32 0
562.98066401624385 968 32 0
437.01933598375615 32 32 11
565.01933598375615 32 32 11
311.41778768249799 932.13301969565225 4 8
33.70862675720528 425.29540415334338 4 3
64.145666833604594 682.21936300460163 4 3
359.76450198781714 952 16 10
120.54007564871539 782.72796686062316 4 3
966.17142772547845 586.4783080220509 2 7
749.72552112307892 96.015744817079167 2 4
848.03041945141717 176.76137501412632 4 3
604.5306763081046 963.42722654430395 4 8
32 589.25483399593907 32 11
968 410.74516600406093 32 0
408.47099602436572 968 32 0
33.888543819998318 400 8 9
966.11145618000171 600 8 9
302.42233843720373 934.0898766702818 4 3
121.76912898995728 790.63299234346516 4 3
690.85758692569857 62.633689365544811 2 4
401.03454185472043 33.046227265423546 4 3
601.00415940478149 33.045219286861382 4 3
697.74565205539989 65.078425157005455 2 4
391.9279565889297 34.361576847429163 4 8
87.42562584220407 744 32 11
267.00662335237195 917.78776740789783 4 8
59.422996123121507 688.67663652833789 4 3
241.03969635036299 903.33772523124196 2 4
967.04493833514096 609.9563352226628 2 7
860.90170755540817 182.94132128112264 4 8
163.61544629602542 844.81917056586531 32 0
912.57437415779589 250.74516600406093 32 11
781.46598468567072 109.967732981282 4 3
105.21000352208989 775.30041390363999 4 3
893.10777248792908 220.46230914697526 4 3
65.977366060254923 710.75959861035369 2 4
53.59500844733364 683.19625701129121 4 8
259.02355771735267 918.30802029541917 4 3
932.04097582766269 284.46230914697526 4 8
20.510874706923943 557.25483399593907 2 4
532.02139134908623 982.05430311045654 2 7
282.50966799187808 932.22291236000342 16 10
136.84449889913651 820.75017857465377 4 3
25.031451072225302 401.59746926647955 1 5
371.76450198781714 968 4 8
769.97047754012033 96.241154891706074 4 3
781.36765217643119 103.9685388089263 2 7
453.72583002030478 984 16 1
99.238256648361272 775.88199732509599 2 4
124.84541130389037 810.66147712790587 4 8
129.81528132185468 816.93047960075114 4 8
641.60808101421333 32 32 0
951.50757749752938 314.74516600406093 4 8
184.62786165825577 873.42357596188492 2 4
258.59301225645191 926.29642630701483 4 3
872.86156123669389 181.96055631323441 8 2
739.87846428645742 71.973774083786381 4 3
984 584 16 1
16 416 16 10
780.96365122159523 97.099091391673852 4 8
968 346.74516600406093 32 11
41.60794259630427 677.30580107473122 4 8
436.12672791077296 987.77777777777771 2 7
992 506.74516600406093 8 9
8 493.25483399593907 8 9
791.33313931526493 103.13843876330611 8 2
758.1493564009312 80.108545214018562 16 10
725.55393782717852 61.969364290833603 4 3
603.30472959430324 18.222222222222229 4 8
732.6650489382896 65.634347069160441 4 8
404.53711469056145 16.478875689566472 4 8
530.98066401624385 992 8 2
469.01933598375615 8 8 2
533.01933598375615 8 8 9
775.3474537577564 90.31763172090848 4 3
802.16787463502533 109.39387611676807 2 4
182.32308981164729 878.9632534556639 4 8
979.48912529307609 378.74516600406093 2 7
262.59699754655242 934.0898766702818 4 3
521.26915386317205 994.38465312923756 2 4
479.01933598375615 5.4641016151377544 2 7
523.01933598375615 5.4641016151377544 2 4
239.24076640031126 921.24760661093865 16 1
992 442.74516600406093 8 2
8 557.25483399593907 8 2
540.81993668340147 993.78569688954349 2 4
608.23549801218292 984 16 10
119.83366286769004 818.28198113958251 2 4
33.695768439304629 670.04058393544835 2 7
476.35324701827432 996 4 8
5.6153468707624681 547.54332384286727 2 7
16 384 16 1
384 16 16 1
984 616 16 1
631.46331028096415 980.01502918156302 4 3
2 501.25483399593907 2 7
998 498.74516600406093 2 7
998 494.74516600406093 2 4
2 505.25483399593907 2 4
436.75526727182762 994 2 7
998 490.74516600406093 2 4
2 509.25483399593907 2 4
174.38601301411839 877.06812237163888 2 4
998 514.74516600406093 2 7
2 485.25483399593907 2 7
514.98066401624385 998 2 4
485.01933598375615 2 2 7
517.01933598375615 2 2 4
482.01010126776669 998 2 7
2 481.25483399593907 2 7
998 518.74516600406093 2 4
481.01933598375615 2 2 4
518.98066401624385 998 2 7
826.40060586317713 123.38465001454142 4 8
33.70862675720528 676.04057015740432 4 3
521.01933598375615 2 2 4
736.94130094762716 61.425586116975516 2 4
998 522.74516600406093 2 4
2 477.25483399593907 2 4
477.01933598375615 2 2 7
522.98066401624385 998 2 4
525.01933598375615 2 2 4
408.76692648005803 9.6885375370562237 4 8
994.38465312923756 433.03365585098908 2 7
469.03953851928952 998 2 7
510.29437251522859 999 1 6
19.645343567795752 364.33501918961701 4 3
364.33501918961645 19.645343567795493 4 8
980.37066200510367 635.66794106455484 4 8
999 487.91673887931472 1 6
1 512.08326112068528 1 6
487.84776310850236 1 1 6
487.66695551725911 999 1 6
514.19090885900994 1 1 6
465.03953851928952 998 2 7
484.8385283925129 999 1 5
626.31390552873029 983.09457958668247 2 4
461.01933598375615 2 2 4
538.98066401624385 998 2 4
732.28346157319754 57.64345280864103 4 8
1 474.42640687119285 1 6
999 525.57359312880715 1 6
541.01933598375615 2 2 4
998 458.74516600406093 2 4
2 541.25483399593907 2 4
472.35324701827432 999 1 5
4 438.62741699796953 4 8
457.01933598375615 2 2 4
542.98066401624385 998 2 4
608.33304448274089 12 4 3
545.01933598375615 2 2 4
2 545.25483399593907 2 7
998 454.74516600406093 2 4
880.48977287644243 175.49446110985207 2 4
453.01933598375615 2 2 7
546.98066401624385 998 2 7
999 463.4314575050762 1 6
122.04701332525394 828.03395938771257 8 2
549.01933598375615 2 2 7
998 450.74516600406093 2 7
2 549.25483399593907 2 4
461.72583002030478 999 1 5
1 538.42640687119285 1 6
996 568 4 3
431.09841302233525 996 4 3
2 445.25483399593907 2 7
442.41212152132005 998 2 7
998 558.34314575050757 2 7
597.01933598375615 8 8 2
549.80909114099006 999 1 5
999 550.05887450304567 1 5
448.33304448274089 1 1 5
551.84776310850236 1 1 5
1 448.08326112068528 1 6
999 553.51471862576136 1 6
998 562.34314575050757 2 7
445.24054864606626 999 1 6
436.75526727182762 998 2 4
999 555.51471862576136 1 5
16 634.50966799187813 16 10
998 434.74516600406093 2 7
2 565.25483399593907 2 4
314.50966799187808 968 32 11
638.86291501015239 983.0557280900008 4 8
439.58369439657383 999 1 5
2 431.31370849898474 2 4
998 430.74516600406093 2 4
2 569.25483399593907 2 4
788.11776823764933 87.46484986882399 8 9
1 434.62741699796953 1 6
2 427.31370849898474 2 7
585.60808101421333 996 4 8
414.39191898578662 4 4 8
998 426.74516600406093 2 7
2 573.25483399593907 2 7
359.76450198781714 984 16 10
424.47099602436572 998 2 7
594.10929326033386 995.15573123147192 2 7
999 572 1 6
421.01933598375615 2 2 7
616.25527647701631 9.3453028689703714 2 4
579.9512267647209 998 2 4
383.11819148716864 990.65469713102959 2 4
999 574 1 5
574.29437251522859 999 1 5
425.70562748477141 1 1 6
581.01933598375615 2 2 4
1 424.48528137423853 1 6
999 576 1 5
999 423.91673887931472 1 6
1 576.08326112068528 1 6
576.29437251522859 999 1 6
578.19090885900994 1 1 5
585.01933598375615 2 2 4
195.76839552170154 903.50282907134329 2 4
419.78470452335046 999 1 5
351.8394623652793 16.461281932264207 2 7
589.01933598375615 2 2 4
4 400 4 3
996 600 4 3
400 4 4 8
860.11774900609146 142.85125168440814 32 11
591.26493526370575 998 2 7
992 378.74516600406093 8 9
405.65685424949237 2 2 7
410.39191898578662 1 1 6
780.94477030185999 77.844657531185291 4 8
123.42553964137845 839.95451580072245 4 8
596.92178951319818 998 2 4
999 592 1 5
1 408 1 6
608.33304448274089 4 4 8
1 406 1 6
999 594 1 5
594.09336238845196 999 1 5
999 596 1 6
1 404 1 6
12 357.82337649086281 4 8
357.82337649086281 12 4 3
385.84357902639618 996 4 8
600.23549801218292 999 1 5
2 605.25483399593907 2 4
998 394.74516600406093 2 4
999 399.4314575050762 1 6
1 600.5685424949238 1 5
630.86291501015239 992 8 9
397.15728752538098 999 1 5
391.50043327588855 998 2 4
1 396 1 6
396 1 1 5
999 604 1 6
604.33304448274089 1 1 6
2 609.25483399593907 2 7
998 390.74516600406093 2 4
4 618.50966799187813 4 3
618.98066401624385 4 4 8
394.32886040063477 999 1 5
999 606 1 5
394 1 1 6
1 394 1 5
705.60808101421333 32 32 0
999 608 1 5
392 1 1 6
1 392 1 6
998 386.74516600406093 2 4
992 638.62741699796948 8 2
380.98782394986029 997.19232656461872 1 5
375.76450198781714 996 4 8
53.968250274564028 750.05012562893376 2 4
612.33304448274089 1 1 5
1 612.50966799187813 1 6
16 666.74516600406093 16 10
614.33304448274089 1 1 6
1 614.50966799187813 1 6
619.54920651116765 998 2 4
616.72077938642144 999 1 6
989.07179676972453 653.94112549695421 4 8
32 712 32 11
381.84357902639618 999 1 5
779.43772185625335 69.987889430840553 4 3
48.492422502470646 744 4 3
368 4 4 8
4 368 4 8
379.76450198781714 999 1 5
646.86291501015239 992 8 2
67.959024172337365 777.71714314291432 4 3
625.60808101421333 2 2 4
50.414698371636717 748.61571830626849 1 6
622.37763363591387 999 1 5
1 622.50966799187813 1 5
87.42562584220407 808 32 0
1 376 1 6
376 1 1 6
624.37763363591387 999 1 6
1 624.50966799187813 1 5
998 370.74516600406093 2 7
932.04097582766269 220.46230914697526 4 8
999 625.79898987322326 1 6
1 374 1 5
374 1 1 6
224.6731718936461 934.95108026871526 4 8
1 626.50966799187813 1 6
998 630.62741699796948 2 4
968 282.74516600406093 32 0
999 627.79898987322326 1 5
1 372 1 5
372 1 1 6
371.76450198781714 999 1 5
346.50966799187808 8 8 9
8 346.50966799187808 8 9
998 366.74516600406093 2 4
207.43891072031425 924.80316216649419 16 1
369.76450198781714 999 1 5
951.50757749752938 250.74516600406093 4 3
630.29437251522859 1 1 5
4 357.82337649086281 4 3
357.82337649086281 4 4 8
367.76450198781714 999 1 5
111.42562584220406 840 8 9
122.04701332525393 851.96604061228743 8 9
998 362.74516600406093 2 7
750.86291501015239 48 16 1
638.86291501015239 998 2 4
912.57437415779589 186.74516600406093 32 11
134.01910385403633 865.31445085320263 4 8
1 364 1 6
363.82337649086281 1 1 5
361.82337649086281 1 1 5
1 361.82337649086281 1 6
791.30239408298451 71.784985130082688 8 2
996 649.94112549695421 4 3
4 650.50966799187813 4 3
999 358.05887450304567 1 5
1 642.50966799187813 1 6
228.33791054090921 942.22378671070157 2 7
934.22127546318472 214.87247073255375 2 7
1 644.50966799187813 1 5
999 645.94112549695421 1 6
343.76450198781714 996 4 8
1 646.50966799187813 1 5
352.16652224137044 1 1 6
1 352.16652224137044 1 6
996 657.94112549695421 4 8
351.76450198781714 999 1 6
658.17662350913713 996 4 3
663.89657086114153 5.6153468707624699 2 4
349.76450198781714 999 1 5
138.90576465996443 876.27440277681092 8 2
673.60808101421333 8 8 9
347.76450198781714 999 1 6
999 653.94112549695421 1 6
654.17662350913713 999 1 6
657.60808101421333 2 2 4
1 654.50966799187813 1 5
654.77965388946711 1 1 5
335.19595949289334 4 4 3
4 335.19595949289334 4 3
1 656.50966799187813 1 5
996 665.94112549695421 4 3
666.17662350913713 996 4 8
661.60808101421333 2 2 7
1 658.50966799187813 1 5
338.10764773832477 998 2 7
340.85281374238571 1 1 6
222.94208061698143 944.84771876623302 4 3
1 339.19595949289334 1 5
122.51562918596782 863.95688708678983 4 8
999 661.94112549695421 1 5
994.38465312923756 324.45667615713279 2 7
662.17662350913713 999 1 6
665.60808101421333 2 2 7
327.19595949289334 4 4 3
996 673.94112549695421 4 3
992 314.74516600406093 8 9
674.17662350913713 996 4 8
998 330.74516600406093 2 7
999 333.57359312880715 1 5
330.50966799187808 998 2 7
333.33809511662429 999 1 5
828.11774900609146 87.425625842204056 32 0
1 331.19595949289334 1 5
331.19595949289334 1 1 5
994.53589838486221 681.59797974644664 2 7
999 669.94112549695421 1 6
670.17662350913713 999 1 5
998 326.74516600406093 2 4
1 329.19595949289334 1 6
2 325.65685424949237 2 7
4 320 4 8
213.28061538876707 943.93100800878847 4 8
325.82337649086281 999 1 6
895.52844203242796 149.33837889100479 4 3
998 322.74516600406093 2 4
2 678.05887450304567 2 4
1 675.23044737829946 1 6
321.53910524340097 2 2 7
162.18407672437522 908.80316216649419 32 0
250.50966799187808 968 32 0
998 679.59797974644664 2 7
679.83347775862956 998 2 4
126.90783515319127 876.05149573227914 4 8
681.60808101421333 2 2 4
2 682.05887450304567 2 4
317.53910524340097 2 2 4
998 683.59797974644664 2 4
683.83347775862956 998 2 7
4 689.37258300203052 4 3
894.50595323797438 144.44404373030963 1 5
685.60808101421333 2 2 7
2 314.34314575050763 2 7
313.25483399593907 2 2 4
858.40060586317713 106.89222751207079 4 3
218.50966799187808 951.50757749752938 4 8
1 684.88730162779189 1 6
998 687.59797974644664 2 7
687.83347775862956 998 2 4
689.60808101421333 2 2 4
2 310.34314575050763 2 4
309.25483399593907 2 2 7
998 691.59797974644664 2 7
691.83347775862956 998 2 7
998 306.74516600406093 2 4
2 306.34314575050763 2 7
305.25483399593907 2 2 4
998 695.59797974644664 2 7
695.83347775862956 998 2 4
2 696 2 7
694.29437251522859 1 1 5
998 302.74516600406093 2 4
2 302.34314575050763 2 7
296.57911583280554 995.70370551516135 1 5
301.25483399593907 2 2 4
292.22117814494993 994.38465312923756 2 4
303.19595949289334 999 1 6
999 698.42640687119285 1 5
698.66190488337577 999 1 5
998 298.74516600406093 2 4
1 698.82842712474621 1 5
298.50966799187808 998 2 4
128.01941162983871 887.99990138895839 8 9
999 700.42640687119285 1 6
1 299.51471862576142 1 6
700.66190488337577 999 1 5
282.50966799187808 992 8 2
298.42640687119285 1 1 5
999 702.42640687119285 1 6
1 297.51471862576142 1 6
702.66190488337577 999 1 6
294.50966799187808 998 2 7
296.42640687119285 1 1 6
999 295.91673887931472 1 6
999 704.42640687119285 1 6
704.66190488337577 999 1 5
294.42640687119285 1 1 6
1 294 1 5
999 706.42640687119285 1 5
706.66190488337577 999 1 6
290.50966799187808 998 2 4
292.42640687119285 1 1 6
1 292 1 5
999 708.42640687119285 1 5
708.66190488337577 999 1 6
290 1 1 5
1 290 1 6
999 710.42640687119285 1 5
710.66190488337577 999 1 5
288 1 1 6
1 288 1 6
32 776 32 11
51.466601669866705 806.28285685708568 4 3
716.92178951319806 1 1 5
750.86291501015239 16 16 1
968 218.74516600406093 32 0
721.60808101421333 2 2 7
53.968250274564028 814.05012562893376 2 4
918.3223016598065 149.58283376321526 4 8
893.35815039573777 121.40299190245901 2 7
728.2354980121828 4 4 3
733.89235226167523 6 2 7
274.50966799187808 998 2 4
1 723.31370849898474 1 6
127.28273590987355 899.97726791435173 4 8
2 728 2 4
907.10161577575082 133.02698258330443 16 1
270.50966799187808 998 2 4
67.959024172337337 838.28285685708568 4 8
8 744 8 2
994.38465312923756 260.45667615713279 2 4
2 732 2 7
951.50757749752938 186.74516600406093 4 8
999 269.57359312880715 1 6
998 266.74516600406093 2 7
266.50966799187808 998 2 4
733.89235226167523 2 2 4
2 736 2 4
992 250.74516600406093 8 9
998 262.74516600406093 2 4
263.68124086713186 999 1 5
736.72077938642144 1 1 5
739.54920651116765 2 2 4
796.11774900609146 32 32 0
998 258.74516600406093 2 4
87.425625842204056 872 32 0
742.37763363591387 1 1 5
115.32364535537857 902.46615935471709 8 2
829.83489214900578 51.466601669866698 4 8
768.46201711968422 12.222222222222252 2 7
928.68254075303162 143.52763385477218 8 9
2 752 2 4
2 756 2 7
998 242.74516600406093 2 4
856.2450537345843 65.778724536815275 2 7
2 760 2 7
122.938977986566 916.53764502313084 8 9
998 238.74516600406093 2 7
759.34819638439092 1 1 6
186.50966799187808 968 32 0
762.17662350913713 2 2 7
861.83489214900578 67.959024172337337 4 3
237.33809511662426 999 1 5
998 234.74516600406093 2 7
234.50966799187808 998 2 4
1 764.68629150101526 1 6
765.00505063388334 1 1 5
767.83347775862956 2 2 7
230.50966799187808 998 2 7
773.49033200812198 4 4 3
218.50966799187808 992 8 2
999 230.0588745030457 1 5
111.26511204622552 913.75900254757585 4 8
226.50966799187808 998 2 7
892.11774900609146 87.42562584220407 32 0
129.10987171328094 931.29976108464416 8 9
930.48685228779584 127.62969499825633 8 9
1 224 1 5
224 1 1 6
999 776.31875913286808 1 6
779.14718625761441 2 2 4
777.57359312880715 999 1 6
1 222 1 5
222 1 1 5
999 778.31875913286808 1 6
921.89772537276235 114.13055062398405 8 9
779.57359312880715 999 1 5
220 1 1 6
999 780.31875913286808 1 5
1 219.57359312880715 1 5
17.945696889543477 809.04072733284238 2 4
112.11281831122747 921.71396289243467 4 8
781.57359312880715 999 1 6
218 1 1 5
999 782.31875913286808 1 5
117.77215109860214 927.36833751760287 4 3
1 217.57359312880715 1 6
782.80404050710672 1 1 6
783.57359312880715 999 1 5
999 784.31875913286808 1 6
1 215.57359312880715 1 5
215.57359312880715 1 1 6
784.80404050710672 1 1 5
785.57359312880715 999 1 5
999 786.31875913286808 1 5
213.57359312880715 1 1 5
1 213.57359312880715 1 6
982.05430311045654 185.70443867121855 2 7
98.200103834868088 912.46879430029878 8 2
1 787.31370849898474 1 6
2 210.74516600406096 2 7
210.74516600406096 2 2 4
787.57359312880715 999 1 6
210.50966799187808 998 2 4
999 788.31875913286808 1 5
141.25483399593904 952 16 1
998 791.14718625761429 2 4
789.57359312880715 999 1 5
2 792 2 7
792.40202025355336 998 2 7
32 840 32 11
2 206.74516600406096 2 7
206.50966799187808 998 2 4
205.65685424949237 2 2 4
998 795.14718625761429 2 7
2 796 2 7
999 205.57359312880712 1 6
796.40202025355336 998 2 4
118.25256852544334 936.41043300596448 4 8
2 202.74516600406096 2 7
998 202.74516600406093 2 4
202.50966799187808 998 2 7
8 808 8 2
123.87756103117189 942.09897054302064 4 8
201.65685424949237 2 2 4
968 154.74516600406093 32 11
88.515850097376486 909.97575808959505 2 4
998 799.14718625761429 2 4
2 800 2 7
800.40202025355336 998 2 7
51.466601669866698 870.28285685708568 4 8
806.40202025355336 994.53589838486221 2 4
924.81414592589465 102.49034052462297 4 8
998 198.74516600406093 2 7
2 197.65685424949237 2 4
197.65685424949237 2 2 4
998 803.14718625761429 2 7
992 186.74516600406093 8 9
197.82337649086284 999 1 5
804.40202025355336 998 2 7
4 192 4 3
192 4 4 8
998 194.74516600406093 2 7
996 808.80404050710672 4 3
149.50104524717435 968 2 4
186.34314575050763 6 2 4
100.68261519419499 928.27503159292519 8 9
808.40202025355336 998 2 4
924.88698658292117 96.490782687691649 2 7
807.4314575050762 1 1 5
937.95642535060028 110.24386044462112 8 2
814.05887450304579 996 4 8
932.13684733449759 102.1116705972003 2 7
812.11774900609146 2 2 7
818.40623885301966 5.6153468707624699 2 4
4 184 4 3
1 188 1 6
947.40464133026046 117.64191524312693 4 8
996 816.80404050710672 4 8
186.34314575050763 2 2 7
7.844049173632671 176.95705636539179 4 3
999 812.80404050710672 1 6
860.11774900609146 32 32 0
2 816 2 4
816.11774900609146 2 2 7
994.53589838486221 176.74516600406093 2 4
182.80404050710669 1 1 5
828.11774900609146 8 8 2
822.05887450304579 996 4 8
818.05887450304579 999 1 5
2 820 2 7
176.80404050710669 4 4 3
820.11774900609146 2 2 7
953.22474637994094 119.10012551969309 2 4
834.05887450304579 989.07179676972453 4 8
180.80404050710669 1 1 5
998 178.74516600406093 2 4
996 824.80404050710672 4 3
999 820.80404050710672 1 5
843.11708060751243 984.19816112751755 2 7
1 178.42640687119285 1 6
12 161.9411254969543 4 3
156.40005559149188 15.83370121138546 4 8
846.67520468595274 982.37066200510367 2 7
2 824 2 4
2 175.59797974644667 2 4
890.40060586317713 51.466601669866733 4 8
998 174.74516600406093 2 7
165.49033200812192 8 8 2
175.19595949289331 999 1 6
19.629337994896321 147.66794106455484 4 8
852.33205893544516 980.37066200510367 4 8
4 169.9411254969543 4 3
830.05887450304579 996 4 8
992 836.11774900609146 8 2
91.794762407176677 934.2610614158076 2 7
147.7383573633044 19.224476484405884 4 8
826.05887450304579 999 1 5
173.19595949289331 999 1 6
1 826.82842712474621 1 5
895.99044427759861 53.646901305388802 2 4
172.80404050710669 1 1 6
998 170.74516600406093 2 4
938.3142677435128 94.247862544463885 8 2
158.19879379468023 990.07472026834512 2 7
999 828.80404050710672 1 5
129.94112549695427 970 2 7
169.74011537017759 999 1 5
77.087964365211931 923.88271417971737 16 1
838.11774900609146 5.4641016151377544 2 7
166.91168824543141 998 2 4
932.47478748902677 83.764520026093749 4 3
4 161.9411254969543 4 8
838.05887450304579 996 4 3
33.13226852960122 122.47864373277403 2 4
999 166.0588745030457 1 5
1 165.9411254969543 1 6
834.05887450304579 999 1 5
836.11774900609146 2 2 7
162.91168824543141 998 2 4
925.95200639754376 75.127535471379915 4 3
141.25483399593904 984 16 1
983.0557280900008 860.11774900609146 4 3
147.42302030614371 11.230693741524936 4 3
157.25483399593904 996 4 3
840.11774900609146 2 2 7
8 150.62741699796953 8 9
849.37258300203052 992 8 2
159.83347775862956 1 1 5
922.40060586317713 67.959024172337365 4 3
980.01502918156302 867.5173537352797 4 3
154.17662350913716 4 4 3
992 852.11774900609146 8 9
1 157.9411254969543 1 6
842.05887450304579 999 1 5
844.11774900609146 2 2 4
998 844.11774900609146 2 4
34.370355878709354 112.55558272741996 8 9
112.55558272742007 34.37035587870929 8 2
888 966.11145618000171 8 2
99.393094127661584 43.46699777895077 8 2
45.132526380490333 97.157598326752264 8 2
153.25483399593904 999 1 5
960.75710372115043 102.75192705979151 16 10
55.142185651425564 84.675342069176764 8 9
151.25483399593904 999 1 5
848.80404050710672 1 1 5
65.889614672034156 72.822377484441773 8 2
911.66081780338584 948.90475104047732 4 3
150.17662350913716 1 1 5
149.25483399593904 999 1 6
128 16 16 1
872 984 16 10
16 128 16 10
144 4 4 8
148.17662350913716 1 1 6
921.63234152897007 942.22877061883798 8 9
961.45601781739401 900.68652309391962 8 9
933.63021289909625 930.65408008043516 4 8
1 853.17157287525379 1 5
902.79920945837648 960.03005836312593 8 9
980.14944053669012 120.85724640657857 4 3
2 856 2 4
1 144.97056274847716 1 5
896.96674507608691 966.8844262573466 1 5
857.37258300203052 998 2 7
999 143.43145750507617 1 5
56.622278064467849 75.797880357130083 1 5
1 142.14213562373095 1 5
73.839272667157601 942.21430311045651 2 4
992 868.11774900609146 8 9
2 860 2 7
998 860.11774900609146 2 4
2 139.31370849898477 2 7
998 138.74516600406093 2 7
140 1 1 6
860.20101012677674 999 1 5
862.29371320950065 997.95664704506703 1 5
994.38465312923756 132.45667615713279 2 4
64.768348409887054 63.892497195805724 1 6
138 1 1 5
76.749021186246893 51.419730681789844 16 1
8 872 8 2
2 864 2 7
918.07282843325777 953.68869498688912 4 8
96 968 32 11
32 904 32 11
998 134.74516600406093 2 4
1 136 1 5
864 999 1 6
136 1 1 6
59.271991091303001 932.97067854492934 4 3
979.53841781975234 109.6266809266333 4 8
952 922.74516600406093 16 1
132.76955262170046 999 1 6
949.25932344827982 72.888888888888886 16 1
89.976421306066968 35.071352854949652 4 8
992 122.74516600406093 8 9
998 130.74516600406093 2 7
129.94112549695427 998 2 7
60.008186314242401 62.36251130594011 4 8
978.73311217413686 103.68096963048548 2 4
984 890.74516600406093 16 10
937.63021289909625 941.9677885794199 8 9
871.4314575050762 1 1 5
64 944 8 9
50.250931721192131 69.441313219592161 8 9
968 910.74516600406093 4 3
125.94112549695427 998 2 7
913.09801896284409 966.18915917336494 4 8
36.444444444444443 83.429212778905821 8 2
999 873.77460325558388 1 6
876.11774900609146 2 2 4
5.6153468707624699 881.7115101530718 2 4
999 875.77460325558388 1 5
123.11269837220809 999 1 6
118.62741699796952 996 4 3
40.993453925866497 74.523792365588307 2 4
998 879.4314575050762 2 4
980.1470668313591 97.849954948003585 4 3
2 880 2 7
880.11774900609146 2 2 7
929.85729429010075 955.95284261213396 8 2
120 1 1 5
880 999 1 6
1 120 1 5
3.1071515552282669 116.91963633357879 1 5
82.983894289709966 31.184893550451875 4 3
48.492422502470646 936 4 8
947.56485987992596 940.82639059173516 2 4
882 999 1 5
1 118 1 6
118 1 1 5
2 884 2 4
999 882.74516600406093 1 6
884.11774900609146 2 2 7
892.11774900609146 8 8 9
998 114.74516600406093 2 7
1 116 1 5
116 1 1 5
884 999 1 6
112 4 4 8
4 112 4 8
888 996 4 8
992 106.74516600406093 8 9
62.959272667157606 953.94569688954346 2 7
16 96 16 10
904 984 16 10
96 16 16 10
112.97056274847714 998 2 7
924.11774900609146 32 32 11
2 888 2 4
35.844049173632676 71.444241960468801 4 3
985.55145662671123 95.243698832443641 2 4
110.14213562373095 999 1 6
108 1 1 6
892 999 1 6
1 108 1 5
107.31370849898477 999 1 6
1 892.68629150101526 1 5
894 999 1 6
106 1 1 5
1 106 1 5
989.27432728301835 93.78074494512957 2 7
968 930.99137725529624 2 7
901.95702167324907 6.2143031104565241 2 7
896 999 1 6
104 1 1 5
1 104 1 5
999 898.74516600406093 1 5
900.11774900609146 2 2 4
926.62741699796948 976 8 2
24.000000000000004 73.372583002030481 8 2
73.372583002030481 23.999999999999996 8 2
980.87036327490114 77.863038170902627 16 10
999 99.431457505076168 1 6
999 900.74516600406093 1 6
996 95.431457505076168 4 3
999 902.74516600406093 1 6
904.11774900609146 2 2 4
996 906.74516600406093 4 3
984 922.74516600406093 16 1
908.11774900609146 2 2 4
998 89.774603255583784 2 4
999 910.74516600406093 1 5
1 88 1 6
88 1 1 6
912.48528137423853 999 1 6
999 912.74516600406093 1 5
912.80404050710672 1 1 5
998 85.774603255583784 2 7
1 86 1 5
915.31370849898474 998 2 4
999 914.74516600406093 1 5
84.686291501015234 999 1 6
1 915.31370849898474 1 5
84.201010126776666 1 1 6
933.1354698531145 984.40755322477401 2 4
999 82.9461761308376 1 5
2 81.372583002030481 2 7
81.372583002030481 2 2 4
918.14213562373095 999 1 5
64.428311092031322 15.999999999999998 4 3
926.62741699796948 992 8 2
8 73.372583002030481 8 2
73.372583002030481 8 8 2
969.37258300203052 48 16 10
2 920 2 7
80 998 2 7
999 80.9461761308376 1 6
5.4641016151377544 926 2 7
920.97056274847705 999 1 6
999 78.828427124746185 1 6
2 924 2 7
76 998 2 7
999 76.828427124746185 1 6
999 74.828427124746185 1 6
12.000000000000002 62.058874503045722 4 3
937.94112549695421 988 4 8
63.586913389898697 10.059288770959663 2 4
2 928 2 4
998 72 2 4
72 998 2 7
64 992 8 9
8 936 8 9
999 930.74516600406093 1 6
998 68 2 7
67.715728752538098 1 1 6
999 932.74516600406093 1 6
32 32 32 0
968 968 32 0
32 968 32 11
933.94112549695421 999 1 5
1 66.058874503045729 1 6
937.94112549695421 996 4 3
62.058874503045722 4 4 8
4 62.058874503045722 4 8
999 934.74516600406093 1 6
998 64 2 4
996 938.74516600406093 4 8
935.4314575050762 1 1 6
992 56 8 2
940.11774900609146 2 2 7
5.6153468707624699 945.7115101530718 2 4
945.59797974644664 994.53589838486221 2 4
56.402020253553339 2 2 4
943.59797974644664 998 2 4
2 56.402020253553339 2 7
2 944 2 7
56 998 2 7
942.94617613083767 1 1 6
998 944.40202025355336 2 7
982.26543144680227 36.919636333578801 1 5
2 52.402020253553339 2 7
947.59797974644664 998 2 4
52.402020253553339 2 2 4
947.7157287525381 2 2 7
52 998 2 7
2 948 2 7
998 948.40202025355336 2 4
981.37258300203052 32 4 8
953.37258300203052 4 4 3
2 48.402020253553339 2 7
951.59797974644664 998 2 4
48.402020253553339 2 2 7
2 952 2 7
48 998 2 4
998 48 2 7
999 951.23044737829957 1 6
992 40 8 9
969.37258300203052 16 16 1
999 953.23044737829957 1 5
1 45.573593128807147 1 5
954.42640687119285 999 1 5
45.573593128807147 1 1 5
1 954.82842712474621 1 5
999 955.23044737829957 1 6
1 43.573593128807147 1 6
956.42640687119285 999 1 5
43.573593128807147 1 1 6
43.313708498984759 999 1 5
957.37258300203052 1 1 6
959.37258300203052 1 1 6
961.37258300203052 1 1 5
998 32 2 7
992 24 8 9
977.37258300203052 1 1 6
1 979.31370849898474 1 5
979.51471862576136 999 1 5
999 979.51471862576136 1 5
20.485281374238571 1 1 5
1 20.485281374238571 1 6
980.68629150101526 2 2 7
18.828427124746192 999 1 6
981.51471862576136 999 1 5
18.485281374238571 1 1 6
999 981.51471862576136 1 6
1 18.485281374238571 1 6
998 16 2 7
2 984 2 7
16 998 2 4
983.51471862576136 999 1 6
999 983.51471862576136 1 6
1 16.485281374238571 1 6
16.485281374238571 1 1 6
983.51471862576147 1 1 5
992 8 8 2
998 986.34314575050757 2 4
2 13.65685424949238 2 4
13.65685424949238 2 2 7
986.34314575050757 998 2 4
985.51471862576147 1 1 5
2 988 2 4
12 998 2 7
990.34314575050757 998 2 7
9.6568542494923797 2 2 4
998 990.34314575050757 2 4
2 9.6568542494923797 2 7
9.1715728752538102 999 1 5
1 990.82842712474621 1 6
4 4 4 8
4 996 4 3
996 996 4 3
999 1 1 5
