100 808.57864376269049 100 0
990 10 10 3
763.24555320336754 10 10 3
344.72135954999578 5 5 4
311.6743524880066 740.85294264306003 50 1
955.85786437626905 995 5 4
422.61231117290146 5 5 4
5 995 5 4
281.19646421715782 658.48322247924796 25 2
150 950 50 1
222.32087015164731 782.83753412569467 25 2
636.75444679663246 10 10 3
800 273.20508075688764 100 0
100 608.57864376269049 100 0
563.24555320336754 10 10 3
950 241.42135623730951 50 1
925 312.13203435596427 25 2
600 273.20508075688764 100 0
62.402462264316384 457.6649019357364 50 1
970 990 10 3
900 900 100 0
600 975 25 2
455.27864045000422 995 5 4
990 990 10 3
363.24555320336759 10 10 3
200 273.2050807568877 100 0
400 273.2050807568877 100 0
700 900 100 0
995 273.04413283899328 5 4
211.80339887498948 708.57864376269049 50 1
300 446.41016151377539 100 0
700 100 100 0
100 100 100 0
400 619.61524227066309 100 0
874.25889036300418 777.67912984835266 25 2
53.17541634481455 242.5042398159386 50 1
800 619.61524227066309 100 0
5 985 5 4
946.82458365518551 588.914401329714 50 1
368.37722339831623 990 10 3
10 10 10 3
886.11111111111109 719.29493369677118 25 2
800 25 25 2
377.38768882709854 5 5 4
500 731.4186411456526 50 1
836.75444679663246 10 10 3
500 446.41016151377539 100 0
990 343.75481095764803 10 3
600 25 25 2
900 446.41016151377539 100 0
153.17541634481455 415.7093205728263 50 1
131.24282229531303 487.43073521489657 25 2
950 758.57864376269049 50 1
300 100 100 0
25 708.57864376269049 25 2
900 100 100 0
800 975 25 2
975 687.86796564403573 25 2
253.17541634481455 588.914401329714 50 1
407.50494088514711 769.42737750112576 50 1
600 619.61524227066309 100 0
990 970 10 3
344.72135954999578 995 5 4
655.27864045000422 5 5 4
850.89658242036342 5 5 4
236.75444679663241 990 10 3
744.72135954999578 5 5 4
236.75444679663241 10 10 3
400 25 25 2
206.93757385415364 529.86305145683787 25 2
995 710.22864541903368 5 4
455.27864045000422 5 5 4
636.75444679663246 990 10 3
990 636.24518904235197 10 3
700 731.4186411456526 50 1
431.62277660168377 990 10 3
822.61231117290151 5 5 4
200 25 25 2
990 363.75481095764803 10 3
990 656.24518904235197 10 3
74.011355537803141 354.6106178325569 50 1
995 720.22864541903368 5 4
15 995 5 4
975 312.13203435596427 25 2
700 446.41016151377534 100 0
181.19646421715782 485.27814172236032 25 2
255.27864045000422 5 5 4
592.49505911485289 769.42737750112576 50 1
400 975 25 2
436.75444679663241 10 10 3
300 900 100 0
50 950 50 1
500 100 100 0
990 196.69999668731373 10 3
394.63764683262269 945.48313755650304 5 4
925 687.86796564403573 25 2
544.72135954999578 5 5 4
763.24555320336754 990 10 3
500 900 100 0
800 788.19660112501049 50 1
