900 900 100 49
700 900 100 49
98 902 98 48
904 96 96 47
94 94 94 46
908 708.16673906749122 92 45
285.82971010998233 910 90 44
463.81847380027824 912 88 43
722.27493293439124 86 86 42
271.7188791321845 84 84 41
918 534.4543330626235 82 40
80 724.91245103057076 80 39
558.47017109884507 78 78 38
76 263.04437287292353 76 37
74 571.02937853720005 74 36
419.38746189313542 62 62 30
60 437.76272854553861 60 29
197.66723674909832 205.16251177805583 58 28
167.68181509383942 480.89771084640631 56 27
203.06709968325083 792.1596405497969 54 26
978 806.19168480353142 22 10
20 185.07001811445184 20 9
349.48776751307884 18 18 8
984 984 16 7
900 291.95917942265424 100 49
750.88365297239238 601.328293287424 98 48
345.54137957400008 248.16527777979772 96 47
378.67665738271359 751.14332125423664 94 46
564.31918454502522 762.66947016835206 92 45
624.62569925329581 232.4261833194283 90 44
469.55357686885679 810.16136002089979 14 6
866.23898898014659 612.91959759542556 12 5
990 836.75444679663246 10 4
484.04842693804358 588.25443218939449 100 49
286.1201555211278 582.92532589361463 98 48
464.74605320923217 162.21276462516795 48 23
28 355.78712241786184 28 13
573.32962043516522 880.32495047024736 26 12
956.5685424949238 992 8 3
854.17036388774636 626.27430793968574 6 2
976 192 24 11
184.95053600721658 22 22 10
980 622.37629670938236 20 9
940 996 4 1
18 644.02252890077864 18 8
16 16 16 7
998 998 2 0
477.35802935523196 702.05794083558658 14 6
812.08699765539154 22 22 10
135.22823747945787 798.49126445476645 12 5
990 776.52689085514874 10 4
992 956.5685424949238 8 3
204.00032556427593 331.00325234349862 68 33
16 984 16 7
994 761.03495747031911 6 2
802.02041028867291 976 24 11
22 808.81715888418285 22 10
376.53493364468585 859.12208314485088 14 6
800 796.38532922409104 44 21
162.11240108217288 640.16840351972564 38 18
576.38845203604058 964 36 17
970 435.25755892152551 30 14
788.74367500860717 721.50574013756022 28 13
639.32916752108031 20 20 9
528.81078103736593 988 12 5
996 940 4 1
797.24270077315589 435.69363904198383 74 36
316.95481992713832 413.7152962260559 72 35
735.16545787500672 197.25571610823135 26 12
278.99937524281722 802.21620471702443 18 8
836.75444679663246 990 10 4
2 2 2 0
486.44044703706038 384.41304028634306 100 49
754.7395959637206 264.46325376647292 44 21
799.14206437235646 195.52544991967127 38 18
190.09306107942726 704.33290044846376 32 15
911.33898542688962 422.65258493292379 30 14
221.26045906009878 421.36966087956017 24 11
984 16 16 7
992 647.67451799072944 8 3
980 381.40189852264587 20 9
511.84021828888876 994 6 2
633.55353317608706 127.62346964066282 12 5
375.81847380027824 978 22 10
16 499.73046208485727 16 7
841.75179160377422 10 10 4
860 996 4 1
614.03094623973323 8 8 3
825.09707401659546 520.13489369782781 12 5
2 998 2 0
651.42262885188643 461.00187139582107 74 36
707.31822342911346 350.31455275968165 50 24
482.3795248852299 16 16 7
994 403.31080082285251 6 2
623.55811280068906 356.65835820390021 34 16
10 155.31883886702357 10 4
718.76833597409393 753.19485852067874 48 23
613.98671058766763 640.37009626642464 40 19
477.54027788863726 248.7045770678339 36 17
992 38.627416997969519 8 3
996 860 4 1
771.03654351901355 990 10 4
546.99457512264246 994 6 2
998 2 2 0
323.56480471944735 8 8 3
780.46959186232914 339.13970169365223 24 11
625.16685226452114 986 14 6
996 849.40355743730595 4 1
531.98567487884657 172.35343904687784 20 9
270.19808016973548 769.37511452445403 16 7
782.42220370700886 10 10 4
462.78360694296447 6 6 2
138.00757791052035 406.60477950305358 24 11
514.19132576286779 205.92963805061655 18 8
731.20703947712423 493.10246050542213 12 5
8 620.02252890077864 8 3
998 871.7157287525381 2 0
616.25507078702788 566.40487104533872 34 16
108.0960027435479 364.06893966144992 28 13
196.83532826483437 978 22 10
522.82369483764512 274.26650480073988 16 7
385.21111555309164 539.97207642464275 10 4
452.98564797183178 4 4 1
584.03444352699557 525.59027587437004 18 8
852.10663824687663 190.71578013171549 12 5
660.08557636538092 690.35904078427154 28 13
366.2315180732848 131.99334412592236 22 10
166.93110976535041 556.8940031343185 20 9
948.82621352476917 394.97374573651905 14 6
605.78232894943869 994 6 2
961.37258300203052 8 8 3
990 222.98386676965933 10 4
871.7157287525381 998 2 0
382.47707110664788 640.0159978010721 14 6
379.65508476752865 350.63603028005519 12 5
395.98944636066301 474.98133759085442 28 13
968 996 4 1
643.49715504434448 994 6 2
10 839.39009663000593 10 4
8 38.627416997969519 8 3
66.655427238798694 366.07099060964356 12 5
239.34063438322698 459.27885844802563 18 8
399.64140735089285 150.09802027486171 16 7
669.07783745176482 790.2738870489776 14 6
996 751.23699849918637 4 1
998 928.2842712474619 2 0
10 318.18056788128445 10 4
219.87295354492161 8 8 3
994 238.47580015448901 6 2
560.54336241229782 493.21483598449845 22 10
990 157.96773353931866 10 4
669.81542473997524 8 8 3
6 475.71006046755917 6 2
821.61632823093828 996 4 1
928.2842712474619 998 2 0
990 594.09202546192046 10 4
992 356.10367724129884 8 3
748.9897948556636 994 6 2
852 996 4 1
998 639.67451799072944 2 0
160.60990336999413 990 10 4
8 393.94492394512531 8 3
184.78337189981818 410.719679081393 14 6
994 342.24727078074784 6 2
256.92001686064026 711.65508897196526 34 16
158.36367609813908 587.72578998422284 12 5
