900 900 100 0
700 900 100 0
50 950 50 1
900 100 100 0
800 975 25 2
990 990 10 3
100 100 100 0
150 950 50 1
5 995 5 4
300 100 100 0
950 758.57864376269049 50 1
200 25 25 2
700 100 100 0
10 10 10 3
291.42135623730951 900 100 0
950 658.57864376269049 50 1
800 25 25 2
15 995 5 4
100 300 100 0
800 211.80339887498948 50 1
500 100 100 0
25 200 25 2
990 10 10 3
100 808.57864376269049 100 0
892.49505911485289 249.8121352304627 50 1
5 985 5 4
100 500 100 0
500 900 100 0
50 641.42135623730951 50 1
600 25 25 2
163.24555320336759 10 10 3
900 517.15728752538098 100 0
950 375.73593128807147 50 1
794.63764683262264 945.48313755650304 5 4
600 726.7949192431123 100 0
400 25 25 2
800 726.7949192431123 100 0
850 375.73593128807147 50 1
10 30 10 3
700 553.58983848622461 100 0
150 641.42135623730951 50 1
975 305.02525316941671 25 2
500 553.58983848622461 100 0
144.72135954999578 5 5 4
400 273.2050807568877 100 0
253.17541634481455 242.5042398159386 50 1
600 975 25 2
970 990 10 3
600 273.2050807568877 100 0
500 385.00847963187721 50 1
400 726.7949192431123 100 0
200 175 25 2
5 44.142135623730951 5 4
300 553.58983848622461 100 0
400 441.7864396112351 50 1
10 163.24555320336759 10 3
725.74110963699582 222.32087015164731 25 2
5 144.72135954999578 5 4
568.37722339831623 990 10 3
391.42135623730951 975 25 2
5 55.278640450004204 5 4
307.50494088514711 403.77770325576193 50 1
975 200 25 2
36.754446796632415 10 10 3
990 713.85728421269471 10 3
592.49505911485289 423.01721598735037 50 1
55.278640450004204 5 5 4
10 563.24555320336754 10 3
177.63932022500211 5 5 4
253.17541634481455 696.09407830216321 50 1
975 250 25 2
631.62277660168377 10 10 3
25 400 25 2
955.85786437626905 995 5 4
175 400 25 2
631.62277660168377 990 10 3
995 344.1131546863877 5 4
208.19183588453086 362.60612308660188 25 2
688.32564751199334 394.44278112928464 50 1
436.75444679663241 990 10 3
5 177.63932022500211 5 4
354.6669094406771 990 10 3
281.19646421715782 312.07306096547262 25 2
554.23508777458528 995 5 4
224.07297802753678 315.19526647934742 25 2
763.24555320336754 990 10 3
243.1373814822243 442.27208331975572 25 2
995 690.20142036437426 5 4
10 436.75444679663241 10 3
5 549.10341757963658 5 4
281.19646421715782 765.66289945169717 25 2
990 163.24555320336759 10 3
990 963.24555320336754 10 3
995 282.66457339441882 5 4
825 282.51407699364421 25 2
970 10 10 3
645.76491222541472 5 5 4
751.94938532959156 299.50253473045802 50 1
231.24282229531303 767.81549294423348 25 2
10 363.24555320336759 10 3
945.85786437626905 995 5 4
10 686.14271578730529 10 3
645.76491222541472 995 5 4
805.0944153096757 435.80662683606823 25 2
831.62277660168377 10 10 3
995 334.1131546863877 5 4
94.721359549995796 990 10 3
450.89658242036336 995 5 4
236.75444679663241 10 10 3
413.7820360123074 995 5 4
990 420.45729083806725 10 3
777.31663753189798 394.23265587191327 25 2
