744 744 256 0
256 256 256 0
968 968 32 1
32 968 32 12
984 922.74516600406093 16 2
984 890.74516600406093 16 11
992 8 8 3
992 868.11774900609146 8 10
969.37258300203052 16 16 2
922.74516600406093 984 16 11
32 32 32 1
924.11774900609146 32 32 12
4 996 4 4
996 996 4 9
96 968 32 1
860.11774900609146 32 32 12
890.74516600406093 984 16 2
16 128 16 11
796.11774900609146 32 32 1
160 968 32 12
8 165.49033200812192 8 3
868.11774900609146 992 8 10
998 876.11774900609146 2 5
980.68629150101526 2 2 8
999 1 1 6
999 878.94617613083767 1 7
224 968 32 1
437.01933598375615 32 32 12
732.11774900609146 32 32 1
32 437.01933598375615 32 12
16 96 16 2
391.76450198781708 16 16 11
992 852.11774900609146 8 3
64 992 8 10
4 4 4 4
996 906.74516600406093 4 9
668.11774900609146 32 32 1
288 968 32 12
16 391.76450198781708 16 2
77.254833995939038 16 16 11
501.01933598375615 32 32 1
352 968 32 12
764.11774900609146 8 8 3
828.11774900609146 8 8 10
984 998 2 5
876.11774900609146 998 2 8
109.25483399593904 16 16 2
922.74516600406093 952 16 11
604.11774900609146 32 32 1
32 501.01933598375615 32 12
996 938.74516600406093 4 4
4 144 4 9
416 968 32 1
32 565.01933598375615 32 12
546.27416997969522 16 16 2
969.37258300203052 48 16 11
977.85786437626905 1 1 6
999 880.94617613083767 1 7
892.11774900609146 87.42562584220407 32 1
32 629.01933598375615 32 12
346.50966799187808 8 8 3
572.11774900609146 8 8 10
480 968 32 1
32 693.01933598375615 32 12
469.01933598375615 67.777087639996637 16 2
949.25932344827982 72.888888888888886 16 11
32 757.01933598375615 32 1
544 968 32 12
32 904 32 1
32 821.01933598375615 32 12
589.25483399593907 984 16 2
546.27416997969522 48 16 11
369.13708498984755 8 8 3
131.88225099390857 8 8 10
4 112 4 4
4 152 4 9
772.11774900609146 2 2 5
72 998 2 8
968 562.98066401624385 32 1
128 912.57437415779589 32 12
952 922.74516600406093 16 2
984 608.23549801218292 16 11
512 992 8 3
992 836.11774900609146 8 10
77.254833995939038 48.000000000000007 16 2
81.016133230340671 922.3986432588996 16 11
999 910.74516600406093 1 6
981.17157287525379 999 1 7
414.39191898578662 4 4 4
357.82337649086281 4 4 9
968 498.98066401624385 32 1
192 912.57437415779589 32 12
67.777087639996637 469.01933598375615 16 2
980.87036327490114 77.863038170902612 16 11
968 434.98066401624385 32 1
95.603711359994023 508.13044709486724 32 12
256 992 8 3
320 992 8 10
756.11774900609146 2 2 5
76 998 2 8
925.23757704823686 541.17756370242364 16 2
85.282052688849944 890.68426274826197 16 11
968 370.98066401624385 32 1
87.42562584220407 661.01933598375615 32 12
968 306.98066401624385 32 1
525.34492725125904 91.196837833505839 32 12
512 932.22291236000342 16 2
568.77414000260944 70.754150148224824 16 11
611.88225099390854 992 8 3
992 402.98066401624385 8 10
946.74516600406093 4 4 4
996 585.60808101421333 4 9
968 242.98066401624385 32 1
912.57437415779589 466.98066401624385 32 12
320 932.22291236000342 16 2
900.16319324868493 521.29603264788057 16 11
968 178.98066401624385 32 1
111.78305889976065 850.6630599951053 32 12
882.74516600406093 999 1 6
878.94617613083767 999 1 7
448 912.57437415779589 32 1
912.57437415779589 210.98066401624385 32 12
992 274.98066401624385 8 3
8 533.01933598375615 8 10
812.11774900609146 2 2 5
844.11774900609146 2 2 8
984 133.72583002030481 16 2
66.016263973053412 865.13373662533672 16 11
523.64675298172563 4 4 4
4 176.80404050710669 4 9
87.425625842204084 597.01933598375615 32 1
256 912.57437415779589 32 12
952 133.72583002030481 16 2
154.5010062109107 872.55317140463922 16 11
384 912.57437415779589 32 1
764.11774900609146 87.42562584220407 32 12
448 992 8 3
636.11774900609146 8 8 10
8 725.01933598375615 8 3
147.88225099390857 8 8 10
938.74516600406093 996 4 4
320 4 4 9
380.45079348883235 2 2 5
998 944.40202025355336 2 8
983.51471862576147 1 1 6
999 898.74516600406093 1 7
922.3986432588996 163.99679724658452 16 2
960.75710372115043 102.7519270597915 16 11
992 210.98066401624385 8 3
8 789.01933598375615 8 10
872.92738116887438 504.49690944596193 16 2
700.11774900609146 67.777087639996637 16 11
912.57437415779589 402.98066401624385 32 1
87.42562584220407 725.01933598375615 32 12
61.254833995939038 4 4 4
906.74516600406093 996 4 9
811.10161577575082 77.601356741100346 16 2
845.1338822364321 77.601356741100361 16 11
852.11774900609146 992 8 3
992 338.98066401624385 8 10
998 860.11774900609146 2 5
2 541.01933598375615 2 8
636.11774900609146 87.42562584220407 32 1
416 857.14874831559177 32 12
1 140 1 6
1 156 1 7
571.97223769159018 102.59393926768566 16 2
462.98386676965936 866.97301741669548 16 11
8 346.50966799187808 8 3
8 369.13708498984755 8 10
573.25483399593907 996 4 4
4 414.39191898578662 4 9
992 466.98066401624385 8 3
192 992 8 10
496 998 2 5
644.11774900609146 2 2 8
555.46489495231503 147.66618833169508 32 1
912.57437415779589 274.98066401624385 32 12
996 149.72583002030481 4 4
4 184.80404050710669 4 9
469.01933598375615 8 8 3
165.49033200812192 8 8 10
1 136 1 6
1 104 1 7
840.5908747489193 125.38588439355709 32 1
352 857.14874831559177 32 12
596.6336219330758 122.98550927329839 16 2
488.31636622790296 886.52460229358167 16 11
836.11774900609146 992 8 3
8 661.01933598375615 8 10
996 824.80404050710672 4 4
4 335.19595949289334 4 9
403.07821048680182 2 2 5
603.88225099390854 998 2 8
224 857.14874831559177 32 1
857.14874831559177 434.98066401624385 32 12
890.68426274826197 168.26271670509379 16 2
337.01613323034064 902.75010505669218 16 11
8 73.372583002030481 8 3
700.11774900609146 8 8 10
1 116 1 6
999 930.74516600406093 1 7
176.80404050710669 4 4 4
93.254833995939038 4 4 9
508.83758451198383 136.26908689751528 16 2
458.71794731115006 835.25863690605786 16 11
8 936 8 3
8 597.01933598375615 8 10
620.11774900609146 2 2 5
998 952 2 8
128 992 8 3
384 992 8 10
4 327.19595949289334 4 4
328 4 4 9
912.57437415779589 338.98066401624385 32 1
432.21694110023935 795.23743415290119 32 12
887.57474151857866 135.2101534946608 16 2
311.68363377209704 883.19852017980588 16 11
616.58717498207147 166.64161675805835 32 1
142.85125168440814 693.01933598375615 32 12
999 902.74516600406093 1 6
999 912.74516600406093 1 7
992 530.98066401624385 8 3
992 630.86291501015239 8 10
270.98386676965936 866.97301741669548 16 2
384 821.37166067559519 16 11
139.88225099390857 2 2 5
2 717.01933598375615 2 8
996 816.80404050710672 4 4
4 62.058874503045722 4 9
477.98373602694659 809.70811078313261 16 2
158.76692566941998 840.83879089400159 16 11
850.6630599951053 194.7637229160045 32 1
569.59283190226927 210.08734978787209 32 12
992 111.09841302233529 8 3
892.11774900609146 8 8 10
142.85125168440814 629.01933598375615 32 1
344.88888888888891 793.54503695559777 32 12
8 853.01933598375615 8 3
8 872 8 10
192 4 4 4
996 808.80404050710672 4 9
275.52687425717215 819.18848976423874 32 1
857.14874831559177 370.98066401624385 32 12
2 677.01933598375615 2 5
844.11774900609146 998 2 8
352.16652224137044 1 1 6
363.48023074035518 1 1 7
857.14874831559177 306.98066401624385 32 1
143.78305889976065 795.23743415290119 32 12
872.55317140463922 237.48167022715455 16 2
918.61875521700222 127.4468285953607 16 11
8 469.01933598375615 8 3
627.88225099390854 992 8 10
96.799192130101318 805.0617032540049 16 2
492.58228568641226 854.81022178294404 16 11
824.80404050710672 996 4 4
4 357.82337649086281 4 9
843.90710706596531 491.01270791261123 16 2
527.63437336466677 186.77452591026577 16 11
801.72312247338766 402.98066401624385 32 1
216.88888888888889 793.54503695559777 32 12
992 646.86291501015239 8 3
643.88225099390854 992 8 10
684.11774900609146 2 2 5
748.11774900609146 2 2 8
809.28932188134524 1 1 6
846.94617613083767 1 1 7
142.85125168440817 565.01933598375615 32 1
801.72312247338766 338.98066401624385 32 12
992 24 8 3
296.23715508383867 928.85732155147286 8 10
996 99.784704523350527 4 4
816.80404050710672 996 4 9
992 40 8 3
303.63319358379545 914.66934725958902 8 10
840.83879089400159 241.74758968566383 16 2
67.777087639996637 789.01933598375615 16 11
240 998 2 5
2 549.01933598375615 2 8
655.19595949289328 996 4 4
808.80404050710672 996 4 9
992 56 8 3
345.98286854949049 925.01212782454309 8 10
1 159.83347775862956 1 6
934.74516600406093 999 1 7
285.77997636667084 885.86944937601584 8 3
82.003082533089838 823.95813521332525 8 10
996 658.17662350913713 4 4
996 91.784704523350527 4 9
312 998 2 5
998 354.98066401624385 2 8
103.13843876330614 560.23472629292962 8 3
927.89576781496316 105.31230720326204 8 10
999 934.74516600406093 1 6
383.27922061357856 1 1 7
996 666.17662350913713 4 4
663.19595949289328 996 4 9
676.35490408993007 71.142678448527136 8 3
517.0513875488524 158.8197729108393 8 10
998 162.98066401624385 2 5
836.11774900609146 2 2 8
588.172172062193 84.886253750143766 8 3
73.919330348860882 837.76584865994539 8 10
746.29749663118355 370.98066401624385 32 1
268.41576314606101 755.58477840424473 32 12
671.19595949289328 996 4 4
996 674.17662350913713 4 9
209.77777777777774 729.94132559560376 32 1
795.23743415290119 226.7637229160045 32 12
811.54739157449137 449.96453078590321 16 2
805.0617032540049 179.77985614634517 16 11
746.29749663118355 306.98066401624385 32 1
630.71511193202571 229.06277821423535 32 12
508.17820362867769 873.05213351220436 8 3
312.05269979990197 859.20135805035568 8 10
985.51471862576147 1 1 6
902.74516600406093 999 1 7
998 803.14718625761429 2 5
528 998 2 8
679.19595949289328 996 4 4
385.71714314291432 876.61534998545858 4 9
133.02698258330443 740.00320275341551 16 2
791.89885337228395 291.99679724658449 16 11
174.36284361168541 859.08070262326191 8 3
830.44382353381172 464.76064038291463 8 10
64 944 8 3
71.273916145140078 444.60613442740203 8 10
581.13617898636551 172.9047535849559 4 4
932.04097582766269 308.69780715915817 4 9
998 844.11774900609146 2 5
752.11774900609146 2 2 8
914.74516600406093 999 1 6
898.74516600406093 999 1 7
583.7207688522235 272.50851124404909 32 1
763.76286392203463 454.507538273416 32 12
101.06511158861059 773.34732274336727 16 2
821.28720601711541 267.08008914390746 16 11
611.88225099390854 976 8 3
122.03179662535084 761.66836223439509 8 10
224 896.08195165532527 4 4
70.933203339733438 629.01933598375615 4 9
529.59743410642238 210.69410769014181 8 3
859.08070262326191 257.34350762792923 8 10
517.01933598375615 2 2 5
420.04877323527899 2 2 8
65.254833995939038 1 1 6
1 148 1 7
865.95514193013969 481.53198227434115 8 3
814.16087614013486 300.96353256573434 8 10
70.242459970855251 826.3430370873358 4 4
317.01803917238647 902.47399991509042 4 9
324.59305268444666 828.01355930226146 8 3
868.54974135616328 158.98570410713276 8 10
314.34314575050763 2 2 5
998 86.127850273858144 2 8
983.0557280900008 860.11774900609146 4 4
951.50757749752938 466.98066401624385 4 9
683.7509425898869 85.330652740410983 8 3
56 533.01933598375615 8 10
577.25483399593907 999 1 6
491.31370849898474 999 1 7
541.762310314621 249.19568736644277 16 2
703.01434988590711 99.645719605348575 16 11
487.94730020009803 910.52176442303187 8 3
189.48194157333555 764.40984794226745 8 10
128.92277506049385 19.629337994896318 4 4
968 910.74516600406093 4 9
652.11774900609146 2 2 5
2 880 2 8
802.13488045660097 99.863379508951212 8 3
178.41707888674523 874.5585311639345 8 10
123.38465001454144 595.30219284084183 4 4
128 951.50757749752938 4 9
1 180.80404050710669 1 6
999 145.72583002030481 1 7
819.90748930290681 491.1481598490351 8 3
599.33313931526493 71.712812921102042 8 10
690.87187078897944 338.98066401624385 32 1
261.30465203494987 691.98106704425072 32 12
900.11774900609146 2 2 5
2 321.53910524340097 2 8
71.142678448527136 765.25649106759477 8 3
679.03411678603698 100.61958842397428 8 10
840.65632581312116 402.98066401624385 4 4
592.74236549959335 237.65724449616511 4 9
690.87187078897944 402.98066401624385 32 1
198.27687752661222 597.01933598375615 32 12
293.86372855089974 899.67716282263598 8 3
155.28900535115531 731.03646743426566 8 10
1 120 1 6
1 106 1 7
338.50966799187808 2 2 5
952.40202025355336 2 2 8
635.44624494677532 370.98066401624385 32 1
202.6666666666666 666.33761423560975 32 12
645.27051404787903 323.99679724658449 16 2
536.43338478745432 280.7488576148649 16 11
602.27093970622911 968.81510644954813 4 4
904.94173320663981 154.23686428435005 4 9
762.01030955228566 407.76527370707038 8 3
823.95813521332525 164.98374654933369 8 10
58.032211420580069 62.369787100903757 8 3
488.23715508383867 928.85732155147286 8 10
497.92745567437606 67.866980304347734 4 4
893.83489214900578 51.466601669866705 4 9
944.40202025355336 998 2 5
328 998 2 8
631.50484348886744 277.05628115023836 16 2
168.03500392522557 753.63817836331714 16 11
1 138 1 6
601.05382386916233 999 1 7
677.70945501182791 185.61704518442164 32 1
635.44624494677532 434.98066401624385 32 12
657.75590196283224 141.96093769966168 16 2
618.02770784521988 306.07983735623634 16 11
182.3708304622244 700.80613658227344 8 3
196.59305268444669 828.01355930226146 8 10
679.11342222399094 270.9388281817603 32 1
319.94263740323316 717.62451985289169 32 12
80.086950358526281 773.25649106759477 4 4
893.10777248792908 372.69780715915817 4 9
727.33313931526493 71.712812921102042 8 3
33.888543819998318 112 8 10
2 589.01933598375615 2 5
248 998 2 8
664.16694600719939 309.20068764957301 8 3
810.45899083905306 156.39461963430011 8 10
400.24978336205561 1 1 6
172.80404050710669 1 1 7
312.83152629212202 654.02080849289769 32 1
757.27717560154815 175.23684865883234 32 12
106.89222751207078 630.73647912667047 4 4
932.04097582766269 244.69780715915817 4 9
24.000000000000004 73.372583002030481 8 3
932.04364511446829 89.859310280067817 8 10
681.04760168787573 449.96453078590321 16 2
188.45260842550852 550.03546921409679 16 11
580.02061910457121 402.98066401624385 32 1
371.46951166040532 679.66426130153866 32 12
998 202.98066401624385 2 5
2 864 2 8
830.20939445148701 90.915246644394031 4 4
357.82337649086281 12 4 9
872.86156123669389 270.19605432541732 8 3
724.11776823764944 87.386401815584179 8 10
97.254833995939038 1 1 6
85.254833995939038 1 1 7
254.19354092383873 628.37735568425671 32 1
580.02061910457121 338.98066401624385 32 12
706.58468371008155 302.19605432541732 8 3
619.73343202567321 334.19605432541732 8 10
416 896.08195165532527 4 4
289.52594305908571 874.46911019074071 4 9
776.11774900609146 2 2 5
504 998 2 8
366.92650417289252 727.4487889539954 16 2
689.62960676721582 139.12070143431026 16 11
533.03486549136414 226.32049772347381 8 3
36.444444444444443 83.429212778905821 8 10
103.91804834467472 693.01933598375615 4 4
225.71714314291432 932.04097582766269 4 9
999 954.82842712474621 1 6
999 947.23044737829957 1 7
650.66780163292719 300.61156073453941 8 3
384.70443493479218 797.38200099850428 8 10
998 591.26493526370575 2 5
2 485.01933598375615 2 8
800.16262028478911 471.09240296180326 8 3
308.41429723140448 755.92722697500778 8 10
876.61534998545858 337.26352087332953 4 4
922.40060586317713 67.959024172337365 4 9
923.81449888214377 517.21979150772268 8 3
169.19359682390555 723.12051291343107 8 10
617.28932188134524 1 1 6
1 331.19595949289334 1 7
708.11774900609146 2 2 5
998 194.98066401624385 2 8
712.76198219851335 445.69861132739391 16 2
388.59411355325665 773.69929844484579 16 11
948.5333983301332 404.69780715915817 4 4
248.46990633309585 725.61541411341113 4 9
828.11774900609146 56 8 3
535.76284491616138 928.85732155147286 8 10
349.79109128667608 744.25288444345529 8 3
670.50443335810701 224.96279035425434 8 10
932.12751550810935 559.9533126360659 4 4
637.83489214900578 51.466601669866705 4 9
998 226.98066401624385 2 5
998 799.14718625761429 2 8
324 1 1 6
999 900.74516600406093 1 7
364.35840054929417 616.06054994154465 32 1
524.5949932623671 370.98066401624385 32 12
661.49601681098943 475.29703024414681 16 2
168.90102354862231 524.70296975585313 16 11
66.621387483049872 544.98537659604358 8 3
815.9722687381643 473.55309712823112 8 10
580.02061910457121 466.98066401624385 32 1
422.99638591757747 641.70400275018562 32 12
710.33847245884624 369.26352087332953 4 4
981.37258300203052 32 4 9
672.10501402465252 122.72287690764519 8 3
773.0024214129636 277.20068764957307 8 10
941.08831175456851 2 2 5
2 713.01933598375615 2 8
625.62197584567161 481.96453078590321 16 2
534.41926236347081 323.99679724658449 16 11
71.703352968811771 560.15685071036501 8 3
517.78329906058377 221.4842056099333 8 10
999 914.74516600406093 1 6
999 820.80404050710672 1 7
256 951.50757749752938 4 4
449.71714314291432 948.5333983301332 4 9
471.28677233676376 786.6614043517925 8 3
512.1572395956199 332.96353256573434 8 10
415.88527480646633 578.10029139019161 32 1
731.63372279290718 233.87483402711561 32 12
2 56.402020253553339 2 5
200 998 2 8
606.07039096878543 507.29703024414681 16 2
467.71539514550284 762.92861553636374 16 11
524.5949932623671 434.98066401624385 32 1
236.23713607796526 545.492461726584 32 12
67.999913799174394 533.0648201830337 4 4
944.48023039221948 535.72593162722694 4 9
324.34809855978301 757.38117856559199 8 3
794.21892593576649 113.76797098170148 8 10
999 141.72583002030481 1 6
1 681.70562748477141 1 7
961.45601781739401 900.68652309391962 8 3
368.20311180262792 761.04200617493848 8 10
647.78485432791933 288.67356340902643 4 4
173.49241327428268 711.91693414921622 4 9
840.11774900609146 2 2 5
780.11774900609146 2 2 8
521.45908915576376 261.99331255920919 8 3
793.67693196430264 158.65198397044512 8 10
915.55003645370039 508.51929377662435 4 4
69.345919919564835 66.369787100903764 4 9
759.19470796634357 269.11693546534411 8 3
444.60613442740203 71.273916145140049 8 10
830.46089475659903 999 1 6
1 353.82337649086281 1 7
2 408.73506473629425 2 5
2 84.686291501015234 2 8
305.72041518101094 590.41709713290368 32 1
431.66236038523425 731.23983700870724 32 12
503.1124758249145 905.42103425290202 8 3
845.22429616271086 265.34350762792923 8 10
805.94980612929214 111.24082834917202 4 4
860.11774900609146 983.0557280900008 4 9
552.99460845743897 298.11911583265601 8 3
182.36284361168538 845.22429616271086 8 10
1 363.48023074035518 1 6
681.28932188134524 1 1 7
816.11774900609146 2 2 5
998 514.98066401624385 2 8
12.000000000000002 62.058874503045722 4 4
48.492422502470646 597.01933598375615 4 9
380.69005192100008 751.03819057886778 8 3
528.36680641620455 914.66934725958902 8 10
488.81790562237046 402.98066401624385 16 2
700.59918656476191 475.29703024414681 16 11
595.70216398745697 99.003591374691041 8 3
781.48678310618402 123.45778723213215 8 10
51.466601669866705 723.30219284084183 4 4
944.06915102057246 941.10549373712479 4 9
2 845.01933598375615 2 5
456 998 2 8
999 105.44155877284291 1 6
1 551.84776310850236 1 7
296.8875241750855 864.30208822048553 8 3
22.461387483049872 865.15395938771258 8 10
910.16338291981981 148.17597538313697 4 4
292.00385558889911 917.62882319300365 4 9
686.50115496491128 224.63891100263893 8 3
636.05940612268239 131.70120728125596 8 10
998 222.98066401624385 2 5
392 998 2 8
724.44094270748553 424.73192629065363 8 3
82.301252221791188 548.17000244137876 8 10
237.17157287525382 999 1 6
649.53910524340097 999 1 7
400.28555976690888 613.77161338668668 4 4
46.329686719565011 65.025143126398746 4 9
2 461.01933598375615 2 5
998 198.98066401624385 2 8
671.40526911911263 369.26352087332953 4 4
125.92693558467478 27.047218139191195 4 9
511.70160273994804 891.92188987862971 8 3
388.05437634879257 716.06401766429315 8 10
349.37453377963482 570.45919320044425 16 2
574.94112970780407 514.71114471221142 16 11
812.80404050710672 999 1 6
1 171.14718625761429 1 7
180.25588189582754 777.48194887620537 8 3
396.6899083203752 751.10597847878728 8 10
299.99678059026803 687.6551555620581 4 4
835.59834531268632 162.06732599620139 4 9
524 998 2 5
619.88225099390854 998 2 8
315.36699300693863 841.08566023619937 8 3
620.32585300759115 126.81672144593611 8 10
552.59762298144972 315.65730054458174 4 4
948.5333983301332 337.26352087332953 4 9
730.58468371008144 407.76527370707038 8 3
411.46804574574878 680.00670987230171 8 10
932.74516600406093 999 1 6
999 652.51976925964482 1 7
998 282.98066401624385 2 5
2 420.04877323527899 2 8
91.766747317087606 468.31490104896397 8 3
494.68463375635298 116.88625983568841 8 10
284.01547818561846 719.91345640774966 4 4
607.56557833470163 201.49288350594236 4 9
408.1339511370789 695.65547382158661 8 3
38.448952968811767 864.52328527339114 8 10
327.12929034979686 547.45595115182743 16 2
476.65510998861902 432.57908293299676 16 11
999 359.66695551725911 1 6
999 932.74516600406093 1 7
112 998 2 5
998 218.98066401624385 2 8
159.34367418687879 597.01933598375615 4 4
238.21223851918921 660.63565652994828 4 9
934.52101936769088 115.31760789155116 4 4
759.56611215640612 211.16400787644702 4 9
2 884 2 5
998 518.98066401624385 2 8
377.62236636408613 1 1 6
999 165.80909114099003 1 7
199.83737971521077 528.90759703819674 8 3
773.0992994390939 261.20098094450958 8 10
782.25652080352086 369.26352087332953 4 4
325.66627199397607 620.38646142373727 4 9
998 64 2 5
716.11774900609146 2 2 8
551.76255162122482 928.76044352534268 8 3
630.00748111438088 505.56044872816864 8 10
312.67249627143673 829.39208561838598 4 4
48.492422502470646 661.01933598375615 4 9
659.19595949289328 999 1 6
999 670.17662350913713 1 7
173.56303526643146 821.94235893468124 8 3
727.30239408298462 103.06626655432549 8 10
998 286.98066401624385 2 5
407.07821048680182 2 2 8
560.55401743470441 372.69780715915817 4 4
842.08403363317279 467.67706093604693 4 9
910.74516600406093 999 1 6
999 812.80404050710672 1 7
390.51507051522043 731.87366611766834 8 3
790.75072682542452 484.03134656279207 8 10
547.87495227096656 309.20002702084554 4 4
193.71714314291432 948.5333983301332 4 9
998 450.98066401624385 2 5
2 525.01933598375615 2 8
528.07058433636712 504.359720820588 32 1
474.52326017474962 603.74374419883259 32 12
796.24448155185155 129.63923824194717 8 3
746.25827260456356 410.98064478468592 8 10
417.71714314291432 932.04097582766269 4 4
826.51773704392599 481.13294019081735 4 9
675.19595949289328 999 1 6
999 830.46089475659903 1 7
904.11774900609146 2 2 5
2 709.01933598375615 2 8
583.33588212910968 960.74132401020734 8 3
305.08020262273459 771.57599092429268 8 10
225.3774928173352 694.27000359910869 4 4
980.1470668313591 97.849954948003571 4 9
745.28932188134524 1 1 6
900.74516600406093 999 1 7
80 998 2 5
2 457.01933598375615 2 8
860.90170755540817 271.17681929330553 4 4
177.3090019588463 833.34269811995637 4 9
870.43555223599856 145.51782979613111 4 4
318.28893729691953 817.80287229399687 4 9
998 122.41212152132005 2 5
998 158.98066401624385 2 8
295.3689912893874 543.54655176146673 16 2
558.01917559974845 541.87081093189931 16 11
722.46620468412141 194.93954653973361 8 3
427.40184707412732 681.46066146288592 8 10
422.8772003600252 1 1 6
514.19090885900994 1 1 7
784.40276059823861 273.45472095715814 4 4
599.48722077443801 369.26352087332953 4 9
2 52.402020253553339 2 5
55.597979746446654 2 2 8
784.26503850493805 145.71304036945628 8 3
723.22660356273138 467.29703024414681 8 10
726.83089496131674 340.69780715915817 4 4
133.84892796977186 25.932751158763324 4 9
67.254833995939038 1 1 6
999 83.299423149111959 1 7
236.57958464872829 585.49099581192741 8 3
295.87979769779696 784.66616087036994 8 10
370.78340894842074 527.498047219368 32 1
467.41214906363848 540.14003283883858 32 12
157.49033200812192 2 2 5
2 481.01933598375615 2 8
541.08741576483771 402.98066401624385 4 4
516.52275724257186 912.74100621802734 4 9
999 95.784704523350527 1 6
579.25483399593907 999 1 7
330.95814121903555 523.76333835751689 8 3
487.06930112516551 102.81477416727473 8 10
948.5333983301332 212.69780715915817 4 4
893.10777248792908 308.69780715915817 4 9
712.11774900609146 2 2 5
2 613.01933598375615 2 8
144.90386141917207 525.07203578365807 8 3
315.21554576286326 526.62177994399417 8 10
806.6918746544842 481.16061220554752 4 4
876.61534998545858 465.26352087332953 4 9
654.94617613083767 1 1 6
1 118 1 7
2 928 2 5
635.88225099390854 998 2 8
765.97559482058671 127.38245766017435 8 3
795.20341236159004 268.22538816158919 8 10
934.1699956286086 523.2830981249042 4 4
927.09974911037716 78.925057113951169 4 9
1 108 1 6
599.05382386916233 999 1 7
116 998 2 5
998 32 2 8
988 99.784704523350527 4 4
255.58101744420699 789.21912547340514 4 9
278.75843989137616 560.86964566105712 8 3
373.18209790478284 567.42606108545738 8 10
660.12112375529637 122.10128700101009 4 4
968 121.72583002030481 4 9
952 998 2 5
998 290.98066401624385 2 8
150.00459158930195 509.9068601588416 8 3
750.16715120467018 124.91403499734133 8 10
1 861.17157287525379 1 6
374.79393923933992 1 1 7
490.55779807153419 128.15432210169075 4 4
114.84862196532556 748.34269945541826 4 9
998 454.98066401624385 2 5
2 377.13708498984755 2 8
643.86388757493194 497.56044872816864 8 3
717.52923333920785 179.72027211749187 8 10
938.60819435880512 99.90454264267035 4 4
490.68486993264895 383.06799357091819 4 9
89.254833995939038 1 1 6
99.254833995939038 1 1 7
348.75868550973672 651.73187193803972 4 4
67.959024172337365 694.73647912667047 4 9
998 266.98066401624385 2 5
2 797.01933598375615 2 8
1 489.70562748477141 1 6
1 339.19595949289334 1 7
485.79892914320004 463.24487122008173 16 2
451.37899283972143 680.41353160682593 16 11
765.76409830105035 340.69780715915817 4 4
877.12400255320472 473.24733403279947 4 9
2 805.01933598375615 2 5
956.40202025355336 2 2 8
232.48860392844634 757.8737149591027 4 4
83.703154486658704 560.08783236296097 4 9
938.2598846298223 1 1 6
999 143.72583002030481 1 7
2 645.01933598375615 2 5
860.11774900609146 998 2 8
35.991607528028823 95.420665515214765 4 4
540.99937117528418 305.11023673322751 4 9
385.71714314291432 948.5333983301332 4 4
665.70547815299267 237.52884410829833 4 9
310.34314575050763 2 2 5
464 998 2 8
782.94617613083767 1 1 6
820.80404050710672 999 1 7
403.91267044532566 823.23862498587357 4 4
909.3116504674814 503.51104654960511 4 9
998 68 2 5
998 596.92178951319818 2 8
1 81.857864376269049 1 6
999 510.29437251522859 1 7
420.42828229397912 530.31576373773487 16 2
469.40220939130427 653.97182846321675 16 11
209.24927317457536 515.96865343720788 8 3
269.33520922563946 573.80033488554625 8 10
519.10781947202179 204.86590172074023 4 4
477.93228896514529 829.70804461301896 4 9
884.11774900609146 2 2 5
688.11774900609146 2 2 8
514.61330687089583 321.21756587331953 4 4
185.04233043947295 864.55323047564536 4 9
527.78673648574556 552.35888154656004 16 2
454.66966788221868 455.83075675201718 16 11
1 66.058874503045729 1 6
999 229.80909114099003 1 7
718.95193275626866 163.78364994186461 8 3
515.48489770676576 309.24926067104349 8 10
940.57700387687851 155.65730054458177 4 4
837.68214664572497 340.69780715915817 4 9
2 801.01933598375615 2 5
120 998 2 8
437.04408139976289 502.96772504980999 16 2
724.27555433550265 140.38153351447465 16 11
999 192.15223689149767 1 6
530.82842712474621 999 1 7
61.96936429083361 520.96519279672123 4 4
66.067711034854682 885.13367045522307 4 9
475.17196253300784 677.26796438065594 8 3
335.60786360528806 508.45386149738931 8 10
998 679.83347775862956 2 5
2 521.01933598375615 2 8
53.152080402517626 938.86944053669015 4 4
84.810091387088249 458.5371232711862 4 9
930.74516600406093 999 1 6
999 662.17662350913713 1 7
494.81909637919182 569.2752218521689 8 3
193.33787258830262 514.28718640418003 8 10
123.88225099390857 2 2 5
580.11774900609146 2 2 8
50.599243543872419 71.790561407925026 4 4
651.93866744924594 402.98066401624385 4 9
635.65010924429293 296.6219851196052 4 4
471.63710071171238 413.2188251119635 4 9
2 609.01933598375615 2 5
2 581.01933598375615 2 8
1 422.8772003600252 1 6
667.19595949289328 999 1 7
413.44816345749746 507.35323031851925 8 3
548.76596575454687 564.01529348536315 8 10
467.15679946726914 492.14071204589783 16 2
411.71158194151923 483.4161401729238 16 11
139.88225099390857 16.944271909999159 4 4
334.2799675873253 750.64634541103305 4 9
489.90349510660673 830.53884153082504 8 3
507.91042596766454 538.90777452190139 8 10
998 522.98066401624385 2 5
2 545.01933598375615 2 8
409.90663761154804 1 1 6
912.74516600406093 999 1 7
935.67980099643626 515.42685934599228 4 4
458.54195777010005 636.00204504452415 4 9
2 404.73506473629425 2 5
820.11774900609146 2 2 8
335.92393980788273 685.36621900720013 4 4
274.13939773680386 658.34671997509031 4 9
999 446.29437251522859 1 6
1 706.19090885900994 1 7
983.0557280900008 638.86291501015239 4 4
449.4296686065577 82.261796651521493 4 9
998 578.98066401624385 2 5
186.34314575050763 2 2 8
506.7042761927637 579.98701445654012 8 3
252.22834859801318 582.15690120325758 8 10
720.80404050710672 1 1 6
107.31370849898477 999 1 7
505.39455993876959 155.97049755229438 4 4
480.07036843269714 837.41704040951754 4 9
513.44049344345331 594.49988381967819 8 3
446.04795616601058 480.72069740129638 8 10
2 653.01933598375615 2 5
2 605.01933598375615 2 8
713.41397792805742 292.32889969582317 4 4
307.79762761937911 783.26425860550239 4 9
82.828427124746185 999 1 6
999 156.15223689149767 1 7
504.04515605669985 556.20312091823098 8 3
488.53233355277575 668.46452833476189 8 10
2 944 2 5
204 998 2 8
402.15411062683472 40.967500254312796 4 4
394.48221271257 804.33865692850361 4 9
855.8891736771568 474.99927356126204 4 4
33.70862675720528 401.05990614116047 4 9
684.85281374238571 998 2 5
244 998 2 8
999 125.24054864606623 1 6
424.8772003600252 1 1 7
58.787487768880119 933.19122040929574 4 4
929.0667966602665 434.98066401624385 4 9
2 317.53910524340097 2 5
998 638.86291501015239 2 8
69.254833995939038 1 1 6
999 81.299423149111959 1 7
948.5333983301332 276.69780715915817 4 4
869.44683868641596 468.81492140769609 4 9
648.11774900609146 2 2 5
998 795.14718625761429 2 8
503.81144025880775 341.58603994060309 4 4
356.31509198279895 759.40646810954445 4 9
154.66190488337574 1 1 6
581.25483399593907 999 1 7
19.629337994896318 372.09656092326225 4 4
464.45090098182351 416.73429569812197 4 9
376 998 2 5
2 585.01933598375615 2 8
999 116.75526727182768 1 6
999 293.80909114099006 1 7
517.82119086451496 273.42859550378597 4 4
361.53705797909089 746.70895171873121 4 9
998 410.98066401624385 2 5
2 48.402020253553339 2 8
536.77740109371859 574.61125108121723 8 3
471.86174874899126 692.92179728841711 8 10
398.75798146059799 703.14487918020552 4 4
652.14854430284265 122.76308521369451 4 9
949.17157287525379 999 1 6
956.68629150101526 999 1 7
880.11774900609146 2 2 5
624.11774900609146 2 2 8
246.26778217047107 592.57187349620472 4 4
713.41895804333012 202.82290421401757 4 9
468.99904181033668 405.66629936007939 4 4
729.91347055986898 435.41141311844115 4 9
334.50966799187808 2 2 5
208 998 2 8
1 858.67619023324858 1 6
1 379.96551211459376 1 7
189.85877761842207 870.94086200637673 4 4
761.72185059887306 257.38605527181846 4 9
485.57806867415303 86.884418685458044 8 3
513.9499533711504 610.49177084348094 8 10
998 984 2 5
998 258.98066401624385 2 8
87.254833995939038 1 1 6
101.25483399593904 1 1 7
558.27416997969522 32 4 4
594.64959062809442 964.74132401020734 4 9
210.74516600406096 2 2 5
567.59797974644664 998 2 8
932.04097582766269 497.26352087332953 4 4
438.97768832222704 609.44570190449406 4 9
1 809.70562748477141 1 6
959.23044737829957 1 1 7
493.39042716744518 653.2198923459589 8 3
487.18295360015384 505.3676977435519 8 10
564.09153219867392 302.68620281247337 4 4
123.38465001454144 662.73647912667047 4 9
988 998 2 5
432 998 2 8
940.46857172373416 528.21543420164437 4 4
372.09656092326225 19.629337994896321 4 9
935.4314575050762 1 1 6
999 153.72583002030481 1 7
2 477.01933598375615 2 5
336 998 2 8
186.10881030410025 856.62463534798599 4 4
174.07692289832175 734.57262788286835 4 9
1 617.70562748477141 1 6
1 642.19090885900994 1 7
998 418.98066401624385 2 5
2 517.01933598375615 2 8
454.57740336178449 573.77437990799899 4 4
90.882445854091415 556.55827495989945 4 9
484.39245201116279 123.05642960028757 4 4
506.7497603920412 567.98710065736577 4 9
998 72 2 5
2 733.01933598375615 2 8
1 88 1 6
466.82842712474621 999 1 7
42.605441032689292 72.105396939913319 4 4
566.05696129673663 50.939586315519563 4 9
908.11774900609146 2 2 5
529.30360723121805 2 2 8
999 599.75021663794439 1 6
999 594.09336238845196 1 7
871.0772249395061 980.37066200510367 4 4
672.12160459499057 82.371176806996317 4 9
876.11774900609146 2 2 5
460 998 2 8
635.88225099390854 983.0557280900008 4 4
804.10401186455306 120.57128459938116 4 9
1 79.857864376269049 1 6
121.05382386916239 1 1 7
506.1940843610148 163.93044483215957 4 4
431.7096759994734 483.69224531452551 4 9
998 322.98066401624385 2 5
998 538.98066401624385 2 8
980.01502918156302 631.46331028096415 4 4
765.26806986206759 246.70957972896963 4 9
1 576.33304448274089 1 6
1 424.8772003600252 1 7
692.11774900609146 2 2 5
477.01933598375615 2 2 8
522.7055127947433 232.42823649234822 4 4
980.37066200510367 871.0772249395061 4 9
1 401.90663761154804 1 6
183.51471862576145 1 1 7
998 414.98066401624385 2 5
520 998 2 8
744.23315705976688 141.68310698548589 4 4
768.83960377026153 417.63242833666453 4 9
678.68384822318933 233.74328991093509 4 4
418.54892343002609 689.69490739404455 4 9
272 998 2 5
308 998 2 8
180.80404050710669 1 1 6
999 576.15223689149764 1 7
575.90291425240196 951.32054970318609 4 4
181.12248398415412 789.45061633839634 4 9
2 210.74516600406096 2 5
998 262.98066401624385 2 8
999 119.58369439657386 1 6
999 79.299423149111959 1 7
642.11558995730002 470.35749028896919 4 4
924.87246452862007 500.81492140769609 4 9
60.787569641810173 78.130751572429588 8 3
736.59080323698106 116.44746686968635 8 10
500 998 2 5
461.01933598375615 2 2 8
313.58847498524892 811.32941463548354 4 4
565.62641583583593 42.951180303923898 4 9
1 45.573593128807147 1 6
210.82842712474618 999 1 7
818.21554497585828 370.98066401624385 4 4
511.81907686674339 169.61898236921576 4 9
564.11774900609146 2 2 5
51.597979746446654 2 2 8
877.43930720627941 485.0124919942395 4 4
236.83474570185402 823.51440124643136 4 9
1 381.96551211459376 1 6
999 254.29437251522862 1 7
2 313.53910524340097 2 5
998 546.98066401624385 2 8
596.51304160704183 434.98066401624385 4 4
736.62403108171372 418.13476180074008 4 9
999 981.17157287525379 1 6
117.25483399593904 1 1 7
372 998 2 5
2 649.01933598375615 2 8
876.61534998545858 401.26352087332953 4 4
681.32370682947737 469.96262484385738 4 9
472.52759236108932 96.141041611890927 8 3
432.67489429660759 471.73112690365451 8 10
157.74063730178793 892.28904712361918 4 4
486.41442363768158 643.45590879657061 4 9
144 998 2 5
136 998 2 8
213.57359312880715 1 1 6
961.23044737829957 1 1 7
710.70152743975734 155.06982115577517 4 4
504.08016259640709 171.64610000674568 4 9
998 16 2 5
560.11774900609146 2 2 8
429.17157287525379 999 1 6
990.82842712474621 999 1 7
896.08195165532527 434.98066401624385 4 4
501.56621363013846 528.72195252186714 4 9
2 920 2 5
301.25483399593907 2 2 8
695.62398797456933 216.84314818698749 4 4
482.72847106844057 790.27907350935038 4 9
338.82842712474621 999 1 6
1 514.19090885900994 1 7
892.28904712361918 240.72130131803175 4 4
521.77839182925982 249.99756140295815 4 9
268 998 2 5
2 781.01933598375615 2 8
959.03249974568701 597.84588937316494 4 4
276.17058391847024 549.15200931819788 4 9
999 423.66695551725911 1 6
999 74.828427124746185 1 7
481.01933598375615 2 2 5
197.65685424949237 2 2 8
383.44038070032627 561.19969504364315 4 4
639.44638364410844 304.86359299220322 4 9
910.94617613083767 1 1 6
873.28932188134524 1 1 7
2 673.01933598375615 2 5
264 998 2 8
11.23069374152494 147.42302030614371 4 4
473.222027865379 849.79221250603746 4 9
482.45971881108892 782.28358901970444 4 4
561.08722525556527 936.31361912326417 4 9
140 998 2 5
998 346.98066401624385 2 8
999 320.15223689149764 1 6
1 399.90663761154804 1 7
707.05796646587771 162.19193203876634 4 4
520.36680641620455 905.72507534958982 4 9
998 619.54920651116765 2 5
368 998 2 8
672.84575481494448 90.338334798334245 4 4
486.77341840143953 680.33492080891369 4 9
276.68629150101526 999 1 6
1 213.57359312880715 1 7
2 309.53910524340097 2 5
2 948 2 8
765.83489214900578 51.466601669866705 4 4
980.51704264769978 105.84139523717066 4 9
999 77.299423149111959 1 6
1 43.573593128807147 1 7
963.42722654430327 604.53067630810347 4 4
190.2889372969195 817.80287229399687 4 9
9.6568542494923797 2 2 5
56 998 2 8
78.257115840674984 812.55779602805012 4 4
482.26761426354386 686.94534659481599 4 9
48.769552621700463 1 1 6
999 549.80909114099006 1 7
803.14718625761429 998 2 5
2 924 2 8
470.87494685163375 739.13749885352843 8 3
496.89306000659838 637.60798781146707 8 10
109.0206342895377 753.82307897246494 4 4
102.86818044768488 472.87101589023797 4 9
148.68629150101523 999 1 6
215.57359312880715 1 1 7
628.11774900609146 2 2 5
998 326.98066401624385 2 8
717.46170342796336 285.42847084846801 4 4
598.03498498940269 305.54036278734168 4 9
415.44784744203434 763.3815477599228 4 4
512.69960146653852 200.07687864769076 4 9
998 48 2 5
206.74516600406096 2 2 8
557.28932188134524 1 1 6
298.42640687119285 1 1 7
285.90835455460444 853.65912751340181 4 4
403.01418079626563 501.4260045066311 4 9
457.01933598375615 2 2 5
560 998 2 8
932.54962839540883 505.24733403279947 4 4
663.17490420457443 114.70707135852258 4 9
1 915.31370849898474 1 6
999 625.20606076065997 1 7
2 453.01933598375615 2 5
2 669.01933598375615 2 8
483.0107678160125 114.10761736013345 4 4
12 357.82337649086281 4 9
365.17157287525379 999 1 6
999 622.37763363591387 1 7
508.68094696475578 193.15947913665332 4 4
178.81027585674551 627.30219284084183 4 9
52 998 2 5
998 791.14718625761429 2 8
722.74152242991511 274.65240889121156 8 3
470.83317860325928 723.13755337195175 8 10
367.82987911258635 578.16634758072644 4 4
292.88566947915689 624.05144420206409 4 9
1 215.57359312880715 1 6
999 616.23549801218292 1 7
998 474.98066401624385 2 5
2 841.01933598375615 2 8
576.66502748615926 534.63671061257628 4 4
871.08040957647916 257.42737083148313 4 9
46.769552621700463 1 1 6
217.57359312880715 1 1 7
2 190.46089475659906 2 5
304 998 2 8
120.26355985465798 32.697543381215475 4 4
65.910123329718175 808.93200642908187 4 9
734.61701420822192 272.92825836896418 4 4
110.47572294147308 475.34594966818167 4 9
485.01933598375615 2 2 5
453.01933598375615 2 2 8
554.27416997969522 1 1 6
296.42640687119285 1 1 7
516.44122126545847 281.30867696946132 4 4
935.85433316639535 149.20002702084554 4 9
998 350.98066401624385 2 5
2 206.74516600406096 2 8
670.19762235166502 110.87543596008956 4 4
67.742277375966523 816.71938156778015 4 9
557.17157287525379 999 1 6
564.76955262170043 999 1 7
799.14718625761429 998 2 5
2 301.25483399593907 2 8
518.18532542924618 583.47778921717202 4 4
315.47724275742814 912.74100621802734 4 9
1 450.19090885900994 1 6
999 788.31875913286808 1 7
511.42989128590006 861.50109341272116 4 4
526.87558001858292 305.47403134406801 4 9
13.65685424949238 2 2 5
998 330.98066401624385 2 8
395.63074110088411 792.42056637081623 4 4
571.43159442483602 944.68674996249331 4 9
1 217.57359312880715 1 6
219.57359312880715 1 1 7
2 194.46089475659906 2 5
201.65685424949237 2 2 8
464.52407944000089 708.43397327225591 8 3
528.61196755777473 589.4179183339163 8 10
218.64796907131611 634.07931338991818 4 4
18.905187774942398 364.12940293192429 4 9
161.40493077457705 506.16089346642678 4 4
570.22982940860913 19.850559463309828 4 9
2 202.74516600406096 2 5
998 478.98066401624385 2 8
44.769552621700463 1 1 6
301.17157287525379 999 1 7
89.254833995939038 32 4 4
482.73137166666714 383.92930961803711 4 9
2 952 2 5
998 458.98066401624385 2 8
450.19090885900994 1 1 6
487.84776310850236 1 1 7
275.50957478193254 541.17936440440587 4 4
939.33746654664003 108.92997636081982 4 9
588.11774900609146 2 2 5
332 998 2 8
527.76641114539279 902.68437644115204 4 4
488.93200642908181 65.910123329718175 4 9
294.42640687119285 1 1 6
1 298.42640687119285 1 7
906.74516600406093 972 4 4
743.26161778052835 422.60045803041351 4 9
998 394.98066401624385 2 5
998 542.98066401624385 2 8
999 786.31875913286808 1 6
16.485281374238571 1 1 7
539.99614441110089 917.62882319300365 4 4
43.629337994896318 93.040524066585306 4 9
998 390.98066401624385 2 5
2 9.6568542494923797 2 8
751.96544860707706 139.63087224564845 4 4
699.15876951376595 156.70464460271708 4 9
221.57359312880715 1 1 6
1 219.57359312880715 1 7
998 482.98066401624385 2 5
440 998 2 8
498.90080559274406 160.64287965283739 4 4
48.073782439340768 86.388688712320516 4 9
558.75495521289042 308.64614795272479 4 4
156.51703455535551 499.82776860186584 4 9
688.85281374238571 998 2 5
795.14718625761429 998 2 8
1 954.82842712474621 1 6
590.94617613083767 1 1 7
453.87235932963102 702.90759482970043 4 4
134.01727956419199 530.12003890517246 4 9
2 888 2 5
2 741.01933598375615 2 8
1 296.42640687119285 1 6
292.42640687119285 1 1 7
518.25999782992142 289.09918733840124 4 4
951.0800700694889 531.20463576936265 4 9
2 837.01933598375615 2 5
2 13.65685424949238 2 8
19.224476484405884 147.7383573633044 4 4
707.01100399817005 207.61228047352336 4 9
18.485281374238571 1 1 6
999 784.31875913286808 1 7
310.43371212560993 803.97771610388952 4 4
747.34271591804509 270.99584059521851 4 9
998 386.98066401624385 2 5
2 305.53910524340097 2 8
1 221.57359312880715 1 6
223.57359312880715 1 1 7
41.871735720575977 100.84506340246567 4 4
583.4760123552461 948.74214222478031 4 9
276.13235077130224 529.19553571458118 8 3
99.313476906080325 38.543982182605973 8 10
998 683.83347775862956 2 5
692.85281374238571 998 2 8
487.1191162010615 493.3678675453167 4 4
405.50379450903404 543.62965364102854 4 9
999 485.80909114099006 1 6
1 743.84776310850236 1 7
400 998 2 5
584.11774900609146 2 2 8
476.81466766200492 109.04714871765501 4 4
980.37066200510367 114.05788895574999 4 9
495.2526128704792 819.79701025546865 4 4
618.95382244430471 402.98066401624385 4 9
184 998 2 5
2 737.01933598375615 2 8
1 890.82842712474621 1 6
290.42640687119285 1 1 7
506.63976252720471 620.00813095778369 4 4
387.45081406505489 647.40596045584709 4 9
305.25483399593907 2 2 5
534.96046148071048 2 2 8
1 294.42640687119285 1 6
1 16.485281374238571 1 7
900.20118382145495 961.94135708985868 8 3
289.42733823191645 520.29366465159057 8 10
315.49517491568179 765.61542449675062 4 4
879.69085545466976 260.32889969582317 4 9
2 777.01933598375615 2 5
396 998 2 8
563.58486372122013 26.016979693856296 4 4
493.45211943276007 74.498071128976719 4 9
1 834.19090885900994 1 6
999 782.31875913286808 1 7
71.256200268106198 904.94173320663981 4 4
112.83878798724615 35.676261682245276 4 9
998 988 2 5
180 998 2 8
20.485281374238571 1 1 6
999 384.15223689149764 1 7
509.70515510213568 177.33463754380188 4 4
169.27159830543715 504.7064031918249 4 9
436 998 2 5
696.85281374238571 998 2 8
480.41230291454605 710.32192317172689 8 3
937.50786942592231 936.52842220221248 4 4
539.27199419114697 909.66166520166564 4 9
1 223.57359312880715 1 6
404.68629150101526 999 1 7
998 687.83347775862956 2 5
176 998 2 8
185.97878715578807 630.85359337520845 4 4
772.65318614020384 142.68568431844125 4 9
183.64212682340718 828.45480190073476 4 4
488.85271588640057 375.28061843221991 4 9
2 773.01933598375615 2 5
998 691.83347775862956 2 8
288.42640687119285 1 1 6
537.78888860545669 1 1 7
277.80354729566301 517.31247625260062 4 4
176.47945581956375 810.30214883532017 4 9
998 695.83347775862956 2 5
791.14718625761429 998 2 8
532.13203435596427 1 1 6
1 18.485281374238571 1 7
345.58543343153838 501.78692064252198 4 4
525.02880060899565 572.1678136151935 4 9
48 998 2 5
2 198.46089475659906 2 8
482.78689583445316 722.08463155307879 4 4
459.2173746930219 422.78493224186036 4 9
1 292.42640687119285 1 6
999 780.31875913286808 1 7
522.63496002573174 602.21103057404389 4 4
874.07306441532523 972.95278186080884 4 9
9.6568542494923797 998 2 5
872.06722470107184 168.34665015538511 2 8
759.96004766028705 139.33695732868429 4 4
117.34884511024998 479.43987097336912 4 9
999 990.82842712474621 1 6
699.68124086713192 999 1 7
13.65685424949238 998 2 5
109.39387611676811 571.06946161269002 2 8
269.96319968864117 518.90274333742218 4 4
777.13641021480157 136.05992384156409 4 9
173.17157287525382 999 1 6
1 770.19090885900994 1 7
2 990.34314575050757 2 5
550.58663572178205 264.88425903847627 2 8
511.75629482870949 208.02106976995285 4 4
94.247873384946274 549.30059643749541 4 9
813.88084714901584 97.407312233675299 4 4
866.15107203022819 974.06724884123662 4 9
2 986.34314575050757 2 5
983.14568662139732 626.21521293348076 2 8
788.31875913286808 999 1 6
999 698.66190488337577 1 7
148.73471924011017 497.9742399848497 4 4
933.26532872312453 929.74602967559588 4 9
337.02645993007542 826.62346211260319 2 5
823.32858143469957 245.91802907395009 2 8
1 20.485281374238571 1 6
45.171572875253808 999 1 7
507.6948406869588 185.22048710939384 4 4
51.612218615703306 93.563608184050423 4 9
559.48126686750788 523.93029006084487 2 5
512 956.51087470692391 2 8
589.46598468567083 64.883518703126157 4 4
123.14813351358215 484.95061085245766 4 9
999 778.31875913286808 1 6
1 290.42640687119285 1 7
375.76995387768875 579.14369742831661 4 4
566.11096442693633 33.607685538807765 4 9
251.3168859205652 947.75678524535124 2 5
990.07472026834512 150.669789819046 2 8
395.4693236918954 36.572773455695966 4 4
126.52802449213083 532.93269929448479 4 9
701.68124086713192 999 1 6
16.485281374238571 999 1 7
91.877075759835179 822.37565053466733 2 5
458.11325473210877 817.26879680435457 2 8
306.03037172395966 791.06661764620958 4 4
807.93662822721092 491.98391406313885 4 9
1 983.51471862576136 1 6
999 700.66190488337577 1 7
378.56276379935582 712.91611499563032 2 5
440.6008168302086 601.44856718247718 2 8
456.94301125328622 435.96037905260687 4 4
502.25483413278738 626.69934930542661 4 9
593.28605326381899 522.67756045104716 4 4
321.48892606668051 516.39218075518534 4 9
901.0852488647198 306.98066401624385 2 5
338.33262304085503 746.22186987431962 2 8
786.31875913286808 999 1 6
1 288.42640687119285 1 7
483.71163420508537 694.81394281068765 4 4
270.02021281098928 585.78076768607798 4 9
202.34377918255777 538.58840081216522 2 5
828.11774900609146 20.510874706923943 2 8
999 776.31875913286808 1 6
18.485281374238571 999 1 7
454.68326246323812 88.29501731622868 4 4
811.70480886485893 289.21756587331953 4 9
979.48912529307609 402.98066401624385 2 5
820.42948561932678 155.62700395146479 2 8
14.954495210709627 154.50350776239262 4 4
517.48595133231856 569.50221334708647 4 9
703.68124086713192 999 1 6
999 702.66190488337577 1 7
856.55262483511069 159.24875387483297 4 4
479.79830416072059 731.11417695207354 4 9
164.81950195897218 603.06946161269002 2 5
478.52859087751051 388.21143918617213 2 8
928.97875207071297 145.11023673322751 4 4
459.74875382291191 94.487011929038843 4 9
1 981.51471862576136 1 6
784.31875913286808 999 1 7
183.54986031645598 822.45551136837219 2 5
788.18761269122103 370.17024520831615 2 8
20.485281374238571 999 1 6
999 704.66190488337577 1 7
994.38465312923756 265.26915386317199 2 5
958.05887450304579 34.000000000000043 2 8
642.25845901612195 191.88018201131916 4 4
510.24206340132332 627.15119951494626 4 9
20.510874706923943 597.01933598375615 2 5
741.78443914560387 136.20553630343557 2 8
705.68124086713192 999 1 6
782.31875913286808 999 1 7
137.01708289725093 500.56209595775556 8 3
408.74983046257228 759.00701137959197 4 4
434.49749880466328 691.13804367704597 4 9
993.78569688954349 540.81993668340147 2 5
182.16072733284238 993.78569688954349 2 8
1 979.51471862576136 1 6
999 706.66190488337577 1 7
523.06283615169684 242.10134694395572 4 4
482.85830949128916 738.50581867613539 4 9
704.68555273412176 213.14330898714863 2 5
797.95184601613767 90.780306082522372 2 8
901.60951132625496 501.34839709830993 4 4
588.69627479709379 529.22995952515623 4 9
780.31875913286808 999 1 6
707.68124086713192 999 1 7
480.59237587089973 746.1782071457053 4 4
560.55401743470441 433.26352087332953 4 9
65.941125496954271 33.999999999999993 2 5
55.597979746446654 5.9999999999999991 2 8
178.30162328899931 635.28600600031177 4 4
177.07897387520688 506.45136356746752 4 9
999 708.66190488337577 1 6
709.68124086713192 999 1 7
175.32430254039934 9.8146689974481589 2 5
454.89049782258263 505.31408837702725 2 8
161.71714314291432 932.04097582766269 4 4
211.12924520654894 631.34640441862393 4 9
778.31875913286808 999 1 6
711.68124086713192 999 1 7
383.17940531191005 567.19401667720945 2 5
278.38731105467429 662.58408147062721 2 8
348.49358962548445 757.72596197313089 4 4
544.41323925857705 472.28297488067744 4 9
657.41449522133939 409.03078964517766 2 5
664.54431397414703 108.86543486837712 2 8
999 710.66190488337577 1 6
776.31875913286808 999 1 7
819.63340399251831 290.28404573794683 4 4
269.87778345625543 593.77949970302359 4 9
800.3087774054776 481.09133480955938 2 5
964.40001363595388 85.124414264373456 2 8
181.10136777651408 797.45058846995869 4 4
448.97357796601148 436.65904426547905 4 9
750.11774900609146 4.2360679774997898 1 6
860.83789538138478 492.54515922291557 1 7
449.24040138964631 878.59700809754099 2 5
45.535509782166521 724.20891717582856 2 8
421.99382795202604 466.26168253126644 4 4
496.23715508383867 919.91304964147366 4 9
857.11430790975669 479.84685503165656 1 6
2.7320508075688772 380.96551211459376 1 7
467.45400558718512 471.21128695891747 4 4
414.44810138538577 463.60423816091748 4 9
682.66237263612027 63.382791816699189 2 5
901.82925915916326 5.6153468707624681 2 8
119.84485471351546 537.32988495240306 4 4
408.31037931715758 766.99493242895107 4 9
123.41027109453798 4.9626398658274571 1 6
889.7068545978691 376.36301622619237 1 7
241.08265901972445 827.75176274196826 2 5
412.12730472849279 934.22127546318472 2 8
893.67596129261733 502.37736933494602 4 4
82.261796651521536 449.42966860655781 4 9
684.94248014642199 466.5123379455589 1 6
646.31569515214164 467.64472115904596 1 7
558.05236883000714 364.93053838731004 2 5
994.53589838486221 681.83347775862956 2 8
293.26473175564553 850.51528997370565 4 4
879.73644014534204 967.3024566187845 4 9
452.35323278656108 429.40797997849774 4 4
185.58847498524889 811.32941463548354 4 9
835.1804980410277 409.03078964517766 2 5
702.49023407521202 151.71451996741698 2 8
878.94617613083767 997 1 6
153.57225424080016 889.5277824392997 1 7
821.42082621116788 94.733603995607865 4 4
441.91551906532993 440.42518347619733 4 9
740.42986780335616 132.44187631895753 2 5
514.52275724257186 907.08415196853491 2 8
263.02189300888358 589.65678625510668 4 4
313.66513581674144 514.72235857155056 4 9
987.87689437438235 16 1 6
990.82842712474621 997 1 7
617.13375268547907 266.21784265012371 2 5
993.78569688954349 220.81993668340147 2 8
720.26712762931675 478.92636823904314 4 4
234.276019956075 597.26782007429802 4 9
500.61929489215157 533.63146827228991 1 6
924.19217355300384 433.86798726078393 1 7
300.7449459499349 524.2826188429857 4 4
887.16121201275382 964.32373831775476 4 9
366.7504940885147 826.51505895004698 2 5
525.97102193319506 130.75135891097594 2 8
323.34862615190269 836.92711092914396 1 6
286.26368614699305 894.85644135600671 1 7
566.02049789016382 942.09444706883698 2 5
805.69071741431719 126.35767946132653 2 8
796.20407459683213 146.92110377691947 4 4
340.49407735525165 757.81429904572792 4 9
678.41933236296745 220.67858987541831 1 6
57.168640350790071 522.36270832489708 1 7
123.3168859205652 947.75678524535124 2 5
256 979.48912529307609 2 8
600.33671243707533 526.4575346867498 4 4
133.98385463289947 760.59677024851953 4 9
396.65157641519272 496.5765441768674 4 4
138.28695524644272 512.4947161317474 4 9
610.16787463502521 65.457375567640071 2 5
330.43595720475315 613.76537292518935 2 8
945.13248044007321 216.36301622619234 1 6
984.51471862576147 2.7320508075688772 1 7
522.98651630758957 295.55364495157534 4 4
300.73713673133346 516.28262265448006 4 9
345.97079315420302 646.4189013740372 2 5
486.89394299002703 637.47510105925562 2 8
319.02313937254149 508.78166855303976 4 4
578.00853606011788 542.52309030871697 4 9
636.92931154143923 309.18381845275093 1 6
655.20400647615588 308.38477407396789 1 7
9.3453028689704123 411.66653144655908 2 5
948.4920345657813 996.07797541318371 2 8
2.807673435381234 139.14424492346407 1 6
2.8076734353812349 156.85575507653593 1 7
488.83985568557495 135.96768718714046 4 4
436.89812397535053 446.65621441104679 4 9
473.32462680337954 450.26828533878194 2 5
949.47055354328847 9.3453028689703928 2 8
133.26365131981098 522.15561523052588 4 4
486.00307563173834 485.44609669230505 4 9
997.26794919243116 879.94617613083767 1 6
478.20758725442209 792.41486599462269 1 7
93.724530234014054 563.6079037567049 2 5
994.38465312923756 393.26915386317199 2 8
728.23428562065476 478.20221801908917 4 4
515.03353280809688 296.4197012181055 4 9
353.9545371433129 896.65991024199161 2 5
310.28848984692814 994.38465312923756 2 8
722.34735658184275 172.11858227780615 1 6
711.8121776760488 364.48563505083541 1 7
85.120721060727661 475.78687100338522 2 5
436.11735094908414 65.988033526481459 2 8
270 995.76393202250017 1 6
4.2360679774997898 315.53910524340097 1 7
934.70280489276229 143.31156519834693 2 5
224.75131784770232 760.46661179859234 2 8
420.52237900257205 458.39816944937036 4 4
569.1979821666763 937.00488975286964 4 9
992 96.784704523350527 1 6
4.2360679774997898 50.402020253553339 1 7
821.96633722803642 375.66377809567865 2 5
584.49664336528974 177.87539530992277 2 8
479.5835545000424 669.42335755071247 1 6
601.05382386916233 997 1 7
127.58720353895933 491.60603400277637 4 4
301.61871713867015 853.27413223846747 4 9
393.33112858158199 705.70403291328137 2 5
519.59858465746072 210.84579716570923 2 8
141.87606997538202 759.28797806185162 4 4
426.83807167541823 693.44741070109933 4 9
812.80404050710672 993 1 6
95.487883590502619 693.01933598375615 1 7
932.81758891244465 439.66377809567865 2 5
921.46286286206509 507.50023349158488 2 8
309.03687235655462 903.0226129461646 4 4
462.57843277786503 87.00417042250568 4 9
683.79018326061112 119.99215906667251 4 4
114.29780330383309 543.09445090816598 4 9
865.34482361288497 148.69343715312783 2 5
116.20085560909497 473.55071822401391 2 8
997.19232656461872 901.88941092752498 1 6
622.11774900609146 4.2360679774997898 1 7
791.17053249695562 168.33278774441362 2 5
296.78955929004979 692.72602644696792 2 8
601.53263519679012 301.96734683065154 1 6
714.12240547256135 297.27845830383944 1 7
434.72417591047008 454.35517212045153 4 4
110.16079872775938 549.94172723803217 4 9
50.062902144450604 792.21427451671525 2 5
300.54984378624249 793.50870968458605 2 8
987.87689437438235 48 1 6
2.7320508075688772 117 1 7
505.65993451675661 465.59869057414397 4 4
686.10016858699646 110.31860445376606 4 9
797.17522063034585 460.80153693853873 2 5
970.36400445434845 905.23050527652561 2 8
789.18431919080024 274.91646560855929 1 6
4.2360679774997898 675.01933598375615 1 7
452.67829824688039 852.2151294437399 2 5
324.51043837650832 511.20850798758522 2 8
897.50010121603987 54.867519559926791 1 6
2.7320508075688772 107 1 7
640.67938240236083 261.5699053403597 2 5
43.489125293076057 469.01933598375615 2 8
479.6618672438384 934.00168142041127 2 5
6.2143031104565338 881.83927266715762 2 8
995.76393202250017 797.14718625761429 1 6
997 622.37763363591387 1 7
439.44366109517438 520.80706408704361 2 5
517.7621567052463 168.79448128784557 2 8
997.26794919243116 911.74516600406093 1 6
377.62236636408613 2.9999999999999996 1 7
667.19595949289328 991.52786404500046 2 5
581.7105318633503 531.38972961790671 2 8
493.42155071806712 488.44046263412298 4 4
584.37679592176517 536.76476784761314 4 9
634.87413153184764 497.98973451389725 1 6
130.30585689488376 29.460731793388653 1 7
77.204272922882808 452.65789625253575 2 5
712.26434973187804 171.21844874828042 2 8
722.12761202298941 283.63144636815019 1 6
931.70782679277124 80.865577681484922 1 7
546.56324353693117 396.93053838731004 2 5
767.94439793657239 335.10796874473664 2 8
557.28932188134524 2.9999999999999996 1 6
522.17214483561054 270.96502095825105 1 7
5.4641016151377544 192.46089475659906 2 5
994.38465312923756 284.69217416931571 2 8
558.91624234257836 85.814756169376608 2 5
512.62669988573202 620.40383421158595 2 8
995.76393202250017 352.98066401624385 1 6
73.071969617785271 551.26152112298303 1 7
5.6153468707624699 945.7115101530718 2 5
532.91581589762666 905.76392684627149 2 8
200.860268744991 519.22819399998878 1 6
304.4891283441155 925.26497728739184 1 7
771.19088547027047 136.86660563271164 2 5
272.99438716614173 513.72472224087926 2 8
4.2360679774997898 455.01933598375615 1 6
499.18720722714244 873.45460550822418 1 7
854.17703777705117 982.21433038786824 2 5
404.04748264296103 669.93411193681879 2 8
518.48976083030493 318.05954359654856 1 6
997.26794919243116 144.72583002030481 1 7
899.03886437562926 371.7910828241715 2 5
919.50838193754907 504.01024719996377 2 8
536.92568882408989 469.46577973461274 4 4
972.95278186080884 874.07306441532523 4 9
475.59345540097809 854.19406796066141 1 6
842.11774900609146 4.2360679774997898 1 7
332.3241122710848 564.6900401966858 2 5
5.4641016151377544 843.01933598375615 2 8
205.22869224947911 632.43428069872857 2 5
674.42466649775861 148.75448529125035 2 8
995.76393202250017 324.98066401624385 1 6
545.97083308098217 304.57678896615562 1 7
329.9288261521308 685.12411932810755 2 5
764.87908272040863 208.37611552091334 2 8
390.88667799557845 790.84136870969917 1 6
315.08301473386132 4.907334498724083 1 7
77.992066314625319 846.89891067403289 2 5
311.27565097163972 788.1533642048048 2 8
196.91698526613871 4.907334498724083 1 6
405.07821048680182 4.2360679774997898 1 7
974.06724884123662 866.15107203022819 4 4
144.50423071309626 491.1843234299277 4 9
675.65290503147151 113.37341331855447 2 5
449.80771815100735 580.39546840654702 2 8
600.31390428315319 83.67266660238775 4 4
364.12940293192429 18.905187774942398 4 9
14.154476591975602 362.57031882385502 1 6
47.769552621700463 2.7320508075688772 1 7
512.46921842278334 901.89238465890344 2 5
939.6891258028021 990.07472026834512 2 8
995.76393202250017 196.98066401624385 1 6
995.76393202250017 452.98066401624385 1 7
491.55956734117336 141.31588020071075 2 5
952.22464511781118 6.4444444444444295 2 8
67.284980306394147 891.00889432504846 2 5
449.04072733284238 982.05430311045654 2 8
933.74516600406093 997.26794919243116 1 6
929.66234675719352 114.13722640067502 1 7
434.43156741531908 674.34848655469966 2 5
964.96677264540131 598.73155587457268 2 8
280.28067637493723 551.99931330605966 1 6
334 995.76393202250017 1 7
168.17239205287001 735.63870269033202 2 5
605.66781827675879 489.30153260646995 2 8
106.29938576740028 542.93533801464685 4 4
131.13143404738179 484.43397501646234 4 9
725.11204295917696 434.01631706608043 1 6
739.25006031848284 405.33396783684952 1 7
730.60146865452816 268.47007556582452 2 5
804.26566455713407 305.0758637697835 2 8
543.78766316460155 932.93191258365027 1 6
995.76393202250017 516.98066401624385 1 7
910.03183207404936 177.0758637697835 2 5
6 56.402020253553339 2 8
911.60092108059689 997.19232656461872 1 6
27.630688046735418 81.607757821504109 1 7
458.31102445627732 430.11841535223675 2 5
617.88225099390854 984 2 8
816.26528679717399 285.31858638775316 2 5
744.36657863224491 133.15061311757165 2 8
63.47139811105189 69.540229775257558 1 6
563.6582231333764 307.66739175226786 1 7
516.78836298055785 231.43458762253275 2 5
182.95202817210364 818.50043908999612 2 8
814.11774900609146 4.2360679774997898 1 6
801.14718625761429 995.76393202250017 1 7
691.754164072967 119.23386517877231 4 4
493.64118405268749 515.48161189297832 4 9
388.17050053745407 488.08705938943541 8 3
