493.49033200812187 507.40500673763256 64 6
543.01301519551487 463.77584389990324 2 11
555.71674866179251 484.26162514590493 2 11
557.49033200812187 491.28049124103541 2 1
548.12410384925226 466.9185772283351 4 10
501.23572255113629 439.84755766400201 4 2
479.33367904891696 442.94114727364581 2 1
475.45457205189086 443.91712314712993 2 11
559.7156855190417 484.1694079472166 2 11
557.49033200812187 474.42016173269127 8 3
490.05604572229328 435.48695839295783 8 3
557.49033200812187 530.38325732378462 4 10
447.52609196435287 460.04163864372708 2 1
499.94313104015362 433.98844449000245 2 11
545.39008075025436 551.34150728676059 4 10
438.73805024736436 468.88016748309354 1 0
442.51295377774699 461.25623817593998 2 11
435.94313104015362 469.97031730085462 2 11
429.49033200812187 484.42675615148045 4 2
437.23572255113623 464.111204126855 4 2
551.26705103565246 552.55031672771827 2 1
566.85656016699147 466.91857722833504 4 10
501.23572255113623 574.96245581126311 4 2
482.41988006919985 572.86635514205022 2 1
435.02558485894622 537.5868707802772 1 0
442.48038993893863 549.28562051177119 2 1
447.52609196435287 554.76837483153804 2 11
560.92461829395052 546.33821007736594 8 9
477.86953854723907 573.36246848795918 2 1
431.1111696239771 534.47602630196559 4 2
480.50027407730511 576.37564464790205 2 11
490.05604572229328 579.32305508230729 8 3
440.25503642801874 553.14004585748614 2 1
426.05604572229328 468.47180339789918 8 3
432.92461829395046 546.33821007736594 8 3
570.48038993893874 549.28562051177119 2 11
568.2550364280188 553.14004585748614 2 11
488.76980688758408 589.23998957135609 2 1
575.52609196435299 554.76837483153804 2 1
493.49033200812187 595.2780078358885 4 2
417.3900807502543 551.34150728676059 4 10
557.49033200812187 396.55375505322445 64 6
493.71259963796643 601.27388951423427 2 11
621.49033200812187 507.4050067376325 64 6
429.49033200812187 396.55375505322445 64 6
557.49033200812187 618.25625842204067 64 6
365.49033200812187 507.40500673763256 64 6
429.49033200812187 618.25625842204067 64 6
495.1111696239771 369.48273548889142 4 10
618.35433450137793 435.01897571424399 8 3
378.48038993893863 438.43436882736302 2 1
612.12410384925226 577.76982891274326 4 10
376.25503642801874 442.28879417307797 2 11
493.49033200812187 641.23450900819284 4 2
496.92461829395052 357.62055171349101 8 9
483.28170620874943 358.31126478901626 2 11
378.33436729337325 575.93829160935059 2 1
376.25503642801874 572.52121930218709 2 1
368.92461829395046 435.48695839295783 8 3
625.34641820945251 420.62763229469908 8 9
621.49033200812187 585.27141341709944 8 3
481.39008075025424 352.61725450409642 4 10
496.63188109755112 648.59186378546883 4 2
504.2550364280188 350.81871593337081 2 1
634.31364535132707 433.87862612105141 8 9
511.52609196435299 349.19038695931886 2 11
476.30862871364337 349.42682425103914 2 1
619.26497849720204 595.02065963162477 2 1
633.59058326598949 574.31975787291265 4 10
368.92461829395046 579.32305508230729 8 3
630.72176862065874 581.4268616787673 2 11
357.7449414651075 439.84755766400201 4 10
634.79915446527195 423.89041902967227 2 11
487.10045494220356 654.38206271094191 4 10
638.67203530260031 571.12932761985542 2 1
365.49033200812187 419.53200563937656 4 10
621.49033200812187 602.13174292544363 2 11
628.98758408042431 405.04745543113074 8 3
640.79816664488362 423.78154814802321 4 10
365.2680643782773 413.53612396103074 2 1
635.87658478704043 414.87301746412624 4 2
353.3900807502543 574.31975787291265 4 2
365.49033200812187 595.2780078358885 4 2
361.50498718121901 590.79280699192645 2 1
640.5214482233481 408.35955113212975 4 2
365.49033200812187 602.13174292544363 2 1
629.09802145399851 389.04783657359172 8 3
637.98686161209764 397.10938237100333 4 2
638.86924405503692 391.1746202675663 2 11
549.74494146510756 328.9963059795939 4 2
673.39008075025424 551.34150728676059 4 2
621.49033200812187 634.38077391863771 2 1
527.98934383109247 679.52363715313027 4 10
639.58726307422933 383.2189593032748 4 2
612.79237172756348 356.98502493878556 4 2
575.52609196435299 333.06587146272182 2 1
551.03753297609023 323.13719280559428 2 11
458.99132018515127 679.52363715313027 4 2
438.85656016699153 326.18893287811375 4 10
427.43276996268878 330.54417101009682 1 0
429.78563937166149 328.68298710077443 2 11
560.92461829395052 324.63570670854972 8 3
318.67203530260031 460.27807593544736 2 1
535.38894856028071 682.56433606156816 4 2
619.98913078270425 642.9365093619241 2 1
686.24319255547948 486.64285244347354 4 10
683.15733632674369 537.66782267368603 2 1
493.49033200812187 689.81043370203395 32 5
425.84454045707525 327.99907237988646 2 11
631.05955138977492 365.12812921102034 16 8
623.67266267029572 641.37715281735314 2 1
617.51038660025256 353.27822906349309 2 11
688.23345263641534 494.3913274424803 4 2
417.73932108521831 330.58356723928267 1 0
363.86949439226657 369.48273548889136 4 10
370.56486910517157 362.87411475574936 2 1
683.51559562945067 543.65711731262502 4 2
411.45457205189075 333.06587146272187 2 11
689.29993250104258 502.31992257013968 4 10
313.59058326598944 463.46850618850459 4 2
645.99517457937861 378.4295261278171 4 10
531.75806330897308 687.34101611070651 2 1
371.94313104015356 359.11906561644645 2 11
415.01301519551481 329.33166620654566 2 1
554.68332452713673 316.82249660537627 2 11
420.12410384925221 326.18893287811375 4 10
615.10045494220356 654.38206271094191 4 10
624.03615990040748 647.36613184250439 4 2
693.198911986609 497.75944463782469 2 1
527.45562226707011 691.34635610417513 2 11
313.59058326598944 551.34150728676059 4 2
373.23572255113618 353.25995244244683 4 2
429.49033200812187 318.68734837375757 8 3
687.97113478741437 550.30152630153077 4 2
559.11116962397716 312.77352293314937 4 10
586.3987502461531 677.58840278725859 2 11
650.04671062034276 371.41205985617074 4 2
362.05604572229322 357.62055171349101 8 9
303.71568551904176 530.64060552804858 2 11
301.49033200812187 491.28049124103552 2 11
301.49033200812187 484.4267561514805 4 10
428.07560760260702 686.24154032081958 4 2
301.49033200812187 523.52952223422972 2 1
363.40887734243705 646.36486464295376 4 10
627.88020907404018 654.38206271094191 4 10
702.28634185523435 489.28443461174021 8 9
301.49033200812187 540.38985174257391 8 9
581.31551386941214 686.20006394746326 8 9
299.26497849720204 530.64060552804858 2 1
650.99052566744251 363.46792911978002 4 10
298.05604572229322 468.47180339789918 8 3
493.49033200812187 285.70250336881628 64 6
446.29849612359101 698.58144423945248 16 4
640.89474343293068 350.05268568606073 2 11
416.41087816616175 689.05829149451699 8 3
352.50027407730499 354.67314127908571 2 1
354.41988006919979 351.16385177323389 2 11
463.09645509472375 705.04894564294216 2 1
401.0974662713711 684.42154520638735 8 9
659.91745987328727 364.97770655356976 4 10
387.18617120308659 676.51737734866037 8 3
685.49033200812187 618.25625842204067 64 6
465.09645509472375 708.51304725807995 2 11
650.79386064896323 351.46954077506859 8 9
659.8794620967733 358.97782687402787 2 11
365.49033200812187 666.25625842204067 16 8
292.12410384925221 547.89143624693008 4 10
407.01539236071778 692.48244781099868 2 1
288.50027407730499 465.52439296349388 2 1
301.49033200812187 396.55375505322445 64 6
715.45806554744058 527.05354493983998 32 7
584.71979377497928 697.70705653130335 4 2
708.45628802326064 412.60104286915515 64 6
665.84641243650833 359.60671767785294 4 2
285.86953854723896 462.51121680355095 2 11
376.3513155950273 679.33444772809412 1 12
552.68716984162768 714.13602496953683 32 7
718.14248748544708 487.14372310537487 8 9
509.14282931910003 719.99319911426585 2 1
517.27801418393017 720.63153846801788 4 2
301.49033200812187 618.25625842204067 64 6
374.6492865814277 684.03584084469958 4 2
482.51443073371303 721.99007930627317 2 11
621.49033200812187 689.81043370203395 32 5
486.3696736141622 723.0564293110773 2 1
658.81436787263169 342.54365348723655 4 2
483.84594439930027 724.67840059628941 1 12
443.90619127817774 718.43785070000354 4 10
346.19543021552909 666.80988026702846 2 1
588.46167548648612 710.11299801635937 4 2
480.28048892666152 727.09920115259422 2 11
372.01035532748716 689.42435101328749 2 11
366.94842545151988 686.20303669599559 4 10
672.97272143190435 349.95188882892262 8 3
462.29849612359101 726.29425716055448 16 8
728.2287554170714 480.64240022372331 4 10
662.24180308211965 337.61895168055202 2 1
667.04191048132145 341.90046153505443 2 11
681.44165215310204 352.99774050613109 1 0
725.3022982879728 561.68143950116485 4 10
733.56912560557873 491.3885830925239 8 3
588.46682465501988 718.1129963592382 4 10
343.79449281315715 676.51737734866037 8 3
671.62478722860612 338.02783442685035 4 2
682.96214883271921 350.41160635507219 2 1
596.92972866337198 716.13108649298613 4 10
355.06530754588215 687.87381760344931 8 3
655.98934383109247 679.52363715313027 4 10
621.49033200812187 285.70250336881628 64 6
557.26806437827736 268.72013446100999 2 11
737.72630969598981 480.13168207854881 4 2
333.82058835309368 675.79541486935409 2 11
586.70507728955886 725.91660105324286 4 2
742.52423540472432 492.2863628457186 1 0
448.45394418892505 737.79766455698871 2 11
343.70535125109575 686.51698002986291 2 11
557.49033200812187 262.72425278266417 4 10
365.49033200812187 285.70250336881628 64 6
743.72505771111128 470.73978971414101 4 10
746.09799411640836 501.33983697524354 8 9
447.08265860201834 740.46591788812907 1 12
318.67203530260036 332.82943417100159 2 11
429.49033200812187 262.72425278266417 4 10
538.00420370296013 744.6317652052436 1 0
451.36748899736011 743.04278196742302 4 10
535.11778524445174 745.44943780621668 2 11
466.80335440045189 745.78030991388039 4 10
604.03544248602282 725.80108292890009 8 3
748.45159852293727 485.51389162283039 8 3
552.76980688758408 256.6862345181317 2 1
458.80602392284646 745.98696235631223 4 10
561.47567683502473 258.239051938702 2 11
557.77091937860257 256.73081714627608 2 11
749.35434608431933 524.39983701220092 2 11
746.68211189267379 546.92052979639357 2 11
502.02217092514036 753.2391947233092 32 7
584.9460097805287 737.78697095054065 8 9
691.30422842104326 334.46138039610639 16 4
313.59058326598949 329.63900391794431 4 2
750.30899184095767 466.19536330656837 4 2
745.05028474146354 564.84640885848069 16 4
462.92021138889766 750.35427978171049 2 1
563.24958380269447 254.65390841716024 2 1
753.72447405620312 515.40528413229856 8 9
237.49033200812187 507.40500673763262 64 6
597.17164173557342 735.64426530342359 4 2
564.18638977824139 747.26582700368431 1 0
741.83027514595199 583.87878313332772 2 1
542.01835904104871 752.68698444010579 8 3
756.12176872372095 494.74256916032238 4 2
650.66306569490177 707.273297420228 2 11
757.77405808058234 504.10922866016614 4 2
669.01602184044452 696.54161531909494 16 4
554.05604572229333 246.76930002908287 8 9
573.09606265140258 748.53772687916796 8 9
327.32138952004857 693.97122700696139 16 8
756.31364979339651 460.90914699674784 4 2
563.94313104015362 248.26781393203825 2 11
757.8893184313813 468.75244147950639 4 10
604.88375835165687 737.77106038051272 4 10
557.98069267271239 753.78421050225427 8 3
466.32748769610794 758.08696843610426 4 2
683.8885366590398 684.23681807152877 2 1
709.18254329998047 343.42608100959995 4 10
432.92461829395046 246.76930002908287 8 3
636.26230019017487 723.74311873414149 2 11
762.68051924646079 519.85379563054857 2 11
311.92028819723572 684.65424906105784 2 1
714.50153981721041 346.20245923485953 2 1
243.00752817890805 439.62919581357903 4 2
454.57897267900546 760.5308168137492 8 9
591.1363727516831 748.22513595791077 2 1
762.22853857153075 537.84812010993619 16 8
761.65592211579883 454.95430640834468 4 10
567.50580902071488 756.82923243271989 2 11
565.23572255113629 242.40870075803866 4 10
750.88312584772814 588.12682905720283 8 3
549.31414356312121 762.21439375258353 4 10
440.25503642801874 239.9674642489627 2 11
687.11075719157054 308.28589974005985 4 2
624.88359547065784 737.69034350848426 16 8
465.25276147899581 766.01444997554995 4 2
241.39940629474773 428.38268288483312 4 2
600.99435484224421 749.9044778236954 8 9
692.09387769644661 689.95279379399722 8 9
751.02880716178129 600.12594473106549 4 10
758.94148734084911 579.23510200076521 4 2
703.39769728623912 321.12916337092497 2 11
417.3900807502543 241.76600281968828 4 10
539.0350853397066 768.40640166921708 8 9
766.26186732273356 448.41326148029879 4 2
586.76396957517272 757.21858304242971 8 3
235.00952922882942 439.45027461712277 4 10
577.46509809613292 760.89703233748605 2 1
654.22394484053098 724.91756390286264 16 8
575.52609196435287 238.33913527491077 2 11
549.0331131855321 768.20780863283937 2 11
668.93229791786086 714.54142060428592 2 1
303.61559012360055 690.22488546148463 8 3
763.77349217916003 571.87787408594136 4 10
283.51997521400483 333.04732800294761 2 1
382.76455610248235 755.36462171739481 64 6
755.9768489963069 596.73229153667671 2 11
702.55825734998621 684.07939967589255 4 2
752.70453831049144 607.94847150425346 4 10
699.01290187535142 309.81526298217932 8 9
768.73191388597536 560.95020030890248 8 9
690.71694322743303 301.14479182358428 4 10
760.2155392243468 591.71932965816438 2 1
770.06773530753026 441.37654570642388 4 10
762.73954078510394 586.27603873067437 4 2
291.92111262646881 317.12812921102039 16 4
318.64049389128456 709.73961472043754 2 11
308.64303145405711 701.12097804868381 4 2
710.17062983170604 681.61936203399443 4 2
511.52609196435293 222.21461977831365 2 11
766.93814413751682 579.46635959806417 4 10
753.44996902595074 615.91366660848348 4 2
507.64698496732683 221.23864390482953 2 11
606.59670689677353 758.18781359240063 2 11
325.70275069699352 718.37880870934907 4 2
312.93941879376081 707.86938940449443 4 10
233.06708884696286 585.09333205059704 8 9
615.92608304073826 755.57226094112661 4 10
510.13212556521745 219.55814510723522 1 0
691.10679895549015 705.92231712937428 8 9
772.27058516571287 572.41657748628336 4 10
753.25478192801449 623.91128512881812 4 2
301.08911294091581 300.14144317261531 2 11
700.5275732625114 698.48934925266667 4 2
485.7449414651075 218.14505429518573 4 10
680.30159705229119 717.72263966018272 8 3
779.75698780442974 541.9412200952388 2 11
530.12974533203385 781.69906578698306 8 9
295.15198478067049 695.55098953473805 2 11
506.48038993893863 216.73186545854674 2 11
272.1868033672805 330.78671764697214 8 9
226.34743703108418 575.15118542759058 4 10
233.2269489832504 596.81449172649013 2 11
235.49108643726731 396.86932450363696 2 11
600.21336313408472 765.88540557998624 8 3
287.66911537432691 688.91723754603606 8 3
776.05464923970612 567.76030654443366 2 1
298.55641262077955 701.15808438240538 4 2
234.1812352021488 602.73811712082602 4 10
264.1662961436121 339.71260493480418 4 10
746.13138179543603 355.99196842646711 4 10
707.23920445640351 304.12949602907827 2 1
235.59318053489943 392.87062761649628 2 1
611.76346396433973 762.63038318206907 4 2
623.65093576834033 757.65232111738567 4 2
777.74947134820775 432.15749307606336 8 9
496.92461829395046 213.78445502414155 8 9
477.41286408731168 785.48788685986722 4 10
728.34368449383624 672.87074399639141 4 10
781.80728609894732 551.72877734429221 8 3
618.62572041668795 760.93061498302939 2 11
701.00087141739846 704.47065252675168 2 1
302.6393371529241 708.03774478571108 4 2
457.31968177845687 784.37381397501622 16 4
277.85244417846224 682.01557349797633 4 2
780.42453214199793 563.64884410142656 4 10
646.69397102054268 747.70570762433078 8 9
487.03753297609012 212.28594112118614 2 1
752.51901332616728 360.80841560541626 4 10
655.45019577189044 742.87574612304684 2 11
755.33802913358966 635.72907176932165 8 3
484.53780595272292 789.12590876943705 4 10
678.29799131410209 729.55418918025384 4 10
277.71000148104076 688.01388243283054 2 1
490.16625645971044 791.20450081464264 2 11
244.0851490777801 360.10317244150207 4 10
293.88264256224528 293.20842184844901 8 9
513.16709012097419 791.9282972440169 8 9
751.88161605405924 351.82805240606911 2 1
736.3099074574252 672.13637917262326 4 10
635.5521703362416 759.18875066663054 8 9
780.35749665487435 416.37148015323237 8 9
286.50733871513688 299.96156135262243 2 11
273.97148214847914 686.59139404972757 2 1
230.66894595544895 383.57950064003114 8 3
223.2701719752846 597.74324982935855 8 3
497.07664914573951 793.78814107624908 4 10
601.37215440017076 775.81803880595623 2 1
786.4571293141064 434.43272773405386 1 12
477.82471562680541 793.47727847058559 4 2
228.00495582035876 613.02663368047035 8 3
686.17983160933238 728.1843010240583 4 10
217.21348025893187 582.93391205034004 8 3
704.21380669204996 286.38556838136043 16 4
695.92357708842064 721.18005773596872 8 3
690.77842464843638 274.40681596960462 2 11
737.39764128372337 321.06745301574068 32 5
235.28293719875217 368.25921719595868 8 9
787.73993285971176 431.72082525362015 2 1
645.42921181925453 757.62540440209352 2 1
688.23513170850993 271.31947714438309 2 11
759.23841702170228 356.56078079650177 2 1
290.86856583997576 710.37204183156291 8 3
276.99634304889878 303.41238899216609 4 10
307.82904053637878 727.35268663889201 16 4
787.87813349882606 425.72241708283445 4 10
266.2741115511709 684.00464415366253 4 10
497.47567683502473 202.31470311452236 2 1
757.78217047961652 350.74018409095152 4 2
441.7212004604134 793.35642943882453 2 1
246.40660581330653 658.87547426091362 4 10
243.27439992387863 653.75792736164306 2 11
204.76400038341015 450.09019871745869 2 1
267.3875805497787 310.60069082469255 8 9
789.57175886547373 418.97918764606385 1 0
511.2372920578274 800.71896726600471 1 12
487.33502683602779 800.79533700435945 8 3
227.73976892112103 629.01371916842118 4 2
693.87293461674255 269.26638718826223 4 10
280.48481626598414 293.4900089539239 4 10
572.25937344636202 794.49614588041698 32 7
493.49033200812187 197.82950227056025 4 2
790.35332853886132 416.08278490375733 2 1
754.60028446649221 664.04551340521664 16 8
207.52259846880321 416.20229325543193 32 7
217.09389259349453 608.03176638900288 4 10
224.41164277322289 373.3400594010912 4 2
689.18677569818033 262.78256774367719 4 10
200.34333102684596 449.4356818728578 2 1
317.1173052416105 742.77112166860718 2 11
283.77238144530634 286.19673018565322 4 10
502.95805396773358 804.24802048854747 8 3
794.30151633101889 420.60072836930209 4 2
471.60867183012317 803.74181935256024 8 9
618.4597767673821 781.47605628874828 16 8
270.3429318526542 298.97030395767081 4 2
228.0676575107729 361.33536429282492 2 1
219.36626273761482 379.54845213160428 4 2
228.98995959197552 640.94841745897327 8 9
454.27792344793295 802.06706073499913 1 0
203.19446832983431 575.22240736371623 8 9
377.59058326598944 218.78775223353614 4 10
480.23114045467861 806.32116710316643 1 12
458.73990441008436 804.32332443709561 4 10
223.63397666566226 365.3779469034464 4 2
313.48286227771763 744.44169771961765 2 11
722.18910884995341 287.32817770237966 2 11
317.16979668780482 748.06205111995644 2 11
687.41663736887415 254.98086214200771 4 2
706.59589002146106 729.43979845962417 4 10
681.31442746899233 249.80756200207918 4 2
234.41610719935662 658.39804050753514 8 3
224.54147280965742 359.44697305856783 2 1
266.75532276643611 703.99885420973385 16 8
246.94493075706822 678.86822810461717 16 8
618.05604572229333 213.78445502414155 8 9
211.47921862338708 612.15636617745781 2 11
629.23572255113629 218.14505429518576 4 2
369.64815257949903 217.82973616357975 4 2
801.63214398070215 423.80414814536942 4 2
363.95381998790117 219.72039116549473 2 1
283.96455657945864 724.80584438427559 8 9
212.59236306346295 377.02481428462301 2 1
190.84360506479763 452.55901449138963 8 3
735.61097530809138 708.12959372551677 32 7
525.4852917414521 812.52591625295224 16 4
214.44710601930768 371.31868349679974 4 2
714.01778138884845 271.2898047324245 2 11
606.25870171814654 794.70986781993315 2 11
271.8143451073891 285.19405030600558 8 3
305.22061001845606 254.21344794810869 4 10
463.88992373440874 812.92990554256221 4 10
258.45618809043185 297.32551742706335 8 3
688.84574176151295 247.10954327952092 4 2
286.76846751763196 266.42241684113435 16 4
199.29825978025605 598.90403650822805 16 4
439.98603670334393 811.2726010928402 16 4
231.99884546655582 668.83754844226485 2 11
221.73103334529242 651.68945905979001 2 11
218.442365399892 646.67102672041392 4 2
189.12660356074502 566.15464872768371 4 10
825.14874831559189 488 64 6
261.53761982043341 287.81211748312433 2 11
249.73777349135636 698.13344572692267 2 11
230.40448324894439 325.84045834381902 32 7
207.75394683868706 629.76665720657252 16 8
287.66698463312827 740.37157682792883 8 3
774.49414751728227 666.10323372547703 4 2
707.41190438103069 254.54577926189961 16 4
369.39940629474773 206.68017951601678 4 10
307.88284603070429 242.51248647414906 8 3
182.1061980081416 546.03558580699064 2 11
619.86949439226657 201.92227124874125 4 10
183.53213590558099 443.04363647820361 4 2
270.70097470556192 274.53633542182507 2 1
545.37053558843093 818.43336373567092 4 10
209.92816105750506 360.20206816513519 8 9
179.88284603070434 464.21498984296539 8 3
187.44380815647975 578.0360711857644 8 3
272.44381102878123 728.1632871546808 4 2
202.89721988518818 374.57446762491293 8 3
181.60717906858741 448.72646510272784 2 1
420.120770251404 813.59018362501229 4 10
277.11426164039779 734.65843080855404 4 10
177.22061001845606 475.91595131692503 4 2
611.03929966677936 804.30009010399294 8 9
557.49033200812187 174.85125168440814 64 6
178.67772639971503 543.97510469079157 2 1
318.84360506479766 230.85651112257329 8 9
733.3869217651328 273.23530766407163 16 8
302.84549015761894 758.96224572506662 16 4
294.32260364807661 247.90391184416683 4 10
181.28470734624076 567.73726168129679 4 2
413.00997287864317 814.02648977524245 2 11
246.05698055992258 295.65769293158712 2 1
602.64961954876196 809.74189747997957 2 1
429.49033200812187 174.85125168440814 64 6
751.03491483448431 289.92223235346705 2 11
208.18519416417342 351.37245512668613 1 12
277.67039191558831 740.63260180686143 2 11
259.3255077976151 722.56758732562207 4 2
233.35656336984115 690.67315384558412 2 11
264.48362631748938 728.96044420452461 4 2
192.08603867782577 615.39596989305767 2 1
175.34483484460023 553.40335128715526 8 3
307.06416146621706 233.39154301635514 1 0
773.07631935819074 316.26829362491776 4 10
451.05069998016603 825.47024972106533 2 11
518.64371919746702 829.17502689362573 2 11
269.15407692910594 735.45558785839796 4 10
252.64246558650535 718.17020778724634 4 2
308.84432850819911 230.97679555489239 2 11
205.18530598630699 351.39835725588728 2 1
191.98439431724458 379.56548336558501 4 2
524.8912802502698 830.51611220375673 2 11
170.559819302638 538.13561975089942 8 3
296.52246467871316 237.6876260921708 2 11
626.82150634106438 806.93105047810582 8 9
304.86216248318135 231.35409351300302 2 11
772.57497941836687 310.28927545595911 2 11
166.92379931392799 483.05708692782292 8 9
181.29973529056664 599.1345060160827 2 1
778.08901766405347 685.7775039439083 16 4
522.27582353788011 833.54255998715155 2 1
437.96310230962507 829.15856588199006 2 1
314.98871690751758 779.66350279077517 8 3
176.961793149248 590.12438626224082 8 9
298.35257061980388 231.97354591734086 4 2
173.1015218727689 422.97322630281076 2 1
184.97863435675217 383.42803787988788 4 2
571.48347402278534 828.48729149342171 2 11
195.68274425851325 643.11903782833451 2 11
163.46638123814202 498.67906696395244 8 9
171.73401270768483 575.00253744489021 8 3
235.08636614171272 708.58984389621639 16 4
778.57267988479077 310.45537517016271 4 10
271.26297531403736 251.87663698839813 2 11
247.48325713760863 724.28433635809211 4 10
162.27462512732865 510.61974187671757 4 2
446.49608149917827 834.37280275335024 8 9
173.20592241060976 411.42844379998132 2 11
173.97347352495552 407.50277630427229 2 1
579.54519327596881 829.75117147125309 4 2
825.14874831559189 616 64 6
170.8778705895003 417.40049133957967 4 10
305.92905801732519 221.41116970160709 8 3
486.6892276222851 840.79012345679007 32 7
162.23047087802269 534.72652092256396 1 12
305.09464444560928 778.21183818815257 2 1
174.32393516114391 401.51302032914606 4 2
715.72028550470941 236.35317628421387 4 10
730.84717706674917 249.37006731608787 8 9
160.17390071705259 525.96464217579921 8 3
722.18563011695392 241.06479161708225 4 2
772.71724282597995 705.04260282995187 4 2
294.66875593825296 227.23756561839642 2 1
168.08274217991118 585.52411954346042 2 11
741.53297804414456 743.63916825963611 4 2
794.27425648529322 677.90108062494971 2 11
278.65999696751231 235.46675975978906 16 4
749.79324064045647 261.95453019618844 2 1
335.52259846880321 194.49978988661559 32 5
728.04444828838348 239.77086363062932 2 11
345.15420677242241 809.59986508617544 2 11
382.86357193939091 825.78689237011361 2 11
749.22891106403324 741.45453672242286 4 2
292.96133125308978 221.4856354254529 4 2
164.97356062922489 590.65568753822299 4 10
162.63748428874538 583.0043642976683 4 2
198.98293630126855 676.95849309110338 32 5
723.03333638195602 233.10983127222343 4 2
338.16036020990566 808.24343130852048 4 10
825.14874831559189 360 64 6
163.97381570346599 407.58550147047509 8 9
151.66605870733352 487.87386506075353 8 3
491.26497849720198 151.61565289399218 2 1
196.4391929899962 327.3763807459602 2 11
298.93359256740968 214.2652993460074 2 11
300.93070613775723 787.30368166285018 8 3
167.13904161069206 391.90170904146657 8 9
302.93175772556646 209.79152293584769 4 10
748.29432048542981 252.06750645954989 8 3
448.74756810460457 847.31236002627088 4 10
377.94622424512721 829.22487021380596 4 2
149.4700454252164 526.46858869635287 2 1
238.93632216596291 262.41169732254377 32 7
159.5283027380591 588.13593229243088 2 11
795.16544159537659 691.46923001933862 2 1
699.46528088110119 797.06490040621952 64 6
442.80283538511333 848.12485796092062 2 11
212.70044423898744 295.07845889403262 2 1
318.76455610248235 803.36462171739481 16 8
159.20333524677457 592.30022365388788 2 1
362.82001305379708 174.2303262288134 2 11
215.60646463680479 289.82916889942675 4 10
802.03741484589875 684.20452192856794 8 3
194.99532759124691 319.34494484533792 4 10
743.06200980332073 241.26829700117344 4 10
364.51592346878238 171.7556771901931 1 0
297.4109223878811 207.44197464433199 2 11
260.6780041644418 236.27170375182885 2 1
549.26381290062056 854.22222222222217 32 5
852.21976787992492 553.62083761585529 4 2
144.05145156750365 481.39175443950893 2 1
220.93308449130163 722.7208247016714 4 10
154.35092715378983 410.30579850582086 2 11
145.77777777777777 443.20718312374515 32 7
142.28535689705427 509.96464217579916 16 8
751.97943995427454 753.86463308253906 4 2
736.43951728403033 231.26116989935531 8 3
408.8047352858199 847.76542835943485 32 7
493.49033200812187 141.86640667946685 8 9
444.27082818214785 853.94250328767043 4 2
300.35934840151174 202.21638529554596 4 2
285.16337228195704 212.36467956082276 8 9
781.36852549652406 274.56410537769989 32 7
211.90722703119056 714.81298700039315 8 9
141.22945439553467 478.55691194628304 2 1
360.58911846821337 168.66048697188566 4 2
158.92477159700579 386.19857234818505 2 11
856.26874155215171 549.19299251901487 2 11
451.8494364513619 856.50466969557613 4 2
171.20764541543858 350.16604961132191 32 5
276.63189883925924 217.58137975314185 2 11
299.20738279533418 799.1792935063495 4 10
852.21976787992492 422.37916238414476 4 2
612.48589255386332 844.2739236581948 32 5
150.93073556330904 591.42352364919032 4 2
159.87976654749616 626.29349417461606 32 5
254.5888194769411 232.2289319103119 2 1
514.51514763747753 863.63127437586843 4 2
754.28891982963978 760.31753842688443 2 11
135.69653537195649 486.88678631979712 8 3
813.86893967839717 686.20827344459326 4 10
502.85656016699153 134.36482217511065 4 10
858.82838861306686 429.07453709704976 2 1
456.13348711269856 863.26091938982961 4 10
297.33241259380299 195.3010317308682 2 11
484.12410384925221 134.36482217511067 4 10
509.14913305448312 866.31565279462598 2 11
135.55417527999327 557.49033200812187 32 5
489.84454045707525 132.55468267333796 2 1
169.21124760829599 660.53757495694504 2 1
864.08195165532527 555.43428628582853 8 9
319.22349487881786 821.35877007733609 2 1
143.45079810926271 594.26087024126446 4 2
505.9958977413479 868.77677186122901 2 11
685.49033200812187 174.85125168440814 64 6
862.58343775236983 430.45279903203175 2 1
487.50298341735783 130.67928654724892 1 12
444.43668183363781 865.94135708985868 8 3
821.84091442977149 683.91949819443471 4 2
205.11098563438213 724.70293658956234 4 10
287.35956229163867 196.03741264494823 8 9
129.82314125385193 476.42240666625753 4 2
297.290480992026 189.30117825425958 4 10
868.44255092636945 544.25460945698558 4 2
143.37619669453071 395.26729984999707 16 4
744.13852504169427 219.77911421653141 4 10
619.86949439226657 147.78023212007511 4 2
583.77940983593874 862.49308527352423 2 1
864.08195165532527 420.56571371417141 8 9
511.52609196435287 127.48788359050263 2 1
867.0293620897304 564.99005793081665 2 1
165.0699512259045 664.87919496256404 4 2
196.03741264494823 716.84989429976054 8 9
871.29751687728447 538.97737823037482 2 1
760.43928276808788 231.36726754419402 16 8
648.46682016947318 843.10223772747645 4 10
126.76558363339835 522.57957926817937 4 10
297.54515025736839 814.57786458377132 8 3
812.13506902043957 293.25687937170659 4 2
868.44255092636945 431.74539054301437 4 2
126.26182404233144 471.59363666563343 2 11
338.98197306315905 160.67623703633203 2 1
344.94048483290624 843.59919335795996 32 5
435.29859579820157 870.00280801397003 2 11
870.53865159558234 563.07045193892202 2 1
134.72708605385719 411.05314430398141 2 11
468.41680196562191 875.25586171036286 4 2
309.30853828508833 825.42326462753613 8 9
624.297339489107 143.73125844784826 2 11
158.34384414535495 660.2587844335643 2 1
334.98568170941144 160.50402955692911 2 11
829.84049878852272 683.83795012748953 4 10
370.70802702230213 144.84057657447315 2 11
585.59705469593223 868.21114151344875 4 2
872.51211640949737 570.035759956231 2 11
310.07003187611394 171.95723338020494 2 1
353.45606910710291 149.97574435091383 16 4
197.04009252459588 728.80793063767783 4 10
456.67650321120851 877.7388810733803 8 3
131.94380552542256 597.66515014683159 8 9
870.88378743544547 413.23529558010313 2 11
647.83716461248196 851.0774201002846 4 10
139.81183699776474 375.58747922195096 4 10
231.81566377200326 229.1657017135004 2 1
820.06366414809895 292.19039950707929 4 2
203.06934186161519 259.31981701316369 4 2
312.77179603605066 166.59995138052631 4 2
618.05604572229333 135.91804834467473 8 3
608.50027407730522 132.97063791026966 2 1
172.84294273055357 698.70017508958222 2 11
375.79899587359893 862.13975150358885 4 10
168.80017088903665 692.61099040208148 2 11
205.97536225943253 254.07052701855781 2 11
750.42391865224135 209.55689199430921 8 9
179.73948433245707 286.73728859004666 32 5
837.77514542446522 682.81746849476588 4 10
872.51211640949737 405.964240043769 2 11
189.30117825425955 726.78081300014787 4 2
192.03744218045128 732.12055641404163 2 1
841.67366273615698 679.68672373186371 1 12
655.36926279492934 853.77324965164212 4 10
132.38410277059214 378.55880287488549 4 2
129.24607718195134 611.5430000861013 2 1
309.47439193657829 837.42211842972438 4 10
157.14596793044745 319.21012568215946 2 1
661.26479342406344 852.65847675955081 2 11
224.13830355382333 226.40040787815147 4 2
370.70108385684034 133.28414567728947 8 9
294.03445231912315 830.18795747223294 8 9
306.41364929751825 161.7446480891459 4 10
157.9978023339782 312.87728216076164 2 1
287.19183588453086 172.03799873851381 16 8
126.7151035712497 384.20348604383793 4 10
550.68882833618784 888.19234631690858 2 11
247.46816108298145 198.98293630126852 32 7
647.79073499032961 863.0773302787062 8 9
771.1383572718463 216.89212316622576 2 11
415.58485990882048 883.12119040887433 4 2
749.93698424292847 197.56677544437412 4 10
183.96227947590921 732.73867837581133 4 2
633.59058326598949 130.91475113528014 4 10
172.03799873851381 716.68216789265273 16 8
228.99674850321716 791.47930046885847 64 6
434.98066401624379 888 16 4
556.54963273022736 889.47724781305828 4 10
893.70343098892988 491.64579155104656 2 1
321.48573827712221 148.59808451569063 16 8
109.77777777777779 443.20718312374515 4 10
765.65410308033506 791.41332282837391 2 1
136.27163607405319 346.23904260539337 2 11
142.81376850204046 331.46343605527585 2 1
849.74492905724014 683.66851478290459 8 9
766.35823463491727 208.10859155440139 8 3
757.58145208471012 199.92518834629908 4 2
895.51357049070259 497.3662281588696 4 2
806.35902885286748 249.36076533294937 2 11
395.82508898490721 118.08285015514281 2 11
574.67203530260042 111.12693080218527 2 1
895.51357049070259 478.63377184113034 4 10
130.77298994336417 643.86607382921295 2 1
121.77147804902069 380.80340270721723 2 1
381.33260846895666 121.32711074291025 8 9
613.72992903274269 880.15797961405133 2 1
132.46229497061319 649.62335170377412 4 10
337.98752613032127 137.29804037205949 4 2
663.77367381675344 862.33863787263022 8 3
552.79884047804921 894.16036189249314 2 1
436.10683762299544 107.17391534905622 4 10
569.59058326598949 107.936500549128 4 2
548.12410384925215 104.48642950929748 4 2
411.51997521400494 111.34482463413129 2 1
345.66246031643283 131.5567416086916 4 2
812.18963026250799 250.77642320189153 4 2
556.57587139865643 895.47719044047392 2 11
637.59694733200047 875.40967365605729 8 9
767.46524633762692 797.13344171713538 4 10
300.03426313370426 846.58614888190334 4 2
269.20984308146035 172.8429427305536 2 11
356.37753159159723 126.15421927480477 8 3
367.5250577518504 121.71207333995844 4 2
103.55555555555556 438.1788682353075 4 10
132.91494702431575 336.81924225595003 8 9
123.45256109714653 358.87515421998609 16 4
623.38539090916947 882.76029703375048 8 9
100.12580428890124 551.10045494220356 4 2
903.01515499505877 488 8 9
400.18680336728056 109.08421427815581 8 9
819.97940541080027 753.93317439345492 64 6
649.58783068957166 874.94200250543736 4 2
436.95800958129757 101.23459667622849 2 1
864.08195165532527 676.56571371417147 8 3
332.23868834641388 131.73469029011076 4 2
99.589398685001271 559.08245149871152 4 10
140.01580953090769 313.68222615280138 16 8
768.86814126331114 803.69683963303783 2 1
306.56116570156962 856.65588288383174 8 9
173.6276987949289 741.26507453436284 8 3
872.51211640949737 661.964240043769 2 11
154.25678883603928 713.88420892151998 2 1
176.0151066033296 253.94812863540952 1 12
557.49033200812187 96.984845004941292 8 3
293.69521119897558 148.93591853954752 8 9
285.16373775627778 154.1526187318666 2 11
263.12065839395967 168.80017088903665 2 11
135.55417527999327 685.49033200812187 32 7
772.84249558206284 804.14906496295589 2 11
154.07791239336379 717.8802073222023 2 1
856.97767614720055 299.90907428662587 4 10
895.51357049070259 606.6337718411304 4 10
772.34991358655543 193.27283126581165 8 9
318.48079147350217 867.9040692641023 2 11
770.21577522786822 809.54353807725158 4 2
863.06464651983288 692.53334003311136 8 9
758.94634362582792 180.67666959666855 8 9
762.59446386557784 816.31863395876621 2 1
384.71643024371065 105.00162252566263 8 9
160.41291413981864 732.42290102505547 2 11
629.00345845919526 891.03298202735118 2 1
863.39123857980007 306.20862579937244 2 11
419.92111262646881 95.425625842204056 16 4
320.64272831534561 871.2694858938645 2 1
589.49033200812187 904 32 5
912.76440120958409 490.22535351091983 2 11
169.85452946731721 251.88862040951372 2 11
912.76440120958409 485.77464648908017 2 11
162.02515593373937 738.20223285476857 4 10
870.15433440604193 684.5109114919992 2 11
624.27561269483476 894.72723085876714 4 10
96.000000000000014 402.98066401624379 32 5
777.91170824775691 807.35890654003833 4 2
892.70619738922244 367.74539054301442 4 2
768.44776599176157 183.79483781280706 2 1
895.51357049070259 625.3662281588696 4 10
697.57962102928661 865.03875042902791 4 10
844.79728651779931 266.03226646068134 32 5
188.27132324947561 223.30852756877138 32 5
165.21225790936217 253.26995169186287 2 11
869.08524886471992 308.10025125786757 4 2
871.89070029000845 313.403970924323 2 11
307.78959745220556 130.89473872899731 4 10
805.69411676402694 215.36726754419405 32 7
211.97546858328502 198.93408410858871 2 11
326.72201090895516 879.2094054870995 8 3
166.62543974324134 249.52790451092116 2 11
86.978250586152114 557.49033200812187 4 10
139.84808312379985 289.68281224636695 8 9
282.56349857675741 856.3212598620479 16 4
267.41886055356008 846.59295378409547 2 1
299.75603097787263 866.53971520699133 4 10
434.98066401624379 913.02174941384783 4 10
705.57574661350429 864.78980135508118 4 10
890.61009672000955 348.92954806107798 2 1
868.12723279476347 300.1578205713771 4 10
103.97190276466385 363.40328307560333 4 10
903.01515499505877 616 8 3
395.98724497643553 93.645182270873647 8 3
311.31820637962943 874.88241969762396 8 3
168.99752299620036 758.30964393097167 4 10
898.56531056322206 366.45279903203175 2 11
701.71685058446553 869.38424598278857 2 1
891.1062100659185 344.37920653911726 2 1
295.82534089065132 131.82024665943635 8 3
265.64434260882661 850.17779493313105 2 11
160.27045082947498 750.0732483967123 8 9
897.06679666026662 356.56571371417141 8 3
129.91716442341252 296.4190466370556 4 2
208.88246029503352 193.79275162286018 4 10
152.7560091629899 259.25221655358081 4 10
757.4980431859201 164.74235361399258 8 9
894.11938622586138 347.0099420691833 2 11
384.00339451204229 93.022825422223391 4 10
141.88499042316735 273.81299786012465 8 3
724.27924469652487 859.52884478033582 2 11
402.27350711575048 86.888441693632657 1 0
118.68820176086533 311.87880485083696 4 2
109.94422927359226 329.86610440195943 16 8
404.92053599110199 85.476620836351088 2 1
294.3758281370591 872.46030786243568 4 10
97.50986769014203 361.47017643474555 2 1
156.75274263957434 247.9373536946174 8 9
748.00319590516983 846.35763415181509 4 10
100.48184334642303 351.92201636599549 8 3
706.94553765646458 872.67165852827497 4 2
717.40727144600271 866.7935528711065 8 3
235.38886295444209 165.06995122590448 4 2
142.47911294931461 733.96522876567224 16 4
262.58754847925809 855.3407407637045 4 2
401.16454258681904 84.100934263405449 2 11
161.8812748393197 761.96464217579921 4 2
753.72346707302995 155.48208498030817 2 11
131.99504083399813 280.60923925693299 4 10
673.39008075025424 107.936500549128 4 2
131.2168819923142 719.21254852686002 2 1
92.225562719371794 366.04755619133249 2 11
256.7149039644795 854.11108780329619 2 1
307.48167560468687 884.11719265709178 2 1
744.9456291761777 146.19697384220493 2 1
157.59636294327373 237.97300199552598 2 11
498.98066401624379 936 64 6
64 493.49033200812187 64 6
493.49033200812187 64 64 6
129.88718685176212 721.90176975859094 1 0
91.674837679676614 360.07288449067374 4 2
315.27282902879216 890.38599862968761 8 3
780.75671917571276 170.66130548082199 16 8
97.125154296685579 342.50221601655215 2 11
257.24705079282063 858.07553224774063 2 1
908.92898043566697 358.37916238414471 4 2
141.95528954539716 254.02302390632178 8 3
936 552 64 6
125.26737873108959 719.98934383109247 4 2
406.41226943867537 75.588510232125884 8 9
744.03825334184194 140.26598159003805 4 2
86.226694574553534 365.93101872489029 4 10
230.76845242544235 158.34384414535492 2 11
739.28170620874948 136.60876142019998 2 1
270.82761725725516 869.96930329891302 2 11
390.53354577126635 78.457486674130962 8 9
421.88264256224528 71.505918479632641 8 3
919.87548450340296 616 2 11
796.11427096133764 180.0498944670249 2 1
717.10664389268845 878.78978657482321 4 10
696.25503642801868 109.73503911985358 2 1
878.23151901913002 718.85196489089856 4 2
566.86291501015239 932 4 2
256 135.55417527999327 32 7
251.59019654332826 860.07553224774063 4 2
741.35566862784799 865.22057085576614 16 4
936 424 64 6
261.20150783100775 867.2604257981925 8 9
100.12580428890124 679.10045494220356 4 10
724.71355508284421 876.3129131131617 4 10
67.999999999999986 425.60808101421333 4 10
732.08636108379881 128.10929970999155 2 1
914.92667971501385 358.54530495701812 2 11
737.39008075025424 130.91475113528014 4 10
159.21777485844467 776.60857105477919 4 2
131.73488239181475 260.31136849094833 4 10
688.9246182939504 102.93320333973341 8 3
245.73893419282075 858.74785423499316 2 1
79.619326719529582 370.44130585858767 4 10
745.33251143674465 131.87276720523653 4 2
134.13617483269948 749.91500567891876 2 1
729.98658196426356 879.17563690490783 2 11
100.12580428890121 691.88020907404018 4 2
881.94844464921493 725.93606425923167 4 10
411.86521782972159 64.899012870482238 4 2
783.83371098381019 842.86848107415767 32 5
682.68332452713673 95.119993236559878 2 11
130.81972536358126 747.67867767999167 2 1
395.88492374998793 67.716781216440864 4 10
181.15066485551597 190.06253195972801 2 1
160.1114798756625 787.16660144052332 4 10
566.86291501015239 940 4 2
724.34351490193785 884.44757342140315 4 10
142.28535689705427 765.96464217579921 16 8
765.96464217579921 142.28535689705427 16 8
804.44481752297816 174.51798756394535 8 9
881.62120391047529 730.92534411697761 1 12
60.000000000000014 425.60808101421333 4 10
601.10813140332982 934.88732324454008 1 0
780.6729952531291 152.66150019563108 2 1
878.68519197982607 263.27366837528825 2 11
403.93468167891672 63.847064031052781 4 2
860.03579845870763 235.63838954728323 2 11
162.4506844604328 792.69182740066196 2 1
153.6916302836174 782.3931822031717 4 10
91.463451430114219 681.50498718121901 2 11
838.95734977666041 208.32757084992872 2 11
155.39412539293713 214.64308695089039 2 11
387.94477249795199 66.740052955975216 4 10
257.15606342576581 876.40560920609073 2 1
798.84037021924212 166.23606928255387 2 11
64 621.49033200812187 64 6
621.49033200812187 64 64 6
605.98275451059249 936 4 2
837.90038889435652 204.46974326263566 2 11
140.74757874296344 230.0534299461045 16 8
759.24676207093273 867.19763317415959 2 1
126.62107609458278 249.45554124681851 8 9
687.11116962397716 91.071019564333028 4 2
370.98066401624379 936 64 6
165.04099854426914 197.68085282368094 2 11
853.56829705521784 218.84043057615051 16 8
64 378.98066401624379 8 3
86.978250586152114 685.49033200812187 4 10
877.42372973111219 247.61449931499541 4 10
196.80316216649416 159.87976654749613 32 5
168.75145732500667 188.39470746425178 8 9
220.81668696954009 858.98549717186688 4 10
889.51344026212826 735.2511510208567 8 9
735.13517474979335 889.69543753246603 8 9
752.75916897042612 879.14752960262911 2 11
816.56120783173196 827.87144969893961 4 10
47.875484503402902 557.49033200812187 2 1
883.20106567984237 253.14824933966315 4 2
820.43909204647287 174.94598577315816 8 9
95.98399160062894 283.9410375635282 32 7
238.57409083303821 875.2604257981925 16 4
435.20293164608836 952.98236890780629 2 11
223.82499676935456 864.94227556180749 2 1
391.46867771926304 55.26912919233628 8 9
80.982368907806276 685.26806437827736 2 11
958.11451633820104 489.81520951930901 2 1
212.94514312507116 857.5576325057998 4 2
114.74013996795473 251.14176684115179 4 2
762.44777615352518 876.67146602275068 8 3
122.47887648942999 238.1931177762207 4 10
875.01573885184462 233.05684440442494 8 9
277.01933598375615 904 32 7
555.67512248881292 41.885483661799036 2 1
205.29576682908865 855.21518884960221 4 2
116.32048883843797 243.29941404064846 4 10
168.29337214053047 178.40520507605629 2 1
415.79825078354708 44.922774966099759 16 4
41.021749413847886 557.49033200812187 4 2
559.38347832571378 40.38611813367605 2 11
434.98066401624379 958.97825058615217 4 2
170.54347172556413 826.22429196339033 4 10
188.46409762488301 843.5667674141331 2 11
147.06897422489635 198.68401874409119 16 4
164.41494957362571 179.3838972608232 2 1
964.10860622091309 490.08145466568482 4 2
53.152080402517626 373.85010455293394 4 2
752.86482525020665 889.69543753246603 8 9
161.23036824694188 181.80431907813866 2 1
62.75239338906141 338.63711493937797 32 5
845.11260999678689 187.97780987780601 16 8
262.38987706591831 100.12580428890124 4 10
120.75027957382039 230.382102944373 4 2
891.92240475650237 751.06876430683781 8 3
778.57957926817937 126.76558363339831 4 10
888.13830204114493 242.21098747424961 8 3
165.50658856258465 175.53573869888936 2 11
205.24999975708701 861.21501429498983 2 11
108.73863765252044 245.85196817221961 4 2
161.46960198084855 178.81387308789556 1 0
952.12451549659704 616 2 1
215.16904143100811 869.94971374720251 8 3
221.50098817702943 125.26737873108959 4 2
830.1946405221812 169.6723538048679 2 1
125.26737873108962 778.99132018515127 4 10
132.14474728317489 211.99820103937301 4 2
320 64 64 6
936 680 64 6
680 936 64 6
555.40887734243711 35.891393779086954 4 10
36.536548569885781 561.47567683502473 2 1
201.48904376564812 859.85295334537705 2 1
899.16023492397392 744.16848790173356 2 11
828.17682095421321 166.21860161469479 2 1
193.35366307693965 854.03783674725207 8 9
206.45180956651637 865.0497271532729 2 1
762.71737987526615 887.98454087859773 2 11
833.9348749365646 171.09032648636162 2 1
214.10138344784122 128.30807763952743 4 2
860.9139362878816 200.23823758006665 4 10
869.42703795728801 210.32571760382984 2 1
302.79554927305458 926.17175745096893 2 1
903.68330279627776 740.22617170151148 4 2
744 903.01515499505877 8 9
867.61682609921741 204.60530389248865 4 2
242.17993520312623 894.93268765032087 4 10
249.61012293408172 100.12580428890121 4 10
69.549284900924576 305.32342007111151 2 1
834.07007392661581 165.09184991033925 4 10
958.97825058615217 616 4 2
387.77583919496476 39.701118926619642 8 3
903.58070335978323 748.22551375918295 4 10
203.16966892645354 870.07243088919518 4 2
589.49033200812187 968 32 7
300.17161721752313 931.56758737489668 4 10
868.28375686801746 801.79432388129771 4 2
864.45491688840559 193.06457349630074 4 10
963.46345143011422 612.01465517309714 2 1
32 402.98066401624379 32 5
936 296 64 6
170.66130548082199 846.22394484053098 16 4
861.51373034525147 812.5526993034731 4 10
741.77464648908017 912.76440120958409 2 1
554.29212778905821 975.55555555555554 4 2
963.46345143011433 619.98534482690286 2 1
815.03793151151308 860.82110264479422 4 10
190.48979835171576 865.69108860394931 4 2
24.444444444444422 438.1788682353075 4 10
813.49033200812187 135.55417527999327 32 7
135.55417527999327 813.49033200812187 32 5
913.02174941384783 744 4 10
256 86.978250586152114 4 10
396.58049127487391 31.547708489768581 4 2
958.97825058615217 360 4 10
183.80168525888072 861.30142537569952 4 10
61.839908710830287 302.64868107915015 4 2
810.30268831761703 867.26916218970075 4 10
391.58049208824417 31.544856525147971 1 0
404.43825078354706 28.462203894596808 4 10
850.1351023883044 168.76430317238163 2 1
163.13716098426843 155.12578249216156 2 1
21.215619694886676 443.23601078190859 2 11
293.51175848622677 936 4 2
411.79825078354708 25.326857023834336 4 10
963.46345143011433 363.98534482690286 2 1
300.17161721752313 940.43241262510332 4 2
149.27747233417148 166.61094816455713 16 4
984 488 16 4
184.69184546112382 867.23502586902077 2 1
845.01602184044452 160.17390071705262 8 3
919.0176310921936 743.77773237015549 2 11
406.94249570701118 24.134530459215579 1 12
18.754523160896237 440.08275788206367 2 1
17.818479036285016 446.33879840127133 2 1
131.5661218074741 184.3306334096242 4 10
558.53105934096425 982.05430311045654 2 11
256 80.124515496597098 2 11
868.52212283161521 816.41047518564665 4 10
819.15805554387509 867.67854954272593 4 2
557.49033200812187 16 16 8
16 557.49033200812187 16 4
302.79554927305458 945.82824254903107 2 1
176.84131344977067 865.24518301010687 4 2
434.98066401624379 984 16 4
47.875484503402902 685.49033200812187 2 11
429.49033200812187 16 16 4
989.07179676972453 508 4 2
31.066051800959457 360.09093501557845 4 2
847.76542835943485 845.82407126957617 32 5
454.65920935055897 987.57139377908697 4 2
988.76930625847501 468.57697969385629 4 2
622.9264590742348 974.16647442374926 2 11
403.66794106455484 19.629337994896318 4 10
546.17662350913713 988 4 10
449.1688773424371 12.428606220913048 4 10
538.06731170197816 11.23069374152494 4 2
152.66150019563108 846.30766876311463 2 1
10.928203230275509 537.49033200812187 4 2
859.815231298821 166.25529853392831 8 3
409.32479531404721 17.629337994896321 2 1
460.33898699697733 989.50533428676704 2 11
130.19782015508295 176.44851753962686 4 10
176.43625394544253 130.19493793900895 4 2
871.44106820833122 177.24801958712845 8 3
12 436.92178951319806 4 2
8.5925889696773226 529.35143632626682 2 1
824.42695251023008 870.54886742720066 2 1
168.01585442910758 864.0284832713071 2 1
991.52786404500046 460 2 1
537.80581117824113 991.82658818026812 4 2
68.941103972930662 260.17799422401288 4 10
457.49033200812187 8.4721359549995796 2 11
64.360851296139998 266.73705554532648 4 2
8 448.2354980121828 8 9
11.23069374152494 576.91335231426558 4 10
685.49033200812187 41.021749413847886 4 10
577.49033200812187 10.928203230275509 4 10
256.77612122910745 931.31688592056514 2 11
557.49033200812187 992 8 9
623.37825160560419 980.14944053669012 4 2
415.55764371010008 988.76930625847501 4 2
996 504 4 2
23.399604729188223 362.37688980422371 4 10
996 512 4 10
996 520 4 10
525.49033200812187 4 4 10
4 525.49033200812187 4 2
996 472 4 2
162.02036006390571 864.26096405940064 4 2
530.98066401624374 996 4 2
466.98066401624379 996 4 10
533.49033200812187 4 4 10
4 533.49033200812187 4 2
996 464 4 10
260.52691348128553 936 4 10
384 16 16 4
984 616 16 4
461.49033200812187 4 4 10
4 459.54920651116754 4 10
458.98066401624379 996 4 10
4 541.49033200812187 4 2
541.49033200812187 4 4 2
997.26794919243116 477 1 12
996 456 4 10
167.06854972278575 870.46707243486242 4 10
546.17662350913713 996 4 2
127.91328569777717 168.78164710160704 4 2
453.49033200812187 4 4 2
988.76930625847501 596.57697969385629 4 10
64 749.49033200812187 64 6
749.49033200812187 64 64 6
519.83347775862944 2 2 1
2 519.83347775862944 2 11
450.98066401624379 996 4 10
521.60808101421333 998 2 1
472.63751826573616 998 2 1
17.945696889543477 372.02139134908617 2 11
470.86291501015234 2 2 11
998 529.37258300203052 2 11
23.999999999999996 350.39191898578667 8 9
585.49033200812187 8.4721359549995796 2 1
904 205.49033200812192 32 7
567.20184216119367 994.38465312923756 2 1
2 469.20606076065991 2 1
445.49033200812187 4 4 2
999 500 1 12
999 498 1 0
999 496 1 0
999 508 1 12
1 511.00505063388323 1 0
511.00505063388323 1 1 0
1 513.00505063388323 1 12
513.00505063388323 1 1 12
2 465.20606076065991 2 11
1 515.00505063388323 1 0
515.00505063388323 1 1 0
999 516 1 0
516.77965388946711 999 1 12
1 517.00505063388323 1 0
517.00505063388323 1 1 0
536.63751826573616 998 2 11
481.46594539048237 999 1 12
518.77965388946711 999 1 12
999 480 1 0
479.46594539048237 999 1 0
999 478 1 12
477.46594539048237 999 1 0
1 476.03448788540612 1 12
999 524 1 0
999 476 1 0
997.19232656461872 451.1442449234641 1 12
475.69134213489855 1 1 12
524.43650813895954 999 1 0
475.46594539048237 999 1 12
1 474.03448788540612 1 0
999 526 1 0
33.070375206857214 322.05466045786955 2 11
473.69134213489855 1 1 0
526.98066401624374 999 1 12
1 472.03448788540612 1 12
529.49033200812187 1 1 0
1 529.49033200812187 1 12
4 436.92178951319806 4 2
130.4887616000301 163.16798754495196 2 1
999 468 1 0
999 532.20101012677674 1 12
467.49033200812187 1 1 12
999 534.20101012677674 1 0
465.49033200812187 1 1 0
462.98066401624379 999 1 12
537.49033200812187 1 1 12
1 537.49033200812187 1 12
539.46594539048237 999 1 12
35.891393779086954 687.57178667380663 4 10
33.658870981551658 682.00259984281547 2 11
999 460 1 12
406.62741699796953 8 8 3
541.46594539048237 999 1 12
457.49033200812187 1 1 12
998 446.62741699796953 2 11
1 455.54920651116754 1 12
454.98066401624379 999 1 0
1 545.49033200812187 1 12
545.49033200812187 1 1 12
60.000000000000021 259.88225099390854 4 10
1 547.49033200812187 1 12
547.49033200812187 1 1 12
999 452 1 0
155.60792414862357 135.24336330654009 16 8
4 573.49033200812187 4 10
573.49033200812187 4 4 10
254.66610908724607 937.2849014961497 2 11
549.49033200812187 1 1 0
1 549.49033200812187 1 0
550.17662350913713 999 1 0
4 425.60808101421333 4 10
449.49033200812187 1 1 0
999 449.45584412271575 1 12
446.98066401624379 999 1 0
444.98066401624379 999 1 12
999 443.79898987322332 1 0
987.57139377908697 379.67854533431523 4 2
442.98066401624379 999 1 12
565.49033200812187 998 2 1
1 442.57864376269043 1 0
999 441.79898987322332 1 12
441.49033200812187 1 1 12
418.98066401624379 996 4 2
140.67985391964112 148.55323630512908 4 10
4 581.49033200812187 4 10
581.49033200812187 4 4 10
439.49033200812187 1 1 12
2 431.26493526370569 2 11
989.50533428676715 385.35832298073359 2 11
569.49033200812187 998 2 11
437.49033200812187 1 1 12
996 584 4 2
131.57159608665694 157.26650726670212 4 2
565.49033200812187 1 1 0
1 565.49033200812187 1 0
885.52041774755628 176.39340961007142 2 1
256.77612122910745 940.68311407943486 2 1
573.49033200812187 998 2 1
1 567.49033200812187 1 0
567.49033200812187 1 1 0
998 574.62741699796948 2 1
984 360 16 8
881.99548985896047 171.53801226482773 4 2
569.49033200812187 1 1 12
1 569.49033200812187 1 12
999 569.79898987322326 1 12
410.98066401624379 996 4 10
4 589.49033200812187 4 10
589.49033200812187 4 4 2
15.999999999999998 359.33619089578582 4 2
999 571.79898987322326 1 12
100.12580428890124 807.10045494220356 4 2
807.10045494220356 100.12580428890121 4 10
426.98066401624379 999 1 0
159.16980738155647 871.73587873484348 4 2
2 419.95122676472096 2 1
996 592 4 10
29.999999999999957 316.45079348883235 2 1
424.98066401624379 999 1 0
422.98066401624379 999 1 0
135.93270924051916 150.12314630111103 1 0
999 577.45584412271569 1 12
577.49033200812187 1 1 12
1 577.49033200812187 1 0
578.17662350913713 999 1 12
875.14812544236349 161.68338895663777 8 9
421.49033200812187 1 1 12
414.62741699796953 2 2 11
999 580 1 12
402.98066401624379 996 4 2
124.74413828963709 161.43613794937809 4 2
419.45584412271575 1 1 12
417.45584412271575 1 1 0
1 417.12279963997474 1 0
996 600 4 2
1 415.12279963997474 1 12
414.98066401624379 999 1 0
1 585.49033200812187 1 0
585.49033200812187 1 1 0
999 588 1 12
621.49033200812187 992 8 9
132.13277977702768 151.29280884230354 2 1
2 595.14718625761429 2 11
253.70802633738913 943.24958904237758 2 1
635.8447394155445 988.60039527081176 4 2
364.57697969385629 11.23069374152494 4 2
887.78890878402558 173.09887649937752 2 11
607.49033200812187 995.76393202250017 1 0
814.05385578586379 101.55884558675571 2 1
999 408 1 12
406.98066401624379 999 1 0
996 392 4 10
998 401.37258300203047 2 1
134.8029730000685 147.3439924681949 2 11
593.49033200812187 1 1 12
598.86291501015239 2 2 11
997.19232656461872 396.8557550765359 1 12
990.07472026834512 632.94395979874116 2 11
6.2143031104565338 380.81993668340141 2 11
861.01602184044452 142.28535689705427 16 4
142.28535689705427 861.01602184044452 16 8
595.49033200812187 1 1 12
999 404.20101012677668 1 0
999 596 1 0
1 597.97561338236051 1 12
8 370.98066401624379 8 3
400.97056274847716 1 1 0
98.76672766995614 812.94450411583625 2 1
395.31370849898474 2 2 11
1 599.97561338236051 1 0
605.49033200812187 998 2 1
398.98066401624379 999 1 0
999 398.54415587728425 1 0
393.60808101421333 998 2 1
601.6913421348986 1 1 12
398.14213562373095 1 1 12
1 601.97561338236051 1 0
996 384 4 2
602.66190488337566 999 1 0
396.98066401624379 999 1 12
603.6913421348986 1 1 0
990.00751459078151 640.30019763540588 2 1
1 603.97561338236051 1 12
999 396 1 0
999 604 1 12
609.49033200812187 998 2 11
999 606 1 0
136.65771595591323 141.63786168037166 4 2
932 228.11774900609146 4 10
999 608 1 0
392 1 1 12
2 386.98066401624379 2 11
613.49033200812187 998 2 1
390.77965388946711 999 1 12
1 389.80909114099001 1 12
388.77965388946711 999 1 0
996 376 4 2
125.26737873108959 847.98934383109247 4 10
847.98934383109247 125.26737873108962 4 2
999 388 1 0
2 382.98066401624379 2 11
819.88020907404018 100.12580428890124 4 10
100.12580428890121 819.88020907404018 4 2
93.109873420463757 810.94450411583625 4 2
991.52786404500046 644 2 1
2 378.98066401624379 2 11
638.46089475659903 994 2 11
999 380 1 12
996 632 4 10
368 4 4 2
632.80404050710661 996 4 2
16 327.76450198781714 16 8
322.9600472127965 982.21433038786824 2 1
5.4641016151377544 360.98066401624379 2 11
952.12451549659704 744 2 1
376 1 1 12
999 624 1 12
8 350.39191898578667 8 3
989.07179676972453 340 4 10
374 1 1 0
999 626 1 12
881.76475663121937 845.61034933005999 2 11
665.81178667380664 12.428606220913068 4 10
32 282.50966799187808 32 7
122.26111892661964 149.69583919496472 8 3
999 628 1 12
372 1 1 12
999 372 1 0
816.03615990040748 93.109873420463757 4 10
848.12485796092051 879.82217136886959 2 1
628.80404050710661 999 1 12
996 640 4 10
360 4 4 10
999 370 1 12
891.02827497256828 163.63808865181818 8 3
657.35143632626682 8.5925889696773385 2 1
641.96886019081774 996.07797541318371 2 11
8.4721359549995796 657.49033200812187 2 11
999 368 1 12
11.230693741524936 666.06731170197816 4 2
153.21685605424139 117.40288143614131 2 11
2 362.98066401624379 2 1
317.01933598375615 983.0557280900008 4 10
638.46089475659903 998 2 11
884.18091055597131 153.78346534362822 4 10
999 636 1 0
364 1 1 12
940 228.11774900609146 4 2
277.01933598375615 968 32 7
2 358.98066401624379 2 1
996 648 4 2
352 4 4 10
648 996 4 2
128.43063000101412 139.40326259321316 4 2
1 639.00505063388323 1 12
639.28932188134513 1 1 0
16 685.49033200812187 16 8
685.49033200812187 16 16 4
644.11774900609134 2 2 1
1 641.00505063388323 1 12
641.28932188134513 1 1 0
641.28932188134524 999 1 12
147.12114466609634 880.42259692861455 4 10
307.97860865091377 982.05430311045654 2 11
1 643.00505063388323 1 12
140.45820071043369 125.52297855353982 2 1
653.49033200812187 4 4 2
4 653.49033200812187 4 2
1 356.15223689149758 1 0
999 644 1 0
356 1 1 12
644 999 1 0
991.40741103032269 331.86110431814501 2 11
2 647.83347775862944 2 1
1 645.00505063388323 1 0
256 41.021749413847886 4 10
996 344 4 2
353.18167414302047 999 1 0
646.94617613083756 1 1 0
853.94250328767043 881.29016416590412 4 10
654.54415587728431 997 1 12
999 352 1 0
348.35324701827426 998 2 11
883.12119040887433 852.60419589257663 4 2
131.5853275619472 132.05153604096415 4 2
351.18167414302047 999 1 12
649.49033200812187 1 1 12
999 350 1 12
661.49033200812187 4 4 2
4 661.49033200812187 4 2
999 348 1 12
999 652 1 12
652 999 1 0
2.4221343842640448 343.32881660986214 1 12
347.45584412271575 1 1 12
325.01933598375615 992 8 3
342.62741699796953 2 2 11
657.37258300203052 998 2 1
998 657.37258300203052 2 1
336.33304448274089 996 4 10
345.45584412271575 1 1 0
999 654.54415587728431 1 0
654.54415587728431 999 1 0
996 336 4 10
341.98989873223326 998 2 1
344.81832585697947 999 1 12
1 344.73506473629431 1 0
657.49033200812187 1 1 0
1 657.49033200812187 1 0
2 339.07821048680188 2 1
964.10860622091309 741.91854533431524 4 2
12.222222222222252 310.16539987828526 2 1
1 341.90663761154809 1 0
999 340 1 0
339.79898987322332 1 1 0
660.20101012677674 999 1 0
999 660.20101012677674 1 12
4 669.49033200812187 4 10
669.49033200812187 4 4 2
869.38289289424654 872.06688413493339 2 1
891.89656573055743 151.66954357902046 4 2
337.79898987322332 1 1 12
999 662.20101012677674 1 0
996 328 4 2
875.52066466170015 132.9579192504724 1 12
1 336.24978336205567 1 0
664 999 1 0
746.08145466568476 964.10860622091309 4 2
141.79981437655491 115.61338356833095 8 9
1 665.49033200812187 1 12
665.49033200812187 1 1 0
111.31599902391405 145.98699926793554 2 1
857.20656628380937 886.32463462040448 2 11
129.91230696569207 874.08918654513695 2 11
332.33304448274089 999 1 12
131.5853275619472 123.94846395903582 4 10
8.428805509587324 311.43425355160696 2 11
999 332 1 12
875.8885366590398 129.9805596494881 2 1
309.01933598375615 992 8 3
673.49033200812187 1 1 0
1 673.49033200812187 1 12
865.94135708985868 881.45601781739401 8 3
675.49033200812187 1 1 12
1 675.49033200812187 1 0
4.8442687685280896 313.63829723596808 2 11
999 324 1 12
884.09387769644661 135.69653537195649 8 9
135.69653537195649 884.09387769644661 8 9
1 677.49033200812187 1 12
677.49033200812187 1 1 12
808 936 64 6
64 192 64 6
192 64 64 6
936 808 64 6
999 321.45584412271575 1 12
998 318.62741699796953 2 11
10.928203230275509 705.49033200812187 4 2
705.49033200812187 10.928203230275509 4 2
317.01933598375615 998 2 11
1 319.76450198781714 1 0
2 316.4507934888324 2 11
859.77184601546435 891.74859441914566 4 10
999 315.79898987322332 1 0
999 313.79898987322332 1 12
1 313.62236636408619 1 12
2 310.79393923933998 2 11
4 305.13708498984761 4 10
299.18006331659853 993.78569688954349 2 11
186.50966799187808 936 64 6
128.43063000101412 116.59673740678683 4 10
711.3633153543293 9.7001695926375433 2 1
1 693.49033200812187 1 12
693.49033200812187 1 1 12
701.49033200812187 4 4 2
4 701.49033200812187 4 10
936 188.99790950565128 4 2
8.4721359549995796 713.49033200812187 2 1
1 695.49033200812187 1 12
695.49033200812187 1 1 0
301.01933598375615 998 2 1
25.833525576250686 249.0735409257652 2 1
295.01933598375615 995.76393202250017 1 12
137.35251181001775 104.4679136418688 4 10
718.12701665379257 990.29983040736249 2 1
1 697.49033200812187 1 0
697.49033200812187 1 1 0
999 697.51471862576136 1 0
987.57139377908697 724.32145466568477 4 2
991.40741103032269 715.86110431814495 2 11
302.20101012677668 1 1 12
697.79898987322326 999 1 12
2 299.48023074035524 2 11
932.44859946563338 181.82939820660874 4 10
284 8.4721359549995796 2 1
112 128 16 8
888 872 16 8
999 699.51471862576136 1 0
699.79898987322326 999 1 0
300.20101012677668 1 1 12
702.62741699796948 998 2 1
297.37258300203047 2 2 11
297.01933598375615 998 2 11
705.45584412271569 997 1 0
276 10.928203230275509 4 2
724 989.07179676972453 4 10
999 701.51471862576136 1 12
709.49033200812187 4 4 10
4 709.49033200812187 4 10
1 296.65180361560903 1 0
999 703.51471862576136 1 12
998 706.34314575050757 2 1
293.01933598375615 998 2 11
712 996 4 2
288 4 4 10
996 712 4 10
1 294.65180361560903 1 12
705.45584412271569 999 1 0
294.54415587728425 1 1 0
705.49033200812187 1 1 0
1 705.49033200812187 1 12
292 1 1 12
708 999 1 12
129.82314125385193 894.55825734998632 4 10
241.82113176469244 975.55555555555554 4 2
290.19090885900994 999 1 0
4 717.49033200812187 4 10
717.49033200812187 4 4 2
744 984 16 4
256 16 16 4
984 744 16 8
19.850559463309821 248.62174839439569 4 2
895.64813577192456 129.53086419753086 4 2
996 720 4 10
720 996 4 10
280 4 4 2
713.49033200812187 1 1 12
1 713.49033200812187 1 12
940.43241262510332 182.33805077435491 4 10
999 716 1 12
284 1 1 0
716 999 1 0
132.97800814517828 97.769875295732973 4 2
981.30939426205919 245.29439092560591 4 2
2.7320508075688772 723.03448788540618 1 12
877.7388810733803 893.69583919496472 8 3
122.26111892661966 106.30416080503525 8 3
728 996 4 2
996 728 4 2
272 4 4 10
721.49033200812187 1 1 12
999 278.20101012677668 1 12
1 722.03448788540618 1 12
244.53711469056151 983.52112431043361 4 10
999 276.20101012677668 1 0
724 999 1 0
276 1 1 0
999 724 1 0
724.03448788540618 1 1 0
1 724.03448788540618 1 12
998 273.37258300203047 2 11
2 726.86291501015239 2 11
726.86291501015239 2 2 1
997 270.54415587728425 1 0
15.773854244884291 244.21942235444112 2 1
127.36310361195375 902.17062983170604 4 10
732.85575507653596 997.19232656461872 1 12
999 270.54415587728425 1 0
996 264 4 2
1 729.6913421348986 1 0
729.6913421348986 1 1 0
112.97980439799166 110.02668691248951 2 11
5.6153468707624699 260.22117814494993 2 1
1 269.33809511662429 1 0
2 266.50966799187808 2 1
1 731.6913421348986 1 0
731.6913421348986 1 1 12
813.49033200812187 47.875484503402902 2 11
999 732 1 0
732 999 1 12
999 268 1 0
268 1 1 0
907.89139377908691 869.91854533431524 4 10
47.017631092193689 813.26806437827736 2 1
947.29638396462883 178.52071423070575 2 11
248.76692648005806 990.31146246294384 4 2
734 999 1 12
266 1 1 12
999 734 1 12
265.70562748477141 999 1 12
992 250.74516600406096 8 3
8 250.50966799187808 8 9
2 262.50966799187808 2 1
736 999 1 12
999 736 1 12
264 1 1 0
968 205.49033200812192 32 5
987.11111111111109 239.78620777656056 4 10
997.19232656461872 259.1442449234641 1 12
262.8772003600252 999 1 0
124.85845091057075 94.33560536342813 4 2
875.1415490894293 905.66439463657184 4 2
260.04877323527899 998 2 11
12 239.19595949289331 4 2
2 258.50966799187808 2 11
254.39191898578662 996 4 10
999 260 1 0
763.67854533431523 987.57139377908697 4 10
927.77348089249858 145.77777777777777 32 7
999 258 1 12
988.76930625847501 763.42302030614371 4 10
236.57697969385629 11.23069374152494 4 2
913.88548366179896 870.18479048069105 2 11
41.021749413847886 813.49033200812187 4 2
872 913.02174941384783 4 2
86.978250586152114 128 4 2
128 86.978250586152114 4 10
950.96720786564879 173.77465777426738 4 10
248.73506473629425 998 2 1
243.07821048680188 996 4 10
769.35832298073353 989.50533428676715 2 1
755 997.26794919243116 1 12
752 999 1 12
248 1 1 12
999 752 1 12
999 754 1 12
246 1 1 0
754 999 1 12
230.97035561452017 8.8928348060658919 1 12
996 760 4 10
240 4 4 2
760 996 4 2
8 232.26775626261781 4 2
996 239.4314575050762 4 10
231.76450198781711 992 8 3
999 245.08831175456859 1 12
4 239.19595949289331 4 2
1 244.85281374238571 1 12
872.22226762984451 919.0176310921936 2 1
122.1143228100533 914.15418761149783 4 10
999 756 1 0
244 1 1 12
756 999 1 0
80.124515496597098 128 2 11
994 233.77460325558383 2 1
815.57178667380663 35.891393779086926 4 2
228 8.4721359549995796 2 11
232 4 4 2
768 996 4 10
996 768 4 2
237.42135623730948 999 1 0
958.39205740369573 170.79613308285315 4 2
999 764 1 0
764 999 1 0
236 1 1 12
998 233.77460325558383 2 1
2 233.53910524340094 2 11
996 228.11774900609146 4 2
1 767.00505063388323 1 0
767.28932188134513 1 1 0
1 769.00505063388323 1 12
769.28932188134513 1 1 12
1 230.71067811865476 1 0
772.11774900609134 2 2 1
776 996 4 2
224 4 4 2
996 776 4 2
4 224 4 2
119.99432014743246 921.86817417555665 4 10
1 771.00505063388323 1 12
8.5925889696773226 785.35143632626682 2 11
228 1 1 0
772 999 1 12
999 772 1 12
1 228 1 12
785.49033200812187 8.4721359549995796 2 1
1 773.00505063388323 1 12
226.10764773832474 999 1 12
12.428606220913048 793.81178667380664 4 2
2 775.83347775862944 2 1
788.46068762264201 8.8928348060658919 1 0
774.94617613083756 1 1 12
998 222.46089475659909 2 11
4 781.49033200812187 4 2
781.49033200812187 4 4 2
218.50966799187808 996 4 2
794.06731170197816 11.23069374152494 4 10
776.94617613083756 1 1 0
222.50966799187808 999 1 0
219.14424492346407 2.8076734353812349 1 0
966.29137324279475 169.53090216552621 4 10
2 218.34314575050763 2 1
998 781.65685424949243 2 1
781.65685424949243 998 2 1
220 1 1 0
999 219.6324676318529 1 12
784.48528137423864 997 1 12
64 877.49033200812187 64 6
877.49033200812187 64 64 6
999 217.6324676318529 1 12
217.45584412271572 1 1 12
214.62741699796953 2 2 11
789.49033200812187 4 4 10
4 789.49033200812187 4 10
1 215.51471862576145 1 0
999 784.48528137423864 1 12
784.48528137423864 999 1 0
212.85281374238571 998 2 1
1 785.49033200812187 1 0
785.49033200812187 1 1 0
966.30423156069537 163.53091594357031 2 1
1 213.51471862576145 1 12
786.48528137423864 999 1 12
999 786.48528137423864 1 12
211.79898987322335 1 1 0
1 211.51471862576145 1 0
999 788.48528137423864 1 0
813.49033200812187 16 16 8
16 813.49033200812187 16 8
962.42744259742256 155.52985130875879 4 10
210.02438661763952 999 1 12
790 999 1 12
209.79898987322335 1 1 0
1 209.51471862576145 1 12
999 790.48528137423864 1 0
208.02438661763952 999 1 12
792 999 1 0
797.49033200812187 4 4 2
4 797.49033200812187 4 2
1 793.49033200812187 1 12
793.49033200812187 1 1 12
927.77348089249858 109.77777777777774 4 10
206.02438661763952 999 1 0
114.59080830668668 932.58274648558938 8 3
204.02438661763952 999 1 12
120.66507258405375 940.52650589085226 2 1
963.72549779847134 147.6358629191657 4 10
801.49033200812187 1 1 12
1 801.49033200812187 1 12
803.49033200812187 1 1 12
1 803.49033200812187 1 12
805.49033200812187 1 1 0
1 805.49033200812187 1 12
969.40458525461042 149.57182925810972 2 11
128.22226762984457 47.017631092193689 2 11
999 192.31875913286811 1 0
990.07472026834512 177.17945781092408 2 11
998 189.49033200812192 2 1
932.80179578093623 103.55555555555554 4 10
969.35939686561608 145.57208451506671 2 1
998 185.49033200812192 2 11
956.82272678530842 128.11025635967641 2 1
997.26794919243116 181.66190488337574 1 0
833.1688773424371 12.428606220913048 4 10
128 41.021749413847886 4 2
984 160.23549801218289 16 8
999 182.66190488337574 1 12
11.23069374152494 832.91335231426558 4 2
966.55340711291592 135.97383355420192 8 3
996 176.23549801218289 4 10
999 180.66190488337574 1 12
35.891393779086954 130.08145466568479 4 2
964.10860622091309 869.91854533431524 4 10
821.49033200812187 1 1 0
1 821.49033200812187 1 0
1 823.49033200812187 1 12
823.49033200812187 1 1 0
4 829.49033200812187 4 2
829.49033200812187 4 4 2
825.49033200812187 1 1 0
1 825.49033200812187 1 12
999 825.51471862576136 1 12
825.51471862576136 999 1 0
1 174.20101012677665 1 0
174.20101012677665 1 1 12
874.08145466568476 964.10860622091309 4 10
999 827.51471862576136 1 0
827.51471862576136 999 1 0
999 172.23549801218289 1 0
172.20101012677665 1 1 0
1 172.20101012677665 1 12
2 169.37258300203047 2 1
169.37258300203047 2 2 11
999 829.51471862576136 1 0
829.51471862576136 999 1 12
999 170.23549801218289 1 0
841.49033200812187 8.4721359549995796 2 1
168.99494936611663 999 1 0
831.51471862576136 999 1 0
999 831.51471862576136 1 0
999 168.23549801218289 1 12
2.7320508075688772 165.54415587728428 1 12
978.2365047907017 138.71340079216446 4 10
164.85575507653593 2.807673435381234 1 12
834.34314575050757 998 2 11
998 834.34314575050757 2 1
166.99494936611663 999 1 0
837.49033200812187 4 4 10
4 837.49033200812187 4 2
8.4721359549995796 156 2 1
991.52786404500046 844 2 1
163.99494936611663 997.26794919243116 1 0
166.54415587728428 1 1 12
1 166.54415587728428 1 12
833.49033200812187 1 1 0
1 833.49033200812187 1 0
164.99494936611663 999 1 0
135.53791720469968 978.13015179100796 2 11
1 164.54415587728428 1 0
4 160 4 10
160 4 4 2
996 840 4 2
840 996 4 10
12.428606220913068 147.67854533431517 4 2
987.57139377908697 852.32145466568477 4 10
164 1 1 12
162.99494936611663 999 1 0
852.57697969385629 988.76930625847501 4 10
147.42302030614371 11.230693741524936 4 10
160.16652224137044 998 2 1
150.64856367373307 991.40741103032269 2 11
977.36218670362018 130.76132132308203 4 2
845.49033200812187 4 4 2
4 845.49033200812187 4 2
154.50966799187808 996 4 2
841.49033200812187 1 1 12
1 841.49033200812187 1 12
136.91692498236253 983.96952997272774 4 2
996 848 4 2
4 152 4 10
152 4 4 2
848 996 4 10
1 156 1 12
156 1 1 12
844 999 1 12
999 844 1 12
129.88791959748238 980.14944053669012 4 2
999 152.23549801218289 1 0
146.50966799187808 996 4 10
139.9828525973038 991.35871719866407 4 2
849.49033200812187 1 1 0
150.50966799187808 999 1 0
998 148.92178951319812 2 1
2 851.14718625761429 2 11
997 146.09336238845194 1 0
2.9999999999999996 853.97561338236051 1 0
984 872 16 4
872 984 16 8
128 16 16 8
16 128 16 4
996 856 4 10
856 996 4 10
144 4 4 2
4 144 4 2
1 148 1 0
852 999 1 0
148 1 1 0
999 852 1 0
852.03448788540618 1 1 0
992 137.60808101421335 8 9
854.86291501015239 2 2 1
999 146.09336238845194 1 12
1 853.97561338236051 1 12
1 855.97561338236051 1 12
64 64 64 6
936 936 64 6
999 143.26493526370572 1 12
857.6913421348986 1 1 0
140.85281374238571 998 2 11
1 857.97561338236051 1 12
859.6913421348986 1 1 0
1 859.97561338236051 1 12
999 860 1 0
1 140 1 12
860 999 1 0
140 1 1 0
990.18533100255183 127.77411048193594 2 11
999 862 1 12
1 138 1 12
862 999 1 12
138 1 1 12
128 992 8 3
136 998 2 11
968 96 32 5
96 968 32 5
1 136 1 0
999 864 1 12
136 1 1 0
864 999 1 0
990.88888888888891 123.15167570995504 2 1
999 131.95122676472099 1 12
945.37258300203041 68.000000000000085 4 10
67.999999999999886 945.37258300203041 4 10
996 126.29437251522859 4 10
994 120.6375182657362 2 1
891.67854533431523 987.57139377908697 4 2
998 120.6375182657362 2 1
945.37258300203041 59.999999999999957 4 2
59.999999999999915 945.37258300203041 4 2
11.230693741524936 108.5769796938563 4 10
120 998 2 1
108 10.928203230275509 4 2
989.07179676972453 892 4 10
880 999 1 0
999 880 1 0
120 1 1 12
1 120 1 12
883 997.26794919243116 1 12
997.26794919243116 883 1 0
1 118 1 0
882 999 1 0
118 1 1 0
999 882 1 12
998 116.6375182657362 2 11
116 998 2 1
884 999 1 0
116 1 1 0
999 884 1 12
1 116 1 12
996 888 4 2
112 4 4 2
888 996 4 10
4 112 4 10
998 112.6375182657362 2 11
112 998 2 11
999 109.80909114099002 1 0
991.52786404500046 900 2 11
900 991.52786404500046 2 11
109.17157287525382 999 1 0
108 1 1 12
999 892 1 12
1 108 1 0
892 999 1 12
999 107.80909114099002 1 12
896 996 4 10
4 104 4 10
996 896 4 10
104 4 4 10
895.28932188134513 1 1 0
1 895.28932188134513 1 12
897.28932188134513 1 1 12
1 897.28932188134513 1 0
900.11774900609134 2 2 11
2 900.11774900609134 2 11
900 999 1 0
999 900 1 12
100 1 1 0
1 100 1 12
904 996 4 2
4 96 4 2
96 4 4 10
996 904 4 10
934.05887450304567 30.000000000000078 2 11
1 902.94617613083756 1 0
902.94617613083756 1 1 0
905.77460325558377 2 2 1
913.75530854341196 8.4271566893013361 1 12
1 905.49033200812187 1 0
4 909.49033200812187 4 10
928.19594108251601 18.690605737940825 4 10
18.6906057379408 928.19594108251601 4 2
911.4314575050762 4 4 10
90.343145750507617 2 2 1
2 90.343145750507617 2 11
909.65685424949243 998 2 1
998 909.65685424949243 2 11
1 87.514718625761432 1 0
87.514718625761432 1 1 0
912.48528137423864 999 1 12
999 912.48528137423864 1 12
1 913.49033200812187 1 12
979.48912529307609 64 2 11
922.74516600406093 8 8 9
8 922.74516600406093 8 3
1 85.514718625761432 1 12
85.514718625761432 1 1 0
914.48528137423864 999 1 0
999 914.48528137423864 1 0
915.4314575050762 1 1 12
83.514718625761432 1 1 0
1 83.514718625761432 1 12
916.48528137423864 999 1 12
999 916.48528137423864 1 0
1 917.08831175456851 1 0
999 82.828427124746185 1 0
82.828427124746185 999 1 0
62.959272667157599 982.05430311045654 2 1
918.48528137423864 999 1 0
1 81.514718625761432 1 12
81.514718625761432 1 1 12
999 918.48528137423864 1 12
80 998 2 11
998 80 2 1
994.53589838486221 74 2 11
938.26998640992872 15.503749155211818 2 1
9.814668997448166 932.5791365363383 2 11
76 998 2 1
998 76 2 1
998 72 2 11
72 998 2 1
992 64 8 9
64 992 8 9
928.40202025355336 1 1 12
9.6885375370561793 939.74759049630188 4 2
939.747590496302 9.6885375370561668 4 2
1 930.05887450304567 1 12
4 934.05887450304567 4 10
934.05887450304567 4 4 10
968 32 32 7
32 968 32 5
939.7157287525381 2 2 1
2 939.7157287525381 2 11
54.160727332842391 993.78569688954349 2 1
994.38465312923756 54.288489846928151 2 1
945.37258300203052 4 4 10
4 945.37258300203052 4 10
56 998 2 11
998 56 2 11
50 995.76393202250017 1 0
52 998 2 1
998 52 2 11
951.02943725152295 2 2 11
998 48 2 11
48 998 2 11
2 952 2 1
952.20101012677662 999 1 12
999 952.20101012677662 1 12
1 47.798989873223334 1 0
47.798989873223334 1 1 12
953.85786437626916 1 1 12
954.20101012677662 999 1 12
999 954.20101012677662 1 0
1 45.798989873223334 1 12
45.798989873223334 1 1 0
999 45.171572875253808 1 12
1 954.82842712474621 1 12
45.171572875253808 999 1 12
955.85786437626916 1 1 0
999 956.20101012677662 1 0
956.20101012677662 999 1 12
43.798989873223334 1 1 0
1 43.798989873223334 1 0
998 959.02943725152284 2 11
40.970562748477143 2 2 11
959.02943725152284 998 2 11
2 40.970562748477143 2 1
34.970562748477143 4.2360679774997898 1 12
998 963.02943725152284 2 1
963.02943725152284 998 2 1
2 36.970562748477143 2 1
36.970562748477143 2 2 1
8.8928348060658919 26.284064113504925 1 12
967.02943725152284 998 2 11
2 32.970562748477143 2 11
998 967.02943725152284 2 1
32.970562748477143 2 2 1
8.4721359549995796 23.313708498984759 2 1
991.52786404500046 976.68629150101526 2 11
19.313708498984759 12.000000000000002 4 2
980.68629150101526 988 4 10
972.68629150101526 996 4 2
27.313708498984759 4 4 2
996 972.68629150101526 4 2
4 27.313708498984759 4 10
985.49194714485498 984.40755322477401 2 1
990.18533100255183 982.16602946772264 2 1
1 23.313708498984759 1 0
999 976.68629150101526 1 0
976.68629150101526 999 1 0
23.313708498984759 1 1 12
4 19.313708498984759 4 2
980.68629150101526 996 4 10
996 980.68629150101526 4 2
19.313708498984759 4 4 10
20.485281374238571 999 1 0
999 18.828427124746192 1 0
981.17157287525379 1 1 12
1 981.17157287525379 1 0
18.485281374238571 999 1 0
984 2 2 1
998 16 2 1
2 984 2 1
16.485281374238571 999 1 0
986.82842712474621 3 1 0
992 992 8 3
8 8 8 9
11.65685424949238 995.76393202250017 1 0
994 9.6568542494923797 2 1
13.65685424949238 998 2 1
3 987.51471862576136 1 12
13.65685424949238 1 1 0
986.34314575050757 999 1 0
1 13.65685424949238 1 0
999 986.34314575050757 1 0
986.82842712474621 1 1 12
1 987.51471862576136 1 0
999 12.48528137423857 1 12
990.34314575050757 2 2 1
2 990.34314575050757 2 11
998 9.6568542494923797 2 11
9.6568542494923797 998 2 11
4 996 4 2
996 4 4 10
999 999 1 0
1 1 1 12
