900 900 100 99
700 900 100 99
99 901 99 98
902 98 98 97
97 97 97 96
904 704.04082057734581 96 95
292.95875850293532 905 95 94
481.95611298177454 906 94 93
711.06545624219802 93 93 92
285.93385085791272 92 92 91
909 517.10767744857901 91 90
90 712.21440732937276 90 89
529.10941759549632 89 89 88
88 281.78095139921754 88 87
913 339.15262694424518 87 86
200.59334812568324 794.75598079602912 48 47
800 975 25 24
100 522.47774771927004 100 99
807.22020491018941 604.26772168604009 43 42
800 799.18333471097151 42 41
803.56410488097549 23 23 22
617.60800515484664 22 22 21
979 424.63946803689521 21 20
20 611.92046681926161 20 19
19 182.86035173466274 19 18
612.20080266571961 258.75518173861997 100 99
389.37463095559377 736.65517667836446 99 98
729.10498066431364 697.98011009342486 79 78
565.36054733503579 755.57493450155141 78 77
961 221.64465212858985 39 38
38 399.18946765989051 38 37
983 983 17 16
984 16 16 15
719.77631177256046 491.11929901504158 100 99
15 15 15 14
14 445.31971803857368 14 13
413.24735458717208 238.32174106758563 100 99
219.95807436724706 708.91305809654682 40 39
411.27903102225287 39 39 38
482.41762585505097 799.00099530431226 13 12
12 216.78864416212986 12 11
495.02819991860792 420.83720160963333 100 99
498.01027420618891 678.97244949310198 24 23
23 805.56415767647877 23 22
585.41746550234336 853.542888617323 22 21
833.66750419289201 989 11 10
647.27279910322932 10 10 9
296.07475184006034 400.40376093859896 100 99
564.46995976493167 592.57736748357422 85 84
198.02480695456907 21 21 20
625.38028850070532 678.10474236027665 20 19
397.43392654531277 981 19 18
991 395.11690126277807 9 8
982 598.05210282797123 18 17
992 956.5685424949238 8 7
274.29120144597914 785.44866243523131 26 25
362.90548453246157 15 15 14
7 469.56272149797826 7 6
194.48227863691409 629.91948980199288 43 42
385.98423870114175 503.77340915497348 37 36
270.3321411536262 652.00564737174386 36 35
627.11204038123299 392.92915458652908 35 34
893.0680255691766 224.68551548131742 29 28
986 629.80111856074632 14 13
851.0102051443364 994 6 5
828.60910908092865 440.56811475556401 20 19
271.43856948939487 740.53917022122073 19 18
363.24389206615763 987 13 12
610.85594805271637 443.374565301546 18 17
165.23488843692792 12 12 11
835.37605232214923 11 11 10
380.22599260815036 5 5 4
772.05725897010564 10 10 9
798.95689270671971 224.29773568574191 65 64
402.31334864739921 352.80076759257418 15 14
467.70605071077455 647.07175924445721 20 19
599.14047186974994 478.47082746443658 19 18
14 353.05921728120734 14 13
589.46551059590604 9 9 8
996 940 4 3
643.50168987644213 650.52549631946829 13 12
956.5685424949238 992 8 7
12 642.90433358892096 12 11
16 984 16 15
865.35898384862242 997 3 2
196.98261819479794 975.35325501746684 24 23
663.18855565438707 625.29798522857425 19 18
507.59205452468063 306.52556809214104 15 14
766.83375209644601 989 11 10
993 652.19489499008296 7 6
436.365654679773 633.8892110605899 14 13
10 835.89565945268498 10 9
6 235.82445022691331 6 5
392.87950263396959 589.6969653578733 48 47
976 802.02041028867291 24 23
458.37674750208771 607.9756664792817 20 19
587.51204652140666 888.4801571189472 13 12
991 762.82857440414205 9 8
265.91440203895041 557.10842095750843 59 58
803.73988378552383 147.44643123136012 12 11
998 2 2 1
743.28823530732257 793.45832419199576 15 14
588.16345736058861 970 30 29
639.18251844419865 705.86259617837527 11 10
8 961.37258300203052 8 7
995 749.4121665391433 5 4
986 174.91136634639815 14 13
807.73131805576691 394.03728796396626 31 30
413.34636797119151 105.96809776258806 28 27
440.49430374679156 533.31410665383135 25 24
990 836.75444679663246 10 9
7 333.26022740798402 7 6
197.99423175139788 199.64582384561459 47 46
269.56799278133428 257.84713456085865 45 44
550.21612543856804 988 12 11
940 996 4 3
9 156.70695807341869 9 8
101.94315927392995 396.49273221331339 26 25
387.7674623148863 952.40579797343094 11 10
994 778.02041028867291 6 5
586.87124031212659 927.01942095434651 13 12
38.627416997969519 992 8 7
329.0665646048958 627.16573822405599 26 25
990 453.6222215292741 10 9
999 8 1 0
845.97682968499123 413.6913165642016 12 11
684.86230369738075 365.34461023800679 29 28
724.04634918270153 199.20968137823965 14 13
966.36650146605655 997 3 2
7 661.2346363687443 7 6
995 855.27864045000422 5 4
277.74997077955021 705.09673500925169 17 16
480.46241405994556 534.91102806565959 15 14
627.88897449072022 987 13 12
315.18502250105274 290.32923116114478 11 10
423.5873202065568 991 9 8
141.58954294969737 626.54925071221987 10 9
750.80415079536897 358.70603228706346 36 35
161.53908607365858 403.44438733144079 34 33
207.11339871259304 302.88515938110083 32 31
340.99658223225492 8 8 7
533.24556269009088 994 6 5
331.89622979992424 588.26852759290603 13 12
198.31691491878243 853.71204792956951 11 10
179.6945041747457 4 4 3
458.01231680444454 14 14 13
225.52026112430411 9 9 8
513.71402886372528 188.81974757430345 12 11
993 150.38320341483518 7 6
2 2 2 1
51.276527638643039 995 5 4
138.57790257959175 196.67586476716409 11 10
961.37258300203052 8 8 7
9 582.47774771927004 9 8
994 469.11415491410378 6 5
338.03054947915558 563.00254013796985 13 12
10 775.23265590027256 10 9
997 865.35898384862242 3 2
986 268.37793791078155 14 13
647.08497377870822 993 7 6
953.21039200084817 609.02851969412927 11 10
187.41722027933352 446.22665199839219 16 15
716.61979776108353 789.23997868192384 12 11
992 574.05210282797123 8 7
520.73755184110519 996 4 3
590.58509458610115 368.39790449853922 9 8
161.92853089020909 990 10 9
5 428.58651750789215 5 4
195.31177322875436 141.70788794628956 11 10
212.58468888716354 259.22665524014741 12 11
748.9897948556636 994 6 5
993 288.17692778400487 7 6
992 42 8 7
440.57511124569783 131.01995477341714 9 8
995.17157287525379 1 1 0
231.31461847324556 990 10 9
854.34735077541632 798.82275147654434 11 10
2 998 2 1
748.22385329534677 604.9238437309798 16 15
468.1110937070199 562.25046634700334 15 14
734.64101615137758 997 3 2
4 480.1457267422366 4 3
576.04910273090729 5 5 4
477.81130667766786 7 7 6
663.82140899812714 6 6 5
616.83380489735441 137.00449846122351 11 10
860.1184497285667 607.55035708081334 10 9
449.13085379796627 580.48906156685052 9 8
8 41.286446891263523 8 7
798.5646916225578 851.16352218525492 10 9
193.087687551957 52.243365844631626 9 8
36.908902300206648 8 8 7
559.57784897127124 840.37800284010689 7 6
345.58037033350195 994 6 5
245.45675409697651 995 5 4
385.04468805988319 848.57144714213518 13 12
567.10483082090809 4 4 3
814.11525011382344 551.7181417482343 10 9
204.92473133818174 473.01260086200921 16 15
856.34344184301381 432.09422625960582 9 8
997 32.202041028867285 3 2
197.31518795042422 943.22705078824197 8 7
354.13675355543762 543.88212721739842 12 11
528.97304198498455 677.45356454802618 7 6
998 998 2 1
391.16320800446164 457.05961807615745 10 9
853.50257738807147 6 6 5
386.74177677093246 80.254371329667094 9 8
143.49719092257396 995 5 4
867.0887009059328 198.08596902445706 8 7
141.05856993928137 799.35809577412192 11 10
663.46956891917625 592.29918174200816 14 13
1 992 1 0
720.97623213029544 226.03456499932039 13 12
48.919729308133306 619.89851524881487 10 9
253.39161844294921 810.9870145805728 7 6
4 202.93223770157883 4 3
6 759.74072251544294 6 5
872.4938603334017 425.08430125186027 8 7
636.31834795312602 3 3 2
5 567.19910726926582 5 4
246.00102611692964 305.84361081073234 7 6
804.8683739491097 55.556540896034292 8 7
148.26432568845078 6 6 5
820.40100503147039 996 4 3
871.7157287525381 998 2 1
243.4337787588349 754.18878341728339 11 10
333.26958732820458 541.52387073325087 9 8
716.16228119948642 384.1803501562797 7 6
995 561.40299218729774 5 4
800 940.79215610874223 8 7
387.97195930056517 3 3 2
6 852.25576957218425 6 5
701.52276400632218 194.55263179697195 9 8
689.02035426710199 784.52079243612707 16 15
46.701548823280461 191.44080584801867 10 9
372.26180972145914 969.14846894067057 7 6
138.46636671731807 4 4 3
183.54921295315103 741.41277639077759 8 7
691.04672961853964 604.11020234826765 16 15
720.33389418071147 607.40379949348278 12 11
342.7613941374168 526.22989794994203 9 8
439.20751110979074 5 5 4
8 999 1 0
421.38437822681448 344.0089628414969 6 5
198.53191412421805 576.07155156458248 11 10
824.6178149450858 467.27147729890652 7 6
629.15812187162715 152.09474237449135 8 7
27.313708498984759 998 2 1
997 643.02974360017129 3 2
996 824.10533615595898 4 3
995 381.70049339777933 5 4
581.95400671492428 906.64903692782809 6 5
532.31504160990721 184.94646410722092 7 6
53.957550005778877 803.9424000991263 8 7
575.65113010834216 497.13230713824009 11 10
808.56930420183585 657.8999244061805 10 9
442.48205719184381 565.93593462827084 7 6
648.90194587801568 358.19876417062272 6 5
995 251.64473738010005 5 4
300.64388296402575 203.04486225985548 18 17
708.16662775667714 325.68469999933757 17 16
4 319.30427747780499 4 3
336.99229420806085 504.66187681723397 12 11
133.46737587922817 997 3 2
928.2842712474619 998 2 1
325.76144560486159 526.27172964217129 8 7
180.76599276655725 678.00133150884358 7 6
77.322144984438751 418.93203369935907 6 5
24 999 1 0
732.79182626956117 291.66118462833191 25 24
804.59546215255182 343.13378702587488 20 19
268.05274629193866 197.86627071182448 15 14
437.00372807155554 995 5 4
942.42534252739529 800.68187319812569 8 7
610.60203532721198 832.21831493491811 11 10
996 478.91211388523647 4 3
360.54076157077367 632.94284176762551 6 5
3 745.07776077968276 3 2
5 371.62137015571005 5 4
492.44227743935755 711.8951231990626 7 6
316.18931665645374 507.53174179442908 9 8
184.1850049229059 351.77573882361753 22 21
998 871.7157287525381 2 1
488.3943119219262 4 4 3
509.13220754334839 283.51128602626432 6 5
618.76623205469969 51.977633503137923 8 7
592.45075831309271 503.59547139285627 7 6
52.954568908909522 5 5 4
724.15864481787025 255.68246622394486 12 11
253.20272078939135 997 3 2
921.45811993492202 200.16350409318483 6 5
999 880 1 0
4 52.600155390248283 4 3
187.76881816146928 262.25527871057602 13 12
609.32954481869422 505.62193779976343 10 9
403.81508924171516 841.66695299172272 7 6
238.93666898930286 5 5 4
433.14743348293439 78.329034743019804 6 5
2 972.68629150101526 2 1
3 824.94120830258169 3 2
625.28906929573554 818.64293158094119 9 8
335.78241136236926 996 4 3
5 141.04543109109048 5 4
124.37146442451997 419.31752417451247 6 5
388.19044409758584 868.46336005046942 7 6
950.06787727789663 426.62246445473102 8 7
922.08957863793171 244.24949916249616 6 5
5 945.49719092257396 5 4
329.68287373327018 4 4 3
3 59.52835862052379 3 2
998 928.2842712474619 2 1
1 976 1 0
303.67226272334636 802.55869569690537 8 7
213.31365901903175 502.85595677861932 15 14
34.852019387096178 202.19202215786018 6 5
656.72373013357458 791.2978175635451 17 16
129.52025416604454 371.82486166656156 11 10
946.27188724235725 5 5 4
147.87409721203335 361.62013504390245 10 9
996 137.59797974644667 4 3
603.82813532802902 150.85558358310195 8 7
861.98785876231 3 3 2
768.31087180207908 396.88344340402131 6 5
995 191.64456687707965 5 4
780.53918634790284 312.43695340397409 19 18
729.74203666581127 998 2 1
754.76940479304585 315.88925098890996 7 6
377.66609716801361 996 4 3
200.94950477865098 559.24433386742294 6 5
757.91512334637468 5 5 4
62.882555781536041 3 3 2
999 920 1 0
4 671.81764161300271 4 3
509.37873138337869 998 2 1
316.16354914347556 658.62225093608993 8 7
309.17375025793575 224.40466946751263 5 4
295.23363185106012 690.15278655054203 6 5
3 458.2811994353894 3 2
805.4305394519854 745.67087519265203 11 10
516.61314807203473 210.67191760983602 7 6
