900 900 100 49
700 900 100 49
98 902 98 48
904 96 96 47
94 94 94 46
908 708.16673906749122 92 45
285.82971010998233 910 90 44
463.81847380027824 912 88 43
722.27493293439124 86 86 42
271.7188791321845 84 84 41
918 534.4543330626235 82 40
80 724.91245103057076 80 39
558.47017109884507 78 78 38
76 263.04437287292353 76 37
74 571.02937853720005 74 36
419.38746189313542 62 62 30
60 437.76272854553861 60 29
197.66723674909832 205.16251177805583 58 28
167.68181509383942 480.89771084640631 56 27
203.06709968325083 792.1596405497969 54 26
978 806.19168480353142 22 10
20 185.07001811445184 20 9
349.48776751307884 18 18 8
984 984 16 7
900 291.95917942265424 100 49
750.88365297239238 601.328293287424 98 48
345.54137957400008 248.16527777979772 96 47
378.67665738271359 751.14332125423664 94 46
564.31918454502522 762.66947016835206 92 45
624.62569925329581 232.4261833194283 90 44
469.55357686885679 810.16136002089979 14 6
866.23898898014659 612.91959759542556 12 5
990 836.75444679663246 10 4
484.04842693804358 588.25443218939449 100 49
286.1201555211278 582.92532589361463 98 48
464.74605320923217 162.21276462516795 48 23
28 355.78712241786184 28 13
573.32962043516522 880.32495047024736 26 12
956.5685424949238 992 8 3
854.17036388774636 626.27430793968574 6 2
976 192 24 11
184.95053600721658 22 22 10
980 622.37629670938236 20 9
940 996 4 1
18 644.02252890077864 18 8
16 16 16 7
998 998 2 0
477.35802935523196 702.05794083558658 14 6
812.08699765539154 22 22 10
135.22823747945787 798.49126445476645 12 5
990 776.52689085514874 10 4
992 956.5685424949238 8 3
204.00032556427593 331.00325234349862 68 33
16 984 16 7
994 761.03495747031911 6 2
802.02041028867291 976 24 11
22 808.81715888418285 22 10
376.53493364468585 859.12208314485088 14 6
800 796.38532922409104 44 21
162.11240108217288 640.16840351972564 38 18
576.38845203604058 964 36 17
970 435.25755892152551 30 14
788.74367500860717 721.50574013756022 28 13
639.32916752108031 20 20 9
528.81078103736593 988 12 5
996 940 4 1
797.24270077315589 435.69363904198383 74 36
316.95481992713832 413.7152962260559 72 35
735.16545787500672 197.25571610823135 26 12
278.99937524281722 802.21620471702443 18 8
836.75444679663246 990 10 4
486.44044703706038 384.41304028634306 100 49
754.7395959637206 264.46325376647292 44 21
799.14206437235646 195.52544991967127 38 18
190.09306107942726 704.33290044846376 32 15
911.33898542688962 422.65258493292379 30 14
221.26045906009878 421.36966087956017 24 11
984 16 16 7
2 2 2 0
992 647.67451799072944 8 3
980 381.40189852264587 20 9
545.78134378584309 994 6 2
707.02708622310558 343.12402171499798 48 23
239.34063438322698 459.27885844802563 18 8
563.65475680998554 917.71984220111233 12 5
475.51346208902697 250.85930203860457 34 16
637.02977176467891 343.73718450588945 22 10
16 499.73046208485727 16 7
782.42220370700886 10 10 4
649.2418694427048 460.10170995091426 76 37
399.92725414948154 141.6573933453376 20 9
860 996 4 1
625.16685226452114 986 14 6
8 668.02252890077864 8 3
631.45930562632759 130.65535339287982 12 5
2 998 2 0
139.11080160015274 404.03616527293002 26 12
487.81608416822229 16 16 7
651.0102051443364 994 6 2
167.30953787460965 582.40171961662543 20 9
10 318.18056788128445 10 4
374.82409195513026 978 22 10
360.00356323543895 135.08634409300171 18 8
948.82621352476917 394.97374573651905 14 6
396.51570774839013 483.7586051791186 34 16
996 860 4 1
822.55654303878157 517.88371988968117 12 5
992 356.10367724129884 8 3
714.28164207537543 744.73084834937072 50 24
256.92001686064026 711.65508897196526 34 16
804.50310069145564 142.90806996653532 14 6
990 469.89857507290304 10 4
994 342.24727078074784 6 2
998 2 2 0
269.04700578020493 760.16216206182253 16 7
351.01254586643279 490.50117581236987 12 5
374.84534699049527 8 8 3
382.47707110664788 640.0159978010721 14 6
4 334.62111192934509 4 1
531.98567487884657 172.35343904687784 20 9
10 839.39009663000593 10 4
994 403.31080082285251 6 2
620.97331055160862 568.47554709909605 36 17
211.4835343300598 8 8 3
998 871.7157287525381 2 0
190.8654941299512 978 22 10
990 161.01613323034067 10 4
522.93357290398149 272.19783737487899 18 8
157.83124589508424 551.83765605906058 12 5
996 332.44931180961515 4 1
605.78232894943869 994 6 2
178.36625429523696 411.71792507807919 14 6
779.82055590796119 329.81572463235062 26 12
597.60279462908193 336.9908170426458 18 8
587.71565356164592 528.5014523433922 16 7
158.41753768437337 8 8 3
404.48888590351294 990 10 4
606.00917326670844 643.76638004708593 34 16
928.2842712474619 998 2 0
654.03574385517584 682.97669141426275 28 13
105.21070857136229 364.60541974815766 26 12
387.89143039708819 4 4 1
144.56113122382234 6 6 2
8 522.36727829481424 8 3
374.24280038211236 352.28169552260931 12 5
225.82971010998233 990 10 4
385.40951005978684 531.1023186931784 14 6
514.65126085636098 208.40226829967128 20 9
565.48628337775244 502.77490766231568 18 8
994 490.09218703698582 6 2
821.61632823093828 996 4 1
871.7157287525381 998 2 0
608.14849146067343 371.41157064183591 18 8
