553.58983848622461 500 100 0
411.085598670286 546.82458365518551 50 1
380.38475772933691 400 100 0
490.57637541007517 647.50110635506348 50 1
589.68381450581774 660.83210466290507 50 1
553.58983848622461 300 100 0
311.97815957454344 533.49358534734392 50 1
275.48140798400527 467.97269460753063 25 2
348.07213559413657 694.32569001024888 100 0
726.7949192431123 600 100 0
726.7949192431123 400 100 0
411.085598670286 253.17541634481455 50 1
521.27721635102421 794.32569001024899 100 0
658.38832108831878 733.49358534734392 50 1
222.32087015164734 525.74110963699582 25 2
222.32087015164731 474.25889036300418 25 2
275.48140798400522 332.02730539246937 25 2
311.97815957454338 266.50641465265608 50 1
211.80339887498948 600 50 1
211.80339887498948 400 50 1
696.09407830216321 253.17541634481455 50 1
397.17467597258036 809.27759529408183 25 2
224.52334036515825 675.33371282334213 25 2
222.32087015164734 325.74110963699576 25 2
400 175 25 2
600 175 25 2
765.66289945169717 281.19646421715782 25 2
226.96393945315648 725.27411206175088 25 2
757.4957601840614 746.82458365518551 50 1
222.62361398330407 275.74202618367241 25 2
403.68492321288647 858.85195036674099 25 2
767.81549294423348 231.24282229531303 25 2
330.3210743030794 843.27165277205427 50 1
100 500 100 0
900 500 100 0
500 100 100 0
237.39387691339815 208.19183588453086 25 2
240.64735432399732 799.0153092141735 50 1
816.54711005693764 793.06242614584642 25 2
700 900 100 0
100 300 100 0
100 700 100 0
900 300 100 0
700 100 100 0
300 100 100 0
900 700 100 0
260.74416615578679 871.27261441024098 25 2
200 175 25 2
825 200 25 2
450 950 50 1
558.57864376269049 950 50 1
350 950 50 1
400 25 25 2
25 600 25 2
975 600 25 2
600 25 25 2
975 400 25 2
25 400 25 2
150 841.42135623730951 50 1
513.85728421269471 990 10 3
990 563.24555320336754 10 3
10 563.24555320336754 10 3
568.37722339831623 10 10 3
990 431.62277660168377 10 3
431.62277660168377 10 10 3
10 431.62277660168377 10 3
499.71514858896376 995 5 4
481.62277660168377 995 5 4
995 544.72135954999578 5 4
554.23508777458528 5 5 4
995 445.76491222541472 5 4
5 445.76491222541472 5 4
995 577.38768882709849 5 4
990 368.37722339831623 10 3
10 631.62277660168377 10 3
10 363.24555320336759 10 3
363.24555320336759 10 10 3
990 636.75444679663246 10 3
5 377.63932022500211 5 4
250 950 50 1
5 645.76491222541472 5 4
5 349.10341757963664 5 4
308.86349517372673 995 5 4
294.72135954999578 990 10 3
995 250.89658242036336 5 4
10 236.75444679663241 10 3
990 236.75444679663241 10 3
900 100 100 0
900 900 100 0
100 100 100 0
231.6227766016838 10 10 3
768.37722339831623 10 10 3
768.37722339831623 990 10 3
800 25 25 2
800 975 25 2
975 200 25 2
25 200 25 2
200 25 25 2
975 800 25 2
50 841.42135623730951 50 1
995 222.36067977499789 5 4
150 950 50 1
205.27864045000422 990 10 3
10 796.69999668731373 10 3
191.13650482627327 995 5 4
995 822.36067977499795 5 4
822.36067977499795 995 5 4
990 836.75444679663246 10 3
836.75444679663246 10 10 3
836.75444679663246 990 10 3
995 855.27864045000422 5 4
855.27864045000422 995 5 4
10 886.14271578730529 10 3
105.2786404500042 990 10 3
50 950 50 1
81.622776601683796 995 5 4
944.72135954999578 995 5 4
995 944.72135954999578 5 4
954.72135954999578 995 5 4
44.142135623730951 5 5 4
995 955.85786437626905 5 4
990 36.754446796632415 10 3
970 990 10 3
990 970 10 3
30 10 10 3
18.377223398316207 995 5 4
990 990 10 3
10 10 10 3
990 10 10 3
5 985 5 4
5 995 5 4
