488 188 12 0
464 188 12 0
491 167.21539030917347 9 3
477.36856614397595 173.47510364357163 6 1
12 188 12 0
491 9 9 3
4 4 4 2
476 197 3 4
470.21539030917347 12 12 0
32.784609690826528 191 9 3
453.24482756069631 6 6 1
440 188 12 0
452 177.41699475574163 4 2
488 146.43078061834694 12 0
16 9 9 3
477.36856614397595 160.95567697477532 6 1
452 197 3 4
53.569219381653056 188 12 0
460.21732942804221 167.34349004928362 9 3
445.43262763988304 169.87579987140322 6 1
443.44686858956362 4 4 2
77.569219381653056 188 12 0
467.28094357329331 149.85433152156767 9 3
416 188 12 0
428 170.76631206038593 9 3
473.2611606804648 136.09798740871946 6 1
3 10.928203230275509 3 4
392 188 12 0
4 17.856406460551018 4 2
101.56921938165306 188 12 0
431.44686858956362 9 9 3
375.02943725152284 194 6 1
428 197 3 4
125.56921938165306 188 12 0
9 29.856406460551018 9 3
444.10232820538681 11.973103077975658 4 2
488 122.43078061834694 12 0
146.35382907247958 191 9 3
453.24482756069631 18 6 1
358.05887450304567 188 12 0
491 101.64617092752042 9 3
375.02943725152284 182 6 1
439.96518773001071 18.820297298019703 4 2
65.569219381653056 197 3 4
12 50.641016151377542 12 0
167.13843876330611 188 12 0
337.27426481221914 191 9 3
494 86.949232470821343 6 1
410.66225889873709 12 12 0
187.92304845413264 191 9 3
4 64.497422611928556 4 2
89.569219381653056 197 3 4
36.784609690826528 12 12 0
26.198377200151821 35.168263168077871 9 3
322.57732635552009 194 6 1
386.66225889873709 12 12 0
22.928203230275507 20 4 2
488 69.978669722344208 12 0
205.92304845413264 191 9 3
482 86.949232470821343 6 1
404 197 3 4
12 78.35382907247957 12 0
57.569219381653056 9 9 3
369.69169615025993 6 6 1
312.7793673843874 196 4 2
12 102.35382907247957 12 0
491 49.194060031517679 9 3
497 134.43078061834694 3 4
226.70765814495917 188 12 0
491 31.194060031517679 9 3
72.266157838352129 6 6 1
484.07179676972447 20 4 2
352.72113340178277 12 12 0
12 126.35382907247957 12 0
300.7793673843874 191 9 3
369.69169615025993 18 6 1
113.56921938165306 197 3 4
250.70765814495917 188 12 0
9 147.13843876330611 9 3
84.266157838352129 6 6 1
478.4667626159482 25.708203932499377 4 2
274.70765814495917 188 12 0
9 165.13843876330611 9 3
328.72113340178277 12 12 0
27.472752983299674 173.80162279984819 9 3
21 156.13843876330611 6 1
314.44829003276396 188.17601781739404 4 2
398.66225889873709 3 3 4
304.72113340178277 12 12 0
35.784115531033542 53.852845599908264 12 0
44.189669880170044 34.608452752023652 9 3
413.00887954977691 170.25026201736327 6 1
288.56406460551017 196 4 2
3 90.35382907247957 3 4
280.72113340178277 12 12 0
26.19837720015181 141.82658205577926 9 3
101.23672058682926 12 12 0
323.81246912339583 179.05093908156888 9 3
479 40.194060031517679 6 1
125.23672058682926 12 12 0
340.89155727453664 173.36721249370763 9 3
469.42637016044199 29.982698551799608 6 1
50.641016151377549 20 4 2
238.70765814495917 197 3 4
256.72113340178277 12 12 0
149.23672058682928 12 12 0
61.918543154348001 26.466636273772654 9 3
78.266157838352129 16.392304845413264 6 1
405.06298914568276 176.32173841821708 4 2
232.72113340178277 12 12 0
473.71999999999997 54.234060031517679 9 3
340.72113340178277 3 3 4
173.23672058682928 12 12 0
211.93652371095624 9 9 3
197.23958525425718 6 6 1
22.475774103122433 62.734740017100179 4 2
446.00357994032231 151.88485733159661 12 0
150.7511527709926 170.46555225260499 12 0
458.3806095421225 134.20875533743234 9 3
469.88459215171707 124.5828328300492 6 1
469.17460380487893 42.054594795745651 4 2
3 175.53074360871938 3 4
89.569219381653056 167.21539030917347 12 0
398.66225889873709 29.233687939614086 9 3
28.830903794125241 70.455641946961393 6 1
292.72113340178277 32.784609690826528 12 0
262.70765814495917 170.76631206038593 9 3
3 114.35382907247957 3 4
113.23672058682926 32.784609690826528 12 0
327.42976158571332 161.41815157527651 9 3
310.34008344040501 29.100508777912633 6 1
187.44162628312446 4 4 2
174.13007295772425 165.04097015787812 12 0
65.569219381653056 167.21539030917347 12 0
196.92304845413264 175.4115427318801 9 3
211.8153532995459 177.20577136594005 6 1
460.59271401283962 24.782961350797194 4 2
244.72113340178277 3 3 4
46.103474542046598 75.521044177589417 12 0
29.233687939614086 90.35382907247957 9 3
413.65337934896019 29.749737982636741 6 1
361.84323012709638 34.198814187564679 12 0
341.34187191702426 29.649714107075265 9 3
39.09174127739422 179.63249846493434 4 2
455.8059090710172 113.36718827820931 12 0
441.2943550227086 128.54660852744868 9 3
477.36856614397595 107.90588426191857 6 1
137.23672058682928 3 3 4
417.21349691566093 152.74822805537741 12 0
283.03418875720405 165.49069330336118 12 0
399.41929822151519 163.90020065367864 9 3
424.14509488607229 23.925314827652123 6 1
180.99484522385714 180 4 2
264.81178142692499 149.87199069753021 12 0
44.436353123622709 167.78196580968404 9 3
497 20.801755186104415 3 4
268.72113340178277 32.784609690826528 12 0
310.35067343457251 167.10187816313777 9 3
383.671138448514 29.749737982636738 6 1
478.52957259504279 97.973509721025493 4 2
59.709005459057792 55.750117834439671 12 0
29.233687939614086 114.35382907247957 9 3
468.66941122948674 99.640008399451389 6 1
262.70765814495917 197 3 4
453.98041752531628 47.068246489067619 12 0
32.817364829528167 161.95109014459788 4 2
395.13349691566094 143.34218744308998 12 0
209.36796743152775 162.40677469680654 9 3
38.750491051527931 153.90136883055112 6 1
137.23672058682928 32.784609690826528 12 0
313.96796589689001 149.46909065684537 9 3
288.79659473504614 180.41700153234166 4 2
113.23672058682926 3 3 4
280.72113340178277 53.569219381653056 12 0
460.9192655197761 66.888750733656877 9 3
194.47566258611448 160.61254606274659 6 1
216.33384740946926 29.534447747395006 12 0
387.87575581439802 47.251771944622604 12 0
408.65371111952902 44.206025182664419 9 3
50.74738873028658 154.17421693004121 6 1
453.26804093599566 27.999973056924063 4 2
292.72113340178277 3 3 4
414.31936703493 128.9233668336733 12 0
45.061526658191802 140.29361995090829 9 3
297.71862509281647 175.90065629586726 6 1
367.18097122835928 165.80118581243531 12 0
344.50884973685413 155.73442498741525 9 3
445.92851129896013 24.817002006619511 4 2
161.23672058682928 3 3 4
432.09238307050816 109.67006985662991 12 0
331.04705404803082 143.78536406898411 9 3
385.42521792136648 158.49967136915572 6 1
113.56921938165306 167.21539030917347 12 0
380.95396660978975 173.94394936193711 4 2
287.44917832286836 141.90027433431624 12 0
62.480720450067651 144.82922218667301 9 3
131.1881694202753 170.89949122208736 6 1
316.72113340178277 3 3 4
70.028364470070841 77.418316412120816 12 0
259.79632184518346 51.793758506046835 9 3
58.552068095985895 124.1999786067264 12 0
244.95311780852941 167.80383042464729 9 3
423.94333553212323 35.923618589563389 6 1
310.85423087377313 180.09212180617334 4 2
392.23936703493001 119.51732622138587 12 0
410.03356572907575 108.36535362308463 9 3
201.32350576606262 19.600181606999293 6 1
268.72113340178277 3 3 4
56.422833553059661 97.18924275527057 12 0
387.20119915751201 168.34070234405155 4 2
344.18804265966276 50.455946637347267 12 0
364.68940086973487 55.005046717836677 9 3
77.569219381653056 153.79898244417473 6 1
89.236720586829264 32.784609690826528 12 0
326.27432215160633 39.496995156514913 9 3
27.79211541234611 128.92464427453913 4 2
68.415259993940467 14.134530459215551 3 4
157.74278696541074 147.50652241048311 12 0
301.64594495838207 51.793758506046835 9 3
472.66666666666669 79.406760138164842 6 1
161.23672058682928 32.784609690826528 12 0
90.52367053175638 146.23709145054181 9 3
429.08493428685273 139.21792965726843 6 1
472.30501844489567 89.400218526715321 4 2
48.454985311050379 45.824828471260865 3 4
181.12170715214239 142.08194031575624 12 0
101.23672058682926 53.569219381653056 12 0
80.427975485453771 59.174191584420093 9 3
378.05553799134555 149.02930613179308 6 1
404.30160141441161 64.750103188615981 12 0
376.25835151407517 134.13735794608155 9 3
307.02301013133859 39.957915902929059 4 2
459.24041813447911 31.651097623278197 3 4
239.71276759620091 34.959029842121879 12 0
90.736605325997502 73.929941338690497 9 3
200.55675030138863 150.26748094941155 6 1
269.22677099258931 126.28157172848526 12 0
312.93510608261408 45.347454052243165 4 2
149.23672058682928 53.569219381653056 12 0
318.90828004846639 56.89393372241382 9 3
300.40412799486967 155.8739561017799 6 1
470.63663566094738 115.61430839398813 3 4
134.3638667786791 152.93110450520999 12 0
459.58046858692865 86.738296117607362 9 3
434.43505106923533 30.099195434578775 6 1
219.39412862465372 170.68180289793401 4 2
193.11856843910812 35.621386413777991 12 0
227.24677056784884 160.32149332186569 9 3
353.31013938497637 72.654760824911946 12 0
216.50146235495097 145.88063630402115 9 3
366.56148154959772 145.58160160357218 6 1
350.47553194944481 166.14589478634153 3 4
141.35550097309724 129.97207466308811 12 0
191.32425163929318 19.722316402550859 4 2
291.86416788853268 118.3098553652713 12 0
77.013557410373224 134.20864546574225 9 3
74.448105523163946 45.417696564463014 6 1
316.72113340178277 21 3 4
265.39076728704083 72.034859765565329 12 0
374.17782643757772 70.301117463080558 9 3
321.38567638758184 26.219390647732062 4 2
209.99765144065412 52.682938424861881 12 0
250.07969625653743 134.90650819503645 9 3
40.638379200208746 125.96058933749865 6 1
289.04766401402765 76.078526078291858 12 0
234.38026549127207 143.7953549290803 9 3
446.01589809864225 98.262365036582878 6 1
100.02779679926979 155.1067917775631 4 2
139.07006499105643 181.46339783748058 3 4
125.23672058682928 53.569219381653056 12 0
355.43310276366361 131.43383903853132 12 0
370.70196073519475 117.01641984350164 9 3
302.84411821382179 132.57311904698818 6 1
223.37327435157411 43.902692884737583 4 2
426.41183520070098 55.415352955448128 12 0
230.91993352617723 54.487962616887948 9 3
377.12273432512768 23.575727662203441 3 4
80.347723481083904 99.086514989801969 12 0
108.4962232802354 145.24343773664575 9 3
249.8234651999054 62.998316968241291 6 1
315.79906914359981 120.07634960816748 12 0
368.33489008922368 87.326395576200568 9 3
306.87699569251293 65.852069507619859 6 1
344.00529229765351 142.74418134437968 4 2
26.998529909305994 102.14382773997522 3 4
221.96827246799813 73.484482411299751 12 0
98.462543925530269 126.79553057602278 12 0
119.09709323750248 130.69621957821036 9 3
446.33886604994592 63.365690799426993 6 1
67.548660100078791 108.68776368822731 4 2
137.23672058682928 74.353829072479584 12 0
245.03970925033917 77.215056362877093 9 3
297.96744999147455 166.90409661064271 3 4
248.63333641320628 113.95637589942555 12 0
256.52733546177063 91.072705659436494 9 3
448.42144366805564 75.183595455691076 6 1
44.417589625655424 116.70221104752825 4 2
161.23672058682928 74.353829072479584 12 0
115.59657651093717 109.99002768672446 12 0
238.78244602849892 94.092457139436419 9 3
97.634998504098675 108.81456373395704 6 1
313.84912554880651 38.407384282030385 3 4
164.73442115982888 124.54749256836124 12 0
101.58835713701014 94.344907362101338 9 3
437.1455492071737 71.078208250194947 6 1
65.550003354188277 40.85438879591721 4 2
223.24278435406464 125.99208236703855 12 0
203.57546721797871 133.35391886811763 9 3
173.23672058682928 53.569219381653056 12 0
434.38096027881875 88.795146758290088 9 3
420.97120748112172 95.516644352179213 6 1
356.72481741231456 147.38161233973111 4 2
34.947170349790426 26.954943594066599 3 4
320.29707756369589 77.847960577929967 12 0
185.23672058682928 74.353829072479584 12 0
418.27330057434335 80.761262340101126 9 3
190.85567062545152 57.253320294566947 6 1
57.608514805319999 39.888593979098403 4 2
238.70765814495917 179 3 4
203.49424565718905 112.35407593875117 12 0
223.16156279327498 104.99223943767208 9 3
173.23672058682928 95.138438763306112 12 0
194.16153214342859 93.362977887699884 9 3
332.01659104888358 64.185859580261123 6 1
433.07214207066903 40.005884036812468 4 2
149.23672058682928 95.138438763306112 12 0
118.85036780331851 89.243634211577429 9 3
182.73011843375895 124.15394508067297 6 1
352.77354051736899 171.68838128806141 3 4
305.36144740605329 98.464869962759195 12 0
329.29634866112042 100.23136420565538 12 0
336.79780413540556 119.8458528751904 9 3
409.28905247441861 92.773060127235198 6 1
197.80127192514431 64.447666865709181 4 2
352.59144757362571 106.00530277967881 12 0
284.36271241424754 98.695366695736283 9 3
447.31267904240394 31.678786006280944 3 4
389.20257714182503 84.972752214369166 12 0
344.17162790472923 90.095977314931304 6 1
186.59992436041273 103.93757422684371 4 2
106.81851370314838 80.286263675967135 6 1
239.42623580362087 155.77609712674465 4 2
473.00629435397838 70.41317058593313 3 4
178.48371450865156 112.93039601164705 6 1
431.41239512224837 147.91177380469247 3 4
75.858970160327516 119.2531472031623 6 1
246.90035163798527 53.435084925457915 4 2
203.1763043075477 72.880283712697718 6 1
388.37263980936518 63.244054655216033 4 2
189.54916765004731 10.675198078462461 3 4
335.6910968649027 73.486290054601625 4 2
211.11927827174614 96.048896466358343 6 1
87.442491952769316 17.892304845413264 3 4
248.93924716054272 147.8563875712872 4 2
396.44398440081403 102.01529225940001 6 1
33.790213934845703 132.53335791161098 3 4
119.61777054820703 70.669728159565693 6 1
71.74326857125908 35.790451004926787 4 2
130.03393722475019 99.240022309086356 6 1
371.84845822683963 45.374475719308919 3 4
335.87842911456369 81.484096418113865 4 2
271.38450492260381 89.007635294512738 6 1
236.28027023096499 66.331390769720443 4 2
302.44541485282565 141.56428335590448 3 4
377.83833411524682 98.931762939806291 6 1
440.77197701518497 37.835045068300332 4 2
32.985733224471794 101.75216913497889 3 4
133.5824363552982 110.70336187138233 6 1
239.62525426192488 127.17963026269655 4 2
329.46585424315253 27.929189707397498 3 4
268.14434529716488 100.56191439801701 6 1
354.17162014988224 90.083523525171898 4 2
298.24582814747077 63.301981899436377 3 4
39.253897487465863 98.636063107879679 4 2
234.2203929153514 175.01697969385631 3 4
127.45108350026179 120.73575539777566 4 2
386.75424216225679 104.48691022144823 4 2
446.37158525708634 89.2693963028822 3 4
264.36495420687487 111.03812272433449 4 2
186.23552624572903 156.18331805972397 3 4
89.014566519587802 113.88291182780596 4 2
340.65607856139923 136.59741249002332 3 4
161.23672058682928 105.72144400756447 4 2
433.26919960133961 20.860822470786729 3 4
191.12207601823624 129.5922396571311 4 2
83.67932154175773 83.63533909399689 3 4
367.93519802703673 100.3202497486709 4 2
429.2632463871534 130.21969623092932 3 4
405.56354355328284 83.49294249443885 4 2
154.61324520384949 110.20804337134331 4 2
430.80307824392264 159.09828941906201 3 4
121.37804729352615 143.49454949247297 4 2
255.83702614715523 40.465741134256866 3 4
277.03027293732629 112.31355979412299 4 2
185.10750993846267 22.939787867094843 3 4
146.64563866661464 110.92724158311283 4 2
198.8056979273675 80.747799195334409 3 4
328.47837500331889 129.83520214910146 4 2
249.94751427627767 155.79259557154322 4 2
114.06922944932772 63.583566174820554 3 4
179.53165291768377 27.17178721537347 4 2
83.20397631916768 47.499697189748446 3 4
207.11012060659095 84.217174350142429 6 1
109.74377732146169 69.087243480907759 4 2
377.56279719932257 36.359440486034806 3 4
220.38667145198127 92.291846607369038 4 2
376.17854685838392 58.46907969278211 3 4
177.1393727356683 34.805724307774483 4 2
240.93300199519416 61.101468482522215 3 4
312.34311961341587 135.69865458678126 4 2
438.48087459919748 44.449487578403236 3 4
130.80611851983906 90.273209271695933 3 4
320.33822918113191 135.41897083642152 4 2
305.61762794182357 74.763522412086317 3 4
49.690040426585405 112.09772817191966 3 4
304.77069880536379 81.712098599897431 4 2
37.701546825460277 105.46176508072986 3 4
228.53109012248086 173.11124263669558 3 4
455.01502041962931 98.388052951325264 3 4
83.453260736382347 124.08292469766914 3 4
186.88107113799185 116.16835858704449 3 4
89.260087499115258 85.838757195311132 3 4
381.4691618839459 109.07689131637761 3 4
428.57579132887105 124.25920920864313 3 4
429.86974046530855 77.675394252312586 3 4
119.41812036867566 150.21457080562712 3 4
259.40740156190429 102.72196397311728 3 4
151.14587683308059 116.28894433924201 3 4
255.2104960787035 161.3965436026119 3 4
231.59290218225703 113.53112204067111 3 4
381.65661746029105 60.916679022844356 3 4
441.68602447206069 55.661726543856851 3 4
335.97509840239564 132.84395744819659 3 4
44.187347479101348 109.70599860407357 3 4
191.59640685943705 122.60832884347622 3 4
426.92624601486312 72.447025441660728 3 4
127.17472106735239 139.57044791888507 3 4
234.46884343409499 82.894563022346745 3 4
167.43643155983082 108.97161074963236 3 4
234.67285352321372 108.38195708532747 3 4
390.2460981825451 69.988693542803858 3 4
43.137579580922697 90.224903095559895 3 4
418.85724964499423 68.374065741890576 3 4
