555.35991111671274 559.74114606427634 100 99
469.29456541319644 484.98316141424561 14 13
466.51607293516446 503.7789050693799 5 4
451.75900194235396 471.69768009966555 8 7
545.07680798882996 455.24589358809283 5 4
438.96354717044369 463.869759738548 7 6
487.69383829821857 398.58092803042712 73 72
412.40683648502318 514.30527418591805 50 49
447.36322797139434 560.58756771434594 8 7
561.62694842774624 445.91353850204166 14 13
423.68288459182799 454.35653992827901 11 10
452.49924018691485 575.0930962945182 4 3
574.06954389724456 427.77017007216017 8 7
596.62685212664951 445.99564250619102 21 20
613.65611934927847 468.22184456277944 7 6
399.70662198659926 428.7015151052554 20 19
471.97817411406567 630.36933028138128 8 7
414.94209439627218 615.27344970337231 51 50
382.2068684051078 564.99020220176999 9 8
613.84844600361828 426.51702078039244 5 4
484.86946253343382 634.84172301630849 3 2
405.71249945195547 400.33023674366007 9 8
560.1533965111247 375.65468927239112 3 2
594.33455095483384 389.81974066288382 34 33
355.89338337110365 499.18123904372231 8 7
391.43164040248297 395.741438991623 6 5
561.29426452321059 362.29993920073127 9 8
349.81604294027534 457.62325625716471 34 33
550.38626531301691 353.87455717576944 4 3
400.89804439116085 374.77987427132734 17 16
418.24324546741678 359.67543784939318 6 5
523.95688609961474 664.36335295019933 7 6
480.38116996420331 675.59531463487622 38 37
661.44759548915977 568.1906413201184 6 5
669.85209531446333 548.94578791235062 15 14
437.18860984546808 666.66501078463045 5 4
500.71452199343366 321.67538989363777 5 4
469.72655305412218 321.88296647236422 5 4
584.42434050623456 661.6786707755499 6 5
379.88052887084115 362.585295195176 4 3
352.54998361383468 387.52605091657955 33 32
615.32468989843005 355.81399284314568 4 3
634.70363858095891 626.97635196177794 4 3
485.15917221680576 312.61828807645799 13 12
629.84289880027893 637.94782446024021 8 7
633.70083927600444 360.64277468260298 15 14
689.84238640087278 548.32268095474387 5 4
307.18021112467142 463.20768509022707 9 8
717.58371395351537 442.76491859404973 100 99
555.27234787660973 700.74111887519211 41 40
615.13877699049544 670.65772370190587 26 25
699.26020577259533 545.13800611193085 4 3
651.61543107715033 362.39417429386185 3 2
420.10070034876537 690.09583127885344 24 23
486.28190745557276 292.57701230932332 6 5
643.99250347345583 343.49396574300317 5 4
655.73171996516794 351.12225494574807 9 8
506.55578663783183 715.83073984685336 10 9
271.09257729468209 566.06040836264515 100 99
652.04321537588135 337.56218372878982 5 4
516.56726747162168 730.7896920666667 8 7
642.24220498410409 687.66960751867555 6 5
585.80480480543315 256.09149596257083 100 99
271.04787330333806 414.0604149364836 52 51
671.47127261328762 332.81343737000554 15 14
528.31080519713396 741.65658314413088 8 7
385.82254364688322 258.75518173861997 100 99
246.77916153071027 464.52852000193178 4 3
696.44963542336222 333.85333704222575 10 9
737.77619716319737 641.74296668435215 100 99
555.29323205774574 754.94998044483066 12 11
759.53198461945874 539.02156817285413 5 4
464.82292701985045 769.16064641012804 56 55
631.69824543752463 737.64118438252353 43 42
232.87259770681499 462.91374985979775 10 9
690.94436839212858 307.42055370571705 17 16
485.37601605843048 228.67019992371272 4 3
227.94377819594177 449.81005808117158 4 3
711.25654952812636 321.26943862753069 7 6
580.15715682125892 767.8257423777942 16 15
723.94490422158526 332.58339704945274 10 9
483.99035301320635 218.76666833517825 6 5
780.0323618948463 536.94117021992247 13 12
337.67184900913941 743.05945678310206 73 72
599.16967429543342 774.03252731801967 4 3
791.24077881357618 520.37701041098762 7 6
544.98523353474627 792.56307878104644 27 26
681.45556566372977 732.72091163531911 7 6
744.8521802258108 334.5546428695211 11 10
574.23088223577781 785.87786883252193 3 2
796.37379469518623 510.64807686413167 4 3
795.73131404807293 530.41867826586827 4 3
406.27130879914688 782.26438647687883 4 3
697.83428178594693 277.19590989597651 14 13
794.33989934547515 550.9159465007383 7 6
796.72158562152833 540.17687901410522 4 3
484.97938334779684 194.78705576538763 18 17
250.75170622142048 316.76267157557305 47 46
802.18055145520725 560.08465940193742 4 3
505.69604348960121 191.34903415856567 3 2
513.60146426118172 809.03111548933578 7 6
736.04631029256302 296.56179282219347 28 27
403.22840982856042 797.97237062045383 12 11
694.7916491626064 254.39805063859481 9 8
186.06756533005981 458.63719234108004 37 36
417.05442899300556 803.78968908039712 3 2
665.8851749777715 769.8941508912061 4 3
183.03270792438281 503.53473838234163 8 7
638.68024691632434 786.14120144798483 6 5
463.61522930644139 183.85211534043623 6 5
507.07226141740301 179.26594953543378 9 8
718.06294627042655 264.22607544268681 9 8
177.73437709497205 518.00578886076107 5 4
455.47505256720677 180.01316722226326 3 2
798.03632327534945 371.06215018089767 7 6
562.48136711402049 820.54316651815316 6 5
172.71764654245871 497.40289455791668 4 3
698.45858222781374 764.6051868978617 29 28
605.06948677066259 814.60582164762923 37 36
818.20197619179498 412.748834503203 5 4
444.77184341546291 825.56444060810509 3 2
660.47378277704831 789.14815916091334 16 15
826.97639968923295 449.31772465692063 5 4
384.65009634775078 810.26841658008334 9 8
520.95647507910508 169.66953184541995 7 6
791.46916481054518 328.56659241660719 36 35
451.26854715696822 833.16660085997501 7 6
728.92226666464114 747.37254547138855 6 5
769.37890252972034 294.02646629691321 5 4
748.622004974981 268.22715142240509 3 2
737.62659843217148 256.59302139504285 12 11
532.1360618421063 161.24238287269327 7 6
184.64170723635274 628.21019182201508 4 3
833.69463668108551 428.36861270148671 17 16
167.68830789490471 577.17603114763847 4 3
680.42019776696179 209.57927202190828 4 3
166.38674556351538 588.0987567917947 7 6
262.40740205541545 246.72593296914314 24 23
284.03491930009352 228.94249972831051 4 3
741.85785064318736 748.6650883658325 7 6
186.78197809542345 653.11840815016296 21 20
413.82506504162751 839.64623411180025 31 30
245.67991645727525 741.84111964861336 19 18
366.96896206728258 824.97819192017789 14 13
545.89155670169873 151.25307052560322 10 9
714.1472795640052 218.93255772563535 31 30
262.74540797494222 760.80849715009003 4 3
834.20476318003762 378.86240369350611 30 29
754.65724878634569 746.39013624042093 6 5
679.92273729692795 194.58752318860823 11 10
738.13151623368185 763.19486578561896 8 7
156.8604277782236 591.14001795348952 3 2
348.25726141503293 821.68088109154814 5 4
746.28813587119305 240.81399198279993 6 5
144.30385044843442 463.81410287373461 3 2
840.0488897432283 613.88087142160327 6 5
231.024112235188 262.22074242455784 11 10
751.0671639764455 757.84052012296934 6 5
398.6602746842097 154.54293360140116 5 4
158.53535623473539 618.08801629595587 24 23
581.89888381895275 148.80542348587642 6 5
139.58206055366659 451.70193130173033 10 9
856.6919566724572 428.01750984696389 6 5
774.12779644545435 740.49405064650659 5 4
278.98638405437248 791.35041041877605 3 2
313.72965421157903 185.19149985095879 3 2
374.99382020058579 844.38441906355524 7 6
301.46290660334034 191.94243020756699 7 6
162.89350999546014 645.74676709561925 4 3
831.54048032082437 341.14791481433855 6 5
278.20760228991469 205.66069617998374 20 19
293.31639044541737 806.00064596476545 4 3
783.4979610665406 737.00119866370756 5 4
381.61528117826219 853.34038700547319 4 3
565.49344748875387 132.68519833807562 17 16
281.74189384943878 802.61258892156161 8 7
866.54256182619395 426.29542445268896 4 3
382.34351882451654 144.80828012964531 14 13
851.21763967405809 630.47180343227069 14 13
841.02172321694138 655.43528601413129 3 2
786.61896069545537 255.72789720560024 37 36
230.2669698366515 760.23788774710829 5 4
863.84055267688632 408.62345174122231 12 11
844.61498223178546 648.28766475582177 5 4
794.13526263004758 734.19980339580752 6 5
812.69346802655139 291.16968140787509 7 6
753.99810907762458 222.38384546739789 9 8
606.90330010797936 861.57003279445757 10 9
597.43166405638681 134.67274015624719 15 14
124.77161686160846 449.32479907057933 5 4
385.26765964995604 861.56596488787807 5 4
815.18348875232959 711.19878867815669 4 3
820.29327542993849 705.0432968124054 4 3
426.60712750421084 873.21493866065646 4 3
254.43941596732577 208.98835585830068 4 3
247.02288977917453 789.82232870650046 29 28
132.52324982895485 610.85128220284798 3 2
201.41964524749389 746.71426827651817 25 24
254.66616519925145 200.9915699548379 4 3
812.33246591539921 728.73520893769933 13 12
900 524.76673921412566 100 99
392.55303830432211 873.52101645039784 9 8
219.53331135093671 769.36145574633406 4 3
868.31154884701664 370.0797726646494 4 3
615.2475612373413 125.58462662055345 5 4
870.1824149988463 629.31538790128593 5 4
560.82325851119867 112.21108456204315 4 3
884.08878050070655 416.93430859121287 9 8
607.38796436856387 878.34409645550329 4 3
124.9194571957305 619.22573953326901 7 6
380.94098744532653 124.85751809581845 6 5
412.69124087760548 884.63194787478369 14 13
878.629623593465 386.03399886107474 15 14
255.67841505753751 189.03433991505025 8 7
608.62081004319896 118.09555667756763 5 4
516.0833785858141 908 92 91
757.22307737475853 195.57713773439789 18 17
211.38726107438151 778.17291787766248 8 7
468.9139287171065 89 89 88
393.0712330476444 888.51206291847313 6 5
779.42672147172141 207.06618420551129 7 6
87 533.21344526098972 87 86
399.25702914476659 895.0493350288283 3 2
790.75752491865421 213.9322959278287 5 4
421.32327275150993 901.25297530229273 3 2
213.22274915668925 793.50342825693644 5 4
797.94401696605451 790.07012996016499 50 49
239.18419230648533 821.87782467726424 4 3
897.70748263587529 380.03105838511419 5 4
802.72736304357056 214.78257544851502 7 6
586.8768614477417 91.957448492809604 29 28
826.17106276884897 241.13396889568168 5 4
100 346.66586419921339 100 99
215.17102259072686 804.32951853118709 6 5
175.24119057020553 761.366521028541 5 4
161.21466080609392 256.14665594596983 9 8
197.43412371458271 207.06355797303615 52 51
911.29636961454469 404.2951988673218 21 20
406.37484595117581 916.00236634718181 18 17
220.44187696561835 823.6224730524284 14 13
826.32949028407006 219.13453934120417 17 16
147.16560297449607 243.35509724327764 10 9
561.90909525993413 67.429695811592069 6 5
177.40064786597122 797.30169522024016 31 30
422.20795322042801 932.68507338771792 5 4
801.69659050762243 177.51871505629617 30 29
201.45058396983248 824.19761681551211 5 4
704.04082057734581 904 96 95
292.95875850293532 905 95 94
390.22328116995243 932.37694894088304 5 4
784.56872809482604 844.71040469984507 4 3
710.04167118877081 94 94 93
831.15333216160525 197.66990448429272 5 4
595.45931055413189 61.129838022060767 3 2
286.9578900704048 93 93 92
91 711.16849576532354 91 90
851.57294766616201 783.7504945305642 4 3
910 285.82971010998233 90 89
609.26581855341169 58.810282705664726 11 10
207.013451421003 151.88895801351666 4 3
912 712.38336960706283 88 87
834.66745201334084 189.38431689694332 4 3
949.38898663367274 416.49980982523567 19 18
199.5036918757198 845.10717470595739 16 15
144.5871313447195 788.39814910032032 3 2
609.84763669328481 948.0867793083537 8 7
798.75660070906133 852.10663824687651 12 11
958.01623085252288 438.45267919105197 4 3
851.1157769973496 198.89497435163233 15 14
180.01827157123824 834.2089850982253 6 5
52.983585349402723 620.84268429864551 7 6
813.90652355555324 841.65693431341219 4 3
379.23733423048367 51.945107654423424 8 7
837.63126983401526 179.68639162564747 6 5
38.163379862510972 441.48346332814128 12 11
858.54550365154398 797.03143813524514 11 10
600.02946658629241 954.98631086855119 4 3
35.960056703847641 457.33102992552455 4 3
849.56632103453421 809.0470229953504 4 3
950.73961975086593 622.36536106678068 10 9
621.34588739163053 48.318765329045938 5 4
45.864304190078968 613.26252102226033 3 2
194.16493639101785 144.14843726073488 11 10
956.65178387494427 610.7875238175377 3 2
182.18787517517518 153.17894137910821 4 3
137.06080369223599 799.9288605867082 9 8
956.52044025437101 381.95088489584168 16 15
612.28574754698366 42.080667382119969 6 5
802.91464695007687 138.53774099839205 9 8
119.33675678347161 218.9715921696361 27 26
575.64724123011717 32 32 31
140.33007446264335 192.22686160787168 7 6
442.76415886379516 969.97008971555806 4 3
539.91448712102249 27.621611737296675 4 3
198.36947385985144 867.07791774055863 6 5
405.88356007416684 967 33 32
799.27196782186797 870.35436737863074 5 4
875.4654648733183 797.90662809899152 5 4
872.12541217668036 197.61681084228084 6 5
962.46166135549447 632.02536911291281 5 4
584.90526010121346 974.92943018344272 4 3
194.74096411812639 126.16682933160774 5 4
803.35474769422945 123.94444444444446 4 3
16.244446841671504 477.59284029071858 3 2
981 437.58876034331217 19 18
16 458.59441283627916 16 15
966.07146918099522 363.24853620796858 5 4
536.45540534558631 12 12 11
15 427.6105460666198 15 14
449.63038768246952 988 12 11
612.12781823273735 978 22 21
971.2190604338673 638.68179167928542 6 5
991 463.7421540045562 9 8
22 620.7120166778991 22 21
983 401.64435883208932 17 16
377.42335309359396 22 22 21
980 614.20945831411723 20 19
7 483.85759454397743 7 6
519.48484259710915 6 6 5
469.0940180879312 994 6 5
579.70727346816159 989 11 10
82.129009414544043 233.65435538812 13 12
995 477.15856186955494 5 4
4 494.44059978823577 4 3
506.64985324533291 4 4 3
974.04614497067416 353.26183386710119 3 2
624.96255325386903 19 19 18
997 490.12572306274814 3 2
482.85688313414181 997 3 2
3 474.69244315406576 3 2
563.072739083697 994 6 5
2 500.09745403772814 2 1
500.99299899584054 2 2 1
512.30670749482533 2 2 1
991 584.76673921412566 9 8
998 485.22674357718176 2 1
550.31181180613737 4 4 3
407.08814704197664 10 10 9
526.41304582738462 2 2 1
9 589.17771957952255 9 8
1 489.14909716610663 1 0
997 453.34984915914293 3 2
1 478.15654476920349 1 0
459.4283466536022 998 2 1
431.5740252314971 995 5 4
999 472.68642591455534 1 0
422.69704868394115 6 6 5
554.58745770945848 997 3 2
3 444.73800637572816 3 2
995 571.35033134912692 5 4
464.19503860236483 999 1 0
5 575.7613117145238 5 4
998 553.05101046158757 2 1
456.59991952885599 999 1 0
8 405.70164376641316 8 7
544.31181180613737 1 1 0
997 563.60436465671205 3 2
436.2336594403701 3 3 2
546.31181180613737 1 1 0
998 557.05101046158757 2 1
3 565.52443410379669 3 2
442.2306005888538 2 2 1
559.64724123011717 2 2 1
2 439.83902689016179 2 1
439.83242871133683 998 2 1
2 560.62545461823038 2 1
985 369.7069199867467 15 14
351.2025447976655 20.32521524644838 4 3
556.81881410537096 1 1 0
996 420.15316456914945 4 3
979.60403863464978 349.00627068228778 4 3
65.818556110468819 246.32828951441832 6 5
570.32644194851468 998 2 1
96.160850764973731 198.38330957438902 4 3
422.13163688343877 998 2 1
424.96006400818499 999 1 0
592.97377262958321 996 4 3
603.36005415121917 6 6 5
999 424.15316456914945 1 0
2 416.65609491651651 2 1
1 580.23344766952334 1 0
998 413.30626262177992 2 1
363.24389206615763 987 13 12
417.79806919837478 1 1 0
997 595.15904405953893 3 2
415.79806919837478 1 1 0
4 601.17771957952255 4 3
591.64724123011717 2 2 1
5 393.05253312573961 5 4
586.34052304887234 999 1 0
413.41270236231338 1 1 0
596.4318509209437 2 2 1
598.63062687907563 998 2 1
396.13369589187334 3 3 2
1 597.17771957952255 1 0
56.01722223657616 251.32167056261446 5 4
1 400.04478951692079 1 0
399.59779750701108 1 1 0
988 645.19332508377659 12 11
2 606.83457382901497 2 1
379.36840756275473 995 5 4
997 387.36150197500365 3 2
391.23471640630697 2 2 1
64.192677358362459 235.16696649821839 5 4
3 385.3065664333248 3 2
642.0730870380271 990 10 9
612.63372524793112 2 2 1
385.69296288309147 998 2 1
388.52139000783768 999 1 0
80.209215448768504 206.72269388852121 14 13
615.46215237267734 1 1 0
10 650.83608324933016 10 9
2 374.95013544667529 2 1
625.39431739415897 998 2 1
651.86951289977492 9 9 8
631.1186358879238 997 3 2
47.146592302830861 255.93815456871064 5 4
374.89627160775512 999 1 0
997 633.19332508377659 3 2
344.81979463636253 9 9 8
991 342.75070799301318 9 8
3 636.96009348717098 3 2
364.15685393217234 2 2 1
356.81979463636253 4 4 3
640.06222212441048 3 3 2
366.98528105691855 1 1 0
64.546335697337071 222.17177793555129 8 7
998 358.7524688366434 2 1
2 641.89181133933096 2 1
997 353.14301283842644 3 2
340.7081040481886 994 6 5
656.21522266175805 995 5 4
356.03278951522964 999 1 0
349.19338542242718 997 3 2
352.81979463636253 1 1 0
350.81979463636253 1 1 0
994 666.4268684347586 6 5
997 657.19332508377659 3 2
999 652.12152831405206 1 0
5 664.97821887306111 5 4
666.68270441141317 5 5 4
345.72928380728945 999 1 0
660.35479427401344 2 2 1
330.08560737610043 5 5 4
663.96118935417292 997 3 2
995 328.25611698117518 5 4
1 660.50608291806157 1 0
33.776316813456319 260.08974864065823 9 8
338.81979463636253 1 1 0
336.55774333110003 1 1 0
669.96118935417292 997 3 2
331.62162402076996 998 2 1
334.55774333110003 1 1 0
326.72264453520359 997 3 2
2 671.30277419339791 2 1
674.42867110382804 3 3 2
997 674.91214980899713 3 2
3 678.12307248160698 3 2
676.32800765624381 998 2 1
320.36447624738491 3 3 2
67.01709695531261 803.09140021002179 4 3
997 318.69306356029227 3 2
320.52685600711578 998 2 1
998 679.81112929456344 2 1
40.787193462262628 234.74990965303755 16 15
2 318.38159295175149 2 1
933.8400871394432 194.90308999692769 4 3
193.4763651591403 67.111691823051956 4 3
315.46549676181854 2 2 1
2 312.32271844870576 2 1
4 306.66586419921339 4 3
7 293.75083797792161 7 6
942.24582504222622 802.78225333560943 6 5
22.197184711174025 256.9395582086533 3 2
801.37230439195673 944.00656381776662 8 7
1 302.66586419921339 1 0
197.31518795042422 943.22705078824197 8 7
14 271.83271646373453 14 13
792.63165148083976 950.68496083257355 3 2
803.86656255401999 53.988879542067458 8 7
53.957550005778877 803.9424000991263 8 7
193.79435786814125 53.992869016065747 8 7
2 286.26752320437373 2 1
47.367147818298726 201.39268853567705 18 17
949.44944953810273 193.90385674482044 9 8
201.23257283772671 956.43490261094985 4 3
958.58177997160851 203.15591277865775 4 3
971.07722032657261 781.59956741137444 3 2
730.25453946398761 999 1 0
733.08296658873383 998 2 1
13 243.35586536377087 13 12
228.7777964527113 979.6295713921337 3 2
737.98194607430014 997 3 2
737.46428959037496 2 2 1
23.59621951859387 778.57074139980773 4 3
259.19487247066706 997 3 2
777.04701720091543 22.253370484646648 3 2
190.32541831237063 957.86107937418944 7 6
259.68152667643307 2 2 1
973.77757934563328 214.20047622642446 5 4
3 255.84586136056768 3 2
997 744.8795232256067 3 2
742.88092555986645 998 2 1
752.04082057734581 994 6 5
249.36976906752858 995 5 4
965.24561107273882 802.88146296537968 17 16
749.61838537933579 4 4 3
4 749.9427635443102 4 3
253.53400499105607 2 2 1
745.70935268461267 999 1 0
247.8771507415637 4 4 3
996 752.56802700442552 4 3
900 900 100 99
1 252.38175974542992 1 0
997 247.8391913297319 3 2
6 759.74072251544294 6 5
769.52425667012903 989 11 10
99 901 99 98
758.56265728933499 5 5 4
994 239.35390995549332 6 5
232.61359536211933 991 9 8
994 762.36598597555826 6 5
238.93287883156455 5 5 4
753.61838537933579 1 1 0
1 753.9427635443102 1 0
902 98 98 97
39.999159986180089 180.37808007935246 4 3
772.70479291306594 10 10 9
243.40501478656412 1 1 0
241.09887673635791 998 2 1
757.31499802573592 999 1 0
999 757.46700648999195 1 0
97 97 97 96
987 780.02950770821394 13 12
16 214.51145516005897 16 15
760.14342515048213 998 2 1
224.7907432078336 10 10 9
10 775.23265590027256 10 9
205.78077963212183 980 20 19
802.02041028867291 976 24 23
989 219.12773808485139 11 10
803.03629468927215 23 23 22
997 230.86862858125474 3 2
3 230.86586936697407 3 2
194.45924143162739 23 23 22
23 805.56415767647877 23 22
998 769.29418920583373 2 1
181.31616118227825 968.57710876776059 7 6
231.11529852817037 1 1 0
999 772.12261633057994 1 0
2 225.82516365904374 2 1
222.22129051670606 997 3 2
979 188.73036977771005 21 20
781.01338196320512 997 3 2
777.54928034806733 999 1 0
783.65924406316924 3 3 2
1 781.55721122060936 1 0
211.07248915746354 3 3 2
3 788.95090995064265 3 2
1 785.48680833550486 1 0
788.16400382812185 998 2 1
788.55822354873555 2 2 1
998 790.22754673539953 2 1
992 800.42558576258511 8 7
997 207.63861279177533 3 2
18 180.5703296631047 18 17
829.94837489568067 25.177140088243259 4 3
1 793.97249462985337 1 0
998 202.73963330620899 2 1
1 795.97249462985337 1 0
4 198.51145516005897 4 3
193.13166899144832 998 2 1
2 192.8546009105666 2 1
999 806.08244001207754 1 0
996 811.73929426156985 4 3
173.53174863892764 987 13 12
987 827.88897449072022 13 12
186.02174463572445 997 3 2
18.580725347010588 159.57836076851694 3 2
814.18544079997048 1 1 0
998 817.39614851106228 2 1
818.99097303715007 997 3 2
816.18544079997048 1 1 0
819.64954241510827 3 3 2
182.55764302058668 999 1 0
1 818.7133037871771 1 0
3 822.17740540231489 3 2
833.00427705833226 990 10 9
834.8482421304459 11 11 10
178.7180366628867 2 2 1
999 820.22457563580849 1 0
10 835.89565945268498 10 9
823.88995252271638 998 2 1
162.3299318842443 11 11 10
824.54852190067459 2 2 1
173.81905717732036 3 3 2
996 170.40006699788668 4 3
2 168.5703296631047 2 1
991 157.39696961966999 9 8
168.96318146495511 1 1 0
8 156.5703296631047 8 7
999 166.40006699788668 1 0
2 164.5703296631047 2 1
164.7647065088828 999 1 0
161.93627938413661 998 2 1
999 163.39696961966999 1 0
154.45296461058874 993 7 6
998 839.48444374551116 2 1
993 846.96775851905909 7 6
839.32883237866906 999 1 0
848.49621044316189 994 6 5
1 842.22021477302178 1 0
844.2290736500928 2 2 1
843.59723095759557 999 1 0
6 851.3875928375146 6 5
853.50257738807147 6 6 5
1 846.48861335194829 1 0
146.0818550749724 6 6 5
150.98083456053874 1 1 0
995 143.98056175467124 5 4
149.16146198845956 999 1 0
143.86995936633036 996 4 3
999 852.25926114118829 1 0
996 857.55076376331749 4 3
5 141.04543109109048 5 4
858.29416941429463 996 4 3
4 861.20050251573525 4 3
1 857.20050251573525 1 0
858.5237571471722 1 1 0
861.98785876231 3 3 2
137.59657370073381 3 3 2
136.94175613605486 997 3 2
998 137.19183588453083 2 1
997 864.47896699359296 3 2
865.35898384862242 997 3 2
3 133.29946439867564 3 2
997 132.29285639896449 3 2
131.59657370073381 3 3 2
132.04277665048852 998 2 1
2 128.4004849131093 2 1
998 871.7157287525381 2 1
871.7157287525381 998 2 1
998 127.39387691339813 2 1
127.14249455894057 998 2 1
2 872.8575054410594 2 1
874 2 2 1
930 2 2 1
2 930.56839639366183 2 1
2 69.143223445631762 2 1
934.64101615137758 997 3 2
3 935.46737587922814 3 2
64.532624120771828 997 3 2
998 934.38213560196414 2 1
997 63.707143601035504 3 2
63.968207232203298 2 2 1
936.0898038506399 2 2 1
997 939.28111508753045 3 2
3 60.700535601324354 3 2
941.74665810013232 4 4 3
939.5399956369439 998 2 1
59.06922774663694 3 3 2
1 938.93147749436594 1 0
59.633644635205471 998 2 1
998 58.808164115469147 2 1
1 940.93147749436594 1 0
5 945.49719092257396 5 4
947.02708177994532 995 5 4
995 947.02708177994532 5 4
5 52.954568908909522 5 4
995 51.654307942243243 5 4
51.323261054222108 5 5 4
51.276527638643039 995 5 4
951.54461707126507 6 6 5
946.64563758569875 1 1 0
980.5 32.428425057933374 3 2
31.364829653738624 20.233963150249508 4 3
1 950.54415587728431 1 0
951.49921773494486 999 1 0
992 959.6761924206188 8 7
959.6761924206188 992 8 7
2 46.630013588572766 2 1
2 953.37258300203052 2 1
999 47.182171987243663 1 0
991 38.237900077244504 9 8
46.851125099222529 1 1 0
46.804391683643459 999 1 0
37.906853189223369 9 9 8
9 37.906853189223369 9 8
38.627416997969519 992 8 7
8 961.37258300203052 8 7
44.284271247461902 999 1 0
999 44.237900077244504 1 0
964.50609846808084 7 7 6
959.21459584595164 1 1 0
983 983 17 16
16 984 16 15
2 969.37258300203052 2 1
30.978649958947859 1 1 0
30.142135623730951 999 1 0
971.33809621030935 998 2 1
998 971.33809621030935 2 1
985 15 15 14
27.514548343810105 3 3 2
3 27.514548343810105 3 2
971.98941324162877 2 2 1
27.313708498984759 998 2 1
14 14 14 13
998 25.954451150103324 2 1
974.81784036637498 1 1 0
24 999 1 0
999 991.24621125123531 1 0
1 993.17157287525379 1 0
6.8284271247461898 999 1 0
993.17157287525379 1 1 0
4.8284271247461898 999 1 0
1 995.17157287525379 1 0
999 4.8284271247461898 1 0
995.17157287525379 1 1 0
995.17157287525379 999 1 0
999 995.17157287525379 1 0
1 4.8284271247461898 1 0
4.8284271247461898 1 1 0
2 2 2 1
2 998 2 1
998 2 2 1
998 998 2 1
