479.24257233678827 508.37474691326651 32 11
506.74685623720029 485.14729834211397 4 3
513.00094988070157 512.42097300712339 2 4
516.4576810250652 519.81284149290548 4 3
511.49656746309313 523.18735660254958 2 7
541.62350963570384 494.07024895951906 32 0
498.04498236991822 447.19902152364767 32 11
488.95339712465324 543.04029006405801 4 3
528.24845545048277 462.81152336901556 2 4
522.8210996025739 555.2459743491379 32 0
473.06783259584932 543.84124644637052 4 8
454.44550721734134 467.27601747473142 16 10
532.92163576842177 456.12197214105277 4 8
482.86460807459417 553.38082428158668 8 2
538.32460835981408 458.73116496195803 2 4
434.12379699131679 491.9949999272817 16 1
558.40097555097782 530.38163336526463 8 9
453.7582641926042 549.05090747952784 16 10
562.81448363611014 521.40828692246691 2 7
462.30729884732966 442.86105236293412 4 8
433.854875807724 523.99386992915856 16 1
556.78442619833754 542.27225017813339 4 8
566.78933824634248 468.32765642613265 4 3
450.31992283797297 442.31076479238669 8 2
430.46632082969734 468.27532732989567 8 9
559.2709787709972 549.87600295576885 4 8
527.00007622033331 426.67254721536978 2 4
480.14974800904383 577.22677854692233 16 1
461.52224836403104 430.88675924230807 8 9
434.41018091877561 543.98615934867325 4 3
435.16692333797982 452.98139598249099 8 9
579.96529089551234 503.8098558326821 2 4
568.78103278773165 542.55761019514216 8 2
580.81043573730813 521.79000405777708 16 10
526.55821719091307 420.68883928482035 4 8
433.97305980527256 551.97420824262292 4 8
560.42591966883379 432.89452356990023 32 11
565.984222017761 554.22713672868144 4 3
449.53487235467435 430.33647167176065 4 8
416.37034545126932 475.84523341456747 8 2
470.83714214685887 417.87781025268424 8 2
578.33970751927075 539.61962834076724 2 7
448.47117858285799 572.46130529236336 8 2
458.90747169128844 419.17510082209787 4 8
434.93173001281872 563.93585325629738 8 9
484.50529036537614 409.56025506641453 8 2
406.27750208549924 507.761542351613 16 10
473.02156155534124 406.07830552376254 4 3
599.80207728961648 515.51963316375213 4 8
604.00444693461941 479.76575100577156 32 11
477.76204363166778 399.63409652001144 4 3
603.76281214604478 522.47035826240722 4 3
607.80194922798808 515.56489870975827 4 8
479.64841166509774 607.10639738569762 4 3
594.2936221467545 445.10020785498006 4 3
546.38746390205506 400.73329871164782 1 5
516.84739240304816 386.02329613402884 32 11
498.44947911315654 613.9269444908457 16 1
550.71509488096888 398.22898041910872 4 3
429.21170919204002 590.40551124651017 16 1
395.54382520783986 556.19332645765996 32 0
597.12537399762039 437.61815055400211 4 3
615.61429018890931 513.84230510988868 4 8
602.18914976740518 443.81154824455456 4 3
558.84500634327151 398.93129767692801 2 4
590.65521179215261 418.12855497918054 1 5
622.85330555702615 510.43691871475397 4 3
593.59978084658303 418.70258728113834 2 4
591.28262954293484 413.16807647746282 4 8
592.35502991632188 405.24027997155025 4 3
426.08117116101829 610.15898515963056 4 3
454.23060751416386 632.60022471987338 32 11
493.92968332501874 637.49750761592884 8 2
542.0132210136868 360.28070360064243 4 3
579.22832970196373 371.7187981802814 32 11
499.86067133914554 647.92935218802074 4 8
645.42353321796531 466.83006332457285 4 8
627.27301352763993 414.00009849248568 32 11
503.30770039850609 348.38452967679569 8 2
549.02485662139918 356.10629633491351 2 7
488.83442218472709 652.66452162371013 8 9
345.93210593247625 517.11043022918261 16 10
650.59473108311317 456.00145710588106 8 2
391.47049059528285 620.06356949097039 32 0
662.85648209811973 476.63273098913862 16 10
478.20255069714534 664.6212481268775 8 2
420.72120578600845 645.75773192378915 4 8
490.15274740175261 665.71340137674395 4 8
612.78540877762964 377.18893930364391 2 7
486.81068682821717 672.98186965574337 4 3
448.79131395724033 666.16231770588377 2 4
660.41600463371856 430.14159341232448 4 8
359.44554795424744 605.70519055606667 2 7
535.64980243617811 324.84757074441001 32 0
479.64278797420536 676.53450614413566 4 8
322.16011539187622 513.81005665371822 8 2
665.41301680313336 430.31442101058587 1 6
568.49218604709222 333.64403814635955 2 7
672.46067269161608 446.1079947405845 16 10
345.39107761384815 594.45921956860468 16 10
636.43784782420528 381.25859864418152 2 7
356.62928897095014 611.00317935739474 4 3
681.07946392184817 484.87426806980875 4 3
321.52151004488411 537.80155896622034 16 1
609.68367565273286 354.04683153748385 1 6
612.40268040551325 355.31451176307621 2 4
626.88663703359475 366.00165358845936 16 10
459.99155662240406 680.25325678890613 16 1
663.59411524558209 411.8420393393742 4 8
669.4927464666157 422.2922139655825 8 2
688.07245033456843 488.75990071218621 4 8
661.03382166073209 401.50178523826861 4 3
390.84960011856992 654.0578998273063 2 7
480.81991581724049 688.1146726200551 4 3
488.76512999099748 689.04932321419744 4 8
665.6360273453239 407.27798467527032 1 5
646.94882338514196 379.17392289924226 8 9
659.0237761799043 389.67132805500626 8 9
306.93859955830203 518.74011301528753 8 2
476.6906198247716 692.46770772289779 2 4
583.64087875293626 323.92204713093957 16 10
694.09377442993548 469.68783590161701 16 1
612.70245166220889 337.31700812524747 16 10
370.66118155603647 649.43996575241022 4 8
674.63498575500591 407.14106301587123 8 9
646.85222926163067 367.17431167323571 4 3
472.01891522966019 696.23270123896327 4 3
411.99348714800635 680.68375270165438 32 0
378.99942016763805 658.06978480358373 8 2
343.89378675370017 626.42417100107389 16 10
483.47072735780284 699.81822755761243 8 9
668.94340130411308 391.6039474299551 1 5
658.66090516891472 376.56104320621802 4 8
359.75389244576246 644.43686228906893 8 2
568.71475749140586 310.60998853408495 4 3
672.21109278645918 395.38841468126043 4 3
630.55128639660632 346.34026134258369 4 8
654.41592259531001 369.78017873700816 4 8
474.50237623185421 700.57233503118368 1 5
564.59620679695638 307.7749329478134 1 6
696.45875549445486 445.80464380833803 8 2
652.09079990220107 364.24901209135464 2 4
643.6039215824652 355.02292883045146 4 8
298.19837727431985 532.14192313282695 8 9
637.96377502918278 349.34941608634875 4 3
326.77348110865404 609.60468424849432 8 9
671.66153625030927 387.40731277653731 4 3
635.38596374180645 345.06515547725002 1 6
630.44658915861237 340.34117487143192 2 4
666.97430209038612 377.14927902926132 4 3
603.19477558043809 319.72143778711626 4 3
702.50172586532472 453.77223498113227 2 7
693.49082926945448 421.98886303333603 16 10
377.61842582176621 669.99005554785253 4 3
290.9621803978265 517.87176354140581 8 2
609.19448261459706 319.66214609913703 2 4
347.85971648536679 646.02701266659483 4 8
586.44063757060735 307.02384060154782 1 5
566.09202947126073 298.90010818745691 8 9
517.93113737107751 288.98604667876572 8 2
607.50324741818599 317.18429955214901 1 6
674.72122450098595 379.14557388828035 4 8
554.94547788129239 294.45551735677572 4 8
589.29421372448928 306.09804195497463 2 4
645.77718694247528 343.84428813582912 2 7
374.55525086139238 675.19809642413134 2 7
706.4995157732302 437.18011299660378 4 3
605.07033202884782 310.86103929736657 4 3
640.63181336542073 335.26960850609663 8 9
339.85972857257809 646.01310600508373 4 3
582.12596038102674 299.12551414908256 8 2
292.25437723384442 576.02693369441772 32 11
282.22195811384432 531.27357365894522 8 2
691.4859417701108 390.05173063052041 16 10
373.99822572234859 681.17218405275491 4 8
711.32364933866836 435.8656795282181 1 6
605.65400915752411 305.89522405619419 1 5
597.99495135431516 301.16882653090039 8 9
516.79778168812652 279.05047901023653 2 4
357.25243626855143 670.23698695489259 16 10
279.10022964474479 519.68673580881489 4 8
711.4125506073409 430.86646993424944 4 8
576.22732915999313 288.67533952287431 4 3
581.08109761689241 289.8757276962624 1 6
713.45811002738981 423.13240976774898 4 8
716.75880138595744 428.1429423298103 2 7
421.34625607705522 715.4476091240914 4 3
455.0862680696668 728.00195461632745 32 0
415.419863042918 714.51066429917933 2 7
573.26568724821743 281.24373961528954 4 8
256 256 256 12
744 744 256 12
603.10027809982307 292.57024299513114 2 7
416.6765581607192 717.23476366977775 1 6
337.55378424096813 666.77821429740447 4 8
267.93199632924075 524.07656093180844 8 9
391.33057911099883 707.68457179023335 2 4
268.84418136848217 540.05053721995239 8 2
679.77546531148585 343.50213620573521 32 0
269.29144682425522 550.95296657701965 2 7
421.37141879746588 723.60776088450689 2 7
710.91429911271723 388.83209480731352 2 7
337.77411989963304 674.77517948411878 4 3
333.19351262750246 670.8998682684221 2 4
368.18925755546405 700.30999711580159 16 1
720.14675350464813 404.28401332576669 16 10
592.95013595020259 277.70502808439073 16 10
257.92669564095155 517.45130937908084 4 8
740.41906400021833 452.97968471727529 32 0
543.98792409802115 258.63734216825037 32 0
637.57481741217555 295.38659488197538 32 0
329.85977713512273 675.94273188373234 4 3
259.51338577157247 553.04808520134839 8 2
300.15651881494693 654.00818398706394 32 0
580.90546789230507 261.73862675613071 4 8
482.29659658167441 751.57308149368794 4 8
718.14186600530445 372.34688092295107 16 10
277.75613613747299 619.77664364182408 8 9
270.40292074876766 604.84354607674629 2 4
336.67685614439301 694.74505710646383 16 1
738.49261869755799 412.24826032869044 4 8
320.9426177102527 680.91428167354695 2 4
613.30699981850012 271.57329966186569 2 7
264.09923088715703 596.91545250398406 1 6
367.85235255013055 718.3068439234338 2 7
260.63263832971103 588.51955666474771 2 4
249.74337416527089 550.91574535678035 2 4
265.24215517989813 601.78307246255338 4 3
245.79747493714208 533.35357352976951 16 1
266.78797922125784 609.63230350980598 4 8
476.41914234640996 757.00037655774815 4 8
482.39181963833909 757.57232582689187 2 7
365.28040503461074 721.37035269238015 2 7
674.442494959432 307.89933537175426 4 8
259.10629692496298 596.64972623661617 4 8
759.17230949786108 483.70940621463257 4 3
317.28634325657981 685.67155580054646 4 3
589.98220972520221 253.88924730938874 8 2
736.99770951975302 387.19468094041588 8 2
392.56111268932818 741.66229665686626 32 11
671.20162624438149 300.41031141082868 2 7
743.99437068584746 401.58379948627777 8 9
271.24369317141935 629.85573519879972 4 8
762.9832494462745 486.94618496975107 1 5
432.22751771607705 755.15358697401439 2 7
236.36768521764614 515.71613987727665 4 3
426.30112468193977 754.21664214910231 4 8
480.11820874414974 764.09381773852306 4 3
734.5334783298116 376.85410239555097 1 6
459.07687370317183 761.76695227185587 2 4
765.07343378636176 484.7941790625905 2 4
582.24521336739713 246.95145571086022 1 6
577.52164841812009 245.31196366453577 4 8
765.49580923349731 478.80906427825619 4 8
270.14731685424204 635.75471468436604 2 7
518.14435798550051 233.57521754586901 4 3
261.95061622416227 622.26371828283072 8 2
468.23703482353221 765.77836701593776 8 2
254.91457819935334 607.893813310513 8 2
485.20324417514166 767.2785335289127 2 7
459.29494765325273 764.75901573246233 1 5
745.89195955749847 391.76549227606142 2 7
583.4156627694781 244.18920152321411 2 4
486.87847113086889 769.76723090842768 1 6
756.56102312830035 413.83571631540656 8 9
230.20963434387778 520.82284228059723 4 3
264.40668349943815 634.00968497524559 4 3
613.98029252804099 253.58589637714226 16 10
347.61367743130563 724.81806726737284 16 1
760.63256098198212 422.96931251329249 2 7
707.72408821600504 324.14046071674454 2 4
524.31734621704084 228.48658155050992 4 8
518.38621810167683 227.58009422068184 2 7
588.9161881274141 241.79249111377734 4 3
742.13994880814323 372.0435299907046 8 9
581.644962299079 238.45643431669609 4 3
596.74463304888411 243.44035339913714 4 8
705.67739281710044 318.5003332408711 4 3
570.28614625886041 234.05272276547853 4 3
709.50038667547028 321.72286608924776 1 6
636.97970401423458 261.39180351559702 2 4
224.40839870289398 515.3141523240123 4 3
480.47219683996883 776.08859545334622 8 9
775.50463158828722 472.18913413736664 8 2
256.47808837177877 632.94320511061824 4 3
325.33394303589074 715.89543115074412 8 9
358.66336679840384 739.02737284120849 2 7
777.25477631999252 484.06082287225536 4 8
244.20067752459403 608.09082228375712 2 7
775.12156967825319 462.19647365213643 2 4
513.77867079299858 222.08603703199998 4 3
564.20738717483391 228.85188744811211 4 3
305.35855879295394 701.72546366714653 16 1
710.73429986741553 315.27113967521512 2 7
557.13013608701419 225.12193878359204 4 3
228.28621360878975 578.04535942707003 32 0
770.54084393098356 421.61804310916597 8 2
663.47674491779014 270.38479191711133 4 3
781.74952330412941 488.03539826449435 2 7
784.61083441837468 488.93700721936136 1 6
558.91552467107999 220.45156539339209 1 6
563.8989919292103 220.85783388483918 4 8
482.09201498249342 786.06984891197317 2 4
213.81553697855844 532.27856450036279 16 1
618.60941074928166 236.19132065671209 2 7
670.60651284644052 266.41552004445032 2 7
788.85849491377178 481.00243852813162 8 2
238.11048270989343 625.02922619672938 16 10
210.35676432107047 512.57991247277948 4 8
486.80720968160688 789.78023149998921 4 3
252.15670056581996 653.87609291705269 16 1
338.6068344558704 742.67518852517514 4 3
207.33393311264356 516.56268681805193 1 5
401.91388161837705 776.42615307930328 4 8
700.34442246504659 282.89753240689015 32 11
742.54507036435689 331.01307373064992 32 0
435.65389361098863 788.98049857153933 32 11
475.39789094116634 793.49875888042254 8 2
624.29335557656736 231.59622049225135 2 7
225.74367152504325 611.95015967353038 2 4
486.60904634082652 797.77777682904934 4 8
367.13111435850732 767.14396035636685 4 3
318.94208201525839 739.02861322094191 16 1
297.07383080750833 720.35322981700165 4 3
221.77937396121354 611.4169197412167 2 4
490.77886414544076 800.53687441273894 1 5
348.33331223719745 760.31441898025093 16 1
290.32571800129796 716.05637357613671 4 3
198.42551631581148 513.86261315376601 8 2
362.68361238516928 769.4286323672153 1 6
782.6136631859423 383.48345205016682 32 11
361.51389868043253 771.05090541727532 1 6
481.42814726686385 803.87353640316417 4 3
804.59814496605043 483.87705436886688 8 9
489.29767945039083 805.31244682860176 4 3
299.29401390142561 730.53909856089285 4 8
537.45955820603388 194.9711781658516 32 0
235.16092091154403 654.25487246151158 1 6
232.53603821230249 649.99928897446512 4 8
658.14377456573629 234.78199108313035 32 0
803.76966195623424 443.8856350904461 32 11
600.1998747633944 207.60655225141758 32 11
300.87413428831883 736.32729513348124 2 7
470.44758198965872 808.71370026330749 8 2
190.27037061492845 527.62828054032479 8 9
240.84138198646514 671.87508081770159 2 4
287.6231020330045 727.74807434753541 8 9
187.80817676357347 508.27046680084544 4 3
224.8421163341547 647.80758504077357 4 8
204.99817939338919 602.81767184198873 2 7
811.78785109406488 476.92664964735667 2 7
217.61408481793381 634.84012690354996 2 7
294.94620935491338 737.25449844662774 4 3
186.6527014573706 516.18658180864793 4 3
257.35874054382697 701.59337259713516 32 0
774.99024741893697 348.2998829867052 4 8
194.41933046227129 575.03966051665611 2 7
460.36265375018627 812.33595130497179 2 7
200.24178259261765 597.26799943772323 2 7
188.26501085563314 551.54435321615927 16 10
206.39610219925581 620.76330673822008 16 1
739.48807441111171 291.13006010652867 8 9
778.26374253272775 341.00027822069302 4 8
481.72007299514456 820.06847663852693 8 9
213.15628017665054 643.79155013006277 8 2
782.94863814078485 347.4850105314062 4 8
180.24180170962768 535.43137351036137 2 4
808.75694886439851 408.23276747372199 4 3
572.08577785808791 185.1210556992167 4 3
750.49821318055342 295.90256932890173 4 3
223.32052096843358 667.74961972991741 16 10
505.95597994290733 175.56274812798694 4 3
407.91150549051974 811.92303333501457 4 8
510.90612148740405 174.85840539220581 1 6
813.84494879983265 411.41274493543813 2 4
413.28727956189897 814.5878134635592 2 7
373.12873823065001 802.64084061207814 32 11
813.75365839103483 408.41413424692558 1 5
577.4172266556111 182.36866515291189 2 7
174.46844727456633 537.06489074845763 4 8
574.79199060975816 180.91672310738988 1 5
714.39506556763035 251.93659849972556 2 7
572.92773846019588 180.19245525441517 1 6
410.68615406961612 816.0825195127195 1 6
828.5727545825514 484.98072720824445 16 1
734.02011835898054 267.31037824551055 2 4
511.61599209351323 169.90905354347024 4 3
639.36261422645759 199.46530924139577 8 2
784.67344456840772 329.52548089844106 8 9
503.8897428827803 167.83418652757527 4 8
460.02574874485276 830.332798112604 16 10
794.76124879777819 345.37261154771767 8 2
742.81770409857461 272.06458534601535 8 2
403.16957791711701 818.56402970635156 2 4
169.8974051937478 543.63037430227041 4 8
172.4927725161667 560.21825071169519 2 7
631.21263402395869 193.6706718326466 2 7
724.34063935610379 250.89469542456399 8 2
706.14150380892318 235.24888239566238 16 1
189.32855006901852 626.48158132778224 2 4
736.51439318793382 261.85340169455765 4 3
164.07508237420518 518.27286404321228 16 10
835.00021827136106 468.16740777010159 2 4
651.36255127470793 199.42643974140731 4 3
779.19106868067354 311.35884940214845 4 3
161.56128473127501 498.43147242340905 4 8
164.42487734136432 554.30986113005793 8 9
737.39519448198018 255.91840472064044 2 7
161.96881006608839 542.56389443764306 4 3
182.36246478689245 624.26892903625492 2 4
206.9556542594184 675.24569454252207 2 4
209.01520482955786 678.6747252290337 2 7
841.77676256696645 500.00251715310469 4 8
808.72578001276645 353.18234060483724 8 2
783.66106374067977 309.11850474930588 1 5
804.67216280169214 344.04077687065683 2 7
652.6325001458888 193.5623771680213 2 4
250.77608499204686 734.95006077037294 2 4
842.61697009188708 495.07361754821653 1 6
605.18015558277011 173.64398637251062 1 5
602.55491953691717 172.19204432698862 2 4
795.97602266864169 325.49413766223398 4 8
488.94762064566402 844.02678678475741 16 10
790.71379953892995 314.70947226486879 8 2
838.27484067853516 433.61954326628677 4 3
675.82904700000665 203.42547439320393 4 3
205.01580185961268 678.74383299989734 2 7
166.37489944609919 594.26230052730932 32 0
654.40495624086464 191.14196410588022 1 6
249.26953276955271 737.54434302195966 1 5
223.89666950395525 707.61747433287792 2 7
662.52530026233751 195.02268735972464 8 2
818.51237253546287 365.84024749320952 8 9
735.57365901561889 246.67340778582761 4 8
545.14605177707983 156.80427969511783 4 8
156.22817671128448 540.81886472852273 2 7
747.36271696706899 256.72369690938234 8 9
846.47720282324747 483.1285033566993 2 4
224.12320112232447 710.60890934401868 1 6
244.78795347815287 735.32726227131116 4 3
672.63139768001986 198.34856206124584 2 7
607.88636833444036 169.43965378068381 4 3
155.13180039410719 546.71784421408904 4 3
270.98860956959004 764.12517786725789 32 11
221.12511892686848 710.5016566084372 2 7
730.13039633665312 235.97897505623513 8 9
149.58238250265998 499.14273988174079 8 9
209.61243896011098 696.66481448376794 16 10
806.8474495786885 330.57469638539732 8 2
851.29794549590349 492.69860890931375 8 9
801.58522644897675 319.79003098803207 4 3
820.6950613379305 354.04042251181329 4 3
845.23623302369936 429.36187647187916 2 7
714.74655922434965 220.58760614502719 1 6
678.03216808893626 195.73481398804276 4 3
506.99330606955164 852.64961912582078 4 3
852.83216720759458 504.60012829716402 4 8
827.43379521207237 367.02693086516558 1 6
695.76880132214251 204.97666670006561 16 1
148.11768331876993 536.87390016697509 4 8
147.15244960517168 528.93234340031188 4 3
745.56562126782694 244.85902468265118 4 3
712.30723345138165 216.22301111532124 4 3
502.47846892500564 854.79816411213778 1 6
742.47970291009506 239.71343357089214 2 7
855.73482610680287 500.52894034831587 1 6
830.12409649869051 362.81239898283025 4 3
416.22151915231046 849.9590425267512 32 11
808.70794875900219 317.8676493997973 2 4
725.25842330487808 220.73876906098505 8 9
175.61239017790928 657.5921415580566 32 11
381.83194300177553 839.31211563742966 4 8
140.58247779975969 499.18415652952092 1 5
782.66755940353539 275.52710352989357 32 0
845.50148752800771 395.36291119280128 32 11
805.42638997838162 308.42141353733166 8 9
579.77227142913387 146.95415722848293 32 11
373.34626016209705 837.56130826841604 1 6
140.75747655644429 533.73903870020877 4 3
741.36341599616821 231.7576874174988 4 3
860.88960985317624 489.87018622919265 2 7
747.93631228775951 237.21835559624185 4 3
736.21394396988535 225.63535633771141 4 8
375.120173094731 839.98065382195614 2 4
757.55650462539813 244.39135353203119 8 2
360.60264232762137 835.02518992757985 2 7
356.87558870247653 833.57292573835855 2 4
482.61251218148504 862.99693176963001 4 8
383.12259069582103 844.14266721358069 1 5
363.91694288069971 837.26470144660902 2 4
502.55294399469068 863.79785596597344 8 9
462.6273426260372 862.22686823978256 16 1
863.75291265474652 488.97492254372355 1 5
490.5540689481482 863.96216548322832 4 8
137.94486690062746 539.03896576800946 2 4
814.49434362094757 316.28094385003322 4 3
682.85547819439478 184.74683511899764 8 9
369.12588665333249 840.24243628597105 4 8
135.32657947319655 491.87830046874126 8 9
517.03195487177334 134.31878314291694 32 0
135.1616955192988 540.15876801044033 1 6
642.5125879864944 159.58953131404894 32 0
132.18101224702664 515.67127016202767 16 1
754.88993754677801 234.75343778145424 2 7
866.65748629829966 455.76509423308062 32 0
132.99026921821005 535.65489103399659 4 8
479.61026750026309 868.19178757841576 2 7
134.77880615831117 558.12801087123057 16 1
694.8528567041576 184.99765157276806 4 3
817.419266972424 308.83481576974964 4 3
151.48303726466986 627.0377858901428 4 3
376.22153838386839 849.91981850013121 8 9
136.35940884263289 578.11274379984707 1 5
707.19609257451248 190.69065837130123 2 7
724.96325027002467 203.04126941452864 8 9
872.7943731450639 503.3711717844817 16 1
760.55315944943334 232.77154028630358 4 8
715.79803161618554 195.29538231056699 4 8
147.58871032524792 623.90183026403895 1 5
134.12046170469648 576.11596746947691 2 4
134.6068125153426 579.0762821299453 1 6
550.67038496285909 129.37348021921918 2 4
150.13238181511554 632.88378707527693 2 7
446.8018634138503 870.80324321436478 2 4
189.77073513746112 710.16691763158315 8 9
875.01128762932717 520.22600166109169 1 5
692.34442060447179 177.4010899601835 4 8
705.10118177076026 185.06826130916463 4 8
443.93339287518057 871.68180839053764 1 6
685.61867676697398 173.06930397373856 4 3
816.4975675258579 296.87026520860445 8 2
712.55090783073229 187.98400849151332 4 8
235.48881061045498 770.10550175990727 4 8
210.0195431482806 744.66308805876201 32 0
123.42009563155783 533.65032297514335 4 3
771.76806104822913 237.04073015433795 8 9
178.24946160034361 699.06465407486121 8 2
238.80954244956013 775.10277502167241 2 7
701.13961226177264 178.11801188734822 4 8
122.39199219916293 541.5839856433123 4 8
871.64477320646392 420.11222661635651 4 8
879.61732175592238 522.17136785403329 4 3
352.24439261827428 850.9669483561911 16 10
181.14911053591425 707.58475008667028 1 5
728.86026428807804 194.92873086342789 1 5
780.67564453734383 241.58550257817291 2 4
827.16533062114149 302.78526151738555 4 3
480.745250191347 117.48800587519924 8 2
875.24622367736129 423.58059143362601 1 6
882.77456285659332 518.29427762652585 1 5
186.29896677564895 720.3046345661827 2 4
883.35346763781615 488.79360259434816 2 4
780.63444723986095 238.58578546106335 1 5
166.72038680941043 690.40878788419127 2 7
116.17334722475155 509.94810141258205 1 6
168.89164314623429 695.53885859299749 2 7
755.96087496059044 212.38047095435556 16 1
724.51431373794424 187.04756890494789 8 9
114.47667076131532 512.42222529355922 2 7
876.46505273871469 413.72748658790078 4 3
849.026397167288 331.3876000487881 32 0
832.14451816318967 302.32952977489612 1 5
165.03664711444279 692.89173384405228 1 5
712.94953401047496 175.99063127036231 8 2
879.58426003379134 421.09434113039998 4 3
615.88069498990137 129.74422556225574 8 2
877.15781919290453 407.76761455572176 2 4
111.33142861660846 491.3958739255458 16 1
822.1559437737626 281.90421101128351 8 9
160.72052799647994 690.36762692089007 4 8
116.47511011171643 566.18870011185209 4 3
816.61186154075745 273.5817623215242 2 4
488.2902356669141 110.92498872045394 2 4
166.40655941463476 701.00002686058815 4 3
624.78719145704406 131.03818100228236 1 5
392.5899839325532 874.4038894920601 2 4
739.48732793881766 192.6875020375694 8 9
114.78027369709757 558.37029045721761 4 8
244.58439806941286 794.53429962698897 4 3
880.78722683969022 416.24121112349667 1 6
879.4431395348995 409.71114508917469 1 5
492.17140555001822 109.95724891116349 2 7
253.51915794336836 802.54492169988407 8 2
119.08833688966658 586.01724130395712 16 1
473.63343350078065 110.45792313316966 2 4
892.23093759602796 504.45216342033234 2 4
444.60412607445426 888.66857138339162 16 1
869.38826062873272 367.41970923080794 4 3
871.66305902386773 371.87226942259554 1 5
835.18508947981263 293.85870183020677 8 9
868.27302325590222 361.5242664482646 2 4
573.92831521880157 113.37460936863209 1 5
873.67149956355172 376.18616245093949 2 7
374.5980570941 873.86484530115547 16 1
627.52801448399509 126.85632864537938 4 8
537.54006101623531 107.20019943418542 2 7
594.67232468421344 116.39293321837833 2 4
575.39602597354872 112.01599789348565 1 5
161.39038452032608 704.29213703944117 2 4
697.98571287415075 157.22672823820778 16 10
141.47432332871412 667.30429884748605 2 7
572.74080382202737 110.61964717605461 2 4
532.38823681898702 104.88847136564311 1 5
713.69267242504918 166.01828223431349 2 4
623.09203453216105 122.8162690088237 2 4
108.91299893164607 568.79915495732541 4 8
241.53490898427694 801.93028612776334 4 8
103.66233539767137 467.32293087065818 2 7
137.0868655166112 663.21159632384513 4 3
555.46550199456976 105.5635669976715 16 10
532.80868003245257 896.66777601620242 4 8
102.87594359112887 473.27117329397976 4 3
876.57446035862154 370.93517981696635 4 3
354.83451350182554 870.79852100710787 4 3
879.21251925999718 378.48770556885046 4 8
168.30912667394566 720.90932714522398 16 1
530.12562336265796 102.9185524974563 2 4
604.64287225403109 115.62600352277246 8 2
897.54031362761691 471.34317739170592 2 7
830.42965816391063 276.28765956130485 2 4
102.40507747899827 463.52565519908342 2 4
750.85284018875245 188.83716032590507 4 8
899.57593559373277 520.88539208708289 16 1
100.68571443726165 477.76593649725868 1 5
845.22622390112804 297.60063979564956 2 4
535.91553230724435 101.34471819442479 4 8
537.41440765291372 898.61386776278607 1 6
639.6515470052791 124.77836872185905 1 6
679.88408262878693 141.46820729047505 8 9
901.35291407892817 488.93476850219565 16 10
222.97661098315334 790.88120564399594 16 1
630.28444781694873 120.30139467659161 2 4
837.20316065055079 282.02961104731753 4 8
524.42827951251297 98.679244198116493 4 8
530.42305298755491 98.929625872631817 2 7
900.18674110496727 458.0362963070985 1 6
275.72267590700653 835.81658817510584 32 11
636.22610777777129 121.13606641443718 4 8
99.040472984559003 461.36245465452009 2 7
641.96908414772804 122.87336961598797 2 7
897.47574283085805 433.4442706978765 2 7
536.43357938830104 901.44900019626016 2 7
884.93400978473346 380.29451108559908 2 4
491.86955290513276 904.39628864000599 32 11
236.75524868030703 805.55724730465158 2 4
877.95298667474606 359.01462340395642 8 9
97.663547683524342 467.20232423485925 4 8
754.67156003594584 185.60956389378237 1 5
348.10377054092112 875.12253525248627 4 8
648.00175405527932 123.26216205714127 4 3
770.48835800208894 198.63448112171804 4 3
205.76829517896851 778.39626002203011 2 4
902.595581242501 453.65480236190058 4 8
94.725187486836091 499.81216206310734 2 4
116.14839366174701 633.92712268365381 32 11
355.21384820419684 878.78952252028364 4 8
176.02726844813753 743.9383393367815 2 7
531.27919400108453 904.52020700793037 4 3
242.25566245944202 813.90862133880319 8 9
827.55323135881065 258.51897449923842 16 10
762.84021182041965 189.38754325105958 8 2
901.99491259426077 437.39105478742925 4 3
905.50524600052245 465.29670302270029 8 9
840.53023817633016 277.03656036287083 2 7
518.45951943967214 93.352528212365002 4 8
905.26893596014497 540.05802223602257 4 3
350.28368914713496 879.62230801011333 1 6
359.23430197274001 883.24327952926012 2 4
538.91305976921251 906.91271477891132 4 3
448.51393813041983 905.51552346305255 1 5
91.687096989923219 477.60818974941185 8 9
643.05752146493091 116.97292012408312 4 8
453.38651029923852 906.63714749081487 4 8
888.57437415779589 370.98066401624385 8 2
586.88262145071326 99.483714608146784 16 10
776.38059093051049 197.50240730909564 2 4
231.10231008992901 809.48112419916788 4 8
606.42045975942597 103.75839286768844 4 3
361.68484569984054 886.40474049558065 2 7
611.31130046227725 104.79746804270378 1 6
842.49291727694754 273.55117792359681 2 7
569.60731962325565 94.427634429763671 2 7
910.93264219912032 473.69571311338632 2 7
544.14999558200293 909.84094005930103 2 7
611.32726584335808 102.79753176706724 1 5
87.386401815584165 493.01935521531408 8 2
87.42562584220407 533.01933598375615 32 0
774.60083438265428 191.77244512507008 4 3
188.44753704027318 770.94328121779517 2 4
778.41959420978469 194.99999425447078 1 6
93.879486596030716 578.52498296411613 8 2
533.02415437672732 912.32758257770001 4 8
372.3049290424222 893.73294948194257 4 8
96.528547739913535 594.30416149330358 8 2
693.81151781541189 133.59251372594611 8 2
845.17686870217199 270.58530457042821 2 4
150.43347210248859 723.02142885725073 2 4
914.06159348131428 476.18763282992143 2 4
913.79017675389935 470.8966960951737 2 4
551.20654495889164 88.074676667857901 2 7
844.22991082987517 267.73868011537712 1 5
610.94830400114688 99.821563366336491 2 4
527.45923820879693 914.57072948414793 2 7
680.02724952279573 125.46884782703215 8 9
915.43034123832797 514.75042495949128 1 6
780.50456588946156 192.84293767316714 2 4
805.66311994927673 215.80102718808837 32 0
912.61359818441588 442.98064478468592 8 2
442.98064478468592 912.61359818441588 8 9
86.085321656241362 453.39628296560147 2 7
83.75756235304037 483.70101179198582 2 7
85.279909651319002 459.34197985514493 4 8
540.65802014485519 914.72009034868108 4 8
857.09868185024038 284.07123691723103 16 1
629.44423048542308 102.32101551385414 16 1
606.53275758280029 95.759181081589418 4 8
91.137815932889737 587.09721966026916 1 6
917.38073758901226 523.52906867639763 2 7
918.05151756049713 496.907608719476 1 6
454.60045803041351 915.61025300845108 4 8
84.840214967002851 449.59500563654308 2 7
150.02189331638482 729.00729578718074 4 3
918.32536640115939 505.90344146650216 8 9
897.40380964857172 369.23679793359065 1 5
779.86547225681022 188.89432281112951 2 7
146.57965717452439 724.09292804110498 2 4
898.52007104733934 372.02139134908623 2 4
550.83521053645632 915.52465836637009 2 4
918.64341244487298 483.93090337039416 2 7
94.149376553891415 604.01701609262716 2 4
918.67284303273323 479.93101164179723 2 4
80.378189529503416 498.66603216315048 1 6
211.45596850054099 804.71141883063297 2 4
919.34578297773851 517.8599773364873 4 8
534.49163564591004 81.395469629683276 16 10
709.59415080592078 136.22091550020019 8 2
848.85851258611467 265.84763654577432 4 8
206.21448410919945 801.79134325364475 4 8
879.77102458507522 316.86975293079416 2 4
482.01927602958466 77.508300296449619 32 0
78.343843214237268 488.74944491869104 2 7
125.38588439355709 697.25696371440108 32 11
552.68422016144552 919.07165193934111 2 4
775.66423308016329 179.81965535823588 8 2
80.086950358526309 453.25649106759482 4 8
546.74350893240523 919.91304964147378 4 8
922.12213558815529 481.95644514283094 2 7
191.04735647922953 788.75453998535068 16 10
912.57437415779589 402.98066401624385 32 11
402.98066401624385 912.57437415779589 32 0
84.596491966186662 577.83483926825409 1 5
83.211247906322882 573.03056004087648 4 3
88.314215553312152 597.98176216876641 1 5
918.39192584743716 435.7568236411712 1 6
660.93507136501296 108.00669407461962 16 1
456.07813368185128 921.42544644196198 2 4
745.81577919672031 153.19129076767226 32 11
437.33396783684952 919.6218104704966 1 5
919.6218104704966 437.33396783684952 1 6
88.239461841135252 602.98120332578742 4 8
603.50103362504058 88.355894659739604 4 8
109.39831905276384 667.25033520545549 2 4
450.13476180074008 922.24783970726571 4 3
925.21918919248401 491.46477091406507 8 2
920.37271509785546 435.48028441171704 1 6
142.05595616089724 729.74475441979826 4 8
598.22191164035485 85.504426429019148 2 7
925.23757704823686 541.17756370242364 16 1
927.27763213741844 506.82915102538277 1 6
923.38111224920738 558.07589315979794 1 6
75.087747491096437 453.34576979003737 1 6
546.65423020996263 924.91225250890363 1 5
87.161967580571954 611.00799182324408 2 4
71.712812921102042 496.23472629292962 8 2
787.41019977257815 182.2757226335118 4 8
446.17301437313756 74.184819401735041 4 3
565.90875510205353 75.315617240158517 16 1
784.51690633674741 178.19787355658673 1 5
929.84374001181516 502.53787028684343 4 8
926.18115497406268 559.15281504135896 2 4
75.497226958020931 570.33172555825217 4 8
298.69701598042269 880.61697239898217 16 1
776.13980863933864 169.83097036532939 2 7
513.02117176410093 931.01599975122849 2 7
137.18410365514646 733.24690421131345 2 4
931.11490423843043 515.5173752040007 8 2
81.986907851732965 607.97175125257957 4 3
517.4820857923047 68.593869378019576 4 3
864.38849528902301 267.61345395512632 2 4
83.569520805346016 615.8136474670838 4 8
71.142678448527136 445.25649106759482 8 9
554.74350893240523 928.85732155147286 8 9
439.76527370707038 928.287187078898 8 2
928.287187078898 439.76527370707038 8 2
67.777087639996637 469.01933598375615 16 10
530.98066401624385 932.22291236000342 16 1
933.16266968007176 497.53939993510926 2 7
932.22291236000342 466.98066401624385 16 10
471.92528394553869 932.31450755189064 1 6
466.93517981696635 932.00008620082565 4 8
589.90606542679723 75.674918197503061 8 9
885.04503745972579 299.65973293667389 16 10
65.457375567640071 507.06946161268996 2 4
564.64894282234945 930.22931989401718 2 4
441.21752329197938 68.593984314885049 1 5
443.19973284040498 68.327816499155432 1 6
455.01462340395642 933.37861251695017 8 2
935.29313090307255 526.24820213963403 2 7
471.93665499535808 935.31448600168426 2 4
72.888888888888872 590.16091042594451 16 10
932.12751550810935 559.9533126360659 4 3
870.22952485600024 268.98545016419467 4 3
173.05751637752621 789.35923256439196 2 4
447.79208544638357 66.350369270438151 4 8
435.56895381307186 67.970771350625228 4 8
515.69823124407276 62.865181661731292 2 7
62.633689365544797 486.26884189524145 2 4
937.3663106344552 484.23016992772915 2 4
79.871501555367644 622.90763461302572 4 8
636.9746621684136 83.792858598828502 4 8
441.83220993132011 65.657632780171269 2 4
67.517138321904184 570.89580477229958 4 8
648.36804186523921 87.55993957538881 8 2
149.33694000489461 765.00077907181264 32 0
65.998318579588755 436.68120322759455 2 7
563.31879677240545 934.00168142041127 2 4
938.00890893044073 523.31144377264764 2 7
521.58965292964899 61.728893616066095 4 3
601.07659099949763 72.893909193175091 2 7
547.54618776334041 63.574805526343887 4 8
582.67533630494518 68.767201037225007 2 4
598.22618981008236 71.958380968384262 1 6
127.674820948415 733.18412293201573 4 3
527.58569170529233 61.510905082006914 2 4
477.82858361372621 938.86944053669015 4 3
567.30933286957827 934.27667534245518 2 4
186.7995382751491 808.29823565697541 4 3
88.173750661764572 653.98964809344977 1 6
552.54296895471577 63.395424018049681 1 6
256.4736163483509 866.23818751023828 4 3
548.23016992772909 937.3663106344552 2 4
428.93053838731004 934.54262443235996 2 7
668.07635855217836 92.579380072810125 1 5
879.78609384659785 276.2429972104045 8 9
873.51223560744029 265.21400347593561 1 6
940.80422342876136 528.62051307483978 4 8
912.57437415779589 338.98066401624385 32 0
338.98066401624385 912.57437415779589 32 0
84.337985457521228 650.78232751422547 4 8
875.90137785508966 267.02839023748805 2 7
245.32026397883789 861.81069037060297 8 9
74.884740270110441 622.54402509189083 1 6
673.05291459362616 92.095758354595034 4 8
71.688098347265338 614.13085206281858 8 9
515.22358151485776 56.883985490850741 4 3
635.88921641209413 77.891858047219642 2 4
540.88757756216603 58.250886365969173 2 7
458.2605748048984 941.77288434378079 1 6
599.46522349695806 67.114333536454296 4 8
123.53627855624578 735.98991459716444 1 5
72.947793378240348 623.04225870986011 1 6
456.32658465411913 942.28247446994965 1 5
211.8532505312734 839.90272353430032 32 0
509.35814141809493 55.620414174586038 2 4
619.01062530163267 71.35429441997951 16 1
808.58372638903245 179.91969418575891 4 3
553.76986144033833 58.548287252006993 4 8
184.37630847628722 813.7871296568544 2 4
466.98066401624385 944 8 9
641.87428299331236 77.468800109834362 4 3
119.68392668789561 732.80253556692367 4 8
944.48023039221948 535.72593162722694 4 8
646.71709359580382 78.712659212947003 1 6
792.79964596637967 163.01555986877594 16 1
945.30675886763561 530.79471973973659 1 5
546.30493208367693 55.671686880030698 4 3
840.83250606687318 211.02108079443934 2 4
664.0123050960002 84.204790105296595 8 9
655.58939349711181 81.033897455377272 1 5
53.49024186597908 533.16698966552599 1 5
285.8459218395181 893.22051870078178 2 4
122.56029299109355 740.93812803959474 4 3
737.42641109910085 120.24256540655026 2 7
53.148284505535081 531.19644020823284 1 6
92.943943297658365 687.08246333697537 2 4
929.0667966602665 370.98066401624385 4 3
370.98066401624385 929.0667966602665 4 3
85.364681640400462 670.75595750349032 16 10
890.98217842850329 280.56129433251402 4 3
558.85002546624924 55.355806481533904 2 4
52.243214754648733 528.33622190432129 2 7
888.7844348779837 276.07020055859329 1 6
816.43586941190415 181.45065791765023 4 3
735.96729305521933 117.62131102476671 1 5
904.59556783232301 303.8759827098911 4 8
836.33263003439163 201.12515749872969 2 7
637.01022479072572 71.234218476344424 2 7
511.26560425444046 49.931689754475613 4 8
375.66377809567865 932.81758891244453 2 4
289.18116137264155 898.20812105629193 4 3
741.35407739197888 119.48530885042845 2 4
949.93709785554938 470.17560254920295 2 7
782.49407744360064 148.25767189582035 2 4
530.18460427094897 950.20530065749938 2 4
534.17560254920295 949.93709785554938 2 4
505.39262090823303 48.703656116837649 2 4
780.32326744079114 146.18702370462458 1 6
299.3317353988042 904.60857783213169 8 9
738.73444083075606 116.46247834126909 2 7
950.61663616502199 467.25357796238666 1 5
372.80355979176716 933.722658663331 1 5
900.930690345789 291.19533500276793 2 7
843.2125164257053 205.51330894986813 4 3
951.50757749752938 530.98066401624385 4 8
48.492422502470646 533.01933598375615 4 8
63.357551785624835 619.66275896589821 2 4
676.8061136795601 83.051074255745419 4 3
904.68395109411642 295.87647094985005 4 3
234.82204162293363 867.62337713026864 4 8
888.81464003233793 266.85977907926798 2 4
814.81679833865826 173.6162077863533 4 8
532.33003333430497 952.30223511858946 1 5
867.57443411196732 232.01796828832772 32 0
47.167802681714065 470.59011052847075 2 4
54.888888888888872 590.16091042594451 2 7
653.28452880602595 72.334035459012881 8 2
710.40433035093702 95.980105020006476 32 0
953.4450632897682 468.25357796238666 2 7
166.84820133324686 809.69256496911316 16 10
513.04886659471811 45.260504099232655 1 6
746.90500781361959 117.20777258197884 4 3
283.93588212496144 901.12137449769671 2 4
900.1279269336452 281.75362939410547 4 3
475.9868613990933 44.748284973797169 1 5
304.52987525683977 911.95564132827099 1 6
638.0819781565823 65.330715726046492 4 3
554.10552402158407 46.552982727671171 8 9
530.27416997969522 43.712812921102035 16 10
64 637.98698290079722 16 10
43.489125293076057 469.01933598375615 2 4
680.23067869474073 79.407949984354048 1 6
890.24554316527542 261.03290030721945 4 8
466.98066401624385 956.51087470692391 2 7
471.24652656695724 43.157931026011475 4 3
396.93053838731004 946.03174972543593 2 7
946.03174972543593 396.93053838731004 2 4
743.5181924550842 112.25504790487543 2 4
287.41390547722199 906.01048009699912 4 3
948.5333983301332 404.69780715915817 4 3
404.69780715915817 948.5333983301332 4 8
682.11298851109666 78.731998983725916 1 6
912.52940995522192 298.63613201675724 4 8
177.40777207412029 826.67771924478848 4 8
814.96791302622444 165.61763514173714 4 8
915.64008291981645 303.7667960778063 2 4
478.8408949419657 40.642862640326555 4 8
486.82991812325611 40.223925164317876 4 3
898.34551035057677 269.88674306599046 8 9
643.32530596532729 62.413951510337398 2 7
228.13290941609668 872.0114872382145 4 8
747.38380049434079 111.22690662721212 2 7
302.04916039544861 916.2968455133414 4 8
506.78223659486554 38.80067837055018 8 9
547.29829257321603 40.665572430405525 1 5
305.46953945153001 919.94390009378299 1 6
284.93319061583088 910.35168428206953 1 6
482.6012133639415 35.967394175525484 2 4
175.18947321749098 832.30118934415316 2 7
47.999999999999993 610.27416997969522 16 1
472.86559764020319 35.323480894714578 4 3
920.39334752829302 300.1053106467545 4 3
897.61052454359697 257.90927272106626 4 8
620.29027451745299 50.132548547303301 2 7
478.82687108644939 34.642879029392567 2 7
923.47289793341247 305.25471539898837 2 7
655.59800302156191 60.559153843724744 4 8
169.9062126263934 829.45739653760847 4 8
68.668744773484931 677.48244931839429 2 4
554.62431333558072 36.566448912193309 2 4
486.2957264363003 33.545001671881884 2 7
548.66647482510848 35.856406460551021 4 3
956.51087470692391 402.98066401624385 2 7
492.2911496735515 33.310693741524936 4 8
32 501.01933598375615 32 11
498.98066401624385 968 32 11
968 498.98066401624385 32 0
290.13133047386646 917.69874777820883 8 2
69.841514053841607 683.36671751546453 4 8
49.936347635753613 627.1635322481028 1 6
77.601356741100346 701.79997120191388 16 1
788.53372650787037 131.30117935813831 16 10
746.7905040384328 101.69585349217475 4 3
66.548190066325517 679.60453502211692 1 6
805.22993368330128 143.39495106682304 4 8
814.56220055144524 150.93874289200897 8 2
652.65626180239224 55.329798376801662 2 7
924.22550123402311 296.89367586433309 1 6
930.00802744219993 309.38797065828356 1 5
675.43619916739101 63.098046058768688 16 10
171.77626024987623 837.2357589543326 4 8
47.141428428542874 628.25368206586393 2 4
968 562.98066401624385 32 11
32 437.01933598375615 32 0
562.98066401624385 968 32 0
437.01933598375615 32 32 0
175.52232538404891 841.92265515656879 2 4
434.98066401624385 968 32 11
32 565.01933598375615 32 11
968 434.98066401624385 32 0
302.11817874285271 928.29664703118829 8 9
53.423959798741187 652.55226263245208 2 7
900.65122345203474 250.50966799187808 4 8
765.28205268884994 109.31573725173799 16 10
498.27416997969522 28 4 3
218.6200269583139 879.32620304570889 8 9
932.70574424814174 310.70034409406298 2 4
745.31282838699508 95.880660058663878 2 7
961.76745261469546 601.95304796756 4 3
653.21679589035318 52.382629983880449 1 5
293.39373848150404 926.08663750040364 1 5
210.75328813754851 874.95419889133495 1 5
935.45476918888392 313.60600441061365 2 7
920.06011672625198 280.10808690863098 16 1
62.425793128837491 682.2945273072695 2 7
807.06665019440197 138.74452394043453 1 6
658.18009718343342 52.987311945003604 4 8
250.09177512735491 904.39628864000599 32 11
899.80982574990219 244.56895676283773 2 4
63.587786113212815 686.12202940449458 2 4
637.6393214097925 45.335614950993588 16 1
50.85081564830331 654.0946404010507 1 5
127.05568042795448 794.55045976593885 2 4
531.13274155115232 25.733300834933353 2 7
909.59549536203394 258.50966799187808 8 9
110.71366005760461 773.55615038649194 2 4
591.52900397563428 32 32 11
340.69780715915817 948.5333983301332 4 8
948.5333983301332 340.69780715915817 4 3
932.37831834673 300.70570591756632 8 9
48 649.98698290079722 4 8
936.59663236741403 309.77244881801852 2 7
806.11598014429535 135.15661150828961 2 4
33.99999999999995 598.96046148071048 2 4
751.25620026810623 95.058266793360161 4 8
33.70862675720528 401.05990614116047 4 3
598.94009385883953 966.29137324279475 4 8
401.05990614116047 33.708626757205273 4 3
943.12200585156245 324.05276403325945 2 4
944.66378600153109 327.74368721982978 2 4
498.79453364611641 23.027151555228262 1 5
812.04534085884313 139.20565219570244 4 8
170.44822103061389 845.12475837327679 4 8
61.13265891793607 687.84607999975344 1 5
178.29941461775465 852.94649965506608 4 3
59.692075571789999 685.21459379937039 2 7
198.59022294735931 870.78089359115108 1 5
395.05991991920456 33.695768439304629 2 4
604.9400800807955 966.30423156069537 2 7
948.02474576238706 332.71399399968823 4 8
608.92949199459576 966.01338352128516 2 7
391.07050800540435 33.986616478714801 2 4
31.999999999999954 601.19652945821031 1 6
134.86626337466322 810.76757399851988 16 10
947.66373983258995 327.72704355691747 1 6
219.50418377688919 889.28703969330866 2 7
850.6630599951053 170.29272689163872 32 11
29.999999999999957 598.96046148071048 2 4
182.00857304419418 860.03466893687448 4 8
979.48912529307609 530.98066401624385 2 4
757.45580403336089 94.224354545622049 1 6
944.16542161491543 316.46303478239122 4 3
953.5254824301951 340.97904787084263 1 5
466.98066401624385 979.48912529307609 2 7
20.510874706923943 533.01933598375615 2 7
87.42562584220407 748.78383797157323 32 11
597.27426766216331 971.00571551743576 1 5
402.72573233783663 28.994284482564261 1 5
28.994284482564264 402.72573233783663 1 6
193.59237447983216 870.92755884142002 4 3
278.91052201620073 927.42716151561649 2 7
202.62789945406777 878.82434859675504 8 2
33.936347635753606 621.09762063238963 1 5
187.19154270456355 866.1286680753459 4 3
663.52316766273805 47.033187504484843 4 3
165.95669355701483 847.32161543596999 1 5
404.17596825363523 27.617035126591375 1 6
942.19330821583458 307.60976080360064 4 8
875.02497768136732 196.79738623009831 4 3
275.93038291294823 927.08252993658527 1 5
219.16533027381175 892.26784131425768 1 5
286.94670462853128 933.37861251695017 8 9
55.930848979427495 689.88933170869802 4 8
529.93993668340147 982.05430311045654 2 7
48 671.52900397563417 16 1
949.55727724303097 322.37301725999288 4 3
955.19325706142956 336.26539453405485 4 3
909.59549536203394 242.50966799187808 8 2
915.25234961152626 251.50966799187813 1 6
514.27416997969522 16 16 10
31.141428428542874 620.0074708146285 2 4
482.27416997969522 16 16 10
338.98066401624385 956.51087470692391 2 4
953.59429466445158 330.4823746263379 2 7
532.72453009889705 983.17056450922416 1 6
370.98066401624385 968 32 11
968 370.98066401624385 32 11
881.90486407268099 201.18553768123675 2 4
915.25234961152626 249.50966799187813 1 6
151.78821748271892 837.92724021820777 16 10
188.73519958008933 872.11408823140926 1 6
947.11405244181924 311.23756100036604 2 7
823.98543121718194 138.00805366751987 8 2
804.17898112658111 121.21023498259486 2 4
546.27416997969522 16 16 1
812.18183457920532 127.2064284931331 8 9
192.81923344824759 876.87753808048296 2 7
902.62073295794016 226.88733191521632 2 4
956.44268190311993 331.42401688250078 1 5
736.7253246274729 74.45790112973161 2 4
275.02614821552135 932.00008620082565 4 8
189.25124641716806 875.06937090180497 2 7
109.31573725173799 791.50178528272329 16 10
185.85555458699503 872.95530444246742 2 4
31.999999999999996 637.98698290079722 16 10
179.32249980982212 867.57025189903413 4 3
210.18934450439451 892.92486450046897 8 2
949.92523223510591 310.19005531073157 1 6
951.97954439049715 314.74854207370589 4 8
681.00806908619472 45.982139258136399 2 4
464.67506787016339 12.222222222222264 2 7
165.7417299846295 857.45413164667184 8 2
901.99491259426077 220.92005876306348 4 8
771.32170175311967 92.359244714055947 2 4
959.99859500220521 331.86514239254041 2 7
118.27574869805707 807.05882451044226 1 6
734.23673890189252 68.998327786837734 4 8
821.68581101828147 129.30680393309615 1 5
727.68946085894333 64.401247166670672 4 8
24.339725148406945 375.81304486161611 2 4
283.7007532275893 941.77288434378079 1 5
401.93993668340147 982.05430311045654 2 4
661.35040937190558 35.258675989792643 4 3
672.66411787089032 39.258675989792643 8 9
530.79453364611641 8.9728484447717314 1 6
270.02467303712962 935.31448600168426 2 7
980.34266986534351 609.36663711798167 16 1
371.04200810781015 24.516864809085892 1 6
628.95799189218985 975.48313519091414 1 6
8 469.01933598375615 8 2
992 530.98066401624385 8 9
530.98066401624385 992 8 2
466.98066401624385 992 8 2
992 466.98066401624385 8 9
8 533.01933598375615 8 2
283.97729245704352 943.75367359419909 1 6
742.47405694091435 70.105263967055038 4 3
963.99445844340607 331.68327607000123 2 7
463.0201435521227 7.796223387612975 1 5
133.14236559630808 830.69313989888474 4 8
630.78913915478336 976.28743594479693 1 5
369.2108608452167 23.712564055203043 1 5
632.73619006460126 975.83027869113312 1 5
649.21977135117197 29.029383652646185 4 3
520.28379481222976 993.62966716374081 1 5
985.51093813951866 592.12456638833453 2 4
156.91278138091812 855.70780219521578 1 6
977.24632742245615 629.1255000274806 4 3
129.45162949672238 827.3199415585533 1 6
32 659.52900397563417 4 8
656.99577112303382 31.131070664490423 2 4
961.5510470311882 321.98638271848688 8 9
738.77486438447966 66.741341490181071 1 5
114.86632954477687 810.71612693671852 4 3
966.23237858608377 334.00950024317223 1 6
5.6153468707624681 523.30782583068435 2 4
994.38465312923756 476.69217416931571 2 7
630.37504458792171 22.461387483049872 8 2
912.61359818441588 226.50964876032015 8 2
641.90262394646129 25.795291220798283 4 8
476.98066401624385 994.53589838486221 2 4
566.17619943843727 9.3453028689703714 2 4
665.94049130517158 33.275963744935744 1 5
518.83056519854097 995.00375729539076 1 5
995.00375729539076 518.83056519854097 1 5
4.996242704609255 481.16943480145909 1 6
733.53294607160308 63.039747783847666 2 7
479.91715568934757 995.14991520368119 1 5
460.61731573020285 6 2 7
457.14139134908623 993.78569688954349 2 4
367.84142559511054 22.25494713167112 1 5
632.15857440488946 977.74505286832891 1 6
391.76450198781708 16 16 1
16 391.76450198781708 16 10
608.23549801218292 984 16 10
968.12191860764472 336.33965871566278 2 4
498.27416997969522 4 4 8
4.4247540074479375 479.25282303351628 1 6
520.74717696648372 995.57524599255214 1 6
995.57524599255214 520.74717696648372 1 5
5.6153468707624681 459.30782583068429 2 7
994.38465312923756 540.69217416931565 2 7
516.98066401624385 995.76393202250017 1 6
995.76393202250017 516.98066401624385 1 6
4.2360679774997898 483.01933598375615 1 5
12.222222222222264 409.36360409734891 2 7
995.76393202250017 480.98066401624385 1 5
4.2360679774997898 519.01933598375615 1 5
16 610.27416997969522 16 10
5.6153468707624699 542.73084613682795 2 7
540.98066401624385 994.53589838486221 2 7
761.01613323034064 77.601356741100361 16 1
655.3547008030024 28.619718796529277 1 6
740.38918276541369 65.560673812560324 1 6
31.479636333578803 664.50185242040595 1 6
622.19468626308776 18.708823336053861 1 6
530.27416997969522 4 4 3
19.629337994896318 372.09656092326225 4 3
627.90343907673775 980.37066200510367 4 3
372.09656092326225 19.629337994896321 4 3
543.91715568934751 995.14991520368119 1 6
466.27416997969522 4 4 8
834.44531062948045 132.12664884552584 4 8
503.12992505623112 2.807673435381234 1 5
493.41841490315932 2.8076734353812349 1 6
646.77398231075961 24.668407159955734 1 5
92.359244714055947 785.46213621845368 2 7
274.98066401624385 944 8 2
995.76393202250017 544.98066401624385 1 6
4.2360679774997898 455.01933598375615 1 5
525.27416997969522 2.7320508075688772 1 6
563.24473272817238 5.9999999999999991 2 4
262.92652082920898 938.0306357091664 4 8
471.27416997969522 2.7320508075688772 1 5
514.98066401624385 998 2 7
2 485.01933598375615 2 7
998 514.98066401624385 2 7
482.98066401624385 998 2 7
2 517.01933598375615 2 4
998 482.98066401624385 2 4
998 518.98066401624385 2 4
518.98066401624385 998 2 4
2 481.01933598375615 2 4
2 521.01933598375615 2 4
478.98066401624385 998 2 7
998 478.98066401624385 2 7
623.22541002642799 16.99487802663301 1 5
535.27416997969522 2.7320508075688772 1 5
2 477.01933598375615 2 4
522.98066401624385 998 2 4
998 522.98066401624385 2 4
474.98066401624385 998 2 7
998 474.98066401624385 2 4
2 525.01933598375615 2 7
932.22291236000342 250.50966799187808 16 1
89.788578471191698 783.91563207432785 1 5
559.15922688131673 4.5555555555555474 1 5
502.27416997969522 1 1 5
504.27416997969522 1 1 5
494.27416997969522 1 1 6
506.27416997969522 1 1 6
492.27416997969522 1 1 5
490.27416997969522 1 1 6
207.86828645504744 904.69825354235331 4 3
999 510.29437251522859 1 6
1 487.84776310850236 1 5
512.15223689149764 999 1 5
1 512.33304448274089 1 5
485.80909114099006 999 1 6
999 485.80909114099006 1 5
125.17995298212017 829.91855267886274 4 3
212.39345726088044 908.2942784060665 1 6
969.89738732188721 330.60836646654946 4 3
522.27416997969522 1 1 6
452.78888860545663 2.7320508075688772 1 6
998 538.98066401624385 2 7
2 461.01933598375615 2 4
538.98066401624385 998 2 4
460.61731573020285 2 2 4
524.27416997969522 1 1 6
474.27416997969522 1 1 5
2 541.01933598375615 2 7
998 458.98066401624385 2 7
458.98066401624385 998 2 7
526.27416997969522 1 1 6
972.1188099790852 336.18199018708242 2 7
827.43811470137007 122.38502653581409 8 2
472.27416997969522 1 1 5
542.98066401624385 998 2 4
2 457.01933598375615 2 7
998 542.98066401624385 2 7
16.854313378602672 628.25388490099306 2 4
456.61731573020285 2 2 4
470.27416997969522 1 1 6
364.12940293192429 18.905187774942398 4 8
635.87059706807577 981.09481222505758 4 8
454.98066401624385 998 2 4
2 545.01933598375615 2 7
998 454.98066401624385 2 4
842.1624912668525 135.31072678735296 4 8
534.27416997969522 1 1 5
2 453.01933598375615 2 4
998 546.98066401624385 2 7
546.98066401624385 998 2 4
536.27416997969522 1 1 6
450.98066401624385 998 2 7
998 450.98066401624385 2 4
2 549.01933598375615 2 7
538.27416997969522 1 1 5
560.41630560342617 3 1 5
15.237572188984124 374.48662224172676 1 5
568.90158697766481 4 4 3
453.78888860545663 1 1 6
991.82561415469615 596.36026247889311 1 5
557.58787847867995 2 2 4
451.78888860545663 1 1 6
32 679.77521522686948 2 4
210.90231476086879 909.62713025254425 1 5
402.98066401624385 992 8 2
992 402.98066401624385 8 2
999 549.80909114099006 1 5
214.91269293747129 912.61324258811203 4 8
1 448.33304448274089 1 5
448.33304448274089 1 1 6
551.66695551725911 999 1 5
1 551.84776310850236 1 6
999 448.15223689149764 1 5
448.15223689149764 999 1 5
5.4641016151377544 415.42135623730945 2 4
678.02068054610368 30.814314776147686 2 7
6 588.61731573020279 2 7
554.75945135393374 1 1 5
563.24473272817238 2 2 4
415.13076283394679 995.00375729539076 1 6
995.00375729539076 415.13076283394679 1 6
647.0772249395061 19.629337994896332 4 8
16.944271909999159 361.13708498984755 4 3
560.41630560342617 1 1 5
995.76393202250017 416.98066401624385 1 6
416.98066401624385 995.76393202250017 1 6
993.23819546520224 597.77610641139734 1 6
582.48862945046255 996.07797541318371 2 4
413.21415106600398 995.57524599255203 1 5
150.36752956681786 861.88515427276627 8 9
996 585.60808101421333 4 8
2.7320508075688772 421.24978336205567 1 5
17.785669612131784 355.19637376080721 2 7
574.55844122715723 2 2 4
3 581.78888860545658 1 6
158.97302196747876 870.78558365224751 4 3
998 578.98066401624385 2 4
578.98066401624385 998 2 7
421.01933598375615 2 2 4
407.76450198781708 4 4 8
4 407.76450198781708 4 3
592.23549801218292 996 4 8
1 425.70562748477141 1 5
418.98066401624385 998 2 4
998 418.98066401624385 2 7
996 593.60808101421333 4 3
576.15223689149764 999 1 6
999 576.15223689149764 1 5
423.84776310850236 1 1 6
2 417.42135623730945 2 4
995.09266550127597 598.52506628035201 1 5
423.66695551725911 999 1 6
1 576.33304448274089 1 6
989.18533100255183 624.82793435109829 1 5
4 594.27416997969522 4 3
128.06572753741824 841.56639819706891 8 9
577.38686835190344 1 1 5
1 422.24978336205567 1 5
843.14440992375717 129.39161910534358 2 4
999 421.80909114099006 1 6
16.270660848043335 645.35247876057088 1 5
1 578.33304448274089 1 5
16.962066921494561 352.31164177880697 1 5
2 584.61731573020279 2 7
414.98066401624385 998 2 7
998 414.98066401624385 2 4
306.98066401624385 968 32 0
746.22002363332922 58.70492478177998 8 2
579.38686835190344 1 1 6
1 420.24978336205567 1 6
637.7548118538765 986.21192969155823 1 6
413.42135623730945 2 2 7
586.57864376269049 998 2 4
2 413.42135623730945 2 7
15.282639865827456 643.61356687703528 1 6
977.41109702611516 333.35503107668859 4 3
1 581.78888860545658 1 5
581.80909114099006 999 1 5
393.26915386317199 994.38465312923756 2 7
338.98066401624385 979.48912529307609 2 7
2 588.61731573020279 2 4
998 410.98066401624385 2 4
410.98066401624385 998 2 7
416.24978336205567 1 1 5
995.76393202250017 601.26493526370575 1 6
14 640.90158697766469 2 7
16.558485305511738 350.35278448966091 1 5
206.91274102927497 912.6409818481236 4 3
839.33331507333946 123.96749552783253 4 3
990.18533100255183 627.65636147584451 2 7
597.09125308871887 997.19232656461872 1 6
402.90874691128118 2.8076734353812349 1 6
2.7320508075688772 402.76450198781708 1 5
991.18533100255183 624.82793435109829 1 5
995.00375729539076 390.83056519854091 1 5
16.854313378602672 653.54928905433633 2 4
2.8076734353812349 599.12992505623117 1 5
999 589.60808101421333 1 6
623.52900397563428 8 8 9
638.86291501015239 987.87689437438235 1 5
95.058266793360161 805.52763770346701 4 3
613.81749382256248 5.6153468707624699 2 7
998 599.26493526370575 2 4
53.968250274563999 742.73371234263948 2 7
995.76393202250017 388.98066401624385 1 6
388.98066401624385 995.76393202250017 1 6
596.23549801218292 999 1 5
1 403.76450198781708 1 5
403.76450198781708 1 1 5
1 401.76450198781708 1 6
598.23549801218292 999 1 5
401.76450198781708 1 1 5
1 598.27416997969522 1 5
998 603.26493526370575 2 4
997.26794919243116 607.09336238845196 1 6
998 394.98066401624385 2 7
394.98066401624385 998 2 7
274.98066401624385 956.51087470692391 2 4
600.23549801218292 999 1 6
399.76450198781708 1 1 5
1 399.76450198781708 1 6
1 600.27416997969522 1 5
630.86291501015239 992 8 9
369.13708498984755 8 8 2
8 369.13708498984755 8 9
135.6247460005178 855.66821509683473 8 9
228.94015626838672 931.01599975122849 2 7
933.42982496877835 232.55017573973521 2 4
1 602.27416997969522 1 6
995.00375729539076 620.36967044194182 1 5
756.17771318528764 59.623847404648032 2 4
607.52900397563428 2 2 4
8 632.90158697766469 8 9
995.76393202250017 618.5197692596447 1 5
390.98066401624385 998 2 7
998 390.98066401624385 2 7
977.53861251695014 321.3557086041655 8 9
928.287187078898 223.2942776827046 8 9
604.70057685088807 1 1 5
621.29156660751562 995.44444444444446 1 5
999 606.09336238845196 1 5
611.52900397563428 2 2 7
4.5555555555555474 623.33023857502792 1 6
999 608.09336238845196 1 6
386.98066401624385 998 2 7
998 386.98066401624385 2 4
992 637.49033200812187 8 2
377.25764031314623 4.1197189223916055 1 6
999 610.09336238845196 1 6
853.0967444329691 130.36683078326189 8 9
71.511161926399794 778.82930082826033 2 7
615.52900397563428 2 2 7
151.86865768205598 874.46362771125621 4 3
620.03448788540618 997 1 5
998 616.5197692596447 2 4
666.74516600406093 16 16 1
3 622.07315985291848 1 6
996 626.17662350913713 4 8
999 613.69134213489849 1 6
883.10500109100406 160.11822651421303 2 4
2 380.45079348883235 2 7
380.45079348883235 2 2 7
999 384.15223689149764 1 5
384.15223689149764 999 1 6
937.3663106344552 233.26016208039277 2 4
935.79496223181843 230.7046065248372 1 5
634.40623885301966 5.6153468707624699 2 4
2.7320508075688772 376.62236636408613 1 6
616.23549801218292 999 1 6
998 620.5197692596447 2 7
1 383.27922061357856 1 5
383.27922061357856 1 1 6
119.1733361735979 842.95397732369679 1 5
644.11774900609146 8 8 2
228.76325410276564 935.01208603956093 2 4
376.20018736577208 2.4221343842640448 1 5
712 32 32 0
1 618.27416997969522 1 6
622.86291501015239 998 2 7
620.03448788540618 999 1 5
16 671.52900397563417 16 1
646.86291501015239 992 8 2
8 353.13708498984755 8 9
353.13708498984755 8 8 9
2 624.90158697766469 2 7
93.086203173471446 813.51398156505934 4 3
53.968250274563999 754.83396360050699 2 4
1 622.07315985291848 1 5
1 377.62236636408613 1 6
377.62236636408613 1 1 5
808 87.42562584220407 32 11
8 648.90158697766469 8 2
886.89779045327896 161.38895420078242 2 7
105.02773978511392 829.55766266862167 16 1
746.38752604603883 48.706327733106775 2 7
1 375.62236636408613 1 6
139.5207631313267 867.0181512427539 4 8
374.79393923933992 1 1 5
656.69688554242975 990.18533100255183 2 7
343.30311445757013 9.814668997448166 2 7
873.88105291452689 146.3708948282935 1 6
32 716.78383797157323 32 0
990.31146246294372 342.72825451254573 4 8
631.52900397563428 2 2 4
968 282.50966799187808 32 11
992 653.49033200812187 8 9
77.601356741100361 795.76770474123259 16 10
48.492422502470646 748.78383797157323 4 8
839.58429647131561 111.97012046751746 8 9
123.96208147043512 852.8429264286184 4 3
227.1312604231382 937.52934578572467 1 6
872.6850857668129 143.61959284894104 2 7
999 630.17662350913713 1 6
636.11774900609146 2 2 4
990.18533100255183 663.32430254039923 2 4
117.78626096908003 847.7577281891156 4 3
351.91715568934757 995.14991520368119 1 6
638.86291501015239 998 2 7
361.13708498984755 2 2 4
2 361.13708498984755 2 4
348.98066401624385 994.53589838486221 2 4
664.31828383093523 990.29503955838254 2 7
912.57437415779589 186.50966799187808 32 11
9.99248540921851 334.12357412626869 2 4
983.00512197336695 314.20607404267179 1 5
2 640.90158697766469 2 4
337.82337649086281 8.4721359549995796 2 7
8.4721359549995796 337.82337649086281 2 4
338.98066401624385 992 8 2
952.83219731828592 248.93889344716345 2 7
126.0271258159914 858.47636160183959 2 7
983.29426530320814 312.22708537802299 1 5
999 358.8385283925129 1 6
996 348.35324701827432 4 3
354.98066401624385 998 2 7
653.86010910243942 4.5555555555555474 1 5
667.20626789461699 991.10716519393407 1 5
332.79373210538296 8.8928348060658919 1 6
998 645.49033200812187 2 7
357.80909114099006 999 1 5
998 354.01010126776669 2 7
868.54974135616328 134.51470808276699 8 9
999 356.8385283925129 1 6
135.49340356454212 869.98132098474116 1 5
210.98066401624385 932.22291236000342 16 10
171.86955290513279 904.39628864000599 32 0
350.98066401624385 998 2 7
652.60303038032998 2.9999999999999996 1 5
131.52109993353469 866.94474332838433 4 8
329.82337649086281 8.4721359549995796 2 4
670.17662350913713 991.52786404500046 2 4
956.51087470692391 250.50966799187808 2 7
992 330.50966799187808 8 2
995.03736013417256 338.98164789124866 1 6
658.17662350913713 996 4 8
4 341.82337649086281 4 8
341.82337649086281 4 4 3
673.14697912365727 991.10716519393407 1 5
346.98066401624385 998 2 4
649.77460325558388 1 1 6
87.753712934457212 819.47758348427044 4 8
655.4314575050762 2 2 7
347.48023074035518 1 1 6
652.60303038032998 1 1 5
140.82905622111602 879.16758344910204 8 2
998 342.69639276878195 2 7
654.17662350913713 999 1 5
1 345.82337649086281 1 6
1 654.55844122715712 1 5
994.00100052496066 670.55035535482716 2 4
996 664.80404050710661 4 8
993.12848567040055 673.42067203222916 1 6
863.14197679557162 123.80228153892507 4 3
1 656.55844122715712 1 6
329.26915386317199 994.38465312923756 2 7
666.17662350913713 996 4 3
4 333.82337649086281 4 3
333.82337649086281 4 4 8
2 660.21529547664943 2 7
658.25988462982241 1 1 5
998 338.50966799187808 2 4
999 659.14718625761429 1 5
88.513952005410061 824.41944918003719 1 6
662.17662350913713 999 1 6
1 337.82337649086281 1 5
337.82337649086281 1 1 6
685.88786280933448 9.1111111111110947 2 4
1 663.04372260139564 1 5
4 325.82337649086281 4 8
674.17662350913713 996 4 8
325.82337649086281 4 4 8
996.07797541318371 673.96886019081774 2 4
6 320.16652224137044 2 7
320.16652224137044 6 2 7
992 314.50966799187808 8 2
330.98066401624385 998 2 4
998 670.46089475659903 2 7
80.012623730693093 817.45878732334518 4 8
877.37466055357629 132.74812914053669 1 5
681.83347775862956 994.53589838486221 2 4
131.20130085130953 876.46456170683621 2 7
326.98066401624385 998 2 7
670.17662350913713 999 1 5
329.82337649086281 1 1 5
1 329.82337649086281 1 5
996 680 4 3
677.74516600406093 2.7320508075688772 1 6
999 673.28932188134524 1 6
890.68426274826197 143.79172068072802 16 1
684.76996943173322 995.14991520368119 1 5
322.98066401624385 998 2 4
5.4641016151377544 686.49956672411133 2 7
682.74516600406093 4 4 8
998 322.50966799187808 2 4
688.40202025355336 6 2 7
674.74516600406093 1 1 5
995.00375729539076 685.80695306719531 1 5
999 676 1 5
676.74516600406093 1 1 6
679.83347775862956 998 2 7
320.16652224137044 2 2 7
2 320.16652224137044 2 7
4.9962427046092541 312.0164234236675 1 5
312.0164234236675 4.996242704609255 1 6
678.74516600406093 1 1 6
995.76393202250017 687.65685424949243 1 5
125.35804925526898 875.10206004248141 4 3
689.17381760142416 995.44444444444446 1 6
1 679.67113959936512 1 6
320.15223689149764 999 1 6
878.55504204445242 127.88945653003934 4 8
683.83347775862956 998 2 4
2 316.16652224137044 2 7
316.16652224137044 2 2 7
4.2360679774997898 310.16652224137044 1 5
310.16652224137044 4.2360679774997898 1 6
1 681.67113959936512 1 6
2 684.49956672411133 2 4
687.91673887931472 997 1 6
998 685.65685424949243 2 4
994.38465312923756 304.79815783880622 2 7
276.02139134908623 982.05430311045654 2 4
71.021247929287 814.65426525458963 4 3
312.16652224137044 2 2 7
2 312.16652224137044 2 4
129.19798563354772 882.12024275674378 4 8
688.40202025355336 2 2 7
2 688.49956672411133 2 7
4 694.15642097360376 4 8
998 689.65685424949243 2 4
81.028159422127899 829.41573874331095 8 2
242.98066401624385 968 32 11
214.17560254920298 949.93709785554938 2 4
687.91673887931472 999 1 5
690.74516600406093 998 2 7
2 308.16652224137044 2 7
308.16652224137044 2 2 4
273.23679793359065 983.17056450922416 1 5
998 306.50966799187808 2 7
691.23044737829957 1 1 5
995.76393202250017 300.50966799187808 1 6
694.74516600406093 998 2 4
998 694.74516600406093 2 7
304.16652224137044 2 2 7
2 304.16652224137044 2 4
64.145666833604579 810.5644749669716 4 8
696 2 2 7
301.33809511662423 2.9999999999999996 1 5
3 301.33809511662423 1 5
59.422996123121493 804.10720144323534 4 3
998 302.50966799187808 2 4
998 698.74516600406093 2 4
698.74516600406093 998 2 4
2 699.81327522309618 2 4
106.14707088066218 864.85138166010449 16 10
1 301.33809511662423 1 5
301.33809511662423 1 1 6
698.82842712474621 1 1 6
998 298.50966799187808 2 4
880.19704273084517 120.42272405505756 2 7
133.42470322162617 893.35122038251745 8 2
65.297195107237712 816.45293678947019 2 7
299.33809511662423 1 1 6
1 299.33809511662423 1 5
121.20009292545629 881.93663385211801 4 3
744 20.510874706923943 2 7
999 701.57359312880715 1 6
701.57359312880715 999 1 5
86.272194729458235 844.53195830031234 8 9
125.70291047532855 886.99717310670769 2 7
1 702.6417023478424 1 6
1 297.33809511662423 1 5
297.33809511662423 1 1 6
801.94987437106624 53.968250274563999 2 7
287.91715568934757 995.14991520368119 1 6
703.57359312880715 999 1 5
999 703.57359312880715 1 5
999 295.68124086713186 1 5
62.529258734018704 815.29598898001154 1 5
284.98066401624385 994.53589838486221 2 7
1 704.6417023478424 1 6
1 295.33809511662423 1 6
295.33809511662423 1 1 5
79.754816457446495 838.32520548909861 1 6
999 705.57359312880715 1 6
705.57359312880715 999 1 5
58.174605841267073 809.97589139110028 2 7
293.80909114099006 999 1 5
290.98066401624385 998 2 7
1 293.33809511662423 1 6
293.33809511662423 1 1 5
210.98066401624385 956.51087470692391 2 7
999 707.57359312880715 1 5
707.57359312880715 999 1 5
979.48912529307609 250.50966799187808 2 4
291.33809511662423 1 1 5
1 291.33809511662423 1 6
274.98066401624385 992 8 2
999 709.57359312880715 1 6
709.57359312880715 999 1 5
54.763323273842126 807.88707563924879 2 7
886.19643286837538 120.50826923437741 4 8
286.98066401624385 998 2 7
289.33809511662423 1 1 5
1 289.33809511662423 1 6
17.945696889543463 747.74311063873085 2 4
711.57359312880715 999 1 6
999 711.57359312880715 1 6
776 32 32 0
69.029783688127154 829.61317163252136 4 3
282.98066401624385 998 2 7
16.829435490775829 750.52770405422643 1 6
135.87639440180078 905.09810126031027 4 3
892.79556253668341 122.54558385723351 2 7
32 780.78383797157323 32 11
809.71714314291432 51.466601669866705 4 3
968 218.50966799187808 32 11
131.41952361743867 902.83175997720673 1 6
948.5333983301332 188.2268111347924 4 3
734.16072733284238 6.2143031104565338 2 7
730 4.2360679774997898 1 6
833.50497103459168 66.485318955134758 1 6
78.331192315650398 848.76757875827343 1 6
265.26915386317199 994.38465312923756 2 7
725.17157287525379 1 1 5
946.35309869461116 182.63697272037086 2 4
728 2 2 7
4.2360679774997898 734.78383797157323 1 5
64.506412635991353 833.55513996378681 2 4
70.559146930246669 841.51531631630223 8 9
4.9962427046092541 736.63373915387024 1 5
1 728.09754647055797 1 5
904.94173320663981 129.76586825998427 4 3
838.28285685708568 67.959024172337365 4 3
834.46477403053893 64.730674202208803 1 5
744 8 8 9
893.15208040251764 116.55618530551389 4 8
898.78748776888006 122.23440543290836 4 8
732 2 2 7
994.38465312923756 260.22117814494993 2 7
2 732.78383797157323 2 4
999 269.33809511662429 1 5
266.98066401624385 998 2 4
4.4247540074479712 738.55035092181311 1 5
998 266.50966799187808 2 4
260.98066401624385 995.76393202250017 1 5
903.29757594336013 125.04392513309207 1 5
127.99591216603785 906.47578037092535 4 8
736 2 2 7
8 748.78383797157323 8 9
934.54262443235996 160.55979362081192 2 7
2 736.78383797157323 2 4
262.98066401624385 998 2 7
930.70042944529223 155.49703618121364 2 7
992 250.50966799187808 8 9
998 262.50966799187808 2 4
905.27972472527495 124.77730516693526 1 6
904.05775067046955 123.19402395079501 1 5
2 740.78383797157323 2 7
258.98066401624385 998 2 4
933.60689274672109 156.24032016291076 1 6
142.29715294141889 922.33782868359208 2 4
998 258.50966799187808 2 4
956.51087470692391 186.50966799187808 2 4
157.11905881661806 935.02997800555079 2 4
90.655792531187032 873.9400888358465 1 5
872 87.42562584220407 32 0
133.88448576674921 916.93162567147397 8 2
922.3986432588996 139.52580122221875 16 1
256.15223689149764 999 1 5
60.676731145999021 839.98631066972894 2 7
934.02263393974511 153.26926660223182 2 4
88.662095088334766 874.09874099109288 1 5
910.16338291981981 123.7049793587712 4 8
125.28471696581727 911.82829572226262 2 7
754.23348704976013 4.4247540074479712 1 5
47.999999999999993 826.0386719675123 16 1
756.150098817703 4.9962427046092541 1 5
5.6153468707624699 758.49534812464503 2 7
108.79670596619295 898.31079508019411 16 10
752 2 2 7
994.38465312923756 240.79815783880622 2 4
758 4.2360679774997898 1 5
210.98066401624385 979.48912529307609 2 7
756 2 2 7
2 756.78383797157323 2 4
904 111.42562584220407 8 9
998 242.50966799187808 2 4
90.368457817576498 882.93550093104 8 2
74.149494823241227 865.24524261216902 16 10
916.07405776697954 122.67351299909028 2 7
760 2 2 7
2 760.78383797157323 2 7
34.000000000000014 814.72496346852756 2 4
998 238.50966799187808 2 4
762.82842712474621 1 1 5
2 764.78383797157323 2 4
998 234.50966799187808 2 7
56.441809305699337 849.0453082415662 8 2
914.84791959748236 116.55618530551391 4 8
178.98066401624385 968 32 11
1 769.4701294725885 1 6
999 229.82337649086284 1 6
229.80909114099003 999 1 5
220.69217416931571 994.38465312923756 2 4
226.98066401624385 998 2 7
920.718068974689 117.79769498702261 2 7
139.86955290513276 940.17337628000257 16 10
904 98.914751135280127 2 4
222.98066401624385 998 2 4
110.31989761674588 916.24623171261783 2 4
120.6061456091125 925.85830941506504 8 9
1 223.68124086713189 1 5
223.68124086713189 1 1 6
999 776.42640687119285 1 5
776.42640687119285 999 1 6
210.98066401624385 992 8 9
1 221.68124086713189 1 5
221.68124086713189 1 1 6
778.42640687119285 999 1 5
999 778.42640687119285 1 5
218.98066401624385 998 2 4
1 219.68124086713189 1 5
219.68124086713189 1 1 6
999 780.42640687119285 1 5
780.42640687119285 999 1 5
47.977401254081855 852.10370591611957 1 5
217.68124086713189 1 1 6
1 217.68124086713189 1 6
999 782.42640687119285 1 6
782.42640687119285 999 1 5
44.451692755764256 848.55837383225332 4 3
215.68124086713189 1 1 5
1 215.68124086713189 1 6
784.42640687119285 999 1 6
999 784.42640687119285 1 6
940.57700387687851 131.186304520216 4 3
123.58429334177383 934.35128510574282 1 5
983.17056450922416 188.25353407453127 1 5
935.85433316639535 124.72903099647976 4 3
213.68124086713189 1 1 5
1 213.68124086713189 1 5
786.42640687119285 999 1 6
999 786.42640687119285 1 5
982.05430311045654 185.4689406590357 2 4
998 789.25483399593907 2 4
789.25483399593907 998 2 7
96.751886956006004 911.6869804486704 2 4
211.68124086713189 1 1 5
1 211.68124086713189 1 6
794 4.2360679774997898 1 5
795.849901182297 4.996242704609255 1 5
789.17157287525379 1 1 6
2 208.85281374238571 2 7
208.85281374238571 2 2 7
792 2 2 4
840 32 32 11
940.63714609303804 126.18666624191671 1 5
793.25483399593907 998 2 7
4.2360679774997898 202.85281374238571 1 6
202.85281374238571 4.2360679774997898 1 5
998 793.53910524340097 2 4
146.63708792476186 957.51700970073352 2 4
797.76651295023987 4.4247540074479712 1 6
868.12730472849285 53.646901305388795 2 7
1 792.92597359530407 1 6
59.05373117430527 875.0492173089674 2 7
2 204.85281374238571 2 4
204.85281374238571 2 2 4
111.10987882451663 928.99214367293212 2 7
995.76393202250017 200.50966799187808 1 6
995.76393202250017 799.53910524340097 1 5
940.82579507209334 124.19558322940784 1 6
796 2 2 4
198.83056519854091 995.00375729539076 1 6
999 205.33809511662426 1 5
1 794.92597359530407 1 5
800.34314575050757 995.76393202250017 1 6
101.64478046084743 921.22039921396276 8 2
120.00575033830074 937.84328023350201 4 8
202.98066401624385 998 2 7
802.19304693280469 995.00375729539076 1 6
198.85281374238571 4.2360679774997898 1 5
4.2360679774997898 198.85281374238571 1 5
998 202.50966799187808 2 4
998 797.53910524340097 2 7
2 797.75440072005028 2 4
994.38465312923756 196.22117814494993 2 4
4.996242704609255 197.00291256008865 1 5
197.00291256008865 4.9962427046092541 1 5
808 8 8 2
798.34314575050757 998 2 7
31.999999999999996 843.92721578751059 8 2
968 154.50966799187808 32 0
2 200.85281374238571 2 7
200.85281374238571 2 2 4
196.98066401624385 995.76393202250017 1 5
995.76393202250017 803.53910524340097 1 6
800 2 2 4
4 803.41125496954271 4 3
995.00375729539076 805.38900642569808 1 6
198.98066401624385 998 2 7
998 198.50966799187808 2 4
998 801.53910524340097 2 7
112.6061456091125 934.80258132506424 4 8
946.40499155266639 125.70592500316931 4 8
802.34314575050757 998 2 7
196.85281374238571 2 2 4
2 196.85281374238571 2 4
995.57524599255214 807.30561819364084 1 6
992 186.50966799187808 8 9
16 826.0386719675123 16 1
812 993 1 6
185.70020441635742 8.3276734353812341 1 6
8.3276734353812341 185.70020441635742 1 6
5.6998023645941096 810.58845867325408 2 7
873.71714314291432 51.466601669866705 4 8
808 996 4 3
187.19595949289334 7 1 5
7 187.19595949289334 1 5
194.98066401624385 998 2 7
998 194.50966799187808 2 7
998 805.53910524340097 2 4
191.19595949289334 4 4 8
4 191.19595949289334 4 3
902.88732324454008 75.807826446996089 1 6
103.66708762702147 931.01377828993247 2 4
2 809.06810921903514 2 7
192.15223689149767 999 1 5
998 809.53910524340097 2 7
904.88679167316468 75.853935046340254 1 6
2.9999999999999996 811.89653634378135 1 6
822.30019947814515 990.54740611252873 2 4
179.19595949289334 8.4721359549995796 2 7
42.309705703780402 868.44334030114976 16 1
996 815.19595949289339 4 3
175.49615712829922 9.9924854092185083 2 4
139.16511797034059 964.16303595709348 8 2
952.25547228964626 124.37480699704516 2 7
818 5.4641016151377544 2 4
30.880707059147401 854.53729880901483 2 4
816 996 4 3
99.66709799872352 931.02288726950292 2 4
1 811.89653634378135 1 5
812 999 1 6
183.19595949289334 4 4 8
4 183.19595949289334 4 3
826.2837784738141 990.18533100255183 2 4
872 43.489125293076057 2 7
187.19595949289334 1 1 6
1 187.19595949289334 1 5
2 814.72496346852756 2 4
904 70.933203339733424 4 8
816 2 2 7
820.93649167310366 4.8500847963187717 1 5
172.92145475218231 8.4527102066587538 1 6
983.98484655696302 838.60323798450952 1 5
24.118577541919365 850.08214714677547 2 7
97.685798484900289 933.27554175621935 1 5
20.118577541919329 845.61001119177592 4 3
1 817.55339059327378 1 6
93.719582405554547 930.23101716082863 4 3
820 2 2 4
996 823.19595949289339 4 3
999 819.19595949289339 1 6
995.00375729539076 174.35956917417514 1 5
998 178.50966799187808 2 4
824.80404050710672 996 4 3
175.19595949289334 4 4 3
4 175.19595949289334 4 8
820.80404050710672 999 1 6
179.19595949289334 1 1 5
1 179.19595949289334 1 5
96.175296115662931 934.58641268523115 1 6
984.16629878861465 843.59994440850812 4 8
25.620040777525574 857.42267404863401 4 3
143.72123281161458 975.26446908769071 4 8
957.92652520201261 121.60054087324951 1 6
824 2 2 4
995.76393202250017 172.50966799187808 1 6
20.418775177325262 851.60249660099441 2 7
992 834.50966799187813 8 2
998 174.50966799187808 2 7
16.655346870762468 152.89074084083671 2 4
847.10925915916334 983.34465312923749 2 7
844.11774900609146 986 2 4
14 155.88225099390857 2 7
959.91986384177198 121.43744253713814 1 5
980.35465643220448 852.33501918961645 4 8
163.88225099390857 8 8 2
8 163.88225099390857 8 9
836.11774900609146 992 8 9
826.82842712474621 1 1 6
999 827.19595949289339 1 5
148.02139134908623 982.05430311045654 2 7
998 170.50966799187808 2 4
961.68981415813141 120.50616605959823 1 6
958.52368682052247 116.6363291532099 4 8
131.9047402684981 971.03958419197033 2 7
870.99808353426602 969.01013140951079 1 5
145.82296222294892 17.785669612131784 2 4
872.7892790991242 968.12040198522925 1 5
169.53910524340094 1 1 5
1 169.53910524340094 1 6
830.46089475659903 999 1 6
38.939168646988321 118.02465905512641 1 6
37.646471900983911 119.55074395540869 1 6
866.15107203022819 974.06724884123662 4 8
25.932751158763317 133.84892796977186 4 3
133.84892796977186 25.932751158763324 4 8
135.73107516018985 975.66118145878431 4 3
936 87.42562584220407 32 0
999 167.68124086713189 1 5
874.78588031457457 968.00385334104044 1 6
62.752393389061396 911.87255305250017 32 0
139.94792294322232 979.92945918811893 2 4
4.0076175068180824 838.43685771989112 1 6
40.309705703780331 886.33188412114805 2 7
36.971191982009813 117.66819328383825 1 6
882.33180671616174 963.02880801799017 1 6
1 834.0386719675123 1 5
165.80909114099003 999 1 6
4.9626398658274553 840.1941090661112 1 5
106.89083109151252 45.169167399167137 2 4
162.98066401624385 998 2 7
156.69217416931571 994.38465312923756 2 7
32.697543381215475 120.26355985465798 4 8
879.73644014534204 967.3024566187845 4 3
73.06958946549787 75.126133545091676 1 5
995.19388087889854 843.06541065917395 1 5
966.29137324279475 118.55023814928236 4 8
860.11774900609146 983.0557280900008 4 8
139.88225099390857 16.944271909999159 4 3
16.944271909999159 139.88225099390857 4 3
1 837.83766184073556 1 6
988.76930625847501 852.57697969385629 4 8
110.60570725947488 39.932209448345063 1 5
8 848.66608896548178 8 2
125.92693558467478 27.047218139191195 4 3
27.047218139191195 125.92693558467479 4 3
874.07306441532523 972.95278186080884 4 8
866.25036854841699 979.06626276414943 1 5
20.933737235850561 133.74963145158299 1 5
133.74963145158299 20.933737235850568 1 5
2 840.66608896548178 2 7
136.32806510130396 981.6314078372568 2 7
73.291811687720084 73.13851756509186 1 6
158.98066401624385 998 2 4
999 840.16652224137056 1 5
107.25290620148949 41.185588403498144 2 7
120.66168315865934 29.924216034626397 2 7
997.19232656461872 843.14424492346404 1 5
967.3024566187845 883.00872585871889 4 8
113.13610980655145 35.619778237328653 4 3
94.393346531290462 51.851499320368035 2 7
77.772128869738566 67.345204985348715 2 4
133.8747009500897 18.93765166139659 1 5
18.937651661396579 133.8747009500897 1 5
866.12529904991027 981.06234833860344 1 6
887.16121201275382 964.32373831775476 4 3
35.676261682245283 112.83878798724616 4 8
109.11801850038617 38.595503737995514 1 5
8 147.88225099390857 8 2
852.11774900609146 992 8 9
147.88225099390857 8 8 9
70.36978710090375 73.818055874564422 2 4
155.88225099390857 2 2 7
2 155.88225099390857 2 7
844.11774900609146 998 2 4
18.354765013932049 866.97336868718992 8 9
146.98066401624385 992 8 2
964.06502384278895 110.86626988092689 4 8
154.98066401624385 998 2 7
996 848 4 3
999 844 1 5
72.291811687720084 70.310090440345675 2 4
866.79253769373884 982.94776409969745 1 6
133.20746230626111 17.052235900302566 1 6
101.43823720404133 42.665326370205491 4 3
80.20541305625477 61.860760795856933 4 3
959.81659679189772 896.0798396338555 4 8
47.682068218042218 95.252025981968998 2 4
871.0772249395061 980.37066200510367 4 8
128.92277506049385 19.629337994896318 4 8
19.629337994896321 128.92277506049385 4 3
870.2561339173468 16.829435490775829 1 5
88.405232988128517 51.474012639542671 4 8
956.11857754191931 903.17382677979742 4 3
94.103149861573044 45.858521271610897 4 3
873.04072733284238 17.945696889543463 2 4
105.13625645401972 35.571339224263568 4 3
83.360260088441038 54.721819351990163 2 7
984 872 16 1
933.26532872312453 929.74602967559588 4 3
72.592009323125978 64.317605031127172 4 3
996 856 4 8
999 852 1 6
965.73862137871402 895.11566911307466 2 7
38.543982182605959 99.313476906080325 8 9
66.36978710090375 69.345919919564835 4 3
900.20118382145495 961.94135708985868 8 2
853.17157287525379 1 1 6
858 4.2360679774997898 1 6
8.4721359549995796 863.97979746446651 2 4
859.849901182297 4.996242704609255 1 5
1 854.3229432149742 1 5
80.384951446465735 54.337711964678952 1 5
972.95278186080884 888.6721015887357 4 8
856 2 2 7
4 859.97979746446651 4 3
8.8928348060658919 866.95015307898666 1 6
931.59512638962315 935.50887829109558 2 4
959.00590509766687 907.25590218157777 1 6
137.57134840263677 995.44444444444446 1 6
999 142.3675323681471 1 6
138.82842712474618 997 1 6
131.88225099390857 8 8 2
868.11774900609146 992 8 2
8 131.88225099390857 8 9
997.26794919243116 861 1 5
860 2 2 4
860.11774900609146 998 2 7
139.88225099390857 2 2 4
2 139.88225099390857 2 4
74.271021668804991 56.49578187133524 4 3
140.82842712474618 999 1 5
999 140.3675323681471 1 6
11.931495449089224 874.6376760986501 2 7
999 860 1 5
80.693116372045111 49.347217562453594 4 8
86.391033245489638 43.731726194521826 4 8
998 137.53910524340091 2 7
932.81369012124276 938.25024700616859 1 6
138.82842712474618 999 1 5
8.4721359549995796 871.97979746446651 2 7
999 862 1 6
872 8 8 9
128 992 8 9
864 2 2 4
136 998 2 7
96 968 32 0
904 32 32 11
4 867.97979746446651 4 8
1 863.97979746446651 1 5
999 864 1 5
996 131.88225099390854 4 3
937.50786942592231 936.52842220221248 4 8
36.848951026855829 90.47453639372047 1 5
93.254833995939038 33.888543819998318 8 9
47.999999999999993 77.254833995939038 16 1
922.74516600406093 952 16 10
952 922.74516600406093 16 1
968 904.85662218406264 8 9
19.555555555555593 890.94331032406399 16 1
994 126.22539674441616 2 7
980.37066200510367 891.66794106455484 4 8
909.10917045840938 966.48533927246467 2 7
123.10525780092952 6.0089222791665016 1 6
84.205442782725697 38.143954337236018 2 7
984 109.25483399593904 16 1
109.25483399593904 16 16 10
16 109.25483399593904 16 10
890.74516600406093 984 16 10
62.36978710090375 58.032211420580076 8 9
912.0952846956892 966.19703082320461 1 5
4 875.97979746446651 4 3
1 871.97979746446651 1 6
876.23830432939008 995.8802810776084 1 5
123.7616956706099 4.119718922391618 1 6
998 126.22539674441616 2 7
31.999999999999996 89.254833995939038 4 8
938.22984945076155 942.48482588595766 2 4
4.5555555555555571 122.3109025912718 1 6
906.74516600406093 972 4 8
124.81914861798404 2.4221343842640559 1 5
875.18085138201604 997.57786561573596 1 6
126.22539674441619 1 1 6
873.77460325558388 999 1 6
2 123.88225099390857 2 4
934.28285685708568 51.466601669866705 4 3
912.05001746533935 969.19668928340582 2 7
4.9073344987240697 880.8967827306052 1 6
118 994.53589838486221 2 4
982.37066200510367 897.32479531404726 2 4
3 121.05382386916239 1 6
998 122.22539674441616 2 4
66.29390160591835 950.13297883403959 1 6
876.60303038032998 999 1 6
123.39696961966999 1 1 6
939.11164048623471 54.572654995042861 1 6
944.06915102057246 941.10549373712479 4 3
24.246211251235323 93.254833995939038 2 7
879.4314575050762 998 2 4
120.5685424949238 2 2 7
65.926178280430221 48.685977859503922 2 4
120 998 2 7
880 2 2 4
61.839908710830322 947.86098691272798 4 8
1 121.05382386916239 1 5
940.39443656934031 945.84853850835611 2 4
979.88142245808069 903.17382677979742 4 3
65.047146829201068 951.69682106608627 1 5
939.38474502778411 52.591389260875658 1 5
115.0635083268963 995.14991520368119 1 6
999 880 1 5
2 881.63665171395894 2 4
995.44444444444446 885.0560685953327 1 5
999 119.39696961966997 1 5
52.533656174839578 59.83513360562408 2 7
1 119.05382386916239 1 6
997 883.79898987322326 1 6
942.05012562893376 53.968250274563999 2 7
117.74011537017762 1 1 6
882.25988462982241 999 1 6
999 117.39696961966997 1 6
116 998 2 4
884 2 2 7
935.18958119207241 45.53550978216655 2 4
71.335882129109649 39.25867598979265 8 9
61.978706467426193 48.039861549898085 2 7
999 883.79898987322326 1 5
2 885.63665171395894 2 4
62.879056002839484 953.77031622369975 2 4
998 886.62741699796948 2 7
992 894.62741699796948 8 2
888 2 2 4
112 998 2 4
985.65088642208127 904.8210321610718 2 7
1 888.46507883870515 1 5
1 890.46507883870515 1 5
890.82842712474621 1 1 5
107.31370849898477 999 1 5
966.29137324279475 67.959429842595696 4 3
1 894.2598846298223 1 6
4.2360679774997898 899.08831175456851 1 5
966 934.05887450304567 2 4
2 897.08831175456851 2 4
4.9962427046092541 900.93821293686551 1 6
898.74516600406093 999 1 6
1 101.25483399593904 1 5
101.25483399593904 1 1 5
999 101.25483399593904 1 6
98.254833995939038 2.7320508075688772 1 5
997.26794919243116 98.254833995939038 1 5
901.88941092752498 997.19232656461872 1 5
2.8076734353812349 98.110589072474966 1 5
2 901.08831175456851 2 7
29.999999999999979 934.05887450304567 2 7
970 934.05887450304567 2 7
1 99.254833995939038 1 5
900.74516600406093 999 1 5
999 99.254833995939038 1 6
99.254833995939038 1 1 5
971.00571551743576 66.29360364591949 1 5
999 901.94112549695421 1 5
996 905.94112549695421 4 8
999 97.254833995939038 1 6
902.74516600406093 999 1 6
97.254833995939038 1 1 6
1 97.254833995939038 1 6
4 93.254833995939038 4 3
4 906.74516600406093 4 3
996 93.254833995939038 4 3
93.254833995939038 4 4 8
906.74516600406093 996 4 8
77.254833995939038 16 16 1
922.74516600406093 984 16 1
16 77.254833995939038 16 1
16 922.74516600406093 16 10
984 922.74516600406093 16 10
984 77.254833995939038 16 10
997.19232656461872 910.79688057349017 1 6
2.8076734353812349 911.60092108059689 1 6
2.807673435381234 88.399078919403109 1 5
88.399078919403109 2.8076734353812349 1 6
997.19232656461872 88.399078919403109 1 6
911.74516600406093 997.26794919243116 1 6
999 909.94112549695421 1 5
999 89.254833995939038 1 5
1 910.74516600406093 1 5
910.74516600406093 999 1 5
1 89.254833995939038 1 5
89.254833995939038 1 1 5
999 87.254833995939038 1 5
999 912.74516600406093 1 6
912.74516600406093 999 1 5
1 87.254833995939038 1 6
1 912.74516600406093 1 5
87.254833995939038 1 1 5
936 20.510874706923943 2 4
999 85.254833995939038 1 6
1 85.254833995939038 1 6
85.254833995939038 1 1 6
914.74516600406093 999 1 5
1 914.74516600406093 1 6
999 914.74516600406093 1 6
84.686291501015234 999 1 6
915.31370849898474 1 1 6
922 4.2360679774997898 1 6
920 2 2 7
80 998 2 4
926.2884898469282 5.6153468707624699 2 7
73.711510153071856 994.38465312923756 2 7
924 2 2 4
76 998 2 4
939.4632295371174 987.08323721187469 1 6
60.536770462882608 12.916762788125338 1 5
928 2 2 4
72 998 2 4
12.222222222222218 59.655731886407189 2 4
64 992 8 9
936 8 8 2
60.310874197197855 9.9252797316549142 2 4
9.9252797316549142 939.6891258028021 2 7
939.6891258028021 990.07472026834512 2 4
991.00209811799277 938.88999962525725 1 5
1 930.74516600406093 1 5
69.254833995939038 1 1 5
1 69.254833995939038 1 6
999 930.74516600406093 1 5
930.74516600406093 999 1 6
995.32734856551485 64.578431727340515 1 5
999 68.769552621700456 1 6
2.7320508075688772 933.74516600406093 1 5
2.7320508075688772 66.254833995939038 1 6
66.254833995939038 2.7320508075688772 1 6
997.26794919243116 933.74516600406093 1 5
933.74516600406093 997.26794919243116 1 6
993.67376655214855 62.075300383389177 2 4
990.88888888888891 941.88786280933448 2 7
999 932.74516600406093 1 5
1 67.254833995939038 1 5
932.74516600406093 999 1 6
67.254833995939038 1 1 5
1 932.74516600406093 1 5
9.7234119670876851 942.6823263316054 1 5
998 65.941125496954271 2 4
968 32 32 11
968 968 32 0
32 32 32 11
32 968 32 11
7.8869271224421595 941.89028882277944 1 6
7.7962233876129678 58.000807568366525 1 6
65.254833995939038 1 1 6
1 65.254833995939038 1 6
1 934.74516600406093 1 6
999 934.74516600406093 1 5
934.74516600406093 999 1 6
56.796371504757765 8.0152350136361505 2 4
61.254833995939038 4 4 8
4 61.254833995939038 4 8
996 938.74516600406093 4 8
938.74516600406093 996 4 3
4 938.74516600406093 4 8
998 61.941125496954271 2 4
5.9999999999999991 944.40202025355336 2 7
6 55.597979746446654 2 4
944.40202025355336 994 2 7
994 944.40202025355336 2 4
56.337848729800328 4.9073344987240803 1 5
999 59.112698372208079 1 5
946 5.4641016151377544 2 4
996 54.627416997969519 4 8
53.766512950239886 995.57524599255203 1 5
944 2 2 7
56 998 2 7
944.40202025355336 998 2 4
2 55.597979746446654 2 4
998 944.40202025355336 2 4
2 944.40202025355336 2 7
55.597979746446654 2 2 7
51.849901182297074 995.00375729539076 1 5
3.9220245868163435 947.90998568777206 2 7
948.5874264190013 995.91329409013406 2 4
950 4.2360679774997898 1 6
50 995.76393202250017 1 5
52 998 2 4
948 2 2 4
947.23044737829957 999 1 6
1 947.23044737829957 1 5
2 51.597979746446654 2 7
998 948.40202025355336 2 7
51.597979746446654 2 2 7
48.769552621700463 2.9999999999999996 1 6
998 48.970562748477136 2 7
2.7320508075688772 47.769552621700463 1 5
997.26794919243116 952.23044737829957 1 6
952 2 2 7
2 952 2 7
48 998 2 4
952 998 2 7
48.769552621700463 1 1 6
1 48.769552621700463 1 6
999 951.23044737829957 1 6
999 953.23044737829957 1 6
1 46.769552621700463 1 6
46.769552621700463 1 1 6
999 46.142135623730944 1 5
954.82842712474621 999 1 5
1 954.82842712474621 1 6
954.82842712474621 1 1 5
45.171572875253808 999 1 6
44.769552621700463 1 1 5
1 44.769552621700463 1 6
999 955.23044737829957 1 6
999 44.142135623730944 1 6
979.51471862576136 1 1 6
979.51471862576136 999 1 6
999 979.51471862576136 1 5
20.485281374238571 1 1 5
20.485281374238571 999 1 5
1 18.828427124746192 1 5
999 18.828427124746192 1 5
1 981.17157287525379 1 6
18.485281374238571 1 1 6
999 981.51471862576136 1 5
981.51471862576136 1 1 6
981.51471862576136 999 1 6
18.485281374238571 999 1 6
2 16 2 4
998 16 2 7
2 984 2 4
988.60976571666447 993.78178324058536 1 6
999 983.51471862576136 1 6
983.51471862576136 999 1 6
983.51471862576136 1 1 6
16.485281374238571 1 1 6
16.485281374238571 999 1 5
3.0000000000000004 13.17157287525381 1 6
988.34314575050757 995.76393202250017 1 5
995.76393202250017 988.34314575050757 1 6
11.65685424949238 995.76393202250017 1 6
988.34314575050757 4.2360679774997898 1 6
11.65685424949238 4.2360679774997898 1 5
4.5555555555555474 988.7717973478708 1 6
5.9999999999999991 9.6568542494923797 2 4
998 986.34314575050757 2 7
986.34314575050757 998 2 7
986.34314575050757 2 2 4
13.65685424949238 998 2 7
13.65685424949238 2 2 4
3 987.51471862576136 1 6
995.44444444444446 10.428651597363228 1 6
990.19304693280458 4.996242704609255 1 5
995.00375729539076 990.19304693280469 1 5
990.19304693280469 995.00375729539076 1 5
9.8069530671953231 4.9962427046092541 1 6
9.8069530671953071 995.00375729539076 1 6
1 13.17157287525381 1 6
998 12 2 4
1 987.51471862576136 1 6
997 9.1715728752538102 1 5
2 9.6568542494923797 2 7
9.6568542494923797 998 2 4
990.34314575050757 2 2 7
998 990.34314575050757 2 7
9.6568542494923797 2 2 4
2 990.34314575050757 2 7
990.34314575050757 998 2 4
999 9.1715728752538102 1 6
996 4 4 3
996 996 4 3
4 996 4 3
4 4 4 3
