249.78497862594529 98.861395420524758 9 3
243.03362417615813 108.78204122074055 3 4
249.32392457026324 111.85321704636843 4 2
239.07473148639923 104.27347507716746 3 4
262.22630127368677 103.70658939543794 3 4
232.36631927627531 94.323741130017922 9 3
264.31906665347617 88.242530829242725 9 3
245.8587565485893 78.231689164756546 12 0
269.13762116966348 102.59588813250677 4 2
265.86704226433392 118.25804997639069 12 0
233.21796917467 115.70935019551732 9 3
245.70712059883036 124.01724383376241 6 1
274.23648199371218 94.998629775324844 3 4
263.16624125944708 73.286896653090864 6 1
221.61605032838312 108.24391990218091 4 2
219.25180747517791 100.60125310772571 4 2
281.95591741825513 104.76182471591375 9 3
272.08228613777862 77.815046797198036 4 2
219.25243481160223 90.684290080857679 3 4
235.61914390903502 130.51591495224085 6 1
219.42819692807177 114.89322794879342 3 4
282.17926802784621 86.003511654034554 9 3
225.17535301525373 74.598946636417736 9 3
214.14590996448891 93.834433567401462 3 4
274.68220218834733 131.6106884989475 4 2
212.24419674595407 85.037645128746718 6 1
263.93914517274078 138.42987308178471 6 1
235.58666220117522 59.915464725265096 9 3
291.95956013869471 96.226746124809949 4 2
256.32901309570002 56.636001450824281 12 0
208.19417924247122 93.074893303432034 3 4
217.63396829401182 129.78553279420669 12 0
230.59744599821133 139.16360540070332 4 2
205.63396829401182 109.00092310338016 12 0
246.22578678617418 145.80153026070764 12 0
289.03200750780883 124.53374796694119 12 0
279.46787018860101 63.00728801119061 12 0
204.04245629977925 88.743242739602451 3 4
208.46630269935267 73.647846334533824 6 1
299.86737366224332 106.54500592367047 9 3
264.00017264116605 148.4296868624557 4 2
202.76205052651144 81.86134176270788 4 2
241.66234642903333 46.201017555825267 6 1
279.90991078249527 146.7325621545059 12 0
270.70791493719344 49.618367815994262 4 2
232.89216546567329 48.221890107451713 3 4
304.27522592502743 86.012815625763409 12 0
223.38850863044158 149.9817023695594 9 3
193.99568572240452 91.430087618412387 6 1
203.78937699746629 64.808934298596682 4 2
265.51315493232153 43.534416099241135 4 2
213.39387056430769 52.012305706482969 12 0
250.24977242467156 161.28725076642408 4 2
193.49344999541862 72.745803150260144 9 3
264.88088686531961 161.39981957015664 9 3
193.63396829401182 129.78553279420669 12 0
309.81815273154496 121.54440577546285 9 3
205.63396829401182 147.01922073382076 9 3
185.12833933822174 92.96962264656878 3 4
306.1360331341632 66.039561027911901 3 4
185.60745990559943 85.986038789986566 4 2
253.66234642903333 32.784609690826528 12 0
309.9436609299558 70.676582762679558 3 4
235.38850863044158 167.21539030917347 12 0
196.43185491634856 58.036425987352978 6 1
181.63396829401182 109.00092310338016 12 0
303.69569616547346 143.53312256062392 12 0
229.66234642903333 32.784609690826528 12 0
320.65351888597945 103.55566373219212 12 0
319.04294044541422 88.642379818620753 3 4
253.00745866906382 170.89949122208736 6 1
312.05562565226887 65.0605694959836 3 4
281.33581581678845 34.509306696638809 12 0
293.59134457944049 158.42950061120496 6 1
305.36112034700386 49.905385293816543 12 0
176.55433207692326 90.233494089062589 6 1
178.99502702645711 78.484323558198724 6 1
179.83973965995187 123.89322794879342 3 4
281.76059535606612 167.65085478581659 9 3
267.45657506309328 26.892304845413264 3 4
325.01657647706048 89.204227272488495 3 4
319.8839218610583 129.77120903258142 4 2
211.38850863044158 167.21539030917347 12 0
209.29172010178738 34.485972331163289 6 1
316.19965189953382 60.72155503853142 3 4
324.81061857605567 121.06904496388944 6 1
324.75601018321834 73.041812053757354 12 0
180.93833485654133 140.54772141704092 3 4
185.62407985644904 148.23171736939798 6 1
194.63624893819531 158.60471583365373 6 1
267.90718581398022 179.14359353944897 9 3
176.47746934576745 135.15321690830353 4 2
331.51474337048319 91.806884957476143 4 2
192.32970445382824 40.510092612033297 12 0
305.19971598494499 161.47017706749983 6 1
167.27119764444939 97.837664991180574 6 1
322.27020012824846 57.236093203587622 4 2
174.60531021513935 61.027795085548888 12 0
210.72534577684647 25.600888345977143 3 4
334.61877761249849 98.081036009562524 3 4
330.08034193908424 129.56786933418624 4 2
164.79334203502623 107.5258140186703 4 2
295.97909893760874 172.42936458508029 6 1
335.64716402671894 103.99224750832035 3 4
334.89466809420617 114.56428168491547 6 1
333.48891655246348 123.4538183771671 3 4
166.56707925995278 125.95901089075686 9 3
301.66234642903333 29.233687939614086 9 3
317.92181038409365 154.99010302057886 6 1
247.38850863044158 188 12 0
241.66234642903333 12 12 0
265.66234642903333 12 12 0
201.73598657887504 25.163371249343967 6 1
327.88213039086133 143.77439861279495 9 3
323.2143994537235 49.292008131424026 4 2
191.61116501031671 168.13618304648568 4 2
312.88959040867206 35.787236033712873 4 2
161.15884324030822 80.907244924384358 12 0
160.2548231402366 114.11382177835286 4 2
223.38850863044158 188 12 0
209.59427999638163 182.10769515458674 3 4
170.69300692006524 146.79538141691788 9 3
217.66234642903333 12 12 0
180.0644969198807 162.16337332163201 9 3
339.73067571356768 73.913243206612634 3 4
319.71963329739356 163.80871021062956 3 4
286.94830092327754 188 12 0
339.53686032771901 66.91592689275285 4 2
161.91757449841194 137.02165548743486 3 4
289.66234642903333 12 12 0
335.02516298526962 54.723938248969787 9 3
269.97773817480038 194 6 1
169.80256068540504 46.817460924993874 3 4
314.60101938500577 27.972441675640141 4 2
253.66234642903333 3 3 4
259.38850863044161 197 3 4
347.53233520525094 87.770373995944226 12 0
185.92755561416956 173.76615500307906 4 2
153.6784159607781 116.51191865086794 3 4
189.99968322260858 22.66153521760879 6 1
303.91886367175471 182 6 1
235.38850863044158 197 3 4
345.12183231629757 127.5037203367702 9 3
157.14308280761136 133.38789309915512 3 4
173.24392417297079 37.737849480315035 6 1
229.66234642903333 3 3 4
349.14978941068375 108.70799186172178 9 3
149.76646041866354 102.03101385052761 12 0
163.38758687354874 49.618908942216002 4 2
198.03448846032774 13.748516380429049 6 1
277.66234642903333 3 3 4
342.69534034078987 140.27525652834859 4 2
331.47777621746116 161.41161299289635 9 3
329.33581581678845 34.509306696638809 12 0
195.67569570933952 188 12 0
209.53210216989055 196 4 2
341.43809622422884 150.19590858511245 6 1
178.00088230224861 22.8311715155189 6 1
146.74839348574056 127.39202503007748 9 3
203.80593996848231 4 4 2
150.66596815403381 59.322538013614363 12 0
152.49357804607052 144.45053769583313 9 3
321.91886367175471 180.25227291513249 9 3
169.5647989163725 28.439245426680934 4 2
143.2777776243982 115.90486587112966 3 4
313.66234642903333 12 12 0
303.91886367175471 194 6 1
174.09188263847597 179.14359353944897 9 3
301.66234642903333 3 3 4
195.80593996848231 4 4 2
344.9453424852241 43.472714373822569 6 1
159.17946609266431 164.3577951922442 12 0
357.03841572846102 128.91617910818655 3 4
355.14120338346089 62.758189970655103 12 0
360.9040476735654 111.12406567878081 3 4
140.41306806516096 77.649513753424543 9 3
183.80593996848231 9 9 3
155.35026821183683 35.784115531033535 12 0
364.77045388234291 99.764008327309085 9 3
315.91886367175471 194 6 1
352.75290321904953 47.949543093756709 3 4
172.95989935619491 14.134530459215558 3 4
164.23216262902875 22.475774103122433 4 2
358.28765994515766 143.8640682195979 12 0
349.41628285380642 162.89821302578892 9 3
181.81928924878849 196 4 2
138.2486439887351 139.75140440317529 6 1
367.72637810144471 82.008375080056894 9 3
166.99127170234357 14.747297894447781 3 4
131.44688823978271 117.91236590076674 9 3
134.15724724299795 130.62668672705118 4 2
354.68890115751992 41.222588955200507 4 2
341.15400643963045 179.05093908156888 9 3
359.73370404983712 47.431450668724828 4 2
349.66234642903333 29.233687939614086 9 3
327.91886367175471 194 6 1
172.02133027765578 194 6 1
371.03860089474085 123.53149570896259 12 0
325.66234642903333 3 3 4
337.66234642903333 12 12 0
128.72973115811303 74.91096692775011 3 4
169.10900151178325 6 6 1
129.98638174014698 62.976947097254026 9 3
366.57966722504489 51.570627906256313 4 2
372.8611483195657 70.065421726422059 4 2
136.10587536395224 44.189669880170037 9 3
376.4904752261728 105.38905052272166 4 2
123.06782545544866 103.59533858984697 3 4
136.14239833833415 157.6277499262448 12 0
155.05076752917864 188 12 0
143.89872253889291 173.87088493448218 6 1
372.82194055115053 59.383055424140238 6 1
120.77526889699115 87.62814154070513 12 0
123.10927997376473 72.810841101910682 3 4
339.91886367175471 194 6 1
120.38326175849483 110.06009827269656 4 2
356.50209777017716 176.11907634748383 6 1
152.13843876330611 12 12 0
381.6252454442938 93.446097169086826 9 3
118.73168493289772 116.86247241626957 3 4
117.07512080184949 103.89112725550369 3 4
373.48232659938714 50.407316442457756 3 4
122.44513535077112 139.31238495767951 9 3
384.45569441429433 106.1342238483182 4 2
136.66568578000644 26.198377200151818 9 3
116.44154965524933 125.56622335538027 6 1
370.34599935691858 164.61488629096013 12 0
369.98887704127822 34.509306696638809 12 0
384.5811696633956 75.690463921834635 9 3
379.21737644826982 145.58074148476913 9 3
378.977179388764 52.817003729861945 3 4
354.61580212845377 191 9 3
387.6466831865348 115.75254664661723 6 1
349.66234642903333 3 3 4
387.0327904171524 124.73158532944403 3 4
130.84076619667428 173.001470090694 3 4
387.55788650770222 131.71186283794535 4 2
111.86837760506812 68.610589450231828 9 3
361.66234642903333 12 12 0
366.80935661258792 182.26402672609106 6 1
107.15581094934605 96.02518656930458 4 2
143.05076752917864 197 3 4
104.51216485531901 112.08698827711298 12 0
396.35985577953045 102.71352943966689 6 1
119.7020856396834 32.218034190315976 9 3
111.53117600683878 50.613748197329926 9 3
391.1815444236982 140.41359169255747 4 2
131.05076752917864 188 12 0
397.16334304844452 112.68119758265263 4 2
112.20787968254272 154.11774197408832 9 3
125.04669748591189 20.36750153506566 4 2
391.92363132932678 56.43819491068983 9 3
119.05076752917864 170.7663120603859 9 3
398.48003700624469 87.128186010864553 9 3
131.35382907247958 9 9 3
391.61813015060267 147.39996363392041 3 4
399.00484199425478 125.55010902195392 9 3
399.15575139417342 72.1434134044502 6 1
369.31274058515282 194 6 1
101.72029093538802 135.92404849886032 12 0
378.6329091775105 18 6 1
390.9808888212458 159.38303183401672 9 3
97.122193870833385 83.562180177515359 12 0
391.91009546076498 38.04946556389632 9 3
385.98079562965381 24.782961350797194 4 2
93.685342470273639 100.30649944843188 4 2
388.85411853568957 172.20788458765389 4 2
106.95279966016123 166.0082480170777 4 2
92.605072339751246 122.77441770732257 4 2
378.6329091775105 6 6 1
90.562974688899715 106.5715468894205 3 4
102.25386387500338 160.81979906898513 3 4
405.79472151232227 62.147210336768623 6 1
107.260768861683 173.001470090694 3 4
410.75048953590965 91.421901734714837 4 2
120.96152422706631 3 3 4
97.227321053830764 153.35428721333062 6 1
386.28330333362999 188 12 0
92.729440456737322 59.967610517465452 12 0
406.4536418045455 145.18465463386491 12 0
412.90311241264817 109.80723509826353 12 0
409.89735099120355 130.58530988700292 3 4
410.97344350347794 124.68259653592217 3 4
119.05076752917864 197 3 4
86.703104360710412 114.70182370202436 6 1
403.88282660248592 160.97677004621102 4 2
407.39147107011917 47.232439441790874 9 3
108.96152422706631 12 12 0
96.235251740867241 36.225047740038335 12 0
107.05076752917866 188 12 0
82.383907372276127 101.22593727959949 6 1
416.61200240379867 76.534233451885214 12 0
418.2998596629692 94.49196127915674 3 4
401.75605631692969 173.80162279984819 9 3
84.408597056861169 136.54135363973566 4 2
395.60347192598766 12 12 0
85.314718781917875 144.48987195571004 4 2
410.73791352660282 159.55980735693467 3 4
417.24137202668282 58.545239764694408 6 1
79.912248652842294 127.60922897481539 6 1
77.934973223555971 90.081118530945403 6 1
77.686957124366344 108.90308898896804 3 4
407.60347192598766 29.233687939614086 9 3
422.61301411364883 90.321026289902846 3 4
77.983256722502588 74.919201244748976 9 3
90.663481536865149 170.46555225260499 12 0
421.89184692788291 130.94872043305608 9 3
424.85298840115308 96.952957772609807 4 2
416.0290580522144 156.73071039693301 3 4
82.94411482688318 154.20482110062963 6 1
412.61523691625007 166.6547216034314 4 2
419.12555183731359 49.74467918929858 3 4
74.053100528535509 117.13686614413423 6 1
76.855013515527205 61.96825273639972 4 2
422.40504659375654 143.93858671808562 4 2
424.5452861436936 63.803836399855811 3 4
421.01437103086226 151.81678584471149 4 2
429.61015553910261 90.521055968196677 4 2
69.242383191705628 87.748978196793942 3 4
407.06791302445652 191 9 3
428.89989976458253 67.931467707611958 3 4
70.001099370234797 126.27914630901267 4 2
425.1046166278785 50.245462805471597 3 4
95.105117766515292 4 4 2
81.182028410514121 30.802827957835412 4 2
423.08484753534185 38.416661817508626 9 3
73.920683582603587 45.060207495821238 12 0
419.3934705934833 26.998529909305994 3 4
423.43036116179525 163.04960412872944 6 1
69.469418386992814 142.27030997311351 12 0
407.60347192598766 3 3 4
64.398286473379486 101.94527091649728 12 0
419.30621622989167 177.80060854994309 9 3
428.12383674976394 155.37032767159221 3 4
86.266157838352129 191 9 3
63.447754833740007 78.623143042588055 6 1
79.848915408200511 180.86002960592774 3 4
62.359070736275697 119.82938675087803 6 1
439.68689625659459 102.94922142060513 12 0
63.961911236668008 63.631957525981036 9 3
70.953844556240654 163.21777948491976 9 3
435.22281558823227 57.232653106924658 9 3
81.248711305964278 12 12 0
75.448593908914461 175.41602641866555 4 2
62.086477027252265 129.21304468214879 3 4
73.372036118128122 29.069616951387783 4 2
419.60347192598766 12 12 0
435.48072538959684 145.89002232096678 9 3
440.6812510893551 78.969829049934731 12 0
417.46021786986978 197 3 4
430.77328678043915 169.83793554072332 4 2
435.234065762733 160.8879941514669 6 1
431.73084320098775 25.301385866078103 6 1
56.310829360861469 133.1680281250616 4 2
65.699205691860982 31.334053581048515 4 2
55.089352474673362 73.133415362279209 4 2
446.24422965660864 126.98957995401916 12 0
67.574561258448341 23.556969198140624 4 2
51.304653568348037 110.58831299788451 3 4
431.26713131971076 182.89473409625214 4 2
425.94549924410836 194 6 1
437.7662627291387 169.52442735756105 3 4
63.08764389626154 172.27994739204576 3 4
435.6341637099373 176.19182218405217 4 2
59.683715805654643 167.33896838440188 3 4
443.52189817369469 41.260013117252512 9 3
47.852352165370334 85.188308537397944 9 3
448.37184552431495 141.83792163649281 3 4
51.472831120110115 141.9198149724709 6 1
51.126802722118342 57.847241070571926 4 2
435.12237007184217 15.894072461908316 4 2
52.758351401465468 50.015379931167026 4 2
54.18608436160028 156.67238277768851 9 3
65.481548147525601 188 12 0
444.40865263833695 165.65770345074782 4 2
442.14650889628962 173.62484727693024 3 4
447.78480431125246 158.40500740848395 4 2
67.392304845413264 4 4 2
450.54727584775202 148.49130445336652 4 2
456.03713373930867 111.49576920070548 4 2
42.543911141270996 102.38774032724668 9 3
43.451229854279561 123.36813052268928 12 0
453.20506887752276 56.433549459204109 9 3
434.43078061834694 197 3 4
436.57403467446483 6 6 1
457.99987774975529 74.064202627379075 6 1
45.159986356155123 52.51834789704391 4 2
45.368369740542121 148.53310093826451 3 4
49.559020343178076 34.064323253193194 12 0
460.95083663329018 91.820661780816351 12 0
52.035844974887894 173.41895687956688 6 1
457.34613533303457 141.15812576337242 6 1
442.57403467446483 12.708203932499369 3 4
449.00159582040652 172.20788458765389 4 2
462.23377718138175 108.23975782913249 3 4
452.37774749332203 164.95518854539006 4 2
449.14673344267851 24.161439252839273 9 3
37.82403728174053 66.737484691434616 12 0
55.392304845413264 9 9 3
446.43078061834694 188 12 0
464.40275543873832 116.97448926857093 6 1
40.862905634804015 154.27193263026959 4 2
42.093239614173136 161.16296145760805 3 4
33.019882112852244 111.23606621782264 4 2
466.20165372344923 77.769721602817825 3 4
37.359182721588255 50.744238922113567 4 2
461.43865565961761 155.58903971143909 9 3
465.85817641568593 135.90977777498074 4 2
53.481548147525601 197 3 4
46.392304845413264 18.380831519646861 4 2
467.93198013062755 126.33101496319495 4 2
448.57403467446483 6 6 1
467.64399160320835 69.665528353981784 4 2
29.642290129111579 103.98404081857238 4 2
40.525686153490305 170.02539769985552 6 1
29.692051233564261 117.39443788887802 3 4
471.15542066054979 107.05473562232859 6 1
466.98247557808139 143.83038074403788 4 2
36.112998998080684 42.841895843806675 4 2
464.35779519224423 38.639823156124159 12 0
27.068338681111172 88.19243627871208 12 0
472.52459472492353 80.773122523753187 4 2
470.06229683336841 58.51791981686484 6 1
461.90353360164664 173.80162279984819 9 3
29.564717132652397 142.94272539543408 12 0
461.14547748138671 23.987826195828575 3 4
39.195406495833033 21.87434753446766 4 2
473.28210071569077 73.814230034717895 3 4
33.111507059020326 160.58982944165695 6 1
25.565442301596924 125.3926313550682 6 1
41.481548147525601 188 12 0
476.42624190836665 87.757186473627257 4 2
471.55333481782532 149.13200745764641 3 4
475.21703864920278 67.0869709202303 4 2
31.196882847724055 36.530651751220596 4 2
479.143593539449 119.75076232586143 9 3
467.1448495007408 23.901019667323222 3 4
474.63063563481495 49.569999240775431 3 4
463.00265998427932 11.19117188952198 9 3
472.02331503051198 163.13655493183703 4 2
37.392304845413264 9 9 3
474.43841419786798 155.5098062135537 4 2
480.04793972278623 140.53761426583478 9 3
21.433269290684446 49.206291786689903 12 0
17.040023797481368 69.741612432748752 9 3
474.16682801367375 169.80028902699846 3 4
15.007905403144882 110.81393406629019 12 0
467.21539030917347 191 9 3
482 59.739084468086979 6 1
26.008795164225926 173.80162279984819 9 3
21.231432018148574 158.89754783883311 6 1
26.063069239368168 22.987437956349261 9 3
488 100.70964721656412 12 0
486.33333333333331 130.31539204361255 3 4
11.727016631046043 92.735985305209482 4 2
488 76.709647216564122 12 0
477.41699475574165 176 4 2
11.902396327854028 131.5830412542096 9 3
9.8603653833982854 82.911749298289905 6 1
479.143593539449 23.727406610312546 9 3
25.559806657149771 10.997995651832388 3 4
491 126.5441558772843 3 4
473.02506281446688 4.5918202918687401 3 4
476 10.928203230275509 4 2
16.003543065622182 33.934566159087311 3 4
25.392304845413264 4 4 2
488 42.768521719609851 12 0
494 117.68020996504126 6 1
5.325269911573324 97.53365546266302 4 2
5.081078674194953 90.537915999276208 3 4
9.5932548962216355 149.43431196104498 9 3
4.8640383955526607 121.8639097283576 3 4
488 164 12 0
494 135.02943725152286 6 1
20.696938456699069 191 9 3
6.424900877551595 59.14353876840854 6 1
494 59.739084468086986 6 1
497 88.709647216564122 3 4
13.805078882905374 25.635867710809844 3 4
10.185545008042348 37.826981681869697 4 2
4.0697988585964389 68.862257535834289 4 2
10.568656182462201 164.40256477594627 6 1
497 126.5441558772843 3 4
494 147.02943725152286 6 1
6.4625839286057651 50.143617658328559 3 4
10.851895129746968 30.858769750871598 3 4
7.2928835402561916 44.20134515070211 3 4
480 4 4 2
484 10.928203230275509 4 2
13.392304845413264 9 9 3
488 188 12 0
3.4189615010064931 39.61956296100611 3 4
3.0327503682629819 159.48218637997729 3 4
6.8230648588144591 25.134389727845708 4 2
4.0853116227111119 32.651351030008016 4 2
494 25.797958971132712 6 1
8.5033839725648992 182.26402672609106 6 1
488 4 4 2
497 176 3 4
494 13.797958971132712 6 1
6 194 6 1
496 4 4 2
3 3 3 4
