550 250 50 0
48 252 48 1
554 46 46 2
44 44 44 3
458.34848610088318 258 42 4
135.63560920082659 260 40 5
470.38182015853249 38 38 6
123.5989949685296 36 36 7
382.77071159011842 266 34 8
207.18978448081987 268 32 9
30 116.6636084983398 30 10
28 174.62911548309756 28 11
574 177.88897449072022 26 12
95.138372724277076 88.820384147315309 24 13
10 208.09551654446059 10 20
592 292 8 21
594 6 6 22
92.342294479658335 60.960342035897568 4 23
90.78621680644595 55.165635634799244 2 24
287.18978448081987 250 50 0
54.999429347777522 147.88905536920907 10 20
8 292 8 21
6 6 6 22
596 15.797958971132712 4 23
2 199.15124463446142 2 24
499.31835101695356 163.79460309029795 50 0
403.48140783535553 186.65854134793386 48 1
63.325451482130639 92.275531328115008 8 21
6 148.70615268946614 6 22
596 280.68629150101526 4 23
598 26.816673906749124 2 24
210.30308712407421 186.05912285890818 50 0
107.46148868065811 176.63202693530914 48 1
570 120.29670248402684 30 10
499.33628916472156 290 10 20
239.18978448081987 292 8 21
594 147.1295182140243 6 22
584.20204102886726 4 4 23
598 21.454813220625091 2 24
208.45180871091532 50 50 0
272.18754856252104 189.84243258365822 12 19
91.817804600413297 290 10 20
415.75555659505972 292 8 21
515.35898384862242 294 6 22
19.313708498984759 296 4 23
2 195.15124463446142 2 24
383.203841287719 50 50 0
295.62978758172881 38 38 6
271.87376659275384 108.08317534737834 36 7
501.98920611096531 86.630989638850167 20 15
218.65412567043063 117.23029621128845 18 16
352.91650889805754 225.89106606226804 16 17
187.38435674057453 110.43312392618293 14 18
342.37269183667013 288 12 19
427.92520083771478 10 10 20
8 81.523326078587445 8 21
230.75636837525727 238.19033506484107 6 22
580.68629150101526 296 4 23
2 155.63435591974164 2 24
316.71676408437281 167.10152308099163 38 6
444.82704099534538 101.01550017194768 30 10
147.18349740071821 98.272083331846943 28 11
334.61696496096465 10 10 20
175.18978448081987 292 8 21
