928.2842712474619 998 2 0
601.0121436526 547.18058151857463 12 5
996 633.33670380788817 4 1
603.70085865244857 579.12779070253578 20 9
125.89555054413539 434.05106874360376 6 2
402.35147212312143 992 8 3
8 38.627416997969519 8 3
634.47934214051236 204.25448042993418 6 2
595.52041716559495 612.12900851461302 14 6
314.1740590140941 4 4 1
852.50197259778531 188.64962586908132 10 4
8 961.37258300203052 8 3
998 928.2842712474619 2 0
483.00796947516648 37.991022199920117 6 2
238.66236537623479 259.41561702415703 10 4
194.2538833893602 722.71666236944304 16 7
38.627416997969519 8 8 3
166.18887296792286 4 4 1
259.66254949674345 177.22362852690077 10 4
379.26792585763189 548.69376241071359 12 5
6 305.75268588104876 6 2
236.67663765588844 469.07762372188085 14 6
642.45435116584451 992 8 3
804.55478705266671 135.45731094868904 10 4
587.63891033907657 915.52785123773833 12 5
871.7157287525381 998 2 0
655.35238555136937 4 4 1
994 238.47580015448901 6 2
232.16407864998737 992 8 3
194.25513166337498 137.24817206335359 10 4
68.154204410125828 366.22596212128735 12 5
221.58281327313836 728.81006793673771 12 5
579.78273387747481 410.22472739359984 10 4
42 992 8 3
6 768.74510108665447 6 2
996 848.50558939258758 4 1
345.82971010998233 990 10 4
505.00694188319943 8 8 3
151.67860093162204 994 6 2
990 222.98386676965933 10 4
998 998 2 0
8 782.60150754720553 8 3
10 156.78574686698994 10 4
996 746.53339125399293 4 1
173.40954343623963 413.13936724183122 12 5
6 482.61485845859357 6 2
8 619.69147877958585 8 3
10 321.83847256892687 10 4
373.48776751307884 8 8 3
10 838.79929981843145 10 4
755.54461013418393 994 6 2
358.29462420216572 580.38162471899841 26 12
108.0960027435479 364.06893966144992 28 13
996 940 4 1
2 2 2 0
854.26001885018752 461.9595408847797 14 6
365.82464731259597 631.83353189411082 26 12
563.68926851409822 917.08176772688671 12 5
167.17053431645172 990 10 4
325.48776751307884 8 8 3
627.01144378736706 546.98981332861615 14 6
238.89897179906723 501.00036218455136 18 8
994 761.03495747031911 6 2
803.10861633836521 825.86458489942959 22 10
771.03654351901355 990 10 4
860 996 4 1
612.16562045002399 8 8 3
877.79882299891699 446.79627279218977 14 6
780.92644612885192 10 10 4
644.51449976412846 574.28498472363094 16 7
6 528.88676352578909 6 2
445.46456610562745 223.38610331206922 14 6
148.84523680320837 8 8 3
438.10958470993171 192.24281754018944 18 8
841.75179160377422 10 10 4
998 2 2 0
252.49385386899073 737.08699787975206 20 9
290.50304757322118 337.1659341238377 12 5
476.16033573652135 204.57733602744656 22 10
474.78532502673835 701.87747097546446 14 6
620.32336775367048 267.4242217553458 16 7
996 331.95917942265424 4 1
835.70911695079963 796.31450266910974 22 10
138.00757791052035 406.60477950305358 24 11
509.77497497258247 994 6 2
669.81542473997524 8 8 3
990 647.5037355150788 10 4
578.78201264641689 176.49797481243587 20 9
656.95754156789042 527.00904187906167 22 10
125.28567074761634 642.54007686945727 14 6
770.00260929880005 494.89793175004473 12 5
10 388.77293368987506 10 4
591.62302890415913 649.9286165117818 24 11
992 956.5685424949238 8 3
225.4906145808277 426.92858127257051 22 10
757.55758598067075 308.97904499231845 18 8
787.52602381927045 333.78745552981258 20 9
457.96206493710724 6 6 2
269.12938418068836 769.01283586794887 16 7
469.36736989844348 809.78796860921045 14 6
940 996 4 1
570.96113550828818 513.89485736596339 12 5
368.95766917086706 126.65938451600857 20 9
780.2615923562347 281.04111209637301 18 8
407.85650063774978 147.22345294886142 24 11
990 157.96773353931866 10 4
16 502.210776400859 16 7
634.05459105787668 303.70818796350829 22 10
376.56382398756034 859.17362319768688 14 6
956.5685424949238 992 8 3
2 998 2 0
135.22823747945787 798.49126445476645 12 5
375.81847380027824 978 22 10
813.56900141567689 488.73599391211292 32 15
482.3795248852299 16 16 7
807.52232353150362 368.43060777983948 20 9
633.66424368269134 612.78526969617678 24 11
994 348.46202437830971 6 2
610.57357338488134 508.34015076047615 28 13
601.56324555477283 223.24212339998894 32 15
840.03524705154086 414.0256711549485 36 17
990 776.52689085514874 10 4
399.70969851036875 329.33632921627913 14 6
789.87827149843349 246.34933378686577 18 8
812.08699765539154 22 22 10
984 984 16 7
866.23898898014659 612.91959759542556 12 5
573.32962043516522 880.32495047024736 26 12
631.40314535876018 164.37294318072651 34 16
992 482.54372034923369 8 3
274.30366104822724 802.61680674786203 18 8
184.95053600721658 22 22 10
976 192 24 11
996 860 4 1
621.28834067732782 986 14 6
980 615.44815998788988 20 9
836.75444679663246 990 10 4
16 16 16 7
804.65715716964883 696.49382873024763 12 5
18 644.02252890077864 18 8
525.65873685971781 182.9924272658339 32 15
702.06077283834907 240.68480123015183 70 34
637.46384173137108 20 20 9
693.07956066869383 410.47921850289248 100 49
546.99457512264246 994 6 2
986 366.79232715813305 14 6
22 809.13450587004877 22 10
645.64447985789991 663.38639558470049 28 13
467.85648094816986 147.17484483016514 36 17
557.67778560058298 459.49308703420422 44 21
900.0040851763448 415.95917935536124 24 11
984 16 16 7
683.21429495487246 771.84520852847822 26 12
480.02070827662362 452.18703875208843 34 16
800.51947689074052 187.30050020144483 42 20
8 210.36823939579887 8 3
990 835.8564787519141 10 4
196.83532826483437 978 22 10
802.02041028867291 976 24 11
513.50072812493772 322.43693944208212 100 49
528.81078103736593 988 12 5
484.04842693804358 588.25443218939449 100 49
986 461.37770986071695 14 6
28 355.30487363028988 28 13
347.30285150748227 433.69459449488761 100 49
16 984 16 7
349.48776751307884 18 18 8
684.3068542363734 711.85515673473151 34 16
576.38845203604058 964 36 17
962 415.24745948203378 38 18
765.52313403097901 755.07454933023575 58 28
206.53471179629503 334.85972796362921 72 35
340.53066853900827 243.81532354136431 90 44
564.31918454502522 762.66947016835206 92 45
378.67665738271359 751.14332125423664 94 46
753.13930886476339 601.57327612948143 96 47
239.74363154638951 616.99728692788779 98 48
900 291.95917942265424 100 49
20 185.07001811445184 20 9
978 806.19168480353142 22 10
203.06709968325083 792.1596405497969 54 26
167.68181509383942 480.89771084640631 56 27
197.66723674909832 205.16251177805583 58 28
60 437.76272854553861 60 29
419.38746189313542 62 62 30
74 571.02937853720005 74 36
76 263.04437287292353 76 37
558.47017109884507 78 78 38
80 724.91245103057076 80 39
918 534.4543330626235 82 40
271.7188791321845 84 84 41
722.27493293439124 86 86 42
463.81847380027824 912 88 43
285.82971010998233 910 90 44
908 708.16673906749122 92 45
94 94 94 46
904 96 96 47
98 902 98 48
700 900 100 49
900 900 100 49
