936 936 64 0
32 968 32 1
968 32 32 12
16 16 16 2
872 984 16 11
992 992 8 3
64 992 8 10
4 996 4 4
996 4 4 9
2 2 2 5
990.343 2 2 8
999 999 1 6
4.82843 1 1 7
80 64 64 0
96 968 32 1
888 996 4 4
904 996 4 9
986.343 2 2 5
9.65685 998 2 8
6.82843 1 1 6
4.82843 3 1 7
208 64 64 0
840.704 947.605 32 1
8 38.6274 8 3
849.373 992 8 10
896 996 4 4
996 980.686 4 9
80 998 2 5
72 998 2 8
1 4.82843 1 6
979.314 1 1 7
336 64 64 0
4 945.373 4 4
980.686 996 4 9
13.6569 998 2 5
998 9.65685 2 8
983.515 1 1 6
981.314 1 1 7
464 64 64 0
554.51 32 32 1
904 32 32 12
272 16 16 2
144 16 16 11
833.373 992 8 3
8 54.6274 8 10
996 972.686 4 4
32 4 4 9
860.686 998 2 5
76 998 2 8
900 999 1 6
884 999 1 7
645.019 64 64 0
554.51 96 32 1
400 135.554 32 12
400 16 16 2
592.955 124.74 16 11
817.373 992 8 3
586.51 8 8 10
972.686 996 4 4
176 4 4 9
2 990.343 2 5
2 951.029 2 8
1 6.82843 1 6
84.6863 999 1 7
936 122.51 64 0
612.94 123.957 4 4
288 4 4 9
998 13.6569 2 5
2 46.6274 2 8
16.4853 999 1 6
986.343 999 1 7
839.759 851.61 64 0
935.055 840.005 32 1
780.157 926.867 32 12
794.745 984 16 2
975.226 866.277 16 11
936 8 8 3
992 77.2548 8 10
168 4 4 4
368 4 4 9
841.373 998 2 5
909.657 998 2 8
857.858 999 1 6
864 999 1 7
711.988 859.273 64 0
722.523 954.693 32 1
660.206 940.11 32 12
982.813 835.189 16 2
969.173 806.242 16 11
8 934.059 8 3
522.51 8 8 10
112 4 4 4
384 4 4 9
56 998 2 5
998 967.029 2 8
28 1 1 6
892 999 1 7
916.818 745.753 64 0
32 902.059 32 1
735.529 32 32 12
762.745 984 16 2
619.286 142.924 16 11
992 890.745 8 3
8 70.6274 8 10
40 4 4 4
376 4 4 9
998 963.029 2 5
185.373 2 2 8
882 999 1 6
999 976.686 1 7
186.51 936 64 0
96 904 32 1
799.529 32 32 12
683.212 982.237 16 2
844.784 16 16 11
8 86.6274 8 3
128 992 8 10
432 4 4 4
304 4 4 9
2 27.3137 2 5
52 998 2 8
1 953.858 1 6
976.686 999 1 7
561.579 198.33 64 0
654.764 175.255 32 1
459.197 159.88 32 12
500.392 135.243 16 2
844.784 48 16 11
740.118 992 8 3
8 102.627 8 10
996 902.059 4 4
48 4 4 9
2 918.059 2 5
825.373 998 2 8
172 1 1 6
855.029 999 1 7
395.197 231.434 64 0
823.855 91.1968 32 1
735.529 96 32 12
16 125.255 16 2
352.474 142.285 16 11
767.529 8 8 3
867.411 8 8 10
154.51 996 4 4
416 4 4 9
2 78.6274 2 5
2 986.343 2 8
912.485 999 1 6
26 1 1 7
585.624 879.666 64 0
306.267 155.279 32 1
32 170.51 32 12
471.167 206.363 16 2
276.577 117.563 16 11
802.654 959.941 8 3
902.649 816.555 8 10
496 4 4 4
256 4 4 9
748.118 998 2 5
578.51 2 2 8
1 941.373 1 6
284 1 1 7
137.858 817.606 64 0
32 838.059 32 1
32 774.059 32 12
614.36 954.327 16 2
633.484 979.983 16 11
862.672 32 8 3
642.583 137.155 8 10
160 4 4 4
996 90.5097 4 9
998 959.029 2 5
570.51 2 2 8
999 20.6863 1 6
18.4853 999 1 7
64 683.549 64 0
968 213.019 32 1
32 234.51 32 12
474.915 238.143 16 2
601.703 983.717 16 11
8 870.059 8 3
8 806.059 8 10
878.725 4 4 4
240 4 4 9
112 998 2 5
160.167 998 2 8
999 986.343 1 6
999 16.4853 1 7
936 303.529 64 0
904 213.019 32 1
32 298.51 32 12
259.469 144.605 16 2
78.5174 762.221 16 11
690.274 8 8 3
992 245.019 8 10
511.196 4 4 4
128 4 4 9
775.529 2 2 5
783.529 2 2 8
372 1 1 6
880 999 1 7
631.145 760.034 64 0
854.222 253.246 32 1
844.274 190.024 32 12
697.084 124.74 16 2
867.284 70.7542 16 11
8 266.51 8 3
8 742.059 8 10
822.156 4 4 4
778.745 996 4 9
486.627 2 2 5
358.627 2 2 8
188.201 1 1 6
380 1 1 7
314.51 936 64 0
250.51 864.446 32 1
729.917 159.753 32 12
250.51 984 16 2
768.362 131.014 16 11
8 202.51 8 3
992 181.019 8 10
248 4 4 4
4 141.255 4 9
2 94.6274 2 5
751.529 2 2 8
1 955.858 1 6
1 30.1421 1 7
64 555.549 64 0
794.496 230.25 32 1
968 394.039 32 12
16 619.549 16 2
777.883 161.565 16 11
487.167 188.475 8 3
977.893 783.882 8 10
266.51 996 4 4
613.019 4 4 9
538.51 2 2 5
57.3726 2 2 8
44 1 1 6
999 896.402 1 7
64 389.019 64 0
904 394.039 32 1
405.019 968 32 12
16 453.019 16 2
16 491.549 16 11
992 362.039 8 3
8 330.51 8 10
296 4 4 4
424 4 4 9
967.029 998 2 5
952 2 2 8
1 915.23 1 6
180 1 1 7
791.839 326.214 64 0
733.589 249.905 32 1
648.56 238.954 32 12
799.58 138.044 16 2
766.085 191.311 16 11
72 936 8 3
882.76 179.124 8 10
120 4 4 4
996 879.431 4 9
998 99.8823 2 5
116 998 2 8
392 1 1 6
1 24 1 7
757.51 739.641 64 0
698.57 303.475 32 1
469.019 968 32 12
44.9228 477.857 16 2
875.26 355.593 16 11
368.474 160.174 8 3
252.906 121.52 8 10
234.51 996 4 4
274.51 996 4 9
2 110.627 2 5
120 998 2 8
24 1 1 6
1 983.515 1 7
676.666 640.402 64 0
533.019 968 32 1
984.806 769.452 8 3
501.019 992 8 10
728.804 996 4 4
146.51 996 4 9
501.657 2 2 5
2 62.6274 2 8
914.485 999 1 6
36 1 1 7
936 484.548 64 0
405.019 904 32 1
968 575.058 32 12
857.483 382.201 16 2
501.019 932.223 16 11
992 426.039 8 3
359.765 992 8 10
597.823 4 4 4
701.588 4 4 9
779.529 2 2 5
234.343 2 2 8
282 1 1 6
20.4853 999 1 7
174.851 619.549 64 0
155.203 713.517 32 1
850.887 429.745 32 12
471.421 920.06 16 2
76.8979 476.596 16 11
437.019 992 8 3
565.019 992 8 10
4 475.549 4 4
996 335.529 4 9
437.657 2 2 5
574.51 2 2 8
999 18.6863 1 6
999 86.5097 1 7
550.301 660.796 64 0
124.68 481.159 32 1
968 639.058 32 12
687.271 210.573 16 2
138.752 527.05 16 11
623.077 688.488 8 3
855.831 293.214 8 10
996 169.706 4 4
218.51 996 4 9
2 194.51 2 5
2 218.51 2 8
999 956.201 1 6
999 82.9117 1 7
490.795 316.551 64 0
182.795 507.967 32 1
603.697 284.597 32 12
496.753 900.509 16 2
467.155 888.346 16 11
39.2587 131.174 8 3
70.5174 784.848 8 10
720.804 996 4 4
996 271.529 4 9
2 146.912 2 5
816.5 2 2 8
164 1 1 6
750.946 999 1 7
236.518 221.242 64 0
96 298.51 32 1
87.4256 202.51 32 12
227.597 141.741 16 2
197.153 151.597 16 11
705.583 990.929 8 3
691.515 710.854 8 10
709.588 4 4 4
996 343.529 4 9
928 2 2 5
998 370.039 2 8
162.995 999 1 6
874.725 1 1 7
191.65 412.377 64 0
153.884 172.378 32 1
992 671.058 8 3
992 543.058 8 10
4 651.549 4 4
282.51 996 4 9
2 210.51 2 5
212.853 998 2 8
136 1 1 6
515.196 1 1 7
595.822 541.164 64 0
904 575.058 32 1
984 693.685 16 2
314.315 202.6 16 11
992 607.058 8 3
125.659 441.171 8 10
4 437.019 4 4
4 507.549 4 9
998 280.902 2 5
136 998 2 8
483.799 1 1 6
774.745 999 1 7
504.78 780.428 64 0
490.806 220.158 8 3
992 716.313 8 10
996 263.529 4 4
576.333 996 4 9
445.019 998 2 5
421.019 998 2 8
786.745 999 1 6
770.745 999 1 7
803.031 620.008 64 0
854.222 534.831 32 1
992 732.313 8 3
571.865 977.539 8 10
4 603.549 4 4
996 871.431 4 9
622.392 2 2 5
998 418.039 2 8
388 1 1 6
190.201 1 1 7
469.457 561.557 64 0
521.239 480.72 32 1
788.613 183.033 8 3
992 748.313 8 10
584.333 996 4 4
4 635.549 4 9
998 354.039 2 5
998 229.019 2 8
361.456 1 1 6
364 1 1 7
589.595 413.315 64 0
494.063 422.777 32 1
705.004 367.15 32 12
492.487 868.794 16 2
144 112 16 11
353.675 166.255 8 3
63.2074 799.081 8 10
346.51 996 4 4
226.51 996 4 9
998 237.019 2 5
425.019 998 2 8
352 1 1 6
1 32.9706 1 7
278.778 506.146 64 0
124.74 336.955 16 2
825.132 696.895 16 11
869.95 332.188 8 3
759.529 64 8 10
4 587.549 4 4
996 452.548 4 9
48 998 2 5
2 190.51 2 8
748.701 1 1 6
252 1 1 7
363.161 817.606 64 0
159.753 304.122 32 1
462.889 856.631 16 2
156.523 220.305 16 11
210.684 868.18 8 3
429.019 936 8 10
996 437.352 4 4
677.019 4 4 9
998 655.058 2 5
998 679.058 2 8
60.201 1 1 6
52 1 1 7
369.283 356.783 64 0
287.633 410.555 32 1
265.159 350.631 32 12
651.644 286.854 16 2
475.259 466.941 16 11
742.919 197.581 8 3
801.88 161.934 8 10
996 54.6274 4 4
996 516.548 4 9
998 708.313 2 5
140 998 2 8
541.338 1 1 6
107.314 999 1 7
722.187 520.77 64 0
433.458 443.347 32 1
750.031 412.632 32 12
853.497 682.082 16 2
452.261 399.183 16 11
135.848 550.874 8 3
657.484 980.017 8 10
996 62.6274 4 4
4 715.549 4 9
998 378.039 2 5
2 274.51 2 8
408 1 1 6
999 102.711 1 7
250.772 722.603 64 0
270.42 628.635 32 1
688.13 428.886 32 12
162.555 251.732 16 2
639.57 316.489 16 11
535.452 590.343 8 3
789.493 70.7205 8 10
371.078 996 4 4
4 523.549 4 9
509.019 998 2 5
924 2 2 8
999 885.088 1 6
124 1 1 7
361.623 658.603 64 0
460.664 695.165 32 1
335.234 284.391 16 2
120.068 133.243 16 11
195.11 864.515 8 3
118.846 730.196 8 10
4 643.549 4 4
996 759.627 4 9
485.019 998 2 5
589.99 998 2 8
116 1 1 6
182 1 1 7
996 531.744 4 4
996 161.706 4 9
998 913.373 2 5
998 510.891 2 8
954.828 1 1 6
428 1 1 7
787.902 117.078 8 3
428.678 403.634 8 10
4 429.019 4 4
4 595.549 4 9
549.019 998 2 5
2 214.51 2 8
420 1 1 6
300 1 1 7
320.793 303.56 8 3
451.559 906.588 8 10
4 357.019 4 4
4 730.745 4 9
998 724.313 2 5
671.362 2 2 8
1 113.456 1 6
270.51 999 1 7
558.369 732.342 8 3
512.349 882.267 8 10
4 421.019 4 4
4 349.019 4 9
2 758.059 2 5
948 2 2 8
242.51 999 1 6
1 981.515 1 7
324.914 440.79 16 2
836.475 726.817 16 11
151.467 547.405 8 3
944 607.058 8 10
996 863.431 4 4
382.392 996 4 9
755.529 2 2 5
309.657 2 2 8
916.485 999 1 6
504.485 1 1 7
699.582 782.401 8 3
499.191 159.213 8 10
4 515.549 4 4
996 855.431 4 9
2 926.059 2 5
998 443.009 2 8
492 1 1 6
150.51 999 1 7
577.556 808.12 8 3
107.19 741.157 8 10
189.879 171.757 4 4
144 41.0217 4 9
607.362 2 2 5
998 410.039 2 8
734.461 999 1 6
280 1 1 7
437.471 737.189 16 2
132.323 241.243 16 11
498.579 234.143 8 3
990.009 794.331 8 10
975.556 177.821 4 4
868.866 925.18 4 9
553.019 998 2 5
998 551.058 2 8
292 1 1 6
231.515 1 1 7
471.275 648.352 16 2
856.034 486.866 16 11
290.335 868.18 8 3
774.8 107.893 8 10
355.135 286.38 4 4
895.13 357.876 4 9
963.029 998 2 5
2 878.059 2 8
244 1 1 6
786.357 1 1 7
269.933 988.769 4 4
571.002 64 4 9
715.245 2 2 5
920 2 2 8
593.823 1 1 6
999 94.5097 1 7
56 266.51 8 3
331.752 186.109 8 10
114.912 446.51 4 4
293.668 656.122 4 9
833.47 2 2 5
998 233.019 2 8
567.681 1 1 6
440.485 1 1 7
71.7128 165.725 8 3
566.39 270.169 8 10
695.123 931.343 4 4
36 10.9282 4 9
2 343.362 2 5
2 854.059 2 8
1 479.549 1 6
999 954.201 1 7
319.276 256.654 16 2
835.184 758.791 16 11
520.573 392.823 8 3
668.598 568.856 8 10
740.784 371.129 4 4
11.2307 433.596 4 9
888 2 2 5
388.049 998 2 8
999 175.362 1 6
752.946 999 1 7
66.8694 925.152 4 4
989.793 782.333 4 9
376.735 998 2 5
719.245 2 2 8
156 1 1 6
813.671 1 1 7
734.593 597.642 8 3
816.385 155.18 8 10
889.477 542.117 4 4
482.428 664.953 4 9
288.167 998 2 5
998 599.058 2 8
1 137.255 1 6
724.804 999 1 7
429.309 862.6 16 2
300.365 316.158 16 11
752.008 210.749 8 3
132.719 217.246 8 10
980.371 674.017 4 4
145.597 557.871 4 9
2 814.059 2 5
998 907.716 2 8
164.995 999 1 6
999 339.529 1 7
346.838 464.1 16 2
89.725 143.407 16 11
673.679 130.05 8 3
590.527 951.499 8 10
12 730.745 4 4
208.679 135.253 4 9
998 458.205 2 5
998 740.313 2 8
705.588 1 1 6
1 133.255 1 7
780.624 62.6368 4 4
658.256 574.942 4 9
998 522.205 2 5
2 469.892 2 8
507.196 1 1 6
134 1 1 7
645.993 830.486 8 3
308.37 225.852 8 10
131.198 975.556 4 4
940 54.6274 4 9
449.019 998 2 5
2 186.51 2 8
210.024 999 1 6
782.745 999 1 7
60 321.137 4 4
947.742 806.314 4 9
106.343 2 2 5
2 338.51 2 8
481.799 1 1 6
999 283.73 1 7
176.494 139.381 8 3
861.539 308.161 8 10
805.801 691.766 4 4
891.679 987.571 4 9
489.019 998 2 5
2 278.51 2 8
1 499.549 1 6
772.745 999 1 7
862.902 660.001 8 3
610.671 611.616 8 10
51.4666 200.793 4 4
714.892 404.807 4 9
998 559.058 2 5
2 886.059 2 8
999 267.529 1 6
390 1 1 7
749.442 668.094 8 3
725.176 443.972 8 10
400 86.9783 4 4
244.607 131.221 4 9
998 69.2548 2 5
998 414.039 2 8
625.22 1 1 6
570.676 999 1 7
343.376 160.096 4 4
821.547 917.126 4 9
998 555.058 2 5
998 48 2 8
355.799 1 1 6
1 627.549 1 7
727.053 199.651 8 3
298.868 372.166 8 10
522.583 444.745 4 4
847.82 743.288 4 9
998 623.058 2 5
998 663.058 2 8
418.191 999 1 6
222.51 999 1 7
76.1173 253.422 16 2
219.07 337.222 16 11
439.774 884.198 8 3
311.953 290.223 8 10
606.194 8.17341 4 4
41.0217 619.549 4 9
944 2 2 5
2 721.206 2 8
230.51 999 1 6
350.51 999 1 7
955.509 869.629 4 4
419.423 11.2307 4 9
715.147 998 2 5
998 619.058 2 8
260 1 1 6
45.1716 999 1 7
773.899 822.516 8 3
129.981 277.408 8 10
458.009 731.067 4 4
739.1 674.18 4 9
998 374.039 2 5
517.019 998 2 8
54 1 1 6
62.201 1 1 7
247.651 586.379 16 2
799.823 540.073 16 11
308.326 864.266 8 3
96.9848 619.549 8 10
11.2307 638.972 4 4
503.016 7.84405 4 9
998 615.058 2 5
2 154.51 2 8
999 681.886 1 6
999 652.23 1 7
330.197 732.172 16 2
801.177 508.101 16 11
524.782 928.857 8 3
288.612 852.273 8 10
437.019 951.508 4 4
832.956 224.198 4 9
2 754.059 2 5
998 156.049 2 8
684.617 1 1 6
999 431.696 1 7
435.422 761.102 8 3
206.07 852.859 8 10
64 282.017 4 4
170.683 204.218 4 9
2 882.059 2 5
2 411.647 2 8
999 705.484 1 6
999 104.711 1 7
863.719 94.4879 8 3
695.991 263.558 8 10
870.072 320.189 4 4
980.149 246.907 4 9
998 257.872 2 5
998 595.058 2 8
410 1 1 6
999 875.431 1 7
835.884 392.665 8 3
414.541 300.787 8 10
333.765 197.939 4 4
786.485 105.162 4 9
2 750.059 2 5
2 581.892 2 8
365.421 999 1 6
592.818 999 1 7
282.849 828.975 16 2
611.553 331.95 16 11
448.865 656.944 8 3
682.218 143.581 8 10
423.33 162.972 4 4
736.971 446.179 4 9
2 858.059 2 5
453.019 998 2 8
580.333 999 1 6
999 755.627 1 7
811.254 968.31 4 4
194.312 684.705 4 9
998 253.872 2 5
2 709.892 2 8
1 647.549 1 6
999 508.063 1 7
306.777 611.956 8 3
161.753 133.16 8 10
490.16 200.096 4 4
719.037 64 4 9
856.098 2 2 5
998 349.186 2 8
999 535.744 1 6
1 221.338 1 7
988 980.686 4 4
379.633 165.239 4 9
998 591.058 2 5
530.51 2 2 8
1 591.549 1 6
1 599.549 1 7
84.3166 865.744 8 3
847.531 705.515 8 10
660.87 904.116 4 4
35.8914 450.938 4 9
827.813 2 2 5
998 329.872 2 8
1 115.456 1 6
668.534 1 1 7
789.893 478.157 16 2
210.214 547.365 16 11
432.866 776.896 8 3
517.386 914.669 8 10
617.144 673.284 4 4
650.804 989.985 4 9
2 790.059 2 5
2 282.51 2 8
681.019 1 1 6
1 979.515 1 7
419.991 311.478 4 4
7.84405 722.565 4 9
493.019 998 2 5
513.019 998 2 8
240.51 999 1 6
1 353.019 1 7
737.208 285.723 4 4
715.986 451.689 4 9
806.059 998 2 5
2 464.333 2 8
1 425.019 1 6
918.485 999 1 7
60.4373 465.236 4 4
126.341 884.624 4 9
2 862.059 2 5
998 197.019 2 8
312.485 1 1 6
1 503.549 1 7
573.066 126.849 4 4
989.173 806.302 4 9
340.853 998 2 5
998 193.019 2 8
490 1 1 6
999 445.838 1 7
348.907 440.189 8 3
181.83 743.366 8 10
980.149 360.151 4 4
68.4324 275.357 4 9
998 765.283 2 5
2 657.206 2 8
999 859.431 1 6
1 511.549 1 7
374.732 503.163 32 1
897.087 639.231 32 12
638.951 348.483 16 2
237.74 311.233 16 11
563.72 285.945 8 3
434.83 664.626 8 10
365.501 125.267 4 4
270.744 161.123 4 9
998 659.058 2 5
998 189.019 2 8
1 519.549 1 6
264 1 1 7
318.433 600.995 8 3
439.641 924.034 8 10
341.794 167.938 4 4
870.602 917.371 4 9
2 529.206 2 5
557.019 998 2 8
224 1 1 6
229.515 1 1 7
797.572 406.008 16 2
821.468 483.357 16 11
572.496 961.551 8 3
693.648 247.73 8 10
482.249 851.613 4 4
150.246 136.562 4 9
2 258.51 2 5
998 849.775 2 8
546.191 999 1 6
262.51 999 1 7
825.155 507.072 8 3
148.116 342.391 8 10
190.251 691.598 4 4
183.438 868.069 4 9
759.529 2 2 5
2 366.392 2 8
278.51 999 1 6
999 96.5097 1 7
482.303 489.884 8 3
56 870.059 8 10
758.51 955.632 4 4
418.81 410.462 4 9
2 798.059 2 5
2 254.51 2 8
917.172 1 1 6
442.485 1 1 7
92.068 457.998 8 3
122.51 745.771 8 10
172.602 128.03 4 4
989.072 165.706 4 9
534.51 2 2 5
2 322.51 2 8
999 226.191 1 6
999 952.201 1 7
773.576 72.3487 8 3
420.466 766.786 8 10
107.937 631.649 4 4
276.861 97.5646 4 9
2 818.059 2 5
998 769.283 2 8
1 481.549 1 6
882.725 1 1 7
343.197 425.243 8 3
181 267.087 8 10
996 774.94 4 4
610.77 623.615 4 9
998 145.137 2 5
958.627 998 2 8
885.172 1 1 6
390.877 999 1 7
435.195 648.63 8 3
323.213 232.979 8 10
112.271 752.028 4 4
868.745 220.305 4 9
429.019 998 2 5
998 845.775 2 8
1 433.019 1 6
811.671 1 1 7
640.652 474.904 16 2
377.589 455.248 16 11
551.393 275.744 8 3
657.146 332.832 8 10
856.394 362.23 4 4
426.05 753.608 4 9
2 314.51 2 5
998 152.049 2 8
154 1 1 6
722.073 1 1 7
231.087 988.769 4 4
790.729 961.28 4 9
2 822.059 2 5
2 318.51 2 8
290.995 999 1 6
166.995 999 1 7
655.957 897.802 4 4
143.022 679.64 4 9
2 250.51 2 5
2 922.059 2 8
999 910.544 1 6
999 701.685 1 7
60.9503 752.661 4 4
252.047 443.62 4 9
998 780.597 2 5
2 794.059 2 8
1 135.255 1 6
697.588 1 1 7
975.556 539.86 4 4
780.361 393.238 4 9
998 784.597 2 5
464.852 223.219 2 8
999 461.034 1 6
999 448.548 1 7
787.12 427.612 8 3
567.446 301.505 8 10
19.8506 332.398 4 4
129.871 891.803 4 9
65.8387 173.818 2 5
984.408 985.492 2 8
132 1 1 6
999 525.034 1 7
711.646 195.337 8 3
354.117 730.211 8 10
695.725 18.6906 4 4
508.914 389.983 4 9
632.98 689.875 2 5
550.048 726.795 2 8
784.745 999 1 6
208.024 999 1 7
662.94 347.747 8 3
823.421 140.81 8 10
936 591.55 4 4
382.392 932 4 9
368.978 149.47 2 5
276.515 138.823 2 8
1 183.681 1 6
999 285.73 1 7
349.318 543.883 16 2
268.596 302.754 16 11
782.472 93.8525 8 3
327.128 416.892 8 10
629.529 200.929 4 4
758.978 224.382 4 9
994.385 616.77 2 5
474.783 872.042 2 8
103.515 1 1 6
482.191 999 1 7
493.669 245.092 4 4
890.222 253.246 4 9
748.221 189.103 2 5
376.735 994 2 8
999 275.529 1 6
627.22 1 1 7
869.203 471.814 4 4
272 41.0217 4 9
490.602 495.463 2 5
5.4641 924.059 2 8
999 407.21 1 6
999 58.6274 1 7
480.826 131.101 4 4
121.452 517.014 4 9
280.252 846.787 2 5
618.86 124.929 2 8
1 629.549 1 6
999 45.1716 1 7
825.373 983.056 4 4
365.215 981.309 4 9
54.2885 994.385 2 5
744.765 983.146 2 8
999 561.886 1 6
352.51 999 1 7
253.368 816.531 16 2
334.637 583.292 16 11
670.702 272.266 8 3
67.2945 134.87 8 10
411.909 414.509 4 4
936 377.546 4 9
759.345 669.481 2 5
575.377 265.783 2 8
601.823 1 1 6
617.019 1 1 7
446.678 645.145 4 4
406.39 100.126 4 9
524.574 401.988 2 5
903.86 826.482 2 8
604.534 1 1 6
999 625.886 1 7
746.412 376.814 4 4
296.942 190.051 4 9
895.477 542.144 2 5
850.602 737.972 2 8
712.319 999 1 6
999 380.867 1 7
253.805 384.794 4 4
685.761 269.831 4 9
826.606 219.073 2 5
731.511 283.841 2 8
1 149.74 1 6
999 683.886 1 7
788.871 82.7044 4 4
501.305 387.513 4 9
803.252 490.221 2 5
435.979 982.054 2 8
1 760.887 1 6
1 408.818 1 7
620.683 473.793 4 4
691.614 722.854 4 9
182.775 733.411 2 5
46.0543 871.1 2 8
1 888.887 1 6
999 867.431 1 7
861.695 340.898 4 4
157.615 533.696 4 9
5.61535 815.77 2 5
990.343 6 2 8
412 1 1 6
1 579.064 1 7
740.103 209.246 4 4
536.321 932.152 4 9
982.166 990.185 2 5
940.683 595.301 2 8
1 736.402 1 6
455.848 999 1 7
374.679 884.624 4 4
315.995 278.925 4 9
900 991.528 2 5
577.782 262.587 2 8
1 851.23 1 6
999 506.063 1 7
562.049 743.764 4 4
304.958 442.113 4 9
282.88 874.845 2 5
215.723 876.817 2 8
1 639.549 1 6
1 707.064 1 7
125.757 429.172 4 4
737.9 922.142 4 9
526.488 594.776 2 5
458.69 661.222 2 8
999 251.044 1 6
999 527.744 1 7
272 86.9783 4 4
345.548 524.242 4 9
278.653 135.443 2 5
321.753 186.208 2 8
858.926 1 1 6
852.784 1 1 7
322.054 713.905 4 4
581.118 969.897 4 9
845.232 396.219 2 5
727.539 283.363 2 8
1 607.549 1 6
999 588.23 1 7
864.355 43.8814 4 4
873.199 666.164 4 9
926 5.4641 2 5
887.778 247.766 2 8
666.534 1 1 6
999 327.044 1 7
142.14 206.408 4 4
778.745 972 4 9
790.072 100.352 2 5
648.745 580.599 2 8
830.642 1 1 6
1 285.338 1 7
192.496 278.216 8 3
747.154 452.528 8 10
573.875 796.698 4 4
987.549 814.136 4 9
62.4932 276.21 2 5
994.385 352.327 2 8
238.51 999 1 6
519.848 999 1 7
426.442 715.874 8 3
441.939 634.121 8 10
370.723 987.111 4 4
163.919 538.622 4 9
17.9457 869.018 2 5
738.343 606.912 2 8
1 724.034 1 6
1 417.019 1 7
514.2 115.613 8 3
168.002 751.414 8 10
988 531.744 4 4
244.12 899.874 4 9
893.297 813.014 2 5
5.61535 192.798 2 8
1 461.505 1 6
803.23 999 1 7
672.959 335.272 8 3
864.026 573.611 8 10
988 437.352 4 4
864.452 19.6293 4 9
649.853 972.495 2 5
477.461 903.104 2 8
1 501.549 1 6
314.485 1 1 7
110.578 155.287 8 3
822.552 401.512 8 10
454.342 195.551 4 4
293.847 664.12 4 9
873.228 373.478 2 5
660.831 270.662 2 8
999 199.848 1 6
338.024 999 1 7
453.839 477.765 8 3
350.035 745.681 8 10
720.902 588.758 4 4
229.354 354.375 4 9
616.824 603.733 2 5
798.297 65.9777 2 8
1 660.034 1 6
262 1 1 7
880.547 675.651 8 3
181.886 759.366 8 10
656.72 306.199 4 4
683.482 230.21 4 9
501.019 956.511 2 5
129.987 542.772 2 8
227.515 1 1 6
1 532.034 1 7
195.29 340.469 8 3
523.47 128.655 8 10
257.836 110.579 4 4
410.159 868.369 4 9
518.475 936.617 2 5
709.41 402.369 2 8
260.51 999 1 6
1 363.563 1 7
345.492 175.032 4 4
457.107 934.028 4 9
5.61535 212.221 2 5
4.08671 151.097 2 8
1 361.019 1 6
444.485 1 1 7
491.097 208.041 4 4
304.634 335.697 4 9
343.824 517.33 2 5
484.86 885.098 2 8
999 165.706 1 6
1 483.549 1 7
247.964 906.89 4 4
689.382 795.14 4 9
794.598 965.866 2 5
222.51 991.528 2 8
392.877 999 1 6
890.828 1 1 7
568.711 726.256 4 4
245.687 654.793 4 9
786.226 391.974 2 5
879.83 338.183 2 8
955.799 999 1 6
999 142.309 1 7
449.898 937.498 4 4
256.614 392.284 4 9
151.441 237.573 2 5
715.219 586.833 2 8
1 441.019 1 6
999 842.946 1 7
366.728 885.513 4 4
213.099 488.533 4 9
706.463 270.403 2 5
669.95 205.675 2 8
724.073 1 1 6
152 1 1 7
179.32 341.44 8 3
649.845 452.735 8 10
69.9762 146.567 4 4
140 131.596 4 9
5.61535 320.798 2 5
553.731 285.467 2 8
999 149.22 1 6
168.995 999 1 7
113.944 438.569 4 4
80.1224 456.857 4 9
492.768 151.549 2 5
14 46.6274 2 8
292.995 999 1 6
1 311.681 1 7
862.25 467.856 4 4
238.107 644.504 4 9
359.514 125.669 2 5
363.355 168.764 2 8
1 824.887 1 6
999 916.201 1 7
772.762 966.689 4 4
35.1158 458.9 4 9
367.265 469.993 2 5
899.402 541.37 2 8
1 247.681 1 6
1 787.23 1 7
936 410.531 4 4
732.831 292.419 4 9
289.287 660.221 2 5
862.745 220.331 2 8
1 667.549 1 6
999 463.034 1 7
597.823 12 4 4
486.99 635.982 4 9
691.081 787.667 2 5
633.83 132.318 2 8
999 787.426 1 6
206.024 999 1 7
983.97 353.122 4 4
519.799 140.079 4 9
171.014 267.62 2 5
8.47214 591.549 2 8
999 278.073 1 6
101.515 1 1 7
862.503 322.778 4 4
512.433 870.267 4 9
73.8393 993.786 2 5
767.529 20.5109 2 8
619.563 1 1 6
1 631.549 1 7
685.379 336.971 4 4
358.894 448.142 4 9
574.853 990.185 2 5
758.009 673.252 2 8
1 611.549 1 6
811.716 999 1 7
256.9 899.874 4 4
589.349 105.067 4 9
214.122 858.789 2 5
202.601 347.291 2 8
710.319 999 1 6
1 406.818 1 7
365.474 741.481 8 3
781.951 808.689 8 10
857.02 347.39 4 4
659.381 313.744 4 9
297.51 196.024 2 5
617.311 972.083 2 8
1 577.064 1 6
1 726.745 1 7
433.862 792.865 8 3
275.065 806.273 8 10
780.353 964.163 4 4
588.398 19.8506 4 9
978.784 534.803 2 5
654.644 891.947 2 8
999 504.063 1 6
1 705.064 1 7
518.647 104.468 4 4
501.642 245.746 4 9
967.554 849.994 2 5
990.655 57.3528 2 8
860.926 1 1 6
999 325.044 1 7
853.316 716.029 4 4
874.576 89.3773 4 9
289.19 374.684 2 5
993.786 235.18 2 8
664.534 1 1 6
836.299 1 1 7
337.499 174.688 4 4
134.914 202.974 4 9
749.583 62.9593 2 5
121.969 720.696 2 8
1 415.019 1 6
808.887 999 1 7
66.8694 946.848 4 4
743.509 652.89 4 9
721.643 434.617 2 5
436.056 718.626 2 8
316.485 1 1 6
336.024 999 1 7
980.149 427.927 4 4
124.321 12.4286 4 9
489.125 916.812 2 5
631.798 958.79 2 8
1 662.034 1 6
1 534.034 1 7
685.972 256.954 4 4
783.087 551.022 4 9
890.861 809.842 2 5
696.896 765.756 2 8
1 369.22 1 6
258.51 999 1 7
67.959 232.793 4 4
48.6795 138.607 4 9
806.861 950.87 2 5
705.965 924.997 2 8
446.485 1 1 6
1 157.338 1 7
334.674 133.166 4 4
312.277 237.918 4 9
524.371 598.169 2 5
991.528 339.529 2 8
999 140.309 1 6
953.799 999 1 7
304.947 852.751 4 4
66.2064 459.693 4 9
247.027 448.286 2 5
318.943 423.809 2 8
999 840.946 1 6
1 443.019 1 7
424.437 785.438 4 4
107.551 443.377 4 9
865.368 920.305 2 5
994 156.049 2 8
294.995 999 1 6
999 918.201 1 7
130.05 360.36 8 3
715.614 210.837 8 10
187.311 134.186 4 4
701.233 12.8889 4 9
102.277 130.506 2 5
452.191 647.513 2 8
999 465.034 1 6
1 665.549 1 7
933.379 619.024 8 3
303.113 596.381 8 10
981.309 71.8041 4 4
163.423 11.2307 4 9
188.428 685.882 2 5
657.336 319.385 2 8
204.024 999 1 6
999 789.426 1 7
579.261 947.368 4 4
767.529 48.4924 4 9
5.4641 276.51 2 5
981.245 537.956 2 8
99.5147 1 1 6
1 609.549 1 7
886.645 425.579 4 4
873.425 962.616 4 9
502.783 117.403 2 5
118.288 994.385 2 8
1 575.064 1 6
1 703.064 1 7
676.441 261.728 4 4
670.384 141.589 4 9
578.221 720.599 2 5
528.942 597.934 2 8
999 502.063 1 6
999 323.044 1 7
699.162 185.329 8 3
473.682 388.359 8 10
250.51 958.978 4 4
19.8506 740.171 4 9
987.031 852.688 2 5
857.545 86.6212 2 8
662.534 1 1 6
334.024 999 1 7
269.001 99.0533 4 4
103.556 333.708 4 9
132.822 448.148 2 5
581.725 975.867 2 8
318.485 1 1 6
1 536.034 1 7
492.064 625.689 4 4
814.413 980.371 4 9
705.588 8.47214 2 5
576.41 131.83 2 8
1 371.22 1 6
1 445.019 1 7
441.899 128.308 4 4
818.433 257.139 4 9
934.959 17.9457 2 5
372 8.47214 2 8
296.995 999 1 6
999 467.034 1 7
664.918 557.434 4 4
352.827 178.225 4 9
527.967 447.393 2 5
118.642 10.4947 2 8
999 791.426 1 6
97.5147 1 1 7
445.846 873.848 4 4
629.86 828.022 4 9
84.5109 936 2 5
137.712 994.385 2 8
1 701.064 1 6
1 573.064 1 7
785.796 194.698 4 4
382.392 940 4 9
945.111 368.897 2 5
836.538 32 2 8
999 321.044 1 6
332.024 999 1 7
42.3992 455.591 4 4
870.053 501.13 4 9
948.562 871.207 2 5
994 849.775 2 8
1 538.034 1 6
999 793.426 1 7
366.312 578.74 16 2
576.118 323.883 16 11
875.41 164.913 8 3
304.317 276.163 8 10
794.557 172.609 4 4
769.107 255.773 4 9
5.61535 879.77 2 5
351.821 291.381 2 8
999 795.426 1 6
993 976.686 1 7
141.576 263.387 8 3
803.022 429.381 8 10
430.456 637.606 4 4
696.682 173.588 4 9
5.4641 796.059 2 5
831.313 982.214 2 8
999 797.426 1 6
423.759 411.171 1 7
684.551 238.139 4 4
104.486 610.183 4 9
400 80.1245 2 5
477.171 188.741 2 8
999 799.426 1 6
995.764 621.058 1 7
35.2587 119.86 4 4
972.953 677.013 4 9
998 802.254 2 5
620.576 602.346 2 8
604.534 3 1 6
521.583 401.767 1 7
983.056 724.313 4 4
458.276 256.831 4 9
998 806.254 2 5
585.876 813.667 2 8
3 113.456 1 6
842.83 743.608 1 7
595.739 319.706 4 4
996 811.911 4 9
926.889 368.897 2 5
974.166 360.603 2 8
997.268 682.886 1 6
3 30.1421 1 7
808.587 463.106 8 3
198.534 324.801 8 10
996 819.911 4 4
11.2307 510.972 4 9
151.579 557.404 2 5
989.74 855.631 2 8
4.23607 756.059 1 6
438.763 983.171 1 7
765.176 964.148 4 4
536.3 574.045 4 9
265.15 103.655 2 5
126.56 116.454 2 8
999 823.911 1 6
999 815.911 1 7
180.602 128.106 4 4
130.915 671.449 4 9
298.852 334.095 2 5
634.189 961.997 2 8
999 825.911 1 6
808.147 696.182 1 7
166.848 475.692 4 4
441.452 944.848 4 9
172.334 236.619 2 5
123.11 319.029 2 8
999 827.911 1 6
694.983 719.159 1 7
163.958 345.915 8 3
396.715 469.746 8 10
291.423 11.2307 4 4
620.968 162.853 4 9
726.512 586.628 2 5
497.249 456.627 2 8
999 829.911 1 6
416.995 15.6018 1 7
208.441 296.153 16 2
222.616 825.382 16 11
291.064 806.425 8 3
673.416 391.69 8 10
571.354 946.152 4 4
508.254 241.242 4 9
297.886 442.973 2 5
429.682 880.596 2 8
992.746 7.79622 1 6
451.019 995.764 1 7
421.064 700.805 8 3
329.43 557.317 8 10
338.908 750.176 4 4
565.795 130.185 4 9
993.786 190.859 2 5
534.485 926.439 2 8
750.857 201.823 1 6
4.23607 856.059 1 7
373.306 543.138 8 3
440.407 367.98 8 10
812.908 166.665 4 4
220.073 845.22 4 9
535.565 568.09 2 5
278.51 991.528 2 8
574.793 262.841 1 6
897.03 991.107 1 7
156.155 749.504 4 4
366.096 729.498 4 9
176.644 123.596 2 5
891.765 247.448 2 8
908.917 995.093 1 6
27 2.73205 1 7
813.979 914.534 4 4
658.554 991.969 4 9
762.846 52.2432 2 5
358.039 175.253 2 8
415.298 309.755 1 6
913.485 997.268 1 7
597.01 964.275 4 4
886.682 433.579 4 9
784.942 500.329 2 5
734.41 607.64 2 8
4.23607 988.343 1 6
285.692 875.89 1 7
397.919 35.8914 4 4
57.3702 128.124 4 9
994.536 553.058 2 5
316.773 220.431 2 8
63.1947 790.081 1 6
3 4.82843 1 7
139.051 139.539 4 4
757.202 964.784 4 9
866.283 669.412 2 5
294.942 815.642 2 8
995.764 965.029 1 6
275.694 135.937 1 7
112.492 936 4 4
491.504 713.736 4 9
110.301 450.349 2 5
765.803 260.781 2 8
995.764 593.058 1 6
923.064 4.85008 1 7
866.21 287.191 4 4
397.43 457.767 4 9
299.13 338.085 2 5
818.649 164.92 2 8
830.642 3 1 6
791.075 103.179 1 7
700.69 105.067 4 4
124.24 421.317 4 9
125.332 315.703 2 5
362.472 724.716 2 8
515.019 995.764 1 6
239.51 997.268 1 7
90.2054 491.526 4 4
452.778 927.301 4 9
968.377 786.955 2 5
968.503 846.108 2 8
60.4973 278.449 1 6
741.881 445.235 1 7
104.309 752.806 4 4
567.214 814.206 4 9
864.714 398.684 2 5
456.849 873.588 2 8
374.332 992.204 1 6
491 2.73205 1 7
438.36 808.22 8 3
666.326 377.347 8 10
186.762 332.027 4 4
49.9959 125.023 4 9
272 47.8755 2 5
329.869 458.094 2 8
4.23607 188.51 1 6
901.056 825.413 1 7
867.04 297.496 4 4
772.954 60.3649 4 9
970 65.9411 2 5
571.296 132.582 2 8
857.858 997 1 6
997.192 526.889 1 7
54.2496 460.165 4 4
209.403 319.714 4 9
495.069 203.544 2 5
196.219 854.577 2 8
2.73205 502.549 1 6
860.475 40.7277 1 7
139.528 988.666 4 4
499.428 712.639 4 9
684.068 799.469 2 5
686.598 719.562 2 8
883.144 997.192 1 6
663.886 338.796 1 7
301.223 845.671 4 4
628.753 208.892 4 9
361.216 172.823 2 5
681.51 274.065 2 8
831.498 400.524 1 6
260.856 2.80767 1 7
263.795 794.915 8 3
859.24 109.848 8 10
366.953 553.318 4 4
727.587 211.639 4 9
775.11 560.205 2 5
792.262 523.738 2 8
798.323 68.9775 1 6
614.139 619.921 1 7
61.1306 880.907 4 4
589.766 967.67 4 9
54.8889 748.917 2 5
940.683 373.795 2 8
231.515 3 1 6
128.657 545.462 1 7
777.249 878.378 4 4
940 190.392 4 9
688.747 958.588 2 5
784.169 969.435 2 8
122.553 521.891 1 6
995.764 657.058 1 7
569.757 478.357 4 4
478.734 844.427 4 9
437.145 408.955 2 5
809.868 687.355 2 8
177.735 751.38 1 6
551.019 995.764 1 7
218.659 317.226 4 4
425.111 689.508 4 9
494.16 195.623 2 5
782.671 144.213 2 8
997.268 95.5097 1 6
711.946 400.767 1 7
331.155 752.149 4 4
735.243 453.991 4 9
714.45 129.476 2 5
588.451 30 2 8
753.529 4.23607 1 6
440.485 3 1 7
987.111 66.2959 4 4
148.184 748.826 4 9
574.628 951.18 2 5
281.435 878.575 2 8
2.80767 361.875 1 6
389 2.73205 1 7
25.3269 473.857 4 4
516.351 147.298 4 9
849.395 68.7542 2 5
873.685 95.3107 2 8
2.80767 480.405 1 6
991.036 170.304 1 7
804.256 179.675 8 3
377.936 731.448 8 10
932.91 631.015 4 4
841.892 501.009 4 9
171.202 230.723 2 5
990.485 975.05 2 8
885.172 3 1 6
225.48 991.107 1 7
369.821 896.444 4 4
991.827 523.373 4 9
715.105 987.874 2 5
14 62.6274 2 8
557.689 741.316 1 6
283 2.73205 1 7
697.197 144.739 4 4
666.416 325.212 4 9
836.212 677.061 2 5
692.406 728.801 2 8
995.764 11.6569 1 6
536.51 4.23607 1 7
658.489 135.429 8 3
283.196 792.493 8 10
354.408 429.524 4 4
427.238 681.796 4 9
258.094 317.373 2 5
318.12 313.196 2 8
243.643 136.127 1 6
155 2.73205 1 7
228.658 571.707 8 3
295.959 289.806 8 10
745.104 918.664 4 4
648.254 906.152 4 9
483.77 937.366 2 5
430.805 945.839 2 8
717.245 4.23607 1 6
163.995 997.268 1 7
463.231 382.46 4 4
992.156 444.368 4 9
966.611 827.347 2 5
895.433 809.632 2 8
560.328 276.821 1 6
16.7644 328.464 1 7
406.484 729.203 16 2
849.489 131.778 16 11
514.113 858.385 8 3
873.793 606.713 8 10
302.789 236.475 4 4
302.605 343.436 4 9
51.9493 130.696 2 5
168.539 233.707 2 8
624.281 470.322 1 6
4.23607 316.51 1 7
386.845 591.165 8 3
658.072 362.988 8 10
131.955 686.03 4 4
129.928 372.359 4 9
869.946 302.746 2 5
187.858 751.345 2 8
181 2.73205 1 6
83.4493 460.59 1 7
389.087 540.498 8 3
316.539 751.906 8 10
433.873 378.046 4 4
266.029 439.352 4 9
718.113 127.868 2 5
784.194 418.05 2 8
361.456 3 1 6
4.23607 820.059 1 7
299.862 360.207 4 4
297.836 120.28 4 9
58.3096 256.046 2 5
649.889 130.327 2 8
965.029 995.764 1 6
781.529 4.23607 1 7
343.494 485.269 4 4
612.735 694.574 4 9
132.207 883.364 2 5
695.376 795.397 2 8
995.764 767.283 1 6
423.019 995.764 1 7
402.571 531.885 8 3
380.395 747.258 8 10
194.922 131.722 4 4
830.161 126.64 4 9
860.659 328.488 2 5
902.487 830.239 2 8
864.401 217.83 1 6
288.8 657.261 1 7
932 190.392 4 4
556.315 472.614 4 9
871.792 616.511 2 5
874 507.176 2 8
732.311 286.733 1 6
213.593 995.093 1 7
90.4702 746.186 4 4
433.378 392.593 4 9
970 360.098 2 5
587.981 26.0277 2 8
995.093 779.857 1 6
572.51 4.23607 1 7
427.716 291.154 4 4
520.575 516.714 4 9
990.185 880.911 2 5
741.206 379.797 2 8
950 4.23607 1 6
997 278.073 1 7
528.378 383.709 4 4
819.028 412.982 4 9
777.241 5.61535 2 5
457.318 468.39 2 8
504.485 3 1 6
2.73205 630.549 1 7
863.077 154.719 8 3
428.269 625.807 8 10
213.814 526.238 4 4
903.029 876.528 4 9
276.057 91.6188 2 5
990.008 343.229 2 8
619.563 3 1 6
426.79 758.552 1 7
538.017 64 4 4
509.49 153.054 4 9
563.169 749.659 2 5
615.97 667.4 2 8
743.984 675.25 1 6
572.995 987.83 1 7
866.964 596.846 4 4
833.99 498.951 4 9
274.432 167.219 2 5
179.346 148.966 2 8
712.319 997 1 6
216.133 861.016 1 7
434.499 125.267 4 4
140.93 885.537 4 9
373.79 890.558 2 5
140.015 36.5365 2 8
2.80767 725.889 1 6
856.923 342.391 1 7
212.502 842.636 4 4
690.882 233.249 4 9
762.916 151.565 2 5
945.712 5.61535 2 8
876.088 372.573 1 6
781.488 817.677 1 7
744.794 584.902 4 4
811.224 391.392 4 9
772.212 52.2432 2 5
757.817 5.61535 2 8
997 705.484 1 6
53 2.73205 1 7
809.019 197.31 4 4
62.0285 145.653 4 9
232.677 360.677 2 5
655.346 906.459 2 8
997 910.544 1 6
997 508.063 1 7
646.73 366.908 4 4
865.649 119.994 4 9
823.509 739.302 2 5
739.442 668.19 2 8
2.80767 136.399 1 6
859.926 2.73205 1 7
438.72 482.999 8 3
401.116 598.401 8 10
131.681 562.127 4 4
869.239 584.42 4 9
64 309.999 2 5
601.515 145.784 2 8
668.534 3 1 6
983.236 242.973 1 7
422.758 481.889 8 3
118.993 265.778 8 10
64.8835 155.858 4 4
260.202 433.87 4 9
728.822 287.955 2 5
517.84 867.665 2 8
848.57 714.455 1 6
329.799 194.894 1 7
496.049 701.792 4 4
513.29 383.286 4 9
895.067 249.706 2 5
60.1781 459.241 2 8
808.887 997 1 6
2.73205 416.019 1 7
793.754 193.876 4 4
226.946 288.565 4 9
102.242 629.758 2 5
684.269 251.2 2 8
119.011 721.197 1 6
137.239 207.401 1 7
528.978 528.676 4 4
817.948 130.13 4 9
262.313 106.584 2 5
182.574 276.963 2 8
337.115 169.702 1 6
312.485 3 1 7
95.7985 752.153 4 4
818.745 388.664 4 9
750.107 580.573 2 5
638.835 694.484 2 8
724.62 434.989 1 6
71.5101 944.987 1 7
529.015 917.629 4 4
894.727 178.234 4 9
871.087 566.53 2 5
869.299 619.639 2 8
133 2.73205 1 6
4.90733 656.466 1 7
694.69 152.336 4 4
122.379 153.109 4 9
683.578 716.938 2 5
773.37 97.9961 2 8
492.125 916.866 1 6
11.6569 995.764 1 7
229.426 552.926 4 4
551.585 592.808 4 9
121.095 355.911 2 5
402.211 461.391 2 8
983.236 423.993 1 6
261.654 997.192 1 7
359.888 435.352 4 4
451.475 918.587 4 9
433.624 674.553 2 5
494.852 708.758 2 8
803.865 951.023 1 6
54.8675 197.127 1 7
300.542 244.153 4 4
871.161 464.057 4 9
371.213 981.131 2 5
158.652 754.96 2 8
783.745 997.268 1 6
336.029 137.979 1 7
237.758 655.86 4 4
208.058 482.32 4 9
121.142 926.889 2 5
126.959 982.054 2 8
290.995 997 1 6
992.204 158.452 1 7
661.853 388.482 4 4
490.838 177.05 4 9
370.768 749.965 2 5
126.007 112.493 2 8
997 149.22 1 6
864.313 923.114 1 7
249.989 295.423 4 4
713.273 791.285 4 9
249.964 901.233 2 5
834.912 504.88 2 8
2.73205 661.034 1 6
751.946 997.268 1 7
515.601 893.818 4 4
511.196 12 4 9
679.673 120.17 2 5
760.73 174.126 2 8
997 461.034 1 6
454.228 649.716 1 7
146.081 92.1086 4 4
818.923 517.326 4 9
987.52 59.838 2 5
564.925 753.252 2 8
683.211 2.42213 1 6
209.024 997.268 1 7
980.015 716.913 4 4
318.202 561.552 4 9
735.762 204.566 2 5
15.7739 735.769 2 8
189.573 683.109 1 6
308.958 603.225 1 7
159.584 472.341 4 4
240.033 567.887 4 9
587.179 973.084 2 5
580.333 991.528 2 8
2.80767 608.405 1 6
103.515 3 1 7
763.02 450.464 8 3
66.6214 858.093 8 10
870.066 104.672 4 4
528.541 515.972 4 9
640.756 456.905 2 5
848.231 286.714 2 8
981.778 535.003 1 6
4.85008 279.446 1 7
837.533 380.779 4 4
437.472 385.719 4 9
994 257.872 2 5
863.297 583.585 2 8
3 707.064 1 6
487.019 995.764 1 7
792.409 802.805 4 4
235.261 558.398 4 9
734.345 677.839 2 5
835.53 681.003 2 8
3 579.064 1 6
114 995.764 1 7
560.551 311.326 4 4
315.574 589.341 4 9
9.99249 595.249 2 5
635.884 295.551 2 8
515.474 124.523 1 6
995.093 330.612 1 7
544.157 933.766 4 4
675.381 708.39 4 9
640.227 205.99 2 5
429.83 673.286 2 8
995.764 412.039 1 6
4.85008 921.122 1 7
98.3618 759.731 4 4
556.936 485.379 4 9
810.697 975.66 2 5
303.799 296.013 2 8
338.024 997 1 6
8.42716 943.049 1 7
254.351 288.717 4 4
380.577 11.2307 4 9
143.271 509.627 2 5
256.556 424.347 2 8
487.96 496.884 1 6
3 532.034 1 7
811.225 420.622 4 4
449.205 488.834 4 9
783.588 496.565 2 5
737.411 381.061 2 8
133.671 445.271 1 6
351.51 997.268 1 7
651.754 440.888 4 4
910.242 873.067 4 9
654.958 826.054 2 5
54.7703 133.531 2 8
2.80767 441.875 1 6
609.686 127.754 1 7
137.497 369.77 4 4
851.077 154.673 4 9
594.704 325.617 2 5
532.349 6.2143 2 8
663.14 576.012 1 6
997 787.426 1 7
794.973 454.701 8 3
271.543 588.651 8 10
623.16 936.367 4 4
646.093 842.486 4 9
970 427.98 2 5
994.385 416.327 2 8
116 7 1 6
997.268 326.044 1 7
457.193 489.287 4 4
67.09 846.102 4 9
128.884 289.871 2 5
167.296 269.096 2 8
50 995.764 1 6
40.8901 450.824 1 7
61.1912 941.213 4 4
242.812 291.887 4 9
185.146 729.623 2 5
827.185 12.2222 2 8
349.63 293.431 1 6
16.8294 871.803 1 7
16.9443 94.6274 4 4
813.888 523.543 4 9
400 47.8755 2 5
982.054 182.06 2 8
829.313 979.978 1 6
4.85008 793.122 1 7
983.97 253.936 4 4
451.656 372.158 4 9
427.483 393.705 2 5
473.277 841.932 2 8
700.765 176.473 1 6
455.22 200.473 1 7
850.164 748.811 2 5
700.226 772.422 2 8
522.108 403.696 1 6
600.823 8 1 7
858.638 710.056 4 4
239.123 125.396 4 9
318.347 718.623 2 5
507.059 915.266 2 8
975.538 672.734 1 6
4.55556 112.199 1 7
517.399 873.635 2 5
737.007 610.682 2 8
4.55556 28.8851 1 6
995.037 679.53 1 7
619.052 350.491 4 4
784.415 891.12 4 9
202.439 480.216 2 5
784.061 79.1168 2 8
995.764 804.254 1 6
4.99624 754.209 1 7
442.822 754.376 2 5
236.427 332.453 2 8
990.03 852.645 1 6
154.216 555.975 1 7
310.521 570.771 8 3
431.987 838.749 8 10
480.885 630.812 4 4
122.633 223.747 4 9
846.583 65.9099 2 5
229.284 558.924 2 8
993 867.431 1 6
993 815.911 1 7
843.102 154.043 4 4
406.072 419.98 4 9
5.4641 256.51 2 5
726.604 590.627 2 8
631.403 963.111 1 6
411 2.73205 1 7
102.779 452.588 4 4
322.766 220.727 4 9
750.436 132.643 2 5
621.177 169.974 2 8
418.903 16.2035 1 6
997.268 824.911 1 7
563.644 944.016 4 4
48.4924 806.059 4 9
658.598 568.951 2 5
953.946 608.099 2 8
449.169 995.004 1 6
507.309 236.332 1 7
527.015 911.972 2 5
853.296 662.78 2 8
4.99624 857.909 1 6
995.764 195.019 1 7
814.907 427.725 4 4
446.53 378.3 4 9
701.588 30 2 5
370.196 725.117 2 8
897.954 989.334 1 6
573.073 263.861 1 7
989.907 352.26 2 5
238.76 329.204 2 8
275.539 991.107 1 6
179.618 123.204 1 7
443.208 494.129 4 4
669.026 358.089 4 9
822.319 57.2315 2 5
878.497 84.8351 2 8
650.021 985.047 1 6
4.99624 990.193 1 7
470.808 486.439 4 4
556.885 295.808 4 9
426.236 168.221 2 5
377.052 593.186 2 8
62.22 788.335 1 6
995.15 555.994 1 7
319.901 567.306 2 5
843.893 285.639 2 8
154.726 138.782 1 6
995.004 966.879 1 7
764.101 815.588 4 4
234.918 289.223 4 9
329.492 225.196 2 5
332.278 203.752 2 8
878.132 666.981 1 6
760.951 961.475 1 7
301.499 351.359 4 4
932 552.431 4 9
730.493 586.245 2 5
557.991 595.245 2 8
995.004 594.908 1 6
108.944 438.575 1 7
251.912 796.584 4 4
723.898 329.058 4 9
541.141 928.579 2 5
453.845 876.228 2 8
792.629 101.92 1 6
817.779 167.791 1 7
888.237 806.823 2 5
254.495 963.463 2 8
513.169 995.004 1 6
348.089 736.894 1 7
241.676 606.961 4 4
852.364 570.784 4 9
690.36 965.717 2 5
241.126 650.894 2 8
126.081 318.608 1 6
63.7887 273.504 1 7
298.529 571.215 4 4
893.591 429.547 4 9
422.291 168.881 2 5
840.12 495.277 2 8
970.525 789.05 1 6
452.201 933.06 1 7
60.3169 933.26 4 4
674.923 347.11 4 9
72.1879 459.223 2 5
331.701 547.578 2 8
572.098 815.276 1 6
437.479 784.624 1 7
29.1316 469.218 2 5
853.821 722.007 2 8
308.108 438.23 1 6
33.276 124.45 1 7
455.8 379.499 4 4
756.225 807.628 4 9
697.668 702.971 2 5
724.162 593.795 2 8
191.759 332.19 1 6
172.792 347.636 1 7
426.836 670.634 2 5
163.344 269.714 2 8
859.115 995.444 1 6
777.641 58.6244 1 7
396.858 94.3356 4 4
771.658 891.885 4 9
828.454 8.42881 2 5
299.127 851.294 2 8
750.7 65.7439 1 6
193.427 855.674 1 7
336.135 755.496 2 5
870.03 214.444 2 8
140.593 993.551 1 6
680.931 271.121 1 7
859.257 916.755 4 4
414.03 473.654 4 9
487.241 480.374 2 5
461.051 484.693 2 8
360.986 175.814 1 6
359.508 159.401 1 7
854.43 149.697 2 5
857.397 353.378 2 8
717.624 202.064 1 6
235.083 4.90733 1 7
532.279 376.724 4 4
301.472 578.653 4 9
489.199 249.095 2 5
92.701 467.978 2 8
995.004 658.908 1 6
120.554 521.933 1 7
499.937 224.236 2 5
573.466 722.597 2 8
791.616 966.201 1 6
552.869 995.004 1 7
411.601 518.677 8 3
289.481 579.097 8 10
940 235.647 4 4
665.607 400.801 4 9
990.185 758.147 2 5
730.643 679.356 2 8
806.904 686.89 1 6
713.766 399.936 1 7
651.956 496.075 8 3
400.247 582.424 8 10
118.193 431.776 4 4
565.258 951.98 4 9
225.261 557.245 2 5
248.421 289.631 2 8
997.192 85.6539 1 6
494.908 198.529 1 7
932 607.103 4 4
281.995 594.547 4 9
964.906 823.729 2 5
577.212 305.916 2 8
436.917 4.90733 1 6
733.178 449.437 1 7
65.7787 238.382 2 5
422.875 776.492 2 8
4.80612 361.954 1 6
284.243 877.518 1 7
128.626 198.03 4 4
932 235.647 4 9
506.49 384.494 2 5
937.285 371.685 2 8
583.874 945.439 1 6
15.6018 508.545 1 7
534.266 68.6831 2 5
936 563.569 2 8
224.556 989.334 1 6
983.408 982.664 1 7
520.915 380.828 4 4
724.702 337.018 4 9
422.034 317.119 2 5
826.318 57.2862 2 8
799.522 172.02 1 6
288.995 15.6018 1 7
750.7 805.288 2 5
328.862 463.163 2 8
15.2826 49.3394 1 6
992 528.744 1 7
779.101 456.721 8 3
233.044 803.766 8 10
794.083 437.386 4 4
699.817 237.437 4 9
433.722 131.217 2 5
888.192 536.257 2 8
995.004 9.80695 1 6
689.713 727.478 1 7
983.796 757.495 4 4
607.187 248.767 4 9
314.26 704.567 2 5
821.456 262.322 2 8
654.742 324.16 1 6
321.051 312.556 1 7
70.8827 155.76 2 5
94.6469 497.096 2 8
423.283 684.854 1 6
282.681 801.478 1 7
771.24 441.722 4 4
940 552.431 4 9
328.399 600.176 2 5
41.0733 121.34 2 8
673.436 145.55 1 6
159.427 995.093 1 7
983.146 711.665 2 5
768.814 54.3532 2 8
715.395 4.99624 1 6
313.209 274.773 1 7
874.942 152.922 4 4
801.101 441.226 4 9
122.731 217.748 2 5
631.644 693.645 2 8
996.942 445.816 1 6
165.683 234.626 1 7
250.79 964.972 2 5
522.046 109.413 2 8
296.761 336.245 1 6
475.491 869.127 1 7
516.224 18.2222 4 4
116.551 228.945 4 9
128.109 666.145 2 5
788.335 553.93 2 8
422.685 724.052 1 6
189.131 748.629 1 7
824.917 517.069 2 5
120.007 158.62 2 8
870.205 305.735 1 6
715.383 126.624 1 7
75.8019 874.2 4 4
931.568 598.21 4 9
273.963 796.333 2 5
19.3269 473.859 2 8
366.011 548.407 1 6
291.213 376.899 1 7
69.7194 879.397 4 4
785.908 446.838 4 9
877.249 905.929 2 5
641.077 839.194 2 8
966.879 995.004 1 6
647.054 129.344 1 7
68.2604 871.531 4 4
346.394 182.981 4 9
422.922 306.242 2 5
694.206 791.573 2 8
424.869 995.004 1 6
995.004 765.434 1 7
55.1523 810.491 4 4
612.795 243.061 4 9
872.565 99.1508 2 5
813.192 414.954 2 8
130.798 886.89 1 6
287.047 658.225 1 7
715.541 991.85 2 5
743.094 592.376 2 8
901.073 827.593 1 6
858.798 326.136 1 7
288.323 275.746 8 3
172.795 546.697 8 10
770.572 472.991 4 4
813.307 435.563 4 9
750.997 126.278 2 5
762.205 170.408 2 8
873.434 323.89 1 6
574.36 4.99624 1 7
140.559 746.404 4 4
452.554 639.717 4 9
826.586 741.857 2 5
363.397 444.177 2 8
995.274 781.849 1 6
590.437 27.7512 1 7
636.718 204.07 2 5
788.085 437.566 2 8
424.793 758.447 1 6
504.598 152.019 1 7
618.994 993.768 4 4
906.893 862.43 4 9
439.455 358.026 2 5
470.249 398.509 2 8
520.782 144.982 1 6
217.086 859.258 1 7
575.735 477.843 2 5
523.725 118.658 2 8
180.155 151.855 1 6
185.478 138.838 1 7
184.471 543.928 4 4
981.778 172.793 4 9
36.5365 623.535 2 5
661.191 562.137 2 8
265.799 160.382 1 6
856.719 340.401 1 7
145.759 129.914 2 5
30 332.451 2 8
8.553 717.616 1 6
371.57 888.54 1 7
348.768 569.138 4 4
183.617 551.882 4 9
360.951 287.854 2 5
254.237 318.433 2 8
876.022 374.572 1 6
935.092 20.9427 1 7
31.4295 465.944 2 5
796.834 188.726 2 8
215.319 846.768 1 6
995.444 706.741 1 7
218.381 474.902 4 4
655.848 383.196 4 9
695.832 773.131 2 5
646.237 853.551 2 8
995.093 511.631 1 6
995.444 909.287 1 7
359.329 749.371 2 5
120.519 426.246 2 8
655.907 903.511 1 6
862.062 15.2376 1 7
118.388 164.398 4 4
206.549 837.292 4 9
17.7857 88.6867 2 5
143.719 35.0283 2 8
866.255 601.795 1 6
129.767 557.508 1 7
260.051 439.868 2 5
661.336 319.417 2 8
65.6597 149.09 1 6
121.49 274.425 1 7
182.95 688.329 4 4
297.408 251.514 4 9
147.007 511.055 2 5
17.9457 201.469 2 8
807.63 995.444 1 6
895.193 252.703 1 7
386.864 936 2 5
554.683 290.226 2 8
138.02 209.242 1 6
117.02 721.383 1 7
848.654 364.255 4 4
420.529 747.818 4 9
426.036 674.553 2 5
789.531 441.295 2 8
99.541 610.92 1 6
308.917 4.90733 1 7
33.9898 492.156 2 5
912.456 814.602 2 8
339.644 163.424 1 6
179.734 275.998 1 7
83.6727 166.706 4 4
453.712 631.801 4 9
686.009 262.954 2 5
125.724 415.503 2 8
259.408 105.833 1 6
280.479 101.016 1 7
738.214 377.142 2 5
651.037 577.32 2 8
816.276 134.843 1 6
116.039 739.516 1 7
410.793 480.97 4 4
645.498 995.973 4 9
265.638 384.628 2 5
299.701 871.683 2 8
816.007 392.848 1 6
868.797 616.681 1 7
883.668 438.767 2 5
525.188 908.414 2 8
891.323 181.896 1 6
9.80695 995.004 1 7
446.138 822.203 8 3
108.558 237.895 8 10
764.219 807.309 4 4
138.305 351.651 4 9
772.475 94.0977 2 5
792.446 105.848 2 8
683.621 719.938 1 6
402.39 458.397 1 7
461.171 376.825 2 5
222.707 560.324 2 8
53.159 196.088 1 6
491.852 708.748 1 7
155.723 354.643 4 4
777.953 435.356 4 9
529.368 54.8889 2 5
892.162 536.751 2 8
454.9 914.945 1 6
431.246 927.28 1 7
141.757 362.998 4 4
440.162 896.192 4 9
80.7582 161.461 2 5
146.392 883.052 2 8
342.2 434.187 1 6
307.504 234.81 1 7
131.428 380.217 4 4
508.848 249.22 4 9
6 469.892 2 5
986.476 882.409 2 8
773.889 997.192 1 6
155.69 754.483 1 7
308.443 765.707 8 3
429.777 496.267 8 10
485.667 387.769 4 4
396.83 449.79 4 9
697.768 24.332 2 5
619.421 606.775 2 8
373.563 982.996 1 6
867.273 467.201 1 7
435.513 945.7 2 5
715.286 68.6831 2 8
991.232 160.2 1 6
287.427 995.093 1 7
521.755 903.493 4 4
123.584 191.818 4 9
16.6553 43.6359 2 5
978.13 354.501 2 8
995.444 150.477 1 6
748.59 995.037 1 7
293.431 258.455 4 4
340.539 561.854 4 9
65.9828 775.139 2 5
6 343.362 2 8
248.906 898.426 1 6
498.066 8.553 1 7
877.245 9.81467 2 5
494.585 459.611 2 8
682.154 4.11972 1 6
566.056 750.473 1 7
859.024 702.065 4 4
149.191 359.262 4 9
78.3635 158.257 2 5
989.907 254.798 2 8
990.477 60.3475 1 6
8 727.745 1 7
65.6117 816.374 8 3
413.436 608.609 8 10
871.176 145.864 4 4
654.273 391.04 4 9
104.697 626.599 2 5
149.672 129.083 2 8
16.7644 744.105 1 6
15.6018 636.545 1 7
8.84951 599.082 2 5
467.812 254.682 2 8
564.716 983.005 1 6
574.888 987.186 1 7
693.921 160.299 4 4
799.862 118.046 4 9
199.83 680.64 2 5
423.581 844.166 2 8
584.038 973.956 1 6
981.239 533.077 1 7
315.122 742.007 2 5
159.354 269.444 2 8
864.745 291.972 1 6
860.817 118.709 1 7
19.985 102.027 4 4
374.764 555.049 4 9
912.218 865.194 2 5
982.556 751.624 2 8
488.869 995.004 1 6
840.396 384.878 1 7
819.228 776.719 8 3
414.731 502.986 8 10
381.926 551.486 4 4
924.814 610.619 4 9
302.428 217.808 2 5
683.66 247.247 2 8
783.484 817.558 1 6
4.90733 582.632 1 7
669.011 282.122 2 5
137.082 449.501 2 8
833.667 678.651 1 6
736.857 669.711 1 7
456.478 828.292 4 4
654.5 375.311 4 9
532.198 523.613 2 5
663.798 551.539 2 8
10.402 942.732 1 6
810.997 963.317 1 7
613.924 678.346 2 5
631.129 129.368 2 8
4.90733 528.466 1 6
489.44 498.229 1 7
820.584 463.376 4 4
703.404 230.287 4 9
93.3152 870.106 2 5
420.081 741.835 2 8
374.97 8.89283 1 6
341.593 995.093 1 7
150.51 991.528 2 5
400.564 101.559 2 8
786.369 497.691 1 6
578.613 133.867 1 7
393.151 442.685 4 4
430.531 826.838 4 9
718.469 399.99 2 5
772.591 447.567 2 8
57.7406 133.11 1 6
647.815 443.967 1 7
53.8674 937.994 4 4
296.553 267.013 4 9
438.965 902.071 2 5
587.384 809.962 2 8
114.504 8.32767 1 6
42.879 450.614 1 7
448.463 879.247 2 5
153.305 127.408 2 8
78.0694 995.704 1 6
827.792 978.68 1 7
503.778 852.286 4 4
450.353 833.438 4 9
97.2062 740.587 2 5
54.3001 804.552 2 8
454.639 202.387 1 6
475.831 840.356 1 7
284.281 287.045 4 4
99.8466 160.656 4 9
526.424 378.036 2 5
591.491 961.923 2 8
435.07 397.298 1 6
523.73 404.867 1 7
152.249 268.872 4 4
92.2764 163.243 4 9
328.522 129.575 2 5
303.654 621.456 2 8
851.809 746.303 1 6
973.654 672.063 1 7
67.9999 838.154 4 4
687.343 190.573 4 9
217.595 530.897 2 5
172 8.47214 2 8
484.158 934.392 1 6
317.416 715.771 1 7
642.505 492.809 2 5
244 8.47214 2 8
234.168 126.062 1 6
995.992 681.287 1 7
870.109 17.6293 2 5
623.454 825.585 2 8
518.982 876.183 1 6
4.42475 752.292 1 7
601.435 140.617 2 5
255.711 428.257 2 8
995.004 802.404 1 6
782.594 76.5001 1 7
815.021 553.074 4 4
434.433 819.559 4 9
859.447 582.501 2 5
528.301 522.714 2 8
621.176 345.964 1 6
992.204 852.177 1 7
482.093 382.95 2 5
570.149 801.401 2 8
222.394 320.55 1 6
849.187 64.42 1 7
828.486 464.628 4 4
252.577 11.2307 4 9
902 246.96 2 5
304.267 625.409 2 8
629.935 961.141 1 6
4.85008 253.573 1 7
822.749 266.107 2 5
504.214 949.937 2 8
991.672 817.407 1 6
417.428 17.5544 1 7
68 321.137 4 4
386.307 579.177 4 9
926.172 600.834 2 5
463.451 480.526 2 8
318.315 223.005 1 6
447.253 995.575 1 7
982.214 730.254 2 5
818.208 922.111 2 8
4.42475 859.825 1 6
855.378 664.94 1 7
143.966 136.098 2 5
742.785 214.613 2 8
367.236 724.629 1 6
375.091 739.986 1 7
700.86 21.794 2 5
640.753 366.393 2 8
276.464 989.334 1 6
235.777 329.524 1 7
489.802 848.975 4 4
932 54.6274 4 9
713.176 65.2849 2 5
587.495 962.116 2 8
995.093 348.446 1 6
6.21822 988.61 1 7
74.5226 849.061 4 4
421.937 512.581 4 9
868.086 114.511 2 5
202.449 279.18 2 8
879.296 87.7266 1 6
61.1949 790.052 1 7
440.109 912.043 4 4
756.241 460.366 4 9
789.028 521.383 2 5
346.536 561.667 2 8
991.034 972.101 1 6
321.821 565.001 1 7
199.044 478.101 2 5
707.817 204.575 2 8
762.336 960.033 1 6
335.108 202.755 1 7
655.007 507.681 4 4
67.132 830.201 4 9
940.683 414.282 2 5
54.4462 932.022 2 8
106.951 438.413 1 6
995.575 596.825 1 7
873.667 15.8018 2 5
634.375 299.255 2 8
299.081 346.982 1 6
816.948 169.611 1 7
593.721 329.494 2 5
431.583 386.868 2 8
538.317 927.567 1 6
511.253 995.575 1 7
320.206 763.332 4 4
265.851 578.087 4 9
994.385 371.75 2 5
299.504 855.276 2 8
891.236 806.865 1 6
64.8867 271.832 1 7
805.129 120.921 2 5
89.3771 168.566 2 8
127.74 317.492 1 6
244.014 650.081 1 7
80.6252 854.326 4 4
798.468 797.581 4 9
991.528 267.529 2 5
740.35 589.465 2 8
695.095 936.343 1 6
450.278 932.512 1 7
679.965 268.281 2 5
74.8548 156.231 2 8
846.889 501.197 1 6
837.121 502.85 1 7
807.88 438.122 2 5
106.297 615.903 2 8
891.606 424.958 1 6
439.21 785.627 1 7
273.755 576.857 4 4
801.609 192.359 4 9
652.503 822.895 2 5
577.866 987.554 2 8
856.166 720.137 1 6
174.322 348.925 1 7
449.478 627.551 2 5
286.377 292.667 2 8
207.523 324.347 1 6
203.388 344.396 1 7
297.5 777.38 8 3
396.728 427.508 8 10
243.996 798.862 4 4
447.615 893.282 4 9
133.776 887.248 2 5
532.156 65.2849 2 8
887.48 991.027 1 6
439.135 656.722 1 7
294.856 333.927 2 5
30.4751 135.954 2 8
191.516 856.264 1 6
825.699 9.6162 1 7
500.223 950.205 2 5
787.057 800.091 2 8
829.385 4.55556 1 6
142.423 992.743 1 7
58.2801 455.72 2 5
589.839 813.121 2 8
867.236 215.538 1 6
339.117 755.171 1 7
417.528 619.89 4 4
854.303 466.941 4 9
940.811 369.798 2 5
978.182 990.547 2 8
862.783 921.827 1 6
734.453 194.528 1 7
40.7113 117.356 2 5
631.016 332.327 2 8
851.43 149.685 1 6
121.589 523.644 1 7
990.547 876.928 2 5
326.166 460.208 2 8
995.575 660.825 1 6
92.9396 470.969 1 7
297.539 608.127 2 5
43.4891 266.51 2 8
101.039 457.275 1 6
492.105 249.841 1 7
822.799 554.945 4 4
282.601 662.512 4 9
350.532 561.842 2 5
859.953 332.425 2 8
554.786 995.575 1 6
573.666 725.59 1 7
808.774 122.569 2 5
764.686 958.168 2 8
499.741 221.242 1 6
807.856 685.13 1 7
441.019 935.955 4 4
771.928 88.1227 4 9
108.591 625.685 2 5
659.493 393.998 2 8
731.646 676.529 1 6
293.531 571.06 1 7
455.505 736.519 2 5
856.329 579.995 2 8
495.142 200.515 1 6
486.48 179.501 1 7
825.893 385.072 4 4
805.099 793.106 4 9
592.8 15.7739 2 5
936 50.1553 2 8
983.032 76.498 1 6
249.688 286.912 1 7
691.697 147.136 2 5
449.708 883.049 2 8
564.758 956.954 1 6
571.628 951.145 1 7
442.926 901.517 2 5
386.853 471.397 2 8
731.558 450.611 1 6
565.44 310.278 1 7
189.74 128.699 2 5
246.524 963.463 2 8
967.857 823.191 1 6
952.829 605.314 1 7
411.615 167.509 2 5
419.29 690.963 2 8
3.73862 363.645 1 6
68.7083 237.736 1 7
598.939 609.092 4 4
166.967 122.351 4 9
936 556.903 2 5
819.881 523.249 2 8
16.2035 510.452 1 6
981.852 983.921 1 7
816.405 971.387 2 5
435.888 829.542 2 8
290.903 16.2035 1 6
824.349 55.023 1 7
656.466 822.349 2 5
484.509 846.055 2 8
724.348 324.078 1 6
511.672 394.154 1 7
238.48 793.068 4 4
308.437 582.589 4 9
272.099 93.9149 2 5
423.925 506.92 2 8
689.48 729.465 1 6
993.782 11.3902 1 7
412.039 528.667 2 5
818.824 265.334 2 8
436.411 129.887 1 6
689.55 238.068 1 7
386.983 437.591 4 4
285.99 780.773 4 9
99.1182 128.052 2 5
189.831 541.231 2 8
319.81 294.614 1 6
656.2 341.783 1 7
869.206 110.671 2 5
656.473 396.622 2 8
296.845 813.323 1 6
671.639 146.429 1 7
9.92528 474.605 2 5
545.976 594.937 2 8
327.221 602.935 1 6
315.059 274.013 1 7
818.088 455.776 4 4
536.973 370.246 4 9
171.453 210.168 2 5
260.07 286.902 2 8
766.02 53.2594 1 6
776.584 56.9266 1 7
659.961 406.469 4 4
806.479 451.293 4 9
139.939 276.492 2 5
896.77 538.358 2 8
171.539 233.704 1 6
995.093 457.465 1 7
387.369 567.224 8 3
376.788 431.262 8 10
708.482 224.105 4 4
831.114 778.373 4 9
441.425 905.225 2 5
696.285 994.61 2 8
634.42 692.507 1 6
523.158 106.626 1 7
679.299 343.005 2 5
651.498 995.945 2 8
233.514 984.398 1 6
508.196 8 1 7
102.823 126.543 2 5
47.8755 619.549 2 8
190.113 746.886 1 6
424.583 724.68 1 7
892.526 674.941 4 4
763.971 462.427 4 9
826.817 53.3174 2 5
870.109 21.6293 2 8
785.668 555.304 1 6
716.771 125.185 1 7
542.395 364.364 4 4
657.618 485.495 4 9
72.1995 794.706 2 5
25.8335 740.623 2 8
681.551 117.831 1 6
870.527 307.709 1 7
17.9258 39.843 2 5
272.222 80.9824 2 8
296.17 363.579 1 6
20.9926 471.364 1 7
769.685 261.745 2 5
295.439 859.58 2 8
266.503 803.498 1 6
937.823 596.206 1 7
137.717 684.358 2 5
704.503 202.335 2 8
650.981 140.391 1 6
641.102 842.194 1 7
836.375 493.446 2 5
361.981 556.676 2 8
47.1706 868.315 1 6
993.782 767.017 1 7
158.55 484.131 2 5
286.475 667.094 2 8
991.185 760.975 1 6
426.786 995.575 1 7
171.962 760.596 2 5
788.841 525.811 2 8
424.285 308.915 1 6
351.394 183.016 1 7
765.2 674.09 2 5
457.558 636.406 2 8
66.0402 876.011 1 6
815.002 417.346 1 7
120.039 184.646 4 4
835.185 155.19 4 9
97.5076 166.182 2 5
452.946 493.526 2 8
875.272 97.8567 1 6
713.576 995.444 1 7
139.98 559.98 2 5
45.5355 201.699 2 8
576.276 4.42475 1 6
865.317 318.645 1 7
974.166 246.455 2 5
762.283 219.374 2 8
764.615 172.193 1 6
751.455 129.243 1 7
886.902 243.863 2 5
782.875 82.9368 2 8
590.974 25.8249 1 6
985.718 779.436 1 7
660.673 323.475 2 5
984.226 432.329 2 8
995.444 786.168 1 6
823.619 742.3 1 7
408.322 475.503 2 5
161.025 123.186 2 8
143.463 750.474 1 6
499.905 118.25 1 7
986 740.313 2 5
436.397 825.574 2 8
508.088 157.854 1 6
443.57 757.281 1 7
217.14 802.016 8 3
661.737 463.44 8 10
812.21 789.44 4 4
818.901 546.078 4 9
