494.56473984573671 525.42797774124278 100 99
568.35090903728405 447.93861565820362 7 6
445.7648257533254 417.99163200771892 18 17
487.62216342285421 396.61493246782169 29 28
398.21862866841053 481.23038888159681 6 5
593.67450132593581 490.75442615883281 5 4
597.70874025154114 500.98794541132509 6 5
391.1030802385423 511.53728299233984 4 3
558.59206242653715 398.68216138766797 42 41
385.61436486405069 495.44772104871254 13 12
606.62497608571755 494.54583872567105 5 4
607.64579928591002 455.41602164881544 33 32
596.9154931025929 553.00193842436079 6 5
394.02143224689837 555.69418492161753 5 4
517.91077557598544 379.44592214546867 3 2
573.44857218476102 593.20216896112163 4 3
365.62429627889412 496.07792574619987 7 6
413.33822671396086 595.42350416021986 7 6
556.29471993836933 609.1263024422974 4 3
626.56443121907841 525.71342010415935 32 31
440.88014854607519 372.45036842775528 22 21
364.78946360880929 533.06850636360787 30 29
568.72279673052526 605.31278605341481 9 8
514.74946896878794 360.71076427222698 16 15
496.46624338838006 630.41075863543188 5 4
467.60454825803794 627.94211369114282 6 5
384.84774578758402 583.20497329174964 24 23
482.09834032692561 634.7192806113128 10 9
469.26396508323512 636.78780958238008 3 2
350.71993635792046 497.76909556205914 8 7
580.86562354686009 611.94429444769844 4 3
611.94037498566536 590.07285592581627 34 33
350.54138043206393 414.34323619308253 75 74
635.31273925407322 559.6024612019072 3 2
357.15512148002222 569.27232964597169 7 6
475.77672717871684 651.11687755569994 6 5
349.81850165145084 562.4771836217119 3 2
476.14253759630935 332.68979979784848 31 30
357.0018603186918 580.27126191307957 4 3
378.82648781106866 609.5250122807073 3 2
519.14248328259703 332.75814433901343 12 11
630.56567817344433 396.7331523275156 30 29
413.35870614524583 350.82699662366718 13 12
329.16282527172513 503.70390758350442 13 12
434.78676147566904 340.01781327078055 11 10
473.5027477891872 659.82486341558706 3 2
361.03686782349916 597.93732173249248 4 3
650.7971673712467 563.63141713168432 13 12
662.56373390007798 525.93748813351533 4 3
326.02459961301253 523.68283826598133 7 6
365.54238148457233 611.19252247219777 10 9
412.45612960293209 660.41751853605842 58 57
650.01205218645862 581.6142865953326 5 4
317.23974045063204 488.91066424916357 6 5
315.15927941469766 516.54527446675047 6 5
670.12204874244583 543.3694093341071 15 14
618.49450636698009 628.53270996045364 3 2
512.03770796101253 310.8829947937005 11 10
360.21027788838569 625.21281744910652 5 4
496.67185550247069 306.85286680827397 2 1
638.39845717442381 617.3486673141673 4 3
631.45793309767544 629.50716744946669 10 9
303.23619459360458 501.75203113240968 13 12
303.62682759180029 482.75604719209429 6 5
515.00259871652327 297.20054534895974 3 2
471.40082658429287 297.00344138628566 5 4
691.09895716198071 542.38487230664532 6 5
353.47077112660463 641.31967872577775 4 3
561.07701757428936 714.0442997055942 100 99
638.27275241741961 642.86973597648432 5 4
712.07718689263072 468.29766776113638 71 70
287.93244926788674 506.42058326402059 3 2
351.50270072630531 649.07381948407362 4 3
494.45827615458916 282.95516678357217 22 21
457.68387310657681 702.82566890327587 4 3
452.23437353850306 705.33623745592763 2 1
348.48175527184867 658.60659917109035 6 5
270.95184643434777 478.13591663548425 27 26
277.04402147276903 445.93656184912192 5 4
338.33924795468243 334.39904506346579 5 4
451.16634431706859 718.47644412387012 10 9
435.82732853098713 717.84388060667266 4 3
509.9611661282409 262.0826872359753 4 3
482.64152792525709 259.79562315066403 4 3
315.91931281301811 341.18535299837731 5 4
343.39919589201128 676.91418203039836 13 12
324.9073154345682 330.45149027915977 9 8
615.30120135778009 267.40142090773924 99 98
457.70968203368295 730.85322607744479 4 3
270.1017080055509 404.83223730152105 6 5
255.55367939429402 604.19898201074238 100 99
394.8669452352591 718.82659825214375 3 2
288.18769168368385 361.13397344171659 6 5
281.59767041402705 369.94144865686599 5 4
319.87052863743088 319.55971453963122 3 2
383.36902194447663 717.42576502781981 6 5
251.74519386705566 429.81299767191859 25 24
247.02433521534562 458.42616760449641 4 3
712.40493920130962 363.79994083755935 32 31
242.70909597348421 498.98008315342753 6 5
385.44552963745582 249.60518782119144 92 91
331.93440972647937 689.46642000530267 4 3
498.04547409419285 240.10505580422807 21 20
263.67451190078617 382.69920664599721 17 16
379.89179836156029 725.72690447698039 3 2
273.40520567390047 358.58876080412455 9 8
735.76346869542556 630.78437757628603 93 92
756.35250792269653 532.92687166234043 7 6
320.88224839146835 693.96407948750527 7 6
247.24165315318311 398.79147663445207 6 5
347.44243519986901 719.72366948235685 30 29
702.13700439636011 324.63378334932418 5 4
762.0689532771853 524.72185779829715 3 2
286.93186940108797 321.57086538232807 30 29
238.33650565725389 403.34102035616149 4 3
223.6539283139482 435.7191197719016 3 2
504.37041907202303 216.75398739663356 3 2
227.64265220836839 408.76382938451957 7 6
755.69358072844159 388.82180157443236 18 17
748.2287644612702 367.35712283231464 4 3
518.56234419838233 211.89710967449437 12 11
306.20245621371191 707.54729345246517 13 12
777.33965236094514 532.19218238918722 14 13
479.44445348632274 780.08311011601893 5 4
781.12701782294641 509.50615446763953 9 8
246.42499735785034 351.10087998091819 19 18
415.23797515927851 777.38444264411828 59 58
734.63156405530833 335.48073979657647 4 3
228.68536988561368 383.57095261936894 18 17
295.78539307793852 286.61950818681083 5 4
215.33409157697008 423.23792124491592 12 11
204.07929426707304 474.00532749649761 40 39
785.81103454272704 495.25624263040999 6 5
723.68351368713491 314.06269365229895 19 18
290.68826459881143 703.63451202026738 3 2
215.90941362835392 406.24765919463573 5 4
252.66585692059118 328.96376924084768 4 3
788.68386900628605 483.60519880828883 6 5
532.04571964869888 203.28324953714596 4 3
354.76420768998929 753.94926878467618 5 4
487.3295073451892 198.46171231893322 22 21
788.04052663460163 547.89222346491044 5 4
537.72955320081496 199.19741594388253 3 2
790.47432335016344 541.32894428851387 2 1
484.92815318510145 796.17438221034433 12 11
716.83866621966604 289.89904810309667 5 4
323.18004025111259 744.95088714099484 3 2
715.06957636553705 283.12628492341776 2 1
262.88637082117486 296.13832720692375 5 4
502.33116682451862 801.07259981358015 5 4
282.82562733704276 716.40866307972522 12 11
545.96530495504419 190.16104724333223 4 3
303.22659573228549 738.40412826090085 18 17
461.20388602881155 185.87394401659958 7 6
183.96692324331354 520.68050295502644 10 9
471.84586581288647 807.24322218630937 5 4
744.94072811484693 305.28027742586835 4 3
273.53402338159049 271.32648537781574 22 21
524.65745166091187 181.50221429681267 19 18
649.20678523599872 771.55332120622836 5 4
176.82530874570551 508.63901872892058 4 3
502.38358467207388 175.76855496236016 4 3
177.46370764482774 533.07841354026664 4 3
552.54057146310208 178.94650889581152 9 8
179.35012367795792 433.87922426246195 6 5
206.42747606834661 351.54617841533644 21 20
330.34851315859612 773.05094045366093 26 25
778.63150904962936 335.55031347496163 40 39
286.93919879085854 247.88930823877541 5 4
278.47291642418128 734.90336252873101 7 6
228.37872452670075 306.62243534867287 29 28
354.6846996975242 790.69987845572052 3 2
181.02095372643137 396.91696882601548 31 30
564.89552421127462 174.9023597157709 4 3
689.10030184125355 762.09248969593 36 35
247.49654260776046 278.4713853038071 5 4
300.23816279314008 762.21734451927784 6 5
607.07552407199375 807.318826774782 4 3
716.07440281977631 246.09973395341726 4 3
560.18815504214433 168.43392284852692 4 3
646.86140341154407 792.42193841239509 16 15
568.07908446028387 820.81494669868903 7 6
232.96760125818591 704.69211149942737 3 2
159.66234803783172 466.78487822594076 5 4
248.06223792837901 728.4317511009848 23 22
199.87330732812214 326.38583517195707 5 4
749.29833187544546 266.52448702668261 35 34
624.10295029348083 810.39560836799728 13 12
350.52288928963191 804.06697739785307 11 10
181.78249671176462 359.83019872637192 5 4
274.76483194991931 756.73689262399512 15 14
546.48993085105144 156.75665201966643 14 13
362.8964436794534 810.61641643964356 3 2
183.47591599492026 353.03812016885826 2 1
155.90009225356249 438.98765124098151 18 17
595.68012628555641 165.94210812793929 3 2
578.17292739585855 158.5598329341687 16 15
365.39603064353082 816.07325141701256 3 2
706.34201611806373 220.40856284403108 3 2
666.07028050575298 797.9914124252241 4 3
334.52567877475349 803.76822040184629 5 4
299.31177868463379 206.9058913909098 3 2
291.3199551332853 778.06593142989493 12 11
219.73398259463585 709.26062734899392 11 10
720.25655923319118 228.30701141936902 13 12
749.75112462408083 733.79591495272905 10 9
596.20659961536467 829.832522187932 21 20
430.7992932958287 838.43233677530895 4 3
780.30297421602097 292.5828117533402 3 2
326.76437161039246 801.82860417680638 3 2
404.85448446083649 156.60899180939768 3 2
235.53788607583704 258.82474350548733 18 17
672.04873014544876 798.49948712998832 2 1
357.95039401361623 818.99942557028407 5 4
829.16664647153186 608.64638474631715 2 1
831.79837860485713 602.15993841736145 5 4
422.17552013378696 841.00731958100846 5 4
152.82391169317754 584.59106862169642 3 2
367.8616791868667 825.76451435126137 7 6
397.54283079871971 153.36249820471363 5 4
215.33887253713274 274.14225277390648 6 5
765.59514904863363 727.63418710786493 7 6
627.48859118070538 163.11111680757827 6 5
300.50170364062404 194.96503385892694 9 8
690.09445665499652 193.70631277941496 6 5
264.7646995229012 217.03008624250083 33 32
148.70679583335533 591.45032200648996 5 4
608.7717264637696 153.5885659325279 15 14
205.13408602396214 280.45591512001045 6 5
294.47309372541258 794.77095214280746 5 4
379.27129219154881 836.98149839704615 9 8
185.07261597964961 682.02840896443945 5 4
709.10774099436424 202.6223106837638 15 14
592.44262909905888 146.01488919967227 3 2
249.43870809462507 762.6180022528232 11 10
195.99972995871346 701.40663143517975 14 13
365.66358236610728 154.64375058399719 5 4
723.65378034717889 211.42076163528742 2 1
779.74382963505639 722.6527377541745 8 7
213.91581892458581 262.88506518077151 4 3
234.85104174486668 238.83654086330327 2 1
284.53571820276488 793.65355887189401 5 4
145.23302726198855 388.73460030662943 5 4
847.31554901514289 393.03326951855945 29 28
559.27633594526492 134.11801591307483 12 11
795.03682149226142 284.10261455985346 14 13
805.85709104541218 299.72060952710706 5 4
151.72110513658603 625.52494091104882 6 5
830.70352077926282 645.01063886723159 3 2
842.01817017141093 618.17729963374779 14 13
834.5752600583503 636.88600749376167 6 5
214.7378687411086 255.93350175236529 3 2
381.18874183954063 143.69069515071916 14 13
129.93332692523111 437.67346008922033 8 7
202.93213712610151 268.65966906242028 6 5
232.04464112004899 754.97297549786924 8 7
811.96358174388331 689.17566777784145 3 2
140.76773044746375 608.71216550011889 14 13
263.64887816865792 786.74415127141003 17 16
401.14974924412542 856.01654809486831 20 19
131.65582324582388 409.72649233911289 20 19
808.08483122823293 698.3907420799203 6 5
214.69079280960406 246.93362487228114 6 5
725.56286571043347 791.74854196331682 11 10
596.56755843694873 857.83019546142248 7 6
223.54433905063399 232.42105380585929 11 10
801.11749322312789 717.44058802263908 14 13
793.84202818962194 260.13237323933339 10 9
201.30465315979089 253.74822057679677 9 8
184.90089561344229 715.57758327957708 4 3
723.04062440769417 189.70430929846597 4 3
890 514.76673921412566 100 99
200.8334990711385 741.48725668118277 26 25
209.72482583168681 238.25381082045749 4 3
589.60763990028283 122.29001119429364 20 19
806.1568231473417 268.69659095896895 5 4
114.91055416429086 432.16743624499736 8 7
749.10719806165366 202.41390165788891 25 24
862.42898267061082 617.11828538428631 6 5
380.71716643467624 121.51662840604004 5 4
506.0833785858141 898 92 91
808.80314997905941 259.05309811147168 5 4
191.96929352956499 243.31504941102233 5 4
198.96552684619368 234.82666208601796 6 5
565.65539912254053 105.94100016227527 9 8
246.85782399315326 803.89234358649878 7 6
814.18594920214287 729.81861122202542 4 3
223.69483353480763 784.82730036528915 23 22
468.9139287171065 89 89 88
109.21595229400431 397.56801578384886 4 3
87 523.21344526098972 87 86
243.57881335664891 183.10136349391212 7 6
794.04719967430685 224.76313810995779 25 24
187.04124940354529 233.48070240209478 6 5
198.54458572021761 770.39678583113562 3 2
400.7927753697935 889.01461727554977 13 12
787.94401696605451 780.07012996016499 50 49
600.55829241964227 100.93390646051209 4 3
778.05852634853886 200.56887587111538 4 3
236.03807969962395 812.78055993519376 5 4
90.951107225801607 414.63832435266374 21 20
817.82090353128854 239.55539976666648 3 2
895.23095440862039 395.88176490713033 19 18
179.52916607234562 228.52402972527699 3 2
172.75420588375999 754.62321093267281 5 4
409.84985766915156 902.20435799410279 3 2
759.85733203641416 172.88654332241782 5 4
821.63949316328058 233.68868235209445 4 3
390.89919530844531 901.58907843973861 3 2
201.57040496520167 796.46816203736489 2 1
224.25146402102951 818.26469075466844 8 7
214.23774983091738 811.65216263610841 4 3
583.92286213616637 79.667443207690468 23 22
196.78848871015111 189.40269217368098 39 38
202.32571916684302 804.43242599938924 6 5
825.04352576784822 224.28588691525545 6 5
807.96185979114375 200.46535562198358 3 2
399.91661607598485 916.00039769583543 14 13
100 293.97715603592212 100 99
71.924804950751451 396.91828423593654 5 4
172.77152934580971 787.62320638566734 28 27
694.04082057734581 894 96 95
560.66315970867299 64.07942720229515 5 4
791.85723874471591 172.80927327656099 27 26
292.95875850293532 895 95 94
598.21751148124088 921.15818549903781 3 2
700.04167118877081 94 94 93
412.77097026290335 928.60061906044848 4 3
567.50515364529417 58.232452003849403 4 3
286.9578900704048 93 93 92
842.17502841765861 772.27594986542817 4 3
91 701.16849576532354 91 90
199.68201537585492 829.4603235314313 19 18
924.99842256616444 614.33751473888549 3 2
386.95558272676209 928.490858636903 4 3
900 285.82971010998233 90 89
380.69711032875097 62.88883469785587 3 2
598.66066039455393 930.14726882497439 6 5
830.91234117448744 198.95691129990939 20 19
574.50684639568283 54.36252970112092 4 3
606.64639092900052 61.162192137736007 5 4
61.985186393609879 610.70778279341266 4 3
902 702.38336960706283 88 87
206.7682994002644 147.5768224446544 4 3
559.17450636412264 45.485326395090908 11 10
783.09049798900696 144.11878257803525 3 2
142.40126210467528 781.40654589131213 3 2
788.75660070906133 842.10663824687651 12 11
175.46926138092633 820.51275247354613 5 4
935.85222066192068 612.55003973303087 8 7
822.64558562497621 176.4255830504558 4 3
802.46104732643255 833.84902703590149 4 3
848.67482440161507 785.79455379360593 11 10
379.25455393814423 51.983834420005415 8 7
943.21137272321346 397.25269829598153 29 28
839.10594867130328 797.34603063675672 4 3
50.992291765713588 610.04342250223112 7 6
146.29655665771691 193.09292118409405 11 10
952.0246913580246 431.28657593001492 4 3
595.49364698535658 946.26968014033662 9 8
154.1213595927459 180.29555977527383 4 3
136.92526351905741 790.94664230017042 8 7
144.15287606848278 799.53843548930388 3 2
195.13027506939517 139.65500105268833 10 9
184.05194653595632 148.21482797297094 4 3
35 412.29875169791444 35 34
198.85993802850777 855.447323913064 7 6
793.02148670670999 135.9375 8 7
801.53227474675225 142.90646598768251 3 2
608.37780097517225 948.00131981611082 4 3
29.510596044000792 450.91049141795116 4 3
788.82185541762203 859.10651300591553 5 4
859.30388247151279 197.77957656035301 7 6
864.58114392388222 787.52342604323621 5 4
585.62888079293077 958.86675868930081 7 6
130.24912494443774 193.42870781271088 5 4
399.72954102324843 960 30 29
791.95838534373559 124.98899254500679 3 2
595.61945133111794 29 29 28
953.19004959436006 364.54323260865795 5 4
528.93284380134673 18.580725347010592 3 2
367.88171919799862 956.88291081501643 2 1
549.92481269593452 18 18 17
403.58950680516153 22.805439031063869 4 3
29.936765693124613 372.18293074891807 5 4
973 432.30462670177246 17 16
20.188792385728192 583.51487590009367 3 2
13 454.96020971331751 13 12
453.38428733870541 977.04306283114863 3 2
365.82295718265482 962.51864492550976 4 3
967 612.40559457344693 23 22
437.676872945269 978 12 11
22 610.7120166778991 22 21
377.42335309359396 22 22 21
525.92481269593452 8 8 7
7.7499999999999973 469.01145520971392 2 1
982 458.19819671920186 8 7
577.19172727009197 977 13 12
608.62419456109535 971 19 18
6 477.51880662580629 6 5
511.1039749365645 5 5 4
459.0940180879312 984 6 5
986 474.76673921412566 4 3
556.83768874761222 983 7 6
3 490.90245641818268 3 2
503.35800824414969 3 3 2
409.24819315640133 10 10 9
980 582.07409279724072 10 9
467.57929946216979 987 3 2
3 467.45020571011429 3 2
495.5972568453592 2 2 1
2 496.8316333444439 2 1
966.71197851668785 638.4039992096001 3 2
2 484.44700985608182 2 1
988 484.42359346361803 2 1
9 579.17771957952255 9 8
5 438.75626480856033 5 4
988 480.42359346361803 2 1
478.95405865331304 988 2 1
474.95405865331304 988 2 1
517.42853025690124 2 2 1
546.25468350335382 986 4 3
981 407.56599294806648 9 8
984 563.75653406978927 6 5
988 466.19819671920186 2 1
539.30987403748645 987 3 2
449.676872945269 987 3 2
481.78248577805925 989 1 0
987 446.58748355885814 3 2
533.21269851831516 988 2 1
472.12563152856683 989 1 0
533.92481269593452 2 2 1
989 469.02662384394807 1 0
426.7238824976485 5 5 4
537.92481269593452 2 2 1
464.11519784703205 989 1 0
5 565.7613117145238 5 4
988 543.05101046158757 2 1
436.2336594403701 3 3 2
568.8984786569448 5 5 4
987 555.27125269555074 3 2
3 555.52443410379669 3 2
442.2306005888538 2 2 1
989 450.05158517399587 1 0
988 550.37227320998443 2 1
423.820466484718 986 4 3
2 550.62545461823038 2 1
446.21277133013126 989 1 0
1 443.22840076355993 1 0
974 361.72437395402346 16 15
2 432.43170948822359 2 1
981 389.56599294806648 9 8
551.54618612548302 989 1 0
561.92481269593452 2 2 1
987 418.02176984468679 3 2
989 558.73535431068854 1 0
559.09638557118831 1 1 0
566.99368824290639 988 2 1
1 429.60328236347738 1 0
427.820466484718 989 1 0
420.39932717731176 2 2 1
576.64444534935967 3 3 2
988 570.68473730006474 2 1
13 366.08818154520191 13 12
415.22147440807811 988 2 1
569.8221153676526 989 1 0
1 570.23344766952334 1 0
1 572.23344766952334 1 0
417.57090005256555 1 1 0
989 573.51316442481095 1 0
4 591.95035363860541 4 3
396.18501613288765 4 4 3
412.3930472833319 989 1 0
361.78220910122786 978 12 11
580.10854696449746 1 1 0
587.38976629727756 988 2 1
582.10854696449746 1 1 0
987 593.02854394734402 3 2
593.5245256905539 987 3 2
5 385.84123858726855 5 4
1 585.17771957952255 1 0
988 398.05127432230506 2 1
1 587.17771957952255 1 0
631.34059353010139 11 11 10
989 400.87970144705127 1 0
2 395.56555116723291 2 1
400.18501613288765 1 1 0
988 597.92752343291033 2 1
1 595.95035363860541 1 0
1 597.95035363860541 1 0
375.63861556177886 986 4 3
384.23760763841875 988 2 1
1 601.3311851582522 1 0
987 379.17368810265322 3 2
634.77758822233943 981 9 8
387.06603476316496 989 1 0
617.160110559656 4 4 3
10 640.83608324933016 10 9
606.67482918541737 1 1 0
611.50325631016358 2 2 1
980 642.73709634965314 10 9
608.67482918541737 1 1 0
2 376.28622057238749 2 1
349.28085853465336 9 9 8
988 374.27470861708684 2 1
623.7238634316368 987 3 2
371.63861556177886 989 1 0
2 623.97851583932072 2 1
1 621.15008871457451 1 0
621.160110559656 1 1 0
361.17527628432202 3 3 2
7 347.00939751686298 7 6
987 629.01884229928305 3 2
3 629.88163209922686 3 2
624.70734394939063 1 1 0
344.8116463527507 984 6 5
983 340.55836346550672 7 6
2 354.49271229041085 2 1
357.71117466918429 1 1 0
1 357.32113941515706 1 0
355.71117466918429 1 1 0
1 634.51152792899336 1 0
351.98425013009518 988 2 1
648.19399608733818 985 5 4
354.81267725484139 989 1 0
652.54430284061914 6 6 5
644.05902146638061 3 3 2
637.97384311081214 1 1 0
988 348.04167823905459 2 1
334.5839200779543 6 6 5
640.59491985124282 1 1 0
4 336.42639227260463 4 3
985 656.87923197338409 5 4
335.01368738161801 986 4 3
5 658.50703774992041 5 4
1 647.16063856966696 1 0
1 341.71789489473377 1 0
341.48289956352068 1 1 0
2 652.18248242958362 2 1
1 649.3540553048374 1 0
985 328.25611698117518 5 4
339.48289956352068 1 1 0
790.55024083293677 920.42606451076301 4 3
339.01368738161801 989 1 0
654.51855140767498 988 2 1
920.68224531266208 791.44499832604322 3 2
660.09969508039148 987 3 2
3 329.4981890423291 3 2
661.02958421485766 3 3 2
795.57153851437226 71.51317656805935 2 1
328.08548415134248 987 3 2
989 332.72825293617478 1 0
987 664.62519866579896 3 2
327.65571684767878 2 2 1
3 666.25300444233528 3 2
664.9986745659578 988 2 1
665.92856370042398 2 2 1
987 320.51015028876037 3 2
320.36447624738491 3 3 2
2 322.26142728338402 2 1
65.947333847800138 793.44734109092042 4 3
320.52685600711578 988 2 1
988 669.52417815136528 2 1
66.702870726669502 194.3965294956401 5 4
672.61905278716665 2 2 1
988 673.52417815136528 2 1
794.57083181891574 64.585075377280859 5 4
2 674.18702063885951 2 1
193.11444182915656 65.967531972630965 4 3
315.46549676181854 2 2 1
928.6821943573749 791.47355146946154 5 4
988 312.66252583997982 2 1
197.38705349178147 928.77410385173368 5 4
928.09352698279372 194.46894479542286 5 4
790.68187319812569 932.42534252739529 8 7
202.40402984244528 937.42453437841152 5 4
54.969876059778237 196.91383681631027 7 6
53.957550005778877 793.9424000991263 8 7
192.77896605991407 53.972222222222221 8 7
201.33236727029737 47.055624233744552 3 2
192.40404907733796 937.4441480849332 5 4
796.09614325517953 50.550550461897288 9 8
951.22438737952302 778.920678725627 3 2
944.6804360800221 791.71074713500298 11 10
945.09302745891273 194.33862379776423 12 11
762.0087206557921 967.35096835711397 4 3
723.08296658873383 988 2 1
25.300763896014221 221.4684742868703 4 3
265.39066099875487 988 2 1
2 264.23511937011097 2 1
727.98194607430014 987 3 2
22.759906046092198 767.26153304733862 4 3
2 728.14997089178758 2 1
776.13699162081059 27.659615373835571 5 4
3 259.33613988454459 3 2
988 728.91636792990607 2 1
730.15477867711763 2 2 1
218.46034170562737 23.59621951859387 4 3
988 258.99689437998484 2 1
258.10170027495769 988 2 1
258.04014127592535 2 2 1
734.12045180051871 987 3 2
3 734.2139190490401 3 2
4 252.04089405346704 4 3
734.15477867711763 2 2 1
988 734.24984143615779 2 1
253.20272078939135 987 3 2
987 252.96635665967236 3 2
741.86641849293358 985 5 4
986 739.90669568565022 4 3
254.04014127592535 2 2 1
739.05375816268395 3 3 2
248.38328702643298 4 4 3
5 743.82995378072667 5 4
890 890 100 99
245.45675409697651 985 5 4
747.53903953692247 6 6 5
6 242.24293508233433 6 5
756.00855411666453 980 10 9
99 891 99 98
986 243.47778714897214 4 3
231.31461847324556 980 10 9
982 755.4493662527492 8 7
237.29036058999225 6 6 5
892 98 98 97
988 745.56354993514265 2 1
10 761.50090828131692 10 9
982 232.16407864998737 8 7
11 225.99485827306239 11 10
97 97 97 96
242.18934007555859 1 1 0
2 750.15450910106347 2 1
989 748.39197705988886 1 0
790.04082057734581 966 24 23
769.52061448951486 12 12 11
972 781.98236457559244 18 17
221.79842720516257 10 10 9
197.46006741242874 966 24 23
989 237.82093289947974 1 0
956.88163429042947 806.47846388720302 7 6
1 237.34395559676798 1 0
973 207.59928124755055 17 16
757.52061448951486 3 3 2
754.05651287437706 1 1 0
962.125 189.63447189704533 4 3
24 193.49870465451855 24 23
23 795.56415767647877 23 22
1 232.6281078537732 1 0
230.12298252549934 1 1 0
191.46692542895636 23 23 22
987 765.24732522388194 3 2
989 761.78322360874415 1 0
228.12298252549934 1 1 0
762.33310943700133 989 1 0
987 222.36611967885466 3 2
770.44490263508044 986 4 3
224.99006315290879 989 1 0
218.66550783257205 986 4 3
766.44490263508044 989 1 0
801.26963022228995 21 21 20
4 774.15001892199041 4 3
1 770.15001892199041 1 0
989 218.90201806371689 1 0
3 214.50573297998633 3 2
1 217.9698345951241 1 0
776.10175688457286 988 2 1
213.00865358307968 988 2 1
781.52061448951486 3 3 2
778.05651287437706 1 1 0
208.0801731547925 3 3 2
778.93018400931908 989 1 0
1 779.17107058548197 1 0
2 781.99949771022818 2 1
2 207.35511111506958 2 1
204.61607153965474 1 1 0
788.30814882547418 2 2 1
202.61607153965474 1 1 0
982.28431198853514 191.02214184114084 2 1
168.06283625627563 967.41547387956746 4 3
22.6273624877402 165.335282171584 4 3
975 175.66184240220792 15 14
987 193.31642439046485 3 2
986 798.95292732406961 4 3
976 815.16685226452114 14 13
989 794.95292732406961 1 0
825.26395050475082 20.477894471695613 3 2
988 186.61629355231125 2 1
803.89722703789687 988 2 1
183.60366095187771 988 2 1
822.53697419588968 979 11 10
2 809.12881764272936 2 1
811.0478489028136 987 3 2
2 179.64229819396752 2 1
177.90226546270583 2 2 1
174.5776415308826 986 4 3
4 815.4223584691174 4 3
974.70666666666671 155.9707451124176 3 2
4 171.93875665026326 4 3
171.93875665026326 4 4 3
161.92853089020909 980 10 9
10 828.07146910979088 10 9
814.51195051795139 989 1 0
818.3727795466117 3 3 2
828.76508439202496 9 9 8
159.28964600958975 10 10 9
10 159.28964600958975 10 9
170.5776415308826 989 1 0
1 821.74691378945408 1 0
167.93875665026326 1 1 0
989 167.53581837685078 1 0
989 822.92143038403333 1 0
988 164.7073912521046 2 1
988 825.74985750877954 2 1
983 834.96584213774452 7 6
987 159.54835480474685 3 2
829.17022377660044 989 1 0
989 829.67433951561532 1 0
983 150.38320341483518 7 6
838.78505100516156 984 6 5
831.88607151959525 989 1 0
833.88607151959525 989 1 0
989 156.08425318960909 1 0
834.76508439202496 1 1 0
843.46202284872402 6 6 5
152.96509068925297 1 1 0
1 837.34982663234302 1 0
152.65017336765692 989 1 0
838.5630433631577 1 1 0
149.82174624291073 988 2 1
2 840.17825375708924 2 1
145.14751038585879 5 5 4
5 145.14751038585879 5 4
149.61964634085837 1 1 0
1 149.61964634085837 1 0
143.49719092257396 985 5 4
5 846.50280907742604 5 4
986 845.54884738200292 4 3
989 841.54884738200292 1 0
848.58300997629431 986 4 3
844.58300997629431 989 1 0
986 139.80019817057681 4 3
989 143.80019817057681 1 0
987 852.47705061227839 3 2
3 137.40154369344395 3 2
137.40154369344395 3 3 2
852.80816411546914 2 2 1
135.75122423015912 987 3 2
3 854.2487757698409 3 2
987 132.87199494030131 3 2
854.88730162779189 989 1 0
857.70714360103545 3 3 2
988 857.3760300978447 2 1
3 131.11744421846396 3 2
131.11744421846396 3 3 2
857.7157287525381 988 2 1
2 859.14775525540722 2 1
988 861.7157287525381 2 1
861.7157287525381 988 2 1
862.60612308660177 2 2 1
127.14249455894057 988 2 1
126.2184647328976 2 2 1
988 126 2 1
2 124.85677655436824 2 1
864.54415587728431 989 1 0
988 918.2842712474619 2 1
918.2842712474619 988 2 1
2 919.1424945589406 2 1
920 2 2 1
69.431603606338186 988 2 1
69.143223445631762 2 2 1
2 69.143223445631762 2 1
988 67.921473816624228 2 1
988 922.2842712474619 2 1
924 2 2 1
64.532624120771828 987 3 2
924.38213560196414 988 2 1
64.427338106090147 2 2 1
988 63.921473816624228 2 1
2 63.921473816624228 2 1
3 927.7512242301591 3 2
929.28111508753045 987 3 2
987 929.28111508753045 3 2
929.75808827073979 3 3 2
59.52835862052379 3 3 2
987 59.022494331057871 3 2
3 59.022494331057871 3 2
5 935.49719092257396 5 4
58.028719381103606 989 1 0
937.02708177994532 985 5 4
985 937.02708177994532 5 4
54.028719381103606 986 4 3
936.68629150101526 4 4 3
52.600155390248283 4 4 3
971.53145223022091 953.05398868325108 3 2
985 51.276527638643039 5 4
5 51.276527638643039 5 4
37.454254200001429 972.33954249884835 3 2
18.333333333333332 34.856180831641268 3 2
42.715010882118847 982 8 7
948 8 8 7
2 941.82174624291076 2 1
41.286446891263523 8 8 7
989 941.49921773494486 1 0
941.49921773494486 989 1 0
48.37186513161123 989 1 0
982 949.6761924206188 8 7
949.6761924206188 982 8 7
942.34314575050757 1 1 0
46.943301140755906 1 1 0
989 46.804391683643459 1 0
1 46.804391683643459 1 0
989 943.49921773494486 1 0
982 38.627416997969519 8 7
8 38.627416997969519 8 7
8 951.37258300203052 8 7
944.01933817112638 989 1 0
989 44.284271247461902 1 0
1 945.7157287525381 1 0
1 44.284271247461902 1 0
35.320508075688771 989 1 0
973 973 17 16
31.488487920130812 3 3 2
988 957.6761924206188 2 1
957.6761924206188 988 2 1
33.320508075688771 989 1 0
960.14359353944894 3 3 2
29.856406460551018 987 3 2
974 16 16 15
16 16 16 15
16 974 16 15
2 30.627416997969519 2 1
960.50461954536502 989 1 0
988 27.313708498984759 2 1
2 962.68629150101526 2 1
28.024386304993058 1 1 0
26.392304845413264 989 1 0
963.60769515458674 1 1 0
964.75378874876469 989 1 0
989 24.485281374238568 1 0
24.392304845413264 989 1 0
983.17157287525379 989 1 0
989 983.17157287525379 1 0
989 6.8284271247461898 1 0
1 983.17157287525379 1 0
1 6.8284271247461898 1 0
985.17157287525379 989 1 0
989 985.17157287525379 1 0
989 4.8284271247461898 1 0
4.8284271247461898 989 1 0
1 985.17157287525379 1 0
1 4.8284271247461898 1 0
988 988 2 1
2 988 2 1
988 2 2 1
2 2 2 1
