1 1 1 0
3.25 1.25 1.25 1
6 1.5 1.5 2
9.25 1.75 1.75 3
13 2 2 4
17.25 2.25 2.25 5
22 2.5 2.5 6
27.25 2.75 2.75 7
33 3 3 8
39.25 3.25 3.25 9
46 3.5 3.5 10
53.25 3.75 3.75 11
61 4 4 12
69.25 4.25 4.25 13
78 4.5 4.5 14
87.25 4.75 4.75 15
97 5 5 16
107.25 5.25 5.25 17
118 5.5 5.5 18
129.25 5.75 5.75 19
141 6 6 20
153.25 6.25 6.25 21
166 6.5 6.5 22
179.25 6.75 6.75 23
193 7 7 24
207.25 7.25 7.25 25
222 7.5 7.5 26
237.25 7.75 7.75 27
253 8 8 28
269.25 8.25 8.25 29
286 8.5 8.5 30
303.25 8.75 8.75 31
321 9 9 32
339.25 9.25 9.25 33
358 9.5 9.5 34
377.25 9.75 9.75 35
397 10 10 36
417.25 10.25 10.25 37
438 10.5 10.5 38
459.25 10.75 10.75 39
481 11 11 40
503.25 11.25 11.25 41
526 11.5 11.5 42
549.25 11.75 11.75 43
573 12 12 44
597.25 12.25 12.25 45
622 12.5 12.5 46
647.25 12.75 12.75 47
673 13 13 48
699.25 13.25 13.25 49
726 13.5 13.5 50
753.25 13.75 13.75 51
781 14 14 52
809.25 14.25 14.25 53
838 14.5 14.5 54
867.25 14.75 14.75 55
897 15 15 56
927.25 15.25 15.25 57
958 15.5 15.5 58
989.25 15.75 15.75 59
1021 16 16 60
1053.25 16.25 16.25 61
1086 16.5 16.5 62
1119.25 16.75 16.75 63
1153 17 17 64
1187.25 17.25 17.25 65
1222 17.5 17.5 66
1257.25 17.75 17.75 67
1293 18 18 68
1329.25 18.25 18.25 69
1366 18.5 18.5 70
1403.25 18.75 18.75 71
1441 19 19 72
1479.25 19.25 19.25 73
1518 19.5 19.5 74
1557.25 19.75 19.75 75
1597 20 20 76
1637.25 20.25 20.25 77
1678 20.5 20.5 78
1719.25 20.75 20.75 79
1761 21 21 80
1803.25 21.25 21.25 81
1846 21.5 21.5 82
1889.25 21.75 21.75 83
1933 22 22 84
1977.25 22.25 22.25 85
2022 22.5 22.5 86
2067.25 22.75 22.75 87
2113 23 23 88
2159.25 23.25 23.25 89
2206 23.5 23.5 90
2253.25 23.75 23.75 91
2301 24 24 92
2349.25 24.25 24.25 93
2398 24.5 24.5 94
2447.25 24.75 24.75 95
2497 25 25 96
2547.25 25.25 25.25 97
2598 25.5 25.5 98
2649.25 25.75 25.75 99
