744 744 256 12
562.981 968 32 0
498.981 968 32 11
530.981 932.223 16 1
608.235 984 16 10
530.981 992 8 2
630.863 992 8 9
627.903 980.371 4 3
635.871 981.095 4 8
522.981 998 2 4
514.981 998 2 7
512.152 999 1 5
632.159 977.745 1 6
256 256 256 12
968 968 32 0
32 968 32 11
922.745 984 16 1
890.745 984 16 10
646.863 992 8 2
554.744 928.857 8 9
4 996 4 3
592.235 996 4 8
518.981 998 2 4
529.94 982.054 2 7
630.789 976.287 1 5
516.981 995.764 1 6
437.019 32 32 0
968 32 32 11
984 922.745 16 1
984 890.745 16 10
868.118 992 8 2
852.118 992 8 9
996 996 4 3
906.745 996 4 8
9.65685 998 2 4
578.981 998 2 7
596.235 999 1 5
600.235 999 1 6
482.019 77.5083 32 0
32 32 32 11
952 922.745 16 1
922.745 952 16 10
836.118 992 8 2
992 834.51 8 9
996 4 4 3
996 906.745 4 8
13.6569 998 2 4
582.981 998 2 7
598.235 999 1 5
574.294 999 1 6
77.2548 16 16 1
391.765 16 16 10
992 868.118 8 2
992 850.51 8 9
4 4 4 3
938.745 996 4 8
638.863 998 2 4
990.343 998 2 7
910.745 999 1 5
898.745 999 1 6
484.959 29.5984 16 1
109.255 16 16 10
369.137 8 8 2
353.137 8 8 9
54.6274 4 4 3
658.177 996 4 8
860.118 998 2 4
538.981 998 2 7
585.809 999 1 5
588.235 999 1 6
968 96 32 0
96 968 32 11
16 128 16 1
16 77.2548 16 10
131.882 8 8 2
469.019 8 8 9
996 823.196 4 3
996 938.745 4 8
844.118 998 2 4
619.549 998 2 7
999 902.745 1 5
16.4853 999 1 6
8 99.8823 8 2
8 165.49 8 9
407.765 4 4 3
341.823 4 4 8
990.343 2 2 4
546.981 998 2 7
912.745 999 1 5
900.745 999 1 6
912.574 64 32 0
32 904 32 11
77.2548 48 16 1
48 77.2548 16 10
147.882 8 8 2
64 992 8 9
680 996 4 3
824.804 996 4 8
461.019 2 2 4
453.019 2 2 7
999 898.745 1 5
934.745 999 1 6
968 160 32 0
32 840 32 11
922.745 16 16 1
890.745 16 16 10
8 936 8 2
163.882 8 8 9
808 996 4 3
4 176.804 4 8
986.343 2 2 4
377.137 2 2 7
654.177 999 1 5
616.235 999 1 6
912.574 128 32 0
160 968 32 11
984 205.255 16 1
16 384 16 10
992 64 8 2
8 872 8 9
93.2548 4 4 3
4 54.6274 4 8
361.137 2 2 4
413.421 2 2 7
18.4853 999 1 5
625.206 999 1 6
24 99.8823 8 2
992 128 8 9
906.745 4 4 3
4 154.177 4 8
139.882 2 2 4
876.118 998 2 7
999 910.745 1 5
999 828.853 1 6
937.248 216.127 32 0
32 776 32 11
16 416 16 1
980.444 237.057 16 10
128 992 8 2
8 346.51 8 9
672 996 4 3
4 184.804 4 8
155.882 2 2 4
2 928 2 7
999 914.745 1 5
999 934.745 1 6
515.858 131.831 32 0
32 461.255 32 11
8 808 8 2
931.576 176.532 8 9
996 808 4 3
480.333 4 4 8
542.981 998 2 4
2 48.9706 2 7
902.745 999 1 5
551.667 999 1 6
932.289 164.553 4 3
4 432 4 8
2 952 2 4
2 91.8823 2 7
345.823 1 1 5
399.765 1 1 6
224 968 32 0
32 525.255 32 11
907.644 178.343 16 1
984 616 16 10
8 493.255 8 2
192 992 8 9
4 368 4 3
320 4 4 8
944.402 998 2 4
457.019 2 2 7
914.745 999 1 5
932.745 999 1 6
328 4 4 3
4 335.196 4 8
2 16 2 4
120.569 2 2 7
999 900.745 1 5
448.333 1 1 6
32 589.255 32 0
845.49 32 32 11
984 584 16 1
992 653.49 8 2
8 557.255 8 9
488.333 4 4 3
938.745 4 4 8
2 984 2 4
998 990.343 2 7
828.804 999 1 5
983.515 1 1 6
512.937 95.9497 4 3
996 189.255 4 8
2 924 2 4
2 437.657 2 7
379.966 1 1 5
622.378 999 1 6
32 653.255 32 0
781.49 32 32 11
529.477 84.705 16 1
523.454 53.2768 16 10
499.647 8 8 2
39.2587 421.919 8 9
996 632 4 3
4 320 4 8
421.019 2 2 4
2 864 2 7
89.2548 1 1 5
403.765 1 1 6
67.7771 493.255 16 1
522.274 16 16 10
813.49 8 8 2
8 621.255 8 9
4 357.823 4 3
175.196 4 4 8
998 813.657 2 4
72 998 2 7
85.2548 1 1 5
20.4853 999 1 6
4 112 4 3
996 642.177 4 8
60.2843 2 2 4
2 816 2 7
1 158.177 1 5
882.745 999 1 6
996 600 4 3
816.804 996 4 8
998 48 2 4
2 549.255 2 7
878.946 999 1 5
902.745 1 1 6
87.4256 621.255 32 0
717.49 32 32 11
16 730.745 16 1
79.9399 463.656 16 10
33.8885 400 8 2
64 944 8 9
996 664.804 4 3
183.196 4 4 8
944.402 2 2 4
998 860.118 2 7
676 999 1 5
999 932.745 1 6
740.118 4 4 3
4 753.373 4 8
2 629.255 2 4
821.49 2 2 7
999 912.745 1 5
1 180.804 1 6
87.4256 872 32 0
968 538.745 32 11
16 698.51 16 1
99.4915 488.989 16 10
54.0944 427.911 8 2
65.3951 439.237 8 9
4 144 4 3
996 680 4 8
2 12 2 4
998 120 2 7
1 46.1421 1 5
474.676 1 1 6
4 682.51 4 3
868.118 4 4 8
998 112 2 4
2 820 2 7
383.765 1 1 5
1 89.0538 1 6
87.4256 557.255 32 0
288 968 32 11
77.088 923.883 16 1
109.02 921.8 16 10
34.3704 112.556 8 2
966.111 600 8 9
758.863 4 4 3
4 714.51 4 8
998 16 2 4
802.343 998 2 7
1 85.2548 1 5
1 954.828 1 6
256 992 8 2
71.1427 517.018 8 9
996 561.373 4 3
996 221.255 4 8
998 144 2 4
663.833 998 2 7
930.745 999 1 5
1 372 1 6
954.845 277.661 32 0
434.981 968 32 11
554.274 16 16 1
553.683 63.7751 16 10
466.981 992 8 2
990.214 258.978 8 9
191.196 4 4 3
4 400 4 8
2 944 2 4
948.402 2 2 7
324 1 1 5
123.397 1 1 6
491.87 904.396 32 0
653.49 32 32 11
559.706 95.2032 16 1
608.235 16 16 10
128 944 8 2
544.437 41.6275 8 9
748.118 4 4 3
538.274 4 4 8
998 116 2 4
998 986.343 2 7
126.225 1 1 5
117.255 1 1 6
960.03 585.201 8 2
576.902 8 8 9
624.235 4 4 3
502.606 19.6293 4 8
986.343 998 2 4
685.657 998 2 7
1 339.196 1 5
898.745 1 1 6
536.864 192.286 32 0
968 474.745 32 11
608.235 48 16 1
141.088 923.883 16 10
685.49 8 8 2
85.3307 509.622 8 9
588.215 4 4 3
546.744 919.913 4 8
196.853 2 2 4
2 445.255 2 7
914.745 1 1 5
1 981.172 1 6
968 410.745 32 0
352 968 32 11
583.912 74.2733 16 1
984 365.49 16 10
384 992 8 2
402.981 992 8 9
588.215 12 4 3
929.067 96 4 8
998 176 2 4
998 944.402 2 7
981.515 1 1 5
1 428 1 6
892.757 262.134 32 0
192 912.574 32 11
984 333.49 16 1
889.284 214.26 16 10
992 442.745 8 2
320 992 8 9
996 349.49 4 3
67.959 587.538 4 8
998 72 2 4
2 948 2 7
999 193.255 1 5
416.25 1 1 6
128.923 19.6293 4 3
996 388.118 4 8
64.2843 2 2 4
2 477.255 2 7
97.2548 1 1 5
401.765 1 1 6
50.026 416.621 4 3
932.041 33.7086 4 8
998 12 2 4
2 742.059 2 7
484.333 1 1 5
999 628 1 6
31.1849 90.2709 4 3
984.166 644.4 4 8
507.647 2 2 4
998 879.431 2 7
425.706 1 1 5
1 361.823 1 6
15.8337 355.6 4 3
533.765 36.1399 4 8
336.167 2 2 4
2 824 2 7
169.539 1 1 5
999 819.196 1 6
912.574 506.745 32 0
256 912.574 32 11
956.287 349.49 16 1
876.797 96 16 10
992 506.745 8 2
992 310.863 8 9
926.858 250.596 4 3
136.89 18.9052 4 8
764.52 2 2 4
998 140 2 7
999 816.485 1 5
87.2548 1 1 6
361.137 16.9443 4 3
99.2154 468.991 4 8
176 998 2 4
629.892 2 2 7
1 171.147 1 5
999 646.177 1 6
842.092 223.031 32 0
601.408 118.971 32 11
628.349 72.8889 16 1
560.156 150.316 16 10
992 294.863 8 2
928.287 543.53 8 9
881.45 33.7086 4 3
92.2729 910.867 4 8
48 2 2 4
998 685.657 2 7
1 108 1 5
999 45.1716 1 6
845.565 270.905 16 1
581.36 174.282 16 10
466.981 944 8 2
590.347 32 8 9
996 283.549 4 3
44.3035 411.031 4 8
112 998 2 4
136 998 2 7
910.745 1 1 5
999 596 1 6
447.792 66.3504 4 3
996 275.549 4 8
689.657 998 2 4
2 792 2 7
820.804 999 1 5
999 930.745 1 6
749.49 87.4256 32 0
912.574 442.745 32 11
873.284 186.547 16 1
527.491 239.361 16 10
531.685 908.233 8 2
396.135 977.539 8 9
980.371 313.822 4 3
12 154.177 4 8
998 393.775 2 4
693.49 2 2 7
999 857.289 1 5
934.745 1 1 6
598.94 966.291 4 3
51.4666 555.538 4 8
2 860 2 4
314.343 2 2 7
999 660.804 1 5
1 148 1 6
19.6453 364.335 4 3
951.508 128 4 8
998 52 2 4
248 998 2 7
1 18.8284 1 5
1 8 1 6
539.586 30.6517 4 3
966.189 574.902 4 8
879.431 2 2 4
861.49 2 2 7
1 44.1421 1 5
1 686.51 1 6
542.542 284.94 32 0
797.602 269.037 32 11
559.484 240.03 16 1
582.787 206.25 16 10
873.432 72.2372 8 2
560.412 40.7379 8 9
222.283 932.041 4 3
133.533 26.167 4 8
998 802.343 2 4
2 190.461 2 7
1 718.51 1 5
812 999 1 6
627.283 188.247 32 0
320 912.574 32 11
603.991 230.217 16 1
583.947 260.658 16 10
859.244 79.6332 8 2
961.199 325.998 8 9
59.272 932.971 4 3
11.6466 364.48 4 8
998 670.461 2 4
998 490.745 2 7
1 120 1 5
999 624 1 6
671.778 93.3316 32 0
384 912.574 32 11
937.307 323.727 16 1
518.681 326.589 16 10
573.397 50.087 8 2
555.536 126.764 8 9
749.49 48.4924 4 3
439.94 67.8813 4 8
998 798.343 2 4
633.892 2 2 7
1 690.51 1 5
999 197.255 1 6
58.8945 55.9308 4 3
904.469 201.243 4 8
948.402 998 2 4
998 494.745 2 7
1 374 1 5
668 999 1 6
518.451 374.589 32 0
912.574 378.745 32 11
548.799 337.4 16 1
321.717 948.533 4 3
67.959 902.283 4 8
2 747.716 2 4
998 183.598 2 7
999 217.255 1 5
951.23 1 1 6
635.828 91.4378 4 3
871.077 980.371 4 8
998 567.029 2 4
2 800 2 7
1 396 1 5
1 408 1 6
350.283 932.041 4 3
505.013 341.191 4 8
392 998 2 4
2 501.255 2 7
187.196 1 1 5
999 983.515 1 6
859.526 316.83 32 0
87.4256 808 32 11
906.717 308.059 16 1
590.008 292.079 16 10
395.504 961.551 8 2
599.922 159.069 8 9
749.49 15.5076 4 3
254.283 948.533 4 8
2 759.029 2 4
698.745 998 2 7
999 109.172 1 5
542.274 1 1 6
972 906.745 4 3
874.073 972.953 4 8
184 998 2 4
998 572.686 2 7
752.118 1 1 5
744.118 1 1 6
970.648 318.6 4 3
446.034 78.5545 4 8
244 998 2 4
2 856 2 7
900.745 1 1 5
983.515 999 1 6
963.898 314.306 4 3
964.144 367.883 4 8
998 458.745 2 4
998 522.745 2 7
530.274 1 1 5
1 442.426 1 6
48.4924 936 4 3
924.601 166.767 4 8
998 450.745 2 4
998 80 2 7
1 426 1 5
979.515 1 1 6
896.082 410.745 4 3
51.4666 809.717 4 8
998 498.745 2 4
310.343 2 2 7
999 173.172 1 5
582.558 1 1 6
62.7524 719.873 32 0
830.076 107.006 32 11
614.189 271.119 16 1
876.098 409.946 16 10
953.447 373.322 8 2
712.706 71.7128 8 9
860.118 983.056 4 3
583.187 18.2222 4 8
669.49 2 2 4
998 56 2 7
999 353.49 1 5
101.255 1 1 6
780.004 207.504 32 0
142.851 840 32 11
864.593 380.085 16 1
77.6014 668.239 16 10
573.856 309.83 8 2
813.49 56 8 9
678.439 57.9532 4 3
588.441 155.578 4 8
998 698.745 2 4
998 518.745 2 7
1 474.426 1 5
67.1127 1 1 6
142.851 776 32 0
352 857.149 32 11
819.728 180.559 16 1
635.547 235.53 16 10
933.339 558.711 8 2
801.524 66.6214 8 9
543.69 227.632 4 3
477.829 938.869 4 8
734.461 2 2 4
312 998 2 7
999 636 1 5
492.333 1 1 6
125.386 672.782 32 0
681.619 222.064 32 11
97.2499 761.016 16 1
793.964 161.579 16 10
786.353 71.7034 8 2
943.937 570.698 8 9
862.203 68.0039 4 3
401.06 33.7086 4 8
677.49 2 2 4
873.775 2 2 7
999 9.17157 1 5
999 18.8284 1 6
866.151 974.067 4 3
970.992 310.608 4 8
410.981 998 2 4
376 998 2 7
930.745 1 1 5
1 363.823 1 6
575.365 19.9012 4 3
807.991 234.569 4 8
998 426.745 2 4
2 920 2 7
999 882.26 1 5
999 873.775 1 6
611.494 155.894 4 3
527.129 897.132 4 8
998 514.745 2 4
998 794.343 2 7
510.475 1 1 5
1 352.167 1 6
51.4666 870.283 4 3
537.77 320.623 4 8
998 554.745 2 4
116 998 2 7
179.196 1 1 5
1 826.828 1 6
798.34 82.3013 8 2
68.424 759.468 8 9
548.636 116.946 4 3
579.745 154.347 4 8
2 990.343 2 4
2 545.255 2 7
333.338 1 1 5
999 146.828 1 6
198.277 808 32 0
683.738 158.099 32 11
754.405 248.108 16 1
734.572 222.995 16 10
849.452 183.714 8 2
455.015 933.379 8 9
713.686 83.6727 4 3
161.717 932.041 4 8
140 998 2 4
694.745 998 2 7
767.348 1 1 5
754.863 1 1 6
133.027 886.984 16 1
435.089 920 16 10
897.255 330.115 8 2
873.432 119.763 8 9
627.96 92.8851 4 3
867.359 61.887 4 8
301.255 2 2 4
482.981 998 2 7
620.235 1 1 5
173.172 999 1 6
198.277 744 32 0
485.781 429.622 32 11
854.916 160.344 16 1
718.436 191.266 16 10
825.456 66.6214 8 2
88.9861 689.367 8 9
875.214 60.3703 4 3
544.54 110.075 4 8
673.49 2 2 4
144 998 2 7
1 106 1 5
45.1716 1 1 6
135.21 625.798 16 1
731.572 162.086 16 10
878.748 163.177 8 2
889.03 343.839 8 9
889.134 35.935 4 3
35.6293 96.9228 4 8
450.981 998 2 4
120 998 2 7
999 594 1 5
912.745 1 1 6
719.942 141.092 8 2
817.456 156.667 8 9
540.654 101.29 4 3
372.097 19.6293 4 8
789.255 998 2 4
208 998 2 7
107.314 999 1 5
999 289.206 1 6
644.205 152.003 8 2
961.941 900.201 8 9
487.934 393.687 4 3
601.92 82.9746 4 8
2 796 2 4
697.49 2 2 7
616.235 1 1 5
999 279.549 1 6
628.647 148.27 8 2
875.233 147.568 8 9
98.4826 696.703 4 3
51.4666 619.538 4 8
200 998 2 4
454.981 998 2 7
999 396.603 1 5
1 150 1 6
854.236 68.728 4 3
915.461 290.072 4 8
2 301.255 2 4
2 65.9411 2 7
858.662 1 1 5
1 720.51 1 6
836.821 288.892 4 3
67.711 771.447 4 8
998 76 2 4
240 998 2 7
999 626 1 5
1 118 1 6
876.084 353.242 8 2
155.289 878.017 8 9
837.447 67.09 4 3
181.784 776 4 8
998 269.892 2 4
304 998 2 7
999 673.289 1 5
999 676 1 6
169.194 870.101 8 2
741.316 184.019 8 9
876.726 131.302 4 3
841.254 174.951 4 8
593.872 2 2 4
56 998 2 7
999 195.255 1 5
1 688.51 1 6
188.453 854.984 16 1
722.74 252.727 16 10
809.148 142.993 8 2
862.688 137.637 8 9
59.423 676.578 4 3
948.533 444.462 4 8
210.745 2 2 4
2 565.255 2 7
636.721 1 1 5
1 376 1 6
220.167 850.718 16 1
116.801 735.684 16 10
710.381 128.264 8 2
639.658 136.662 8 9
932.041 412.462 4 3
951.508 506.745 4 8
2 541.255 2 4
2 305.255 2 7
999 487.917 1 5
951.23 999 1 6
253.703 776 32 0
601.58 338.663 32 11
127.447 594.754 16 1
654.249 261.496 16 10
913.221 331.161 8 2
770.994 168.532 8 9
352 896.082 4 3
510.782 167.471 4 8
308 998 2 4
372 998 2 7
953.23 1 1 5
999 215.255 1 6
441.764 476.081 32 0
828.117 411.286 32 11
742.572 277.84 16 1
147.931 728.27 16 10
155.978 894.002 8 2
206.695 870.58 8 9
289.717 932.041 4 3
382.283 948.533 4 8
797.49 2 2 4
998 842.51 2 7
999 180.77 1 5
1 744.887 1 6
388.573 511.673 32 0
416 857.149 32 11
766.636 144.931 16 1
242.152 827.466 16 10
726.271 126.397 8 2
612.59 300.208 8 9
906.745 28 4 3
851.089 140.713 4 8
2 569.255 2 4
2 325.657 2 7
1 406 1 5
1 394 1 6
328.835 534.638 32 0
175.231 599.297 32 11
636.052 305.261 16 1
836.876 364.092 16 10
555.83 360.347 8 2
128.221 714.575 8 9
63.4716 62.4921 4 3
955.784 572.609 4 8
2 314.343 2 4
2 573.255 2 7
999 981.515 1 5
394.828 999 1 6
265.501 543.843 32 0
253.703 712 32 11
251.296 858.132 16 1
565.851 382.155 16 10
716.71 113.569 8 2
794.092 137.579 8 9
505.946 173.844 4 3
78.1359 752.42 4 8
52 998 2 4
998 430.745 2 7
544.274 1 1 5
1 761.858 1 6
201.697 538.834 32 0
198.277 680 32 11
305.016 866.973 16 1
685.116 269.937 16 10
756.441 175.181 8 2
420.785 896.862 8 9
836.622 168.428 4 3
107.711 591.514 4 8
2 481.255 2 4
414.981 998 2 7
999 575.515 1 5
999 569.858 1 6
305.14 594.09 32 0
553.065 428.421 32 11
273.282 834.88 16 1
140.921 565.729 16 10
112.416 712.088 8 2
863.327 430.266 8 9
572.131 38.1539 4 3
705.951 81.6314 4 8
48 998 2 4
998 318.863 2 7
999 341.49 1 5
981.515 999 1 6
253.703 648 32 0
789.001 360.63 32 11
309.282 835.259 16 1
230.799 577.006 16 10
222.172 874.634 8 2
435.966 891.809 8 9
715.911 211.106 4 3
708.051 89.3509 4 8
998 302.863 2 4
2 676.853 2 7
1 853.172 1 5
1 448.083 1 6
368.475 584.884 32 0
335.783 795.237 32 11
592.09 400.473 16 1
853.373 452.104 16 10
447.953 881.211 8 2
664.964 282.971 8 9
786.422 83.7032 4 3
70.9332 840 4 8
2 485.255 2 4
801.49 2 2 7
532.274 1 1 5
999 461.574 1 6
445.991 539.942 32 0
684.402 317.931 32 11
463.636 863.045 16 1
822.104 458.908 16 10
789.139 95.3914 8 2
254.225 582.221 8 9
891.676 194.403 4 3
845.395 67.9999 4 8
306.343 2 2 4
998 136 2 7
999 357.49 1 5
1 424 1 6
504.007 490.972 32 0
309.128 680 32 11
378.501 817.128 16 1
843.631 482.585 16 10
245.741 595.787 8 2
640.363 328.871 8 9
212.167 881.259 4 3
502.845 166.47 4 8
2 60.2843 2 4
998 434.745 2 7
999 84.6863 1 5
99.2548 1 1 6
381.741 836.863 4 3
82.3712 521.251 4 8
180 998 2 4
2 633.255 2 7
999 345.49 1 5
69.1127 1 1 6
916.327 542.549 4 3
475.745 464.195 4 8
418.981 998 2 4
206.745 2 2 7
999 525.574 1 5
999 701.574 1 6
633.147 98.9754 4 3
232.951 866.098 4 8
204 998 2 4
805.49 2 2 7
642.177 1 1 5
999 638 1 6
663.279 187.721 4 3
875.322 429.931 4 8
2 669.255 2 4
998 376.804 2 7
731.632 1 1 5
876.603 1 1 6
731.322 137.283 4 3
948.533 65.7171 4 8
2 888 2 4
568.902 2 2 7
932.745 1 1 5
999 875.775 1 6
166.666 881.832 4 3
217.743 710.283 4 8
264 998 2 4
793.255 998 2 7
1 917.172 1 5
512.475 1 1 6
93.2548 28 4 3
159.9 744.293 4 8
2 880 2 4
458.981 998 2 7
999 551.917 1 5
1 987.515 1 6
981.095 305.855 4 3
299.54 555.561 4 8
998 382.461 2 4
998 694.745 2 7
769.348 1 1 5
701.574 999 1 6
107.075 470.482 4 3
80.9385 772.589 4 8
336 998 2 4
998 689.657 2 7
485.809 999 1 5
146.828 999 1 6
455.042 921.379 4 3
214.769 776 4 8
998 952 2 4
825.49 2 2 7
666.662 1 1 5
999 592 1 6
515.958 260.665 4 3
685.49 48.4924 4 8
701.49 2 2 4
798.343 998 2 7
999 604 1 5
618.235 1 1 6
564.799 214.993 4 3
237.21 744 4 8
829.49 2 2 4
2 194.461 2 7
1 789.172 1 5
999 398.603 1 6
234.26 809.089 4 3
900.814 341.575 4 8
2 605.255 2 4
998 789.255 2 7
1 140 1 5
448.152 999 1 6
70.254 66.7347 4 3
813.536 67.9999 4 8
2 509.255 2 4
2 637.255 2 7
1 722.51 1 5
1 710.51 1 6
424.567 511.011 4 3
856.732 361.695 4 8
202.745 2 2 4
272 998 2 7
1 69.2548 1 5
1 116 1 6
162.335 511.364 16 1
647.776 351.697 16 10
293.415 643.215 8 2
157.345 635.075 8 9
479.945 394.098 4 3
980.355 635.665 4 8
268 998 2 4
998 454.745 2 7
1 136 1 5
237.172 999 1 6
132.992 498.596 16 1
629.318 377.837 16 10
172.798 639.223 8 2
290.22 885.869 8 9
937.136 343.726 4 3
90.3383 520.527 4 8
332 998 2 4
2 309.255 2 7
1 706.51 1 5
596.701 1 1 6
718.617 276.37 8 2
100.62 514.338 8 9
908.328 542.494 4 3
828.02 162.359 4 8
998 265.892 2 4
328 998 2 7
638.721 1 1 5
953.23 999 1 6
281.631 872.37 8 2
832.504 151.228 8 9
260.497 819.5 4 3
162.318 806.283 4 8
368 998 2 4
2 198.461 2 7
1 298.426 1 5
1 538.426 1 6
188.64 636.982 8 2
819.632 482.78 8 9
808.697 76.2416 4 3
830.381 283.921 4 8
76 998 2 4
9.65685 2 2 7
999 213.255 1 5
301.172 999 1 6
805.177 475.921 8 2
406.681 547.339 8 9
932.041 473.028 4 3
402.742 951.98 4 8
474.981 998 2 4
2 202.461 2 7
956.686 1 1 5
1 739.23 1 6
218.555 886.076 4 3
44.031 105.437 4 8
2 613.255 2 4
2 206.461 2 7
1 392 1 5
1 404 1 6
106.892 838.283 4 3
524.654 889.524 4 8
998 226.912 2 4
2 505.255 2 7
1 328.485 1 5
1 331.196 1 6
588.664 43.8814 4 3
286.017 514.261 4 8
2 884 2 4
478.981 998 2 7
882.745 1 1 5
396.828 999 1 6
761.675 266.74 4 3
103.824 720.465 4 8
2 210.745 2 4
2 609.255 2 7
999 979.515 1 5
1 576.083 1 6
608.959 67.9869 4 3
567.903 31.3626 4 8
16 2 2 4
80 998 2 7
1 763.858 1 5
546.274 1 1 6
698.734 125.371 4 3
702.839 64.8835 4 8
998 230.912 2 4
6 437.657 2 7
999 423.917 1 5
979.515 999 1 6
520.56 882.651 4 3
98.8983 726.769 4 8
908.96 197.265 2 4
994 382.461 2 7
999 321.691 1 5
999 325.49 1 6
944.069 941.105 4 3
650.507 141.791 4 8
254.627 840.443 2 4
563.319 934.002 2 7
45.1716 999 1 5
534.274 1 1 6
906.745 972 4 3
97.526 741.018 4 8
539.281 107.186 2 4
874.143 204.526 2 7
794.662 1 1 5
999 355.49 1 6
100.468 713.204 4 3
361.603 549.546 4 8
994.385 54.2885 2 4
994.536 516.745 2 7
298.426 1 1 5
1 63.1127 1 6
64.1457 683.035 4 3
703.14 118.694 4 8
990.343 994 2 4
934.021 158.808 2 7
999 343.49 1 5
999 703.574 1 6
278.379 883.921 4 3
505.602 27.0472 4 8
176.309 833.95 2 4
121.403 873.24 2 7
213.574 1 1 5
421.809 999 1 6
484.94 113.39 4 3
744.066 205.392 4 8
280.121 513.147 2 4
843.348 380.888 2 7
210.828 999 1 5
729.632 1 1 6
929.311 342.059 4 3
453.986 913.449 4 8
5.4641 483.255 2 4
583.82 308.981 2 7
1 666.426 1 5
1 674.024 1 6
575.898 31.0965 4 3
514.173 307.104 4 8
120.838 614.961 2 4
631.811 360.011 2 7
566.073 1 1 5
1 892.686 1 6
955.949 315.208 4 3
886.946 171.94 4 8
951.699 577.004 2 4
56 938 2 7
786.426 999 1 5
703.574 999 1 6
395.509 772.242 32 0
764.69 419.833 32 11
874.899 475.781 16 1
225.417 608.55 16 10
517.9 453.462 8 2
391.254 551.583 8 9
476.944 113.149 4 3
689.923 55.1523 4 8
5.4641 946 2 4
72.8891 768.416 2 7
999 379.632 1 5
999 954.828 1 6
799.608 439.344 8 2
402.643 562.821 8 9
602.991 254.548 4 3
635.161 255.527 4 8
567.309 934.277 2 4
624.187 975.66 2 7
999 947.23 1 5
999 606 1 6
798.245 461.5 8 2
649.085 284.934 8 9
709.933 268.089 4 3
921.811 294.938 4 8
880.99 230.235 2 4
828.106 254.021 2 7
704.319 1 1 5
832.319 1 1 6
789.222 474.714 8 2
723.017 291.753 8 9
695.938 60.8358 4 3
948.234 581.902 4 8
155.882 14 2 4
826.284 990.185 2 7
999 786.426 1 5
1 640.083 1 6
588.616 51.8813 4 3
33.7086 689.214 4 8
476.692 994.385 2 4
5.4641 862 2 7
199.917 1 1 5
1 138 1 6
226.55 885.807 4 3
854.204 354.105 4 8
932.818 91.3169 2 4
990.122 643.668 2 7
274.828 999 1 5
598.701 1 1 6
581.57 40.1834 4 3
271.008 854.751 4 8
50.0629 490.06 2 4
118.288 994.385 2 7
1 708.51 1 5
338.828 999 1 6
640.776 276.276 4 3
451.8 441.509 4 8
993.786 452.584 2 4
573.095 299.859 2 7
955.23 999 1 5
999 263.064 1 6
270.195 680 4 3
41.6079 687.949 4 8
966.93 199.545 2 4
163.568 749.041 2 7
1 513.941 1 5
1 296.426 1 6
745.42 197.507 4 3
603.889 75.2209 4 8
99.0393 732.767 2 4
121.251 707.404 2 7
365.172 999 1 5
1 600.569 1 6
563.417 351.05 4 3
883.364 41.4763 4 8
9.81467 336.676 2 4
994 990.343 2 7
1 213.574 1 5
82.8284 999 1 6
466.935 932 4 3
569.665 221.343 4 8
500.273 171.89 2 4
969.435 912.169 2 7
18.8284 1 1 5
12.4853 1 1 6
570.087 321.222 4 3
808.57 487.431 4 8
875.932 226.331 2 4
994.536 74 2 7
562.274 1 1 5
999 233.74 1 6
615.529 442.361 32 0
464.203 815.048 32 11
341.953 624.892 16 1
136.606 530.392 16 10
900.201 961.941 8 2
174.277 712 8 9
658.122 292.829 4 3
918.369 550.284 4 8
412.692 994.385 2 4
76.205 65.9694 2 7
999 373.49 1 5
296.426 1 1 6
356.205 495.915 4 3
295.256 849.516 4 8
754.173 52.2432 2 4
246 994.536 2 7
999 705.574 1 5
215.574 1 1 6
384.66 646.804 32 0
725.575 369.177 32 11
289.48 744 16 1
493.93 852.735 16 10
605.327 378.487 8 2
401.886 811.73 8 9
796.524 484.236 4 3
102.422 705.446 4 8
458.947 916.823 2 4
9.92528 681.566 2 7
705.574 999 1 5
784.426 999 1 6
161.848 535.359 8 2
416.852 806.072 8 9
813.951 493.35 4 3
285.883 861.149 4 8
514.068 266.36 2 4
434.28 65.8895 2 7
999 608 1 5
999 784.426 1 6
428.403 795.001 8 2
300.005 813.124 8 9
265.987 579.84 4 3
123.385 806.283 4 8
6.2143 503.094 2 4
837.038 162.442 2 7
999 261.064 1 5
1 294.426 1 6
594.235 373.906 4 3
270.757 862.747 4 8
580.721 91.9883 2 4
619.549 34 2 7
1 215.574 1 5
999 235.74 1 6
192 951.508 4 3
352.786 507.761 4 8
675.49 5.4641 2 4
996.078 947.91 2 7
294.426 1 1 5
217.574 1 1 6
237.21 680 4 3
862.042 355.711 4 8
542.374 153.112 2 4
823.202 5.61535 2 7
999 707.574 1 5
782.426 999 1 6
521.886 410.425 4 3
48.7635 98.9871 4 8
934.543 102.05 2 4
356.683 892.331 2 7
707.574 999 1 5
999 782.426 1 6
586.634 371.414 4 3
428.817 806.994 4 8
85.501 32 2 4
64.4911 68.4049 2 7
1 292.426 1 5
999 237.74 1 6
443.917 440.146 4 3
53.595 682.059 4 8
162.475 738.874 2 4
772.315 246.309 2 7
1 217.574 1 5
219.574 1 1 6
511.265 32.6975 4 3
484.47 386.475 4 8
5.4641 611.255 2 4
990.185 663.324 2 7
292.426 1 1 5
780.426 999 1 6
878.874 366.084 4 3
405.997 480.17 4 8
63.7538 449.102 2 4
925.567 337.371 2 7
999 709.574 1 5
999 780.426 1 6
449.039 434 4 3
988.733 637.831 4 8
987.778 566.401 2 4
3.92202 441.747 2 7
709.574 999 1 5
999 239.74 1 6
113.721 474.935 4 3
482.65 869.25 4 8
998 242.569 2 4
891.186 188.423 2 7
1 290.426 1 5
221.574 1 1 6
706.658 275.387 4 3
382.283 876.615 4 8
998 246.569 2 4
456.981 994.536 2 7
1 219.574 1 5
778.426 999 1 6
335.707 569.976 4 3
872.867 437.545 4 8
998 250.569 2 4
92.1813 743.745 2 7
290.426 1 1 5
999 778.426 1 6
413.317 557.337 4 3
145.518 642.937 4 8
566.092 76.814 2 4
73.8393 942.214 2 7
999 711.574 1 5
711.574 999 1 6
759.491 381.248 4 3
425.579 814.309 4 8
8 149.704 2 4
598.704 250.351 2 7
223.574 1 1 5
1 288.426 1 6
163.655 700.034 8 2
99.7988 38.0586 8 9
232.6 880.572 4 3
469.048 499.566 4 8
534.689 101.934 2 4
554.635 116.805 2 7
776.426 999 1 5
1 221.574 1 6
407.076 945.255 4 3
517.019 222.322 4 8
993.786 118.161 2 4
697.204 119.57 2 7
999 776.426 1 5
288.426 1 1 6
364.086 541.942 4 3
271.842 879.311 4 8
574.134 401.735 2 4
179.508 836.35 2 7
999 253.397 1 5
1 223.574 1 6
169.146 722.848 4 3
980.371 871.077 4 8
721.529 208.998 2 4
484.333 8.47214 2 7
999 255.397 1 5
4.90733 315.083 1 6
264.87 587.762 4 3
831.212 294.596 4 8
538.274 24.2462 2 4
121.314 869.241 2 7
66.4853 582.76 1 5
77.741 523.138 1 6
708.698 283.123 4 3
562.868 314.654 4 8
417.607 4.08671 2 4
934.161 535.437 2 7
966.179 363.316 1 5
325.382 945.132 1 6
146.685 901.594 4 3
890.632 164.84 4 8
97.9322 463.13 2 4
84.7336 499.294 2 7
637.721 2.73205 1 5
997.268 901.745 1 6
609.62 80.8035 4 3
566.61 131.386 4 8
108.874 774.76 2 4
926.11 411.556 2 7
2.73205 149 1 5
869.839 80.4891 1 6
937.508 936.528 4 3
412.532 817.267 4 8
535.863 66.3158 2 4
694.161 190.462 2 7
800.647 145.948 1 5
997.268 216.255 1 6
821.94 145.536 4 3
972.953 874.073 4 8
817.42 72.5728 2 4
589.179 17.922 2 7
2.80767 8.85576 1 5
792.629 65.2528 1 6
576.629 225.279 4 3
294.796 522.92 4 8
5.4641 631.255 2 4
524.674 915.364 2 7
180.142 634.02 1 5
933.826 3.10715 1 6
211.093 573.586 4 3
460.334 506.922 4 8
603.669 304.728 2 4
204.784 841.372 2 7
952.23 2.73205 1 5
4.23607 196.461 1 6
889.036 157.001 4 3
267.548 815.72 4 8
750.96 230.441 2 4
717.485 173.291 2 7
88.2548 2.73205 1 5
123.397 3 1 6
181.971 646.959 4 3
792.102 396.496 4 8
233.459 748.683 2 4
939.689 990.075 2 7
997.192 818.34 1 5
399.939 969.382 1 6
202.337 628.712 8 2
292.845 767.763 8 9
123.3 575.189 4 3
369.431 547.895 4 8
355.873 934.221 2 4
982.054 443.786 2 7
2.73205 405 1 5
3.10715 372.92 1 6
925.746 301.903 4 3
19.6453 147.665 4 8
5.61535 926.288 2 4
996.078 673.969 2 7
2.73205 395 1 5
26.2668 91.1724 1 6
137.712 994.385 2 4
315.322 852.215 2 7
862.487 63.0119 1 5
597.091 997.192 1 6
612.261 388.281 4 3
257.567 593.747 4 8
80.1514 766.641 2 4
129.316 807.19 2 7
392.472 995.037 1 5
518.831 995.004 1 6
636.061 269.813 4 3
206.347 617.402 4 8
5.4641 818 2 4
621.087 154.816 2 7
622.378 997 1 5
4.23607 571.255 1 6
151.612 648.12 4 3
203.186 574.803 4 8
219.924 715.873 2 4
275.671 673.95 2 7
997.192 194.111 1 5
901.745 2.73205 1 6
90.8908 33.5147 2 4
632.357 322.878 2 7
543.274 2.73205 1 5
49.2612 411.68 1 6
293.415 716.785 8 2
741.579 131.054 8 9
175.07 651.006 4 3
933.265 929.746 4 8
565.951 260.282 2 4
607.993 291.328 2 7
878.988 126.843 1 5
552.654 45.2994 1 6
821.858 494.572 4 3
405.977 472.17 4 8
79.5224 686.136 2 4
98.0867 718.711 2 7
45.1325 428.738 1 5
995.764 492.745 1 6
471.81 507.075 4 3
888.404 964.138 4 8
766.218 385.867 2 4
860.507 400.949 2 7
995.764 428.745 1 5
2.80767 427.144 1 6
515.049 876.852 4 3
843.701 143.784 4 8
73.8901 588.444 2 4
141.663 583.714 2 7
716.775 79.7404 1 5
997.268 933.745 1 6
564.992 345.26 2 4
930.025 158.996 2 7
997 321.691 1 5
906.058 196.503 1 6
752.51 329.447 16 1
661.185 380.753 16 10
434.692 780.288 8 2
822.181 302.498 8 9
228.24 514.514 4 3
298.224 515.691 4 8
300.178 884.951 2 4
382.809 842.768 2 7
684.917 995.093 1 5
533.274 2.73205 1 6
701.263 428.38 32 0
453.387 744.926 32 11
411.181 606.796 16 1
409.178 726.229 16 10
775.611 322.938 8 2
616.015 402.364 8 9
704.937 261.84 4 3
617.777 244.707 4 8
595.412 379.79 2 4
695.33 6.2143 2 7
546.654 924.912 1 5
232.233 813.66 1 6
163.108 651.955 8 2
450.82 901.874 8 9
579.77 367.305 4 3
237.541 872.651 4 8
762.976 162.555 2 4
835.985 447.448 2 7
651.474 146.696 1 5
799.49 4.23607 1 6
737.754 459.563 16 1
430.754 702.597 16 10
163.674 551.255 8 2
318.922 631.641 8 9
697.609 254.318 4 3
195.143 873.831 4 8
265.839 993.786 2 4
562.893 257.704 2 7
3 63.1127 1 5
3 744.887 1 6
788.916 486.71 4 3
621.208 291.858 4 8
533.608 30.142 2 4
389.824 969.781 2 7
995.15 519.682 1 5
995.764 50 1 6
627.648 287.113 4 3
936.409 351.693 4 8
990.655 385.392 2 4
990.185 285.029 2 7
866.401 145.835 1 5
997.268 344.49 1 6
447.995 637.599 32 0
572.225 489.485 32 11
352.791 750.352 16 1
376.043 728.366 16 10
761.754 459.725 8 2
643.621 397.109 8 9
627.355 253.776 4 3
880.807 966.644 4 8
310.288 994.385 2 4
53.6469 804.127 2 7
709.758 119.285 1 5
504.996 15.2376 1 6
438.723 590.503 16 1
345.377 719.223 16 10
777.623 457.684 8 2
728.511 329.285 8 9
286.586 633.348 4 3
174.601 880.814 4 8
942.548 182.543 2 4
881.596 78.0118 2 7
997 569.858 1 5
846.241 175.306 1 6
117.025 516.515 8 2
278.789 811.521 8 9
446.692 780.298 4 3
503.929 48.9433 4 8
622.709 89.9824 2 4
601.344 69.7876 2 7
4.85008 480.318 1 5
4.23607 886 1 6
756.977 162.444 4 3
579.451 241.17 4 8
9.81467 175.324 2 4
770.978 331.8 2 7
518.511 309.59 1 5
572.463 15.8295 1 6
342.312 501.256 4 3
717.515 334.091 4 8
167.905 728.718 2 4
934.143 568.679 2 7
966.058 309.797 1 5
876.59 995.037 1 6
736.408 203.079 4 3
508.394 872.413 4 8
33.0704 736.455 2 4
3.92202 673.345 2 7
54.818 935.243 1 5
4.29629 985.931 1 6
756.319 474.773 8 2
309.089 720 8 9
245.402 607.782 4 3
635.433 285.271 4 8
904.846 336.625 2 4
584.168 47.8543 2 7
64.5355 767.585 1 5
4.85008 948.936 1 6
581.733 454.764 4 3
847.898 75.7262 4 8
530.144 891.945 2 4
912.169 969.435 2 7
997.192 595.144 1 5
627.178 975.424 1 6
54 994.536 2 4
17.9457 809.041 2 7
704.106 86.2785 1 5
828.142 987.83 1 6
260.749 811.504 4 3
515.566 868.869 4 8
660.522 195.401 2 4
621.138 224.742 2 7
952.773 579.805 1 5
995.764 142 1 6
899.797 228.871 2 4
971.201 217.911 2 7
308.343 4.23607 1 5
199.917 3 1 6
698.494 284.804 4 3
124.686 480.403 4 8
799.312 429.349 2 4
803.65 134.64 2 7
4.85008 859.064 1 5
213.555 886.063 1 6
853.859 254.93 2 4
467.979 17.9457 2 7
593.132 4.90733 1 5
334 995.764 1 6
789.543 445.878 4 3
186.048 506.413 4 8
60.2843 6 2 4
97.5183 907.954 2 7
2.80767 709.654 1 5
114 995.764 1 6
732.079 404.585 4 3
398.609 477.1 4 8
152.891 16.6553 2 4
596.372 273.682 2 7
576.661 36.038 1 5
783.941 88.0444 1 6
543.315 247.94 2 4
445.263 935.592 2 7
951.23 997 1 5
995.764 456.745 1 6
295.857 797.671 8 2
328.281 644.617 8 9
495.523 832.799 4 3
589.434 380.305 4 8
735.671 122.986 2 4
729.744 143.072 2 7
988.343 4.23607 1 5
124.13 706.559 1 6
269.655 871.615 4 3
921.324 341.614 4 8
924.777 183.864 2 4
438.301 442.258 2 7
78 995.764 1 5
901.889 997.192 1 6
943.204 991.985 2 4
814.531 46.0543 2 7
12.1699 338.534 1 5
2.80767 330.34 1 6
766.386 309.865 8 2
714.654 466.072 8 9
459.862 882.685 4 3
172.293 559.604 4 8
9.92528 144.944 2 4
83.1876 481.361 2 7
178 995.764 1 5
879.494 38.3102 1 6
380.289 546.707 4 3
163.187 688.043 4 8
224.313 829.866 2 4
265.192 744 2 7
12.4853 3 1 5
970.78 901.896 1 6
421.459 934.636 4 3
717.507 233.424 4 8
619.073 88.3148 2 4
6.2143 547.416 2 7
501.036 174.792 1 5
507.189 163.994 1 6
700.566 279.173 2 4
540.981 994.536 2 7
379.966 3 1 5
475.967 943.51 1 6
565.715 114.279 4 3
244.332 876.88 4 8
723.54 65.4574 2 4
798.648 92.2965 2 7
566.073 3 1 5
995.15 76.9365 1 6
657.805 404.514 8 2
791.454 320.705 8 9
737.516 142.346 4 3
316.347 643.361 4 8
954.464 443.556 2 4
546.973 80.4778 2 7
11.6569 995.764 1 5
997 379.632 1 6
806.905 324.861 8 2
654.398 130.439 8 9
610.995 248.951 4 3
278.978 854.052 4 8
552.714 369.849 2 4
155.2 527.89 2 7
663.005 291.756 1 5
997 9.17157 1 6
293.38 823.129 4 3
525.908 462.4 4 8
866.322 283.516 2 4
881.622 392.814 2 7
3 89.0538 1 5
997.268 637 1 6
536.619 467.81 8 2
641.639 120.785 8 9
222.785 892.866 4 3
282.538 626.448 4 8
129.041 982.054 2 4
201.839 993.786 2 7
243.064 995.15 1 5
751.313 53.1483 1 6
736.107 300.953 8 2
415.844 583.253 8 9
116.695 528.51 4 3
668.622 399.318 4 8
775.159 243.497 2 4
266.505 809.811 2 7
637.314 96.2118 1 5
876.603 3 1 6
724.419 303.671 4 3
981.095 863.11 4 8
184.223 713.041 2 4
801.734 131.129 2 7
2.73205 362.823 1 5
402.909 2.80767 1 6
752.071 299.88 8 2
344.707 648.734 8 9
414.424 938.446 4 3
770.829 467.576 4 8
552.684 919.072 2 4
393.212 806.755 2 7
2.80767 687.365 1 5
805.427 466.924 1 6
819.492 334.739 8 2
723.878 479.145 8 9
578.301 233.253 4 3
109.229 525.637 4 8
913.024 547.558 2 4
840.647 464.834 2 7
997.268 605 1 5
435.024 68.7958 1 6
707.944 480.597 8 2
329.406 755.749 8 9
675.303 394.918 4 3
153.522 905.748 4 8
65.4574 647.205 2 4
970 376.804 2 7
995.764 267.892 1 5
834.434 163.932 1 6
744.838 478.266 4 3
778.307 311.245 4 8
886.083 353.395 2 4
75.5224 686.118 2 7
4.23607 507.255 1 5
995.764 228.912 1 6
994.333 817.432 2 4
879.663 136.534 2 7
866.25 979.066 1 5
616.65 33.2286 1 6
669.484 407.272 4 3
264.084 877.357 4 8
12.2222 59.6557 2 4
16 105.882 2 7
511.475 2.73205 1 5
672.554 4.85008 1 6
257.361 606.787 8 2
802.778 309.402 8 9
208.194 581.042 4 3
390.267 948.025 4 8
995.913 179.413 2 4
645.283 369.524 2 7
858.725 351.969 1 5
845.465 378.763 1 6
735.874 479.474 4 3
735.245 319.352 4 8
615.895 85.8854 2 4
292.469 517.389 2 7
353.823 891.426 1 5
933.723 94.1771 1 6
161.92 885.502 2 4
418.387 815.953 2 7
43.0956 110.349 1 5
933.745 997.268 1 6
727.505 317.327 4 3
319.708 714.41 4 8
534.176 949.937 2 4
831.842 255.449 2 7
985.846 304.296 1 5
995.764 687.657 1 6
320.861 722.327 4 3
567.68 362.239 4 8
470.117 39.7819 2 4
448.319 73.0063 2 7
61.7498 67.1863 1 5
995.093 803.083 1 6
331.682 738.932 8 2
670.723 358.729 8 9
111.596 35.8625 4 3
781.444 483.852 4 8
548.607 224.193 2 4
585.251 242.705 2 7
164.013 741.45 1 5
58.5641 681.504 1 6
294.306 631.248 4 3
567.012 328.608 4 8
488.611 869.931 2 4
387.289 972.875 2 7
187.196 7 1 5
911.745 997.268 1 6
217.743 649.717 4 3
416.813 928.123 4 8
609.24 395.008 2 4
674.596 255.331 2 7
15.5918 361.408 1 5
619.38 2.80767 1 6
888.909 177.61 2 4
734.511 435.492 2 7
333.338 3 1 5
800.343 995.764 1 6
327.046 711.224 4 3
967.302 879.736 4 8
867.191 439.489 2 4
993.44 182.556 2 7
4.85008 608.318 1 5
576.366 158.032 1 6
243.078 515.679 4 3
456.289 889.843 4 8
475.559 472.353 2 4
551.683 462.392 2 7
590.96 159.897 1 5
4.23607 794 1 6
527.399 456.588 2 4
410.14 537.956 2 7
754.007 2.80767 1 5
983.986 639.403 1 6
776.525 303.446 4 3
480.733 120.194 4 8
33.6293 102.58 2 4
8.01524 678.051 2 7
453.235 436.719 1 5
893.808 189.881 1 6
459.308 5.61535 2 4
513.731 937.366 2 7
112.068 470.216 1 5
585.809 997 1 6
232.955 520.976 4 3
404.339 588.003 4 8
57.3528 9.3453 2 4
32 69.0086 2 7
995.764 796.343 1 5
2.73205 719.51 1 6
80.1993 65.7575 2 4
571.251 59.854 2 7
454.044 995.15 1 5
667.144 997.192 1 6
777.429 476.932 4 3
114.011 504.899 4 8
967.558 372.816 2 4
802.385 485.523 2 7
911.745 2.73205 1 5
2.73205 117 1 6
314.44 761.407 8 2
419.779 665.952 8 9
770.237 298.5 4 3
162.277 680.095 4 8
382.959 982.054 2 4
387.053 966.897 2 7
995.764 244.569 1 5
123.463 613.509 1 6
409.466 678.184 8 2
691.218 389.661 8 9
307.029 630.04 4 3
425.213 575.755 4 8
671.196 189.701 2 4
636.4 263.823 2 7
366.115 16.4775 1 5
536.614 104.235 1 6
674.814 284.697 2 4
957.521 594.881 2 7
995.764 114 1 5
176.567 836.939 1 6
703.179 469.583 4 3
823.229 349.472 4 8
228.614 891.441 2 4
206.207 880.568 2 7
4.7263 313.091 1 5
720.844 211.919 1 6
227.873 934.221 2 4
457.918 908.917 2 7
76.2264 524.444 1 5
119.974 866.557 1 6
803.795 450.861 4 3
784.17 305.802 4 8
12.2222 433.599 2 4
166.062 717.702 2 7
326.422 946.841 1 5
931.192 535.011 1 6
269.856 584.425 2 4
513.021 933.43 2 7
567.592 316.292 1 5
997.192 911.601 1 6
114.849 895.323 4 3
165.129 563.166 4 8
304.714 558.6 2 4
91.4925 679.686 2 7
928.134 409.342 1 5
793.151 63.3221 1 6
233.551 526.946 2 4
110.019 509.379 2 7
4.23607 14 1 5
820.124 73.8719 1 6
289.551 779.302 4 3
187.221 874.946 4 8
386.94 982.442 2 4
280.037 862.498 2 7
817.417 147.667 1 5
4.85008 634.191 1 6
480.633 9.99249 2 4
991.081 819.761 2 7
4.99624 194.611 1 5
122.14 4.55556 1 6
798.178 126.296 4 3
773.444 483.869 4 8
233.459 684.683 2 4
926.299 256.57 2 7
98.1106 2.80767 1 5
753.883 231.116 1 6
5.4641 567.255 2 4
65.0407 953.946 2 7
232.554 745.823 1 5
983.171 441.001 1 6
818.721 322.764 4 3
153.875 544.328 4 8
797.35 393.589 2 4
966.485 909.109 2 7
355.226 931.292 1 5
366.136 551.656 1 6
683.372 61.3693 2 4
586.8 424.177 2 7
181.006 632.216 1 5
25.0315 398.403 1 6
109.021 900.804 4 3
404.142 580.005 4 8
764.443 300.056 2 4
802.039 235.328 2 7
987.83 661.466 1 5
926.391 296.945 1 6
37.6293 102.58 2 4
548.23 937.366 2 7
860.508 63.2999 1 5
142 995.764 1 6
555.804 318.409 4 3
308.452 771.807 4 8
89.9682 655.16 2 4
107.959 703.136 2 7
520.747 995.575 1 5
394.229 995.992 1 6
994.385 497.034 2 4
111.334 586.731 2 7
132.315 807.273 1 5
77.8971 768.621 1 6
685.938 374.558 8 2
406.755 702.352 8 9
116.681 903.111 4 3
744.689 309.341 4 8
974.267 348.632 2 4
922.843 334.441 2 7
101.145 744.468 1 5
621.121 995.444 1 6
577.696 94.6046 2 4
292.136 806.953 2 7
4.85008 820.936 1 5
201.918 619.722 1 6
297.536 778.808 4 3
813.483 314.824 4 8
946.032 121.95 2 4
15.5924 158.982 2 7
216.994 715.226 1 5
51.2589 411.776 1 6
287.936 787.137 4 3
414.391 565.265 4 8
362.827 533.879 2 4
946.353 60.1273 2 7
89.2548 31 1 5
43.4816 429.867 1 6
409.002 466.989 2 4
259.873 946.353 2 7
98.951 721.584 1 5
817.446 496.926 1 6
200.112 640.504 4 3
316.783 729.209 4 8
687.045 62.952 2 4
880.733 427.339 2 7
995.004 430.595 1 5
144.35 582.379 1 6
163.145 672.142 4 3
769.429 476.95 4 8
9.3453 750.647 2 4
994.001 670.55 2 7
71.8656 590.658 1 5
904.073 196.259 1 6
53.6469 875.873 2 4
375.118 799.448 2 7
995.444 320.434 1 5
928.344 161.481 1 6
532.254 953.445 2 4
78.3684 758.416 2 7
686.909 995.274 1 5
384.967 840.683 1 6
73.6435 772.344 2 4
602.295 248.589 2 7
316.868 854.786 1 5
281.445 887.871 1 6
139.39 710.185 4 3
309.553 639.139 4 8
200.819 841.905 2 4
909.351 966.596 2 7
830.691 299.569 1 5
432.088 803.212 1 6
994 944.402 2 4
755.754 353.517 2 7
699.49 4.23607 1 5
801.34 4.99624 1 6
758.596 289.809 4 3
147.161 708.284 4 8
994 567.029 2 4
86.6934 908.66 2 7
635.464 154.146 1 5
427.073 890.423 1 6
634.695 127.981 2 4
793.793 402.253 2 7
180.038 651.57 1 5
150.508 643.243 1 6
470.385 595.14 16 1
462.389 697.778 16 10
317.023 745.617 8 2
644.301 413.095 8 9
830.05 345.293 4 3
765.444 483.887 4 8
165.282 887.67 2 4
511.996 407.97 2 7
565.864 257.284 1 5
531.158 31.8736 1 6
208.018 639.283 4 3
413.523 692.443 4 8
8.42881 60.9246 2 4
271.878 580.974 2 7
997.192 354.346 1 5
855.504 143.059 1 6
870.843 9.3453 2 4
65.9364 651.176 2 7
620.94 296.851 1 5
501.322 24.4617 1 6
405.791 690.391 4 3
964.138 888.404 4 8
396.752 951.629 2 4
466.232 504.864 2 7
708.667 117.609 1 5
50.7173 804.774 1 6
475.571 614.456 4 3
476.161 513.788 4 8
867.729 111.549 2 4
532.735 894.992 2 7
883.665 962.542 1 5
878.031 64.5012 1 6
786.511 123.49 8 2
433.149 674.741 8 9
665.155 413.999 4 3
410.244 572.106 4 8
682.914 384.089 2 4
150.953 497.419 2 7
4.99624 884.15 1 5
604.31 70.2386 1 6
665.703 350.08 2 4
430.27 900.028 2 7
443.028 776.896 1 5
520.509 309.688 1 6
448.893 677.588 8 2
687 358.593 8 9
117.55 536.464 4 3
309.285 731.998 4 8
20.5109 557.255 2 4
549.636 135.71 2 7
761.264 165.018 1 5
878.347 995.992 1 6
364.139 712.295 4 3
631.636 397.702 4 8
715.048 285.711 2 4
519.771 873.149 2 7
973.817 314.733 1 5
959.585 311.776 1 6
548.643 464.992 2 4
880.184 389.082 2 7
931.386 567.497 1 5
714.813 174.656 1 6
218.252 641.733 4 3
421.46 677.833 4 8
137.839 942.214 2 4
448.637 83.9607 2 7
3 987.515 1 5
54.2839 933.315 1 6
853.032 135.037 2 4
833.922 71.9449 2 7
741.104 201.363 1 5
583.765 44.8814 1 6
782.695 315.88 2 4
873.775 6 2 7
640.862 281.276 1 5
626.364 973.596 1 6
813.49 20.5109 2 4
619.549 30 2 7
633.768 976.558 1 5
850.258 80.1342 1 6
565.175 356.787 2 4
77.9855 762.397 2 7
16.8294 806.256 1 5
51.0635 995.15 1 6
199.704 877.73 2 4
176.309 782.05 2 7
995.004 140.15 1 5
943.747 579.696 1 6
237.152 844.758 2 4
375.519 543.067 2 7
954.66 577.481 1 5
878.676 227.544 1 6
393.235 608.185 2 4
32.9551 409.956 2 7
201.174 4.55556 1 5
312.343 4.23607 1 6
63.9923 429.336 2 4
321.041 982.054 2 7
332.15 995.004 1 5
592.383 6.7618 1 6
939.689 9.92528 2 4
303.186 512.319 2 7
578.537 35.3437 1 5
562.958 32.1054 1 6
697.126 66.7171 2 4
530.721 458.817 2 7
597.972 276.22 1 5
155.871 17 1 6
634.672 405.104 4 3
121.455 543.447 4 8
145.394 873.905 2 4
177.553 875.59 2 7
451.634 925.038 1 5
521.923 223.299 1 6
159.087 903.507 2 4
283.917 791.592 2 7
990.193 4.99624 1 5
593.965 382.418 1 6
305.792 766.428 2 4
931.595 935.509 2 7
581.661 371.933 1 5
76.1501 995.004 1 6
459.378 671.751 4 3
397.667 680.372 4 8
413.849 743.613 2 4
95.2378 731.523 2 7
438.983 439.337 1 5
811.746 47.1706 1 6
611.841 290.236 2 4
792.878 310.807 2 7
942.514 989.065 1 5
878.563 40.0801 1 6
993.439 249.512 2 4
882.844 154.054 2 7
179.85 995.004 1 5
80.2723 480.653 1 6
925.069 346.302 2 4
728.796 307.775 2 7
5.02964 149.284 1 5
11.2282 4.55556 1 6
9.45259 332.692 2 4
674.422 400.853 2 7
501.801 176.64 1 5
721.935 235.746 1 6
218.52 780.683 2 4
231.734 737.95 2 7
378.708 4.55556 1 5
543.917 995.15 1 6
456.293 580.948 4 3
419.015 685.45 4 8
812.331 196.969 2 4
164.458 735.4 2 7
702.331 281.599 1 5
567.33 4.55556 1 6
373.284 704.525 8 2
479.49 714.617 8 9
301.789 759.763 4 3
657.559 416.511 4 8
943.204 8.01524 2 4
159.773 560.462 2 7
801.257 90.8153 1 5
782.447 89.3738 1 6
967.045 609.956 2 4
411.651 892.79 2 7
232.789 871.096 1 5
995.444 378.375 1 6
495.566 614.886 16 1
684.335 476.284 16 10
394.011 692.678 8 2
863.068 496.663 8 9
300.801 786.737 4 3
213.399 633.363 4 8
683.984 54.3001 2 4
693.898 121.821 2 7
9.80695 995.004 1 5
546.429 83.428 1 6
776.146 297.458 2 4
93.9325 654.626 2 7
533.036 67.3192 1 5
952.44 441.342 1 6
392.005 708.552 8 2
471.268 670.131 8 9
282.615 797.449 4 3
507.19 41.6378 4 8
819.054 344.729 2 4
785.287 312.834 2 7
719.32 132.114 1 5
995.444 10.4287 1 6
812.764 308.868 2 4
13.8173 145.867 2 7
623.759 223.281 1 5
997.192 627.144 1 6
302.829 646.589 2 4
563.609 171.293 2 7
4.55556 90.3109 1 5
749.343 53.4902 1 6
851.817 500.833 4 3
823.607 314.413 4 8
619.126 151.33 2 4
437.065 790.002 2 7
126.256 983.171 1 5
654.912 139.424 1 6
482.156 658.407 8 2
348.659 664.238 8 9
397.634 822.952 4 3
119.193 33.3559 4 8
314.593 734.795 2 4
813.344 200.839 2 7
638.064 98.066 1 5
269.252 811.019 1 6
30 427.314 2 4
513.964 227.486 2 7
772.165 243.313 1 5
984.762 873.467 1 6
162.277 711.955 4 3
127.783 548.34 4 8
73.8901 903.19 2 4
54.2885 941.615 2 7
769.163 454.615 1 5
435.776 70.6491 1 6
553.213 113.066 2 4
434.353 442.899 2 7
913.375 550.537 1 5
571.671 225.923 1 6
358.372 676.952 8 2
487.578 643.354 8 9
125.2 28.0723 4 3
483.877 725.786 4 8
726.301 116.397 2 4
717.549 150.801 2 7
832.847 165.149 1 5
995.004 269.742 1 6
854.177 982.214 2 4
505.908 457.025 2 7
995.004 227.062 1 5
77.5125 688.363 1 6
466.082 508.861 2 4
6 325.657 2 7
889.031 352.839 1 5
866.125 981.062 1 6
736.318 240.91 2 4
323.462 622.731 2 7
508.119 4.96264 1 5
267.23 881.243 1 6
299.033 634.943 2 4
670.738 254.276 2 7
259.811 589.278 1 5
846.331 380.566 1 6
663.532 421.833 4 3
483.564 632.045 4 8
714.043 89.6621 2 4
107.522 585.517 2 7
857.526 350.368 1 5
212.439 578.402 1 6
680.483 366.177 2 4
460.023 924.723 2 7
241.864 604.249 1 5
934.065 96.1477 1 6
864.519 109.162 2 4
764.68 469.287 2 7
351.852 891.084 1 5
290.816 519.892 1 6
754.226 387.483 2 4
142.993 513.563 2 7
616.126 88.8765 1 5
606.584 84.7765 1 6
277.067 620.612 4 3
481.74 702.83 4 8
122.843 638.877 2 4
410.297 463.204 2 7
739.843 476.434 1 5
943.662 995.093 1 6
443.043 434.21 2 4
501.475 43.468 2 7
995.004 685.807 1 5
984.854 302.559 1 6
527.775 35.8031 2 4
373.643 746.206 2 7
829.176 256.824 1 5
722.236 335.737 1 6
762.005 282.571 4 3
327.293 727.764 4 8
844.118 986 2 4
108.963 778.759 2 7
995.274 801.091 1 5
58.384 683.496 1 6
604.94 966.304 2 4
342.567 606.903 2 7
164.523 746.197 1 5
185.7 8.32767 1 6
445.934 891.005 2 4
647.62 222.179 2 7
491.589 869.573 1 5
16.0152 350.603 1 6
17.9457 494.296 2 4
873.16 364.255 2 7
612.14 394.24 1 5
416.694 933.122 1 6
270.441 616.128 4 3
213.864 625.377 4 8
484.968 380.496 2 4
918.172 284.719 2 7
871.348 203.436 1 5
802.193 995.004 1 6
463.355 676.244 2 4
140.896 903.173 2 7
324 7 1 5
890.721 175.219 1 6
213.535 645.441 2 4
624.706 55.2614 2 7
837.875 445.118 1 5
4.99624 795.85 1 6
567.425 120.03 2 4
170.702 565.39 2 7
592.938 153.392 1 5
460.76 887.604 1 6
946.032 512.795 2 4
139.328 608.275 2 7
753.928 4.80612 1 5
412.146 540.188 1 6
766.568 289.142 4 3
875.036 495.781 4 8
712.722 337.7 2 4
722.813 321.067 2 7
895.41 191.078 1 5
5.04633 677.62 1 6
410.568 624.786 2 4
103.34 777.955 2 7
485.388 118.369 1 5
584.552 995.444 1 6
873.015 455.87 4 3
359.923 705.496 4 8
136.933 742.519 2 4
220.245 769.95 2 7
404.097 29.7367 1 5
8.97285 713.989 1 6
705.011 255.841 2 4
581.795 446.604 2 7
34.3416 67.1332 1 5
570.655 62.7942 1 6
53.6469 561.128 2 4
779.669 173.506 2 7
82.7022 64.1036 1 5
814.172 475.625 1 6
176.829 841.24 2 4
564.649 930.229 2 7
959.334 366.514 1 5
95.5966 472.441 1 6
623.661 249.048 2 4
468.774 714.607 2 7
121.967 612.182 1 5
386.826 969.888 1 6
216.279 590.76 4 3
856.938 506.979 4 8
447.261 870.518 2 4
440.878 902.956 2 7
365.9 18.4659 1 5
720.131 213.788 1 6
484.007 937.475 2 4
63.3828 510.71 2 7
230.383 889.018 1 5
218.124 891.057 1 6
306.797 646.08 2 4
568.281 347.537 2 7
715.897 474.985 1 5
121.959 866.312 1 6
884.777 150.553 2 4
762.954 293.932 2 7
78.1148 525.103 1 5
458.71 911.811 1 6
830.61 260.887 2 4
240.241 809.568 2 7
227.226 931.292 1 5
790.768 441.03 1 6
636.162 337.946 2 4
289.272 627.983 2 7
327.382 945.086 1 5
7.79622 435.254 1 6
413.421 6 2 4
489.38 633.517 2 7
805.113 455.684 1 5
574.466 318.809 1 6
890.768 958.623 2 4
924.716 307.814 2 7
511.176 935.795 1 5
791.218 63.8354 1 6
580.215 23.4343 2 4
362.175 824.707 2 7
929.67 408.06 1 5
302.014 559.907 1 6
939.776 356.659 2 4
153.209 625.97 2 7
818.707 75.2829 1 5
4.99624 12.1501 1 6
118.689 579.028 2 4
715.25 217.069 2 7
118.222 507.595 1 5
94.1906 508.04 1 6
630.511 281.84 2 4
560.959 168.298 2 7
233.477 529.946 1 5
809.779 151.971 1 6
864.785 508.539 4 3
713.068 95.5823 4 8
6 190.461 2 4
77.6468 904.563 2 7
277.64 864.303 1 5
139.882 12.1231 1 6
481.887 519.374 4 3
165.748 664.577 4 8
932.292 347.267 2 4
9.92528 111.056 2 7
4.23607 200.461 1 5
991.405 816.778 1 6
17.8147 155.656 2 4
894.511 99.1949 2 7
478.059 8.45271 1 5
753.658 229.129 1 6
856.154 192.075 2 4
271.765 747.195 2 7
928.938 255.143 1 5
232.554 681.823 1 6
825.418 293.037 2 4
283.065 620.471 2 7
784.109 488.083 1 5
354.537 929.414 1 6
606.263 388.443 2 4
979.489 64 2 7
968 917.001 1 5
153.771 539.329 1 6
57.5152 61.7702 2 4
40.7404 100.065 2 7
179.012 632.37 1 5
983.985 649.397 1 6
300.825 773.79 2 4
588.036 21.7552 2 7
803.377 232.643 1 5
858.8 64.3405 1 6
158.332 691.569 2 4
713.118 237.515 2 7
394.178 993.993 1 5
520.284 993.63 1 6
700.837 187.486 2 4
222.736 512.125 2 7
110.958 703.207 1 5
97.659 691.771 1 6
249.107 573.63 2 4
472.682 935.785 2 7
935.442 469.363 1 5
127.291 809.404 1 6
290.347 810.531 2 4
990.615 185.388 2 7
638.863 987.877 1 5
905.507 326.524 1 6
352.287 696.239 8 2
489.826 528.373 8 9
482.172 694.841 4 3
844.01 502.581 4 8
953.928 593.123 2 4
869.674 442.625 2 7
118.685 898.53 1 5
49.119 409.685 1 6
521.76 552.46 32 0
9.81467 356.344 2 4
271.497 743.204 2 7
215.117 714.537 1 5
12.1699 173.466 1 6
64.9613 452.915 2 4
564.421 323.197 2 7
45.2847 430.732 1 5
88.3991 29.1923 1 6
521.264 416.392 2 4
430.319 65.3333 2 7
949.283 60.7736 1 5
96.9533 721.488 1 6
395.06 33.6958 2 4
346.478 505.573 2 7
259.226 949.283 1 5
144.592 584.365 1 6
335.662 575.976 2 4
646.237 70.8889 2 7
995.575 432.512 1 5
880.308 430.308 1 6
603.554 65.3807 2 4
779.994 298.55 2 7
892.831 406.946 1 5
686.093 60.1071 1 6
417.217 922.137 2 4
544.472 159.148 2 7
70.3301 591.94 1 5
993.128 673.421 1 6
598.56 168.976 2 4
699.509 485.967 2 7
937.696 183.13 1 5
931.918 156.669 1 6
463.051 927.427 2 4
793.119 306.814 2 7
998 323.423 1 5
50.7173 875.226 1 6
486.865 673.698 8 2
372.291 684.843 8 9
871.868 504.821 4 3
286.036 850.286 4 8
155.795 934.261 2 4
137.127 904.511 2 7
386.206 839.114 1 5
676 993 1 6
760.539 276.753 2 4
289.344 707.651 2 7
531.254 950.617 1 5
282.104 889.759 1 6
596.063 247.346 2 4
318.591 734.93 2 7
318.14 853.242 1 5
75.4622 769.959 1 6
479.439 687.323 4 3
384.116 682.8 4 8
103.979 465.343 2 4
934.059 970 2 7
126.001 705.853 1 5
429.941 811.866 1 6
17.9457 937.041 2 4
303.248 776.973 2 7
912.347 966.44 1 5
203.1 843.854 1 6
50.0629 496.45 2 4
422.022 505.577 2 7
803.257 4.42475 1 5
636.153 156.023 1 6
340.812 699.75 4 3
493.282 653.911 4 8
704.907 463.838 2 4
934.278 154.816 2 7
89.1607 906.953 1 5
992.204 564.627 1 6
732.055 310.095 2 4
872.684 137.898 2 7
644.74 129.234 1 5
150.229 641.263 1 6
414.556 624.477 2 4
857.512 471.126 2 7
795.716 399.951 1 5
544.178 32.6312 1 6
233.459 675.317 2 4
395.774 738.243 2 7
769.451 486.878 1 5
773.422 473.941 1 6
704.215 269.907 2 4
901.073 196.296 2 7
270.713 578.209 1 5
9.6162 58.1696 1 6
468.478 512.065 2 4
133.042 743.446 2 7
4.55556 61.8556 1 5
67.9169 648.923 1 6
871.546 512.815 4 3
487.906 540.219 4 8
336.244 607.822 2 4
400.978 574.908 2 7
48.8398 805.463 1 5
393.945 952.687 1 6
346.408 676.025 4 3
498.651 647.98 4 8
232.458 886.852 2 4
528.035 341.968 2 7
966.808 892.631 1 5
968.004 874.786 1 6
745.516 142.39 4 3
493.635 661.903 4 8
957.093 243.735 2 4
572.708 365.512 2 7
879.425 63.0667 1 5
881.829 961.75 1 6
800.273 488.921 2 4
515.73 73.0845 2 7
532.067 897.917 1 5
4.42475 882.233 1 6
625.179 9.92528 2 4
118.161 942.214 2 7
399.844 554.267 1 5
424.474 580.7 1 6
142.213 704.891 2 4
158.874 16.6553 2 7
802.755 128.308 1 5
513.483 269.302 1 6
839.888 180.793 2 4
67.66 449.963 2 7
759.912 166.492 1 5
960.922 310.288 1 6
862.363 282.949 2 4
384 868.638 2 7
975.079 316.285 1 5
519.999 876.14 1 6
934.031 923.795 2 4
113.503 583.371 2 7
724.781 282.928 1 5
644.728 385.016 1 6
187.971 646.96 2 4
584.151 24.1442 2 7
714.549 172.674 1 5
934.725 549.819 1 6
869.452 362.754 2 4
774.178 293.975 2 7
878.816 391.752 1 5
548.71 461.993 1 6
795.055 448.247 2 4
109.073 843.873 2 7
4.55556 988.772 1 5
581.986 45.7952 1 6
493.091 635.01 2 4
979.489 128 2 7
740.056 199.66 1 5
850.132 135.806 1 6
498.307 637.977 4 3
429.253 823.677 4 8
477.729 677.763 2 4
690.507 64.9553 2 7
624.583 972.687 1 5
638.896 280.91 1 6
653.019 427.619 8 2
535.942 515.059 8 9
348.483 683.751 4 3
462.982 576.561 4 8
365.452 618.75 2 4
371.923 541.317 2 7
878.069 4.67265 1 5
852.471 73.7059 1 6
620.22 490.131 16 1
649.203 476.566 16 10
494.014 590.937 8 2
486.12 577.019 8 9
664.832 429.727 4 3
421.533 821.577 4 8
