900.288 900.413 100 0
51.7452 950.238 50 1
975.195 24.9137 25 2
990.05 990.05 10 3
10.1432 995.05 5 4
105.649 107.999 100 0
950.263 759.041 50 1
206.413 25.3735 25 2
34.7645 23.8903 10 3
20.1392 995.005 5 4
876.685 101.632 100 0
970.084 989.988 10 3
9.35189 985.082 5 4
676.839 100.723 100 0
50.0309 850.39 50 1
777.965 25.0933 25 2
990.004 805.868 10 3
955.967 995.012 5 4
305.527 101.571 100 0
447.306 52.7812 50 1
516.93 25.0658 25 2
990.038 61.864 10 3
975.142 63.6247 5 4
480.066 199.102 100 0
139.427 902.162 50 1
566.864 25.5217 25 2
55.5139 10.0925 10 3
480.992 9.29134 5 4
900.395 617.835 100 0
850.371 759.045 50 1
543.339 80.1575 25 2
942.19 13.3591 10 3
945.967 995 5 4
900.297 417.846 100 0
950.17 276.548 50 1
975.122 205.831 25 2
990.071 825.87 10 3
75.2706 7.49652 5 4
100.372 307.887 100 0
850.167 276.506 50 1
25.0922 208.141 25 2
171.824 20.122 10 3
492.823 7.20247 5 4
104.046 507.768 100 0
50.1379 750.463 50 1
975.095 517.797 25 2
990.035 81.8859 10 3
84.9691 5.05592 5 4
700.264 900.076 100 0
52.896 650.58 50 1
800.045 975.129 25 2
244.446 10.0695 10 3
995.045 845.409 5 4
715.307 341.909 100 0
766.582 485.567 50 1
25.0888 410.944 25 2
990.022 714.163 10 3
995.021 229.561 5 4
620.227 517.627 100 0
569.374 376.735 50 1
122.498 975.123 25 2
10.0855 53.5378 10 3
157.252 16.5642 5 4
434.51 444.151 100 0
754.277 584.786 50 1
173.508 975.057 25 2
990.006 101.842 10 3
927.593 9.9073 5 4
463.631 641.69 100 0
244.203 950.23 50 1
595.427 306.382 25 2
989.988 970.084 10 3
995.043 244.833 5 4
385.526 900.211 100 0
526.821 950.351 50 1
185.858 203.834 25 2
598.279 10.0303 10 3
542.08 8.69118 5 4
196.617 706.464 100 0
339.056 249.943 50 1
597.505 975.124 25 2
17.61 173.952 10 3
5.07986 77.8193 5 4
214.787 406.842 50 1
785.584 238.452 25 2
815.879 10.0938 10 3
89.4844 995.037 5 4
836.595 990.025 10 3
100.065 995.022 5 4
405.147 10.0778 10 3
995.012 955.967 5 4
771.608 697.452 50 1
105.998 800.481 25 2
15.1399 377.388 10 3
151.143 995.002 5 4
10.0872 450.624 10 3
212.562 995.026 5 4
689.211 621.807 25 2
482.174 990.039 10 3
995.054 855.383 5 4
212.631 250.643 25 2
768.406 990.007 10 3
615.599 5.06112 5 4
376.004 17.1635 10 3
633.405 5.07418 5 4
322.379 990.026 10 3
264.123 5.08318 5 4
252.431 314.194 50 1
545.452 305.64 25 2
288.896 990.019 10 3
236.279 22.6511 5 4
12.8218 569.394 10 3
14.0804 159.374 5 4
399.355 294.473 25 2
744.686 14.2606 10 3
575.187 995.019 5 4
631.979 670.108 50 1
739.44 219.257 25 2
13.2321 904.196 10 3
835.708 5.08742 5 4
10.0798 705.785 10 3
822.446 995.006 5 4
357.941 322.459 25 2
462.146 990.053 10 3
995 945.967 5 4
238.911 850.436 50 1
618.955 262.263 25 2
12.4301 803.621 10 3
5.12475 388.553 5 4
631.594 990.079 10 3
197.178 995.023 5 4
285.336 381.49 25 2
990.036 694.181 10 3
22.3127 441.931 5 4
226.223 481.775 25 2
10.0923 245.032 10 3
564.562 995.033 5 4
990.018 554.215 10 3
754.263 995.004 5 4
776.494 176.33 25 2
990.009 174.172 10 3
624.504 9.63416 5 4
990.028 326.072 10 3
390.62 13.7917 5 4
338.391 559.275 50 1
662.113 228.773 25 2
9.96661 608.571 10 3
361.634 12.8682 5 4
317.157 487.434 25 2
990.055 354.377 10 3
340.921 995.005 5 4
269.96 457.614 25 2
15.2631 589.239 10 3
308.208 995.001 5 4
990.099 154.188 10 3
730.194 10.3888 5 4
503.917 340.174 25 2
990.002 486.163 10 3
5.08706 921.099 5 4
261.402 239.715 25 2
990.036 134.232 10 3
854.853 995.024 5 4
154.896 410.378 10 3
20.0959 694.62 5 4
818.176 225.722 10 3
448.013 995.036 5 4
585.567 272.799 10 3
5.08527 818.71 5 4
323.277 317.718 10 3
11.0072 362.969 5 4
510.398 524.116 10 3
645.69 995.005 5 4
420.683 106.551 10 3
5.08206 472.688 5 4
275.081 519.107 25 2
972.225 703.239 10 3
5.08646 263.792 5 4
851.893 216.529 10 3
995.013 572.594 5 4
796.906 542.598 10 3
995.016 372.746 5 4
510.6 67.7885 10 3
995.007 340.21 5 4
776.76 773.029 25 2
573.329 622.903 10 3
9.99951 554.661 5 4
402.186 550.605 10 3
995.001 472.021 5 4
528.862 850.582 50 1
264.183 570.027 25 2
509.152 87.733 10 3
995.049 120.074 5 4
338.877 634.221 25 2
392.349 28.6885 10 3
438.013 995 5 4
226.694 531.758 25 2
971.195 332.809 10 3
655.69 995.052 5 4
108.952 839.226 10 3
995.041 680.025 5 4
801.821 816.161 25 2
208.5 902.046 10 3
995 670.025 5 4
810.058 527.537 10 3
599.019 25.0386 5 4
593.288 624.261 10 3
988.58 237.202 5 4
283.366 616.179 25 2
184.772 941.937 10 3
22.0465 44.4829 5 4
305.652 979.111 10 3
977.776 73.2423 5 4
941.969 217.086 10 3
94.7678 986.54 5 4
513.423 543.894 10 3
516.337 312.868 5 4
800.234 854.572 10 3
183.455 243.662 5 4
300.663 808.122 25 2
370.226 194.724 10 3
84.7969 707.75 5 4
573.565 62.5142 10 3
160.758 396.572 5 4
809.088 207.909 10 3
653.015 257.346 5 4
546.584 435.899 10 3
575.532 283.94 5 4
273.977 416.617 10 3
978.857 815.895 5 4
231.668 221.283 10 3
700.049 593.848 5 4
821.001 510.805 10 3
569.848 986.544 5 4
324.787 453.263 10 3
27.7691 580.093 5 4
626.444 406.733 10 3
985.828 116.221 5 4
922.567 223.206 10 3
472.159 978.894 5 4
614.889 212.417 25 2
829.65 531.527 10 3
411.597 94.6159 5 4
434.916 299.348 10 3
977.296 346.512 5 4
293.736 419.665 10 3
246.684 509.4 5 4
128.053 833.398 10 3
616.097 15.043 5 4
854.48 517.86 10 3
27.8272 900.704 5 4
267.357 797.615 10 3
796.094 750.163 5 4
427.513 317.915 10 3
985.041 680.026 5 4
345.824 683.73 25 2
791.044 430.783 10 3
582.55 634.727 5 4
293.465 210.918 10 3
204.875 988.639 5 4
970.668 158.841 10 3
394.091 563.235 5 4
208.544 578.332 25 2
713.017 458.537 10 3
510.051 305.099 5 4
500.867 535.698 5 4
816.501 546.584 10 3
795.494 945.457 5 4
398.644 329.562 10 3
91.9484 714.74 5 4
371.656 726.399 25 2
34.8826 593.284 10 3
60.3741 406.811 5 4
319.974 726.516 25 2
447.286 315.058 10 3
583.913 51.6557 5 4
827.48 200.067 10 3
838.283 222.797 5 4
728.858 759.003 25 2
310.277 406.007 10 3
969.251 818.684 5 4
563.159 275.47 10 3
986.385 840.407 5 4
318.139 662.383 10 3
61.6777 203.346 5 4
345.937 769.152 25 2
958.754 174.882 10 3
627.476 975.656 5 4
319.902 386.8 10 3
979.28 123.779 5 4
310.867 681.938 10 3
612.764 412.881 5 4
871.873 217.081 10 3
462.92 975.065 5 4
696.796 233.489 10 3
504.964 899.856 5 4
298.282 664.856 10 3
488.297 16.1209 5 4
906.656 235.284 10 3
251.452 500.609 5 4
251.198 602.513 10 3
608.25 21.242 5 4
699.653 718.444 25 2
827.296 335.54 10 3
123.251 849.522 5 4
944.514 188.888 10 3
76.0779 900.908 5 4
273.865 207.012 10 3
200.228 889.524 5 4
312.747 425.845 10 3
583.171 644.703 5 4
468.265 806.452 25 2
910.753 206.236 10 3
147.978 959.303 5 4
749.524 794.992 10 3
501.529 310.277 5 4
424.989 781.479 25 2
386.136 345.167 10 3
725.023 449.544 5 4
391.104 790.316 10 3
805.506 945.638 5 4
239.658 189.706 10 3
839.641 520.201 5 4
887.481 229.521 10 3
28.6177 699.852 5 4
405.553 735.106 10 3
54.797 415.11 5 4
693.972 213.702 10 3
572.95 84.971 5 4
424.245 746.441 10 3
454.176 301.731 5 4
250.583 206.478 10 3
768.885 213.548 5 4
328.695 413.832 10 3
975.104 826.792 5 4
443.518 751.77 10 3
622.33 293.103 5 4
369.107 355.633 10 3
57.0739 212.223 5 4
137.599 815.893 10 3
977.783 145.626 5 4
220.821 204.459 10 3
560.789 431.062 5 4
441.943 334.331 10 3
359.833 657.207 5 4
509.468 778.155 25 2
690.381 656.774 10 3
475.281 969.403 5 4
311.067 766.079 10 3
838.109 210.649 5 4
578.661 254.037 10 3
516.729 100.674 5 4
729.558 794.004 10 3
260.034 493.148 5 4
561.143 901.11 10 3
595.518 34.4055 5 4
389.892 770.412 10 3
238.546 594.453 5 4
711.288 652.924 10 3
936.361 519.192 5 4
768.108 806.937 10 3
84.6072 906.135 5 4
463.512 751.733 10 3
938.248 202.536 5 4
679.235 764.433 25 2
321.904 366.214 10 3
191.565 884.54 5 4
584.612 767.656 50 1
461.3 329.321 10 3
349.189 505.346 5 4
306.055 646.446 10 3
573.322 642.97 5 4
306.424 353.564 10 3
289.861 434.706 5 4
516.579 297.524 5 4
592.386 239.522 10 3
737.726 532.383 5 4
175.972 591.059 10 3
801.612 936.427 5 4
710.289 788.671 10 3
834.661 504.635 5 4
282.981 777.93 10 3
24.119 603.731 5 4
349.256 357.976 10 3
27.0927 800.402 5 4
712.707 685.999 10 3
886.628 214.454 5 4
402.395 754.806 10 3
903.211 305.202 5 4
70.2408 408.439 5 4
527.861 748.335 10 3
571.954 94.9178 5 4
486.606 308.881 10 3
681.287 205.7 5 4
466.247 771.549 10 3
784.279 208.477 5 4
296.457 752.424 10 3
288.812 227.495 5 4
159.792 602.788 10 3
900.308 736.001 5 4
417.784 335.403 10 3
330.536 429.104 5 4
667.24 731.549 10 3
70.9514 207.087 5 4
346.734 377.804 10 3
114.01 853.347 5 4
531.545 728.691 10 3
235.633 206.823 5 4
466.641 310.057 10 3
447.998 985.036 5 4
650.856 742.985 10 3
862.195 205.621 5 4
577.263 917.915 10 3
525.923 104.587 5 4
304.834 454.704 10 3
209.876 506.929 5 4
505.444 743.393 10 3
237.909 584.48 5 4
109.38 948.143 5 4
326.916 338.669 10 3
753.328 809.5 5 4
695.306 676.138 10 3
929.887 192.131 5 4
218.937 184.549 10 3
905.726 220.355 5 4
272.9 903.307 5 4
584.252 827.543 10 3
194.201 897.504 5 4
588.552 856.441 10 3
318.7 696.537 5 4
486.384 749.342 10 3
579.361 653.941 5 4
309.006 631.739 5 4
603.752 831.81 10 3
257.014 371.596 5 4
586.205 941.96 10 3
299.777 433.391 5 4
567.143 109.111 10 3
728.416 536.302 5 4
721.877 635.303 10 3
587.785 225.273 5 4
617.802 817.64 10 3
610.322 340.019 5 4
564.909 128.991 10 3
565.181 260.614 5 4
731.298 652.944 10 3
829.968 495.819 5 4
268.756 782.682 5 4
545.822 714.787 10 3
331.723 377.543 5 4
335.192 802.478 10 3
900.183 253.607 5 4
387.422 755.599 5 4
579.107 151.204 10 3
710.746 227.977 5 4
582.367 877.884 10 3
794.201 209.72 5 4
580.857 897.829 10 3
284.777 258.544 5 4
296.556 769.901 5 4
909.202 722.461 5 4
141.652 611.162 10 3
405.052 343.326 5 4
792.966 641.354 10 3
76.0644 801.947 5 4
133.045 847.543 5 4
565.373 710.813 10 3
216.673 220.918 5 4
476.681 327.558 5 4
632.98 804.665 10 3
696.72 795.056 5 4
111.342 637.028 10 3
830.252 216.835 5 4
652.65 728.125 5 4
147.215 842.681 10 3
534.912 108.947 5 4
287.48 491.807 5 4
641.574 786.632 10 3
319.625 439.19 5 4
234.818 563.854 5 4
232.301 602.251 5 4
125.357 622.726 10 3
811.41 844.57 5 4
339.796 346.345 5 4
928.961 209.652 5 4
106.01 617.758 10 3
712.308 670.999 5 4
895.811 207.325 5 4
393.066 43.6713 5 4
177.949 235.318 5 4
644.331 761.865 10 3
201.642 915.392 5 4
308.926 698.629 5 4
479.468 778.634 5 4
569.511 652.213 5 4
475.947 760.114 5 4
518.732 736.435 5 4
362.06 615.182 5 4
212.419 351.892 5 4
605.975 946.368 5 4
577.392 239.09 5 4
585.159 707.656 10 3
700.626 450.083 5 4
776.057 431.393 5 4
945.579 523.069 5 4
844.438 506.736 5 4
252.367 797.078 5 4
334.883 387.011 5 4
909.185 313.226 5 4
375.664 765.667 5 4
715.227 236.916 5 4
578.024 136.252 5 4
332.783 306.118 5 4
594.7 892.048 5 4
494.999 900.668 5 4
313.374 780.902 5 4
903.362 787.812 5 4
412.882 321.227 5 4
778.014 642.836 5 4
262.445 197.296 5 4
465.348 343.767 5 4
610.687 845.105 5 4
847.002 202.349 5 4
659.843 718.497 5 4
542.876 114.974 5 4
105.615 858.78 5 4
136.026 801.008 5 4
287.693 481.807 5 4
657.585 798.669 10 3
329.618 439.061 5 4
238.333 610.223 5 4
334.3 356.824 5 4
924.644 200.632 5 4
739.293 640.258 5 4
92.136 612.056 5 4
896.199 217.317 5 4
193.245 929.569 5 4
300.689 692.958 5 4
577.322 663.722 5 4
480.984 768.753 5 4
319.823 611.044 5 4
202.378 353.262 5 4
600.65 937.93 5 4
583.65 216.188 5 4
573.487 698.245 5 4
729.722 526.387 5 4
328.85 398.826 5 4
563.984 686.643 10 3
841.54 330.816 5 4
374.081 696.509 5 4
376.878 785.551 5 4
639.347 414.382 5 4
756.37 245.271 5 4
709.45 218.061 5 4
590.658 160.75 5 4
277.287 265.17 5 4
596.703 882.294 5 4
321.564 786.641 5 4
909.361 795.813 5 4
780.412 633.13 5 4
205.254 62.7931 5 4
474.058 337.203 5 4
605.903 853.869 5 4
813.898 193.701 5 4
669.689 716.75 5 4
552.494 112.236 5 4
134.511 791.123 5 4
255.084 541.449 5 4
309.713 440.514 5 4
647.193 809.448 5 4
686.76 795.933 5 4
651.215 775.146 5 4
253.437 618.224 5 4
189.777 601.739 5 4
336.899 366.48 5 4
745.738 648.906 5 4
895.185 244.946 5 4
192.57 919.591 5 4
567.472 661.999 5 4
537.69 796.296 5 4
451.71 767.85 5 4
313.268 618.597 5 4
139.951 409.098 5 4
599.021 928.084 5 4
584.807 206.275 5 4
342.661 393.294 5 4
795.304 416.401 5 4
553.366 701.822 5 4
377.048 795.549 5 4
703.681 202.278 5 4
596.771 168.639 5 4
598.864 872.551 5 4
286.083 763.259 5 4
831.855 811.181 5 4
802.486 558.307 5 4
204.549 72.7654 5 4
474.75 347.179 5 4
599.507 846.192 5 4
765.37 204.186 5 4
643.598 723.9 5 4
101.588 770.8 5 4
145.655 798.318 5 4
200.514 466.314 5 4
278.93 486.623 5 4
295.943 442.627 5 4
632.685 819.662 5 4
656.31 783.751 5 4
222.635 604.812 5 4
397.924 264.508 5 4
314.672 330.002 5 4
749.265 639.548 5 4
280.913 909.293 5 4
577.06 673.709 5 4
474.249 844.064 5 4
187.826 233.778 5 4
589.051 927.233 5 4
156.304 808.854 10 3
589.006 197.221 5 4
338.24 402.263 5 4
819.98 350.212 5 4
581.994 692.995 5 4
377.428 755.824 5 4
713.507 204.122 5 4
551.539 122.19 5 4
595.137 183.531 10 3
595.279 902.005 5 4
302.184 778.167 5 4
841.622 813.329 5 4
211.448 54.9423 5 4
514.382 375.994 5 4
602.011 863.059 5 4
795.235 273.817 5 4
639.501 733.203 5 4
114.266 771.644 5 4
269.4 489.65 5 4
281.156 429.783 5 4
676.918 797.702 5 4
202.158 549.019 5 4
308.861 321.867 5 4
844.419 528.986 5 4
721.281 664.104 5 4
567.212 671.995 5 4
438.421 809.511 5 4
169.975 229.284 5 4
146.869 827.672 5 4
590.391 910.721 5 4
161.787 829.009 10 3
611.145 182.651 5 4
375.514 208.761 5 4
293.834 849.034 5 4
831.401 821.171 5 4
539.308 450.716 5 4
618.585 834.084 5 4
175.477 814.457 10 3
781.916 146.838 5 4
181.167 833.949 10 3
637.019 748.778 5 4
170.023 850.554 10 3
108.44 763.516 5 4
311.946 339.623 5 4
896.844 312.913 5 4
812.137 560.932 5 4
721.821 674.09 5 4
578.663 683.566 5 4
596.873 918.335 5 4
648.735 201.921 5 4
230.645 175.173 5 4
412.239 118.949 5 4
302.479 964.451 5 4
416.895 547.662 5 4
778.041 137.619 5 4
632.194 740.025 5 4
91.7874 700.599 5 4
189.55 874.751 5 4
191.26 822.857 5 4
203.619 288.835 5 4
807.134 569.59 5 4
829.757 708.046 5 4
659.218 622.355 5 4
789.274 844.331 5 4
355.476 197.453 5 4
472.626 959.761 5 4
483.624 538.613 5 4
771.917 146.687 5 4
633.678 725.069 5 4
84.779 895.979 5 4
190.359 812.9 5 4
209.021 280.419 5 4
821.329 490.782 5 4
841.51 704.766 5 4
357.381 799.051 5 4
491.438 532.372 5 4
746.621 179.225 5 4
689.822 690.095 5 4
599.976 714.828 5 4
200.239 811.354 5 4
206.232 344.035 5 4
899.854 726.013 5 4
768.025 642.563 5 4
367.132 796.834 5 4
741.29 187.679 5 4
619.239 724.893 5 4
185.985 865.412 5 4
758.148 644.127 5 4
490.114 909.394 5 4
731.637 190.263 5 4
626.374 731.899 5 4
184.154 855.581 5 4
833.504 698.774 5 4
719.93 196.457 5 4
681.055 694.904 5 4
280.585 896.908 5 4
795.763 626.617 5 4
750.567 191.413 5 4
776.908 68.9238 5 4
780.473 59.5808 5 4
