488 188 12 0
464 188 12 0
491 167.21539030917347 9 3
477.36856614397595 173.47510364357163 6 1
12 188 12 0
491 9 9 3
4 4 4 2
476 197 3 4
36 188 12 0
473 9 9 3
494 152.51845185247441 6 1
17.856406460551018 12 12 0
49.856406460551014 196 4 2
488 135.54788910399728 12 0
38.641016151377542 9 9 3
482.26402672609106 155.02183582503929 6 1
24 197 3 4
488 29.784609690826528 12 0
443.21539030917347 191 9 3
53.337954608076615 6 6 1
431.21539030917347 196 4 2
70.30851735655375 12 12 0
61.856406460551014 191 9 3
94.30851735655375 12 12 0
419.21539030917347 191 9 3
50.83457063551171 17.73597327390895 6 1
82.30851735655375 3 3 4
488 111.54788910399728 12 0
108.16492381710476 4 4 2
488 87.547889103997278 12 0
491 50.569219381653056 9 3
494 65.266157838352129 6 1
497 123.54788910399728 3 4
398.43078061834694 188 12 0
120.16492381710476 9 9 3
384.57437415779594 196 4 2
140.94953350793128 12 12 0
9 167.21539030917347 9 3
22.631433856024024 173.47510364357163 6 1
164.94953350793128 12 12 0
372.57437415779594 191 9 3
181.92009625640841 6 6 1
4 155.21539030917347 4 2
152.94953350793128 3 3 4
351.78976446696942 188 12 0
82.641016151377542 188 12 0
455 9 9 3
99.611578899854678 194 6 1
4 147.21539030917347 4 2
116.58214164833181 188 12 0
196.61703471310747 9 9 3
497 99.547889103997278 3 4
12 133.35898384862244 12 0
437 9 9 3
13.748516380429049 152.98684181732804 6 1
327.78976446696942 188 12 0
137.36675133915833 191 9 3
22.859072651472971 161.477262980402 6 1
98.159914297232078 184.10592753809169 4 2
497 75.547889103997278 3 4
416.21539030917347 12 12 0
12 109.35898384862244 12 0
307.00515477614289 191 9 3
33.135688058611329 167.67332429173248 6 1
180.46843165378581 15.894072461908319 4 2
286.22054508531636 188 12 0
395.43078061834694 9 9 3
3 121.35898384862244 3 4
262.22054508531636 188 12 0
155.36675133915833 191 9 3
245.24998233683922 194 6 1
383.43078061834694 4 4 2
176.15136102998486 188 12 0
228.27941958836209 188 12 0
9 88.574374157795916 9 3
245.24998233683922 182 6 1
375.43078061834694 4 4 2
274.22054508531636 197 3 4
200.15136102998486 188 12 0
9 70.574374157795916 9 3
381.20223212650149 13.748516380429045 6 1
217.401644403934 12 12 0
33.329159443850692 26.198377200151821 9 3
188.15136102998486 197 3 4
12 49.789764466969388 12 0
238.18625409476053 9 9 3
6 32.819201718492252 6 1
214.00776749053588 196 4 2
361.57437415779594 12 12 0
124.56224751561778 29.534447747395006 12 0
470.76631206038593 99.547889103997278 9 3
18.812268454586309 29.974602300144472 6 1
112.2518205930096 19.314203670900376 4 2
339.78976446696942 197 3 4
258.97086378558708 12 12 0
340.78976446696942 9 9 3
282.97086378558708 12 12 0
467.80383042464729 117.30242944042703 9 3
106.66558823800042 27.608419009065198 6 1
4 23.02124274735954 4 2
306.97086378558708 12 12 0
312.31701148366972 173.80162279984819 9 3
326.09282601027036 6 6 1
294.97086378558708 3 3 4
465.49069330336118 79.221358491752383 12 0
106.74000318639186 45.608265186615043 12 0
327.3279687781461 20.949060918431108 9 3
482.26402672609106 62.762773865787224 6 1
25.995140044992965 36.932069922471506 4 2
36.759934294820944 150.04196475199987 12 0
48.135673879278727 167.69394902874905 9 3
270.97086378558708 3 3 4
432.60267630148695 29.534447747395003 12 0
67.168263168077871 173.80162279984819 9 3
95.368513077678301 31.655157550413364 6 1
446 18.380831519646861 4 2
188.15136102998486 167.21539030917347 12 0
344.40705692928691 26.632787506292392 9 3
82.30851735655375 25.416407864998739 6 1
3 16.09303951708403 3 4
233.78893039624751 29.534447747395003 12 0
480.41700153234166 73.458952513910319 4 2
27.973665961010276 79.574374157795916 12 0
69.354066206450426 32.978298858631661 9 3
83.707563048573121 37.334573460074267 6 1
331.00159391550011 164.21588446896646 12 0
274.22054508531636 170.76631206038593 9 3
300.69802318957517 179.63249846493434 4 2
479.55607095231386 163.60478261080388 3 4
38.848891421063598 46.459980268510783 12 0
295.35341134334669 167.78196580968404 9 3
47.623893611738822 30.743767730063585 6 1
447.61271400768652 170.46555225260499 12 0
129.57145958916271 53.00587280856783 12 0
468.11214190462772 159.99417491243429 9 3
432.60237236427986 180.39981839300069 6 1
474.52657046629042 148.68687168720299 4 2
338.31472251537235 177.31237827768226 3 4
147.39370391838864 36.932055369347786 12 0
309.04838728905895 156.1008856436051 9 3
55.552151312037715 39.751693675454746 6 1
111.74921525993679 69.079690247787866 12 0
462.96328456755776 142.74629770616625 9 3
344.11140196091327 173.38828508235119 4 2
462.38177490911642 173.08754387918492 3 4
134.58067166270763 76.477297869740653 12 0
256.46600474888663 167.80383042464729 9 3
348.99605356959171 164.66245110147378 6 1
268.46600474888663 150.57014248503322 12 0
456.54885600589506 154.05360093139754 4 2
88.917758857165936 61.682082625835086 12 0
292.08478714873593 150.08122865344095 9 3
75.920370761633961 46.464723310226532 6 1
468.35569824560963 173.64632824698873 3 4
470.02402672609105 49.564955864314413 12 0
464 24.588457268119896 9 3
270.97086378558708 25.416407864998739 6 1
20.857037975676207 93.904538361961897 4 2
347.44047065103467 146.72979480678353 12 0
32.269286702269035 100.13033782888824 9 3
178.5447636764647 31.778010938024039 12 0
201.92889142063433 26.198377200151818 9 3
401.6904939527451 22.631433856024024 6 1
11.073995292836571 25.379047004628632 3 4
285.63753045225377 35.851391759997753 12 0
214.83082920187448 27.792115412346114 4 2
146.36675133915833 172.02633403898972 12 0
167.22654947338555 168.9908511847797 9 3
411.60052334157882 29.398362074385158 6 1
163.26725377535732 180.31886855656967 3 4
213.4814992335418 43.735117282651444 12 0
258.01641263548379 32.978298858631661 9 3
20.857037975676207 65.244209953629934 4 2
450.57014248503322 105.30242944042703 12 0
452.17986377204932 126.24064324624455 9 3
195.88862140018517 39.928458703189712 6 1
414.81806661066042 170.46555225260499 12 0
150.02471315985255 57.766588970350988 9 3
389.6926532895755 22.859072651472971 6 1
132.03658713499235 179.14296202432379 4 2
460.22164080048412 93.819895736281069 3 4
391.43914642392878 165.04097015787812 12 0
194.06029789242072 57.835363325456399 12 0
367.26251745026912 173.80162279984819 9 3
359.92174880605734 159.69967127562293 6 1
190.30990312653978 20.36750153506566 4 2
244.46600474888663 150.57014248503322 12 0
125.810787668066 167.73071329773097 9 3
454.94930517053325 90.955899052422964 3 4
256.46600474888663 129.78553279420669 12 0
444.40463391063145 85.227905684706741 9 3
241.47488429866357 168.31988046766995 6 1
215.98206983566135 67.604494037477181 12 0
431.6127226636483 170.44890921493862 4 2
60.362982361762263 57.096891991156014 12 0
165.19321919355477 48.075540280681757 9 3
432.62307188102153 160.50008041658486 6 1
187.93614243089942 44.142492191792755 3 4
172.82099491524289 148.7497499252612 12 0
443.25811925024101 149.92200084350273 9 3
43.659722470788147 63.805178584212051 6 1
159.93217974389088 158.23017414987933 4 2
224.16739958780579 163.37508795600431 12 0
398.89301845141881 37.36826291859645 9 3
162.38457654886193 36.408855811887172 3 4
196.47789164222974 144.70608361253466 12 0
415.69352678277687 43.829139005317913 9 3
204.89771131112619 160.61540907728218 6 1
161.54168041716022 29.4597892478685 4 2
136.97125873010685 149.94184358452691 12 0
280.46600474888663 129.78553279420669 12 0
425.44592875424411 147.32857266167116 9 3
436.08097612346359 136.75049308858902 6 1
156.27754162959241 24.845805846812105 3 4
400.48291124571273 58.307991687199262 12 0
435.37324474531704 119.79567956207367 9 3
424.92178490916694 132.33773301775301 6 1
151.40734996364733 156.84106599700905 4 2
379.80549820245898 46.124207798822049 12 0
407.02383797660048 150.96555225260499 9 3
181.14752552748777 126.24044322862238 12 0
116.13422308831503 152.55296320313826 9 3
414.09804575571968 137.51911031902463 6 1
281.42948245308611 159.94821509152987 4 2
444.98707137146204 138.0472071795048 3 4
157.49062880050093 130.28410954134893 12 0
423.9959134382546 63.118264849247311 12 0
107.82818822398156 168.52198899785964 9 3
392.53730244776375 147.07449990500666 6 1
210.53187113536995 152.35367541691298 4 2
450.51981211884856 140.36858173398943 3 4
120.91446153926853 132.10426348036799 12 0
166.0016605312691 66.057376188160021 9 3
204.80442225447462 122.19677691589584 12 0
216.80442225447462 139.43046485550991 9 3
138.91437055143697 132.04703102753692 6 1
90.740993761174011 45.786302856197906 4 2
412.18234128121287 119.62134296199503 12 0
235.54119319228732 131.56099366981292 9 3
400.0259605235363 137.69793335726828 6 1
478.34850168454909 123.03042280814324 3 4
98.614087596164396 140.97518913656208 12 0
235.40327117678243 53.504247994672234 12 0
381.39539099675289 67.063936567424861 9 3
152.48599536702147 72.563280826866546 6 1
230.16412801933078 143.3968362729307 4 2
383.02116390534451 131.79565481640512 12 0
368.43139557208258 147.34710425829911 9 3
474.25736491201747 127.41934065978268 3 4
237.90384177890198 77.373624749497978 12 0
361.19850981853972 130.86422333061549 9 3
432.5717803964157 105.05960825721651 6 1
174.96880503252248 56.645133124275553 4 2
396.2296855964475 81.928111745667053 12 0
241.85287900570768 114.70386988807991 9 3
227.45895357784218 118.92464123666618 6 1
397.75621747417392 128.98884233180121 3 4
361.20467982930342 61.290273730660751 12 0
467.87856895554074 130.30221459834405 4 2
163.37910541285873 86.892975643200884 12 0
181.17409759623482 75.742269244340577 9 3
199.56007377575119 74.974571744550218 6 1
136.85750259228521 114.16493679339827 12 0
166.41544035710021 111.27496072612863 9 3
103.65883118319407 156.20872534168643 4 2
473.37716970225677 64.185367355835112 3 4
93.926970930710866 85.153507687007917 12 0
74.568230935509661 77.014761727205681 9 3
25.416407864998739 121.35898384862244 6 1
368.97540257281656 83.997450306436249 12 0
185.45843605692565 96.30058736509757 12 0
91.528829802162008 160.88452115589394 9 3
29.977456227655527 132.45839094240478 6 1
382.5628670643431 147.78908984473873 4 2
177.8585154805703 64.209406840137291 3 4
73.651298112564405 97.994733943541092 12 0
359.6147870350095 40.350544962057938 9 3
370.90731452367982 30.477408534477021 6 1
225.9509023405322 100.98792521991305 12 0
246.63344890313292 97.350306811413731 9 3
95.698186842949497 173.19778481206714 4 2
170.89091633918093 99.876530495674317 3 4
306.91186282618827 135.20985256193211 12 0
208.31471636806634 87.154729094963287 9 3
255.8122060055311 109.21413494803031 6 1
116.75842733348172 92.551115308960689 12 0
220.11044214922254 126.85786637884127 4 2
340.52726678604967 49.106489842283537 12 0
326.66479009484357 143.66856998212563 9 3
118.85759358011677 114.22216924622934 6 1
88.727939937835089 172.55306930756691 3 4
267.5582604597322 95.574845935807488 12 0
104.59973610464044 118.88194394131965 9 3
340.31450694612232 73.10554676647358 12 0
336.66739345240808 128.70368020400701 9 3
101.20731075370705 101.61548363346391 6 1
220.60623930253786 82.92170842984001 4 2
319.63709390286857 60.921762878096366 12 0
321.59798332693686 40.013513007134492 9 3
266.99527032966995 113.5660393957604 6 1
149.55443610644809 81.072450016731466 3 4
43.393864092654269 120.45839094240478 12 0
380.90233434111758 30.161847369207248 4 2
52.182389051840275 79.65964654590087 12 0
304.68556889030089 46.175512514069489 9 3
278.42855248939202 109.92185786128918 6 1
60.744569046057038 150.90062408479602 12 0
82.224508010108494 169.96359577778784 4 2
355.1903207761427 75.031725079760065 3 4
257.32504312002305 63.273378706693023 12 0
288.33112333480051 98.655132931139079 9 3
76.552550596482831 161.72776557689025 6 1
284.01317525389902 78.103847706836461 12 0
80.72668292012979 150.47713806796054 6 1
333.48102848958081 34.741583790750333 4 2
196.86526958078639 83.561656835010197 3 4
306.10785897005962 87.475344464709636 12 0
255.49671961225857 81.180283328959703 6 1
303.51937609374414 108.31520426267905 9 3
111.26138810561487 107.71850394202224 4 2
25.358130619976276 140.18249807075551 3 4
323.96287099442577 103.51275527848316 12 0
301.63719148426878 60.862492979447424 6 1
250.67193887995114 48.722220540734654 4 2
291.84400030012989 53.927551996936849 6 1
21.615219674882159 144.87191356280724 3 4
246.44826633077918 41.928062005833418 4 2
74.293386791174541 65.017909611074359 3 4
323.1648581751009 78.572680113174016 6 1
258.54812606555851 47.320195071181885 4 2
314.3273148169539 118.71657246860958 6 1
314.84673644881815 75.136279242096364 3 4
268.08173177849773 79.583411422968126 4 2
309.03377643732887 31.819569802844676 6 1
330.29734933645392 85.581786321045399 4 2
30.035733472677997 113.63487672027171 3 4
299.19295875094275 73.046756350841491 4 2
317.48998365564688 28.738570049377177 3 4
290.89083295710861 111.40063749743473 4 2
338.68198519901546 91.031362584595314 6 1
294.75455350118261 67.633757289424452 3 4
295.08864947448654 118.21080170150714 4 2
323.58355402238021 87.562935603841183 3 4
268.39244419345533 49.077864151743292 6 1
307.04253146261954 71.502668191409285 4 2
350.3118486301903 88.073952134180502 6 1
89.451583055620915 100.51485213882911 4 2
38.693112705853764 134.70279111929861 3 4
348.67932688308343 105.99976795230222 12 0
274.85546138090353 59.188720140963447 6 1
301.80250395145026 120.19175047978338 3 4
45.504065522118651 136.31862580595853 4 2
369.90585700000889 160.2632168119105 4 2
277.27609311283123 50.520355703632447 3 4
52.918593530120859 133.31449957383199 4 2
66.86445955984945 125.47148862899313 12 0
57.931568627516484 109.84447805143725 6 1
271.68405551898246 67.611438518006139 3 4
147.40117402493715 87.733040261471587 4 2
48.029705592990254 103.06560584099671 6 1
289.79182258804582 64.261621188405329 3 4
324.29584523345471 119.50929015814204 4 2
362.10289914251968 28.611324453844396 3 4
178.13555845416283 49.298591572869945 4 2
148.92220332514296 97.616686849038118 6 1
203.7989777374334 170.55486502487008 4 2
357.31084383041889 93.732049534117806 3 4
86.896886531470273 110.18302288977743 6 1
191.19288464958052 113.78689915040161 4 2
78.150400707571933 112.30410415468583 3 4
377.18943774703905 156.95422126922821 4 2
244.60349652491215 19.13997039407225 3 4
437.35733304988833 96.279033913767137 4 2
422.61314676563217 90.065422177011044 12 0
375.92373889753065 163.83884227712349 3 4
59.849939938937005 24.108598531610379 4 2
487.35924355711404 72.561580980216419 3 4
384.81098297021038 179.60350596833337 4 2
57.56733422539299 30.725978009658789 3 4
57.499885250547059 99.853799923199489 4 2
320.52468528945241 126.56466772966522 4 2
52.314776841131248 95.15117823071715 3 4
81.372406935654439 118.51849679324654 4 2
379.89570020115389 174.61953212207212 3 4
294.97086378558708 22.583005244258363 4 2
452.58525258488197 20.754530825225682 3 4
196.96574141636719 108.24847656358455 4 2
448.32790356529534 24.982412011520395 3 4
206.12964873096115 104.2456272372257 6 1
408.77179235644581 71.993547939399321 4 2
89.2519108248717 119.90176049182685 4 2
410.87181564516584 78.671115025309689 3 4
301.17057475858866 25.833171986326249 3 4
428.11686455477832 47.658065565433986 4 2
440.79776177156248 50.520729670311738 9 3
441.83970626399076 65.484497634120132 6 1
55.549274873983322 179.63249846493434 4 2
213.22453602041276 109.78300697406677 3 4
452.47789992655885 59.93212556466225 6 1
422.62249178624052 106.06541944796675 4 2
217.41611126182258 114.07610573785036 3 4
453.78804992215089 50.018321703930987 4 2
451.71611306196837 40.235322284150918 6 1
416.08268432667461 103.56923868692277 3 4
152.94291024762032 148.98982057896964 4 2
407.73720106208413 100.19983086351519 6 1
387.60054534204949 33.308700001954946 3 4
450.86038447491342 69.800440707769923 4 2
33.889875201972814 61.672085912989935 4 2
282.18658319501003 53.968121234062814 3 4
436.05088496634642 73.638609969864561 4 2
377.31094129845565 24.153362034855562 3 4
27.14522325163221 57.369799303666156 4 2
429.86819054958755 76.921031293975531 3 4
395.86179005420934 122.25006315820556 4 2
387.99614520610419 108.31695040033711 12 0
372.38365978123619 117.27520351454886 6 1
38.736645120590239 90.022258135446478 3 4
370.22248629818938 105.4714189868571 6 1
153.87424073734965 114.6981627501945 4 2
42.821778357654757 94.416764528140746 3 4
363.43388335458496 112.81409357273419 4 2
247.81211773998794 24.209955591108375 3 4
154.24451898160277 106.70673646811989 4 2
84.114217377159704 126.03397917981712 4 2
376.34261417622628 98.87262858584603 3 4
159.15646645867326 101.71947549815845 3 4
140.64109402024852 92.011044273883087 4 2
380.9762997645588 95.060941575022667 3 4
91.08642840294462 126.65709506945818 3 4
140.02667747867957 98.984027302217982 3 4
133.69996683562943 95.988575343144731 4 2
467.37891058676365 64.329892728706 3 4
283.83879691536367 59.736152945337906 3 4
461.80387005356289 62.112028203274242 3 4
330.78075041366174 116.87376273393944 3 4
269.93696904849372 34.356825174756189 3 4
335.47174417458524 113.13283002471078 3 4
267.77952331378509 39.955523943379802 3 4
361.42826654386323 98.096316963917744 3 4
184.53419664995099 111.62776179405077 3 4
348.27351195335524 131.75294459758973 3 4
349.06682903007498 124.79804359068929 4 2
178.53628483398731 111.46947772055192 3 4
355.26894001774866 173.40906659987581 3 4
475.37386354243375 20.762855600656835 3 4
123.83377450239705 106.72299439637194 3 4
234.61150305372104 174.14173566052483 3 4
51.337958533380714 185.22399331688345 3 4
