900 900 100 0
50 950 50 1
975 25 25 2
990 990 10 3
5 995 5 4
100 100 100 0
950 758.579 50 1
200 25 25 2
10 10 10 3
15 995 5 4
875 100 100 0
970 990 10 3
5 981.623 5 4
675 100 100 0
50 850 50 1
775 25 25 2
990 803.3 10 3
955.858 995 5 4
300 100 100 0
441.421 50 50 1
512.132 25 25 2
990 56.6228 10 3
975.088 54.9999 5 4
475.398 196.101 100 0
136.603 900 50 1
562.132 25 25 2
30 10 10 3
473.044 5 5 4
900 617.157 100 0
850 758.579 50 1
537.132 68.3013 25 2
943.377 10 10 3
945.858 995 5 4
900 417.157 100 0
950 275.736 50 1
975 205.025 25 2
990 823.3 10 3
44.1421 5 5 4
100 300 100 0
850 275.736 50 1
25 200 25 2
168.377 10 10 3
483.044 5 5 4
100 500 100 0
50 750 50 1
975 517.157 25 2
990 76.6228 10 3
54.1421 5 5 4
700 900 100 0
50 650 50 1
800 975 25 2
236.754 10 10 3
995 837.442 5 4
715.01 341.14 100 0
765.01 482.561 50 1
25 400 25 2
990 713.857 10 3
995 227.386 5 4
618.909 516.538 100 0
568.909 375.117 50 1
120.711 975 25 2
10 36.7544 10 3
154.235 5 5 4
433.919 440.521 100 0
753.899 581.942 50 1
170.711 975 25 2
990 96.6228 10 3
929.235 5 5 4
460.581 638.735 100 0
241.421 950 50 1
595.367 304.939 25 2
990 970 10 3
995 244.113 5 4
382.843 900 100 0
524.264 950 50 1
175 200 25 2
593.755 10 10 3
534.493 5 5 4
191.421 700 100 0
333.977 246.101 50 1
594.975 975 25 2
10 168.377 10 3
5 50.8966 5 4
211.803 400 50 1
785.312 237.783 25 2
806.623 10 10 3
81.6228 995 5 4
836.754 990 10 3
98.35 995 5 4
396.7 10 10 3
995 955.858 5 4
772.222 695.725 50 1
105.902 800 25 2
10 363.246 10 3
148.35 995 5 4
10 436.754 10 3
209.799 995 5 4
689.211 619.895 25 2
479.543 990 10 3
995 847.442 5 4
208.192 237.394 25 2
768.377 990 10 3
607.897 5 5 4
363.246 10 10 3
630.279 5 5 4
319.597 990 10 3
250.897 5 5 4
249.812 307.505 50 1
545.377 303.904 25 2
286.143 990 10 3
222.361 5 5 4
10 563.246 10 3
5 144.721 5 4
394.048 291.007 25 2
743.377 10 10 3
572.614 995 5 4
630.146 666.117 50 1
739.18 218.499 25 2
10 894.721 10 3
820.765 5 5 4
10 705.279 10 3
822.612 995 5 4
352.474 318.785 25 2
459.543 990 10 3
995 945.858 5 4
241.421 850 50 1
619.126 260.944 25 2
10 794.721 10 3
5 377.388 5 4
626.598 990 10 3
193.071 995 5 4
282.514 375 25 2
990 693.857 10 3
5 422.612 5 4
222.321 474.259 25 2
10 231.623 10 3
555.887 995 5 4
990 548.78 10 3
754.235 995 5 4
775 175 25 2
990 173.402 10 3
617.897 5 5 4
990 320.457 10 3
382.558 5 5 4
336.444 554.533 50 1
658.227 229.781 25 2
10 605.279 10 3
344.721 5 5 4
316.121 482.339 25 2
990 353.912 10 3
333.739 995 5 4
266.658 451.146 25 2
10 583.246 10 3
300.285 995 5 4
990 153.402 10 3
729.235 5 5 4
505.846 334.519 25 2
990 485.535 10 3
5 908.863 5 4
263.799 219.643 25 2
990 133.402 10 3
850.897 995 5 4
151.879 403.002 10 3
5 691.137 5 4
817.909 225.039 10 3
445.401 995 5 4
585.694 271.302 10 3
5 808.863 5 4
320.492 304.566 10 3
5 349.103 5 4
508.996 520.916 10 3
640.74 995 5 4
415.26 103.996 10 3
5 450.897 5 4
275.26 511.156 25 2
970 702.01 10 3
5 245.765 5 4
836.355 217.308 10 3
995 562.922 5 4
792.415 535.937 10 3
995 368.054 5 4
500.867 58.1376 10 3
995 334.599 5 4
775.975 770.631 25 2
567.744 613.914 10 3
5 549.103 5 4
395.434 543.569 10 3
995 471.392 5 4
524.264 850 50 1
261.593 559.251 25 2
494.89 77.2235 10 3
995 119.26 5 4
335.92 629.531 25 2
378.496 22.9392 10 3
435.401 995 5 4
222.624 524.258 25 2
973.079 331.12 10 3
650.74 995 5 4
108.077 834.932 10 3
995 679.715 5 4
800 814.48 25 2
