744 744 256 0
562.981 968 32 1
498.981 968 32 12
530.981 932.223 16 2
608.235 984 16 11
530.981 992 8 3
630.863 992 8 10
627.903 980.371 4 4
635.871 981.095 4 9
522.981 998 2 5
514.981 998 2 8
512.152 999 1 6
632.159 977.745 1 7
256 256 256 0
968 968 32 1
32 968 32 12
922.745 984 16 2
890.745 984 16 11
646.863 992 8 3
554.744 928.857 8 10
4 996 4 4
592.235 996 4 9
518.981 998 2 5
529.94 982.054 2 8
630.789 976.287 1 6
516.981 995.764 1 7
437.019 32 32 1
968 32 32 12
984 922.745 16 2
984 890.745 16 11
868.118 992 8 3
852.118 992 8 10
996 996 4 4
906.745 996 4 9
9.65685 998 2 5
578.981 998 2 8
596.235 999 1 6
600.235 999 1 7
482.019 77.5083 32 1
32 32 32 12
952 922.745 16 2
922.745 952 16 11
836.118 992 8 3
992 834.51 8 10
996 4 4 4
996 906.745 4 9
13.6569 998 2 5
582.981 998 2 8
598.235 999 1 6
574.294 999 1 7
77.2548 16 16 2
391.765 16 16 11
992 868.118 8 3
992 850.51 8 10
4 4 4 4
938.745 996 4 9
638.863 998 2 5
990.343 998 2 8
910.745 999 1 6
898.745 999 1 7
484.959 29.5984 16 2
109.255 16 16 11
369.137 8 8 3
353.137 8 8 10
54.6274 4 4 4
658.177 996 4 9
860.118 998 2 5
538.981 998 2 8
585.809 999 1 6
588.235 999 1 7
968 96 32 1
96 968 32 12
16 128 16 2
16 77.2548 16 11
131.882 8 8 3
469.019 8 8 10
996 823.196 4 4
996 938.745 4 9
844.118 998 2 5
619.549 998 2 8
999 902.745 1 6
16.4853 999 1 7
8 99.8823 8 3
8 165.49 8 10
407.765 4 4 4
341.823 4 4 9
990.343 2 2 5
546.981 998 2 8
912.745 999 1 6
900.745 999 1 7
912.574 64 32 1
32 904 32 12
77.2548 48 16 2
48 77.2548 16 11
147.882 8 8 3
64 992 8 10
680 996 4 4
824.804 996 4 9
461.019 2 2 5
453.019 2 2 8
999 898.745 1 6
934.745 999 1 7
968 160 32 1
32 840 32 12
922.745 16 16 2
890.745 16 16 11
8 936 8 3
163.882 8 8 10
808 996 4 4
4 176.804 4 9
986.343 2 2 5
377.137 2 2 8
654.177 999 1 6
616.235 999 1 7
912.574 128 32 1
160 968 32 12
984 205.255 16 2
16 384 16 11
992 64 8 3
8 872 8 10
93.2548 4 4 4
4 54.6274 4 9
361.137 2 2 5
413.421 2 2 8
18.4853 999 1 6
625.206 999 1 7
24 99.8823 8 3
992 128 8 10
906.745 4 4 4
4 154.177 4 9
139.882 2 2 5
876.118 998 2 8
999 910.745 1 6
999 828.853 1 7
937.248 216.127 32 1
32 776 32 12
16 416 16 2
980.444 237.057 16 11
128 992 8 3
8 346.51 8 10
672 996 4 4
4 184.804 4 9
155.882 2 2 5
2 928 2 8
999 914.745 1 6
999 934.745 1 7
515.858 131.831 32 1
32 461.255 32 12
8 808 8 3
931.576 176.532 8 10
996 808 4 4
480.333 4 4 9
542.981 998 2 5
2 48.9706 2 8
902.745 999 1 6
551.667 999 1 7
932.289 164.553 4 4
4 432 4 9
2 952 2 5
2 91.8823 2 8
345.823 1 1 6
399.765 1 1 7
224 968 32 1
32 525.255 32 12
907.644 178.343 16 2
984 616 16 11
8 493.255 8 3
192 992 8 10
4 368 4 4
320 4 4 9
944.402 998 2 5
457.019 2 2 8
914.745 999 1 6
932.745 999 1 7
328 4 4 4
4 335.196 4 9
2 16 2 5
120.569 2 2 8
999 900.745 1 6
448.333 1 1 7
32 589.255 32 1
845.49 32 32 12
984 584 16 2
992 653.49 8 3
8 557.255 8 10
488.333 4 4 4
938.745 4 4 9
2 984 2 5
998 990.343 2 8
828.804 999 1 6
983.515 1 1 7
512.937 95.9497 4 4
996 189.255 4 9
2 924 2 5
2 437.657 2 8
379.966 1 1 6
622.378 999 1 7
32 653.255 32 1
781.49 32 32 12
529.477 84.705 16 2
523.454 53.2768 16 11
499.647 8 8 3
39.2587 421.919 8 10
996 632 4 4
4 320 4 9
421.019 2 2 5
2 864 2 8
89.2548 1 1 6
403.765 1 1 7
67.7771 493.255 16 2
522.274 16 16 11
813.49 8 8 3
8 621.255 8 10
4 357.823 4 4
175.196 4 4 9
998 813.657 2 5
72 998 2 8
85.2548 1 1 6
20.4853 999 1 7
4 112 4 4
996 642.177 4 9
60.2843 2 2 5
2 816 2 8
1 158.177 1 6
882.745 999 1 7
996 600 4 4
816.804 996 4 9
998 48 2 5
2 549.255 2 8
878.946 999 1 6
902.745 1 1 7
87.4256 621.255 32 1
717.49 32 32 12
16 730.745 16 2
79.9399 463.656 16 11
33.8885 400 8 3
64 944 8 10
996 664.804 4 4
183.196 4 4 9
944.402 2 2 5
998 860.118 2 8
676 999 1 6
999 932.745 1 7
740.118 4 4 4
4 753.373 4 9
2 629.255 2 5
821.49 2 2 8
999 912.745 1 6
1 180.804 1 7
87.4256 872 32 1
968 538.745 32 12
16 698.51 16 2
99.4915 488.989 16 11
54.0944 427.911 8 3
65.3951 439.237 8 10
4 144 4 4
996 680 4 9
2 12 2 5
998 120 2 8
1 46.1421 1 6
474.676 1 1 7
4 682.51 4 4
868.118 4 4 9
998 112 2 5
2 820 2 8
383.765 1 1 6
1 89.0538 1 7
87.4256 557.255 32 1
288 968 32 12
77.088 923.883 16 2
109.02 921.8 16 11
34.3704 112.556 8 3
966.111 600 8 10
758.863 4 4 4
4 714.51 4 9
998 16 2 5
802.343 998 2 8
1 85.2548 1 6
1 954.828 1 7
256 992 8 3
71.1427 517.018 8 10
996 561.373 4 4
996 221.255 4 9
998 144 2 5
663.833 998 2 8
930.745 999 1 6
1 372 1 7
954.845 277.661 32 1
434.981 968 32 12
554.274 16 16 2
553.683 63.7751 16 11
466.981 992 8 3
990.214 258.978 8 10
191.196 4 4 4
4 400 4 9
2 944 2 5
948.402 2 2 8
324 1 1 6
123.397 1 1 7
491.87 904.396 32 1
653.49 32 32 12
559.706 95.2032 16 2
608.235 16 16 11
128 944 8 3
544.437 41.6275 8 10
748.118 4 4 4
538.274 4 4 9
998 116 2 5
998 986.343 2 8
126.225 1 1 6
117.255 1 1 7
960.03 585.201 8 3
576.902 8 8 10
624.235 4 4 4
502.606 19.6293 4 9
986.343 998 2 5
685.657 998 2 8
1 339.196 1 6
898.745 1 1 7
536.864 192.286 32 1
968 474.745 32 12
608.235 48 16 2
141.088 923.883 16 11
685.49 8 8 3
85.3307 509.622 8 10
588.215 4 4 4
546.744 919.913 4 9
196.853 2 2 5
2 445.255 2 8
914.745 1 1 6
1 981.172 1 7
968 410.745 32 1
352 968 32 12
583.912 74.2733 16 2
984 365.49 16 11
384 992 8 3
402.981 992 8 10
588.215 12 4 4
929.067 96 4 9
998 176 2 5
998 944.402 2 8
981.515 1 1 6
1 428 1 7
892.757 262.134 32 1
192 912.574 32 12
984 333.49 16 2
889.284 214.26 16 11
992 442.745 8 3
320 992 8 10
996 349.49 4 4
67.959 587.538 4 9
998 72 2 5
2 948 2 8
999 193.255 1 6
416.25 1 1 7
128.923 19.6293 4 4
996 388.118 4 9
64.2843 2 2 5
2 477.255 2 8
97.2548 1 1 6
401.765 1 1 7
50.026 416.621 4 4
932.041 33.7086 4 9
998 12 2 5
2 742.059 2 8
484.333 1 1 6
999 628 1 7
31.1849 90.2709 4 4
984.166 644.4 4 9
507.647 2 2 5
998 879.431 2 8
425.706 1 1 6
1 361.823 1 7
15.8337 355.6 4 4
533.765 36.1399 4 9
336.167 2 2 5
2 824 2 8
169.539 1 1 6
999 819.196 1 7
912.574 506.745 32 1
256 912.574 32 12
956.287 349.49 16 2
876.797 96 16 11
992 506.745 8 3
992 310.863 8 10
926.858 250.596 4 4
136.89 18.9052 4 9
764.52 2 2 5
998 140 2 8
999 816.485 1 6
87.2548 1 1 7
361.137 16.9443 4 4
99.2154 468.991 4 9
176 998 2 5
629.892 2 2 8
1 171.147 1 6
999 646.177 1 7
842.092 223.031 32 1
601.408 118.971 32 12
628.349 72.8889 16 2
560.156 150.316 16 11
992 294.863 8 3
928.287 543.53 8 10
881.45 33.7086 4 4
92.2729 910.867 4 9
48 2 2 5
998 685.657 2 8
1 108 1 6
999 45.1716 1 7
845.565 270.905 16 2
581.36 174.282 16 11
466.981 944 8 3
590.347 32 8 10
996 283.549 4 4
44.3035 411.031 4 9
112 998 2 5
136 998 2 8
910.745 1 1 6
999 596 1 7
447.792 66.3504 4 4
996 275.549 4 9
689.657 998 2 5
2 792 2 8
820.804 999 1 6
999 930.745 1 7
749.49 87.4256 32 1
912.574 442.745 32 12
873.284 186.547 16 2
527.491 239.361 16 11
531.685 908.233 8 3
396.135 977.539 8 10
980.371 313.822 4 4
12 154.177 4 9
998 393.775 2 5
693.49 2 2 8
999 857.289 1 6
934.745 1 1 7
598.94 966.291 4 4
51.4666 555.538 4 9
2 860 2 5
314.343 2 2 8
999 660.804 1 6
1 148 1 7
19.6453 364.335 4 4
951.508 128 4 9
998 52 2 5
248 998 2 8
1 18.8284 1 6
1 8 1 7
539.586 30.6517 4 4
966.189 574.902 4 9
879.431 2 2 5
861.49 2 2 8
1 44.1421 1 6
1 686.51 1 7
542.542 284.94 32 1
797.602 269.037 32 12
559.484 240.03 16 2
582.787 206.25 16 11
873.432 72.2372 8 3
560.412 40.7379 8 10
222.283 932.041 4 4
133.533 26.167 4 9
998 802.343 2 5
2 190.461 2 8
1 718.51 1 6
812 999 1 7
627.283 188.247 32 1
320 912.574 32 12
603.991 230.217 16 2
583.947 260.658 16 11
859.244 79.6332 8 3
961.199 325.998 8 10
59.272 932.971 4 4
11.6466 364.48 4 9
998 670.461 2 5
998 490.745 2 8
1 120 1 6
999 624 1 7
671.778 93.3316 32 1
384 912.574 32 12
937.307 323.727 16 2
518.681 326.589 16 11
573.397 50.087 8 3
555.536 126.764 8 10
749.49 48.4924 4 4
439.94 67.8813 4 9
998 798.343 2 5
633.892 2 2 8
1 690.51 1 6
999 197.255 1 7
58.8945 55.9308 4 4
904.469 201.243 4 9
948.402 998 2 5
998 494.745 2 8
1 374 1 6
668 999 1 7
518.451 374.589 32 1
912.574 378.745 32 12
548.799 337.4 16 2
321.717 948.533 4 4
67.959 902.283 4 9
2 747.716 2 5
998 183.598 2 8
999 217.255 1 6
951.23 1 1 7
635.828 91.4378 4 4
871.077 980.371 4 9
998 567.029 2 5
2 800 2 8
1 396 1 6
1 408 1 7
350.283 932.041 4 4
505.013 341.191 4 9
392 998 2 5
2 501.255 2 8
187.196 1 1 6
999 983.515 1 7
859.526 316.83 32 1
87.4256 808 32 12
906.717 308.059 16 2
590.008 292.079 16 11
395.504 961.551 8 3
599.922 159.069 8 10
749.49 15.5076 4 4
254.283 948.533 4 9
2 759.029 2 5
698.745 998 2 8
999 109.172 1 6
542.274 1 1 7
972 906.745 4 4
874.073 972.953 4 9
184 998 2 5
998 572.686 2 8
752.118 1 1 6
744.118 1 1 7
970.648 318.6 4 4
446.034 78.5545 4 9
244 998 2 5
2 856 2 8
900.745 1 1 6
983.515 999 1 7
963.898 314.306 4 4
964.144 367.883 4 9
998 458.745 2 5
998 522.745 2 8
530.274 1 1 6
1 442.426 1 7
48.4924 936 4 4
924.601 166.767 4 9
998 450.745 2 5
998 80 2 8
1 426 1 6
979.515 1 1 7
896.082 410.745 4 4
51.4666 809.717 4 9
998 498.745 2 5
310.343 2 2 8
999 173.172 1 6
582.558 1 1 7
62.7524 719.873 32 1
830.076 107.006 32 12
614.189 271.119 16 2
876.098 409.946 16 11
953.447 373.322 8 3
712.706 71.7128 8 10
860.118 983.056 4 4
583.187 18.2222 4 9
669.49 2 2 5
998 56 2 8
999 353.49 1 6
101.255 1 1 7
780.004 207.504 32 1
142.851 840 32 12
864.593 380.085 16 2
77.6014 668.239 16 11
573.856 309.83 8 3
813.49 56 8 10
678.439 57.9532 4 4
588.441 155.578 4 9
998 698.745 2 5
998 518.745 2 8
1 474.426 1 6
67.1127 1 1 7
142.851 776 32 1
352 857.149 32 12
819.728 180.559 16 2
635.547 235.53 16 11
933.339 558.711 8 3
801.524 66.6214 8 10
543.69 227.632 4 4
477.829 938.869 4 9
734.461 2 2 5
312 998 2 8
999 636 1 6
492.333 1 1 7
125.386 672.782 32 1
681.619 222.064 32 12
97.2499 761.016 16 2
793.964 161.579 16 11
786.353 71.7034 8 3
943.937 570.698 8 10
862.203 68.0039 4 4
401.06 33.7086 4 9
677.49 2 2 5
873.775 2 2 8
999 9.17157 1 6
999 18.8284 1 7
866.151 974.067 4 4
970.992 310.608 4 9
410.981 998 2 5
376 998 2 8
930.745 1 1 6
1 363.823 1 7
575.365 19.9012 4 4
807.991 234.569 4 9
998 426.745 2 5
2 920 2 8
999 882.26 1 6
999 873.775 1 7
611.494 155.894 4 4
527.129 897.132 4 9
998 514.745 2 5
998 794.343 2 8
510.475 1 1 6
1 352.167 1 7
51.4666 870.283 4 4
537.77 320.623 4 9
998 554.745 2 5
116 998 2 8
179.196 1 1 6
1 826.828 1 7
798.34 82.3013 8 3
68.424 759.468 8 10
548.636 116.946 4 4
579.745 154.347 4 9
2 990.343 2 5
2 545.255 2 8
333.338 1 1 6
999 146.828 1 7
198.277 808 32 1
683.738 158.099 32 12
754.405 248.108 16 2
734.572 222.995 16 11
849.452 183.714 8 3
455.015 933.379 8 10
713.686 83.6727 4 4
161.717 932.041 4 9
140 998 2 5
694.745 998 2 8
767.348 1 1 6
754.863 1 1 7
133.027 886.984 16 2
435.089 920 16 11
897.255 330.115 8 3
873.432 119.763 8 10
627.96 92.8851 4 4
867.359 61.887 4 9
301.255 2 2 5
482.981 998 2 8
620.235 1 1 6
173.172 999 1 7
198.277 744 32 1
485.781 429.622 32 12
854.916 160.344 16 2
718.436 191.266 16 11
825.456 66.6214 8 3
88.9861 689.367 8 10
875.214 60.3703 4 4
544.54 110.075 4 9
673.49 2 2 5
144 998 2 8
1 106 1 6
45.1716 1 1 7
135.21 625.798 16 2
731.572 162.086 16 11
878.748 163.177 8 3
889.03 343.839 8 10
889.134 35.935 4 4
35.6293 96.9228 4 9
450.981 998 2 5
120 998 2 8
999 594 1 6
912.745 1 1 7
719.942 141.092 8 3
817.456 156.667 8 10
540.654 101.29 4 4
372.097 19.6293 4 9
789.255 998 2 5
208 998 2 8
107.314 999 1 6
999 289.206 1 7
644.205 152.003 8 3
961.941 900.201 8 10
487.934 393.687 4 4
601.92 82.9746 4 9
2 796 2 5
697.49 2 2 8
616.235 1 1 6
999 279.549 1 7
628.647 148.27 8 3
875.233 147.568 8 10
98.4826 696.703 4 4
51.4666 619.538 4 9
200 998 2 5
454.981 998 2 8
999 396.603 1 6
1 150 1 7
854.236 68.728 4 4
915.461 290.072 4 9
2 301.255 2 5
2 65.9411 2 8
858.662 1 1 6
1 720.51 1 7
836.821 288.892 4 4
67.711 771.447 4 9
998 76 2 5
240 998 2 8
999 626 1 6
1 118 1 7
876.084 353.242 8 3
155.289 878.017 8 10
837.447 67.09 4 4
181.784 776 4 9
998 269.892 2 5
304 998 2 8
999 673.289 1 6
999 676 1 7
169.194 870.101 8 3
741.316 184.019 8 10
876.726 131.302 4 4
841.254 174.951 4 9
593.872 2 2 5
56 998 2 8
999 195.255 1 6
1 688.51 1 7
188.453 854.984 16 2
722.74 252.727 16 11
809.148 142.993 8 3
862.688 137.637 8 10
59.423 676.578 4 4
948.533 444.462 4 9
210.745 2 2 5
2 565.255 2 8
636.721 1 1 6
1 376 1 7
220.167 850.718 16 2
116.801 735.684 16 11
710.381 128.264 8 3
639.658 136.662 8 10
932.041 412.462 4 4
951.508 506.745 4 9
2 541.255 2 5
2 305.255 2 8
999 487.917 1 6
951.23 999 1 7
253.703 776 32 1
601.58 338.663 32 12
127.447 594.754 16 2
654.249 261.496 16 11
913.221 331.161 8 3
770.994 168.532 8 10
352 896.082 4 4
510.782 167.471 4 9
308 998 2 5
372 998 2 8
953.23 1 1 6
999 215.255 1 7
441.764 476.081 32 1
828.117 411.286 32 12
742.572 277.84 16 2
147.931 728.27 16 11
155.978 894.002 8 3
206.695 870.58 8 10
289.717 932.041 4 4
382.283 948.533 4 9
797.49 2 2 5
998 842.51 2 8
999 180.77 1 6
1 744.887 1 7
388.573 511.673 32 1
416 857.149 32 12
766.636 144.931 16 2
242.152 827.466 16 11
726.271 126.397 8 3
612.59 300.208 8 10
906.745 28 4 4
851.089 140.713 4 9
2 569.255 2 5
2 325.657 2 8
1 406 1 6
1 394 1 7
328.835 534.638 32 1
175.231 599.297 32 12
636.052 305.261 16 2
836.876 364.092 16 11
555.83 360.347 8 3
128.221 714.575 8 10
63.4716 62.4921 4 4
955.784 572.609 4 9
2 314.343 2 5
2 573.255 2 8
999 981.515 1 6
394.828 999 1 7
265.501 543.843 32 1
253.703 712 32 12
251.296 858.132 16 2
565.851 382.155 16 11
716.71 113.569 8 3
794.092 137.579 8 10
505.946 173.844 4 4
78.1359 752.42 4 9
52 998 2 5
998 430.745 2 8
544.274 1 1 6
1 761.858 1 7
201.697 538.834 32 1
198.277 680 32 12
305.016 866.973 16 2
685.116 269.937 16 11
756.441 175.181 8 3
420.785 896.862 8 10
836.622 168.428 4 4
107.711 591.514 4 9
2 481.255 2 5
414.981 998 2 8
999 575.515 1 6
999 569.858 1 7
305.14 594.09 32 1
553.065 428.421 32 12
273.282 834.88 16 2
140.921 565.729 16 11
112.416 712.088 8 3
863.327 430.266 8 10
572.131 38.1539 4 4
705.951 81.6314 4 9
48 998 2 5
998 318.863 2 8
999 341.49 1 6
981.515 999 1 7
253.703 648 32 1
789.001 360.63 32 12
309.282 835.259 16 2
230.799 577.006 16 11
222.172 874.634 8 3
435.966 891.809 8 10
715.911 211.106 4 4
708.051 89.3509 4 9
998 302.863 2 5
2 676.853 2 8
1 853.172 1 6
1 448.083 1 7
368.475 584.884 32 1
335.783 795.237 32 12
592.09 400.473 16 2
853.373 452.104 16 11
447.953 881.211 8 3
664.964 282.971 8 10
786.422 83.7032 4 4
70.9332 840 4 9
2 485.255 2 5
801.49 2 2 8
532.274 1 1 6
999 461.574 1 7
445.991 539.942 32 1
684.402 317.931 32 12
463.636 863.045 16 2
822.104 458.908 16 11
789.139 95.3914 8 3
254.225 582.221 8 10
891.676 194.403 4 4
845.395 67.9999 4 9
306.343 2 2 5
998 136 2 8
999 357.49 1 6
1 424 1 7
504.007 490.972 32 1
309.128 680 32 12
378.501 817.128 16 2
843.631 482.585 16 11
245.741 595.787 8 3
640.363 328.871 8 10
212.167 881.259 4 4
502.845 166.47 4 9
2 60.2843 2 5
998 434.745 2 8
999 84.6863 1 6
99.2548 1 1 7
381.741 836.863 4 4
82.3712 521.251 4 9
180 998 2 5
2 633.255 2 8
999 345.49 1 6
69.1127 1 1 7
916.327 542.549 4 4
475.745 464.195 4 9
418.981 998 2 5
206.745 2 2 8
999 525.574 1 6
999 701.574 1 7
633.147 98.9754 4 4
232.951 866.098 4 9
204 998 2 5
805.49 2 2 8
642.177 1 1 6
999 638 1 7
663.279 187.721 4 4
875.322 429.931 4 9
2 669.255 2 5
998 376.804 2 8
731.632 1 1 6
876.603 1 1 7
731.322 137.283 4 4
948.533 65.7171 4 9
2 888 2 5
568.902 2 2 8
932.745 1 1 6
999 875.775 1 7
166.666 881.832 4 4
217.743 710.283 4 9
264 998 2 5
793.255 998 2 8
1 917.172 1 6
512.475 1 1 7
93.2548 28 4 4
159.9 744.293 4 9
2 880 2 5
458.981 998 2 8
999 551.917 1 6
1 987.515 1 7
981.095 305.855 4 4
299.54 555.561 4 9
998 382.461 2 5
998 694.745 2 8
769.348 1 1 6
701.574 999 1 7
107.075 470.482 4 4
80.9385 772.589 4 9
336 998 2 5
998 689.657 2 8
485.809 999 1 6
146.828 999 1 7
455.042 921.379 4 4
214.769 776 4 9
998 952 2 5
825.49 2 2 8
666.662 1 1 6
999 592 1 7
515.958 260.665 4 4
685.49 48.4924 4 9
701.49 2 2 5
798.343 998 2 8
999 604 1 6
618.235 1 1 7
564.799 214.993 4 4
237.21 744 4 9
829.49 2 2 5
2 194.461 2 8
1 789.172 1 6
999 398.603 1 7
234.26 809.089 4 4
900.814 341.575 4 9
2 605.255 2 5
998 789.255 2 8
1 140 1 6
448.152 999 1 7
70.254 66.7347 4 4
813.536 67.9999 4 9
2 509.255 2 5
2 637.255 2 8
1 722.51 1 6
1 710.51 1 7
424.567 511.011 4 4
856.732 361.695 4 9
202.745 2 2 5
272 998 2 8
1 69.2548 1 6
1 116 1 7
162.335 511.364 16 2
647.776 351.697 16 11
293.415 643.215 8 3
157.345 635.075 8 10
479.945 394.098 4 4
980.355 635.665 4 9
268 998 2 5
998 454.745 2 8
1 136 1 6
237.172 999 1 7
132.992 498.596 16 2
629.318 377.837 16 11
172.798 639.223 8 3
290.22 885.869 8 10
937.136 343.726 4 4
90.3383 520.527 4 9
332 998 2 5
2 309.255 2 8
1 706.51 1 6
596.701 1 1 7
718.617 276.37 8 3
100.62 514.338 8 10
908.328 542.494 4 4
828.02 162.359 4 9
998 265.892 2 5
328 998 2 8
638.721 1 1 6
953.23 999 1 7
281.631 872.37 8 3
832.504 151.228 8 10
260.497 819.5 4 4
162.318 806.283 4 9
368 998 2 5
2 198.461 2 8
1 298.426 1 6
1 538.426 1 7
188.64 636.982 8 3
819.632 482.78 8 10
808.697 76.2416 4 4
830.381 283.921 4 9
76 998 2 5
9.65685 2 2 8
999 213.255 1 6
301.172 999 1 7
805.177 475.921 8 3
406.681 547.339 8 10
932.041 473.028 4 4
402.742 951.98 4 9
474.981 998 2 5
2 202.461 2 8
956.686 1 1 6
1 739.23 1 7
218.555 886.076 4 4
44.031 105.437 4 9
2 613.255 2 5
2 206.461 2 8
1 392 1 6
1 404 1 7
106.892 838.283 4 4
524.654 889.524 4 9
998 226.912 2 5
2 505.255 2 8
1 328.485 1 6
1 331.196 1 7
588.664 43.8814 4 4
286.017 514.261 4 9
2 884 2 5
478.981 998 2 8
882.745 1 1 6
396.828 999 1 7
761.675 266.74 4 4
103.824 720.465 4 9
2 210.745 2 5
2 609.255 2 8
999 979.515 1 6
1 576.083 1 7
608.959 67.9869 4 4
567.903 31.3626 4 9
16 2 2 5
80 998 2 8
1 763.858 1 6
546.274 1 1 7
698.734 125.371 4 4
702.839 64.8835 4 9
998 230.912 2 5
6 437.657 2 8
999 423.917 1 6
979.515 999 1 7
520.56 882.651 4 4
98.8983 726.769 4 9
908.96 197.265 2 5
994 382.461 2 8
999 321.691 1 6
999 325.49 1 7
944.069 941.105 4 4
650.507 141.791 4 9
254.627 840.443 2 5
563.319 934.002 2 8
45.1716 999 1 6
534.274 1 1 7
906.745 972 4 4
97.526 741.018 4 9
539.281 107.186 2 5
874.143 204.526 2 8
794.662 1 1 6
999 355.49 1 7
100.468 713.204 4 4
361.603 549.546 4 9
994.385 54.2885 2 5
994.536 516.745 2 8
298.426 1 1 6
1 63.1127 1 7
64.1457 683.035 4 4
703.14 118.694 4 9
990.343 994 2 5
934.021 158.808 2 8
999 343.49 1 6
999 703.574 1 7
278.379 883.921 4 4
505.602 27.0472 4 9
176.309 833.95 2 5
121.403 873.24 2 8
213.574 1 1 6
421.809 999 1 7
484.94 113.39 4 4
744.066 205.392 4 9
280.121 513.147 2 5
843.348 380.888 2 8
210.828 999 1 6
729.632 1 1 7
929.311 342.059 4 4
453.986 913.449 4 9
5.4641 483.255 2 5
583.82 308.981 2 8
1 666.426 1 6
1 674.024 1 7
575.898 31.0965 4 4
514.173 307.104 4 9
120.838 614.961 2 5
631.811 360.011 2 8
566.073 1 1 6
1 892.686 1 7
955.949 315.208 4 4
886.946 171.94 4 9
951.699 577.004 2 5
56 938 2 8
786.426 999 1 6
703.574 999 1 7
395.509 772.242 32 1
764.69 419.833 32 12
874.899 475.781 16 2
225.417 608.55 16 11
517.9 453.462 8 3
391.254 551.583 8 10
476.944 113.149 4 4
689.923 55.1523 4 9
5.4641 946 2 5
72.8891 768.416 2 8
999 379.632 1 6
999 954.828 1 7
799.608 439.344 8 3
402.643 562.821 8 10
602.991 254.548 4 4
635.161 255.527 4 9
567.309 934.277 2 5
624.187 975.66 2 8
999 947.23 1 6
999 606 1 7
798.245 461.5 8 3
649.085 284.934 8 10
709.933 268.089 4 4
921.811 294.938 4 9
880.99 230.235 2 5
828.106 254.021 2 8
704.319 1 1 6
832.319 1 1 7
789.222 474.714 8 3
723.017 291.753 8 10
695.938 60.8358 4 4
948.234 581.902 4 9
155.882 14 2 5
826.284 990.185 2 8
999 786.426 1 6
1 640.083 1 7
588.616 51.8813 4 4
33.7086 689.214 4 9
476.692 994.385 2 5
5.4641 862 2 8
199.917 1 1 6
1 138 1 7
226.55 885.807 4 4
854.204 354.105 4 9
932.818 91.3169 2 5
990.122 643.668 2 8
274.828 999 1 6
598.701 1 1 7
581.57 40.1834 4 4
271.008 854.751 4 9
50.0629 490.06 2 5
118.288 994.385 2 8
1 708.51 1 6
338.828 999 1 7
640.776 276.276 4 4
451.8 441.509 4 9
993.786 452.584 2 5
573.095 299.859 2 8
955.23 999 1 6
999 263.064 1 7
270.195 680 4 4
41.6079 687.949 4 9
966.93 199.545 2 5
163.568 749.041 2 8
1 513.941 1 6
1 296.426 1 7
745.42 197.507 4 4
603.889 75.2209 4 9
99.0393 732.767 2 5
121.251 707.404 2 8
365.172 999 1 6
1 600.569 1 7
563.417 351.05 4 4
883.364 41.4763 4 9
9.81467 336.676 2 5
994 990.343 2 8
1 213.574 1 6
82.8284 999 1 7
466.935 932 4 4
569.665 221.343 4 9
500.273 171.89 2 5
969.435 912.169 2 8
18.8284 1 1 6
12.4853 1 1 7
570.087 321.222 4 4
808.57 487.431 4 9
875.932 226.331 2 5
994.536 74 2 8
562.274 1 1 6
999 233.74 1 7
615.529 442.361 32 1
464.203 815.048 32 12
341.953 624.892 16 2
136.606 530.392 16 11
900.201 961.941 8 3
174.277 712 8 10
658.122 292.829 4 4
918.369 550.284 4 9
412.692 994.385 2 5
76.205 65.9694 2 8
999 373.49 1 6
296.426 1 1 7
356.205 495.915 4 4
295.256 849.516 4 9
754.173 52.2432 2 5
246 994.536 2 8
999 705.574 1 6
215.574 1 1 7
384.66 646.804 32 1
725.575 369.177 32 12
289.48 744 16 2
493.93 852.735 16 11
605.327 378.487 8 3
401.886 811.73 8 10
796.524 484.236 4 4
102.422 705.446 4 9
458.947 916.823 2 5
9.92528 681.566 2 8
705.574 999 1 6
784.426 999 1 7
161.848 535.359 8 3
416.852 806.072 8 10
813.951 493.35 4 4
285.883 861.149 4 9
514.068 266.36 2 5
434.28 65.8895 2 8
999 608 1 6
999 784.426 1 7
428.403 795.001 8 3
300.005 813.124 8 10
265.987 579.84 4 4
123.385 806.283 4 9
6.2143 503.094 2 5
837.038 162.442 2 8
999 261.064 1 6
1 294.426 1 7
594.235 373.906 4 4
270.757 862.747 4 9
580.721 91.9883 2 5
619.549 34 2 8
1 215.574 1 6
999 235.74 1 7
192 951.508 4 4
352.786 507.761 4 9
675.49 5.4641 2 5
996.078 947.91 2 8
294.426 1 1 6
217.574 1 1 7
237.21 680 4 4
862.042 355.711 4 9
542.374 153.112 2 5
823.202 5.61535 2 8
999 707.574 1 6
782.426 999 1 7
521.886 410.425 4 4
48.7635 98.9871 4 9
934.543 102.05 2 5
356.683 892.331 2 8
707.574 999 1 6
999 782.426 1 7
586.634 371.414 4 4
428.817 806.994 4 9
85.501 32 2 5
64.4911 68.4049 2 8
1 292.426 1 6
999 237.74 1 7
443.917 440.146 4 4
53.595 682.059 4 9
162.475 738.874 2 5
772.315 246.309 2 8
1 217.574 1 6
219.574 1 1 7
511.265 32.6975 4 4
484.47 386.475 4 9
5.4641 611.255 2 5
990.185 663.324 2 8
292.426 1 1 6
780.426 999 1 7
878.874 366.084 4 4
405.997 480.17 4 9
63.7538 449.102 2 5
925.567 337.371 2 8
999 709.574 1 6
999 780.426 1 7
449.039 434 4 4
988.733 637.831 4 9
987.778 566.401 2 5
3.92202 441.747 2 8
709.574 999 1 6
999 239.74 1 7
113.721 474.935 4 4
482.65 869.25 4 9
998 242.569 2 5
891.186 188.423 2 8
1 290.426 1 6
221.574 1 1 7
706.658 275.387 4 4
382.283 876.615 4 9
998 246.569 2 5
456.981 994.536 2 8
1 219.574 1 6
778.426 999 1 7
335.707 569.976 4 4
872.867 437.545 4 9
998 250.569 2 5
92.1813 743.745 2 8
290.426 1 1 6
999 778.426 1 7
413.317 557.337 4 4
145.518 642.937 4 9
566.092 76.814 2 5
73.8393 942.214 2 8
999 711.574 1 6
711.574 999 1 7
759.491 381.248 4 4
425.579 814.309 4 9
8 149.704 2 5
598.704 250.351 2 8
223.574 1 1 6
1 288.426 1 7
163.655 700.034 8 3
99.7988 38.0586 8 10
232.6 880.572 4 4
469.048 499.566 4 9
534.689 101.934 2 5
554.635 116.805 2 8
776.426 999 1 6
1 221.574 1 7
407.076 945.255 4 4
517.019 222.322 4 9
993.786 118.161 2 5
697.204 119.57 2 8
999 776.426 1 6
288.426 1 1 7
364.086 541.942 4 4
271.842 879.311 4 9
574.134 401.735 2 5
179.508 836.35 2 8
999 253.397 1 6
1 223.574 1 7
169.146 722.848 4 4
980.371 871.077 4 9
721.529 208.998 2 5
484.333 8.47214 2 8
999 255.397 1 6
4.90733 315.083 1 7
264.87 587.762 4 4
831.212 294.596 4 9
538.274 24.2462 2 5
121.314 869.241 2 8
66.4853 582.76 1 6
77.741 523.138 1 7
708.698 283.123 4 4
562.868 314.654 4 9
417.607 4.08671 2 5
934.161 535.437 2 8
966.179 363.316 1 6
325.382 945.132 1 7
146.685 901.594 4 4
890.632 164.84 4 9
97.9322 463.13 2 5
84.7336 499.294 2 8
637.721 2.73205 1 6
997.268 901.745 1 7
609.62 80.8035 4 4
566.61 131.386 4 9
108.874 774.76 2 5
926.11 411.556 2 8
2.73205 149 1 6
869.839 80.4891 1 7
937.508 936.528 4 4
412.532 817.267 4 9
535.863 66.3158 2 5
694.161 190.462 2 8
800.647 145.948 1 6
997.268 216.255 1 7
821.94 145.536 4 4
972.953 874.073 4 9
817.42 72.5728 2 5
589.179 17.922 2 8
2.80767 8.85576 1 6
792.629 65.2528 1 7
576.629 225.279 4 4
294.796 522.92 4 9
5.4641 631.255 2 5
524.674 915.364 2 8
180.142 634.02 1 6
933.826 3.10715 1 7
211.093 573.586 4 4
460.334 506.922 4 9
603.669 304.728 2 5
204.784 841.372 2 8
952.23 2.73205 1 6
4.23607 196.461 1 7
889.036 157.001 4 4
267.548 815.72 4 9
750.96 230.441 2 5
717.485 173.291 2 8
88.2548 2.73205 1 6
123.397 3 1 7
181.971 646.959 4 4
792.102 396.496 4 9
233.459 748.683 2 5
939.689 990.075 2 8
997.192 818.34 1 6
399.939 969.382 1 7
202.337 628.712 8 3
292.845 767.763 8 10
123.3 575.189 4 4
369.431 547.895 4 9
355.873 934.221 2 5
982.054 443.786 2 8
2.73205 405 1 6
3.10715 372.92 1 7
925.746 301.903 4 4
19.6453 147.665 4 9
5.61535 926.288 2 5
996.078 673.969 2 8
2.73205 395 1 6
26.2668 91.1724 1 7
137.712 994.385 2 5
315.322 852.215 2 8
862.487 63.0119 1 6
597.091 997.192 1 7
612.261 388.281 4 4
257.567 593.747 4 9
80.1514 766.641 2 5
129.316 807.19 2 8
392.472 995.037 1 6
518.831 995.004 1 7
636.061 269.813 4 4
206.347 617.402 4 9
5.4641 818 2 5
621.087 154.816 2 8
622.378 997 1 6
4.23607 571.255 1 7
151.612 648.12 4 4
203.186 574.803 4 9
219.924 715.873 2 5
275.671 673.95 2 8
997.192 194.111 1 6
901.745 2.73205 1 7
90.8908 33.5147 2 5
632.357 322.878 2 8
543.274 2.73205 1 6
49.2612 411.68 1 7
293.415 716.785 8 3
741.579 131.054 8 10
175.07 651.006 4 4
933.265 929.746 4 9
565.951 260.282 2 5
607.993 291.328 2 8
878.988 126.843 1 6
552.654 45.2994 1 7
821.858 494.572 4 4
405.977 472.17 4 9
79.5224 686.136 2 5
98.0867 718.711 2 8
45.1325 428.738 1 6
995.764 492.745 1 7
471.81 507.075 4 4
888.404 964.138 4 9
766.218 385.867 2 5
860.507 400.949 2 8
995.764 428.745 1 6
2.80767 427.144 1 7
515.049 876.852 4 4
843.701 143.784 4 9
73.8901 588.444 2 5
141.663 583.714 2 8
716.775 79.7404 1 6
997.268 933.745 1 7
564.992 345.26 2 5
930.025 158.996 2 8
997 321.691 1 6
906.058 196.503 1 7
752.51 329.447 16 2
661.185 380.753 16 11
434.692 780.288 8 3
822.181 302.498 8 10
228.24 514.514 4 4
298.224 515.691 4 9
300.178 884.951 2 5
382.809 842.768 2 8
684.917 995.093 1 6
533.274 2.73205 1 7
701.263 428.38 32 1
453.387 744.926 32 12
411.181 606.796 16 2
409.178 726.229 16 11
775.611 322.938 8 3
616.015 402.364 8 10
704.937 261.84 4 4
617.777 244.707 4 9
595.412 379.79 2 5
695.33 6.2143 2 8
546.654 924.912 1 6
232.233 813.66 1 7
163.108 651.955 8 3
450.82 901.874 8 10
579.77 367.305 4 4
237.541 872.651 4 9
762.976 162.555 2 5
835.985 447.448 2 8
651.474 146.696 1 6
799.49 4.23607 1 7
737.754 459.563 16 2
430.754 702.597 16 11
163.674 551.255 8 3
318.922 631.641 8 10
697.609 254.318 4 4
195.143 873.831 4 9
265.839 993.786 2 5
562.893 257.704 2 8
3 63.1127 1 6
3 744.887 1 7
788.916 486.71 4 4
621.208 291.858 4 9
533.608 30.142 2 5
389.824 969.781 2 8
995.15 519.682 1 6
995.764 50 1 7
627.648 287.113 4 4
936.409 351.693 4 9
990.655 385.392 2 5
990.185 285.029 2 8
866.401 145.835 1 6
997.268 344.49 1 7
447.995 637.599 32 1
572.225 489.485 32 12
352.791 750.352 16 2
376.043 728.366 16 11
761.754 459.725 8 3
643.621 397.109 8 10
627.355 253.776 4 4
880.807 966.644 4 9
310.288 994.385 2 5
53.6469 804.127 2 8
709.758 119.285 1 6
504.996 15.2376 1 7
438.723 590.503 16 2
345.377 719.223 16 11
777.623 457.684 8 3
728.511 329.285 8 10
286.586 633.348 4 4
174.601 880.814 4 9
942.548 182.543 2 5
881.596 78.0118 2 8
997 569.858 1 6
846.241 175.306 1 7
117.025 516.515 8 3
278.789 811.521 8 10
446.692 780.298 4 4
503.929 48.9433 4 9
622.709 89.9824 2 5
601.344 69.7876 2 8
4.85008 480.318 1 6
4.23607 886 1 7
756.977 162.444 4 4
579.451 241.17 4 9
9.81467 175.324 2 5
770.978 331.8 2 8
518.511 309.59 1 6
572.463 15.8295 1 7
342.312 501.256 4 4
717.515 334.091 4 9
167.905 728.718 2 5
934.143 568.679 2 8
966.058 309.797 1 6
876.59 995.037 1 7
736.408 203.079 4 4
508.394 872.413 4 9
33.0704 736.455 2 5
3.92202 673.345 2 8
54.818 935.243 1 6
4.29629 985.931 1 7
756.319 474.773 8 3
309.089 720 8 10
245.402 607.782 4 4
635.433 285.271 4 9
904.846 336.625 2 5
584.168 47.8543 2 8
64.5355 767.585 1 6
4.85008 948.936 1 7
581.733 454.764 4 4
847.898 75.7262 4 9
530.144 891.945 2 5
912.169 969.435 2 8
997.192 595.144 1 6
627.178 975.424 1 7
54 994.536 2 5
17.9457 809.041 2 8
704.106 86.2785 1 6
828.142 987.83 1 7
260.749 811.504 4 4
515.566 868.869 4 9
660.522 195.401 2 5
621.138 224.742 2 8
952.773 579.805 1 6
995.764 142 1 7
899.797 228.871 2 5
971.201 217.911 2 8
308.343 4.23607 1 6
199.917 3 1 7
698.494 284.804 4 4
124.686 480.403 4 9
799.312 429.349 2 5
803.65 134.64 2 8
4.85008 859.064 1 6
213.555 886.063 1 7
853.859 254.93 2 5
467.979 17.9457 2 8
593.132 4.90733 1 6
334 995.764 1 7
789.543 445.878 4 4
186.048 506.413 4 9
60.2843 6 2 5
97.5183 907.954 2 8
2.80767 709.654 1 6
114 995.764 1 7
732.079 404.585 4 4
398.609 477.1 4 9
152.891 16.6553 2 5
596.372 273.682 2 8
576.661 36.038 1 6
783.941 88.0444 1 7
543.315 247.94 2 5
445.263 935.592 2 8
951.23 997 1 6
995.764 456.745 1 7
295.857 797.671 8 3
328.281 644.617 8 10
495.523 832.799 4 4
589.434 380.305 4 9
735.671 122.986 2 5
729.744 143.072 2 8
988.343 4.23607 1 6
124.13 706.559 1 7
269.655 871.615 4 4
921.324 341.614 4 9
924.777 183.864 2 5
438.301 442.258 2 8
78 995.764 1 6
901.889 997.192 1 7
943.204 991.985 2 5
814.531 46.0543 2 8
12.1699 338.534 1 6
2.80767 330.34 1 7
766.386 309.865 8 3
714.654 466.072 8 10
459.862 882.685 4 4
172.293 559.604 4 9
9.92528 144.944 2 5
83.1876 481.361 2 8
178 995.764 1 6
879.494 38.3102 1 7
380.289 546.707 4 4
163.187 688.043 4 9
224.313 829.866 2 5
265.192 744 2 8
12.4853 3 1 6
970.78 901.896 1 7
421.459 934.636 4 4
717.507 233.424 4 9
619.073 88.3148 2 5
6.2143 547.416 2 8
501.036 174.792 1 6
507.189 163.994 1 7
700.566 279.173 2 5
540.981 994.536 2 8
379.966 3 1 6
475.967 943.51 1 7
565.715 114.279 4 4
244.332 876.88 4 9
723.54 65.4574 2 5
798.648 92.2965 2 8
566.073 3 1 6
995.15 76.9365 1 7
657.805 404.514 8 3
791.454 320.705 8 10
737.516 142.346 4 4
316.347 643.361 4 9
954.464 443.556 2 5
546.973 80.4778 2 8
11.6569 995.764 1 6
997 379.632 1 7
806.905 324.861 8 3
654.398 130.439 8 10
610.995 248.951 4 4
278.978 854.052 4 9
552.714 369.849 2 5
155.2 527.89 2 8
663.005 291.756 1 6
997 9.17157 1 7
293.38 823.129 4 4
525.908 462.4 4 9
866.322 283.516 2 5
881.622 392.814 2 8
3 89.0538 1 6
997.268 637 1 7
536.619 467.81 8 3
641.639 120.785 8 10
222.785 892.866 4 4
282.538 626.448 4 9
129.041 982.054 2 5
201.839 993.786 2 8
243.064 995.15 1 6
751.313 53.1483 1 7
736.107 300.953 8 3
415.844 583.253 8 10
116.695 528.51 4 4
668.622 399.318 4 9
775.159 243.497 2 5
266.505 809.811 2 8
637.314 96.2118 1 6
876.603 3 1 7
724.419 303.671 4 4
981.095 863.11 4 9
184.223 713.041 2 5
801.734 131.129 2 8
2.73205 362.823 1 6
402.909 2.80767 1 7
752.071 299.88 8 3
344.707 648.734 8 10
414.424 938.446 4 4
770.829 467.576 4 9
552.684 919.072 2 5
393.212 806.755 2 8
2.80767 687.365 1 6
805.427 466.924 1 7
819.492 334.739 8 3
723.878 479.145 8 10
578.301 233.253 4 4
109.229 525.637 4 9
913.024 547.558 2 5
840.647 464.834 2 8
997.268 605 1 6
435.024 68.7958 1 7
707.944 480.597 8 3
329.406 755.749 8 10
675.303 394.918 4 4
153.522 905.748 4 9
65.4574 647.205 2 5
970 376.804 2 8
995.764 267.892 1 6
834.434 163.932 1 7
744.838 478.266 4 4
778.307 311.245 4 9
886.083 353.395 2 5
75.5224 686.118 2 8
4.23607 507.255 1 6
995.764 228.912 1 7
994.333 817.432 2 5
879.663 136.534 2 8
866.25 979.066 1 6
616.65 33.2286 1 7
669.484 407.272 4 4
264.084 877.357 4 9
12.2222 59.6557 2 5
16 105.882 2 8
511.475 2.73205 1 6
672.554 4.85008 1 7
257.361 606.787 8 3
802.778 309.402 8 10
208.194 581.042 4 4
390.267 948.025 4 9
995.913 179.413 2 5
645.283 369.524 2 8
858.725 351.969 1 6
845.465 378.763 1 7
735.874 479.474 4 4
735.245 319.352 4 9
615.895 85.8854 2 5
292.469 517.389 2 8
353.823 891.426 1 6
933.723 94.1771 1 7
161.92 885.502 2 5
418.387 815.953 2 8
43.0956 110.349 1 6
933.745 997.268 1 7
727.505 317.327 4 4
319.708 714.41 4 9
534.176 949.937 2 5
831.842 255.449 2 8
985.846 304.296 1 6
995.764 687.657 1 7
320.861 722.327 4 4
567.68 362.239 4 9
470.117 39.7819 2 5
448.319 73.0063 2 8
61.7498 67.1863 1 6
995.093 803.083 1 7
331.682 738.932 8 3
670.723 358.729 8 10
111.596 35.8625 4 4
781.444 483.852 4 9
548.607 224.193 2 5
585.251 242.705 2 8
164.013 741.45 1 6
58.5641 681.504 1 7
294.306 631.248 4 4
567.012 328.608 4 9
488.611 869.931 2 5
387.289 972.875 2 8
187.196 7 1 6
911.745 997.268 1 7
217.743 649.717 4 4
416.813 928.123 4 9
609.24 395.008 2 5
674.596 255.331 2 8
15.5918 361.408 1 6
619.38 2.80767 1 7
888.909 177.61 2 5
734.511 435.492 2 8
333.338 3 1 6
800.343 995.764 1 7
327.046 711.224 4 4
967.302 879.736 4 9
867.191 439.489 2 5
993.44 182.556 2 8
4.85008 608.318 1 6
576.366 158.032 1 7
243.078 515.679 4 4
456.289 889.843 4 9
475.559 472.353 2 5
551.683 462.392 2 8
590.96 159.897 1 6
4.23607 794 1 7
527.399 456.588 2 5
410.14 537.956 2 8
754.007 2.80767 1 6
983.986 639.403 1 7
776.525 303.446 4 4
480.733 120.194 4 9
33.6293 102.58 2 5
8.01524 678.051 2 8
453.235 436.719 1 6
893.808 189.881 1 7
459.308 5.61535 2 5
513.731 937.366 2 8
112.068 470.216 1 6
585.809 997 1 7
232.955 520.976 4 4
404.339 588.003 4 9
57.3528 9.3453 2 5
32 69.0086 2 8
995.764 796.343 1 6
2.73205 719.51 1 7
80.1993 65.7575 2 5
571.251 59.854 2 8
454.044 995.15 1 6
667.144 997.192 1 7
777.429 476.932 4 4
114.011 504.899 4 9
967.558 372.816 2 5
802.385 485.523 2 8
911.745 2.73205 1 6
2.73205 117 1 7
314.44 761.407 8 3
419.779 665.952 8 10
770.237 298.5 4 4
162.277 680.095 4 9
382.959 982.054 2 5
387.053 966.897 2 8
995.764 244.569 1 6
123.463 613.509 1 7
409.466 678.184 8 3
691.218 389.661 8 10
307.029 630.04 4 4
425.213 575.755 4 9
671.196 189.701 2 5
636.4 263.823 2 8
366.115 16.4775 1 6
536.614 104.235 1 7
674.814 284.697 2 5
957.521 594.881 2 8
995.764 114 1 6
176.567 836.939 1 7
703.179 469.583 4 4
823.229 349.472 4 9
228.614 891.441 2 5
206.207 880.568 2 8
4.7263 313.091 1 6
720.844 211.919 1 7
227.873 934.221 2 5
457.918 908.917 2 8
76.2264 524.444 1 6
119.974 866.557 1 7
803.795 450.861 4 4
784.17 305.802 4 9
12.2222 433.599 2 5
166.062 717.702 2 8
326.422 946.841 1 6
931.192 535.011 1 7
269.856 584.425 2 5
513.021 933.43 2 8
567.592 316.292 1 6
997.192 911.601 1 7
114.849 895.323 4 4
165.129 563.166 4 9
304.714 558.6 2 5
91.4925 679.686 2 8
928.134 409.342 1 6
793.151 63.3221 1 7
233.551 526.946 2 5
110.019 509.379 2 8
4.23607 14 1 6
820.124 73.8719 1 7
289.551 779.302 4 4
187.221 874.946 4 9
386.94 982.442 2 5
280.037 862.498 2 8
817.417 147.667 1 6
4.85008 634.191 1 7
480.633 9.99249 2 5
991.081 819.761 2 8
4.99624 194.611 1 6
122.14 4.55556 1 7
798.178 126.296 4 4
773.444 483.869 4 9
233.459 684.683 2 5
926.299 256.57 2 8
98.1106 2.80767 1 6
753.883 231.116 1 7
5.4641 567.255 2 5
65.0407 953.946 2 8
232.554 745.823 1 6
983.171 441.001 1 7
818.721 322.764 4 4
153.875 544.328 4 9
797.35 393.589 2 5
966.485 909.109 2 8
355.226 931.292 1 6
366.136 551.656 1 7
683.372 61.3693 2 5
586.8 424.177 2 8
181.006 632.216 1 6
25.0315 398.403 1 7
109.021 900.804 4 4
404.142 580.005 4 9
764.443 300.056 2 5
802.039 235.328 2 8
987.83 661.466 1 6
926.391 296.945 1 7
37.6293 102.58 2 5
548.23 937.366 2 8
860.508 63.2999 1 6
142 995.764 1 7
555.804 318.409 4 4
308.452 771.807 4 9
89.9682 655.16 2 5
107.959 703.136 2 8
520.747 995.575 1 6
394.229 995.992 1 7
994.385 497.034 2 5
111.334 586.731 2 8
132.315 807.273 1 6
77.8971 768.621 1 7
685.938 374.558 8 3
406.755 702.352 8 10
116.681 903.111 4 4
744.689 309.341 4 9
974.267 348.632 2 5
922.843 334.441 2 8
101.145 744.468 1 6
621.121 995.444 1 7
577.696 94.6046 2 5
292.136 806.953 2 8
4.85008 820.936 1 6
201.918 619.722 1 7
297.536 778.808 4 4
813.483 314.824 4 9
946.032 121.95 2 5
15.5924 158.982 2 8
216.994 715.226 1 6
51.2589 411.776 1 7
287.936 787.137 4 4
414.391 565.265 4 9
362.827 533.879 2 5
946.353 60.1273 2 8
89.2548 31 1 6
43.4816 429.867 1 7
409.002 466.989 2 5
259.873 946.353 2 8
98.951 721.584 1 6
817.446 496.926 1 7
200.112 640.504 4 4
316.783 729.209 4 9
687.045 62.952 2 5
880.733 427.339 2 8
995.004 430.595 1 6
144.35 582.379 1 7
163.145 672.142 4 4
769.429 476.95 4 9
9.3453 750.647 2 5
994.001 670.55 2 8
71.8656 590.658 1 6
904.073 196.259 1 7
53.6469 875.873 2 5
375.118 799.448 2 8
995.444 320.434 1 6
928.344 161.481 1 7
532.254 953.445 2 5
78.3684 758.416 2 8
686.909 995.274 1 6
384.967 840.683 1 7
73.6435 772.344 2 5
602.295 248.589 2 8
316.868 854.786 1 6
281.445 887.871 1 7
139.39 710.185 4 4
309.553 639.139 4 9
200.819 841.905 2 5
909.351 966.596 2 8
830.691 299.569 1 6
432.088 803.212 1 7
994 944.402 2 5
755.754 353.517 2 8
699.49 4.23607 1 6
801.34 4.99624 1 7
758.596 289.809 4 4
147.161 708.284 4 9
994 567.029 2 5
86.6934 908.66 2 8
635.464 154.146 1 6
427.073 890.423 1 7
634.695 127.981 2 5
793.793 402.253 2 8
180.038 651.57 1 6
150.508 643.243 1 7
470.385 595.14 16 2
462.389 697.778 16 11
317.023 745.617 8 3
644.301 413.095 8 10
830.05 345.293 4 4
765.444 483.887 4 9
165.282 887.67 2 5
511.996 407.97 2 8
565.864 257.284 1 6
531.158 31.8736 1 7
208.018 639.283 4 4
413.523 692.443 4 9
8.42881 60.9246 2 5
271.878 580.974 2 8
997.192 354.346 1 6
855.504 143.059 1 7
870.843 9.3453 2 5
65.9364 651.176 2 8
620.94 296.851 1 6
501.322 24.4617 1 7
405.791 690.391 4 4
964.138 888.404 4 9
396.752 951.629 2 5
466.232 504.864 2 8
708.667 117.609 1 6
50.7173 804.774 1 7
475.571 614.456 4 4
476.161 513.788 4 9
867.729 111.549 2 5
532.735 894.992 2 8
883.665 962.542 1 6
878.031 64.5012 1 7
786.511 123.49 8 3
433.149 674.741 8 10
665.155 413.999 4 4
410.244 572.106 4 9
682.914 384.089 2 5
150.953 497.419 2 8
4.99624 884.15 1 6
604.31 70.2386 1 7
665.703 350.08 2 5
430.27 900.028 2 8
443.028 776.896 1 6
520.509 309.688 1 7
448.893 677.588 8 3
687 358.593 8 10
117.55 536.464 4 4
309.285 731.998 4 9
20.5109 557.255 2 5
549.636 135.71 2 8
761.264 165.018 1 6
878.347 995.992 1 7
364.139 712.295 4 4
631.636 397.702 4 9
715.048 285.711 2 5
519.771 873.149 2 8
973.817 314.733 1 6
959.585 311.776 1 7
548.643 464.992 2 5
880.184 389.082 2 8
931.386 567.497 1 6
714.813 174.656 1 7
218.252 641.733 4 4
421.46 677.833 4 9
137.839 942.214 2 5
448.637 83.9607 2 8
3 987.515 1 6
54.2839 933.315 1 7
853.032 135.037 2 5
833.922 71.9449 2 8
741.104 201.363 1 6
583.765 44.8814 1 7
782.695 315.88 2 5
873.775 6 2 8
640.862 281.276 1 6
626.364 973.596 1 7
813.49 20.5109 2 5
619.549 30 2 8
633.768 976.558 1 6
850.258 80.1342 1 7
565.175 356.787 2 5
77.9855 762.397 2 8
16.8294 806.256 1 6
51.0635 995.15 1 7
199.704 877.73 2 5
176.309 782.05 2 8
995.004 140.15 1 6
943.747 579.696 1 7
237.152 844.758 2 5
375.519 543.067 2 8
954.66 577.481 1 6
878.676 227.544 1 7
393.235 608.185 2 5
32.9551 409.956 2 8
201.174 4.55556 1 6
312.343 4.23607 1 7
63.9923 429.336 2 5
321.041 982.054 2 8
332.15 995.004 1 6
592.383 6.7618 1 7
939.689 9.92528 2 5
303.186 512.319 2 8
578.537 35.3437 1 6
562.958 32.1054 1 7
697.126 66.7171 2 5
530.721 458.817 2 8
597.972 276.22 1 6
155.871 17 1 7
634.672 405.104 4 4
121.455 543.447 4 9
145.394 873.905 2 5
177.553 875.59 2 8
451.634 925.038 1 6
521.923 223.299 1 7
159.087 903.507 2 5
283.917 791.592 2 8
990.193 4.99624 1 6
593.965 382.418 1 7
305.792 766.428 2 5
931.595 935.509 2 8
581.661 371.933 1 6
76.1501 995.004 1 7
459.378 671.751 4 4
397.667 680.372 4 9
413.849 743.613 2 5
95.2378 731.523 2 8
438.983 439.337 1 6
811.746 47.1706 1 7
611.841 290.236 2 5
792.878 310.807 2 8
942.514 989.065 1 6
878.563 40.0801 1 7
993.439 249.512 2 5
882.844 154.054 2 8
179.85 995.004 1 6
80.2723 480.653 1 7
925.069 346.302 2 5
728.796 307.775 2 8
5.02964 149.284 1 6
11.2282 4.55556 1 7
9.45259 332.692 2 5
674.422 400.853 2 8
501.801 176.64 1 6
721.935 235.746 1 7
218.52 780.683 2 5
231.734 737.95 2 8
378.708 4.55556 1 6
543.917 995.15 1 7
456.293 580.948 4 4
419.015 685.45 4 9
812.331 196.969 2 5
164.458 735.4 2 8
702.331 281.599 1 6
567.33 4.55556 1 7
373.284 704.525 8 3
479.49 714.617 8 10
301.789 759.763 4 4
657.559 416.511 4 9
943.204 8.01524 2 5
159.773 560.462 2 8
801.257 90.8153 1 6
782.447 89.3738 1 7
967.045 609.956 2 5
411.651 892.79 2 8
232.789 871.096 1 6
995.444 378.375 1 7
495.566 614.886 16 2
684.335 476.284 16 11
394.011 692.678 8 3
863.068 496.663 8 10
300.801 786.737 4 4
213.399 633.363 4 9
683.984 54.3001 2 5
693.898 121.821 2 8
9.80695 995.004 1 6
546.429 83.428 1 7
776.146 297.458 2 5
93.9325 654.626 2 8
533.036 67.3192 1 6
952.44 441.342 1 7
392.005 708.552 8 3
471.268 670.131 8 10
282.615 797.449 4 4
507.19 41.6378 4 9
819.054 344.729 2 5
785.287 312.834 2 8
719.32 132.114 1 6
995.444 10.4287 1 7
812.764 308.868 2 5
13.8173 145.867 2 8
623.759 223.281 1 6
997.192 627.144 1 7
302.829 646.589 2 5
563.609 171.293 2 8
4.55556 90.3109 1 6
749.343 53.4902 1 7
851.817 500.833 4 4
823.607 314.413 4 9
619.126 151.33 2 5
437.065 790.002 2 8
126.256 983.171 1 6
654.912 139.424 1 7
482.156 658.407 8 3
348.659 664.238 8 10
397.634 822.952 4 4
119.193 33.3559 4 9
314.593 734.795 2 5
813.344 200.839 2 8
638.064 98.066 1 6
269.252 811.019 1 7
30 427.314 2 5
513.964 227.486 2 8
772.165 243.313 1 6
984.762 873.467 1 7
162.277 711.955 4 4
127.783 548.34 4 9
73.8901 903.19 2 5
54.2885 941.615 2 8
769.163 454.615 1 6
435.776 70.6491 1 7
553.213 113.066 2 5
434.353 442.899 2 8
913.375 550.537 1 6
571.671 225.923 1 7
358.372 676.952 8 3
487.578 643.354 8 10
125.2 28.0723 4 4
483.877 725.786 4 9
726.301 116.397 2 5
717.549 150.801 2 8
832.847 165.149 1 6
995.004 269.742 1 7
854.177 982.214 2 5
505.908 457.025 2 8
995.004 227.062 1 6
77.5125 688.363 1 7
466.082 508.861 2 5
6 325.657 2 8
889.031 352.839 1 6
866.125 981.062 1 7
736.318 240.91 2 5
323.462 622.731 2 8
508.119 4.96264 1 6
267.23 881.243 1 7
299.033 634.943 2 5
670.738 254.276 2 8
259.811 589.278 1 6
846.331 380.566 1 7
663.532 421.833 4 4
483.564 632.045 4 9
714.043 89.6621 2 5
107.522 585.517 2 8
857.526 350.368 1 6
212.439 578.402 1 7
680.483 366.177 2 5
460.023 924.723 2 8
241.864 604.249 1 6
934.065 96.1477 1 7
864.519 109.162 2 5
764.68 469.287 2 8
351.852 891.084 1 6
290.816 519.892 1 7
754.226 387.483 2 5
142.993 513.563 2 8
616.126 88.8765 1 6
606.584 84.7765 1 7
277.067 620.612 4 4
481.74 702.83 4 9
122.843 638.877 2 5
410.297 463.204 2 8
739.843 476.434 1 6
943.662 995.093 1 7
443.043 434.21 2 5
501.475 43.468 2 8
995.004 685.807 1 6
984.854 302.559 1 7
527.775 35.8031 2 5
373.643 746.206 2 8
829.176 256.824 1 6
722.236 335.737 1 7
762.005 282.571 4 4
327.293 727.764 4 9
844.118 986 2 5
108.963 778.759 2 8
995.274 801.091 1 6
58.384 683.496 1 7
604.94 966.304 2 5
342.567 606.903 2 8
164.523 746.197 1 6
185.7 8.32767 1 7
445.934 891.005 2 5
647.62 222.179 2 8
491.589 869.573 1 6
16.0152 350.603 1 7
17.9457 494.296 2 5
873.16 364.255 2 8
612.14 394.24 1 6
416.694 933.122 1 7
270.441 616.128 4 4
213.864 625.377 4 9
484.968 380.496 2 5
918.172 284.719 2 8
871.348 203.436 1 6
802.193 995.004 1 7
463.355 676.244 2 5
140.896 903.173 2 8
324 7 1 6
890.721 175.219 1 7
213.535 645.441 2 5
624.706 55.2614 2 8
837.875 445.118 1 6
4.99624 795.85 1 7
567.425 120.03 2 5
170.702 565.39 2 8
592.938 153.392 1 6
460.76 887.604 1 7
946.032 512.795 2 5
139.328 608.275 2 8
753.928 4.80612 1 6
412.146 540.188 1 7
766.568 289.142 4 4
875.036 495.781 4 9
712.722 337.7 2 5
722.813 321.067 2 8
895.41 191.078 1 6
5.04633 677.62 1 7
410.568 624.786 2 5
103.34 777.955 2 8
485.388 118.369 1 6
584.552 995.444 1 7
873.015 455.87 4 4
359.923 705.496 4 9
136.933 742.519 2 5
220.245 769.95 2 8
404.097 29.7367 1 6
8.97285 713.989 1 7
705.011 255.841 2 5
581.795 446.604 2 8
34.3416 67.1332 1 6
570.655 62.7942 1 7
53.6469 561.128 2 5
779.669 173.506 2 8
82.7022 64.1036 1 6
814.172 475.625 1 7
176.829 841.24 2 5
564.649 930.229 2 8
959.334 366.514 1 6
95.5966 472.441 1 7
623.661 249.048 2 5
468.774 714.607 2 8
121.967 612.182 1 6
386.826 969.888 1 7
216.279 590.76 4 4
856.938 506.979 4 9
447.261 870.518 2 5
440.878 902.956 2 8
365.9 18.4659 1 6
720.131 213.788 1 7
484.007 937.475 2 5
63.3828 510.71 2 8
230.383 889.018 1 6
218.124 891.057 1 7
306.797 646.08 2 5
568.281 347.537 2 8
715.897 474.985 1 6
121.959 866.312 1 7
884.777 150.553 2 5
762.954 293.932 2 8
78.1148 525.103 1 6
458.71 911.811 1 7
830.61 260.887 2 5
240.241 809.568 2 8
227.226 931.292 1 6
790.768 441.03 1 7
636.162 337.946 2 5
289.272 627.983 2 8
327.382 945.086 1 6
7.79622 435.254 1 7
413.421 6 2 5
489.38 633.517 2 8
805.113 455.684 1 6
574.466 318.809 1 7
890.768 958.623 2 5
924.716 307.814 2 8
511.176 935.795 1 6
791.218 63.8354 1 7
580.215 23.4343 2 5
362.175 824.707 2 8
929.67 408.06 1 6
302.014 559.907 1 7
939.776 356.659 2 5
153.209 625.97 2 8
818.707 75.2829 1 6
4.99624 12.1501 1 7
118.689 579.028 2 5
715.25 217.069 2 8
118.222 507.595 1 6
94.1906 508.04 1 7
630.511 281.84 2 5
560.959 168.298 2 8
233.477 529.946 1 6
809.779 151.971 1 7
864.785 508.539 4 4
713.068 95.5823 4 9
6 190.461 2 5
77.6468 904.563 2 8
277.64 864.303 1 6
139.882 12.1231 1 7
481.887 519.374 4 4
165.748 664.577 4 9
932.292 347.267 2 5
9.92528 111.056 2 8
4.23607 200.461 1 6
991.405 816.778 1 7
17.8147 155.656 2 5
894.511 99.1949 2 8
478.059 8.45271 1 6
753.658 229.129 1 7
856.154 192.075 2 5
271.765 747.195 2 8
928.938 255.143 1 6
232.554 681.823 1 7
825.418 293.037 2 5
283.065 620.471 2 8
784.109 488.083 1 6
354.537 929.414 1 7
606.263 388.443 2 5
979.489 64 2 8
968 917.001 1 6
153.771 539.329 1 7
57.5152 61.7702 2 5
40.7404 100.065 2 8
179.012 632.37 1 6
983.985 649.397 1 7
300.825 773.79 2 5
588.036 21.7552 2 8
803.377 232.643 1 6
858.8 64.3405 1 7
158.332 691.569 2 5
713.118 237.515 2 8
394.178 993.993 1 6
520.284 993.63 1 7
700.837 187.486 2 5
222.736 512.125 2 8
110.958 703.207 1 6
97.659 691.771 1 7
249.107 573.63 2 5
472.682 935.785 2 8
935.442 469.363 1 6
127.291 809.404 1 7
290.347 810.531 2 5
990.615 185.388 2 8
638.863 987.877 1 6
905.507 326.524 1 7
352.287 696.239 8 3
489.826 528.373 8 10
482.172 694.841 4 4
844.01 502.581 4 9
953.928 593.123 2 5
869.674 442.625 2 8
118.685 898.53 1 6
49.119 409.685 1 7
521.76 552.46 32 1
9.81467 356.344 2 5
271.497 743.204 2 8
215.117 714.537 1 6
12.1699 173.466 1 7
64.9613 452.915 2 5
564.421 323.197 2 8
45.2847 430.732 1 6
88.3991 29.1923 1 7
521.264 416.392 2 5
430.319 65.3333 2 8
949.283 60.7736 1 6
96.9533 721.488 1 7
395.06 33.6958 2 5
346.478 505.573 2 8
259.226 949.283 1 6
144.592 584.365 1 7
335.662 575.976 2 5
646.237 70.8889 2 8
995.575 432.512 1 6
880.308 430.308 1 7
603.554 65.3807 2 5
779.994 298.55 2 8
892.831 406.946 1 6
686.093 60.1071 1 7
417.217 922.137 2 5
544.472 159.148 2 8
70.3301 591.94 1 6
993.128 673.421 1 7
598.56 168.976 2 5
699.509 485.967 2 8
937.696 183.13 1 6
931.918 156.669 1 7
463.051 927.427 2 5
793.119 306.814 2 8
998 323.423 1 6
50.7173 875.226 1 7
486.865 673.698 8 3
372.291 684.843 8 10
871.868 504.821 4 4
286.036 850.286 4 9
155.795 934.261 2 5
137.127 904.511 2 8
386.206 839.114 1 6
676 993 1 7
760.539 276.753 2 5
289.344 707.651 2 8
531.254 950.617 1 6
282.104 889.759 1 7
596.063 247.346 2 5
318.591 734.93 2 8
318.14 853.242 1 6
75.4622 769.959 1 7
479.439 687.323 4 4
384.116 682.8 4 9
103.979 465.343 2 5
934.059 970 2 8
126.001 705.853 1 6
429.941 811.866 1 7
17.9457 937.041 2 5
303.248 776.973 2 8
912.347 966.44 1 6
203.1 843.854 1 7
50.0629 496.45 2 5
422.022 505.577 2 8
803.257 4.42475 1 6
636.153 156.023 1 7
340.812 699.75 4 4
493.282 653.911 4 9
704.907 463.838 2 5
934.278 154.816 2 8
89.1607 906.953 1 6
992.204 564.627 1 7
732.055 310.095 2 5
872.684 137.898 2 8
644.74 129.234 1 6
150.229 641.263 1 7
414.556 624.477 2 5
857.512 471.126 2 8
795.716 399.951 1 6
544.178 32.6312 1 7
233.459 675.317 2 5
395.774 738.243 2 8
769.451 486.878 1 6
773.422 473.941 1 7
704.215 269.907 2 5
901.073 196.296 2 8
270.713 578.209 1 6
9.6162 58.1696 1 7
468.478 512.065 2 5
133.042 743.446 2 8
4.55556 61.8556 1 6
67.9169 648.923 1 7
871.546 512.815 4 4
487.906 540.219 4 9
336.244 607.822 2 5
400.978 574.908 2 8
48.8398 805.463 1 6
393.945 952.687 1 7
346.408 676.025 4 4
498.651 647.98 4 9
232.458 886.852 2 5
528.035 341.968 2 8
966.808 892.631 1 6
968.004 874.786 1 7
745.516 142.39 4 4
493.635 661.903 4 9
957.093 243.735 2 5
572.708 365.512 2 8
879.425 63.0667 1 6
881.829 961.75 1 7
800.273 488.921 2 5
515.73 73.0845 2 8
532.067 897.917 1 6
4.42475 882.233 1 7
625.179 9.92528 2 5
118.161 942.214 2 8
399.844 554.267 1 6
424.474 580.7 1 7
142.213 704.891 2 5
158.874 16.6553 2 8
802.755 128.308 1 6
513.483 269.302 1 7
839.888 180.793 2 5
67.66 449.963 2 8
759.912 166.492 1 6
960.922 310.288 1 7
862.363 282.949 2 5
384 868.638 2 8
975.079 316.285 1 6
519.999 876.14 1 7
934.031 923.795 2 5
113.503 583.371 2 8
724.781 282.928 1 6
644.728 385.016 1 7
187.971 646.96 2 5
584.151 24.1442 2 8
714.549 172.674 1 6
934.725 549.819 1 7
869.452 362.754 2 5
774.178 293.975 2 8
878.816 391.752 1 6
548.71 461.993 1 7
795.055 448.247 2 5
109.073 843.873 2 8
4.55556 988.772 1 6
581.986 45.7952 1 7
493.091 635.01 2 5
979.489 128 2 8
740.056 199.66 1 6
850.132 135.806 1 7
498.307 637.977 4 4
429.253 823.677 4 9
477.729 677.763 2 5
690.507 64.9553 2 8
624.583 972.687 1 6
638.896 280.91 1 7
653.019 427.619 8 3
535.942 515.059 8 10
348.483 683.751 4 4
462.982 576.561 4 9
365.452 618.75 2 5
371.923 541.317 2 8
878.069 4.67265 1 6
852.471 73.7059 1 7
620.22 490.131 16 2
649.203 476.566 16 11
494.014 590.937 8 3
486.12 577.019 8 10
664.832 429.727 4 4
421.533 821.577 4 9
