900 900 100 99
99 901 99 98
902 98 98 97
97 97 97 96
704.041 904 96 95
292.959 905 95 94
710.042 94 94 93
286.958 93 93 92
516.083 908 92 91
91 711.168 91 90
910 285.83 90 89
468.914 89 89 88
912 712.383 88 87
87 533.213 87 86
797.944 790.07 50 49
405.884 967 33 32
575.647 32 32 31
177.401 797.302 31 30
801.697 177.519 30 29
586.877 91.9574 29 28
802.02 976 24 23
23 805.564 23 22
377.423 22 22 21
965.246 802.881 17 16
16 984 16 15
985 15 15 14
14 14 14 13
363.244 987 13 12
536.455 12 12 11
769.524 989 11 10
10 775.233 10 9
344.82 9 9 8
8 961.373 8 7
964.506 7 7 6
519.485 6 6 5
5 945.497 5 4
356.82 4 4 3
3 788.951 3 2
2 998 2 1
4.82843 999 1 0
900 524.767 100 99
757.223 195.577 18 17
983 983 17 16
199.504 845.107 16 15
851.116 198.895 15 14
220.442 823.622 14 13
987 827.889 13 12
449.63 988 12 11
609.266 58.8103 11 10
407.088 10 10 9
37.9069 9 9 8
38.6274 992 8 7
993 846.968 7 6
752.041 994 6 5
330.086 5 5 4
550.312 4 4 3
3 935.467 3 2
998 2 2 1
1 995.172 1 0
100 346.666 100 99
158.535 618.088 24 23
803.036 23 23 22
22 620.712 22 21
979 188.73 21 20
980 614.209 20 19
624.963 19 19 18
406.375 916.002 18 17
826.329 219.135 17 16
16 458.594 16 15
15 427.611 15 14
412.691 884.632 14 13
987 780.03 13 12
988 645.193 12 11
834.848 11 11 10
833.004 990 10 9
9 37.9069 9 8
959.676 992 8 7
7 483.858 7 6
340.708 994 6 5
51.2765 995 5 4
506.65 4 4 3
396.134 3 3 2
2 2 2 1
6.82843 999 1 0
271.093 566.06 100 99
991 38.2379 9 8
8 405.702 8 7
124.919 619.226 7 6
422.697 6 6 5
5 52.9546 5 4
996 857.551 4 3
737.982 997 3 2
998 998 2 1
1 781.557 1 0
737.776 641.743 100 99
991 157.397 9 8
992 959.676 8 7
166.387 588.099 7 6
994 666.427 6 5
431.574 995 5 4
4 494.441 4 3
819.65 3 3 2
760.143 998 2 1
1 795.972 1 0
385.823 258.755 100 99
786.619 255.728 37 36
194.459 23 23 22
612.128 978 22 21
186.782 653.118 21 20
205.781 980 20 19
981 437.589 19 18
18 180.57 18 17
983 401.644 17 16
16 214.511 16 15
985 369.707 15 14
382.344 144.808 14 13
173.532 987 13 12
38.1634 441.483 12 11
989 219.128 11 10
10 835.896 10 9
651.87 9 9 8
992 800.426 8 7
802.727 214.783 7 6
603.36 6 6 5
995 51.6543 5 4
996 420.153 4 3
997 657.193 3 2
971.989 2 2 1
352.82 1 1 0
717.584 442.765 100 99
186.068 458.637 37 36
791.469 328.567 36 35
413.825 839.646 31 30
834.205 378.862 30 29
247.023 789.822 29 28
736.046 296.562 28 27
162.33 11 11 10
10 650.836 10 9
9 589.178 9 8
8 156.57 8 7
154.453 993 7 6
853.503 6 6 5
51.3233 5 5 4
996 170.4 4 3
781.013 997 3 2
2 953.373 2 1
1 785.487 1 0
555.36 559.741 100 99
484.979 194.787 18 17
833.695 428.369 17 16
956.52 381.951 16 15
669.852 548.946 15 14
851.218 630.472 14 13
812.332 728.735 13 12
798.757 852.107 12 11
579.707 989 11 10
224.791 10 10 9
991 463.742 9 8
53.9576 803.942 8 7
812.693 291.17 7 6
848.496 994 6 5
947.027 995 5 4
996 811.739 4 3
349.193 997 3 2
2 46.63 2 1
546.312 1 1 0
585.805 256.091 100 99
197.434 207.064 52 51
858.546 797.031 11 10
642.073 990 10 9
991 584.767 9 8
803.867 53.9889 8 7
52.9836 620.843 7 6
6 851.388 6 5
5 393.053 5 4
4 601.178 4 3
3 474.692 3 2
733.083 998 2 1
1 993.172 1 0
337.672 743.059 73 72
991 342.751 9 8
801.372 944.007 8 7
181.316 968.577 7 6
146.082 6 6 5
656.215 995 5 4
858.294 996 4 3
59.0692 3 3 2
512.307 2 2 1
1 938.931 1 0
878.63 386.034 15 14
366.969 824.978 14 13
780.032 536.941 13 12
863.841 408.623 12 11
194.165 144.148 11 10
772.705 10 10 9
232.614 991 9 8
609.848 948.087 8 7
794.34 550.916 7 6
994 762.366 6 5
995 477.159 5 4
592.974 996 4 3
27.5145 3 3 2
422.132 998 2 1
995.172 1 1 0
950.74 622.365 10 9
137.061 799.929 9 8
379.237 51.9451 8 7
791.241 520.377 7 6
563.073 994 6 5
5 664.978 5 4
4 198.511 4 3
997 63.7071 3 2
559.647 2 2 1
334.558 1 1 0
826.976 449.318 5 4
143.87 996 4 3
3 822.177 3 2
612.634 2 2 1
399.598 1 1 0
949.389 416.5 19 18
47.3671 201.393 18 17
565.493 132.685 17 16
40.7872 234.75 16 15
597.432 134.673 15 14
14 271.833 14 13
13 243.356 13 12
232.873 462.914 10 9
392.553 873.521 9 8
193.794 53.9929 8 7
7 293.751 7 6
469.094 994 6 5
995 571.35 5 4
4 861.201 4 3
818.991 997 3 2
27.3137 998 2 1
44.2843 999 1 0
606.903 861.57 10 9
802.915 138.538 9 8
281.742 802.613 8 7
798.036 371.062 7 6
994 239.354 6 5
5 141.045 5 4
4 306.666 4 3
861.988 3 3 2
2 500.097 2 1
46.8044 999 1 0
464.823 769.161 56 55
271.048 414.06 52 51
605.069 814.606 37 36
119.337 218.972 27 26
911.296 404.295 21 20
278.208 205.661 20 19
139.582 451.702 10 9
384.65 810.268 9 8
255.678 189.034 8 7
190.325 957.861 7 6
6 759.741 6 5
379.368 995 5 4
996 752.568 4 3
3 255.846 3 2
570.326 998 2 1
1 4.82843 1 0
5 575.761 5 4
4 749.943 4 3
997 864.479 3 2
742.881 998 2 1
999 995.172 1 0
666.683 5 5 4
829.948 25.1771 4 3
186.022 997 3 2
364.157 2 2 1
417.798 1 1 0
951.545 6 6 5
758.563 5 5 4
851.573 783.75 4 3
173.819 3 3 2
998 769.294 2 1
999 852.259 1 0
872.125 197.617 6 5
249.37 995 5 4
749.618 4 4 3
64.5326 997 3 2
385.693 998 2 1
816.185 1 1 0
238.933 5 5 4
941.747 4 4 3
783.659 3 3 2
998 817.396 2 1
999 991.246 1 0
995 143.981 5 4
247.877 4 4 3
997 353.143 3 2
459.428 998 2 1
757.315 999 1 0
544.985 792.563 27 26
615.139 670.658 26 25
201.42 746.714 25 24
262.407 246.726 24 23
463.615 183.852 6 5
995 328.256 5 4
23.5962 778.571 4 3
997 453.35 3 2
161.936 998 2 1
1 793.972 1 0
483.99 218.767 6 5
995 947.027 5 4
227.944 449.81 4 3
3 444.738 3 2
660.355 2 2 1
999 44.2379 1 0
487.694 398.581 73 72
631.698 737.641 43 42
714.147 218.933 31 30
507.072 179.266 9 8
629.843 637.948 8 7
301.463 191.942 7 6
942.246 802.782 6 5
422.208 932.685 5 4
182.188 153.179 4 3
631.119 997 3 2
824.549 2 2 1
999 652.122 1 0
594.335 389.82 34 33
580.157 767.826 16 15
633.701 360.643 15 14
80.2092 206.723 14 13
485.159 312.618 13 12
403.228 797.972 12 11
679.923 194.588 11 10
545.892 151.253 10 9
884.089 416.934 9 8
211.387 778.173 8 7
532.136 161.242 7 6
215.171 804.33 6 5
966.071 363.249 5 4
162.894 645.747 4 3
997 230.869 3 2
596.432 2 2 1
338.82 1 1 0
643.993 343.494 5 4
167.688 577.176 4 3
674.429 3 3 2
59.6336 998 2 1
350.82 1 1 0
655.732 351.122 9 8
197.315 943.227 8 7
520.956 169.67 7 6
971.219 638.682 6 5
390.223 932.377 5 4
979.604 349.006 4 3
3 636.96 3 2
391.235 2 2 1
974.818 1 1 0
561.294 362.3 9 8
183.033 503.535 8 7
140.33 192.227 7 6
837.631 179.686 6 5
348.257 821.681 5 4
868.312 370.08 4 3
997 674.912 3 2
737.464 2 2 1
999 424.153 1 0
596.627 445.996 21 20
642.242 687.67 6 5
469.727 321.883 5 4
426.607 873.215 4 3
222.221 997 3 2
998 413.306 2 1
999 47.1822 1 0
555.272 700.741 41 40
561.627 445.914 14 13
82.129 233.654 13 12
737.627 256.593 12 11
744.852 334.555 11 10
723.945 332.583 10 9
949.449 193.904 9 8
64.5463 222.172 8 7
374.994 844.384 7 6
581.899 148.805 6 5
897.707 380.031 5 4
201.233 956.435 4 3
3 133.299 3 2
178.718 2 2 1
1 950.544 1 0
480.381 675.595 38 37
245.68 741.841 19 18
451.269 833.167 7 6
661.448 568.191 6 5
962.462 632.025 5 4
207.013 151.889 4 3
3 60.7005 3 2
930 2 2 1
777.549 999 1 0
414.942 615.273 51 50
412.407 514.305 50 49
698.459 764.605 29 28
513.601 809.031 7 6
198.369 867.078 6 5
177.734 518.006 5 4
246.779 464.529 4 3
211.072 3 3 2
998 871.716 2 1
999 166.4 1 0
612.286 42.0807 6 5
201.451 824.198 5 4
550.386 353.875 4 3
997 387.362 3 2
625.394 998 2 1
345.729 999 1 0
561.909 67.4297 6 5
831.153 197.67 5 4
293.316 806.001 4 3
865.359 997 3 2
971.338 998 2 1
999 806.082 1 0
608.621 118.096 5 4
634.704 626.976 4 3
3 565.524 3 2
2 164.57 2 1
951.499 999 1 0
728.922 747.373 6 5
844.615 648.288 5 4
184.642 628.21 4 3
320.364 3 3 2
2 439.839 2 1
839.329 999 1 0
759.532 539.022 5 4
680.42 209.579 4 3
326.723 997 3 2
591.647 2 2 1
544.312 1 1 0
741.858 748.665 7 6
584.424 661.679 6 5
385.268 861.566 5 4
262.745 760.808 4 3
640.062 3 3 2
998 790.228 2 1
1 400.045 1 0
840.049 613.881 6 5
500.715 321.675 5 4
67.0171 803.091 4 3
3 385.307 3 2
871.716 998 2 1
1 597.178 1 0
600.029 954.986 4 3
934.641 997 3 2
2 168.57 2 1
1 489.149 1 0
831.54 341.148 6 5
398.66 154.543 5 4
193.476 67.1117 4 3
136.942 997 3 2
874 2 2 1
1 478.157 1 0
615.325 355.814 4 3
663.961 997 3 2
2 641.892 2 1
730.255 999 1 0
973.778 214.2 5 4
219.533 769.361 4 3
997 744.88 3 2
598.631 998 2 1
1 842.22 1 0
599.17 774.033 4 3
997 939.281 3 2
2 128.4 2 1
150.981 1 1 0
124.772 449.325 5 4
351.203 20.3252 4 3
554.587 997 3 2
998 679.811 2 1
843.597 999 1 0
307.18 463.208 9 8
471.978 630.369 8 7
613.656 468.222 7 6
180.018 834.209 6 5
826.171 241.134 5 4
35.9601 457.331 4 3
997 595.159 3 2
788.558 2 2 1
46.8511 1 1 0
562.481 820.543 6 5
652.043 337.562 5 4
239.184 821.878 4 3
997 132.293 3 2
2 286.268 2 1
1 940.931 1 0
665.885 769.894 4 3
3 27.5145 3 2
998 971.338 2 1
424.96 999 1 0
613.848 426.517 5 4
958.016 438.453 4 3
482.857 997 3 2
439.832 998 2 1
999 4.82843 1 0
660.474 789.148 16 15
671.471 332.813 15 14
469.295 484.983 14 13
754.657 746.39 6 5
194.741 126.167 5 4
796.722 540.177 4 3
3 678.123 3 2
2 192.855 2 1
993.172 1 1 0
820.293 705.043 4 3
3 230.866 3 2
2 374.95 2 1
30.9786 1 1 0
615.248 125.585 5 4
172.718 497.403 4 3
997 563.604 3 2
2 416.656 2 1
999 472.686 1 0
400.898 374.78 17 16
33.7763 260.09 9 8
574.07 427.77 8 7
681.456 732.721 7 6
486.282 292.577 6 5
213.223 793.503 5 4
442.764 969.97 4 3
259.195 997 3 2
998 137.192 2 1
556.819 1 1 0
753.998 222.384 9 8
451.759 471.698 8 7
523.957 664.363 7 6
751.067 757.841 6 5
875.465 797.907 5 4
381.615 853.34 4 3
669.961 997 3 2
2 225.825 2 1
336.558 1 1 0
690.944 307.421 17 16
621.346 48.3188 5 4
406.271 782.264 4 3
997 490.126 3 2
823.89 998 2 1
1 660.506 1 0
794.135 734.2 6 5
230.267 760.238 5 4
958.582 203.156 4 3
997 247.839 3 2
2 560.625 2 1
413.413 1 1 0
802.181 560.085 4 3
436.234 3 3 2
253.534 2 2 1
615.462 1 1 0
438.964 463.87 7 6
380.941 124.858 6 5
545.077 455.246 5 4
284.035 228.942 4 3
997 207.639 3 2
936.09 2 2 1
1 818.713 1 0
405.712 400.33 9 8
447.363 560.588 8 7
711.257 321.269 7 6
393.071 888.512 6 5
769.379 294.026 5 4
39.9992 180.378 4 3
997 318.693 3 2
998 553.051 2 1
30.1421 999 1 0
539.914 27.6216 4 3
137.597 3 3 2
998 25.9545 2 1
1 846.489 1 0
783.498 737.001 5 4
560.823 112.211 4 3
131.597 3 3 2
939.54 998 2 1
1 857.201 1 0
699.26 545.138 4 3
997 633.193 3 2
788.164 998 2 1
24 999 1 0
466.516 503.779 5 4
784.569 844.71 4 3
18.5807 159.578 3 2
2 318.382 2 1
858.524 1 1 0
418.243 359.675 6 5
47.1466 255.938 5 4
803.355 123.944 4 3
971.077 781.6 3 2
127.142 998 2 1
1 302.666 1 0
956.652 610.788 3 2
2 671.303 2 1
356.033 999 1 0
849.566 809.047 4 3
505.696 191.349 3 2
63.9682 2 2 1
1 252.382 1 0
856.692 428.018 6 5
799.272 870.354 5 4
485.376 228.67 4 3
144.587 788.398 3 2
998 934.382 2 1
586.341 999 1 0
607.388 878.344 4 3
45.8643 613.263 3 2
442.231 2 2 1
4.82843 1 1 0
795.731 530.419 4 3
484.869 634.842 3 2
2 606.835 2 1
995.172 999 1 0
56.0172 251.322 5 4
815.183 711.199 4 3
417.054 803.79 3 2
998 202.74 2 1
745.709 999 1 0
870.182 629.315 5 4
452.499 575.093 4 3
980.5 32.4284 3 2
132.043 998 2 1
1 753.943 1 0
933.84 194.903 4 3
748.622 268.227 3 2
2 69.1432 2 1
1 580.233 1 0
866.543 426.295 4 3
777.047 22.2534 3 2
2 312.323 2 1
415.798 1 1 0
254.666 200.992 4 3
156.86 591.14 3 2
998 358.752 2 1
366.985 1 1 0
818.202 412.749 5 4
584.905 974.929 4 3
278.986 791.35 3 2
193.132 998 2 1
182.558 999 1 0
250.752 316.763 47 46
746.288 240.814 6 5
774.128 740.494 5 4
96.1609 198.383 4 3
132.523 610.851 3 2
844.229 2 2 1
168.963 1 1 0
697.834 277.196 14 13
696.45 333.853 10 9
382.207 564.99 9 8
738.132 763.195 8 7
779.427 207.066 7 6
65.8186 246.328 6 5
689.842 548.323 5 4
813.907 841.657 4 3
792.632 950.685 3 2
500.993 2 2 1
999 757.467 1 0
560.153 375.655 3 2
998 485.227 2 1
999 772.123 1 0
313.73 185.191 3 2
998 557.051 2 1
959.215 1 1 0
444.772 825.564 3 2
2 930.568 2 1
814.185 1 1 0
399.257 895.049 3 2
315.465 2 2 1
388.521 999 1 0
349.816 457.623 34 33
352.55 387.526 33 32
64.1927 235.167 5 4
796.374 510.648 4 3
144.304 463.814 3 2
320.527 998 2 1
374.896 999 1 0
841.022 655.435 3 2
259.682 2 2 1
753.618 1 1 0
31.3648 20.234 4 3
455.475 180.013 3 2
331.622 998 2 1
999 820.225 1 0
834.667 189.384 4 3
228.778 979.63 3 2
998 58.8082 2 1
946.646 1 1 0
574.231 785.878 3 2
998 839.484 2 1
231.115 1 1 0
506.556 715.831 10 9
694.792 254.398 9 8
355.893 499.181 8 7
16.2444 477.593 3 2
526.413 2 2 1
999 163.397 1 0
423.683 454.357 11 10
147.166 243.355 10 9
718.063 264.226 9 8
516.567 730.79 8 7
421.323 901.253 3 2
2 969.373 2 1
456.6 999 1 0
161.215 256.147 9 8
528.311 741.657 8 7
638.68 786.141 6 5
175.241 761.367 5 4
254.439 208.988 4 3
22.1972 256.94 3 2
676.328 998 2 1
464.195 999 1 0
651.615 362.394 3 2
998 127.394 2 1
243.405 1 1 0
595.459 61.1298 3 2
241.099 998 2 1
164.765 999 1 0
420.101 690.096 24 23
555.293 754.95 12 11
231.024 262.221 11 10
790.758 213.932 5 4
379.881 362.585 4 3
974.046 353.262 3 2
2 872.858 2 1
149.161 999 1 0
399.707 428.702 20 19
391.432 395.741 6 5
437.189 666.665 5 4
