488.269 188.139 12 0
467.661 191.192 9 3
17.9285 194.072 6 1
496.06 4.1638 4 2
46.2911 44.0421 3 4
447.061 188.049 12 0
32.5973 191.08 9 3
6.06518 192.17 6 1
488.127 4.82028 4 2
435.095 197.072 3 4
488.148 164.103 12 0
35.6562 38.495 9 3
494.085 13.9698 6 1
474.526 180.083 4 2
497.049 175.983 3 4
53.3015 188.084 12 0
463.246 173.845 9 3
494.1 25.9462 6 1
66.1897 32.4178 4 2
476.255 173.3 3 4
77.2525 188.089 12 0
97.9587 191.082 9 3
426.673 194.04 6 1
472.102 164.376 4 2
65.2653 197.013 3 4
488.223 42.8622 12 0
58.6329 17.1285 9 3
494.063 59.8196 6 1
480.166 4.06551 4 2
67.0904 44.5431 3 4
118.661 188.121 12 0
53.3338 34.3282 9 3
494.065 147.104 6 1
484.374 11.877 4 2
418.361 197.12 3 4
488.217 76.7843 12 0
479.323 23.8812 9 3
482.109 59.8255 6 1
476.46 11.1477 4 2
473.216 4.93217 3 4
142.553 188.153 12 0
75.5135 23.3623 9 3
494.163 135.117 6 1
78.8216 35.9281 4 2
130.653 197.001 3 4
488.099 100.775 12 0
409.653 189.027 9 3
494.077 117.739 6 1
71.2765 38.5844 4 2
497.003 88.7906 3 4
166.396 187.776 12 0
479.473 120.883 9 3
183.174 194.02 6 1
80.1436 11.2119 4 2
154.675 197.023 3 4
389.189 185.13 12 0
37.8742 173.821 9 3
373.895 194.233 6 1
192.85 196.141 4 2
497.037 126.605 3 4
95.2947 16.3287 12 0
359.385 191.1 9 3
371.503 182.558 6 1
107.042 5.45952 4 2
491.037 126.599 3 4
204.181 185.074 12 0
184.695 177.536 9 3
344.844 194.084 6 1
218.109 196.001 4 2
486.391 130.577 3 4
119.277 15.7511 12 0
480.451 140.88 9 3
333.037 194.047 6 1
474.086 156.682 4 2
129.093 4.40373 3 4
231.964 188.121 12 0
461.17 155.586 9 3
321.189 194 6 1
448.196 172.04 4 2
472.481 149.914 3 4
255.7 188.122 12 0
139.542 10.2782 9 3
309.358 194.117 6 1
468.064 144.598 4 2
243.852 197.001 3 4
160.442 12.0383 12 0
463.992 14.517 9 3
177.372 6.04408 6 1
453.23 165.742 4 2
267.655 197.07 3 4
292.848 187.466 12 0
190.531 13.1708 9 3
276.019 194.012 6 1
475.33 67.1676 4 2
182.675 22.209 3 4
102.369 170.546 12 0
274.169 177.993 9 3
54.1594 170.107 6 1
201.401 4.09224 4 2
91.5427 180.941 3 4
56.4253 55.0889 12 0
404.945 171.384 9 3
65.2594 174.657 6 1
87.1489 175.49 4 2
179.286 17.267 3 4
168.746 163.909 12 0
422.165 176.182 9 3
154.102 174.317 6 1
209.586 4.06088 4 2
441.512 174.096 3 4
223.413 12.0877 12 0
345.87 179.183 9 3
205.507 13.1841 6 1
435.232 177.174 4 2
473.26 74.4857 3 4
247.35 12.0908 12 0
327.901 179.994 9 3
361.312 176.294 6 1
431.416 185.267 4 2
235.41 3.09641 3 4
243.49 167.128 12 0
145.937 27.2089 9 3
313.149 182.741 6 1
445.458 164.515 4 2
439.676 168.423 3 4
271.284 11.9167 12 0
82.8917 162.688 9 3
260.97 171.055 6 1
432.7 168.566 4 2
259.327 3.07979 3 4
145.942 156.459 12 0
130.715 170.933 9 3
437.224 159.002 6 1
134.004 22.0423 4 2
118.882 173.141 3 4
294.369 17.9099 12 0
129.366 34.1592 9 3
425.585 161.628 6 1
448.234 157.012 4 2
298.495 3.48764 3 4
375.272 165.032 12 0
354.181 163.197 9 3
200.722 24.1524 6 1
416.073 164.708 4 2
145.145 173.379 3 4
317.52 11.9946 12 0
162.695 143.836 9 3
189.447 28.1314 6 1
118.569 166.168 4 2
303.776 6.29197 3 4
219.578 166.571 12 0
231.886 149.655 9 3
212.49 26.3814 6 1
392.061 169.424 4 2
218.573 181.442 3 4
341.394 12.5974 12 0
394.508 156.767 9 3
458.949 140.762 6 1
410.06 159.465 4 2
329.743 3.30655 3 4
464.468 40.5836 12 0
288.39 166.978 9 3
470.181 58.5983 6 1
450.822 147.745 4 2
476.803 52.5533 3 4
365.279 12.0505 12 0
271.263 160.249 9 3
304.806 174.029 6 1
468.177 136.602 4 2
353.206 3.33518 3 4
259.549 32.7489 12 0
124.877 153.999 9 3
382.128 5.95099 6 1
467.421 68.1984 4 2
467.504 25.9286 3 4
165.183 35.5396 12 0
146.555 45.1894 9 3
44.3504 160.334 6 1
258.432 161.452 4 2
113.921 160.962 3 4
398.958 12.0004 12 0
189.377 160.157 9 3
382.184 18.2351 6 1
174.387 22.267 4 2
460.906 26.0298 3 4
410.748 143.57 12 0
448.982 24.8276 9 3
108.909 153.504 6 1
179.491 28.428 4 2
417.361 157.827 3 4
235.526 32.9665 12 0
180.607 144.5 9 3
95.1128 154.113 6 1
196.089 171.3 4 2
421.896 153.498 3 4
422.93 12.1927 12 0
308.532 33.4134 9 3
439.744 6.03905 6 1
426.014 147.899 4 2
411.025 3.09613 3 4
286.58 146.098 12 0
443.614 41.9575 9 3
451.744 5.97367 6 1
203.716 168.889 4 2
429.904 153.741 3 4
200.714 42.1283 12 0
438.365 144.099 9 3
307.502 162.327 6 1
426.213 139.628 4 2
449.95 140.808 3 4
82.3317 141.467 12 0
65.1743 159.678 9 3
217.987 37.0478 6 1
438.348 17.3287 4 2
221.18 28.6433 3 4
363.301 144.303 12 0
384.141 142.105 9 3
183.136 38.3343 6 1
101.674 146.615 4 2
53.2659 161.158 3 4
310.383 143.611 12 0
455.254 59.4144 9 3
204.109 157.338 6 1
51.1784 153.048 4 2
395.794 144.842 3 4
162.136 59.3005 12 0
214.251 146.337 9 3
434.069 26.3588 6 1
396.079 136.96 4 2
446.236 13.1459 3 4
289.125 41.2815 12 0
353.729 29.5767 9 3
198.132 146.956 6 1
175.398 49.7284 4 2
72.4138 169.201 3 4
448.793 125.991 12 0
427.89 126.745 9 3
316.275 170.511 6 1
473.055 81.4407 4 2
274.445 38.1662 3 4
254.775 145.956 12 0
410.757 29.2603 9 3
345.478 151.066 6 1
270.679 147.268 4 2
76.9569 173.12 3 4
113.794 136.233 12 0
134.526 138.834 9 3
149.4 136.985 6 1
477.547 88.7137 4 2
425.089 27.0117 3 4
333.813 36.0962 12 0
336.209 164.043 9 3
270.855 137.27 6 1
98.1213 139.45 4 2
416.228 129.567 3 4
185.997 61.6994 12 0
331.05 146.824 9 3
321.802 159.858 6 1
320.192 27.7378 4 2
181.997 47.2564 3 4
226.544 129.333 12 0
425.968 38.9274 9 3
247.664 46.2237 6 1
318.779 41.569 4 2
325.008 168.348 3 4
462.03 92.9365 12 0
158.129 124.813 9 3
471.716 108.047 6 1
347.611 141.336 4 2
466.66 78.7511 3 4
28.8485 151.213 12 0
410.005 47.2176 9 3
464.808 117.873 6 1
240.039 139.576 4 2
462.785 109.102 3 4
170.803 81.6799 12 0
401.707 124.741 9 3
20.9829 167.32 6 1
143.198 129.15 4 2
413.627 124.195 3 4
309.225 54.3689 12 0
9.01313 176.42 9 3
64.6472 144.702 6 1
456.326 111.799 4 2
57.6299 150.349 3 4
374.169 34.3038 12 0
394.871 37.6784 9 3
244.928 130.918 6 1
469.055 128.65 4 2
167.128 132.703 3 4
262.419 56.5294 12 0
9.08219 158.255 9 3
459.181 73.8194 6 1
390.318 25.5018 4 2
172.098 136.072 3 4
221.142 54.7489 12 0
241.475 59.8127 9 3
23.8288 178.97 6 1
273.569 45.1034 4 2
17.2676 185.13 3 4
294.995 123.716 12 0
150.553 76.7767 9 3
203.881 59.8135 6 1
280.925 131.151 4 2
238.873 48.1764 3 4
201.942 129.409 12 0
140.186 62.0099 9 3
96.5425 129.584 6 1
277.925 52.7205 4 2
191.888 140.477 3 4
415.965 109.478 12 0
349.442 128.484 9 3
349.856 44.2248 6 1
186.326 132.835 4 2
422.513 50.3733 3 4
442.156 79.4253 12 0
176.117 124.782 9 3
30.7407 133.292 6 1
359.676 41.11 4 2
428.485 50.6531 3 4
271.695 118.108 12 0
437.331 58.787 9 3
419.531 58.7927 6 1
215.215 69.6064 4 2
138.899 73.9287 3 4
287.862 65.2111 12 0
202.808 74.7354 9 3
188.645 79.4899 6 1
76.0849 125.069 4 2
361.291 129.452 3 4
213.65 108.48 12 0
142.324 116.19 9 3
128.524 125.093 6 1
400.23 111.775 4 2
358.052 47.8824 3 4
48.2989 137.203 12 0
287.364 104.239 9 3
407.994 62.0319 6 1
66.2843 134.844 4 2
71.9242 130.688 3 4
251.807 78.0131 12 0
393.453 58.5312 9 3
269.151 73.2018 6 1
365.052 47.4182 4 2
133.1 72.5042 3 4
189.707 108.816 12 0
270.051 88.1102 9 3
186.037 91.1564 6 1
278.002 77.8364 4 2
188.069 123.712 3 4
374.896 123.311 12 0
287.891 86.1647 9 3
173.062 101.919 6 1
195.409 87.6017 4 2
194.324 94.5726 3 4
115.862 112.353 12 0
256.351 99.6665 9 3
203.261 93.8242 6 1
104.353 123.361 4 2
130.334 116.277 3 4
12.0527 134.081 12 0
242.872 116.142 9 3
96.2477 117.561 6 1
274.497 102.339 4 2
4.64875 147.109 3 4
360.397 62.6547 12 0
340.553 55.9805 9 3
390.675 114.572 6 1
324.263 48.9126 4 2
389.837 123.482 3 4
418.321 76.7073 12 0
238.787 94.4263 9 3
401.089 71.8163 6 1
390.072 130.541 4 2
37.2395 127.063 3 4
132.52 87.4405 12 0
121.569 69.2917 9 3
86.0083 123.847 6 1
327.566 56.1906 4 2
267.624 103.67 3 4
440.595 103.548 12 0
231.151 74.5159 9 3
65.0333 124.923 6 1
372.539 52.3075 4 2
279.865 95.0109 3 4
108.349 85.5667 12 0
400.889 88.203 9 3
256.675 128.085 6 1
430.866 90.7132 4 2
227.465 114.379 3 4
153.756 98.5466 12 0
305.265 105.391 9 3
378.543 60.3031 6 1
119.607 96.8752 4 2
245.374 104.424 3 4
73.8107 109.23 12 0
386.513 75.1307 9 3
216.988 79.4416 6 1
174.017 111.868 4 2
154.021 113.546 3 4
101.711 62.5096 12 0
125.42 51.7095 9 3
396.362 102.56 6 1
426.026 97.1644 4 2
87.6354 115 3 4
108.892 38.7695 12 0
315.919 123.373 9 3
92.0872 106.315 6 1
43.7975 121.836 4 2
253.891 111.391 3 4
80.1772 51.8629 12 0
53.1246 112.767 9 3
92.6098 94.3215 6 1
232.02 109.082 4 2
423.837 90.4948 3 4
331.049 74.6985 12 0
88.274 79.5039 9 3
166.673 115.032 4 2
378.502 48.6502 3 4
326.171 105.106 12 0
383.612 92.814 9 3
330.62 126.04 6 1
209.389 85.9406 4 2
56.0545 124.387 3 4
308.726 84.1154 12 0
369.652 81.5041 9 3
225.129 88.2482 6 1
95.6313 47.7188 4 2
419.523 94.6389 3 4
367.9 101.466 9 3
339.127 117.609 6 1
255.718 118.149 4 2
101.056 109.953 3 4
350.446 89.9034 12 0
352.479 110.778 9 3
86.2594 66.6554 4 2
383.074 52.5362 3 4
33.5166 121.136 4 2
159.988 112.956 3 4
33.5734 105.14 12 0
70.3195 80.5485 9 3
80.7543 92.4754 6 1
297.24 95.1642 4 2
426.69 64.2425 3 4
57.9588 95.4359 9 3
228.266 102.047 4 2
212.241 93.5351 3 4
41.4347 82.4948 12 0
16.9016 92.3621 9 3
6.09196 117.094 6 1
102.765 103.165 4 2
364.222 112.879 3 4
24.7408 64.475 12 0
10.7689 106.042 6 1
325.911 134.87 4 2
323.408 61.8021 3 4
374.769 69.5539 4 2
431.263 69.1245 3 4
92.9523 40.1851 4 2
322.139 90.7202 3 4
70.818 93.5258 4 2
216.122 88.3978 3 4
379.184 107.905 4 2
337.818 131.382 3 4
131.503 108.982 4 2
327.928 89.3239 3 4
18.9842 111.739 4 2
218.207 94.0096 3 4
412.567 93.8537 4 2
85.6496 100.028 3 4
86.7734 35.1011 4 2
134.261 102.549 3 4
340.43 137.877 4 2
223.371 97.0654 3 4
386.788 105.419 4 2
139.959 104.427 3 4
334.58 91.5036 4 2
343.062 103.244 3 4
346.476 70.5369 4 2
340.653 108.74 3 4
64.9612 68.685 4 2
351.886 74.9786 3 4
25.2073 124.976 4 2
25.9102 118.009 3 4
94.264 32.2921 4 2
318.952 65.7976 3 4
72.4465 65.8694 4 2
316.462 71.2554 3 4
57.4427 82.4461 4 2
310.804 69.2583 3 4
19.1274 119.739 4 2
28.998 90.8604 3 4
79.1258 70.2723 4 2
26.7785 79.3348 3 4
19.7873 79.6884 4 2
26.6674 85.3338 3 4
33.9321 51.3775 4 2
39.4037 67.6204 3 4
59.063 74.0806 4 2
45.3835 68.0185 3 4
40.4477 56.0127 4 2
43.318 62.3971 3 4
51.952 70.438 4 2
