936 936 64 0
808 936 64 0
32 968 32 1
968 32 32 12
64 64 64 0
680 936 64 0
96 968 32 1
589.49033200812187 968 32 12
744 984 16 2
872 984 16 11
877.49033200812187 64 64 0
186.50966799187808 936 64 0
968 96 32 1
992 992 8 3
8 8 8 10
64 877.49033200812187 64 0
4 996 4 4
996 4 4 9
498.98066401624379 936 64 0
936 808 64 0
589.49033200812187 904 32 1
277.01933598375615 968 32 12
984 872 16 2
888 872 16 11
2 984 2 5
9.6568542494923797 998 2 8
370.98066401624379 936 64 0
128 992 8 3
557.49033200812187 992 8 10
749.49033200812187 64 64 0
847.76542835943485 845.82407126957617 32 1
277.01933598375615 904 32 12
999 999 1 6
1 1 1 7
936 680 64 0
621.49033200812187 64 64 0
434.98066401624379 888 16 2
813.49033200812187 16 16 11
936 552 64 0
549.26381290062056 854.22222222222217 32 1
486.6892276222851 840.79012345679007 32 12
728 996 4 4
856 996 4 9
493.49033200812187 64 64 0
231.76450198781711 992 8 3
922.74516600406093 8 8 10
936 424 64 0
612.48589255386332 844.2739236581948 32 1
408.8047352858199 847.76542835943485 32 12
685.49033200812187 16 16 2
984 744 16 11
64 749.49033200812187 64 0
936 296 64 0
968 205.49033200812192 32 1
904 205.49033200812192 32 12
192 64 64 0
984 616 16 2
557.49033200812187 16 16 11
998 16 2 5
998 9.6568542494923797 2 8
320 64 64 0
135.55417527999327 813.49033200812187 32 1
813.49033200812187 135.55417527999327 32 12
8 922.74516600406093 8 3
992 64 8 10
64 192 64 0
819.97940541080027 753.93317439345492 64 0
783.83371098381019 842.86848107415767 32 1
927.77348089249858 145.77777777777777 32 12
16 128 16 2
984 360 16 11
154.50966799187808 996 4 4
254.39191898578662 996 4 9
1 981.17157287525379 1 6
732 999 1 7
64 621.49033200812187 64 0
557.49033200812187 174.85125168440814 64 0
344.94048483290624 843.59919335795996 32 1
32 282.50966799187808 32 12
64 493.49033200812187 64 0
825.14874831559189 616 64 0
32 402.98066401624379 32 1
572.25937344636202 794.49614588041698 32 12
384 16 16 2
16 813.49033200812187 16 11
309.01933598375615 992 8 3
621.49033200812187 992 8 10
685.49033200812187 174.85125168440814 64 0
120 998 2 5
2 990.34314575050757 2 8
382.76455610248235 755.36462171739481 64 0
16 557.49033200812187 16 2
16 327.76450198781714 16 11
776 996 4 4
945.37258300203052 4 4 9
429.49033200812187 174.85125168440814 64 0
825.14874831559189 488 64 0
62.75239338906141 338.63711493937797 32 1
95.98399160062894 283.9410375635282 32 12
325.01933598375615 992 8 3
64 992 8 10
699.46528088110119 797.06490040621952 64 0
434.98066401624379 984 16 2
128 16 16 11
825.14874831559189 360 64 0
844.79728651779931 266.03226646068134 32 1
781.36852549652406 274.56410537769989 32 12
860 999 1 6
736 999 1 7
493.49033200812187 285.70250336881628 64 0
621.49033200812187 285.70250336881628 64 0
737.39764128372337 321.06745301574068 32 1
805.69411676402694 215.36726754419405 32 12
984 488 16 2
984 160.23549801218289 16 11
365.49033200812187 285.70250336881628 64 0
864.08195165532527 676.56571371417147 8 3
618.05604572229333 213.78445502414155 8 10
429.49033200812187 396.55375505322445 64 0
335.52259846880321 194.49978988661559 32 1
256 135.55417527999327 32 12
648 996 4 4
911.4314575050762 4 4 9
557.49033200812187 396.55375505322445 64 0
160.16652224137044 998 2 5
260.04877323527899 998 2 8
708.45628802326064 412.60104286915515 64 0
196.80316216649416 159.87976654749613 32 1
247.46816108298145 198.98293630126852 32 12
429.49033200812187 16 16 2
16 685.49033200812187 16 11
301.49033200812187 396.55375505322445 64 0
188.27132324947561 223.30852756877138 32 1
238.93632216596291 262.41169732254377 32 12
365.49033200812187 507.40500673763256 64 0
406.62741699796953 8 8 3
992 137.60808101421335 8 10
493.49033200812187 507.40500673763256 64 0
179.73948433245707 286.73728859004666 32 1
230.40448324894439 325.84045834381902 32 12
439.98603670334393 811.2726010928402 16 2
853.56829705521784 218.84043057615051 16 11
429.49033200812187 618.25625842204067 64 0
301.49033200812187 618.25625842204067 64 0
171.20764541543858 350.16604961132191 32 1
735.61097530809138 708.12959372551677 32 12
996 376 4 4
720 996 4 9
864 999 1 6
999 12.48528137423857 1 7
557.49033200812187 618.25625842204067 64 0
256 16 16 2
142.28535689705427 861.01602184044452 16 11
621.49033200812187 507.4050067376325 64 0
493.49033200812187 689.81043370203395 32 1
552.68716984162768 714.13602496953683 32 12
685.49033200812187 618.25625842204067 64 0
992 250.74516600406096 8 3
496.92461829395046 213.78445502414155 8 10
781.65685424949243 998 2 5
951.02943725152295 2 2 8
237.49033200812187 507.40500673763262 64 0
621.49033200812187 689.81043370203395 32 1
502.02217092514036 753.2391947233092 32 12
170.66130548082199 846.22394484053098 16 2
631.05955138977492 365.12812921102034 16 11
228.99674850321716 791.47930046885847 64 0
96.000000000000014 402.98066401624379 32 1
135.55417527999327 685.49033200812187 32 12
159.87976654749616 626.29349417461606 32 1
715.45806554744058 527.05354493983998 32 12
457.31968177845687 784.37381397501622 16 2
112 128 16 11
8 350.39191898578667 8 3
8 250.50966799187808 8 10
996 584 4 4
996 456 4 9
353.45606910710291 149.97574435091383 16 2
733.3869217651328 273.23530766407163 16 11
1 987.51471862576136 1 6
734 999 1 7
8 370.98066401624379 8 3
8 448.2354980121828 8 10
998 148.92178951319812 2 5
414.62741699796953 2 2 8
741.35566862784799 865.22057085576614 16 2
321.48573827712221 148.59808451569063 16 11
996 888 4 4
4 909.49033200812187 4 9
238.57409083303821 875.2604257981925 16 2
765.96464217579921 142.28535689705427 16 11
432.92461829395046 546.33821007736594 8 3
780.35749665487435 416.37148015323237 8 10
704.21380669204996 286.38556838136043 16 2
155.60792414862357 135.24336330654009 16 11
998 574.62741699796948 2 5
2 258.50966799187808 2 8
162.99494936611663 999 1 6
265.70562748477141 999 1 7
688.9246182939504 102.93320333973341 8 3
554.05604572229333 246.76930002908287 8 10
760 996 4 4
980.68629150101526 996 4 9
298.05604572229322 468.47180339789918 8 3
141.79981437655491 115.61338356833095 8 10
996 472 4 4
4 459.54920651116754 4 9
990.34314575050757 2 2 5
80 998 2 8
262.8772003600252 999 1 6
915.4314575050762 1 1 7
278.65999696751231 235.46675975978906 16 2
462.29849612359101 726.29425716055448 16 11
621.49033200812187 585.27141341709944 8 3
370.70108385684034 133.28414567728947 8 10
446.29849612359101 698.58144423945248 16 2
760.43928276808788 231.36726754419402 16 11
4 239.19595949289331 4 4
768 996 4 9
966.55340711291592 135.97383355420192 8 3
362.05604572229322 357.62055171349101 8 10
2 339.07821048680188 2 5
2 378.98066401624379 2 8
415.79825078354708 44.922774966099759 16 2
140.01580953090769 313.68222615280138 16 11
456.67650321120851 877.7388810733803 8 3
560.92461829395052 546.33821007736594 8 10
784.48528137423864 999 1 6
953.85786437626916 1 1 7
996 648 4 4
450.98066401624379 996 4 9
669.01602184044452 696.54161531909494 16 2
318.76455610248235 803.36462171739481 16 11
525.4852917414521 812.52591625295224 16 2
142.28535689705427 765.96464217579921 16 11
748.29432048542981 252.06750645954989 8 3
623.38539090916947 882.76029703375048 8 10
301.01933598375615 998 2 5
2 900.11774900609134 2 8
291.92111262646881 317.12812921102039 16 2
287.19183588453086 172.03799873851381 16 11
996 384 4 4
336.33304448274089 996 4 9
135.55417527999327 557.49033200812187 32 1
207.52259846880321 416.20229325543193 32 12
717.40727144600271 866.7935528711065 8 3
864.08195165532527 555.43428628582853 8 10
792 999 1 6
999 368 1 7
387.77583919496476 39.701118926619642 8 3
301.49033200812187 540.38985174257391 8 10
845.49033200812187 4 4 4
996 760 4 9
605.49033200812187 998 2 5
317.01933598375615 998 2 8
149.27747233417148 166.61094816455713 16 2
142.28535689705427 509.96464217579916 16 11
114.59080830668668 932.58274648558938 8 3
699.01290187535142 309.81526298217932 8 10
999 18.828427124746192 1 6
862 999 1 7
996 344 4 4
466.98066401624379 996 4 9
142.47911294931461 733.96522876567224 16 2
109.94422927359226 329.86610440195943 16 11
2 362.98066401624379 2 5
395.31370849898474 2 2 8
198.98293630126855 676.95849309110338 32 1
145.77777777777777 443.20718312374515 32 12
122.26111892661966 106.30416080503525 8 3
446.49608149917827 834.37280275335024 8 10
632.80404050710661 996 4 4
996 392 4 9
691.30422842104326 334.46138039610639 16 2
780.75671917571276 170.66130548082199 16 11
429.49033200812187 318.68734837375757 8 3
611.03929966677936 804.30009010399294 8 10
724 999 1 6
999 146.09336238845194 1 7
13.65685424949238 998 2 5
2 386.98066401624379 2 8
888.13830204114493 242.21098747424961 8 3
804.44481752297816 174.51798756394535 8 10
143.37619669453071 395.26729984999707 16 2
172.03799873851381 716.68216789265273 16 11
4 797.49033200812187 4 4
996 464 4 9
557.49033200812187 474.42016173269127 8 3
777.74947134820775 432.15749307606336 8 10
745.05028474146354 564.84640885848069 16 2
618.4597767673821 781.47605628874828 16 11
998 401.37258300203047 2 5
112 998 2 8
417.45584412271575 1 1 6
999 143.26493526370572 1 7
4 845.49033200812187 4 4
4 112 4 9
368.92461829395046 435.48695839295783 8 3
757.4980431859201 164.74235361399258 8 10
286.76846751763196 266.42241684113435 16 2
207.75394683868706 629.76665720657252 16 11
707.41190438103069 254.54577926189961 16 2
654.22394484053098 724.91756390286264 16 11
877.7388810733803 893.69583919496472 8 3
496.92461829395052 357.62055171349101 8 10
972.68629150101526 996 4 4
352 4 4 9
905.77460325558377 2 2 5
638.46089475659903 998 2 8
999 152.23549801218289 1 6
999 884 1 7
560.92461829395052 324.63570670854972 8 3
493.49033200812187 141.86640667946685 8 10
224 4 4 4
996 640 4 9
368.92461829395046 579.32305508230729 8 3
287.35956229163867 196.03741264494823 8 10
2 358.98066401624379 2 5
2 851.14718625761429 2 8
999 880 1 6
1 913.49033200812187 1 7
100.48184334642303 351.92201636599549 8 3
293.88264256224528 293.20842184844901 8 10
996 840 4 4
4 669.49033200812187 4 9
502.95805396773358 804.24802048854747 8 3
820.43909204647287 174.94598577315816 8 10
565.49033200812187 998 2 5
56 998 2 8
717.49033200812187 4 4 4
19.313708498984759 4 4 9
1 917.08831175456851 1 6
999 580 1 7
135.69653537195649 486.88678631979712 8 3
196.03741264494823 716.84989429976054 8 10
778.08901766405347 685.7775039439083 16 2
624.88359547065784 737.69034350848426 16 11
762.44777615352518 876.67146602275068 8 3
864.08195165532527 420.56571371417141 8 10
4 224 4 4
888 996 4 9
2 266.50966799187808 2 5
348.35324701827426 998 2 8
258.45618809043185 297.32551742706335 8 3
730.84717706674917 249.37006731608787 8 10
164.99494936611663 999 1 6
999 577.45584412271569 1 7
996 600 4 4
4 717.49033200812187 4 9
573.49033200812187 998 2 5
998 72 2 8
160.17390071705259 525.96464217579921 8 3
318.84360506479766 230.85651112257329 8 10
123.45256109714653 358.87515421998609 16 2
365.49033200812187 666.25625842204067 16 11
144 4 4 4
4 945.37258300203052 4 9
426.05604572229328 468.47180339789918 8 3
160.27045082947498 750.0732483967123 8 10
986.34314575050757 999 1 6
752 999 1 7
116 998 2 5
214.62741699796953 2 2 8
865.94135708985868 881.45601781739401 8 3
132.91494702431575 336.81924225595003 8 10
712 996 4 4
996 592 4 9
295.82534089065132 131.82024665943635 8 3
23.999999999999996 350.39191898578667 8 10
999 480 1 6
1 455.54920651116754 1 7
472.63751826573616 998 2 5
900.11774900609134 2 2 8
701.49033200812187 4 4 4
996 896 4 9
618.05604572229333 135.91804834467473 8 3
454.57897267900546 760.5308168137492 8 10
305.92905801732519 221.41116970160709 8 3
261.20150783100775 867.2604257981925 8 10
4 837.49033200812187 4 4
996 336 4 9
2 262.50966799187808 2 5
2 726.86291501015239 2 8
82.828427124746185 999 1 6
1 244.85281374238571 1 7
64 378.98066401624379 8 3
293.69521119897558 148.93591853954752 8 10
282.56349857675741 856.3212598620479 16 2
845.11260999678689 187.97780987780601 16 11
530.98066401624374 996 4 4
146.50966799187808 996 4 9
487.33502683602779 800.79533700435945 8 3
211.90722703119056 714.81298700039315 8 10
2 218.34314575050763 2 5
998 446.62741699796953 2 8
764 999 1 6
772 999 1 7
235.08636614171272 708.58984389621639 16 2
754.60028446649221 664.04551340521664 16 11
629.09802145399851 389.04783657359172 8 3
131.94380552542256 597.66515014683159 8 10
160 4 4 4
837.49033200812187 4 4 9
2 952 2 5
609.49033200812187 998 2 8
326.72201090895516 879.2094054870995 8 3
849.74492905724014 683.66851478290459 8 10
4 781.49033200812187 4 4
288 4 4 9
1 336.24978336205567 1 6
421.49033200812187 1 1 7
271.8143451073891 285.19405030600558 8 3
163.97381570346599 407.58550147047509 8 10
541.49033200812187 4 4 4
4 305.13708498984761 4 9
521.60808101421333 998 2 5
2 465.20606076065991 2 8
315.27282902879216 890.38599862968761 8 3
744 903.01515499505877 8 10
955.85786437626916 1 1 6
786.48528137423864 999 1 7
151.66605870733352 487.87386506075353 8 3
167.13904161069206 391.90170904146657 8 10
996 328 4 4
573.49033200812187 4 4 9
2 469.20606076065991 2 5
2 299.48023074035524 2 8
199.29825978025605 598.90403650822805 16 2
762.22853857153075 537.84812010993619 16 11
343.79449281315715 676.51737734866037 8 3
168.75145732500667 188.39470746425178 8 10
4 436.92178951319806 4 4
4 789.49033200812187 4 9
446.98066401624379 999 1 6
442.98066401624379 999 1 7
307.88284603070429 242.51248647414906 8 3
163.46638123814202 498.67906696395244 8 10
147.06897422489635 198.68401874409119 16 2
327.32138952004857 693.97122700696139 16 11
726.86291501015239 2 2 5
2 310.79393923933998 2 8
356.37753159159723 126.15421927480477 8 3
903.01515499505877 488 8 10
445.49033200812187 4 4 4
4 160 4 9
861.01602184044452 142.28535689705427 16 2
246.94493075706822 678.86822810461717 16 11
542.01835904104871 752.68698444010579 8 3
753.72447405620312 515.40528413229856 8 10
1 897.28932188134513 1 6
332.33304448274089 999 1 7
613.49033200812187 998 2 5
342.62741699796953 2 2 8
797.49033200812187 4 4 4
243.07821048680188 996 4 9
419.92111262646881 95.425625842204056 16 2
140.74757874296344 230.0534299461045 16 11
314.98871690751758 779.66350279077517 8 3
581.31551386941214 686.20006394746326 8 10
600.21336313408472 765.88540557998624 8 3
746.09799411640836 501.33983697524354 8 10
653.49033200812187 4 4 4
840 996 4 9
854.86291501015239 2 2 5
48 998 2 8
999 372 1 6
790 999 1 7
628.98758408042431 405.04745543113074 8 3
752.86482525020665 889.69543753246603 8 10
4 653.49033200812187 4 4
709.49033200812187 4 4 9
998 76 2 5
136 998 2 8
444.43668183363781 865.94135708985868 8 3
381.33260846895666 121.32711074291025 8 10
999 756 1 6
999 752 1 7
432.92461829395046 246.76930002908287 8 3
692.09387769644661 689.95279379399722 8 10
996 848 4 4
4 589.49033200812187 4 9
644.11774900609134 2 2 5
2 233.53910524340094 2 8
421.88264256224528 71.505918479632641 8 3
768.73191388597536 560.95020030890248 8 10
996 264 4 4
996 176.23549801218289 4 9
999 352 1 6
398.14213562373095 1 1 7
903.01515499505877 616 8 3
156.75274263957434 247.9373536946174 8 10
341.98989873223326 998 2 5
569.49033200812187 998 2 8
996 980.68629150101526 4 4
4 581.49033200812187 4 9
387.18617120308659 676.51737734866037 8 3
209.92816105750506 360.20206816513519 8 10
400.97056274847716 1 1 6
392 1 1 7
311.31820637962943 874.88241969762396 8 3
646.69397102054268 747.70570762433078 8 10
4 661.49033200812187 4 4
996 904 4 9
998 657.37258300203052 2 5
998 48 2 8
230.66894595544895 383.57950064003114 8 3
285.16337228195704 212.36467956082276 8 10
999 388 1 6
1 389.80909114099001 1 7
218.50966799187808 996 4 4
4 934.05887450304567 4 9
490.05604572229328 579.32305508230729 8 3
637.59694733200047 875.40967365605729 8 10
2 775.83347775862944 2 5
2 595.14718625761429 2 8
557.49033200812187 96.984845004941292 8 3
735.13517474979335 889.69543753246603 8 10
280 4 4 4
996 632 4 9
16.485281374238571 999 1 6
1 805.49033200812187 1 7
897.06679666026662 356.56571371417141 8 3
691.10679895549015 705.92231712937428 8 10
52 998 2 5
2 316.4507934888324 2 8
152 4 4 4
272 4 4 9
891.92240475650237 751.06876430683781 8 3
863.06464651983288 692.53334003311136 8 10
999 468 1 6
999 460 1 7
418.98066401624379 996 4 4
4 152 4 9
657.37258300203052 998 2 5
998 318.62741699796953 2 8
781.80728609894732 551.72877734429221 8 3
758.94634362582792 180.67666959666855 8 10
672.97272143190435 349.95188882892262 8 3
635.5521703362416 759.18875066663054 8 10
232 4 4 4
996 239.4314575050762 4 9
2 169.37258300203047 2 5
169.37258300203047 2 2 8
302.84549015761894 758.96224572506662 16 2
266.75532276643611 703.99885420973385 16 11
202.89721988518818 374.57446762491293 8 3
272.1868033672805 330.78671764697214 8 10
999 398.54415587728425 1 6
419.45584412271575 1 1 7
4 144 4 4
4 104 4 9
355.06530754588215 687.87381760344931 8 3
400.18680336728056 109.08421427815581 8 10
702.62741699796948 998 2 5
998 52 2 8
170.559819302638 538.13561975089942 8 3
650.79386064896323 351.46954077506859 8 10
976.68629150101526 999 1 6
641.28932188134524 999 1 7
669.49033200812187 4 4 4
410.98066401624379 996 4 9
215.16904143100811 869.94971374720251 8 3
176.961793149248 590.12438626224082 8 10
998 189.49033200812192 2 5
967.02943725152284 998 2 8
402.98066401624379 996 4 4
896 996 4 9
557.98069267271239 753.78421050225427 8 3
647.79073499032961 863.0773302787062 8 10
644 999 1 6
628.80404050710661 999 1 7
604.03544248602282 725.80108292890009 8 3
875.01573885184462 233.05684440442494 8 10
829.49033200812187 4 4 4
934.05887450304567 4 4 9
998 834.34314575050757 2 5
297.37258300203047 2 2 8
303.61559012360055 690.22488546148463 8 3
391.46867771926304 55.26912919233628 8 10
999 644 1 6
1 853.97561338236051 1 7
661.49033200812187 4 4 4
4 425.60808101421333 4 9
393.60808101421333 998 2 5
998 185.49033200812192 2 8
766.35823463491727 208.10859155440139 8 3
626.82150634106438 806.93105047810582 8 10
546.17662350913713 996 4 4
533.49033200812187 4 4 9
1 356.15223689149758 1 6
999 882 1 7
939.7157287525381 2 2 5
834.34314575050757 998 2 8
733.56912560557873 491.3885830925239 8 3
884.09387769644661 135.69653537195649 8 10
4 829.49033200812187 4 4
848 996 4 9
307.82904053637878 727.35268663889201 16 2
122.26111892661964 149.69583919496472 8 3
750.42391865224135 209.55689199430921 8 10
1 905.49033200812187 1 6
1 677.49033200812187 1 7
2 419.95122676472096 2 5
2 382.98066401624379 2 8
4 525.49033200812187 4 4
996 126.29437251522859 4 9
680.30159705229119 717.72263966018272 8 3
267.3875805497787 310.60069082469255 8 10
27.313708498984759 4 4 4
458.98066401624379 996 4 9
2 647.83347775862944 2 5
297.01933598375615 998 2 8
13.65685424949238 1 1 6
351.18167414302047 999 1 7
845.01602184044452 160.17390071705262 8 3
235.28293719875217 368.25921719595868 8 10
240 4 4 4
4 573.49033200812187 4 9
287.66698463312827 740.37157682792883 8 3
471.60867183012317 803.74181935256024 8 10
248.73506473629425 998 2 5
998 273.37258300203047 2 8
880 999 1 6
999 571.79898987322326 1 7
490.05604572229328 435.48695839295783 8 3
772.34991358655543 193.27283126581165 8 10
904 996 4 4
789.49033200812187 4 4 9
984 2 2 5
2 519.83347775862944 2 8
368 4 4 4
581.49033200812187 4 4 9
166.99494936611663 999 1 6
578.17662350913713 999 1 7
750.88312584772814 588.12682905720283 8 3
193.35366307693965 854.03783674725207 8 10
395.98724497643553 93.645182270873647 8 3
166.92379931392799 483.05708692782292 8 10
4 96 4 4
360 4 4 9
72 998 2 5
998 56 2 8
136 1 1 6
754 999 1 7
996 228.11774900609146 4 4
996 856 4 9
998 120.6375182657362 2 5
998 909.65685424949243 2 8
187.44380815647975 578.0360711857644 8 3
139.84808312379985 289.68281224636695 8 10
996 972.68629150101526 4 4
996 520 4 9
859.815231298821 166.25529853392831 8 3
401.0974662713711 684.42154520638735 8 10
109.17157287525382 999 1 6
217.45584412271572 1 1 7
963.02943725152284 998 2 5
536.63751826573616 998 2 8
171.73401270768483 575.00253744489021 8 3
573.09606265140258 748.53772687916796 8 10
112 4 4 4
525.49033200812187 4 4 9
175.34483484460023 553.40335128715526 8 3
875.14812544236349 161.68338895663777 8 10
999 596 1 6
999 588 1 7
998 967.02943725152284 2 5
959.02943725152284 998 2 8
4 19.313708498984759 4 4
996 712 4 9
190.84360506479763 452.55901449138963 8 3
718.14248748544708 487.14372310537487 8 10
996 776 4 4
996 720 4 9
32.970562748477143 2 2 5
998 116.6375182657362 2 8
716 999 1 6
999 478 1 7
287.66911537432691 688.91723754603606 8 3
203.19446832983431 575.22240736371623 8 10
453.49033200812187 4 4 4
104 4 4 9
300.93070613775723 787.30368166285018 8 3
283.96455657945864 724.80584438427559 8 10
76 998 2 5
293.01933598375615 998 2 8
902.94617613083756 1 1 6
475.46594539048237 999 1 7
871.44106820833122 177.24801958712845 8 3
702.28634185523435 489.28443461174021 8 10
996 504 4 4
96 4 4 9
998 781.65685424949243 2 5
2 939.7157287525381 2 8
802.03741484589875 684.20452192856794 8 3
309.30853828508833 825.42326462753613 8 10
4 541.49033200812187 4 4
4 709.49033200812187 4 9
999 340 1 6
1 841.49033200812187 1 7
297.54515025736839 814.57786458377132 8 3
513.16709012097419 791.9282972440169 8 10
36.970562748477143 2 2 5
998 222.46089475659909 2 8
141.88499042316735 273.81299786012465 8 3
294.03445231912315 830.18795747223294 8 10
589.49033200812187 4 4 4
4 701.49033200812187 4 9
1 269.33809511662429 1 6
1 724.03448788540618 1 7
234.41610719935662 658.39804050753514 8 3
584.9460097805287 737.78697095054065 8 10
781.49033200812187 4 4 4
4 27.313708498984759 4 9
998 233.77460325558383 2 5
140.85281374238571 998 2 8
416.41087816616175 689.05829149451699 8 3
406.41226943867537 75.588510232125884 8 10
996 728 4 4
461.49033200812187 4 4 9
150.50966799187808 999 1 6
999 449.45584412271575 1 7
772.11774900609134 2 2 5
2 431.26493526370569 2 8
996 768 4 4
996 512 4 9
1 215.51471862576145 1 6
841.49033200812187 1 1 7
519.83347775862944 2 2 5
598.86291501015239 2 2 8
4 533.49033200812187 4 4
815.03793151151308 860.82110264479422 4 9
444.27082818214785 853.94250328767043 4 4
411.79825078354708 25.326857023834336 4 9
212.85281374238571 998 2 5
40.970562748477143 2 2 8
602.66190488337566 999 1 6
1 954.82842712474621 1 7
477.82471562680541 793.47727847058559 4 4
125.26737873108962 778.99132018515127 4 9
998 963.02943725152284 2 5
998 112.6375182657362 2 8
1 341.90663761154809 1 6
518.77965388946711 999 1 7
165.0699512259045 664.87919496256404 4 4
556.54963273022736 889.47724781305828 4 9
90.343145750507617 2 2 5
998 529.37258300203052 2 8
586.76396957517272 757.21858304242971 8 3
135.69653537195649 884.09387769644661 8 10
493.49033200812187 595.2780078358885 4 4
837.77514542446522 682.81746849476588 4 9
565.49033200812187 1 1 6
999 332 1 7
998 706.34314575050757 2 5
998 959.02943725152284 2 8
19.850559463309821 248.62174839439569 4 4
417.3900807502543 241.76600281968828 4 9
1 296.65180361560903 1 6
1 472.03448788540612 1 7
224.41164277322289 373.3400594010912 4 4
338.16036020990566 808.24343130852048 4 9
998 80 2 5
2 90.343145750507617 2 8
236.57697969385629 11.23069374152494 4 4
466.80335440045189 745.78030991388039 4 9
1 785.49033200812187 1 6
1 793.49033200812187 1 7
909.65685424949243 998 2 5
2 32.970562748477143 2 8
501.23572255113629 439.84755766400201 4 4
132.46229497061319 649.62335170377412 4 9
1 442.57864376269043 1 6
444.98066401624379 999 1 7
2 36.970562748477143 2 5
470.86291501015234 2 2 8
881.99548985896047 171.53801226482773 4 4
627.88020907404018 654.38206271094191 4 9
579.54519327596881 829.75117147125309 4 4
363.86949439226657 369.48273548889136 4 9
2 40.970562748477143 2 5
703.39769728623912 321.12916337092497 2 8
729.6913421348986 1 1 6
999 408 1 7
205.29576682908865 855.21518884960221 4 4
748.00319590516983 846.35763415181509 4 9
181.29973529056664 599.1345060160827 2 5
860.03579845870763 235.63838954728323 2 8
290.86856583997576 710.37204183156291 8 3
539.0350853397066 768.40640166921708 8 10
1 902.94617613083756 1 6
1 895.28932188134513 1 7
219.36626273761482 379.54845213160428 4 4
140.67985391964112 148.55323630512908 4 9
748.45159852293727 485.51389162283039 8 3
600.99435484224421 749.9044778236954 8 10
338.98197306315905 160.67623703633203 2 5
231.99884546655582 668.83754844226485 2 8
695.92357708842064 721.18005773596872 8 3
889.51344026212826 735.2511510208567 8 10
345.45584412271575 1 1 6
999 370 1 7
181.28470734624076 567.73726168129679 4 4
709.18254329998047 343.42608100959995 4 9
440.25503642801874 553.14004585748614 2 5
301.08911294091581 300.14144317261531 2 8
585.59705469593223 868.21114151344875 4 4
557.49033200812187 262.72425278266417 4 9
857.6913421348986 1 1 6
713.49033200812187 1 1 7
18.6906057379408 928.19594108251601 4 4
778.57957926817937 126.76558363339831 4 9
320.64272831534561 871.2694858938645 2 5
991.52786404500046 900 2 8
141.95528954539716 254.02302390632178 8 3
530.12974533203385 781.69906578698306 8 10
705.49033200812187 1 1 6
999 754 1 7
277.85244417846224 682.01557349797633 4 4
369.39940629474773 206.68017951601678 4 9
8.5925889696773226 529.35143632626682 2 5
457.49033200812187 8.4721359549995796 2 8
217.21348025893187 582.93391205034004 8 3
625.34641820945251 420.62763229469908 8 10
337.98752613032127 137.29804037205949 4 4
895.51357049070259 478.63377184113034 4 9
1 230.71067811865476 1 6
1 228 1 7
54.160727332842391 993.78569688954349 2 5
762.71737987526615 887.98454087859773 2 8
292.96133125308978 221.4856354254529 4 4
565.23572255113629 242.40870075803866 4 9
646.94617613083756 1 1 6
999 350 1 7
768.44776599176157 183.79483781280706 2 5
249.73777349135636 698.13344572692267 2 8
302.6393371529241 708.03774478571108 4 4
834.07007392661581 165.09184991033925 4 9
128.43063000101412 139.40326259321316 4 4
208.88246029503352 193.79275162286018 4 9
601.37215440017076 775.81803880595623 2 5
6.2143031104565338 380.81993668340141 2 8
999 172.23549801218289 1 6
999 168.23549801218289 1 7
537.80581117824113 991.82658818026812 4 4
555.40887734243711 35.891393779086954 4 9
120.66507258405375 940.52650589085226 2 5
919.87548450340296 616 2 8
999 260 1 6
344.81832585697947 999 1 7
143.45079810926271 594.26087024126446 4 4
420.12410384925221 326.18893287811375 4 9
283.51997521400483 333.04732800294761 2 5
493.71259963796643 601.27388951423427 2 8
9.6885375370561793 939.74759049630188 4 4
147.42302030614371 11.230693741524936 4 9
223.2701719752846 597.74324982935855 8 3
384.71643024371065 105.00162252566263 8 10
999 986.34314575050757 1 6
1 673.49033200812187 1 7
364.57697969385629 11.23069374152494 4 4
363.40887734243705 646.36486464295376 4 9
486.3696736141622 723.0564293110773 2 5
261.53761982043341 287.81211748312433 2 8
1 657.49033200812187 1 6
999 660.20101012677674 1 7
538.06731170197816 11.23069374152494 4 4
577.49033200812187 10.928203230275509 4 9
707.23920445640351 304.12949602907827 2 5
641.96886019081774 996.07797541318371 2 8
129.88791959748238 980.14944053669012 4 4
932 228.11774900609146 4 9
179.88284603070434 464.21498984296539 8 3
126.62107609458278 249.45554124681851 8 10
999 396 1 6
999 380 1 7
294.66875593825296 227.23756561839642 2 5
442.80283538511333 848.12485796092062 2 8
61.839908710830287 302.64868107915015 4 4
737.39008075025424 130.91475113528014 4 9
237.42135623730948 999 1 6
1 597.97561338236051 1 7
875.8885366590398 129.9805596494881 2 5
313.48286227771763 744.44169771961765 2 8
203.06934186161519 259.31981701316369 4 4
903.58070335978323 748.22551375918295 4 9
161.8812748393197 761.96464217579921 4 4
387.94477249795199 66.740052955975216 4 9
577.46509809613292 760.89703233748605 2 5
912.76440120958409 490.22535351091983 2 8
1 585.49033200812187 1 6
1 773.00505063388323 1 7
360.58911846821337 168.66048697188566 4 4
763.67854533431523 987.57139377908697 4 9
378.48038993893863 438.43436882736302 2 5
556.57587139865643 895.47719044047392 2 8
999 636 1 6
999 624 1 7
891.02827497256828 163.63808865181818 8 3
233.06708884696286 585.09333205059704 8 10
671.62478722860612 338.02783442685035 4 4
266.2741115511709 684.00464415366253 4 9
257.15606342576581 876.40560920609073 2 5
195.68274425851325 643.11903782833451 2 8
815.57178667380663 35.891393779086926 4 4
215.60646463680479 289.82916889942675 4 9
284 1 1 6
1 803.49033200812187 1 7
488.76980688758408 589.23998957135609 2 5
8.4721359549995796 657.49033200812187 2 8
868.44255092636945 544.25460945698558 4 4
787.87813349882606 425.72241708283445 4 9
18.485281374238571 999 1 6
1 313.62236636408619 1 7
618.35433450137793 435.01897571424399 8 3
390.53354577126635 78.457486674130962 8 10
514.51514763747753 863.63127437586843 4 4
497.07664914573951 793.78814107624908 4 9
111.31599902391405 145.98699926793554 2 5
235.49108643726731 396.86932450363696 2 8
214.44710601930768 371.31868349679974 4 4
963.72549779847134 147.6358629191657 4 9
1 319.76450198781714 1 6
45.171572875253808 999 1 7
437.96310230962507 829.15856588199006 2 5
798.84037021924212 166.23606928255387 2 8
262.58754847925809 855.3407407637045 4 4
928.19594108251601 18.690605737940825 4 9
276 1 1 6
156 1 1 7
567.20184216119367 994.38465312923756 2 5
211.97546858328502 198.93408410858871 2 8
989.07179676972453 508 4 4
746.13138179543603 355.99196842646711 4 9
869.08524886471992 308.10025125786757 4 4
436.10683762299544 107.17391534905622 4 9
668.93229791786086 714.54142060428592 2 5
129.91230696569207 874.08918654513695 2 8
999 452 1 6
999 321.45584412271575 1 7
124.74413828963709 161.43613794937809 4 4
966.29137324279475 169.53090216552621 4 9
991.52786404500046 644 2 5
994.53589838486221 74 2 8
654.54415587728431 999 1 6
1 156 1 7
396.58049127487391 31.547708489768581 4 4
153.6916302836174 782.3931822031717 4 9
192.08603867782577 615.39596989305767 2 5
205.97536225943253 254.07052701855781 2 8
458.99132018515127 679.52363715313027 4 4
170.8778705895003 417.40049133957967 4 9
220 1 1 6
999 245.08831175456859 1 7
785.49033200812187 8.4721359549995796 2 5
752.75916897042612 879.14752960262911 2 8
493.49033200812187 197.82950227056025 4 4
778.57267988479077 310.45537517016271 4 9
172.20101012677665 1 1 6
1 166.54415587728428 1 7
131.57159608665694 157.26650726670212 4 4
103.55555555555556 438.1788682353075 4 9
352.50027407730499 354.67314127908571 2 5
276.63189883925924 217.58137975314185 2 8
772.71724282597995 705.04260282995187 4 4
404.43825078354706 28.462203894596808 4 9
999 404.20101012677668 1 6
1 120 1 7
69.549284900924576 305.32342007111151 2 5
899.16023492397392 744.16848790173356 2 8
883.20106567984237 253.14824933966315 4 4
357.7449414651075 439.84755766400201 4 9
1 108 1 6
1 140 1 7
144.05145156750365 481.39175443950893 2 5
535.11778524445174 745.44943780621668 2 8
745.33251143674465 131.87276720523653 4 4
725.3022982879728 561.68143950116485 4 9
555.67512248881292 41.885483661799036 2 5
475.45457205189086 443.91712314712993 2 8
664 999 1 6
999 45.171572875253808 1 7
623.65093576834033 757.65232111738567 4 4
125.26737873108959 847.98934383109247 4 9
125.26737873108959 719.98934383109247 4 4
128.43063000101412 116.59673740678683 4 9
169.21124760829599 660.53757495694504 2 5
166.62543974324134 249.52790451092116 2 8
699.79898987322326 999 1 6
693.49033200812187 1 1 7
940 228.11774900609146 4 4
246.40660581330653 658.87547426091362 4 9
867.0293620897304 564.99005793081665 2 5
722.18910884995341 287.32817770237966 2 8
414.98066401624379 999 1 6
892 999 1 7
223.63397666566226 365.3779469034464 4 4
927.77348089249858 109.77777777777774 4 9
790.35332853886132 416.08278490375733 2 5
506.48038993893863 216.73186545854674 2 8
298.35257061980388 231.97354591734086 4 4
743.06200980332073 241.26829700117344 4 9
406.98066401624379 999 1 6
300.20101012677668 1 1 7
345.66246031643283 131.5567416086916 4 4
913.02174941384783 744 4 9
415.01301519551481 329.33166620654566 2 5
451.05069998016603 825.47024972106533 2 8
999 831.51471862576136 1 6
999 844 1 7
981.30939426205919 245.29439092560591 4 4
67.999999999999986 425.60808101421333 4 9
284 8.4721359549995796 2 5
376.25503642801874 442.28879417307797 2 8
777.91170824775691 807.35890654003833 4 4
235.00952922882942 439.45027461712277 4 9
833.49033200812187 1 1 6
1 855.97561338236051 1 7
436.95800958129757 101.23459667622849 2 5
753.72346707302995 155.48208498030817 2 8
819.15805554387509 867.67854954272593 4 4
624.27561269483476 894.72723085876714 4 9
277.71000148104076 688.01388243283054 2 5
636.26230019017487 723.74311873414149 2 8
673.49033200812187 1 1 6
649.49033200812187 1 1 7
415.58485990882048 883.12119040887433 4 4
126.7151035712497 384.20348604383793 4 9
658.81436787263169 342.54365348723655 4 4
365.49033200812187 419.53200563937656 4 9
8.4721359549995796 23.313708498984759 2 5
165.04099854426914 197.68085282368094 2 8
665.49033200812187 1 1 6
999 182.66190488337574 1 7
987.57139377908697 379.67854533431523 4 4
294.32260364807661 247.90391184416683 4 9
463.09645509472375 705.04894564294216 2 5
559.7156855190417 484.1694079472166 2 8
999 192.31875913286811 1 6
390.77965388946711 999 1 7
872 913.02174941384783 4 4
980.68629150101526 988 4 9
504.2550364280188 350.81871593337081 2 5
524.8912802502698 830.51611220375673 2 8
535.38894856028071 682.56433606156816 4 4
884.18091055597131 153.78346534362822 4 9
1 344.73506473629431 1 6
999 892 1 7
736.43951728403033 231.26116989935531 8 3
634.31364535132707 433.87862612105141 8 10
939.747590496302 9.6885375370561668 4 4
395.88492374998793 67.716781216440864 4 9
796.11427096133764 180.0498944670249 2 5
872.51211640949737 661.964240043769 2 8
831.51471862576136 999 1 6
844 999 1 7
108 10.928203230275509 4 4
816.56120783173196 827.87144969893961 4 9
288.50027407730499 465.52439296349388 2 5
746.68211189267379 546.92052979639357 2 8
624.03615990040748 647.36613184250439 4 4
481.39008075025424 352.61725450409642 4 9
852 999 1 6
1 825.49033200812187 1 7
442.48038993893863 549.28562051177119 2 5
188.46409762488301 843.5667674141331 2 8
964.10860622091309 741.91854533431524 4 4
856.97767614720055 299.90907428662587 4 9
1 417.12279963997474 1 6
999 131.95122676472099 1 7
273.97148214847914 686.59139404972757 2 5
165.21225790936217 253.26995169186287 2 8
635.87658478704043 414.87301746412624 4 4
458.80602392284646 745.98696235631223 4 9
312.77179603605066 166.59995138052631 4 4
484.53780595272292 789.12590876943705 4 9
158.34384414535495 660.2587844335643 2 5
228 8.4721359549995796 2 8
454.98066401624379 999 1 6
462.98066401624379 999 1 7
437.23572255113623 464.111204126855 4 4
260.52691348128553 936 4 9
759.24676207093273 867.19763317415959 2 5
870.88378743544547 413.23529558010313 2 8
1 645.00505063388323 1 6
23.313708498984759 1 1 7
136.65771595591323 141.63786168037166 4 4
484.12410384925221 134.36482217511067 4 9
270.70097470556192 274.53633542182507 2 5
887.78890878402558 173.09887649937752 2 8
665.84641243650833 359.60671767785294 4 4
307.78959745220556 130.89473872899731 4 9
353.18167414302047 999 1 6
1 569.49033200812187 1 7
895.51357049070259 497.3662281588696 4 4
989.07179676972453 892 4 9
404.92053599110199 85.476620836351088 2 5
425.84454045707525 327.99907237988646 2 8
999 276.20101012677668 1 6
999 569.79898987322326 1 7
977.36218670362018 130.76132132308203 4 4
448.74756810460457 847.31236002627088 4 9
149.4700454252164 526.46858869635287 2 5
285.86953854723896 462.51121680355095 2 8
191.98439431724458 379.56548336558501 4 4
306.41364929751825 161.7446480891459 4 9
882 999 1 6
793.49033200812187 1 1 7
319.22349487881786 821.35877007733609 2 5
480.50027407730511 576.37564464790205 2 8
15.999999999999998 359.33619089578582 4 4
773.07631935819074 316.26829362491776 4 9
1 517.00505063388323 1 6
986.82842712474621 1 1 7
212.70044423898744 295.07845889403262 2 5
158.92477159700579 386.19857234818505 2 8
224.13830355382333 226.40040787815147 4 4
451.36748899736011 743.04278196742302 4 9
276 10.928203230275509 4 4
860.9139362878816 200.23823758006665 4 9
870.53865159558234 563.07045193892202 2 5
638.46089475659903 994 2 8
168.99494936611663 999 1 6
356 1 1 7
687.97113478741437 550.30152630153077 4 4
242.17993520312623 894.93268765032087 4 9
228.0676575107729 361.33536429282492 2 5
134.8029730000685 147.3439924681949 2 8
756 999 1 6
138 1 1 7
100.12580428890124 551.10045494220356 4 4
463.88992373440874 812.92990554256221 4 9
682.96214883271921 350.41160635507219 2 5
411.45457205189075 333.06587146272187 2 8
235.38886295444209 165.06995122590448 4 4
164.97356062922489 590.65568753822299 4 9
999 860 1 6
999 912.48528137423864 1 7
376.25503642801874 572.52121930218709 2 5
894.11938622586138 347.0099420691833 2 8
159.21777485844467 776.60857105477919 4 4
724 989.07179676972453 4 9
211.79898987322335 1 1 6
999 604 1 7
468.41680196562191 875.25586171036286 4 4
24.444444444444422 438.1788682353075 4 9
613.72992903274269 880.15797961405133 2 5
447.52609196435287 554.76837483153804 2 8
847.98934383109247 125.26737873108962 4 4
126.76558363339835 522.57957926817937 4 9
999 976.68629150101526 1 6
956.20101012677662 999 1 7
994 120.6375182657362 2 5
480.28048892666152 727.09920115259422 2 8
12.428606220913068 147.67854533431517 4 4
217.09389259349453 608.03176638900288 4 9
1 13.65685424949238 1 6
708 999 1 7
154.25678883603928 713.88420892151998 2 5
299.18006331659853 993.78569688954349 2 8
176.43625394544253 130.19493793900895 4 4
615.92608304073826 755.57226094112661 4 9
741.53297804414456 743.63916825963611 4 4
647.83716461248196 851.0774201002846 4 9
683.8885366590398 684.23681807152877 2 5
749.35434608431933 524.39983701220092 2 8
999 476 1 6
441.49033200812187 1 1 7
605.98275451059249 936 4 4
724.71355508284421 876.3129131131617 4 9
5.6153468707624699 260.22117814494993 2 5
401.16454258681904 84.100934263405449 2 8
290.19090885900994 999 1 6
897.28932188134513 1 1 7
100.12580428890124 807.10045494220356 4 4
549.31414356312121 762.21439375258353 4 9
732.08636108379881 128.10929970999155 2 5
5.4641016151377544 360.98066401624379 2 8
183.53213590558099 443.04363647820361 4 4
366.94842545151988 686.20303669599559 4 9
477.46594539048237 999 1 6
999 784.48528137423864 1 7
301.49033200812187 523.52952223422972 2 5
362.82001305379708 174.2303262288134 2 8
770.21577522786822 809.54353807725158 4 4
978.2365047907017 138.71340079216446 4 9
1 565.49033200812187 1 6
1 713.49033200812187 1 7
517.27801418393017 720.63153846801788 4 4
170.54347172556413 826.22429196339033 4 9
872.22226762984451 919.0176310921936 2 5
561.47567683502473 258.239051938702 2 8
1 833.49033200812187 1 6
999 219.6324676318529 1 7
794.30151633101889 420.60072836930209 4 4
302.93175772556646 209.79152293584769 4 9
8.4721359549995796 156 2 5
168.80017088903665 692.61099040208148 2 8
228.00495582035876 613.02663368047035 8 3
757.58145208471012 199.92518834629908 4 4
717.10664389268845 878.78978657482321 4 9
1 697.49033200812187 1 6
1 693.49033200812187 1 7
476.30862871364337 349.42682425103914 2 5
621.49033200812187 602.13174292544363 2 8
987.57139377908697 724.32145466568477 4 4
958.97825058615217 360 4 9
585.49033200812187 1 1 6
1 722.03448788540618 1 7
332.23868834641388 131.73469029011076 4 4
932.80179578093623 103.55555555555554 4 9
893.70343098892988 491.64579155104656 2 5
168.08274217991118 585.52411954346042 2 8
639.58726307422933 383.2189593032748 4 4
545.37053558843093 818.43336373567092 4 9
134.13617483269948 749.91500567891876 2 5
154.35092715378983 410.30579850582086 2 8
999 443.79898987322332 1 6
774.94617613083756 1 1 7
270.3429318526542 298.97030395767081 4 4
633.59058326598949 130.91475113528014 4 9
557.49033200812187 491.28049124103541 2 5
112.97980439799166 110.02668691248951 2 8
999 516 1 6
999 772 1 7
548.12410384925215 104.48642950929748 4 4
60.000000000000014 425.60808101421333 4 9
462.92021138889766 750.35427978171049 2 5
136.27163607405319 346.23904260539337 2 8
936 188.99790950565128 4 4
297.290480992026 189.30117825425958 4 9
849.49033200812187 1 1 6
1 213.51471862576145 1 7
150.93073556330904 591.42352364919032 4 4
131.5853275619472 123.94846395903582 4 9
181.15066485551597 190.06253195972801 2 5
557.77091937860257 256.73081714627608 2 8
529.49033200812187 1 1 6
601.6913421348986 1 1 7
374.6492865814277 684.03584084469958 4 4
794.06731170197816 11.23069374152494 4 9
850.1351023883044 168.76430317238163 2 5
878.68519197982607 263.27366837528825 2 8
722.18563011695392 241.06479161708225 4 4
559.11116962397716 312.77352293314937 4 9
517.00505063388323 1 1 6
1 545.49033200812187 1 7
256.77612122910745 940.68311407943486 2 5
979.48912529307609 64 2 8
493.49033200812187 641.23450900819284 4 4
502.85656016699153 134.36482217511065 4 9
43.798989873223334 1 1 6
210.02438661763952 999 1 7
365.2680643782773 413.53612396103074 2 5
499.94313104015362 433.98844449000245 2 8
852.21976787992492 422.37916238414476 4 4
147.12114466609634 880.42259692861455 4 9
867.61682609921741 204.60530389248865 4 4
137.35251181001775 104.4679136418688 4 9
231.81566377200326 229.1657017135004 2 5
233.35656336984115 690.67315384558412 2 8
222.50966799187808 999 1 6
437.49033200812187 1 1 7
353.3900807502543 574.31975787291265 4 4
384.00339451204229 93.022825422223391 4 9
990.88888888888891 123.15167570995504 2 5
4.8442687685280896 313.63829723596808 2 8
999 109.80909114099002 1 6
516.77965388946711 999 1 7
415.55764371010008 988.76930625847501 4 4
122.47887648942999 238.1931177762207 4 9
985.49194714485498 984.40755322477401 2 5
169.85452946731721 251.88862040951372 2 8
162.27462512732865 510.61974187671757 4 4
665.81178667380664 12.428606220913068 4 9
100 1 1 6
999 532.20101012677674 1 7
93.109873420463757 810.94450411583625 4 4
449.1688773424371 12.428606220913048 4 9
583.77940983593874 862.49308527352423 2 5
372.01035532748716 689.42435101328749 2 8
87.514718625761432 1 1 6
999 324 1 7
903.68330279627776 740.22617170151148 4 4
852.57697969385629 988.76930625847501 4 9
17.818479036285016 446.33879840127133 2 5
511.52609196435293 222.21461977831365 2 8
496.63188109755112 648.59186378546883 4 4
244.0851490777801 360.10317244150207 4 9
567.49033200812187 1 1 6
999 716 1 7
200.34333102684596 449.4356818728578 2 5
871.89070029000845 313.403970924323 2 8
586.70507728955886 725.91660105324286 4 4
375.79899587359893 862.13975150358885 4 9
999 956.20101012677662 1 6
999 703.51471862576136 1 7
254.5888194769411 232.2289319103119 2 5
490.16625645971044 791.20450081464264 2 8
635.8447394155445 988.60039527081176 4 4
183.80168525888072 861.30142537569952 4 9
774.49414751728227 666.10323372547703 4 4
131.99504083399813 280.60923925693299 4 9
12.222222222222252 310.16539987828526 2 5
285.16373775627778 154.1526187318666 2 8
1 474.03448788540612 1 6
1 294.65180361560903 1 7
454.65920935055897 987.57139377908697 4 4
619.86949439226657 201.92227124874125 4 9
168.29337214053047 178.40520507605629 2 5
771.1383572718463 216.89212316622576 2 8
1 87.514718625761432 1 6
1 100 1 7
212.94514312507116 857.5576325057998 4 4
770.06773530753026 441.37654570642388 4 9
623.67266267029572 641.37715281735314 2 5
333.82058835309368 675.79541486935409 2 8
41.021749413847886 557.49033200812187 4 4
987.57139377908697 852.32145466568477 4 9
999 82.828427124746185 1 6
236 1 1 7
714.50153981721041 346.20245923485953 2 5
8.5925889696773226 785.35143632626682 2 8
549.74494146510756 328.9963059795939 4 4
728.2287554170714 480.64240022372331 4 9
900 999 1 6
912.48528137423864 999 1 7
131.5853275619472 132.05153604096415 4 4
868.12723279476347 300.1578205713771 4 9
602.64961954876196 809.74189747997957 2 5
9.814668997448166 932.5791365363383 2 8
91.674837679676614 360.07288449067374 4 4
945.37258300203041 68.000000000000085 4 9
473.69134213489855 1 1 6
731.6913421348986 1 1 7
235.59318053489943 392.87062761649628 2 5
919.0176310921936 743.77773237015549 2 8
86.978250586152114 128 4 4
615.10045494220356 654.38206271094191 4 9
1 43.798989873223334 1 6
347.45584412271575 1 1 7
509.14282931910003 719.99319911426585 2 5
990.18533100255183 127.77411048193594 2 8
248.76692648005806 990.31146246294384 4 4
283.77238144530634 286.19673018565322 4 9
751.97943995427454 753.86463308253906 4 4
988.76930625847501 763.42302030614371 4 9
307.48167560468687 884.11719265709178 2 5
157.59636294327373 237.97300199552598 2 8
852.03448788540618 1 1 6
721.49033200812187 1 1 7
958.97825058615217 616 4 4
317.01933598375615 983.0557280900008 4 9
62.959272667157599 982.05430311045654 2 5
317.16979668780482 748.06205111995644 2 8
859.6913421348986 1 1 6
999 900 1 7
612.79237172756348 356.98502493878556 4 4
989.07179676972453 340 4 9
129.24607718195134 611.5430000861013 2 5
912.76440120958409 485.77464648908017 2 8
697.49033200812187 1 1 6
1 537.49033200812187 1 7
12 436.92178951319806 4 4
194.99532759124691 319.34494484533792 4 9
718.12701665379257 990.29983040736249 2 5
509.14913305448312 866.31565279462598 2 8
945.37258300203041 59.999999999999957 4 4
99.589398685001271 559.08245149871152 4 9
465.49033200812187 1 1 6
1 529.49033200812187 1 7
12 239.19595949289331 4 4
987.11111111111109 239.78620777656056 4 9
629.00345845919526 891.03298202735118 2 5
772.57497941836687 310.28927545595911 2 8
641.28932188134513 1 1 6
999 348 1 7
623.37825160560419 980.14944053669012 4 4
633.59058326598949 574.31975787291265 4 9
152.66150019563108 846.30766876311463 2 5
308.84432850819911 230.97679555489239 2 8
868.28375686801746 801.79432388129771 4 4
744.13852504169427 219.77911421653141 4 9
999 170.23549801218289 1 6
539.46594539048237 999 1 7
841.49033200812187 8.4721359549995796 2 5
714.01778138884845 271.2898047324245 2 8
241.39940629474773 428.38268288483312 4 4
420.120770251404 813.59018362501229 4 9
224.54147280965742 359.44697305856783 2 5
991.40741103032269 715.86110431814495 2 8
550.17662350913713 999 1 6
526.98066401624374 999 1 7
203.16966892645354 870.07243088919518 4 4
429.49033200812187 262.72425278266417 4 9
8 232.26775626261781 4 4
853.94250328767043 881.29016416590412 4 9
563.24958380269447 254.65390841716024 2 5
559.38347832571378 40.38611813367605 2 8
999 268 1 6
999 258 1 7
298.55641262077955 701.15808438240538 4 4
131.73488239181475 260.31136849094833 4 9
142.81376850204046 331.46343605527585 2 5
442.51295377774699 461.25623817593998 2 8
1 675.49033200812187 1 6
372 1 1 7
377.94622424512721 829.22487021380596 4 4
244.53711469056151 983.52112431043361 4 9
990.00751459078151 640.30019763540588 2 5
21.215619694886676 443.23601078190859 2 8
737.72630969598981 480.13168207854881 4 4
86.978250586152114 685.49033200812187 4 9
999 662.20101012677674 1 6
545.49033200812187 1 1 7
891.67854533431523 987.57139377908697 4 4
685.49033200812187 41.021749413847886 4 9
621.49033200812187 634.38077391863771 2 5
570.48038993893874 549.28562051177119 2 8
652 999 1 6
226.10764773832474 999 1 7
313.59058326598944 551.34150728676059 4 4
220.81668696954009 858.98549717186688 4 9
29.999999999999957 316.45079348883235 2 5
794.27425648529322 677.90108062494971 2 8
10.928203230275509 537.49033200812187 4 4
309.47439193657829 837.42211842972438 4 9
1 599.97561338236051 1 6
1 771.00505063388323 1 7
164.41494957362571 179.3838972608232 2 5
354.41988006919979 351.16385177323389 2 8
566.86291501015239 940 4 4
256 41.021749413847886 4 9
1 577.49033200812187 1 6
999 628 1 7
98.76672766995614 812.94450411583625 2 5
549.0331131855321 768.20780863283937 2 8
451.8494364513619 856.50466969557613 4 4
780.42453214199793 563.64884410142656 4 9
637.98686161209764 397.10938237100333 4 4
655.98934383109247 679.52363715313027 4 9
491.26497849720198 151.61565289399218 2 5
837.90038889435652 204.46974326263566 2 8
999 608 1 6
1 801.49033200812187 1 7
127.91328569777717 168.78164710160704 4 4
566.85656016699147 466.91857722833504 4 9
253.70802633738913 943.24958904237758 2 5
863.39123857980007 306.20862579937244 2 8
1 821.49033200812187 1 6
1 665.49033200812187 1 7
373.23572255113618 353.25995244244683 4 4
829.84049878852272 683.83795012748953 4 9
963.46345143011433 363.98534482690286 2 5
304.86216248318135 231.35409351300302 2 8
566.86291501015239 932 4 4
964.10860622091309 869.91854533431524 4 9
20.485281374238571 999 1 6
928.40202025355336 1 1 7
746.08145466568476 964.10860622091309 4 4
988.76930625847501 596.57697969385629 4 9
346.19543021552909 666.80988026702846 2 5
567.50580902071488 756.82923243271989 2 8
148 1 1 6
164 1 1 7
241.82113176469244 975.55555555555554 4 4
689.29993250104258 502.31992257013968 4 9
441.7212004604134 793.35642943882453 2 5
265.64434260882661 850.17779493313105 2 8
190.48979835171576 865.69108860394931 4 4
487.10045494220356 654.38206271094191 4 9
999 496 1 6
999 500 1 7
824.42695251023008 870.54886742720066 2 5
97.125154296685579 342.50221601655215 2 8
554.29212778905821 975.55555555555554 4 4
377.59058326598944 218.78775223353614 4 9
999 315.79898987322332 1 6
999 652 1 7
497.47567683502473 202.31470311452236 2 5
630.72176862065874 581.4268616787673 2 8
431.1111696239771 534.47602630196559 4 4
819.88020907404018 100.12580428890124 4 9
812.18963026250799 250.77642320189153 4 4
693.87293461674255 269.26638718826223 4 9
163.13716098426843 155.12578249216156 2 5
155.39412539293713 214.64308695089039 2 8
660.20101012677674 999 1 6
376 1 1 7
757.77405808058234 504.10922866016614 4 4
11.230693741524936 108.5769796938563 4 9
378.33436729337325 575.93829160935059 2 5
435.94313104015362 469.97031730085462 2 8
785.49033200812187 1 1 6
166.54415587728428 1 1 7
757.78217047961652 350.74018409095152 4 4
403.66794106455484 19.629337994896318 4 9
223.82499676935456 864.94227556180749 2 5
990.07472026834512 177.17945781092408 2 8
313.59058326598949 329.63900391794431 4 4
767.46524633762692 797.13344171713538 4 9
1 164.54415587728428 1 6
174.20101012677665 1 1 7
161.23036824694188 181.80431907813866 2 5
429.78563937166149 328.68298710077443 2 8
683.51559562945067 543.65711731262502 4 4
881.94844464921493 725.93606425923167 4 9
1 118 1 6
1 138 1 7
129.82314125385193 476.42240666625753 4 4
11.23069374152494 576.91335231426558 4 9
159.20333524677457 592.30022365388788 2 5
371.94313104015356 359.11906561644645 2 8
11.23069374152494 832.91335231426558 4 4
816.03615990040748 93.109873420463757 4 9
705.45584412271569 999 1 6
697.79898987322326 999 1 7
489.84454045707525 132.55468267333796 2 5
638.86924405503692 391.1746202675663 2 8
756.12176872372095 494.74256916032238 4 4
715.72028550470941 236.35317628421387 4 9
398.98066401624379 999 1 6
302.20101012677668 1 1 7
132.13277977702768 151.29280884230354 2 5
655.45019577189044 742.87574612304684 2 8
12.428606220913048 793.81178667380664 4 4
305.22061001845606 254.21344794810869 4 9
218.442365399892 646.67102672041392 4 4
807.10045494220356 100.12580428890121 4 9
619.98913078270425 642.9365093619241 2 5
448.45394418892505 737.79766455698871 2 8
999 829.51471862576136 1 6
292 1 1 7
895.64813577192456 129.53086419753086 4 4
128 86.978250586152114 4 9
938.26998640992872 15.503749155211818 2 5
667.04191048132145 341.90046153505443 2 8
825.49033200812187 1 1 6
1 857.97561338236051 1 7
293.51175848622677 936 4 4
162.02515593373937 738.20223285476857 4 9
787.73993285971176 431.72082525362015 2 5
165.50658856258465 175.53573869888936 2 8
908.92898043566697 358.37916238414471 4 4
234.1812352021488 602.73811712082602 4 9
657.49033200812187 1 1 6
675.49033200812187 1 1 7
184.69184546112382 867.23502586902077 2 5
134.72708605385719 411.05314430398141 2 8
221.50098817702943 125.26737873108959 4 4
557.49033200812187 530.38325732378462 4 9
1 23.313708498984759 1 6
999 180.66190488337574 1 7
434.98066401624379 958.97825058615217 4 4
116.32048883843797 243.29941404064846 4 9
991.52786404500046 460 2 5
575.52609196435287 238.33913527491077 2 8
812.13506902043957 293.25687937170659 4 4
724.34351490193785 884.44757342140315 4 9
388.77965388946711 999 1 6
829.51471862576136 999 1 7
205.18530598630699 351.39835725588728 2 5
754.28891982963978 760.31753842688443 2 8
369.64815257949903 217.82973616357975 4 4
864.45491688840559 193.06457349630074 4 9
116 1 1 6
1 415.12279963997474 1 7
310.07003187611394 171.95723338020494 2 5
345.15420677242241 809.59986508617544 2 8
501.23572255113623 574.96245581126311 4 4
907.89139377908691 869.91854533431524 4 9
828.17682095421321 166.21860161469479 2 5
80.124515496597098 128 2 8
228 1 1 6
1 643.00505063388323 1 7
325.70275069699352 718.37880870934907 4 4
612.12410384925226 577.76982891274326 4 9
801.63214398070215 423.80414814536942 4 4
458.73990441008436 804.32332443709561 4 9
131.2168819923142 719.21254852686002 2 5
482.51443073371303 721.99007930627317 2 8
999 270.54415587728425 1 6
999 278.20101012677668 1 7
700.5275732625114 698.48934925266667 4 4
300.17161721752313 931.56758737489668 4 9
890.61009672000955 348.92954806107798 2 5
150.64856367373307 991.40741103032269 2 8
884 999 1 6
981.17157287525379 1 1 7
35.891393779086954 130.08145466568479 4 4
752.51901332616728 360.80841560541626 4 9
178.67772639971503 543.97510469079157 2 5
507.64698496732683 221.23864390482953 2 8
313.59058326598944 463.46850618850459 4 4
294.3758281370591 872.46030786243568 4 9
1 515.00505063388323 1 6
248 1 1 7
687.11116962397716 91.071019564333028 4 4
276.99634304889878 303.41238899216609 4 9
762.59446386557784 816.31863395876621 2 5
296.52246467871316 237.6876260921708 2 8
268 1 1 6
364 1 1 7
875.1415490894293 905.66439463657184 4 4
299.20738279533418 799.1792935063495 4 9
522.27582353788011 833.54255998715155 2 5
900 991.52786404500046 2 8
100.12580428890121 691.88020907404018 4 4
434.98066401624379 913.02174941384783 4 9
140 1 1 6
120 1 1 7
795.16544159537659 691.46923001933862 2 5
343.70535125109575 686.51698002986291 2 8
988.76930625847501 468.57697969385629 4 4
100.12580428890124 679.10045494220356 4 9
999 914.48528137423864 1 6
999 862 1 7
154.07791239336379 717.8802073222023 2 5
527.45562226707011 691.34635610417513 2 8
118.68820176086533 311.87880485083696 4 4
417.3900807502543 551.34150728676059 4 9
300.17161721752313 940.43241262510332 4 4
35.891393779086954 687.57178667380663 4 9
370.56486910517157 362.87411475574936 2 5
554.68332452713673 316.82249660537627 2 8
209.79898987322335 1 1 6
954.20101012677662 999 1 7
59.999999999999915 945.37258300203041 4 4
477.41286408731168 785.48788685986722 4 9
511.52609196435287 127.48788359050263 2 5
762.68051924646079 519.85379563054857 2 8
895.28932188134513 1 1 6
999 786.48528137423864 1 7
958.39205740369573 170.79613308285315 4 4
895.51357049070259 625.3662281588696 4 9
696.25503642801868 109.73503911985358 2 5
230.76845242544235 158.34384414535492 2 8
428.07560760260702 686.24154032081958 4 4
751.02880716178129 600.12594473106549 4 9
479.46594539048237 999 1 6
1 705.49033200812187 1 7
869.38289289424654 872.06688413493339 2 5
550.68882833618784 888.19234631690858 2 8
174.32393516114391 401.51302032914606 4 4
249.61012293408172 100.12580428890121 4 9
1 567.49033200812187 1 6
999 217.6324676318529 1 7
162.02036006390571 864.26096405940064 4 4
810.30268831761703 867.26916218970075 4 9
994.38465312923756 54.288489846928151 2 5
586.3987502461531 677.58840278725859 2 8
820.06366414809895 292.19039950707929 4 4
205.11098563438213 724.70293658956234 4 9
1 148 1 6
1 695.49033200812187 1 7
701.00087141739846 704.47065252675168 2 5
991.40741103032269 331.86110431814501 2 8
114.74013996795473 251.14176684115179 4 4
895.51357049070259 606.6337718411304 4 9
999 724 1 6
593.49033200812187 1 1 7
318.67203530260031 460.27807593544736 2 5
563.94313104015362 248.26781393203825 2 8
251.59019654332826 860.07553224774063 4 4
877.42372973111219 247.61449931499541 4 9
465.25276147899581 766.01444997554995 4 4
103.97190276466385 363.40328307560333 4 9
749.79324064045647 261.95453019618844 2 5
813.49033200812187 47.875484503402902 2 8
1 729.6913421348986 1 6
577.49033200812187 1 1 7
124.85845091057075 94.33560536342813 4 4
152.7560091629899 259.25221655358081 4 9
780.6729952531291 152.66150019563108 2 5
435.29859579820157 870.00280801397003 2 8
776.94617613083756 1 1 6
999 441.79898987322332 1 7
243.00752817890805 439.62919581357903 4 4
874.08145466568476 964.10860622091309 4 9
479.33367904891696 442.94114727364581 2 5
640.89474343293068 350.05268568606073 2 8
129.91716442341252 296.4190466370556 4 4
950.96720786564879 173.77465777426738 4 9
999 524 1 6
999 508 1 7
206.45180956651637 865.0497271532729 2 5
317.1173052416105 742.77112166860718 2 8
53.152080402517626 373.85010455293394 4 4
645.99517457937861 378.4295261278171 4 9
1 211.51471862576145 1 6
537.49033200812187 1 1 7
308.64303145405711 701.12097804868381 4 4
962.42744259742256 155.52985130875879 4 9
363.95381998790117 219.72039116549473 2 5
551.03753297609023 323.13719280559428 2 8
883.12119040887433 852.60419589257663 4 4
548.12410384925226 466.9185772283351 4 9
603.6913421348986 1 1 6
801.49033200812187 1 1 7
212.59236306346295 377.02481428462301 2 5
724.27924469652487 859.52884478033582 2 8
176.84131344977067 865.24518301010687 4 4
109.77777777777779 443.20718312374515 4 9
805.49033200812187 1 1 6
1 547.49033200812187 1 7
260.6780041644418 236.27170375182885 2 5
440.25503642801874 239.9674642489627 2 8
569.59058326598949 107.936500549128 4 4
546.17662350913713 988 4 9
429.49033200812187 484.42675615148045 4 4
280.48481626598414 293.4900089539239 4 9
8.4721359549995796 713.49033200812187 2 5
334.98568170941144 160.50402955692911 2 8
515.00505063388323 1 1 6
208.02438661763952 999 1 7
739.28170620874948 136.60876142019998 2 5
870.15433440604193 684.5109114919992 2 8
45.798989873223334 1 1 6
439.49033200812187 1 1 7
173.6276987949289 741.26507453436284 8 3
228.98995959197552 640.94841745897327 8 10
821.84091442977149 683.91949819443471 4 4
438.85656016699153 326.18893287811375 4 9
645.42921181925453 757.62540440209352 2 5
33.070375206857214 322.05466045786955 2 8
367.5250577518504 121.71207333995844 4 4
686.17983160933238 728.1843010240583 4 9
524.43650813895954 999 1 6
999 107.80909114099002 1 7
141.22945439553467 478.55691194628304 2 5
505.9958977413479 868.77677186122901 2 8
868.44255092636945 431.74539054301437 4 4
130.19782015508295 176.44851753962686 4 9
422.98066401624379 999 1 6
108 1 1 7
365.49033200812187 595.2780078358885 4 4
868.52212283161521 816.41047518564665 4 9
267.41886055356008 846.59295378409547 2 5
806.35902885286748 249.36076533294937 2 8
999 534.20101012677674 1 6
457.49033200812187 1 1 7
214.10138344784122 128.30807763952743 4 4
527.98934383109247 679.52363715313027 4 9
741.83027514595199 583.87878313332772 2 5
80.982368907806276 685.26806437827736 2 8
177.22061001845606 475.91595131692503 4 4
277.11426164039779 734.65843080855404 4 9
85.514718625761432 1 1 6
569.49033200812187 1 1 7
181.60717906858741 448.72646510272784 2 5
543.01301519551487 463.77584389990324 2 8
162.63748428874538 583.0043642976683 4 4
443.90619127817774 718.43785070000354 4 9
549.49033200812187 1 1 6
999 701.51471862576136 1 7
128 41.021749413847886 4 4
650.99052566744251 363.46792911978002 4 9
201.48904376564812 859.85295334537705 2 5
682.68332452713673 95.119993236559878 2 8
702.55825734998621 684.07939967589255 4 4
940.43241262510332 182.33805077435491 4 9
482.41988006919985 572.86635514205022 2 5
370.70802702230213 144.84057657447315 2 8
999 954.20101012677662 1 6
1 476.03448788540612 1 7
964.10860622091309 490.08145466568482 4 4
256 86.978250586152114 4 9
891.1062100659185 344.37920653911726 2 5
881.76475663121937 845.61034933005999 2 8
426.98066401624379 999 1 6
1 85.514718625761432 1 7
136.91692498236253 983.96952997272774 4 4
67.999999999999886 945.37258300203041 4 9
311.92028819723572 684.65424906105784 2 5
254.66610908724607 937.2849014961497 2 8
766.26186732273356 448.41326148029879 4 4
226.34743703108418 575.15118542759058 4 9
999 852 1 6
244 1 1 7
41.021749413847886 813.49033200812187 4 4
689.18677569818033 262.78256774367719 4 9
552.79884047804921 894.16036189249314 2 5
571.48347402278534 828.48729149342171 2 8
914.48528137423864 999 1 6
1 930.05887450304567 1 7
19.313708498984759 12.000000000000002 4 4
659.91745987328727 364.97770655356976 4 9
638.67203530260031 571.12932761985542 2 5
772.84249558206284 804.14906496295589 2 8
132.38410277059214 378.55880287488549 4 4
23.399604729188223 362.37688980422371 4 9
724.03448788540618 1 1 6
475.69134213489855 1 1 7
322.9600472127965 982.21433038786824 2 5
221.73103334529242 651.68945905979001 2 8
758.94148734084911 579.23510200076521 4 4
301.49033200812187 484.4267561514805 4 9
339.79898987322332 1 1 6
1 45.798989873223334 1 7
956.82272678530842 128.11025635967641 2 5
622.9264590742348 974.16647442374926 2 8
705.49033200812187 10.928203230275509 4 4
655.36926279492934 853.77324965164212 4 9
466.32748769610794 758.08696843610426 4 4
932.44859946563338 181.82939820660874 4 9
18.754523160896237 440.08275788206367 2 5
729.98658196426356 879.17563690490783 2 8
999 764 1 6
999 736 1 7
272.44381102878123 728.1632871546808 4 4
168.99752299620036 758.30964393097167 4 9
130.4887616000301 163.16798754495196 2 5
269.20984308146035 172.8429427305536 2 8
695.49033200812187 1 1 6
467.49033200812187 1 1 7
300.35934840151174 202.21638529554596 4 4
269.15407692910594 735.45558785839796 4 9
608.50027407730522 132.97063791026966 2 5
618.62572041668795 760.93061498302939 2 8
852.21976787992492 553.62083761585529 4 4
131.5661218074741 184.3306334096242 4 9
639.28932188134513 1 1 6
541.46594539048237 999 1 7
584.71979377497928 697.70705653130335 4 4
160.1114798756625 787.16660144052332 4 9
140.45820071043369 125.52297855353982 2 5
511.52609196435299 349.19038695931886 2 8
999 654.54415587728431 1 6
1 769.00505063388323 1 7
189.30117825425955 726.78081300014787 4 4
312.93941879376081 707.86938940449443 4 9
121.77147804902069 380.80340270721723 2 5
617.51038660025256 353.27822906349309 2 8
411.86521782972159 64.899012870482238 4 4
749.93698424292847 197.56677544437412 4 9
1 601.97561338236051 1 6
999 626 1 7
776.05464923970612 567.76030654443366 2 5
934.05887450304567 30.000000000000078 2 8
892.70619738922244 367.74539054301442 4 4
736.3099074574252 672.13637917262326 4 9
999 606 1 6
1 823.49033200812187 1 7
862.58343775236983 430.45279903203175 2 5
126.26182404233144 471.59363666563343 2 8
762.73954078510394 586.27603873067437 4 4
813.86893967839717 686.20827344459326 4 9
749.22891106403324 741.45453672242286 4 4
861.51373034525147 812.5526993034731 4 9
257.24705079282063 858.07553224774063 2 5
256.77612122910745 931.31688592056514 2 8
999 498 1 6
999 313.79898987322332 1 7
183.96227947590921 732.73867837581133 4 4
705.57574661350429 864.78980135508118 4 9
814.05385578586379 101.55884558675571 2 5
857.20656628380937 886.32463462040448 2 8
374 1 1 6
1 172.20101012677665 1 7
132.14474728317489 211.99820103937301 4 4
262.38987706591831 100.12580428890124 4 9
447.52609196435287 460.04163864372708 2 5
318.48079147350217 867.9040692641023 2 8
1 136 1 6
1 116 1 7
108.73863765252044 245.85196817221961 4 4
588.46682465501988 718.1129963592382 4 9
619.26497849720204 595.02065963162477 2 5
991.52786404500046 976.68629150101526 2 8
294.54415587728425 1 1 6
396.98066401624379 999 1 7
227.73976892112103 629.01371916842118 4 4
833.1688773424371 12.428606220913048 4 9
662.24180308211965 337.61895168055202 2 5
8.428805509587324 311.43425355160696 2 8
132.97800814517828 97.769875295732973 4 4
485.7449414651075 218.14505429518573 4 9
999 827.51471862576136 1 6
1 859.97561338236051 1 7
477.86953854723907 573.36246848795918 2 5
728.04444828838348 239.77086363062932 2 8
823.49033200812187 1 1 6
677.49033200812187 1 1 7
173.1015218727689 422.97322630281076 2 5
872.51211640949737 570.035759956231 2 8
673.39008075025424 107.936500549128 4 4
220.93308449130163 722.7208247016714 4 9
159.16980738155647 871.73587873484348 4 4
299.75603097787263 866.53971520699133 4 9
245.73893419282075 858.74785423499316 2 5
295.15198478067049 695.55098953473805 2 8
827.51471862576136 999 1 6
1 641.00505063388323 1 7
10.928203230275509 705.49033200812187 4 4
545.39008075025436 551.34150728676059 4 9
848.12485796092051 879.82217136886959 2 5
634.79915446527195 423.89041902967227 2 8
264 1 1 6
1 513.00505063388323 1 7
588.46167548648612 710.11299801635937 4 4
766.93814413751682 579.46635959806417 4 9
994 9.6568542494923797 2 5
435.20293164608836 952.98236890780629 2 8
100.12580428890121 819.88020907404018 4 4
604.88375835165687 737.77106038051272 4 9
118 1 1 6
999 864 1 7
299.26497849720204 530.64060552804858 2 5
395.82508898490721 118.08285015514281 2 8
999 916.48528137423864 1 6
952.20101012677662 999 1 7
649.58783068957166 874.94200250543736 4 4
129.82314125385193 894.55825734998632 4 9
751.88161605405924 351.82805240606911 2 5
465.09645509472375 708.51304725807995 2 8
999 788.48528137423864 1 6
481.46594539048237 999 1 7
706.94553765646458 872.67165852827497 4 4
761.65592211579883 454.95430640834468 4 9
871.29751687728447 538.97737823037482 2 5
135.53791720469968 978.13015179100796 2 8
31.066051800959457 360.09093501557845 4 4
697.57962102928661 865.03875042902791 4 9
999 732 1 6
595.49033200812187 1 1 7
256.7149039644795 854.11108780329619 2 5
914.92667971501385 358.54530495701812 2 8
130.77298994336417 643.86607382921295 2 5
606.25870171814654 794.70986781993315 2 8
1 731.6913421348986 1 6
769.28932188134513 1 1 7
991.52786404500046 844 2 5
318.67203530260036 332.82943417100159 2 8
663.77367381675344 862.33863787263022 8 3
306.56116570156962 856.65588288383174 8 10
999 526 1 6
1 209.51471862576145 1 7
769.35832298073353 989.50533428676715 2 5
557.26806437827736 268.72013446100999 2 8
1 549.49033200812187 1 6
803.49033200812187 1 1 7
11.230693741524936 666.06731170197816 4 4
752.70453831049144 607.94847150425346 4 9
157.14596793044745 319.21012568215946 2 5
606.59670689677353 758.18781359240063 2 8
650.04671062034276 371.41205985617074 4 4
86.226694574553534 365.93101872489029 4 9
206.02438661763952 999 1 6
513.00505063388323 1 1 7
597.17164173557342 735.64426530342359 4 4
79.619326719529582 370.44130585858767 4 9
969.35939686561608 145.57208451506671 2 5
256 80.124515496597098 2 8
449.49033200812187 1 1 6
47.798989873223334 1 1 7
611.76346396433973 762.63038318206907 4 4
167.06854972278575 870.46707243486242 4 9
759.23841702170228 356.56078079650177 2 5
838.95734977666041 208.32757084992872 2 8
300.03426313370426 846.58614888190334 4 4
678.29799131410209 729.55418918025384 4 9
83.514718625761432 1 1 6
547.49033200812187 1 1 7
657.35143632626682 8.5925889696773385 2 5
989.50533428676715 385.35832298073359 2 8
710.17062983170604 681.61936203399443 4 4
60.000000000000021 259.88225099390854 4 9
999 699.51471862576136 1 6
999 952.20101012677662 1 7
575.52609196435299 554.76837483153804 2 5
856.26874155215171 549.19299251901487 2 8
858.82838861306686 429.07453709704976 2 5
913.88548366179896 870.18479048069105 2 8
424.98066401624379 999 1 6
1 83.514718625761432 1 7
963.46345143011422 612.01465517309714 2 5
661.26479342406344 852.65847675955081 2 8
246 1 1 6
916.48528137423864 999 1 7
760.2155392243468 591.71932965816438 2 5
205.24999975708701 861.21501429498983 2 8
1 47.798989873223334 1 6
337.79898987322332 1 1 7
744.03825334184194 140.26598159003805 4 4
596.92972866337198 716.13108649298613 4 9
36.536548569885781 561.47567683502473 2 5
33.658870981551658 682.00259984281547 2 8
1 767.00505063388323 1 6
1 603.97561338236051 1 7
575.52609196435299 333.06587146272182 2 5
301.49033200812187 491.28049124103552 2 8
1 174.20101012677665 1 6
999 825.51471862576136 1 7
966.30423156069537 163.53091594357031 2 5
92.225562719371794 366.04755619133249 2 8
64.360851296139998 266.73705554532648 4 4
264.1662961436121 339.71260493480418 4 9
821.49033200812187 1 1 6
1 639.00505063388323 1 7
591.1363727516831 748.22513595791077 2 5
233.2269489832504 596.81449172649013 2 8
688.23345263641534 494.3913274424803 4 4
456.13348711269856 863.26091938982961 4 9
753.44996902595074 615.91366660848348 4 4
68.941103972930662 260.17799422401288 4 9
407.01539236071778 692.48244781099868 2 5
382.86357193939091 825.78689237011361 2 8
825.51471862576136 999 1 6
266 1 1 7
365.49033200812187 602.13174292544363 2 5
286.50733871513688 299.96156135262243 2 8
1 511.00505063388323 1 6
999 918.48528137423864 1 7
173.97347352495552 407.50277630427229 2 5
872.51211640949737 405.964240043769 2 8
999 790.48528137423864 1 6
999 734 1 7
952.12451549659704 616 2 5
128.22226762984457 47.017631092193689 2 8
767.28932188134513 1 1 6
204.02438661763952 999 1 7
409.32479531404721 17.629337994896321 2 5
650.66306569490177 707.273297420228 2 8
139.9828525973038 991.35871719866407 4 4
648.46682016947318 843.10223772747645 4 9
511.00505063388323 1 1 6
81.514718625761432 1 1 7
47.017631092193689 813.26806437827736 2 5
779.75698780442974 541.9412200952388 2 8
252.64246558650535 718.17020778724634 4 4
728.34368449383624 672.87074399639141 4 9
999 697.51471862576136 1 6
1 81.514718625761432 1 7
168.01585442910758 864.0284832713071 2 5
91.463451430114219 681.50498718121901 2 8
403.93468167891672 63.847064031052781 4 4
189.12660356074502 566.15464872768371 4 9
756.31364979339651 460.90914699674784 4 4
640.79816664488362 423.78154814802321 4 9
302.79554927305458 945.82824254903107 2 5
159.5283027380591 588.13593229243088 2 8
918.48528137423864 999 1 6
784.48528137423864 997 1 7
701.71685058446553 869.38424598278857 2 5
271.26297531403736 251.87663698839813 2 8
163.99494936611663 997.26794919243116 1 6
841.67366273615698 679.68672373186371 1 7
885.52041774755628 176.39340961007142 2 5
690.77842464843638 274.40681596960462 2 8
307.06416146621706 233.39154301635514 1 6
755 997.26794919243116 1 7
130.81972536358126 747.67867767999167 2 5
263.12065839395967 168.80017088903665 2 8
601.10813140332982 934.88732324454008 1 6
913.75530854341196 8.4271566893013361 1 7
184.97863435675217 383.42803787988788 4 4
127.36310361195375 902.17062983170604 4 9
531.75806330897308 687.34101611070651 2 5
211.47921862338708 612.15636617745781 2 8
640.5214482233481 408.35955113212975 4 4
197.04009252459588 728.80793063767783 4 9
564.18638977824139 747.26582700368431 1 6
376.3513155950273 679.33444772809412 1 7
744.9456291761777 146.19697384220493 2 5
555.71674866179251 484.26162514590493 2 8
891.89656573055743 151.66954357902046 4 4
86.978250586152114 557.49033200812187 4 9
417.73932108521831 330.58356723928267 1 6
732.85575507653596 997.19232656461872 1 7
963.46345143011433 619.98534482690286 2 5
243.27439992387863 653.75792736164306 2 8
619.86949439226657 147.78023212007511 4 4
859.77184601546435 891.74859441914566 4 9
411.51997521400494 111.34482463413129 2 5
307.97860865091377 982.05430311045654 2 8
997.26794919243116 883 1 6
997.19232656461872 396.8557550765359 1 7
302.79554927305458 926.17175745096893 2 5
755.9768489963069 596.73229153667671 2 8
435.02558485894622 537.5868707802772 1 6
176.0151066033296 253.94812863540952 1 7
723.03333638195602 233.10983127222343 4 4
772.27058516571287 572.41657748628336 4 9
994 233.77460325558383 2 5
160.41291413981864 732.42290102505547 2 8
607.49033200812187 995.76393202250017 1 6
654.54415587728431 997 1 7
120.75027957382039 230.382102944373 4 4
247.48325713760863 724.28433635809211 4 9
990.18533100255183 982.16602946772264 2 5
196.4391929899962 327.3763807459602 2 8
753.25478192801449 623.91128512881812 4 4
292.12410384925221 547.89143624693008 4 9
438.73805024736436 468.88016748309354 1 6
164.85575507653593 2.807673435381234 1 7
673.39008075025424 551.34150728676059 4 4
706.59589002146106 729.43979845962417 4 9
192.03744218045128 732.12055641404163 2 5
898.56531056322206 366.45279903203175 2 8
788.46068762264201 8.8928348060658919 1 6
406.94249570701118 24.134530459215579 1 7
47.875484503402902 557.49033200812187 2 5
751.03491483448431 289.92223235346705 2 8
750.30899184095767 466.19536330656837 4 4
690.71694322743303 301.14479182358428 4 9
391.58049208824417 31.544856525147971 1 6
2.7320508075688772 165.54415587728428 1 7
958.11451633820104 489.81520951930901 2 5
518.64371919746702 829.17502689362573 2 8
259.3255077976151 722.56758732562207 4 4
139.81183699776474 375.58747922195096 4 9
585.49033200812187 8.4721359549995796 2 5
297.33241259380299 195.3010317308682 2 8
427.43276996268878 330.54417101009682 1 6
881.62120391047529 730.92534411697761 1 7
711.3633153543293 9.7001695926375433 2 5
688.23513170850993 271.31947714438309 2 8
705.45584412271569 997 1 6
487.50298341735783 130.67928654724892 1 7
15.773854244884291 244.21942235444112 2 5
17.945696889543477 372.02139134908617 2 8
742.52423540472432 492.2863628457186 1 6
997.26794919243116 477 1 7
768.86814126331114 803.69683963303783 2 5
558.53105934096425 982.05430311045654 2 8
135.93270924051916 150.12314630111103 1 6
447.08265860201834 740.46591788812907 1 7
264.48362631748938 728.96044420452461 4 4
757.8893184313813 468.75244147950639 4 9
204.76400038341015 450.09019871745869 2 5
303.71568551904176 530.64060552804858 2 8
402.27350711575048 86.888441693632657 1 6
875.52066466170015 132.9579192504724 1 7
687.41663736887415 254.98086214200771 4 4
743.72505771111128 470.73978971414101 4 9
552.76980688758408 256.6862345181317 2 5
182.1061980081416 546.03558580699064 2 8
681.44165215310204 352.99774050613109 1 6
3 987.51471862576136 1 7
830.1946405221812 169.6723538048679 2 5
47.875484503402902 685.49033200812187 2 8
688.84574176151295 247.10954327952092 4 4
763.77349217916003 571.87787408594136 4 9
2.9999999999999996 853.97561338236051 1 6
295.01933598375615 995.76393202250017 1 7
574.67203530260042 111.12693080218527 2 5
318.64049389128456 709.73961472043754 2 8
305.09464444560928 778.21183818815257 2 5
568.2550364280188 553.14004585748614 2 8
161.46960198084855 178.81387308789556 1 6
786.4571293141064 434.43272773405386 1 7
97.50986769014203 361.47017643474555 2 5
298.93359256740968 214.2652993460074 2 8
538.00420370296013 744.6317652052436 1 6
2.4221343842640448 343.32881660986214 1 7
741.77464648908017 912.76440120958409 2 5
173.20592241060976 411.42844379998132 2 8
997 146.09336238845194 1 6
8.8928348060658919 26.284064113504925 1 7
765.65410308033506 791.41332282837391 2 5
413.00997287864317 814.02648977524245 2 8
997.26794919243116 181.66190488337574 1 6
997.19232656461872 451.1442449234641 1 7
755.33802913358966 635.72907176932165 8 3
162.4506844604328 792.69182740066196 2 5
659.8794620967733 358.97782687402787 2 8
364.51592346878238 171.7556771901931 1 6
208.18519416417342 351.37245512668613 1 7
683.15733632674369 537.66782267368603 2 5
172.84294273055357 698.70017508958222 2 8
629.23572255113629 218.14505429518576 4 4
119.99432014743246 921.86817417555665 4 9
219.14424492346407 2.8076734353812349 1 6
230.97035561452017 8.8928348060658919 1 7
869.42703795728801 210.32571760382984 2 5
990.07472026834512 632.94395979874116 2 8
952.12451549659704 744 2 5
270.82761725725516 869.96930329891302 2 8
454.27792344793295 802.06706073499913 1 6
480.23114045467861 806.32116710316643 1 7
693.198911986609 497.75944463782469 2 5
483.28170620874943 358.31126478901626 2 8
789.57175886547373 418.97918764606385 1 6
483.84594439930027 724.67840059628941 1 7
551.26705103565246 552.55031672771827 2 5
297.4109223878811 207.44197464433199 2 8
129.88718685176212 721.90176975859094 1 6
997.19232656461872 259.1442449234641 1 7
25.833525576250686 249.0735409257652 2 5
460.33898699697733 989.50533428676704 2 8
997 270.54415587728425 1 6
34.970562748477143 4.2360679774997898 1 7
687.11075719157054 308.28589974005985 4 4
686.24319255547948 486.64285244347354 4 9
157.9978023339782 312.87728216076164 2 5
947.29638396462883 178.52071423070575 2 8
986.82842712474621 3 1 6
883 997.26794919243116 1 7
487.03753297609012 212.28594112118614 2 5
277.67039191558831 740.63260180686143 2 8
11.65685424949238 995.76393202250017 1 6
511.2372920578274 800.71896726600471 1 7
246.05698055992258 295.65769293158712 2 5
969.40458525461042 149.57182925810972 2 8
681.31442746899233 249.80756200207918 4 4
495.1111696239771 369.48273548889142 4 9
510.13212556521745 219.55814510723522 1 6
162.23047087802269 534.72652092256396 1 7
361.50498718121901 590.79280699192645 2 5
153.21685605424139 117.40288143614131 2 8
833.9348749365646 171.09032648636162 2 5
624.297339489107 143.73125844784826 2 8
50 995.76393202250017 1 6
2.7320508075688772 723.03448788540618 1 7
878.23151901913002 718.85196489089856 4 4
122.1143228100533 914.15418761149783 4 9
